statistics run
pnml2lts-sym spec/PNML/cs_repetitions-7-unfolded.pnml -rsc,tg,vcm,mm,hf --graph-metrics --saturation=sat-like --order=chain --next-union --vset=lddmc --lddmc-cachesize=24 --lddmc-maxcachesize=24 --lddmc-tablesize=24 --lddmc-maxtablesize=24 --lace-workers=1 --peak-nodes
ctit023
pnml2lts-sym: Exploration order is chain
pnml2lts-sym: Saturation strategy is sat-like
pnml2lts-sym: Guided search strategy is unguided
pnml2lts-sym: Attractor strategy is default
pnml2lts-sym: opening spec/PNML/cs_repetitions-7-unfolded.pnml
pnml2lts-sym: Petri net has 498 places, 833 transitions and 3087 arcs
pnml2lts-sym: There are 0 safe places
pnml2lts-sym: Petri net spec/PNML/cs_repetitions-7-unfolded.pnml analyzed
pnml2lts-sym: Loading Petri net took 0.070 real 0.050 user 0.010 sys
pnml2lts-sym: Initializing regrouping layer
pnml2lts-sym: Regroup specification: sc,tg,vcm,mm,hf
pnml2lts-sym: Regroup Select Combined matrix
pnml2lts-sym: Regroup Total graph
pnml2lts-sym: Regroup ViennaCL's Cuthill McKee
pnml2lts-sym: bandwidth: 2119
pnml2lts-sym: profile: 7759233
pnml2lts-sym: span: 10420180
pnml2lts-sym: average wavefront: 1396.7311
pnml2lts-sym: RMS wavefront: 1517.0231
pnml2lts-sym: Regroup Matrix Metrics
pnml2lts-sym: Reqroup Horizontal Flip
pnml2lts-sym: Regrouping: 833->833 groups
pnml2lts-sym: Regrouping took 0.790 real 0.790 user 0.000 sys
pnml2lts-sym: state vector length is 498; there are 833 groups and 498 guards
pnml2lts-sym: Creating a multi-core ListDD domain.
pnml2lts-sym: Using GBgetTransitionsShortR2W as next-state function
pnml2lts-sym: got initial state
pnml2lts-sym: vrel_add_act not supported; falling back to vrel_add_cpy
MDD Unique table full, 14971277 of 16777216 buckets filled!
Event Span: 217122
Normalized Event Span: 0.523395
Weighted Event Span, moment 1 (WES^1): 424981
Normalized Weighted Event Span, moment 1: 1.02446
Exit [1]
77.42 user, 0.93 system, 78.78 elapsed -- Max VSize = 3675092KB, Max RSS = 977744KB
