statistics run
pnml2lts-sym spec/PNML/BridgeAndVehicles-V80-P20-N10-unfolded.pnml -rsc,bn,mm --graph-metrics --saturation=sat-like --order=chain --next-union --vset=lddmc --lddmc-cachesize=24 --lddmc-maxcachesize=24 --lddmc-tablesize=24 --lddmc-maxtablesize=24 --lace-workers=1 --peak-nodes
ctit031
pnml2lts-sym: Exploration order is chain
pnml2lts-sym: Saturation strategy is sat-like
pnml2lts-sym: Guided search strategy is unguided
pnml2lts-sym: Attractor strategy is default
pnml2lts-sym: opening spec/PNML/BridgeAndVehicles-V80-P20-N10-unfolded.pnml
pnml2lts-sym: Petri net has 188 places, 2108 transitions and 15950 arcs
pnml2lts-sym: There are 0 safe places
pnml2lts-sym: Petri net spec/PNML/BridgeAndVehicles-V80-P20-N10-unfolded.pnml analyzed
pnml2lts-sym: Loading Petri net took 0.270 real 0.170 user 0.030 sys
pnml2lts-sym: Initializing regrouping layer
pnml2lts-sym: Regroup specification: sc,bn,mm
pnml2lts-sym: Regroup Select Combined matrix
pnml2lts-sym: Regroup Boost's None
pnml2lts-sym: bandwidth: 2198
pnml2lts-sym: profile: 2994927
pnml2lts-sym: span: 563790
pnml2lts-sym: average wavefront: 173.7073
pnml2lts-sym: RMS wavefront: 178.3353
pnml2lts-sym: Regroup Matrix Metrics
pnml2lts-sym: Regrouping: 2108->2108 groups
pnml2lts-sym: Regrouping took 0.170 real 0.170 user 0.010 sys
pnml2lts-sym: state vector length is 188; there are 2108 groups and 187 guards
pnml2lts-sym: Creating a multi-core ListDD domain.
pnml2lts-sym: Using GBgetTransitionsShortR2W as next-state function
pnml2lts-sym: got initial state
pnml2lts-sym: vrel_add_act not supported; falling back to vrel_add_cpy
Killed [24]
1788.70 user, 9.27 system, 1818.72 elapsed -- Max VSize = 3675508KB, Max RSS = 924960KB
command-864: line 5: 42116 CPU time limit exceeded memtime -c1800 -m4000000 pnml2lts-sym spec/PNML/BridgeAndVehicles-V80-P20-N10-unfolded.pnml -rsc,bn,mm --graph-metrics --saturation=sat-like --order=chain --next-union --vset=lddmc --lddmc-cachesize=24 --lddmc-maxcachesize=24 --lddmc-tablesize=24 --lddmc-maxtablesize=24 --lace-workers=1 --peak-nodes
