performance run
pnml2lts-sym spec/PNML/neoelection-4.unf.pnml -rrs,hf --noack=2 --saturation=sat-like --order=chain --next-union --vset=lddmc --lddmc-cachesize=24 --lddmc-maxcachesize=24 --lddmc-tablesize=24 --lddmc-maxtablesize=24 --lace-workers=1 --peak-nodes
ctit026
pnml2lts-sym: Exploration order is chain
pnml2lts-sym: Saturation strategy is sat-like
pnml2lts-sym: Guided search strategy is unguided
pnml2lts-sym: Attractor strategy is default
pnml2lts-sym: opening spec/PNML/neoelection-4.unf.pnml
pnml2lts-sym: Petri net has 1830 places, 2340 transitions and 13565 arcs
pnml2lts-sym: There are 0 safe places
pnml2lts-sym: Petri net spec/PNML/neoelection-4.unf.pnml analyzed
pnml2lts-sym: Computing Noack2 order
pnml2lts-sym: Computing Noack2 order took 0.250 real 0.250 user 0.000 sys
pnml2lts-sym: Loading Petri net took 0.470 real 0.440 user 0.020 sys
pnml2lts-sym: Initializing regrouping layer
pnml2lts-sym: Got state vector permutation from language front-end; permuting columns
pnml2lts-sym: Regroup specification: rs,hf
pnml2lts-sym: Regroup Row Sort
pnml2lts-sym: Reqroup Horizontal Flip
Killed [24]
1797.30 user, 0.18 system, 1803.26 elapsed -- Max VSize = 2680444KB, Max RSS = 35140KB
command-10018: line 5: 11037 CPU time limit exceeded memtime -c1800 -m4000000 pnml2lts-sym spec/PNML/neoelection-4.unf.pnml -rrs,hf --noack=2 --saturation=sat-like --order=chain --next-union --vset=lddmc --lddmc-cachesize=24 --lddmc-maxcachesize=24 --lddmc-tablesize=24 --lddmc-maxtablesize=24 --lace-workers=1 --peak-nodes
