performance run
pnml2lts-sym spec/PNML/EnergyBus.pnml -rsc,bg,bs,hf --saturation=sat-like --order=chain --next-union --vset=lddmc --lddmc-cachesize=24 --lddmc-maxcachesize=24 --lddmc-tablesize=24 --lddmc-maxtablesize=24 --lace-workers=1 --peak-nodes
ctit032
pnml2lts-sym: Exploration order is chain
pnml2lts-sym: Saturation strategy is sat-like
pnml2lts-sym: Guided search strategy is unguided
pnml2lts-sym: Attractor strategy is default
pnml2lts-sym: opening spec/PNML/EnergyBus.pnml
pnml2lts-sym: Petri net has 157 places, 4430 transitions and 63389 arcs
pnml2lts-sym: There are 157 safe places
pnml2lts-sym: Petri net spec/PNML/EnergyBus.pnml analyzed
pnml2lts-sym: Loading Petri net took 0.500 real 0.390 user 0.100 sys
pnml2lts-sym: Initializing regrouping layer
pnml2lts-sym: Regroup specification: sc,bg,bs,hf
pnml2lts-sym: Regroup Select Combined matrix
pnml2lts-sym: Regroup Bipartite Graph
pnml2lts-sym: Regroup Boost's Sloan
pnml2lts-sym: Reqroup Horizontal Flip
pnml2lts-sym: Regrouping: 4430->4430 groups
pnml2lts-sym: Regrouping took 0.860 real 0.850 user 0.010 sys
pnml2lts-sym: state vector length is 157; there are 4430 groups and 157 guards
pnml2lts-sym: Creating a multi-core ListDD domain.
pnml2lts-sym: Using GBgetTransitionsShortR2W as next-state function
pnml2lts-sym: got initial state
pnml2lts-sym: vrel_add_act not supported; falling back to vrel_add_cpy
Killed [24]
1795.11 user, 0.48 system, 1800.98 elapsed -- Max VSize = 3742944KB, Max RSS = 864428KB
command-6722: line 5: 62440 CPU time limit exceeded memtime -c1800 -m4000000 pnml2lts-sym spec/PNML/EnergyBus.pnml -rsc,bg,bs,hf --saturation=sat-like --order=chain --next-union --vset=lddmc --lddmc-cachesize=24 --lddmc-maxcachesize=24 --lddmc-tablesize=24 --lddmc-maxtablesize=24 --lace-workers=1 --peak-nodes
