statistics run
pnml2lts-sym spec/PNML/RAS-C-50.pnml -rsc,bg,bs,mm,hf --graph-metrics --saturation=sat-like --order=chain --next-union --vset=lddmc --lddmc-cachesize=24 --lddmc-maxcachesize=24 --lddmc-tablesize=24 --lddmc-maxtablesize=24 --lace-workers=1 --peak-nodes
ctit026
pnml2lts-sym: Exploration order is chain
pnml2lts-sym: Saturation strategy is sat-like
pnml2lts-sym: Guided search strategy is unguided
pnml2lts-sym: Attractor strategy is default
pnml2lts-sym: opening spec/PNML/RAS-C-50.pnml
pnml2lts-sym: Petri net has 300 places, 200 transitions and 894 arcs
pnml2lts-sym: There are 0 safe places
pnml2lts-sym: Petri net spec/PNML/RAS-C-50.pnml analyzed
pnml2lts-sym: Loading Petri net took 0.040 real 0.030 user 0.000 sys
pnml2lts-sym: Initializing regrouping layer
pnml2lts-sym: Regroup specification: sc,bg,bs,mm,hf
pnml2lts-sym: Regroup Select Combined matrix
pnml2lts-sym: Regroup Bipartite Graph
pnml2lts-sym: Regroup Boost's Sloan
pnml2lts-sym: bandwidth: 12
pnml2lts-sym: profile: 3823
pnml2lts-sym: span: 4660
pnml2lts-sym: average wavefront: 4.858
pnml2lts-sym: RMS wavefront: 4.8775
pnml2lts-sym: Regroup Matrix Metrics
pnml2lts-sym: Reqroup Horizontal Flip
pnml2lts-sym: Regrouping: 200->200 groups
pnml2lts-sym: Regrouping took 0.010 real 0.010 user 0.000 sys
pnml2lts-sym: state vector length is 300; there are 200 groups and 300 guards
pnml2lts-sym: Creating a multi-core ListDD domain.
pnml2lts-sym: Using GBgetTransitionsShortR2W as next-state function
pnml2lts-sym: got initial state
pnml2lts-sym: vrel_add_act not supported; falling back to vrel_add_cpy
pnml2lts-sym: Exploration took 1521 group checks and 1521 next state calls
pnml2lts-sym: reachability took 0.420 real 0.220 user 0.190 sys
pnml2lts-sym: counting visited states...
pnml2lts-sym: counting took 0.000 real 0.000 user 0.000 sys
pnml2lts-sym: state space has 4.87175380081244e+28 states, 2650 nodes
pnml2lts-sym: ( 2650 final BDD nodes; 2650 peak nodes )
pnml2lts-sym: group_next: 1788 nodes total
pnml2lts-sym: group_explored: 3110 nodes, 2636 short vectors total
pnml2lts-sym: max token count: 1
Event Span: 1581
Normalized Event Span: 0.02635
Weighted Event Span, moment 1 (WES^1): 1616.3
Normalized Weighted Event Span, moment 1: 0.026938
Exit [0]
0.28 user, 0.27 system, 0.70 elapsed -- Max VSize = 3675068KB, Max RSS = 738668KB
