statistics run
pnml2lts-sym spec/PNML/CircularTrain-192.pnml -rsc,bg,vcm,mm,hf --graph-metrics --saturation=sat-like --order=chain --next-union --vset=lddmc --lddmc-cachesize=24 --lddmc-maxcachesize=24 --lddmc-tablesize=24 --lddmc-maxtablesize=24 --lace-workers=1 --peak-nodes
ctit033
pnml2lts-sym: Exploration order is chain
pnml2lts-sym: Saturation strategy is sat-like
pnml2lts-sym: Guided search strategy is unguided
pnml2lts-sym: Attractor strategy is default
pnml2lts-sym: opening spec/PNML/CircularTrain-192.pnml
pnml2lts-sym: Petri net has 384 places, 192 transitions and 768 arcs
pnml2lts-sym: There are 0 safe places
pnml2lts-sym: Petri net spec/PNML/CircularTrain-192.pnml analyzed
pnml2lts-sym: Loading Petri net took 0.020 real 0.010 user 0.000 sys
pnml2lts-sym: Initializing regrouping layer
pnml2lts-sym: Regroup specification: sc,bg,vcm,mm,hf
pnml2lts-sym: Regroup Select Combined matrix
pnml2lts-sym: Regroup Bipartite Graph
pnml2lts-sym: Regroup ViennaCL's Cuthill McKee
pnml2lts-sym: bandwidth: 8
pnml2lts-sym: profile: 4432
pnml2lts-sym: span: 6389
pnml2lts-sym: average wavefront: 6.94792
pnml2lts-sym: RMS wavefront: 7.06468
pnml2lts-sym: Regroup Matrix Metrics
pnml2lts-sym: Reqroup Horizontal Flip
pnml2lts-sym: Regrouping: 192->192 groups
pnml2lts-sym: Regrouping took 0.010 real 0.010 user 0.000 sys
pnml2lts-sym: state vector length is 384; there are 192 groups and 384 guards
pnml2lts-sym: Creating a multi-core ListDD domain.
pnml2lts-sym: Using GBgetTransitionsShortR2W as next-state function
pnml2lts-sym: got initial state
pnml2lts-sym: vrel_add_act not supported; falling back to vrel_add_cpy
pnml2lts-sym: Exploration took 53657 group checks and 53657 next state calls
pnml2lts-sym: reachability took 647.300 real 643.390 user 0.470 sys
pnml2lts-sym: counting visited states...
pnml2lts-sym: counting took 0.000 real 0.000 user 0.000 sys
pnml2lts-sym: state space has 4.270230527943e+43 states, 73485 nodes
pnml2lts-sym: ( 73485 final BDD nodes; 554185 peak nodes )
pnml2lts-sym: group_next: 1792 nodes total
pnml2lts-sym: group_explored: 2183 nodes, 1856 short vectors total
pnml2lts-sym: max token count: 2
Event Span: 1811
Normalized Event Span: 0.024563
Weighted Event Span, moment 1 (WES^1): 1855.8
Normalized Weighted Event Span, moment 1: 0.025171
Exit [0]
643.44 user, 0.54 system, 647.52 elapsed -- Max VSize = 3675068KB, Max RSS = 949572KB
