statistics run
pnml2lts-sym spec/PNML/parking_1_4.pnml -rsc,tg,bs,mm,hf --graph-metrics --saturation=sat-like --order=chain --next-union --vset=lddmc --lddmc-cachesize=24 --lddmc-maxcachesize=24 --lddmc-tablesize=24 --lddmc-maxtablesize=24 --lace-workers=1 --peak-nodes
ctit035
pnml2lts-sym: Exploration order is chain
pnml2lts-sym: Saturation strategy is sat-like
pnml2lts-sym: Guided search strategy is unguided
pnml2lts-sym: Attractor strategy is default
pnml2lts-sym: opening spec/PNML/parking_1_4.pnml
pnml2lts-sym: Petri net has 65 places, 97 transitions and 284 arcs
pnml2lts-sym: There are 65 safe places
pnml2lts-sym: Petri net spec/PNML/parking_1_4.pnml analyzed
pnml2lts-sym: Loading Petri net took 0.000 real 0.000 user 0.010 sys
pnml2lts-sym: Initializing regrouping layer
pnml2lts-sym: Regroup specification: sc,tg,bs,mm,hf
pnml2lts-sym: Regroup Select Combined matrix
pnml2lts-sym: Regroup Total graph
pnml2lts-sym: Regroup Boost's Sloan
pnml2lts-sym: bandwidth: 326
pnml2lts-sym: profile: 20705
pnml2lts-sym: span: 24375
pnml2lts-sym: average wavefront: 23.4793
pnml2lts-sym: RMS wavefront: 25.1232
pnml2lts-sym: Regroup Matrix Metrics
pnml2lts-sym: Reqroup Horizontal Flip
pnml2lts-sym: Regrouping: 97->97 groups
pnml2lts-sym: Regrouping took 0.020 real 0.010 user 0.000 sys
pnml2lts-sym: state vector length is 65; there are 97 groups and 65 guards
pnml2lts-sym: Creating a multi-core ListDD domain.
pnml2lts-sym: Using GBgetTransitionsShortR2W as next-state function
pnml2lts-sym: got initial state
pnml2lts-sym: vrel_add_act not supported; falling back to vrel_add_cpy
pnml2lts-sym: Exploration took 1482 group checks and 1482 next state calls
pnml2lts-sym: reachability took 0.220 real 0.040 user 0.190 sys
pnml2lts-sym: counting visited states...
pnml2lts-sym: counting took 0.000 real 0.000 user 0.000 sys
pnml2lts-sym: state space has 31745 states, 657 nodes
pnml2lts-sym: ( 657 final BDD nodes; 704 peak nodes )
pnml2lts-sym: group_next: 407 nodes total
pnml2lts-sym: group_explored: 275 nodes, 260 short vectors total
pnml2lts-sym: max token count: 1
Event Span: 884
Normalized Event Span: 0.1402
Weighted Event Span, moment 1 (WES^1): 1246
Normalized Weighted Event Span, moment 1: 0.1976
Exit [0]
0.06 user, 0.26 system, 0.40 elapsed -- Max VSize = 3675068KB, Max RSS = 694884KB
