statistics run
pnml2lts-sym spec/PNML/BridgeAndVehicles-V80-P50-N50-unfolded.pnml -rsc,bn,rs,mm,hf --noack=1 --graph-metrics --saturation=sat-like --order=chain --next-union --vset=lddmc --lddmc-cachesize=24 --lddmc-maxcachesize=24 --lddmc-tablesize=24 --lddmc-maxtablesize=24 --lace-workers=1 --peak-nodes
ctit033
pnml2lts-sym: Exploration order is chain
pnml2lts-sym: Saturation strategy is sat-like
pnml2lts-sym: Guided search strategy is unguided
pnml2lts-sym: Attractor strategy is default
pnml2lts-sym: opening spec/PNML/BridgeAndVehicles-V80-P50-N50-unfolded.pnml
pnml2lts-sym: Petri net has 228 places, 8588 transitions and 67470 arcs
pnml2lts-sym: There are 0 safe places
pnml2lts-sym: Petri net spec/PNML/BridgeAndVehicles-V80-P50-N50-unfolded.pnml analyzed
pnml2lts-sym: Computing Noack1 order
pnml2lts-sym: Computing Noack1 order took 0.310 real 0.310 user 0.000 sys
pnml2lts-sym: Loading Petri net took 1.060 real 0.960 user 0.090 sys
pnml2lts-sym: Initializing regrouping layer
pnml2lts-sym: Got state vector permutation from language front-end; permuting columns
pnml2lts-sym: Regroup specification: sc,bn,rs,mm,hf
pnml2lts-sym: Regroup Select Combined matrix
pnml2lts-sym: Regroup Boost's None
pnml2lts-sym: bandwidth: 8815
pnml2lts-sym: profile: 40286551
pnml2lts-sym: span: 2185510
pnml2lts-sym: average wavefront: 222.68228
pnml2lts-sym: RMS wavefront: 224.59148
pnml2lts-sym: Regroup Row Sort
pnml2lts-sym: Regroup Matrix Metrics
pnml2lts-sym: Reqroup Horizontal Flip
pnml2lts-sym: Regrouping: 8588->8588 groups
pnml2lts-sym: Regrouping took 2.660 real 2.650 user 0.000 sys
pnml2lts-sym: state vector length is 228; there are 8588 groups and 227 guards
pnml2lts-sym: Creating a multi-core ListDD domain.
pnml2lts-sym: Using GBgetTransitionsShortR2W as next-state function
pnml2lts-sym: got initial state
pnml2lts-sym: vrel_add_act not supported; falling back to vrel_add_cpy
MDD Unique table full, 15056663 of 16777216 buckets filled!
Event Span: 919420
Normalized Event Span: 0.4695556
Weighted Event Span, moment 1 (WES^1): 1317274
Normalized Weighted Event Span, moment 1: 0.6727429
Exit [1]
465.65 user, 1.27 system, 468.77 elapsed -- Max VSize = 3744692KB, Max RSS = 1102308KB
