statistics run
pnml2lts-sym spec/PNML/echo-d4r3.pnml -rsc,f,rs,mm,hf --saturation=sat-like --order=chain --next-union --vset=lddmc --lddmc-cachesize=24 --lddmc-maxcachesize=24 --lddmc-tablesize=24 --lddmc-maxtablesize=24 --lace-workers=1 --peak-nodes
ctit041
pnml2lts-sym: Exploration order is chain
pnml2lts-sym: Saturation strategy is sat-like
pnml2lts-sym: Guided search strategy is unguided
pnml2lts-sym: Attractor strategy is default
pnml2lts-sym: opening spec/PNML/echo-d4r3.pnml
pnml2lts-sym: Petri net has 1019 places, 850 transitions and 6340 arcs
pnml2lts-sym: There are 0 safe places
pnml2lts-sym: Petri net spec/PNML/echo-d4r3.pnml analyzed
pnml2lts-sym: Loading Petri net took 0.070 real 0.060 user 0.010 sys
pnml2lts-sym: Initializing regrouping layer
pnml2lts-sym: Regroup specification: sc,f,rs,mm,hf
pnml2lts-sym: Regroup Select Combined matrix
pnml2lts-sym: Regroup FORCE
pnml2lts-sym: Regroup Row Sort
pnml2lts-sym: Regroup Matrix Metrics
pnml2lts-sym: Reqroup Horizontal Flip
pnml2lts-sym: Regrouping: 850->850 groups
pnml2lts-sym: Regrouping took 0.290 real 0.290 user 0.000 sys
pnml2lts-sym: state vector length is 1019; there are 850 groups and 938 guards
pnml2lts-sym: Creating a multi-core ListDD domain.
pnml2lts-sym: Using GBgetTransitionsShortR2W as next-state function
pnml2lts-sym: got initial state
pnml2lts-sym: vrel_add_act not supported; falling back to vrel_add_cpy
slurmd[ctit041]: *** STEP 1647741.0 CANCELLED AT 2016-02-24T10:21:47 DUE TO TIME LIMIT ***
