performance run
pnml2lts-sym spec/PNML/PolyORB-LF-S04-J06-T10-unfolded.pnml -rsc,tg,vcm,hf --saturation=sat-like --order=chain --next-union --vset=lddmc --lddmc-cachesize=24 --lddmc-maxcachesize=24 --lddmc-tablesize=24 --lddmc-maxtablesize=24 --lace-workers=1 --peak-nodes
ctit028
pnml2lts-sym: Exploration order is chain
pnml2lts-sym: Saturation strategy is sat-like
pnml2lts-sym: Guided search strategy is unguided
pnml2lts-sym: Attractor strategy is default
pnml2lts-sym: opening spec/PNML/PolyORB-LF-S04-J06-T10-unfolded.pnml
pnml2lts-sym: Petri net has 966 places, 5354 transitions and 36134 arcs
pnml2lts-sym: There are 0 safe places
pnml2lts-sym: Petri net spec/PNML/PolyORB-LF-S04-J06-T10-unfolded.pnml analyzed
pnml2lts-sym: Loading Petri net took 0.610 real 0.550 user 0.050 sys
pnml2lts-sym: Initializing regrouping layer
pnml2lts-sym: Regroup specification: sc,tg,vcm,hf
pnml2lts-sym: Regroup Select Combined matrix
pnml2lts-sym: Regroup Total graph
pnml2lts-sym: Regroup ViennaCL's Cuthill McKee
pnml2lts-sym: Reqroup Horizontal Flip
pnml2lts-sym: Regrouping: 5354->5354 groups
pnml2lts-sym: Regrouping took 0.650 real 0.640 user 0.010 sys
pnml2lts-sym: state vector length is 966; there are 5354 groups and 985 guards
pnml2lts-sym: Creating a multi-core ListDD domain.
pnml2lts-sym: Using GBgetTransitionsShortR2W as next-state function
pnml2lts-sym: got initial state
pnml2lts-sym: vrel_add_act not supported; falling back to vrel_add_cpy
Killed [24]
1794.13 user, 0.57 system, 1802.97 elapsed -- Max VSize = 3745072KB, Max RSS = 1054648KB
command-7749: line 5: 11329 CPU time limit exceeded memtime -c1800 -m4000000 pnml2lts-sym spec/PNML/PolyORB-LF-S04-J06-T10-unfolded.pnml -rsc,tg,vcm,hf --saturation=sat-like --order=chain --next-union --vset=lddmc --lddmc-cachesize=24 --lddmc-maxcachesize=24 --lddmc-tablesize=24 --lddmc-maxtablesize=24 --lace-workers=1 --peak-nodes
