performance run
pnml2lts-sym spec/PNML/RAS-C-20.pnml --saturation=sat-like --order=chain --next-union --vset=lddmc --lddmc-cachesize=24 --lddmc-maxcachesize=24 --lddmc-tablesize=24 --lddmc-maxtablesize=24 --lace-workers=1
ctit011
pnml2lts-sym: Exploration order is chain
pnml2lts-sym: Saturation strategy is sat-like
pnml2lts-sym: Guided search strategy is unguided
pnml2lts-sym: Attractor strategy is default
pnml2lts-sym: opening spec/PNML/RAS-C-20.pnml
pnml2lts-sym: Petri net has 120 places, 80 transitions and 354 arcs
pnml2lts-sym: There are 0 safe places
pnml2lts-sym: Petri net spec/PNML/RAS-C-20.pnml analyzed
pnml2lts-sym: Loading Petri net took 0.010 real 0.000 user 0.000 sys
pnml2lts-sym: state vector length is 120; there are 80 groups and 120 guards
pnml2lts-sym: Creating a multi-core ListDD domain.
pnml2lts-sym: Using GBgetTransitionsShortR2W as next-state function
pnml2lts-sym: got initial state
pnml2lts-sym: vrel_add_act not supported; falling back to vrel_add_cpy
pnml2lts-sym: Exploration took 596 group checks and 596 next state calls
pnml2lts-sym: reachability took 0.160 real 0.030 user 0.120 sys
pnml2lts-sym: counting visited states...
pnml2lts-sym: counting took 0.000 real 0.000 user 0.000 sys
pnml2lts-sym: state space has 406454747136 states, 1027 nodes
pnml2lts-sym: group_next: 708 nodes total
pnml2lts-sym: group_explored: 1258 nodes, 1016 short vectors total
pnml2lts-sym: max token count: 1
Exit [0]
0.05 user, 0.19 system, 0.30 elapsed -- Max VSize = 3675064KB, Max RSS = 686304KB
