performance run
pnml2lts-sym spec/PNML/shared_memory-pt-50.pnml -rsc,bg,vcm,hf --saturation=sat-like --order=chain --next-union --vset=lddmc --lddmc-cachesize=24 --lddmc-maxcachesize=24 --lddmc-tablesize=24 --lddmc-maxtablesize=24 --lace-workers=1 --peak-nodes
ctit027
pnml2lts-sym: Exploration order is chain
pnml2lts-sym: Saturation strategy is sat-like
pnml2lts-sym: Guided search strategy is unguided
pnml2lts-sym: Attractor strategy is default
pnml2lts-sym: opening spec/PNML/shared_memory-pt-50.pnml
pnml2lts-sym: Petri net has 2651 places, 5050 transitions and 20000 arcs
pnml2lts-sym: There are 0 safe places
pnml2lts-sym: Petri net spec/PNML/shared_memory-pt-50.pnml analyzed
pnml2lts-sym: Loading Petri net took 0.530 real 0.490 user 0.030 sys
pnml2lts-sym: Initializing regrouping layer
pnml2lts-sym: Regroup specification: sc,bg,vcm,hf
pnml2lts-sym: Regroup Select Combined matrix
pnml2lts-sym: Regroup Bipartite Graph
pnml2lts-sym: Regroup ViennaCL's Cuthill McKee
pnml2lts-sym: Reqroup Horizontal Flip
pnml2lts-sym: Regrouping: 5050->5050 groups
pnml2lts-sym: Regrouping took 0.700 real 0.700 user 0.000 sys
pnml2lts-sym: state vector length is 2651; there are 5050 groups and 2651 guards
pnml2lts-sym: Creating a multi-core ListDD domain.
pnml2lts-sym: Using GBgetTransitionsShortR2W as next-state function
pnml2lts-sym: got initial state
pnml2lts-sym: vrel_add_act not supported; falling back to vrel_add_cpy
MDD Unique table full, 15038516 of 16777216 buckets filled!
Exit [1]
25.44 user, 0.37 system, 26.02 elapsed -- Max VSize = 3753540KB, Max RSS = 1052932KB
