performance run
pnml2lts-sym spec/PNML/QCertifProtocol_10-unfold.pnml --saturation=sat-like --order=chain --next-union --vset=lddmc --lddmc-cachesize=24 --lddmc-maxcachesize=24 --lddmc-tablesize=24 --lddmc-maxtablesize=24 --lace-workers=1
ctit022
pnml2lts-sym: Exploration order is chain
pnml2lts-sym: Saturation strategy is sat-like
pnml2lts-sym: Guided search strategy is unguided
pnml2lts-sym: Attractor strategy is default
pnml2lts-sym: opening spec/PNML/QCertifProtocol_10-unfold.pnml
pnml2lts-sym: Petri net has 550 places, 176 transitions and 1287 arcs
pnml2lts-sym: There are 0 safe places
pnml2lts-sym: Petri net spec/PNML/QCertifProtocol_10-unfold.pnml analyzed
pnml2lts-sym: Loading Petri net took 0.020 real 0.020 user 0.000 sys
pnml2lts-sym: state vector length is 550; there are 176 groups and 524 guards
pnml2lts-sym: Creating a multi-core ListDD domain.
pnml2lts-sym: Using GBgetTransitionsShortR2W as next-state function
pnml2lts-sym: got initial state
pnml2lts-sym: vrel_add_act not supported; falling back to vrel_add_cpy
MDD Unique table full, 14949533 of 16777216 buckets filled!
Exit [1]
251.25 user, 0.56 system, 252.44 elapsed -- Max VSize = 3675080KB, Max RSS = 971256KB
