statistics run
pnml2lts-sym spec/PNML/dekker-200.pnml -rsc,bg,vgps,mm,hf --graph-metrics --saturation=sat-like --order=chain --next-union --vset=lddmc --lddmc-cachesize=24 --lddmc-maxcachesize=24 --lddmc-tablesize=24 --lddmc-maxtablesize=24 --lace-workers=1 --peak-nodes
ctit007
pnml2lts-sym: Exploration order is chain
pnml2lts-sym: Saturation strategy is sat-like
pnml2lts-sym: Guided search strategy is unguided
pnml2lts-sym: Attractor strategy is default
pnml2lts-sym: opening spec/PNML/dekker-200.pnml
pnml2lts-sym: Petri net has 1000 places, 40400 transitions and 320400 arcs
pnml2lts-sym: There are 0 safe places
pnml2lts-sym: Petri net spec/PNML/dekker-200.pnml analyzed
pnml2lts-sym: Loading Petri net took 4.190 real 3.540 user 0.610 sys
pnml2lts-sym: Initializing regrouping layer
pnml2lts-sym: Regroup specification: sc,bg,vgps,mm,hf
pnml2lts-sym: Regroup Select Combined matrix
pnml2lts-sym: Regroup Bipartite Graph
pnml2lts-sym: Regroup ViennaCL's Gibbs Poole Stockmeyer
Killed [24]
1796.03 user, 1.12 system, 1804.34 elapsed -- Max VSize = 3179308KB, Max RSS = 522312KB
command-4009: line 5: 31668 CPU time limit exceeded memtime -c1800 -m4000000 pnml2lts-sym spec/PNML/dekker-200.pnml -rsc,bg,vgps,mm,hf --graph-metrics --saturation=sat-like --order=chain --next-union --vset=lddmc --lddmc-cachesize=24 --lddmc-maxcachesize=24 --lddmc-tablesize=24 --lddmc-maxtablesize=24 --lace-workers=1 --peak-nodes
