statistics run
pnml2lts-sym spec/PNML/Peterson-6.pnml -rsc,tg,bcm,mm,hf --graph-metrics --saturation=sat-like --order=chain --next-union --vset=lddmc --lddmc-cachesize=24 --lddmc-maxcachesize=24 --lddmc-tablesize=24 --lddmc-maxtablesize=24 --lace-workers=1 --peak-nodes
ctit039
pnml2lts-sym: Exploration order is chain
pnml2lts-sym: Saturation strategy is sat-like
pnml2lts-sym: Guided search strategy is unguided
pnml2lts-sym: Attractor strategy is default
pnml2lts-sym: opening spec/PNML/Peterson-6.pnml
pnml2lts-sym: Petri net has 1330 places, 2030 transitions and 6272 arcs
pnml2lts-sym: There are 0 safe places
pnml2lts-sym: Petri net spec/PNML/Peterson-6.pnml analyzed
pnml2lts-sym: Loading Petri net took 0.170 real 0.130 user 0.030 sys
pnml2lts-sym: Initializing regrouping layer
pnml2lts-sym: Regroup specification: sc,tg,bcm,mm,hf
pnml2lts-sym: Regroup Select Combined matrix
pnml2lts-sym: Regroup Total graph
pnml2lts-sym: Regroup Boost's Cuthill McKee
pnml2lts-sym: bandwidth: 2543
pnml2lts-sym: profile: 14337308
pnml2lts-sym: span: 21121218
pnml2lts-sym: average wavefront: 1014.2886
pnml2lts-sym: RMS wavefront: 1143.403
pnml2lts-sym: Regroup Matrix Metrics
pnml2lts-sym: Reqroup Horizontal Flip
pnml2lts-sym: Regrouping: 2030->2030 groups
pnml2lts-sym: Regrouping took 2.630 real 2.530 user 0.000 sys
pnml2lts-sym: state vector length is 1330; there are 2030 groups and 1330 guards
pnml2lts-sym: Creating a multi-core ListDD domain.
pnml2lts-sym: Using GBgetTransitionsShortR2W as next-state function
pnml2lts-sym: got initial state
pnml2lts-sym: vrel_add_act not supported; falling back to vrel_add_cpy
Killed [24]
1795.67 user, 0.77 system, 1859.88 elapsed -- Max VSize = 3676804KB, Max RSS = 896096KB
command-1786: line 5: 42096 CPU time limit exceeded memtime -c1800 -m4000000 pnml2lts-sym spec/PNML/Peterson-6.pnml -rsc,tg,bcm,mm,hf --graph-metrics --saturation=sat-like --order=chain --next-union --vset=lddmc --lddmc-cachesize=24 --lddmc-maxcachesize=24 --lddmc-tablesize=24 --lddmc-maxtablesize=24 --lace-workers=1 --peak-nodes
