performance run
pnml2lts-sym spec/PNML/PolyORB-LF-S02-J06-T06-unfolded.pnml --saturation=sat-like --order=chain --next-union --vset=lddmc --lddmc-cachesize=24 --lddmc-maxcachesize=24 --lddmc-tablesize=24 --lddmc-maxtablesize=24 --lace-workers=1
ctit026
pnml2lts-sym: Exploration order is chain
pnml2lts-sym: Saturation strategy is sat-like
pnml2lts-sym: Guided search strategy is unguided
pnml2lts-sym: Attractor strategy is default
pnml2lts-sym: opening spec/PNML/PolyORB-LF-S02-J06-T06-unfolded.pnml
pnml2lts-sym: Petri net has 536 places, 1064 transitions and 4866 arcs
pnml2lts-sym: There are 0 safe places
pnml2lts-sym: Petri net spec/PNML/PolyORB-LF-S02-J06-T06-unfolded.pnml analyzed
pnml2lts-sym: Loading Petri net took 0.070 real 0.060 user 0.010 sys
pnml2lts-sym: state vector length is 536; there are 1064 groups and 549 guards
pnml2lts-sym: Creating a multi-core ListDD domain.
pnml2lts-sym: Using GBgetTransitionsShortR2W as next-state function
pnml2lts-sym: got initial state
pnml2lts-sym: vrel_add_act not supported; falling back to vrel_add_cpy
Killed [24]
1796.91 user, 0.56 system, 1801.05 elapsed -- Max VSize = 3675088KB, Max RSS = 772260KB
command-484: line 5: 46968 CPU time limit exceeded memtime -c1800 -m4000000 pnml2lts-sym spec/PNML/PolyORB-LF-S02-J06-T06-unfolded.pnml --saturation=sat-like --order=chain --next-union --vset=lddmc --lddmc-cachesize=24 --lddmc-maxcachesize=24 --lddmc-tablesize=24 --lddmc-maxtablesize=24 --lace-workers=1
