statistics run
pnml2lts-sym spec/PNML/PolyORB-LF-S04-J06-T08-unfolded.pnml -rsc,tg,vcm,mm,hf --graph-metrics --saturation=sat-like --order=chain --next-union --vset=lddmc --lddmc-cachesize=24 --lddmc-maxcachesize=24 --lddmc-tablesize=24 --lddmc-maxtablesize=24 --lace-workers=1 --peak-nodes
ctit043
pnml2lts-sym: Exploration order is chain
pnml2lts-sym: Saturation strategy is sat-like
pnml2lts-sym: Guided search strategy is unguided
pnml2lts-sym: Attractor strategy is default
pnml2lts-sym: opening spec/PNML/PolyORB-LF-S04-J06-T08-unfolded.pnml
pnml2lts-sym: Petri net has 792 places, 4268 transitions and 28832 arcs
pnml2lts-sym: There are 0 safe places
pnml2lts-sym: Petri net spec/PNML/PolyORB-LF-S04-J06-T08-unfolded.pnml analyzed
pnml2lts-sym: Loading Petri net took 0.450 real 0.390 user 0.060 sys
pnml2lts-sym: Initializing regrouping layer
pnml2lts-sym: Regroup specification: sc,tg,vcm,mm,hf
pnml2lts-sym: Regroup Select Combined matrix
pnml2lts-sym: Regroup Total graph
pnml2lts-sym: Regroup ViennaCL's Cuthill McKee
pnml2lts-sym: bandwidth: 15749
pnml2lts-sym: profile: 343003518
pnml2lts-sym: span: 491410021
pnml2lts-sym: average wavefront: 8665.695357
pnml2lts-sym: RMS wavefront: 9578.391012
pnml2lts-sym: Regroup Matrix Metrics
pnml2lts-sym: Reqroup Horizontal Flip
pnml2lts-sym: Regrouping: 4268->4268 groups
pnml2lts-sym: Regrouping took 209.680 real 208.900 user 0.030 sys
pnml2lts-sym: state vector length is 792; there are 4268 groups and 811 guards
pnml2lts-sym: Creating a multi-core ListDD domain.
pnml2lts-sym: Using GBgetTransitionsShortR2W as next-state function
pnml2lts-sym: got initial state
pnml2lts-sym: vrel_add_act not supported; falling back to vrel_add_cpy
Killed [24]
1796.37 user, 0.69 system, 1804.81 elapsed -- Max VSize = 3743736KB, Max RSS = 968348KB
command-2157: line 5: 16855 CPU time limit exceeded memtime -c1800 -m4000000 pnml2lts-sym spec/PNML/PolyORB-LF-S04-J06-T08-unfolded.pnml -rsc,tg,vcm,mm,hf --graph-metrics --saturation=sat-like --order=chain --next-union --vset=lddmc --lddmc-cachesize=24 --lddmc-maxcachesize=24 --lddmc-tablesize=24 --lddmc-maxtablesize=24 --lace-workers=1 --peak-nodes
