statistics run
pnml2lts-sym spec/PNML/BridgeAndVehicles-V50-P20-N50-unfolded.pnml -rsc,bn,rs,mm,hf --noack=2 --graph-metrics --saturation=sat-like --order=chain --next-union --vset=lddmc --lddmc-cachesize=24 --lddmc-maxcachesize=24 --lddmc-tablesize=24 --lddmc-maxtablesize=24 --lace-workers=1 --peak-nodes
ctit032
pnml2lts-sym: Exploration order is chain
pnml2lts-sym: Saturation strategy is sat-like
pnml2lts-sym: Guided search strategy is unguided
pnml2lts-sym: Attractor strategy is default
pnml2lts-sym: opening spec/PNML/BridgeAndVehicles-V50-P20-N50-unfolded.pnml
pnml2lts-sym: Petri net has 168 places, 5408 transitions and 42330 arcs
pnml2lts-sym: There are 0 safe places
pnml2lts-sym: Petri net spec/PNML/BridgeAndVehicles-V50-P20-N50-unfolded.pnml analyzed
pnml2lts-sym: Computing Noack2 order
pnml2lts-sym: Computing Noack2 order took 0.150 real 0.140 user 0.000 sys
pnml2lts-sym: Loading Petri net took 0.720 real 0.650 user 0.070 sys
pnml2lts-sym: Initializing regrouping layer
pnml2lts-sym: Got state vector permutation from language front-end; permuting columns
pnml2lts-sym: Regroup specification: sc,bn,rs,mm,hf
pnml2lts-sym: Regroup Select Combined matrix
pnml2lts-sym: Regroup Boost's None
pnml2lts-sym: bandwidth: 5575
pnml2lts-sym: profile: 16194348
pnml2lts-sym: span: 1103248
pnml2lts-sym: average wavefront: 163.48763
pnml2lts-sym: RMS wavefront: 165.1273
pnml2lts-sym: Regroup Row Sort
pnml2lts-sym: Regroup Matrix Metrics
pnml2lts-sym: Reqroup Horizontal Flip
pnml2lts-sym: Regrouping: 5408->5408 groups
pnml2lts-sym: Regrouping took 1.150 real 1.140 user 0.000 sys
pnml2lts-sym: state vector length is 168; there are 5408 groups and 167 guards
pnml2lts-sym: Creating a multi-core ListDD domain.
pnml2lts-sym: Using GBgetTransitionsShortR2W as next-state function
pnml2lts-sym: got initial state
pnml2lts-sym: vrel_add_act not supported; falling back to vrel_add_cpy
Killed [24]
1793.90 user, 1.09 system, 1802.17 elapsed -- Max VSize = 3742364KB, Max RSS = 1052784KB
command-803: line 5: 46549 CPU time limit exceeded memtime -c1800 -m4000000 pnml2lts-sym spec/PNML/BridgeAndVehicles-V50-P20-N50-unfolded.pnml -rsc,bn,rs,mm,hf --noack=2 --graph-metrics --saturation=sat-like --order=chain --next-union --vset=lddmc --lddmc-cachesize=24 --lddmc-maxcachesize=24 --lddmc-tablesize=24 --lddmc-maxtablesize=24 --lace-workers=1 --peak-nodes
