performance run
pnml2lts-sym spec/PNML/PolyORB-NT-S05-J80-unfolded.pnml -rsc,bg,bcm,hf --saturation=sat-like --order=chain --next-union --vset=lddmc --lddmc-cachesize=24 --lddmc-maxcachesize=24 --lddmc-tablesize=24 --lddmc-maxtablesize=24 --lace-workers=1 --peak-nodes
ctit014
pnml2lts-sym: Exploration order is chain
pnml2lts-sym: Saturation strategy is sat-like
pnml2lts-sym: Guided search strategy is unguided
pnml2lts-sym: Attractor strategy is default
pnml2lts-sym: opening spec/PNML/PolyORB-NT-S05-J80-unfolded.pnml
pnml2lts-sym: Petri net has 1189 places, 2350 transitions and 14464 arcs
pnml2lts-sym: There are 0 safe places
pnml2lts-sym: Petri net spec/PNML/PolyORB-NT-S05-J80-unfolded.pnml analyzed
pnml2lts-sym: Loading Petri net took 0.250 real 0.210 user 0.040 sys
pnml2lts-sym: Initializing regrouping layer
pnml2lts-sym: Regroup specification: sc,bg,bcm,hf
pnml2lts-sym: Regroup Select Combined matrix
pnml2lts-sym: Regroup Bipartite Graph
pnml2lts-sym: Regroup Boost's Cuthill McKee
pnml2lts-sym: Reqroup Horizontal Flip
pnml2lts-sym: Regrouping: 2350->2350 groups
pnml2lts-sym: Regrouping took 0.160 real 0.160 user 0.000 sys
pnml2lts-sym: state vector length is 1189; there are 2350 groups and 1209 guards
pnml2lts-sym: Creating a multi-core ListDD domain.
pnml2lts-sym: Using GBgetTransitionsShortR2W as next-state function
pnml2lts-sym: got initial state
pnml2lts-sym: vrel_add_act not supported; falling back to vrel_add_cpy
MDD Unique table full, 14934860 of 16777216 buckets filled!
Exit [1]
549.23 user, 0.92 system, 553.37 elapsed -- Max VSize = 3677208KB, Max RSS = 1010412KB
