statistics run
pnml2lts-sym spec/PNML/TokenRing-30-unfolded.pnml -rsc,tg,vgps,mm,hf --graph-metrics --saturation=sat-like --order=chain --next-union --vset=lddmc --lddmc-cachesize=24 --lddmc-maxcachesize=24 --lddmc-tablesize=24 --lddmc-maxtablesize=24 --lace-workers=1 --peak-nodes
ctit017
pnml2lts-sym: Exploration order is chain
pnml2lts-sym: Saturation strategy is sat-like
pnml2lts-sym: Guided search strategy is unguided
pnml2lts-sym: Attractor strategy is default
pnml2lts-sym: opening spec/PNML/TokenRing-30-unfolded.pnml
pnml2lts-sym: Petri net has 961 places, 27931 transitions and 111724 arcs
pnml2lts-sym: There are 0 safe places
pnml2lts-sym: Petri net spec/PNML/TokenRing-30-unfolded.pnml analyzed
pnml2lts-sym: Loading Petri net took 2.420 real 2.090 user 0.320 sys
pnml2lts-sym: Initializing regrouping layer
pnml2lts-sym: Regroup specification: sc,tg,vgps,mm,hf
pnml2lts-sym: Regroup Select Combined matrix
pnml2lts-sym: Regroup Total graph
pnml2lts-sym: Regroup ViennaCL's Gibbs Poole Stockmeyer
Killed [24]
1796.42 user, 0.83 system, 1802.05 elapsed -- Max VSize = 2963124KB, Max RSS = 301292KB
command-3407: line 5: 51642 CPU time limit exceeded memtime -c1800 -m4000000 pnml2lts-sym spec/PNML/TokenRing-30-unfolded.pnml -rsc,tg,vgps,mm,hf --graph-metrics --saturation=sat-like --order=chain --next-union --vset=lddmc --lddmc-cachesize=24 --lddmc-maxcachesize=24 --lddmc-tablesize=24 --lddmc-maxtablesize=24 --lace-workers=1 --peak-nodes
