performance run
pnml2lts-sym spec/PNML/10-10_phaseVariation.pnml -rsc,bg,bk,hf --saturation=sat-like --order=chain --next-union --vset=lddmc --lddmc-cachesize=24 --lddmc-maxcachesize=24 --lddmc-tablesize=24 --lddmc-maxtablesize=24 --lace-workers=1 --peak-nodes
ctit024
pnml2lts-sym: Exploration order is chain
pnml2lts-sym: Saturation strategy is sat-like
pnml2lts-sym: Guided search strategy is unguided
pnml2lts-sym: Attractor strategy is default
pnml2lts-sym: opening spec/PNML/10-10_phaseVariation.pnml
pnml2lts-sym: Petri net has 302 places, 3137 transitions and 21755 arcs
pnml2lts-sym: There are 0 safe places
pnml2lts-sym: Petri net spec/PNML/10-10_phaseVariation.pnml analyzed
pnml2lts-sym: Loading Petri net took 0.240 real 0.200 user 0.040 sys
pnml2lts-sym: Initializing regrouping layer
pnml2lts-sym: Regroup specification: sc,bg,bk,hf
pnml2lts-sym: Regroup Select Combined matrix
pnml2lts-sym: Regroup Bipartite Graph
pnml2lts-sym: Regroup Boost's King
pnml2lts-sym: Reqroup Horizontal Flip
pnml2lts-sym: Regrouping: 3137->3137 groups
pnml2lts-sym: Regrouping took 0.070 real 0.060 user 0.000 sys
pnml2lts-sym: state vector length is 302; there are 3137 groups and 302 guards
pnml2lts-sym: Creating a multi-core ListDD domain.
pnml2lts-sym: Using GBgetTransitionsShortR2W as next-state function
pnml2lts-sym: got initial state
pnml2lts-sym: vrel_add_act not supported; falling back to vrel_add_cpy
Killed [24]
1796.00 user, 1.34 system, 1804.64 elapsed -- Max VSize = 3675644KB, Max RSS = 1008188KB
command-11086: line 5: 37536 CPU time limit exceeded memtime -c1800 -m4000000 pnml2lts-sym spec/PNML/10-10_phaseVariation.pnml -rsc,bg,bk,hf --saturation=sat-like --order=chain --next-union --vset=lddmc --lddmc-cachesize=24 --lddmc-maxcachesize=24 --lddmc-tablesize=24 --lddmc-maxtablesize=24 --lace-workers=1 --peak-nodes
