statistics run
pnml2lts-sym spec/PNML/Peterson-5.pnml -rsc,bn,mm --graph-metrics --saturation=sat-like --order=chain --next-union --vset=lddmc --lddmc-cachesize=24 --lddmc-maxcachesize=24 --lddmc-tablesize=24 --lddmc-maxtablesize=24 --lace-workers=1 --peak-nodes
ctit016
pnml2lts-sym: Exploration order is chain
pnml2lts-sym: Saturation strategy is sat-like
pnml2lts-sym: Guided search strategy is unguided
pnml2lts-sym: Attractor strategy is default
pnml2lts-sym: opening spec/PNML/Peterson-5.pnml
pnml2lts-sym: Petri net has 834 places, 1242 transitions and 3828 arcs
pnml2lts-sym: There are 0 safe places
pnml2lts-sym: Petri net spec/PNML/Peterson-5.pnml analyzed
pnml2lts-sym: Loading Petri net took 0.080 real 0.080 user 0.010 sys
pnml2lts-sym: Initializing regrouping layer
pnml2lts-sym: Regroup specification: sc,bn,mm
pnml2lts-sym: Regroup Select Combined matrix
pnml2lts-sym: Regroup Boost's None
pnml2lts-sym: bandwidth: 2070
pnml2lts-sym: profile: 2675675
pnml2lts-sym: span: 856364
pnml2lts-sym: average wavefront: 543.4027
pnml2lts-sym: RMS wavefront: 601.6368
pnml2lts-sym: Regroup Matrix Metrics
pnml2lts-sym: Regrouping: 1242->1242 groups
pnml2lts-sym: Regrouping took 0.130 real 0.120 user 0.000 sys
pnml2lts-sym: state vector length is 834; there are 1242 groups and 834 guards
pnml2lts-sym: Creating a multi-core ListDD domain.
pnml2lts-sym: Using GBgetTransitionsShortR2W as next-state function
pnml2lts-sym: got initial state
pnml2lts-sym: vrel_add_act not supported; falling back to vrel_add_cpy
Killed [24]
1797.70 user, 0.38 system, 1801.02 elapsed -- Max VSize = 3675752KB, Max RSS = 904024KB
command-1760: line 5: 15001 CPU time limit exceeded memtime -c1800 -m4000000 pnml2lts-sym spec/PNML/Peterson-5.pnml -rsc,bn,mm --graph-metrics --saturation=sat-like --order=chain --next-union --vset=lddmc --lddmc-cachesize=24 --lddmc-maxcachesize=24 --lddmc-tablesize=24 --lddmc-maxtablesize=24 --lace-workers=1 --peak-nodes
