performance run
pnml2lts-sym spec/PNML/rwmutex-r10w100.pnml -rsc,tg,bcm,hf --saturation=sat-like --order=chain --next-union --vset=lddmc --lddmc-cachesize=24 --lddmc-maxcachesize=24 --lddmc-tablesize=24 --lddmc-maxtablesize=24 --lace-workers=1 --peak-nodes
ctit027
pnml2lts-sym: Exploration order is chain
pnml2lts-sym: Saturation strategy is sat-like
pnml2lts-sym: Guided search strategy is unguided
pnml2lts-sym: Attractor strategy is default
pnml2lts-sym: opening spec/PNML/rwmutex-r10w100.pnml
pnml2lts-sym: Petri net has 230 places, 220 transitions and 2460 arcs
pnml2lts-sym: There are 0 safe places
pnml2lts-sym: Petri net spec/PNML/rwmutex-r10w100.pnml analyzed
pnml2lts-sym: Loading Petri net took 0.010 real 0.010 user 0.010 sys
pnml2lts-sym: Initializing regrouping layer
pnml2lts-sym: Regroup specification: sc,tg,bcm,hf
pnml2lts-sym: Regroup Select Combined matrix
pnml2lts-sym: Regroup Total graph
pnml2lts-sym: Regroup Boost's Cuthill McKee
pnml2lts-sym: Reqroup Horizontal Flip
pnml2lts-sym: Regrouping: 220->220 groups
pnml2lts-sym: Regrouping took 0.010 real 0.010 user 0.000 sys
pnml2lts-sym: state vector length is 230; there are 220 groups and 230 guards
pnml2lts-sym: Creating a multi-core ListDD domain.
pnml2lts-sym: Using GBgetTransitionsShortR2W as next-state function
pnml2lts-sym: got initial state
pnml2lts-sym: vrel_add_act not supported; falling back to vrel_add_cpy
pnml2lts-sym: Exploration took 2750 group checks and 2750 next state calls
pnml2lts-sym: reachability took 5.590 real 5.410 user 0.160 sys
pnml2lts-sym: counting visited states...
pnml2lts-sym: counting took 0.000 real 0.000 user 0.000 sys
pnml2lts-sym: state space has 1124 states, 104867 nodes
pnml2lts-sym: ( 104867 final BDD nodes; 104867 peak nodes )
pnml2lts-sym: group_next: 4920 nodes total
pnml2lts-sym: group_explored: 6936 nodes, 205060 short vectors total
pnml2lts-sym: max token count: 1
Exit [0]
5.46 user, 0.23 system, 5.81 elapsed -- Max VSize = 3675064KB, Max RSS = 738780KB
