statistics run
pnml2lts-sym spec/PNML/rwmutex-r10w500.pnml -rsc,tg,vcm,mm,hf --graph-metrics --saturation=sat-like --order=chain --next-union --vset=lddmc --lddmc-cachesize=24 --lddmc-maxcachesize=24 --lddmc-tablesize=24 --lddmc-maxtablesize=24 --lace-workers=1 --peak-nodes
ctit026
pnml2lts-sym: Exploration order is chain
pnml2lts-sym: Saturation strategy is sat-like
pnml2lts-sym: Guided search strategy is unguided
pnml2lts-sym: Attractor strategy is default
pnml2lts-sym: opening spec/PNML/rwmutex-r10w500.pnml
pnml2lts-sym: Petri net has 1030 places, 1020 transitions and 12060 arcs
pnml2lts-sym: There are 0 safe places
pnml2lts-sym: Petri net spec/PNML/rwmutex-r10w500.pnml analyzed
pnml2lts-sym: Loading Petri net took 0.120 real 0.110 user 0.000 sys
pnml2lts-sym: Initializing regrouping layer
pnml2lts-sym: Regroup specification: sc,tg,vcm,mm,hf
pnml2lts-sym: Regroup Select Combined matrix
pnml2lts-sym: Regroup Total graph
pnml2lts-sym: Regroup ViennaCL's Cuthill McKee
pnml2lts-sym: bandwidth: 9036
pnml2lts-sym: profile: 69759913
pnml2lts-sym: span: 86924219
pnml2lts-sym: average wavefront: 4378.30723
pnml2lts-sym: RMS wavefront: 5067.69243
pnml2lts-sym: Regroup Matrix Metrics
pnml2lts-sym: Reqroup Horizontal Flip
pnml2lts-sym: Regrouping: 1020->1020 groups
pnml2lts-sym: Regrouping took 21.430 real 21.360 user 0.010 sys
pnml2lts-sym: state vector length is 1030; there are 1020 groups and 1030 guards
pnml2lts-sym: Creating a multi-core ListDD domain.
pnml2lts-sym: Using GBgetTransitionsShortR2W as next-state function
pnml2lts-sym: got initial state
pnml2lts-sym: vrel_add_act not supported; falling back to vrel_add_cpy
pnml2lts-sym: Exploration took 2048 group checks and 2048 next state calls
pnml2lts-sym: reachability took 178.310 real 177.300 user 0.350 sys
pnml2lts-sym: counting visited states...
pnml2lts-sym: counting took 0.010 real 0.010 user 0.000 sys
pnml2lts-sym: state space has 1524 states, 516067 nodes
pnml2lts-sym: ( 516067 final BDD nodes; 516067 peak nodes )
pnml2lts-sym: group_next: 24120 nodes total
pnml2lts-sym: group_explored: 33278 nodes, 1025060 short vectors total
pnml2lts-sym: max token count: 1
Event Span: 529240
Normalized Event Span: 0.5037502
Weighted Event Span, moment 1 (WES^1): 1056177
Normalized Weighted Event Span, moment 1: 1.005308
Exit [0]
199.04 user, 0.42 system, 200.29 elapsed -- Max VSize = 3675928KB, Max RSS = 764472KB
