statistics run
pnml2lts-sym spec/PNML/QCertifProtocol_02-unfold.pnml -rsc,tg,vgps,mm,hf --graph-metrics --saturation=sat-like --order=chain --next-union --vset=lddmc --lddmc-cachesize=24 --lddmc-maxcachesize=24 --lddmc-tablesize=24 --lddmc-maxtablesize=24 --lace-workers=1 --peak-nodes
ctit025
pnml2lts-sym: Exploration order is chain
pnml2lts-sym: Saturation strategy is sat-like
pnml2lts-sym: Guided search strategy is unguided
pnml2lts-sym: Attractor strategy is default
pnml2lts-sym: opening spec/PNML/QCertifProtocol_02-unfold.pnml
pnml2lts-sym: Petri net has 86 places, 56 transitions and 223 arcs
pnml2lts-sym: There are 0 safe places
pnml2lts-sym: Petri net spec/PNML/QCertifProtocol_02-unfold.pnml analyzed
pnml2lts-sym: Loading Petri net took 0.010 real 0.000 user 0.010 sys
pnml2lts-sym: Initializing regrouping layer
pnml2lts-sym: Regroup specification: sc,tg,vgps,mm,hf
pnml2lts-sym: Regroup Select Combined matrix
pnml2lts-sym: Regroup Total graph
pnml2lts-sym: Regroup ViennaCL's Gibbs Poole Stockmeyer
pnml2lts-sym: bandwidth: 57
pnml2lts-sym: profile: 11485
pnml2lts-sym: span: 18886
pnml2lts-sym: average wavefront: 24.3479
pnml2lts-sym: RMS wavefront: 25.7972
pnml2lts-sym: Regroup Matrix Metrics
pnml2lts-sym: Reqroup Horizontal Flip
pnml2lts-sym: Regrouping: 56->56 groups
pnml2lts-sym: Regrouping took 0.000 real 0.000 user 0.000 sys
pnml2lts-sym: state vector length is 86; there are 56 groups and 76 guards
pnml2lts-sym: Creating a multi-core ListDD domain.
pnml2lts-sym: Using GBgetTransitionsShortR2W as next-state function
pnml2lts-sym: got initial state
pnml2lts-sym: vrel_add_act not supported; falling back to vrel_add_cpy
pnml2lts-sym: Exploration took 607 group checks and 607 next state calls
pnml2lts-sym: reachability took 0.240 real 0.060 user 0.170 sys
pnml2lts-sym: counting visited states...
pnml2lts-sym: counting took 0.000 real 0.000 user 0.000 sys
pnml2lts-sym: state space has 1029 states, 2392 nodes
pnml2lts-sym: ( 2392 final BDD nodes; 2392 peak nodes )
pnml2lts-sym: group_next: 446 nodes total
pnml2lts-sym: group_explored: 611 nodes, 549 short vectors total
pnml2lts-sym: max token count: 1
Event Span: 884
Normalized Event Span: 0.1836
Weighted Event Span, moment 1 (WES^1): 1042
Normalized Weighted Event Span, moment 1: 0.2164
Exit [0]
0.07 user, 0.24 system, 0.40 elapsed -- Max VSize = 3675068KB, Max RSS = 623560KB
