performance run
pnml2lts-sym spec/PNML/Peterson-6.pnml --saturation=sat-like --order=chain --next-union --vset=lddmc --lddmc-cachesize=24 --lddmc-maxcachesize=24 --lddmc-tablesize=24 --lddmc-maxtablesize=24 --lace-workers=1
ctit010
pnml2lts-sym: Exploration order is chain
pnml2lts-sym: Saturation strategy is sat-like
pnml2lts-sym: Guided search strategy is unguided
pnml2lts-sym: Attractor strategy is default
pnml2lts-sym: opening spec/PNML/Peterson-6.pnml
pnml2lts-sym: Petri net has 1330 places, 2030 transitions and 6272 arcs
pnml2lts-sym: There are 0 safe places
pnml2lts-sym: Petri net spec/PNML/Peterson-6.pnml analyzed
pnml2lts-sym: Loading Petri net took 0.150 real 0.120 user 0.040 sys
pnml2lts-sym: state vector length is 1330; there are 2030 groups and 1330 guards
pnml2lts-sym: Creating a multi-core ListDD domain.
pnml2lts-sym: Using GBgetTransitionsShortR2W as next-state function
pnml2lts-sym: got initial state
pnml2lts-sym: vrel_add_act not supported; falling back to vrel_add_cpy
Killed [24]
1794.38 user, 1.66 system, 1800.82 elapsed -- Max VSize = 3676800KB, Max RSS = 994132KB
command-825: line 5: 13414 CPU time limit exceeded memtime -c1800 -m4000000 pnml2lts-sym spec/PNML/Peterson-6.pnml --saturation=sat-like --order=chain --next-union --vset=lddmc --lddmc-cachesize=24 --lddmc-maxcachesize=24 --lddmc-tablesize=24 --lddmc-maxtablesize=24 --lace-workers=1
