performance run
pnml2lts-sym spec/PNML/railroad-100-pt.pnml -rsc,bg,vgps,hf --saturation=sat-like --order=chain --next-union --vset=lddmc --lddmc-cachesize=24 --lddmc-maxcachesize=24 --lddmc-tablesize=24 --lddmc-maxtablesize=24 --lace-workers=1 --peak-nodes
ctit027
pnml2lts-sym: Exploration order is chain
pnml2lts-sym: Saturation strategy is sat-like
pnml2lts-sym: Guided search strategy is unguided
pnml2lts-sym: Attractor strategy is default
pnml2lts-sym: opening spec/PNML/railroad-100-pt.pnml
pnml2lts-sym: Petri net has 1018 places, 10506 transitions and 62728 arcs
pnml2lts-sym: There are 0 safe places
pnml2lts-sym: Petri net spec/PNML/railroad-100-pt.pnml analyzed
pnml2lts-sym: Loading Petri net took 0.740 real 0.630 user 0.100 sys
pnml2lts-sym: Initializing regrouping layer
pnml2lts-sym: Regroup specification: sc,bg,vgps,hf
pnml2lts-sym: Regroup Select Combined matrix
pnml2lts-sym: Regroup Bipartite Graph
pnml2lts-sym: Regroup ViennaCL's Gibbs Poole Stockmeyer
pnml2lts-sym: Reqroup Horizontal Flip
pnml2lts-sym: Regrouping: 10506->10506 groups
pnml2lts-sym: Regrouping took 1.000 real 0.990 user 0.000 sys
pnml2lts-sym: state vector length is 1018; there are 10506 groups and 718 guards
pnml2lts-sym: Creating a multi-core ListDD domain.
pnml2lts-sym: Using GBgetTransitionsShortR2W as next-state function
pnml2lts-sym: got initial state
pnml2lts-sym: vrel_add_act not supported; falling back to vrel_add_cpy
MDD Unique table full, 14981963 of 16777216 buckets filled!
Exit [1]
364.42 user, 0.71 system, 366.04 elapsed -- Max VSize = 3749708KB, Max RSS = 1078200KB
