statistics run
pnml2lts-sym spec/PNML/cs_repetitions-10-unfolded.pnml -rsc,tg,vcm,mm,hf --graph-metrics --saturation=sat-like --order=chain --next-union --vset=lddmc --lddmc-cachesize=24 --lddmc-maxcachesize=24 --lddmc-tablesize=24 --lddmc-maxtablesize=24 --lace-workers=1 --peak-nodes
ctit031
pnml2lts-sym: Exploration order is chain
pnml2lts-sym: Saturation strategy is sat-like
pnml2lts-sym: Guided search strategy is unguided
pnml2lts-sym: Attractor strategy is default
pnml2lts-sym: opening spec/PNML/cs_repetitions-10-unfolded.pnml
pnml2lts-sym: Petri net has 1311 places, 2300 transitions and 8700 arcs
pnml2lts-sym: There are 0 safe places
pnml2lts-sym: Petri net spec/PNML/cs_repetitions-10-unfolded.pnml analyzed
pnml2lts-sym: Loading Petri net took 0.200 real 0.200 user 0.000 sys
pnml2lts-sym: Initializing regrouping layer
pnml2lts-sym: Regroup specification: sc,tg,vcm,mm,hf
pnml2lts-sym: Regroup Select Combined matrix
pnml2lts-sym: Regroup Total graph
pnml2lts-sym: Regroup ViennaCL's Cuthill McKee
pnml2lts-sym: bandwidth: 5856
pnml2lts-sym: profile: 61015724
pnml2lts-sym: span: 83421738
pnml2lts-sym: average wavefront: 3939.31676
pnml2lts-sym: RMS wavefront: 4265.8114
pnml2lts-sym: Regroup Matrix Metrics
pnml2lts-sym: Reqroup Horizontal Flip
pnml2lts-sym: Regrouping: 2300->2300 groups
pnml2lts-sym: Regrouping took 11.640 real 11.030 user 0.010 sys
pnml2lts-sym: state vector length is 1311; there are 2300 groups and 1311 guards
pnml2lts-sym: Creating a multi-core ListDD domain.
pnml2lts-sym: Using GBgetTransitionsShortR2W as next-state function
pnml2lts-sym: got initial state
pnml2lts-sym: vrel_add_act not supported; falling back to vrel_add_cpy
MDD Unique table full, 15192627 of 16777216 buckets filled!
Event Span: 1596645
Normalized Event Span: 0.5295145
Weighted Event Span, moment 1 (WES^1): 3158292
Normalized Weighted Event Span, moment 1: 1.047422
Exit [1]
52.12 user, 5.47 system, 59.46 elapsed -- Max VSize = 3677124KB, Max RSS = 994036KB
