statistics run
pnml2lts-sym spec/PNML/echo-d3r3.pnml -rsc,tg,vacm,mm,hf --graph-metrics --saturation=sat-like --order=chain --next-union --vset=lddmc --lddmc-cachesize=24 --lddmc-maxcachesize=24 --lddmc-tablesize=24 --lddmc-maxtablesize=24 --lace-workers=1 --peak-nodes
ctit043
pnml2lts-sym: Exploration order is chain
pnml2lts-sym: Saturation strategy is sat-like
pnml2lts-sym: Guided search strategy is unguided
pnml2lts-sym: Attractor strategy is default
pnml2lts-sym: opening spec/PNML/echo-d3r3.pnml
pnml2lts-sym: Petri net has 265 places, 206 transitions and 1252 arcs
pnml2lts-sym: There are 0 safe places
pnml2lts-sym: Petri net spec/PNML/echo-d3r3.pnml analyzed
pnml2lts-sym: Loading Petri net took 0.010 real 0.010 user 0.000 sys
pnml2lts-sym: Initializing regrouping layer
pnml2lts-sym: Regroup specification: sc,tg,vacm,mm,hf
pnml2lts-sym: Regroup Select Combined matrix
pnml2lts-sym: Regroup Total graph
pnml2lts-sym: Regroup ViennaCL's Advanced Cuthill McKee
pnml2lts-sym: bandwidth: 666
pnml2lts-sym: profile: 719306
pnml2lts-sym: span: 983340
pnml2lts-sym: average wavefront: 363.7905
pnml2lts-sym: RMS wavefront: 400.6719
pnml2lts-sym: Regroup Matrix Metrics
pnml2lts-sym: Reqroup Horizontal Flip
pnml2lts-sym: Regrouping: 206->206 groups
pnml2lts-sym: Regrouping took 0.120 real 0.120 user 0.000 sys
pnml2lts-sym: state vector length is 265; there are 206 groups and 238 guards
pnml2lts-sym: Creating a multi-core ListDD domain.
pnml2lts-sym: Using GBgetTransitionsShortR2W as next-state function
pnml2lts-sym: got initial state
pnml2lts-sym: vrel_add_act not supported; falling back to vrel_add_cpy
MDD Unique table full, 15139272 of 16777216 buckets filled!
Event Span: 20363
Normalized Event Span: 0.37302
Weighted Event Span, moment 1 (WES^1): 31319
Normalized Weighted Event Span, moment 1: 0.57372
Exit [1]
264.70 user, 1.06 system, 266.45 elapsed -- Max VSize = 3675068KB, Max RSS = 973000KB
