performance run
pnml2lts-sym spec/PNML/BridgeAndVehicles-V50-P50-N50-unfolded.pnml --saturation=sat-like --order=chain --next-union --vset=lddmc --lddmc-cachesize=24 --lddmc-maxcachesize=24 --lddmc-tablesize=24 --lddmc-maxtablesize=24 --lace-workers=1
ctit021
pnml2lts-sym: Exploration order is chain
pnml2lts-sym: Saturation strategy is sat-like
pnml2lts-sym: Guided search strategy is unguided
pnml2lts-sym: Attractor strategy is default
pnml2lts-sym: opening spec/PNML/BridgeAndVehicles-V50-P50-N50-unfolded.pnml
pnml2lts-sym: Petri net has 168 places, 5408 transitions and 42330 arcs
pnml2lts-sym: There are 0 safe places
pnml2lts-sym: Petri net spec/PNML/BridgeAndVehicles-V50-P50-N50-unfolded.pnml analyzed
pnml2lts-sym: Loading Petri net took 0.420 real 0.340 user 0.080 sys
pnml2lts-sym: state vector length is 168; there are 5408 groups and 167 guards
pnml2lts-sym: Creating a multi-core ListDD domain.
pnml2lts-sym: Using GBgetTransitionsShortR2W as next-state function
pnml2lts-sym: got initial state
pnml2lts-sym: vrel_add_act not supported; falling back to vrel_add_cpy
Killed [24]
1795.00 user, 0.62 system, 1801.27 elapsed -- Max VSize = 3742376KB, Max RSS = 975924KB
command-410: line 5: 46985 CPU time limit exceeded memtime -c1800 -m4000000 pnml2lts-sym spec/PNML/BridgeAndVehicles-V50-P50-N50-unfolded.pnml --saturation=sat-like --order=chain --next-union --vset=lddmc --lddmc-cachesize=24 --lddmc-maxcachesize=24 --lddmc-tablesize=24 --lddmc-maxtablesize=24 --lace-workers=1
