statistics run
pnml2lts-sym spec/PNML/Philosophers-100.pnml -rsc,bg,vcm,mm,hf --graph-metrics --saturation=sat-like --order=chain --next-union --vset=lddmc --lddmc-cachesize=24 --lddmc-maxcachesize=24 --lddmc-tablesize=24 --lddmc-maxtablesize=24 --lace-workers=1 --peak-nodes
ctit040
pnml2lts-sym: Exploration order is chain
pnml2lts-sym: Saturation strategy is sat-like
pnml2lts-sym: Guided search strategy is unguided
pnml2lts-sym: Attractor strategy is default
pnml2lts-sym: opening spec/PNML/Philosophers-100.pnml
pnml2lts-sym: Petri net has 500 places, 500 transitions and 1600 arcs
pnml2lts-sym: There are 0 safe places
pnml2lts-sym: Petri net spec/PNML/Philosophers-100.pnml analyzed
pnml2lts-sym: Loading Petri net took 0.040 real 0.040 user 0.000 sys
pnml2lts-sym: Initializing regrouping layer
pnml2lts-sym: Regroup specification: sc,bg,vcm,mm,hf
pnml2lts-sym: Regroup Select Combined matrix
pnml2lts-sym: Regroup Bipartite Graph
pnml2lts-sym: Regroup ViennaCL's Cuthill McKee
pnml2lts-sym: bandwidth: 11
pnml2lts-sym: profile: 10752
pnml2lts-sym: span: 16364
pnml2lts-sym: average wavefront: 10.223
pnml2lts-sym: RMS wavefront: 10.2749
pnml2lts-sym: Regroup Matrix Metrics
pnml2lts-sym: Reqroup Horizontal Flip
pnml2lts-sym: Regrouping: 500->500 groups
pnml2lts-sym: Regrouping took 0.040 real 0.030 user 0.000 sys
pnml2lts-sym: state vector length is 500; there are 500 groups and 500 guards
pnml2lts-sym: Creating a multi-core ListDD domain.
pnml2lts-sym: Using GBgetTransitionsShortR2W as next-state function
pnml2lts-sym: got initial state
pnml2lts-sym: vrel_add_act not supported; falling back to vrel_add_cpy
pnml2lts-sym: Exploration took 1500 group checks and 1500 next state calls
pnml2lts-sym: reachability took 0.540 real 0.300 user 0.220 sys
pnml2lts-sym: counting visited states...
pnml2lts-sym: counting took 0.000 real 0.000 user 0.000 sys
pnml2lts-sym: state space has 5.15377520732011e+47 states, 3177 nodes
pnml2lts-sym: ( 3177 final BDD nodes; 3177 peak nodes )
pnml2lts-sym: group_next: 3200 nodes total
pnml2lts-sym: group_explored: 4401 nodes, 2800 short vectors total
pnml2lts-sym: max token count: 1
Event Span: 3779
Normalized Event Span: 0.015116
Weighted Event Span, moment 1 (WES^1): 3850.1
Normalized Weighted Event Span, moment 1: 0.0154004
Exit [0]
0.47 user, 0.27 system, 0.90 elapsed -- Max VSize = 3675076KB, Max RSS = 741684KB
