statistics run
pnml2lts-sym spec/PNML/eratosthenes-100.pnml -rsc,bg,bcm,mm,hf --graph-metrics --saturation=sat-like --order=chain --next-union --vset=lddmc --lddmc-cachesize=24 --lddmc-maxcachesize=24 --lddmc-tablesize=24 --lddmc-maxtablesize=24 --lace-workers=1 --peak-nodes
ctit029
pnml2lts-sym: Exploration order is chain
pnml2lts-sym: Saturation strategy is sat-like
pnml2lts-sym: Guided search strategy is unguided
pnml2lts-sym: Attractor strategy is default
pnml2lts-sym: opening spec/PNML/eratosthenes-100.pnml
pnml2lts-sym: Petri net has 99 places, 283 transitions and 849 arcs
pnml2lts-sym: There are 0 safe places
pnml2lts-sym: Petri net spec/PNML/eratosthenes-100.pnml analyzed
pnml2lts-sym: Loading Petri net took 0.020 real 0.010 user 0.000 sys
pnml2lts-sym: Initializing regrouping layer
pnml2lts-sym: Regroup specification: sc,bg,bcm,mm,hf
pnml2lts-sym: Regroup Select Combined matrix
pnml2lts-sym: Regroup Bipartite Graph
pnml2lts-sym: Regroup Boost's Cuthill McKee
pnml2lts-sym: bandwidth: 146
pnml2lts-sym: profile: 32649
pnml2lts-sym: span: 41021
pnml2lts-sym: average wavefront: 50.6806
pnml2lts-sym: RMS wavefront: 62.2415
pnml2lts-sym: Regroup Matrix Metrics
pnml2lts-sym: Reqroup Horizontal Flip
pnml2lts-sym: Regrouping: 283->283 groups
pnml2lts-sym: Regrouping took 0.000 real 0.000 user 0.000 sys
pnml2lts-sym: state vector length is 99; there are 283 groups and 89 guards
pnml2lts-sym: Creating a multi-core ListDD domain.
pnml2lts-sym: Using GBgetTransitionsShortR2W as next-state function
pnml2lts-sym: got initial state
pnml2lts-sym: vrel_add_act not supported; falling back to vrel_add_cpy
pnml2lts-sym: Exploration took 1248 group checks and 1248 next state calls
pnml2lts-sym: reachability took 0.220 real 0.040 user 0.190 sys
pnml2lts-sym: counting visited states...
pnml2lts-sym: counting took 0.000 real 0.000 user 0.000 sys
pnml2lts-sym: state space has 1.88894659314786e+22 states, 173 nodes
pnml2lts-sym: ( 173 final BDD nodes; 173 peak nodes )
pnml2lts-sym: group_next: 1132 nodes total
pnml2lts-sym: group_explored: 986 nodes, 840 short vectors total
pnml2lts-sym: max token count: 1
Event Span: 5625
Normalized Event Span: 0.20077
Weighted Event Span, moment 1 (WES^1): 6318
Normalized Weighted Event Span, moment 1: 0.22551
Exit [0]
0.08 user, 0.25 system, 0.50 elapsed -- Max VSize = 3675068KB, Max RSS = 733772KB
