statistics run
pnml2lts-sym spec/PNML/rwmutex-r1000w10.pnml -rsc,tg,bk,mm,hf --graph-metrics --saturation=sat-like --order=chain --next-union --vset=lddmc --lddmc-cachesize=24 --lddmc-maxcachesize=24 --lddmc-tablesize=24 --lddmc-maxtablesize=24 --lace-workers=1 --peak-nodes
ctit001
pnml2lts-sym: Exploration order is chain
pnml2lts-sym: Saturation strategy is sat-like
pnml2lts-sym: Guided search strategy is unguided
pnml2lts-sym: Attractor strategy is default
pnml2lts-sym: opening spec/PNML/rwmutex-r1000w10.pnml
pnml2lts-sym: Petri net has 3020 places, 2020 transitions and 26040 arcs
pnml2lts-sym: There are 0 safe places
pnml2lts-sym: Petri net spec/PNML/rwmutex-r1000w10.pnml analyzed
pnml2lts-sym: Loading Petri net took 0.330 real 0.300 user 0.030 sys
pnml2lts-sym: Initializing regrouping layer
pnml2lts-sym: Regroup specification: sc,tg,bk,mm,hf
pnml2lts-sym: Regroup Select Combined matrix
pnml2lts-sym: Regroup Total graph
pnml2lts-sym: Regroup Boost's King
pnml2lts-sym: bandwidth: 23905
pnml2lts-sym: profile: 431944690
pnml2lts-sym: span: 526824326
pnml2lts-sym: average wavefront: 5991.02899
pnml2lts-sym: RMS wavefront: 7006.52318
pnml2lts-sym: Regroup Matrix Metrics
pnml2lts-sym: Reqroup Horizontal Flip
pnml2lts-sym: Regrouping: 2020->2020 groups
pnml2lts-sym: Regrouping took 45.920 real 45.800 user 0.030 sys
pnml2lts-sym: state vector length is 3020; there are 2020 groups and 3020 guards
pnml2lts-sym: Creating a multi-core ListDD domain.
pnml2lts-sym: Using GBgetTransitionsShortR2W as next-state function
pnml2lts-sym: got initial state
pnml2lts-sym: vrel_add_act not supported; falling back to vrel_add_cpy
MDD Unique table full, 15248144 of 16777216 buckets filled!
Event Span: 3055184
Normalized Event Span: 0.500817
Weighted Event Span, moment 1 (WES^1): 4297681
Normalized Weighted Event Span, moment 1: 0.7044917
Exit [1]
80.74 user, 0.87 system, 81.88 elapsed -- Max VSize = 3679488KB, Max RSS = 1017204KB
