performance run
pnml2lts-sym spec/PNML/MAPK-8.pnml --saturation=sat-like --order=chain --next-union --vset=lddmc --lddmc-cachesize=24 --lddmc-maxcachesize=24 --lddmc-tablesize=24 --lddmc-maxtablesize=24 --lace-workers=1
ctit007
pnml2lts-sym: Exploration order is chain
pnml2lts-sym: Saturation strategy is sat-like
pnml2lts-sym: Guided search strategy is unguided
pnml2lts-sym: Attractor strategy is default
pnml2lts-sym: opening spec/PNML/MAPK-8.pnml
pnml2lts-sym: Petri net has 22 places, 30 transitions and 90 arcs
pnml2lts-sym: There are 0 safe places
pnml2lts-sym: Petri net spec/PNML/MAPK-8.pnml analyzed
pnml2lts-sym: Loading Petri net took 0.010 real 0.000 user 0.000 sys
pnml2lts-sym: state vector length is 22; there are 30 groups and 22 guards
pnml2lts-sym: Creating a multi-core ListDD domain.
pnml2lts-sym: Using GBgetTransitionsShortR2W as next-state function
pnml2lts-sym: got initial state
pnml2lts-sym: vrel_add_act not supported; falling back to vrel_add_cpy
pnml2lts-sym: Exploration took 438 group checks and 438 next state calls
pnml2lts-sym: reachability took 1.330 real 1.050 user 0.280 sys
pnml2lts-sym: counting visited states...
pnml2lts-sym: counting took 0.010 real 0.000 user 0.000 sys
pnml2lts-sym: state space has 6110643 states, 26457 nodes
pnml2lts-sym: group_next: 1709 nodes total
pnml2lts-sym: group_explored: 1404 nodes, 2112 short vectors total
pnml2lts-sym: max token count: 8
Exit [0]
1.06 user, 0.34 system, 1.50 elapsed -- Max VSize = 3675064KB, Max RSS = 732936KB
