statistics run
pnml2lts-sym spec/PNML/BridgeAndVehicles-V50-P50-N50-unfolded.pnml -rsc,tg,vcm,mm,hf --graph-metrics --saturation=sat-like --order=chain --next-union --vset=lddmc --lddmc-cachesize=24 --lddmc-maxcachesize=24 --lddmc-tablesize=24 --lddmc-maxtablesize=24 --lace-workers=1 --peak-nodes
ctit021
pnml2lts-sym: Exploration order is chain
pnml2lts-sym: Saturation strategy is sat-like
pnml2lts-sym: Guided search strategy is unguided
pnml2lts-sym: Attractor strategy is default
pnml2lts-sym: opening spec/PNML/BridgeAndVehicles-V50-P50-N50-unfolded.pnml
pnml2lts-sym: Petri net has 168 places, 5408 transitions and 42330 arcs
pnml2lts-sym: There are 0 safe places
pnml2lts-sym: Petri net spec/PNML/BridgeAndVehicles-V50-P50-N50-unfolded.pnml analyzed
pnml2lts-sym: Loading Petri net took 0.520 real 0.420 user 0.090 sys
pnml2lts-sym: Initializing regrouping layer
pnml2lts-sym: Regroup specification: sc,tg,vcm,mm,hf
pnml2lts-sym: Regroup Select Combined matrix
pnml2lts-sym: Regroup Total graph
pnml2lts-sym: Regroup ViennaCL's Cuthill McKee
pnml2lts-sym: bandwidth: 26617
pnml2lts-sym: profile: 575731089
pnml2lts-sym: span: 768514596
pnml2lts-sym: average wavefront: 12550.34015
pnml2lts-sym: RMS wavefront: 14324.48244
pnml2lts-sym: Regroup Matrix Metrics
pnml2lts-sym: Reqroup Horizontal Flip
pnml2lts-sym: Regrouping: 5408->5408 groups
pnml2lts-sym: Regrouping took 251.610 real 250.640 user 0.110 sys
pnml2lts-sym: state vector length is 168; there are 5408 groups and 167 guards
pnml2lts-sym: Creating a multi-core ListDD domain.
pnml2lts-sym: Using GBgetTransitionsShortR2W as next-state function
pnml2lts-sym: got initial state
pnml2lts-sym: vrel_add_act not supported; falling back to vrel_add_cpy
Killed [24]
1794.59 user, 0.59 system, 1801.35 elapsed -- Max VSize = 3742380KB, Max RSS = 839620KB
command-861: line 5:  4101 CPU time limit exceeded memtime -c1800 -m4000000 pnml2lts-sym spec/PNML/BridgeAndVehicles-V50-P50-N50-unfolded.pnml -rsc,tg,vcm,mm,hf --graph-metrics --saturation=sat-like --order=chain --next-union --vset=lddmc --lddmc-cachesize=24 --lddmc-maxcachesize=24 --lddmc-tablesize=24 --lddmc-maxtablesize=24 --lace-workers=1 --peak-nodes
