statistics run
pnml2lts-sym spec/PNML/parking_1_4.pnml -rsc,tg,vcm,mm,hf --graph-metrics --saturation=sat-like --order=chain --next-union --vset=lddmc --lddmc-cachesize=24 --lddmc-maxcachesize=24 --lddmc-tablesize=24 --lddmc-maxtablesize=24 --lace-workers=1 --peak-nodes
ctit014
pnml2lts-sym: Exploration order is chain
pnml2lts-sym: Saturation strategy is sat-like
pnml2lts-sym: Guided search strategy is unguided
pnml2lts-sym: Attractor strategy is default
pnml2lts-sym: opening spec/PNML/parking_1_4.pnml
pnml2lts-sym: Petri net has 65 places, 97 transitions and 284 arcs
pnml2lts-sym: There are 65 safe places
pnml2lts-sym: Petri net spec/PNML/parking_1_4.pnml analyzed
pnml2lts-sym: Loading Petri net took 0.010 real 0.000 user 0.000 sys
pnml2lts-sym: Initializing regrouping layer
pnml2lts-sym: Regroup specification: sc,tg,vcm,mm,hf
pnml2lts-sym: Regroup Select Combined matrix
pnml2lts-sym: Regroup Total graph
pnml2lts-sym: Regroup ViennaCL's Cuthill McKee
pnml2lts-sym: bandwidth: 207
pnml2lts-sym: profile: 61197
pnml2lts-sym: span: 84541
pnml2lts-sym: average wavefront: 113.27
pnml2lts-sym: RMS wavefront: 127.985
pnml2lts-sym: Regroup Matrix Metrics
pnml2lts-sym: Reqroup Horizontal Flip
pnml2lts-sym: Regrouping: 97->97 groups
pnml2lts-sym: Regrouping took 0.000 real 0.000 user 0.000 sys
pnml2lts-sym: state vector length is 65; there are 97 groups and 65 guards
pnml2lts-sym: Creating a multi-core ListDD domain.
pnml2lts-sym: Using GBgetTransitionsShortR2W as next-state function
pnml2lts-sym: got initial state
pnml2lts-sym: vrel_add_act not supported; falling back to vrel_add_cpy
pnml2lts-sym: Exploration took 1986 group checks and 1986 next state calls
pnml2lts-sym: reachability took 0.770 real 0.610 user 0.160 sys
pnml2lts-sym: counting visited states...
pnml2lts-sym: counting took 0.000 real 0.000 user 0.000 sys
pnml2lts-sym: state space has 31745 states, 23085 nodes
pnml2lts-sym: ( 23085 final BDD nodes; 23283 peak nodes )
pnml2lts-sym: group_next: 407 nodes total
pnml2lts-sym: group_explored: 278 nodes, 260 short vectors total
pnml2lts-sym: max token count: 1
Event Span: 2397
Normalized Event Span: 0.3802
Weighted Event Span, moment 1 (WES^1): 3496
Normalized Weighted Event Span, moment 1: 0.5544
Exit [0]
0.62 user, 0.23 system, 1.00 elapsed -- Max VSize = 3675068KB, Max RSS = 733148KB
