performance run
pnml2lts-sym spec/PNML/echo-d2r9.pnml -rsc,f,rs,hf --saturation=sat-like --order=chain --next-union --vset=lddmc --lddmc-cachesize=24 --lddmc-maxcachesize=24 --lddmc-tablesize=24 --lddmc-maxtablesize=24 --lace-workers=1 --peak-nodes
ctit043
pnml2lts-sym: Exploration order is chain
pnml2lts-sym: Saturation strategy is sat-like
pnml2lts-sym: Guided search strategy is unguided
pnml2lts-sym: Attractor strategy is default
pnml2lts-sym: opening spec/PNML/echo-d2r9.pnml
pnml2lts-sym: Petri net has 735 places, 570 transitions and 3220 arcs
pnml2lts-sym: There are 0 safe places
pnml2lts-sym: Petri net spec/PNML/echo-d2r9.pnml analyzed
pnml2lts-sym: Loading Petri net took 0.040 real 0.040 user 0.000 sys
pnml2lts-sym: Initializing regrouping layer
pnml2lts-sym: Regroup specification: sc,f,rs,hf
pnml2lts-sym: Regroup Select Combined matrix
pnml2lts-sym: Regroup FORCE
pnml2lts-sym: Regroup Row Sort
pnml2lts-sym: Reqroup Horizontal Flip
pnml2lts-sym: Regrouping: 570->570 groups
pnml2lts-sym: Regrouping took 0.610 real 0.600 user 0.000 sys
pnml2lts-sym: state vector length is 735; there are 570 groups and 654 guards
pnml2lts-sym: Creating a multi-core ListDD domain.
pnml2lts-sym: Using GBgetTransitionsShortR2W as next-state function
pnml2lts-sym: got initial state
pnml2lts-sym: vrel_add_act not supported; falling back to vrel_add_cpy
Killed [24]
1796.04 user, 0.65 system, 1808.50 elapsed -- Max VSize = 3675072KB, Max RSS = 905652KB
command-14909: line 5: 52647 CPU time limit exceeded memtime -c1800 -m4000000 pnml2lts-sym spec/PNML/echo-d2r9.pnml -rsc,f,rs,hf --saturation=sat-like --order=chain --next-union --vset=lddmc --lddmc-cachesize=24 --lddmc-maxcachesize=24 --lddmc-tablesize=24 --lddmc-maxtablesize=24 --lace-workers=1 --peak-nodes
