statistics run
pnml2lts-sym spec/PNML/sg-4-2-4.pnml -rsc,bg,bcm,mm,hf --graph-metrics --saturation=sat-like --order=chain --next-union --vset=lddmc --lddmc-cachesize=24 --lddmc-maxcachesize=24 --lddmc-tablesize=24 --lddmc-maxtablesize=24 --lace-workers=1 --peak-nodes
ctit031
pnml2lts-sym: Exploration order is chain
pnml2lts-sym: Saturation strategy is sat-like
pnml2lts-sym: Guided search strategy is unguided
pnml2lts-sym: Attractor strategy is default
pnml2lts-sym: opening spec/PNML/sg-4-2-4.pnml
pnml2lts-sym: Petri net has 240 places, 272 transitions and 1088 arcs
pnml2lts-sym: There are 0 safe places
pnml2lts-sym: Petri net spec/PNML/sg-4-2-4.pnml analyzed
pnml2lts-sym: Loading Petri net took 0.050 real 0.010 user 0.000 sys
pnml2lts-sym: Initializing regrouping layer
pnml2lts-sym: Regroup specification: sc,bg,bcm,mm,hf
pnml2lts-sym: Regroup Select Combined matrix
pnml2lts-sym: Regroup Bipartite Graph
pnml2lts-sym: Regroup Boost's Cuthill McKee
pnml2lts-sym: bandwidth: 43
pnml2lts-sym: profile: 13758
pnml2lts-sym: span: 23498
pnml2lts-sym: average wavefront: 22.9297
pnml2lts-sym: RMS wavefront: 24.8126
pnml2lts-sym: Regroup Matrix Metrics
pnml2lts-sym: Reqroup Horizontal Flip
pnml2lts-sym: Regrouping: 272->272 groups
pnml2lts-sym: Regrouping took 0.030 real 0.010 user 0.000 sys
pnml2lts-sym: state vector length is 240; there are 272 groups and 240 guards
pnml2lts-sym: Creating a multi-core ListDD domain.
pnml2lts-sym: Using GBgetTransitionsShortR2W as next-state function
pnml2lts-sym: got initial state
pnml2lts-sym: vrel_add_act not supported; falling back to vrel_add_cpy
slurmd[ctit031]: *** STEP 1648912.0 CANCELLED AT 2016-02-24T10:44:17 DUE TO TIME LIMIT ***
