statistics run
pnml2lts-sym spec/PNML/2D8_gradient_50x50_10.pnml -rsc,bn,rs,mm,hf --noack=2 --graph-metrics --saturation=sat-like --order=chain --next-union --vset=lddmc --lddmc-cachesize=24 --lddmc-maxcachesize=24 --lddmc-tablesize=24 --lddmc-maxtablesize=24 --lace-workers=1 --peak-nodes
ctit019
pnml2lts-sym: Exploration order is chain
pnml2lts-sym: Saturation strategy is sat-like
pnml2lts-sym: Guided search strategy is unguided
pnml2lts-sym: Attractor strategy is default
pnml2lts-sym: opening spec/PNML/2D8_gradient_50x50_10.pnml
pnml2lts-sym: Petri net has 2500 places, 19404 transitions and 38808 arcs
pnml2lts-sym: There are 0 safe places
pnml2lts-sym: Petri net spec/PNML/2D8_gradient_50x50_10.pnml analyzed
pnml2lts-sym: Computing Noack2 order
pnml2lts-sym: Computing Noack2 order took 1.100 real 1.110 user 0.000 sys
pnml2lts-sym: Loading Petri net took 3.000 real 2.860 user 0.120 sys
pnml2lts-sym: Initializing regrouping layer
pnml2lts-sym: Got state vector permutation from language front-end; permuting columns
pnml2lts-sym: Regroup specification: sc,bn,rs,mm,hf
pnml2lts-sym: Regroup Select Combined matrix
pnml2lts-sym: Regroup Boost's None
pnml2lts-sym: bandwidth: 20754
pnml2lts-sym: profile: 242812198
pnml2lts-sym: span: 5892628
pnml2lts-sym: average wavefront: 1367.3792
pnml2lts-sym: RMS wavefront: 1547.63561
pnml2lts-sym: Regroup Row Sort
pnml2lts-sym: Regroup Matrix Metrics
pnml2lts-sym: Reqroup Horizontal Flip
pnml2lts-sym: Regrouping: 19404->19404 groups
pnml2lts-sym: Regrouping took 33.240 real 33.020 user 0.130 sys
pnml2lts-sym: state vector length is 2500; there are 19404 groups and 2500 guards
pnml2lts-sym: Creating a multi-core ListDD domain.
cache_create: Unable to allocate memory: Cannot allocate memory!
Event Span: 716308
Normalized Event Span: 0.014766193
Weighted Event Span, moment 1 (WES^1): 799173.12
Normalized Weighted Event Span, moment 1: 0.0164744
Exit [1]
35.89 user, 0.30 system, 36.44 elapsed -- Max VSize = 2930780KB, Max RSS = 285588KB
