statistics run
pnml2lts-sym spec/PNML/BridgeAndVehicles-V50-P20-N10-unfolded.pnml -rsc,tg,bk,mm,hf --graph-metrics --saturation=sat-like --order=chain --next-union --vset=lddmc --lddmc-cachesize=24 --lddmc-maxcachesize=24 --lddmc-tablesize=24 --lddmc-maxtablesize=24 --lace-workers=1 --peak-nodes
ctit004
pnml2lts-sym: Exploration order is chain
pnml2lts-sym: Saturation strategy is sat-like
pnml2lts-sym: Guided search strategy is unguided
pnml2lts-sym: Attractor strategy is default
pnml2lts-sym: opening spec/PNML/BridgeAndVehicles-V50-P20-N10-unfolded.pnml
pnml2lts-sym: Petri net has 128 places, 1328 transitions and 10010 arcs
pnml2lts-sym: There are 0 safe places
pnml2lts-sym: Petri net spec/PNML/BridgeAndVehicles-V50-P20-N10-unfolded.pnml analyzed
pnml2lts-sym: Loading Petri net took 0.110 real 0.100 user 0.010 sys
pnml2lts-sym: Initializing regrouping layer
pnml2lts-sym: Regroup specification: sc,tg,bk,mm,hf
pnml2lts-sym: Regroup Select Combined matrix
pnml2lts-sym: Regroup Total graph
pnml2lts-sym: Regroup Boost's King
pnml2lts-sym: bandwidth: 5247
pnml2lts-sym: profile: 29081444
pnml2lts-sym: span: 37013135
pnml2lts-sym: average wavefront: 1160.9804
pnml2lts-sym: RMS wavefront: 1282.3696
pnml2lts-sym: Regroup Matrix Metrics
pnml2lts-sym: Reqroup Horizontal Flip
pnml2lts-sym: Regrouping: 1328->1328 groups
pnml2lts-sym: Regrouping took 2.400 real 2.380 user 0.000 sys
pnml2lts-sym: state vector length is 128; there are 1328 groups and 127 guards
pnml2lts-sym: Creating a multi-core ListDD domain.
pnml2lts-sym: Using GBgetTransitionsShortR2W as next-state function
pnml2lts-sym: got initial state
pnml2lts-sym: vrel_add_act not supported; falling back to vrel_add_cpy
Killed [24]
1796.47 user, 0.48 system, 1803.01 elapsed -- Max VSize = 3675284KB, Max RSS = 917272KB
command-779: line 5: 13248 CPU time limit exceeded memtime -c1800 -m4000000 pnml2lts-sym spec/PNML/BridgeAndVehicles-V50-P20-N10-unfolded.pnml -rsc,tg,bk,mm,hf --graph-metrics --saturation=sat-like --order=chain --next-union --vset=lddmc --lddmc-cachesize=24 --lddmc-maxcachesize=24 --lddmc-tablesize=24 --lddmc-maxtablesize=24 --lace-workers=1 --peak-nodes
