statistics run
pnml2lts-sym spec/PNML/2D8_gradient_30x30_10.pnml -rsc,bg,bk,mm,hf --graph-metrics --saturation=sat-like --order=chain --next-union --vset=lddmc --lddmc-cachesize=24 --lddmc-maxcachesize=24 --lddmc-tablesize=24 --lddmc-maxtablesize=24 --lace-workers=1 --peak-nodes
ctit039
pnml2lts-sym: Exploration order is chain
pnml2lts-sym: Saturation strategy is sat-like
pnml2lts-sym: Guided search strategy is unguided
pnml2lts-sym: Attractor strategy is default
pnml2lts-sym: opening spec/PNML/2D8_gradient_30x30_10.pnml
pnml2lts-sym: Petri net has 900 places, 6844 transitions and 13688 arcs
pnml2lts-sym: There are 0 safe places
pnml2lts-sym: Petri net spec/PNML/2D8_gradient_30x30_10.pnml analyzed
pnml2lts-sym: Loading Petri net took 0.310 real 0.260 user 0.050 sys
pnml2lts-sym: Initializing regrouping layer
pnml2lts-sym: Regroup specification: sc,bg,bk,mm,hf
pnml2lts-sym: Regroup Select Combined matrix
pnml2lts-sym: Regroup Bipartite Graph
pnml2lts-sym: Regroup Boost's King
pnml2lts-sym: bandwidth: 376
pnml2lts-sym: profile: 1487974
pnml2lts-sym: span: 1785593
pnml2lts-sym: average wavefront: 114.03228
pnml2lts-sym: RMS wavefront: 127.26339
pnml2lts-sym: Regroup Matrix Metrics
pnml2lts-sym: Reqroup Horizontal Flip
pnml2lts-sym: Regrouping: 6844->6844 groups
pnml2lts-sym: Regrouping took 1.360 real 1.350 user 0.000 sys
pnml2lts-sym: state vector length is 900; there are 6844 groups and 900 guards
pnml2lts-sym: Creating a multi-core ListDD domain.
pnml2lts-sym: Using GBgetTransitionsShortR2W as next-state function
pnml2lts-sym: got initial state
pnml2lts-sym: vrel_add_act not supported; falling back to vrel_add_cpy
pnml2lts-sym: Exploration took 71172 group checks and 71172 next state calls
pnml2lts-sym: reachability took 106.960 real 98.590 user 0.200 sys
pnml2lts-sym: counting visited states...
pnml2lts-sym: counting took 0.000 real 0.000 user 0.000 sys
pnml2lts-sym: state space has 1.00995211163134e+23 states, 59290 nodes
pnml2lts-sym: ( 59290 final BDD nodes; 59290 peak nodes )
pnml2lts-sym: group_next: 581740 nodes total
pnml2lts-sym: group_explored: 526988 nodes, 451704 short vectors total
pnml2lts-sym: max token count: 10
Event Span: 180468
Normalized Event Span: 0.02929866
Weighted Event Span, moment 1 (WES^1): 192151.2
Normalized Weighted Event Span, moment 1: 0.0311954
Exit [0]
101.55 user, 0.31 system, 110.31 elapsed -- Max VSize = 3679284KB, Max RSS = 992008KB
