statistics run
pnml2lts-sym spec/PNML/open_system_0.pnml -rsc,bg,vcm,mm,hf --graph-metrics --saturation=sat-like --order=chain --next-union --vset=lddmc --lddmc-cachesize=24 --lddmc-maxcachesize=24 --lddmc-tablesize=24 --lddmc-maxtablesize=24 --lace-workers=1 --peak-nodes
ctit024
pnml2lts-sym: Exploration order is chain
pnml2lts-sym: Saturation strategy is sat-like
pnml2lts-sym: Guided search strategy is unguided
pnml2lts-sym: Attractor strategy is default
pnml2lts-sym: opening spec/PNML/open_system_0.pnml
pnml2lts-sym: Petri net has 198 places, 176 transitions and 730 arcs
pnml2lts-sym: There are 0 safe places
pnml2lts-sym: Petri net spec/PNML/open_system_0.pnml analyzed
pnml2lts-sym: Loading Petri net took 0.010 real 0.010 user 0.000 sys
pnml2lts-sym: Initializing regrouping layer
pnml2lts-sym: Regroup specification: sc,bg,vcm,mm,hf
pnml2lts-sym: Regroup Select Combined matrix
pnml2lts-sym: Regroup Bipartite Graph
pnml2lts-sym: Regroup ViennaCL's Cuthill McKee
pnml2lts-sym: bandwidth: 61
pnml2lts-sym: profile: 12600
pnml2lts-sym: span: 18429
pnml2lts-sym: average wavefront: 29.0829
pnml2lts-sym: RMS wavefront: 34.2892
pnml2lts-sym: Regroup Matrix Metrics
pnml2lts-sym: Reqroup Horizontal Flip
pnml2lts-sym: Regrouping: 176->176 groups
pnml2lts-sym: Regrouping took 0.000 real 0.000 user 0.000 sys
pnml2lts-sym: state vector length is 198; there are 176 groups and 198 guards
pnml2lts-sym: Creating a multi-core ListDD domain.
pnml2lts-sym: Using GBgetTransitionsShortR2W as next-state function
pnml2lts-sym: got initial state
pnml2lts-sym: vrel_add_act not supported; falling back to vrel_add_cpy
pnml2lts-sym: Exploration took 36750 group checks and 36750 next state calls
pnml2lts-sym: reachability took 2.770 real 2.580 user 0.190 sys
pnml2lts-sym: counting visited states...
pnml2lts-sym: counting took 0.000 real 0.000 user 0.000 sys
pnml2lts-sym: state space has 2776936 states, 10075 nodes
pnml2lts-sym: ( 10075 final BDD nodes; 11542 peak nodes )
pnml2lts-sym: group_next: 1250 nodes total
pnml2lts-sym: group_explored: 1691 nodes, 911 short vectors total
pnml2lts-sym: max token count: 1
Event Span: 5027
Normalized Event Span: 0.14426
Weighted Event Span, moment 1 (WES^1): 6491.5
Normalized Weighted Event Span, moment 1: 0.18628
Exit [0]
2.62 user, 0.26 system, 3.00 elapsed -- Max VSize = 3675068KB, Max RSS = 737200KB
