statistics run
pnml2lts-sym spec/PNML/soli0_square5.pnml -rsc,bn,rs,mm,hf --noack=1 --graph-metrics --saturation=sat-like --order=chain --next-union --vset=lddmc --lddmc-cachesize=24 --lddmc-maxcachesize=24 --lddmc-tablesize=24 --lddmc-maxtablesize=24 --lace-workers=1 --peak-nodes
ctit017
pnml2lts-sym: Exploration order is chain
pnml2lts-sym: Saturation strategy is sat-like
pnml2lts-sym: Guided search strategy is unguided
pnml2lts-sym: Attractor strategy is default
pnml2lts-sym: opening spec/PNML/soli0_square5.pnml
pnml2lts-sym: Petri net has 50 places, 84 transitions and 456 arcs
pnml2lts-sym: There are 0 safe places
pnml2lts-sym: Petri net spec/PNML/soli0_square5.pnml analyzed
pnml2lts-sym: Computing Noack1 order
pnml2lts-sym: Computing Noack1 order took 0.000 real 0.000 user 0.000 sys
pnml2lts-sym: Loading Petri net took 0.010 real 0.000 user 0.010 sys
pnml2lts-sym: Initializing regrouping layer
pnml2lts-sym: Got state vector permutation from language front-end; permuting columns
pnml2lts-sym: Regroup specification: sc,bn,rs,mm,hf
pnml2lts-sym: Regroup Select Combined matrix
pnml2lts-sym: Regroup Boost's None
pnml2lts-sym: bandwidth: 123
pnml2lts-sym: profile: 10601
pnml2lts-sym: span: 3140
pnml2lts-sym: average wavefront: 33.366
pnml2lts-sym: RMS wavefront: 36.568
pnml2lts-sym: Regroup Row Sort
pnml2lts-sym: Regroup Matrix Metrics
pnml2lts-sym: Reqroup Horizontal Flip
pnml2lts-sym: Regrouping: 84->84 groups
pnml2lts-sym: Regrouping took 0.000 real 0.000 user 0.000 sys
pnml2lts-sym: state vector length is 50; there are 84 groups and 50 guards
pnml2lts-sym: Creating a multi-core ListDD domain.
pnml2lts-sym: Using GBgetTransitionsShortR2W as next-state function
pnml2lts-sym: got initial state
pnml2lts-sym: vrel_add_act not supported; falling back to vrel_add_cpy
pnml2lts-sym: Exploration took 5376 group checks and 5376 next state calls
pnml2lts-sym: reachability took 18.330 real 17.720 user 0.190 sys
pnml2lts-sym: counting visited states...
pnml2lts-sym: counting took 0.000 real 0.000 user 0.000 sys
pnml2lts-sym: state space has 16098428 states, 69285 nodes
pnml2lts-sym: ( 69285 final BDD nodes; 93234 peak nodes )
pnml2lts-sym: group_next: 912 nodes total
pnml2lts-sym: group_explored: 912 nodes, 576 short vectors total
pnml2lts-sym: max token count: 1
Event Span: 1064
Normalized Event Span: 0.2533
Weighted Event Span, moment 1 (WES^1): 1449
Normalized Weighted Event Span, moment 1: 0.3449
Exit [0]
17.72 user, 0.27 system, 18.56 elapsed -- Max VSize = 3675068KB, Max RSS = 760896KB
