performance run
pnml2lts-sym spec/PNML/philo_dyn-20-unfolded.pnml -rrs,hf --noack=1 --saturation=sat-like --order=chain --next-union --vset=lddmc --lddmc-cachesize=24 --lddmc-maxcachesize=24 --lddmc-tablesize=24 --lddmc-maxtablesize=24 --lace-workers=1 --peak-nodes
ctit017
pnml2lts-sym: Exploration order is chain
pnml2lts-sym: Saturation strategy is sat-like
pnml2lts-sym: Guided search strategy is unguided
pnml2lts-sym: Attractor strategy is default
pnml2lts-sym: opening spec/PNML/philo_dyn-20-unfolded.pnml
pnml2lts-sym: Petri net has 540 places, 17220 transitions and 140780 arcs
pnml2lts-sym: There are 0 safe places
pnml2lts-sym: Petri net spec/PNML/philo_dyn-20-unfolded.pnml analyzed
pnml2lts-sym: Computing Noack1 order
pnml2lts-sym: Computing Noack1 order took 5.550 real 5.540 user 0.000 sys
pnml2lts-sym: Loading Petri net took 7.310 real 7.020 user 0.270 sys
pnml2lts-sym: Initializing regrouping layer
pnml2lts-sym: Got state vector permutation from language front-end; permuting columns
pnml2lts-sym: Regroup specification: rs,hf
pnml2lts-sym: Regroup Row Sort
pnml2lts-sym: Reqroup Horizontal Flip
pnml2lts-sym: Regrouping: 17220->17220 groups
pnml2lts-sym: Regrouping took 0.910 real 0.910 user 0.000 sys
pnml2lts-sym: state vector length is 540; there are 17220 groups and 580 guards
pnml2lts-sym: Creating a multi-core ListDD domain.
cache_create: Unable to allocate memory: Cannot allocate memory!
Exit [1]
7.94 user, 0.32 system, 8.41 elapsed -- Max VSize = 2962332KB, Max RSS = 285276KB
