performance run
pnml2lts-sym spec/PNML/database4UNFOLD.pnml -rrs,hf --noack=1 --saturation=sat-like --order=chain --next-union --vset=lddmc --lddmc-cachesize=24 --lddmc-maxcachesize=24 --lddmc-tablesize=24 --lddmc-maxtablesize=24 --lace-workers=1 --peak-nodes
ctit021
pnml2lts-sym: Exploration order is chain
pnml2lts-sym: Saturation strategy is sat-like
pnml2lts-sym: Guided search strategy is unguided
pnml2lts-sym: Attractor strategy is default
pnml2lts-sym: opening spec/PNML/database4UNFOLD.pnml
pnml2lts-sym: Petri net has 140 places, 128 transitions and 416 arcs
pnml2lts-sym: There are 0 safe places
pnml2lts-sym: Petri net spec/PNML/database4UNFOLD.pnml analyzed
pnml2lts-sym: Computing Noack1 order
pnml2lts-sym: Computing Noack1 order took 0.000 real 0.000 user 0.000 sys
pnml2lts-sym: Loading Petri net took 0.010 real 0.000 user 0.010 sys
pnml2lts-sym: Initializing regrouping layer
pnml2lts-sym: Got state vector permutation from language front-end; permuting columns
pnml2lts-sym: Regroup specification: rs,hf
pnml2lts-sym: Regroup Row Sort
pnml2lts-sym: Reqroup Horizontal Flip
pnml2lts-sym: Regrouping: 128->128 groups
pnml2lts-sym: Regrouping took 0.000 real 0.000 user 0.000 sys
pnml2lts-sym: state vector length is 140; there are 128 groups and 140 guards
pnml2lts-sym: Creating a multi-core ListDD domain.
pnml2lts-sym: Using GBgetTransitionsShortR2W as next-state function
pnml2lts-sym: got initial state
pnml2lts-sym: vrel_add_act not supported; falling back to vrel_add_cpy
pnml2lts-sym: Exploration took 2249 group checks and 2249 next state calls
pnml2lts-sym: reachability took 61.780 real 61.400 user 0.190 sys
pnml2lts-sym: counting visited states...
pnml2lts-sym: counting took 0.020 real 0.020 user 0.000 sys
pnml2lts-sym: state space has 4717886881 states, 429723 nodes
pnml2lts-sym: ( 429723 final BDD nodes; 531293 peak nodes )
pnml2lts-sym: group_next: 832 nodes total
pnml2lts-sym: group_explored: 1329 nodes, 1024 short vectors total
pnml2lts-sym: max token count: 1
Exit [0]
61.44 user, 0.27 system, 62.06 elapsed -- Max VSize = 3675080KB, Max RSS = 763548KB
