statistics run
pnml2lts-sym spec/PNML/PolyORB-NT-S10-J60-unfolded.pnml -rsc,bg,vacm,mm,hf --graph-metrics --saturation=sat-like --order=chain --next-union --vset=lddmc --lddmc-cachesize=24 --lddmc-maxcachesize=24 --lddmc-tablesize=24 --lddmc-maxtablesize=24 --lace-workers=1 --peak-nodes
ctit029
pnml2lts-sym: Exploration order is chain
pnml2lts-sym: Saturation strategy is sat-like
pnml2lts-sym: Guided search strategy is unguided
pnml2lts-sym: Attractor strategy is default
pnml2lts-sym: opening spec/PNML/PolyORB-NT-S10-J60-unfolded.pnml
pnml2lts-sym: Petri net has 1234 places, 12920 transitions and 116879 arcs
pnml2lts-sym: There are 0 safe places
pnml2lts-sym: Petri net spec/PNML/PolyORB-NT-S10-J60-unfolded.pnml analyzed
pnml2lts-sym: Loading Petri net took 1.940 real 1.620 user 0.310 sys
pnml2lts-sym: Initializing regrouping layer
pnml2lts-sym: Regroup specification: sc,bg,vacm,mm,hf
pnml2lts-sym: Regroup Select Combined matrix
pnml2lts-sym: Regroup Bipartite Graph
pnml2lts-sym: Regroup ViennaCL's Advanced Cuthill McKee
pnml2lts-sym: bandwidth: 11126
pnml2lts-sym: profile: 95369544
pnml2lts-sym: span: 127480832
pnml2lts-sym: average wavefront: 4514.38922
pnml2lts-sym: RMS wavefront: 5721.0559
pnml2lts-sym: Regroup Matrix Metrics
pnml2lts-sym: Reqroup Horizontal Flip
pnml2lts-sym: Regrouping: 12920->12920 groups
pnml2lts-sym: Regrouping took 92.910 real 92.510 user 0.050 sys
pnml2lts-sym: state vector length is 1234; there are 12920 groups and 1269 guards
pnml2lts-sym: Creating a multi-core ListDD domain.
cache_create: Unable to allocate memory: Cannot allocate memory!
Event Span: 1208426
Normalized Event Span: 0.075795319
Weighted Event Span, moment 1 (WES^1): 2197911.1
Normalized Weighted Event Span, moment 1: 0.13785815
Exit [1]
94.14 user, 0.41 system, 95.10 elapsed -- Max VSize = 2899704KB, Max RSS = 269600KB
