statistics run
pnml2lts-sym spec/PNML/QCertifProtocol_02-unfold.pnml -rsc,tg,bk,mm,hf --graph-metrics --saturation=sat-like --order=chain --next-union --vset=lddmc --lddmc-cachesize=24 --lddmc-maxcachesize=24 --lddmc-tablesize=24 --lddmc-maxtablesize=24 --lace-workers=1 --peak-nodes
ctit023
pnml2lts-sym: Exploration order is chain
pnml2lts-sym: Saturation strategy is sat-like
pnml2lts-sym: Guided search strategy is unguided
pnml2lts-sym: Attractor strategy is default
pnml2lts-sym: opening spec/PNML/QCertifProtocol_02-unfold.pnml
pnml2lts-sym: Petri net has 86 places, 56 transitions and 223 arcs
pnml2lts-sym: There are 0 safe places
pnml2lts-sym: Petri net spec/PNML/QCertifProtocol_02-unfold.pnml analyzed
pnml2lts-sym: Loading Petri net took 0.000 real 0.000 user 0.000 sys
pnml2lts-sym: Initializing regrouping layer
pnml2lts-sym: Regroup specification: sc,tg,bk,mm,hf
pnml2lts-sym: Regroup Select Combined matrix
pnml2lts-sym: Regroup Total graph
pnml2lts-sym: Regroup Boost's King
pnml2lts-sym: bandwidth: 94
pnml2lts-sym: profile: 23248
pnml2lts-sym: span: 34258
pnml2lts-sym: average wavefront: 40.9151
pnml2lts-sym: RMS wavefront: 45.5841
pnml2lts-sym: Regroup Matrix Metrics
pnml2lts-sym: Reqroup Horizontal Flip
pnml2lts-sym: Regrouping: 56->56 groups
pnml2lts-sym: Regrouping took 0.000 real 0.000 user 0.000 sys
pnml2lts-sym: state vector length is 86; there are 56 groups and 76 guards
pnml2lts-sym: Creating a multi-core ListDD domain.
pnml2lts-sym: Using GBgetTransitionsShortR2W as next-state function
pnml2lts-sym: got initial state
pnml2lts-sym: vrel_add_act not supported; falling back to vrel_add_cpy
pnml2lts-sym: Exploration took 935 group checks and 935 next state calls
pnml2lts-sym: reachability took 0.320 real 0.120 user 0.200 sys
pnml2lts-sym: counting visited states...
pnml2lts-sym: counting took 0.000 real 0.000 user 0.000 sys
pnml2lts-sym: state space has 1029 states, 2860 nodes
pnml2lts-sym: ( 2860 final BDD nodes; 2860 peak nodes )
pnml2lts-sym: group_next: 446 nodes total
pnml2lts-sym: group_explored: 627 nodes, 549 short vectors total
pnml2lts-sym: max token count: 1
Event Span: 1389
Normalized Event Span: 0.2884
Weighted Event Span, moment 1 (WES^1): 1691
Normalized Weighted Event Span, moment 1: 0.3511
Exit [0]
0.14 user, 0.26 system, 0.50 elapsed -- Max VSize = 3675068KB, Max RSS = 732116KB
