performance run
pnml2lts-sym spec/PNML/QCertifProtocol_32-unfold.pnml --saturation=sat-like --order=chain --next-union --vset=lddmc --lddmc-cachesize=24 --lddmc-maxcachesize=24 --lddmc-tablesize=24 --lddmc-maxtablesize=24 --lace-workers=1
ctit010
pnml2lts-sym: Exploration order is chain
pnml2lts-sym: Saturation strategy is sat-like
pnml2lts-sym: Guided search strategy is unguided
pnml2lts-sym: Attractor strategy is default
pnml2lts-sym: opening spec/PNML/QCertifProtocol_32-unfold.pnml
pnml2lts-sym: Petri net has 3806 places, 506 transitions and 8173 arcs
pnml2lts-sym: There are 0 safe places
pnml2lts-sym: Petri net spec/PNML/QCertifProtocol_32-unfold.pnml analyzed
pnml2lts-sym: Loading Petri net took 0.140 real 0.110 user 0.020 sys
pnml2lts-sym: state vector length is 3806; there are 506 groups and 3736 guards
pnml2lts-sym: Creating a multi-core ListDD domain.
pnml2lts-sym: Using GBgetTransitionsShortR2W as next-state function
pnml2lts-sym: got initial state
pnml2lts-sym: vrel_add_act not supported; falling back to vrel_add_cpy
MDD Unique table full, 15298755 of 16777216 buckets filled!
Exit [1]
36.30 user, 0.55 system, 37.03 elapsed -- Max VSize = 3676252KB, Max RSS = 1002816KB
