statistics run
pnml2lts-sym spec/PNML/SafeBus-20-unfolded.pnml -rsc,bg,vgps,mm,hf --graph-metrics --saturation=sat-like --order=chain --next-union --vset=lddmc --lddmc-cachesize=24 --lddmc-maxcachesize=24 --lddmc-tablesize=24 --lddmc-maxtablesize=24 --lace-workers=1 --peak-nodes
ctit035
pnml2lts-sym: Exploration order is chain
pnml2lts-sym: Saturation strategy is sat-like
pnml2lts-sym: Guided search strategy is unguided
pnml2lts-sym: Attractor strategy is default
pnml2lts-sym: opening spec/PNML/SafeBus-20-unfolded.pnml
pnml2lts-sym: Petri net has 1026 places, 10461 transitions and 77364 arcs
pnml2lts-sym: There are 0 safe places
pnml2lts-sym: Petri net spec/PNML/SafeBus-20-unfolded.pnml analyzed
pnml2lts-sym: Loading Petri net took 1.060 real 0.890 user 0.160 sys
pnml2lts-sym: Initializing regrouping layer
pnml2lts-sym: Regroup specification: sc,bg,vgps,mm,hf
pnml2lts-sym: Regroup Select Combined matrix
pnml2lts-sym: Regroup Bipartite Graph
pnml2lts-sym: Regroup ViennaCL's Gibbs Poole Stockmeyer
pnml2lts-sym: bandwidth: 9209
pnml2lts-sym: profile: 65375198
pnml2lts-sym: span: 89282425
pnml2lts-sym: average wavefront: 4034.63472
pnml2lts-sym: RMS wavefront: 4909.72953
pnml2lts-sym: Regroup Matrix Metrics
pnml2lts-sym: Reqroup Horizontal Flip
pnml2lts-sym: Regrouping: 10461->10461 groups
pnml2lts-sym: Regrouping took 17.360 real 17.240 user 0.000 sys
pnml2lts-sym: state vector length is 1026; there are 10461 groups and 1026 guards
pnml2lts-sym: Creating a multi-core ListDD domain.
cache_create: Unable to allocate memory: Cannot allocate memory!
Event Span: 8627661
Normalized Event Span: 0.80384536
Weighted Event Span, moment 1 (WES^1): 15893463
Normalized Weighted Event Span, moment 1: 1.4808054
Exit [1]
18.14 user, 0.20 system, 18.52 elapsed -- Max VSize = 2818168KB, Max RSS = 169500KB
