performance run
pnml2lts-sym spec/PNML/MultiwaySync.pnml -rsc,bg,bk,hf --saturation=sat-like --order=chain --next-union --vset=lddmc --lddmc-cachesize=24 --lddmc-maxcachesize=24 --lddmc-tablesize=24 --lddmc-maxtablesize=24 --lace-workers=1 --peak-nodes
ctit036
pnml2lts-sym: Exploration order is chain
pnml2lts-sym: Saturation strategy is sat-like
pnml2lts-sym: Guided search strategy is unguided
pnml2lts-sym: Attractor strategy is default
pnml2lts-sym: opening spec/PNML/MultiwaySync.pnml
pnml2lts-sym: Petri net has 222 places, 472 transitions and 1496 arcs
pnml2lts-sym: There are 222 safe places
pnml2lts-sym: Petri net spec/PNML/MultiwaySync.pnml analyzed
pnml2lts-sym: Loading Petri net took 0.010 real 0.010 user 0.000 sys
pnml2lts-sym: Initializing regrouping layer
pnml2lts-sym: Regroup specification: sc,bg,bk,hf
pnml2lts-sym: Regroup Select Combined matrix
pnml2lts-sym: Regroup Bipartite Graph
pnml2lts-sym: Regroup Boost's King
pnml2lts-sym: Reqroup Horizontal Flip
pnml2lts-sym: Regrouping: 472->472 groups
pnml2lts-sym: Regrouping took 0.010 real 0.010 user 0.000 sys
pnml2lts-sym: state vector length is 222; there are 472 groups and 222 guards
pnml2lts-sym: Creating a multi-core ListDD domain.
pnml2lts-sym: Using GBgetTransitionsShortR2W as next-state function
pnml2lts-sym: got initial state
pnml2lts-sym: vrel_add_act not supported; falling back to vrel_add_cpy
Killed [24]
1796.64 user, 0.44 system, 1805.49 elapsed -- Max VSize = 3675064KB, Max RSS = 791196KB
command-12661: line 5: 15550 CPU time limit exceeded memtime -c1800 -m4000000 pnml2lts-sym spec/PNML/MultiwaySync.pnml -rsc,bg,bk,hf --saturation=sat-like --order=chain --next-union --vset=lddmc --lddmc-cachesize=24 --lddmc-maxcachesize=24 --lddmc-tablesize=24 --lddmc-maxtablesize=24 --lace-workers=1 --peak-nodes
