statistics run
pnml2lts-sym spec/PNML/raft_04.pnml -rsc,bn,mm --graph-metrics --saturation=sat-like --order=chain --next-union --vset=lddmc --lddmc-cachesize=24 --lddmc-maxcachesize=24 --lddmc-tablesize=24 --lddmc-maxtablesize=24 --lace-workers=1 --peak-nodes
ctit012
pnml2lts-sym: Exploration order is chain
pnml2lts-sym: Saturation strategy is sat-like
pnml2lts-sym: Guided search strategy is unguided
pnml2lts-sym: Attractor strategy is default
pnml2lts-sym: opening spec/PNML/raft_04.pnml
pnml2lts-sym: Petri net has 88 places, 160 transitions and 563 arcs
pnml2lts-sym: There are 88 safe places
pnml2lts-sym: Petri net spec/PNML/raft_04.pnml analyzed
pnml2lts-sym: Loading Petri net took 0.010 real 0.000 user 0.000 sys
pnml2lts-sym: Initializing regrouping layer
pnml2lts-sym: Regroup specification: sc,bn,mm
pnml2lts-sym: Regroup Select Combined matrix
pnml2lts-sym: Regroup Boost's None
pnml2lts-sym: bandwidth: 247
pnml2lts-sym: profile: 38312
pnml2lts-sym: span: 10781
pnml2lts-sym: average wavefront: 54.544
pnml2lts-sym: RMS wavefront: 60.072
pnml2lts-sym: Regroup Matrix Metrics
pnml2lts-sym: Regrouping: 160->160 groups
pnml2lts-sym: Regrouping took 0.000 real 0.010 user 0.000 sys
pnml2lts-sym: state vector length is 88; there are 160 groups and 88 guards
pnml2lts-sym: Creating a multi-core ListDD domain.
pnml2lts-sym: Using GBgetTransitionsShortR2W as next-state function
pnml2lts-sym: got initial state
pnml2lts-sym: vrel_add_act not supported; falling back to vrel_add_cpy
pnml2lts-sym: Exploration took 7909 group checks and 7909 next state calls
pnml2lts-sym: reachability took 0.930 real 0.750 user 0.190 sys
pnml2lts-sym: counting visited states...
pnml2lts-sym: counting took 0.000 real 0.000 user 0.000 sys
pnml2lts-sym: state space has 2965858466581 states, 486 nodes
pnml2lts-sym: ( 486 final BDD nodes; 2719 peak nodes )
pnml2lts-sym: group_next: 745 nodes total
pnml2lts-sym: group_explored: 548 nodes, 548 short vectors total
pnml2lts-sym: max token count: 1
Event Span: 4618
Normalized Event Span: 0.32798
Weighted Event Span, moment 1 (WES^1): 6387.8
Normalized Weighted Event Span, moment 1: 0.45368
Exit [0]
0.76 user, 0.25 system, 1.20 elapsed -- Max VSize = 3675068KB, Max RSS = 736012KB
