performance run
pnml2lts-sym spec/PNML/2D8_gradient_40x40_50.pnml -rsc,bg,bk,hf --saturation=sat-like --order=chain --next-union --vset=lddmc --lddmc-cachesize=24 --lddmc-maxcachesize=24 --lddmc-tablesize=24 --lddmc-maxtablesize=24 --lace-workers=1 --peak-nodes
ctit018
pnml2lts-sym: Exploration order is chain
pnml2lts-sym: Saturation strategy is sat-like
pnml2lts-sym: Guided search strategy is unguided
pnml2lts-sym: Attractor strategy is default
pnml2lts-sym: opening spec/PNML/2D8_gradient_40x40_50.pnml
pnml2lts-sym: Petri net has 1600 places, 12324 transitions and 24648 arcs
pnml2lts-sym: There are 0 safe places
pnml2lts-sym: Petri net spec/PNML/2D8_gradient_40x40_50.pnml analyzed
pnml2lts-sym: Loading Petri net took 0.750 real 0.680 user 0.070 sys
pnml2lts-sym: Initializing regrouping layer
pnml2lts-sym: Regroup specification: sc,bg,bk,hf
pnml2lts-sym: Regroup Select Combined matrix
pnml2lts-sym: Regroup Bipartite Graph
pnml2lts-sym: Regroup Boost's King
pnml2lts-sym: Reqroup Horizontal Flip
pnml2lts-sym: Regrouping: 12324->12324 groups
pnml2lts-sym: Regrouping took 1.040 real 0.990 user 0.050 sys
pnml2lts-sym: state vector length is 1600; there are 12324 groups and 1600 guards
pnml2lts-sym: Creating a multi-core ListDD domain.
pnml2lts-sym: Using GBgetTransitionsShortR2W as next-state function
pnml2lts-sym: got initial state
pnml2lts-sym: vrel_add_act not supported; falling back to vrel_add_cpy
Killed [24]
1789.94 user, 7.93 system, 1801.14 elapsed -- Max VSize = 3760064KB, Max RSS = 1095828KB
command-6046: line 5: 19352 CPU time limit exceeded memtime -c1800 -m4000000 pnml2lts-sym spec/PNML/2D8_gradient_40x40_50.pnml -rsc,bg,bk,hf --saturation=sat-like --order=chain --next-union --vset=lddmc --lddmc-cachesize=24 --lddmc-maxcachesize=24 --lddmc-tablesize=24 --lddmc-maxtablesize=24 --lace-workers=1 --peak-nodes
