statistics run
pnml2lts-sym spec/PNML/parking_8_32.pnml -rsc,tg,bk,mm,hf --graph-metrics --saturation=sat-like --order=chain --next-union --vset=lddmc --lddmc-cachesize=24 --lddmc-maxcachesize=24 --lddmc-tablesize=24 --lddmc-maxtablesize=24 --lace-workers=1 --peak-nodes
ctit012
pnml2lts-sym: Exploration order is chain
pnml2lts-sym: Saturation strategy is sat-like
pnml2lts-sym: Guided search strategy is unguided
pnml2lts-sym: Attractor strategy is default
pnml2lts-sym: opening spec/PNML/parking_8_32.pnml
pnml2lts-sym: Petri net has 737 places, 993 transitions and 2993 arcs
pnml2lts-sym: There are 737 safe places
pnml2lts-sym: Petri net spec/PNML/parking_8_32.pnml analyzed
pnml2lts-sym: Loading Petri net took 0.040 real 0.040 user 0.010 sys
pnml2lts-sym: Initializing regrouping layer
pnml2lts-sym: Regroup specification: sc,tg,bk,mm,hf
pnml2lts-sym: Regroup Select Combined matrix
pnml2lts-sym: Regroup Total graph
pnml2lts-sym: Regroup Boost's King
pnml2lts-sym: bandwidth: 1835
pnml2lts-sym: profile: 6531440
pnml2lts-sym: span: 8552205
pnml2lts-sym: average wavefront: 719.52833
pnml2lts-sym: RMS wavefront: 843.96801
pnml2lts-sym: Regroup Matrix Metrics
pnml2lts-sym: Reqroup Horizontal Flip
pnml2lts-sym: Regrouping: 993->993 groups
pnml2lts-sym: Regrouping took 0.520 real 0.510 user 0.000 sys
pnml2lts-sym: state vector length is 737; there are 993 groups and 737 guards
pnml2lts-sym: Creating a multi-core ListDD domain.
pnml2lts-sym: Using GBgetTransitionsShortR2W as next-state function
pnml2lts-sym: got initial state
pnml2lts-sym: vrel_add_act not supported; falling back to vrel_add_cpy
MDD Unique table full, 15113217 of 16777216 buckets filled!
Event Span: 297348
Normalized Event Span: 0.406301
Weighted Event Span, moment 1 (WES^1): 431679
Normalized Weighted Event Span, moment 1: 0.589854
Exit [1]
81.87 user, 0.67 system, 82.89 elapsed -- Max VSize = 3675076KB, Max RSS = 977656KB
