statistics run
pnml2lts-sym spec/PNML/QCertifProtocol_22-unfold.pnml -rsc,tg,vacm,mm,hf --graph-metrics --saturation=sat-like --order=chain --next-union --vset=lddmc --lddmc-cachesize=24 --lddmc-maxcachesize=24 --lddmc-tablesize=24 --lddmc-maxtablesize=24 --lace-workers=1 --peak-nodes
ctit018
pnml2lts-sym: Exploration order is chain
pnml2lts-sym: Saturation strategy is sat-like
pnml2lts-sym: Guided search strategy is unguided
pnml2lts-sym: Attractor strategy is default
pnml2lts-sym: opening spec/PNML/QCertifProtocol_22-unfold.pnml
pnml2lts-sym: Petri net has 1966 places, 356 transitions and 4323 arcs
pnml2lts-sym: There are 0 safe places
pnml2lts-sym: Petri net spec/PNML/QCertifProtocol_22-unfold.pnml analyzed
pnml2lts-sym: Loading Petri net took 0.100 real 0.090 user 0.000 sys
pnml2lts-sym: Initializing regrouping layer
pnml2lts-sym: Regroup specification: sc,tg,vacm,mm,hf
pnml2lts-sym: Regroup Select Combined matrix
pnml2lts-sym: Regroup Total graph
pnml2lts-sym: Regroup ViennaCL's Advanced Cuthill McKee
pnml2lts-sym: bandwidth: 1706
pnml2lts-sym: profile: 6962014
pnml2lts-sym: span: 9189885
pnml2lts-sym: average wavefront: 941.60512
pnml2lts-sym: RMS wavefront: 1027.9744
pnml2lts-sym: Regroup Matrix Metrics
pnml2lts-sym: Reqroup Horizontal Flip
pnml2lts-sym: Regrouping: 356->356 groups
pnml2lts-sym: Regrouping took 1.470 real 1.470 user 0.000 sys
pnml2lts-sym: state vector length is 1966; there are 356 groups and 1916 guards
pnml2lts-sym: Creating a multi-core ListDD domain.
pnml2lts-sym: Using GBgetTransitionsShortR2W as next-state function
pnml2lts-sym: got initial state
pnml2lts-sym: vrel_add_act not supported; falling back to vrel_add_cpy
MDD Unique table full, 14902307 of 16777216 buckets filled!
Event Span: 145764
Normalized Event Span: 0.208265
Weighted Event Span, moment 1 (WES^1): 227921
Normalized Weighted Event Span, moment 1: 0.32565
Exit [1]
325.45 user, 0.93 system, 327.23 elapsed -- Max VSize = 3675068KB, Max RSS = 980304KB
