statistics run
pnml2lts-sym spec/PNML/2D8_gradient_20x20_50.pnml -rsc,tg,vgps,mm,hf --graph-metrics --saturation=sat-like --order=chain --next-union --vset=lddmc --lddmc-cachesize=24 --lddmc-maxcachesize=24 --lddmc-tablesize=24 --lddmc-maxtablesize=24 --lace-workers=1 --peak-nodes
ctit038
pnml2lts-sym: Exploration order is chain
pnml2lts-sym: Saturation strategy is sat-like
pnml2lts-sym: Guided search strategy is unguided
pnml2lts-sym: Attractor strategy is default
pnml2lts-sym: opening spec/PNML/2D8_gradient_20x20_50.pnml
pnml2lts-sym: Petri net has 400 places, 2964 transitions and 5928 arcs
pnml2lts-sym: There are 0 safe places
pnml2lts-sym: Petri net spec/PNML/2D8_gradient_20x20_50.pnml analyzed
pnml2lts-sym: Loading Petri net took 0.080 real 0.060 user 0.020 sys
pnml2lts-sym: Initializing regrouping layer
pnml2lts-sym: Regroup specification: sc,tg,vgps,mm,hf
pnml2lts-sym: Regroup Select Combined matrix
pnml2lts-sym: Regroup Total graph
pnml2lts-sym: Regroup ViennaCL's Gibbs Poole Stockmeyer
pnml2lts-sym: bandwidth: 436
pnml2lts-sym: profile: 2247944
pnml2lts-sym: span: 3601646
pnml2lts-sym: average wavefront: 186.0791
pnml2lts-sym: RMS wavefront: 201.80029
pnml2lts-sym: Regroup Matrix Metrics
pnml2lts-sym: Reqroup Horizontal Flip
pnml2lts-sym: Regrouping: 2964->2964 groups
pnml2lts-sym: Regrouping took 3.800 real 3.790 user 0.000 sys
pnml2lts-sym: state vector length is 400; there are 2964 groups and 400 guards
pnml2lts-sym: Creating a multi-core ListDD domain.
pnml2lts-sym: Using GBgetTransitionsShortR2W as next-state function
pnml2lts-sym: got initial state
pnml2lts-sym: vrel_add_act not supported; falling back to vrel_add_cpy
MDD Unique table full, 15007701 of 16777216 buckets filled!
Event Span: 53554
Normalized Event Span: 0.04517038
Weighted Event Span, moment 1 (WES^1): 56864.71
Normalized Weighted Event Span, moment 1: 0.04796281
Exit [1]
404.98 user, 6.29 system, 412.92 elapsed -- Max VSize = 3675852KB, Max RSS = 992792KB
