statistics run
pnml2lts-sym spec/PNML/distributeur-01-unfolded-02.pnml -rsc,bg,vacm,mm,hf --graph-metrics --saturation=sat-like --order=chain --next-union --vset=lddmc --lddmc-cachesize=24 --lddmc-maxcachesize=24 --lddmc-tablesize=24 --lddmc-maxtablesize=24 --lace-workers=1 --peak-nodes
ctit018
pnml2lts-sym: Exploration order is chain
pnml2lts-sym: Saturation strategy is sat-like
pnml2lts-sym: Guided search strategy is unguided
pnml2lts-sym: Attractor strategy is default
pnml2lts-sym: opening spec/PNML/distributeur-01-unfolded-02.pnml
pnml2lts-sym: Petri net has 24 places, 72 transitions and 440 arcs
pnml2lts-sym: There are 0 safe places
pnml2lts-sym: Petri net spec/PNML/distributeur-01-unfolded-02.pnml analyzed
pnml2lts-sym: Loading Petri net took 0.010 real 0.000 user 0.000 sys
pnml2lts-sym: Initializing regrouping layer
pnml2lts-sym: Regroup specification: sc,bg,vacm,mm,hf
pnml2lts-sym: Regroup Select Combined matrix
pnml2lts-sym: Regroup Bipartite Graph
pnml2lts-sym: Regroup ViennaCL's Advanced Cuthill McKee
pnml2lts-sym: bandwidth: 53
pnml2lts-sym: profile: 3525
pnml2lts-sym: span: 4654
pnml2lts-sym: average wavefront: 27.32
pnml2lts-sym: RMS wavefront: 31.74
pnml2lts-sym: Regroup Matrix Metrics
pnml2lts-sym: Reqroup Horizontal Flip
pnml2lts-sym: Regrouping: 72->72 groups
pnml2lts-sym: Regrouping took 0.000 real 0.000 user 0.000 sys
pnml2lts-sym: state vector length is 24; there are 72 groups and 28 guards
pnml2lts-sym: Creating a multi-core ListDD domain.
pnml2lts-sym: Using GBgetTransitionsShortR2W as next-state function
pnml2lts-sym: got initial state
pnml2lts-sym: vrel_add_act not supported; falling back to vrel_add_cpy
pnml2lts-sym: Exploration took 420 group checks and 420 next state calls
pnml2lts-sym: reachability took 0.190 real 0.000 user 0.190 sys
pnml2lts-sym: counting visited states...
pnml2lts-sym: counting took 0.000 real 0.000 user 0.000 sys
pnml2lts-sym: state space has 1024 states, 44 nodes
pnml2lts-sym: ( 44 final BDD nodes; 219 peak nodes )
pnml2lts-sym: group_next: 296 nodes total
pnml2lts-sym: group_explored: 812 nodes, 518 short vectors total
pnml2lts-sym: max token count: 1
Event Span: 884
Normalized Event Span: 0.5116
Weighted Event Span, moment 1 (WES^1): 1560
Normalized Weighted Event Span, moment 1: 0.903
Exit [0]
0.01 user, 0.26 system, 0.50 elapsed -- Max VSize = 3675068KB, Max RSS = 447408KB
