performance run
pnml2lts-sym spec/PNML/IBM5964.pnml --saturation=sat-like --order=chain --next-union --vset=lddmc --lddmc-cachesize=24 --lddmc-maxcachesize=24 --lddmc-tablesize=24 --lddmc-maxtablesize=24 --lace-workers=1
ctit014
pnml2lts-sym: Exploration order is chain
pnml2lts-sym: Saturation strategy is sat-like
pnml2lts-sym: Guided search strategy is unguided
pnml2lts-sym: Attractor strategy is default
pnml2lts-sym: opening spec/PNML/IBM5964.pnml
pnml2lts-sym: Petri net has 263 places, 139 transitions and 541 arcs
pnml2lts-sym: There are 0 safe places
pnml2lts-sym: Petri net spec/PNML/IBM5964.pnml analyzed
pnml2lts-sym: Loading Petri net took 0.010 real 0.010 user 0.000 sys
pnml2lts-sym: state vector length is 263; there are 139 groups and 254 guards
pnml2lts-sym: Creating a multi-core ListDD domain.
pnml2lts-sym: Using GBgetTransitionsShortR2W as next-state function
pnml2lts-sym: got initial state
pnml2lts-sym: vrel_add_act not supported; falling back to vrel_add_cpy
pnml2lts-sym: Exploration took 1840 group checks and 1840 next state calls
pnml2lts-sym: reachability took 2.600 real 2.450 user 0.160 sys
pnml2lts-sym: counting visited states...
pnml2lts-sym: counting took 0.030 real 0.020 user 0.000 sys
pnml2lts-sym: state space has 15546 states, 83913 nodes
pnml2lts-sym: group_next: 495 nodes total
pnml2lts-sym: group_explored: 979 nodes, 441 short vectors total
pnml2lts-sym: max token count: 5
Exit [0]
2.51 user, 0.20 system, 2.90 elapsed -- Max VSize = 3675064KB, Max RSS = 737252KB
