performance run
pnml2lts-sym spec/PNML/20-100_phaseVariation.pnml -rsc,tg,bs,hf --saturation=sat-like --order=chain --next-union --vset=lddmc --lddmc-cachesize=24 --lddmc-maxcachesize=24 --lddmc-tablesize=24 --lddmc-maxtablesize=24 --lace-workers=1 --peak-nodes
ctit007
pnml2lts-sym: Exploration order is chain
pnml2lts-sym: Saturation strategy is sat-like
pnml2lts-sym: Guided search strategy is unguided
pnml2lts-sym: Attractor strategy is default
pnml2lts-sym: opening spec/PNML/20-100_phaseVariation.pnml
pnml2lts-sym: Petri net has 1202 places, 13457 transitions and 93395 arcs
pnml2lts-sym: There are 0 safe places
pnml2lts-sym: Petri net spec/PNML/20-100_phaseVariation.pnml analyzed
pnml2lts-sym: Loading Petri net took 1.350 real 1.160 user 0.190 sys
pnml2lts-sym: Initializing regrouping layer
pnml2lts-sym: Regroup specification: sc,tg,bs,hf
pnml2lts-sym: Regroup Select Combined matrix
pnml2lts-sym: Regroup Total graph
pnml2lts-sym: Regroup Boost's Sloan
pnml2lts-sym: Reqroup Horizontal Flip
pnml2lts-sym: Regrouping: 13457->13457 groups
pnml2lts-sym: Regrouping took 248.210 real 247.260 user 0.170 sys
pnml2lts-sym: state vector length is 1202; there are 13457 groups and 1202 guards
pnml2lts-sym: Creating a multi-core ListDD domain.
cache_create: Unable to allocate memory: Cannot allocate memory!
Exit [1]
248.44 user, 0.40 system, 249.98 elapsed -- Max VSize = 2833472KB, Max RSS = 196268KB
