performance run
pnml2lts-sym spec/PNML/simple_lbs-10.pnml --saturation=sat-like --order=chain --next-union --vset=lddmc --lddmc-cachesize=24 --lddmc-maxcachesize=24 --lddmc-tablesize=24 --lddmc-maxtablesize=24 --lace-workers=1
ctit034
pnml2lts-sym: Exploration order is chain
pnml2lts-sym: Saturation strategy is sat-like
pnml2lts-sym: Guided search strategy is unguided
pnml2lts-sym: Attractor strategy is default
pnml2lts-sym: opening spec/PNML/simple_lbs-10.pnml
pnml2lts-sym: Petri net has 104 places, 605 transitions and 4148 arcs
pnml2lts-sym: There are 0 safe places
pnml2lts-sym: Petri net spec/PNML/simple_lbs-10.pnml analyzed
pnml2lts-sym: Loading Petri net took 0.040 real 0.030 user 0.000 sys
pnml2lts-sym: state vector length is 104; there are 605 groups and 104 guards
pnml2lts-sym: Creating a multi-core ListDD domain.
pnml2lts-sym: Using GBgetTransitionsShortR2W as next-state function
pnml2lts-sym: got initial state
pnml2lts-sym: vrel_add_act not supported; falling back to vrel_add_cpy
Killed [24]
1797.04 user, 0.51 system, 1803.36 elapsed -- Max VSize = 3675072KB, Max RSS = 836976KB
command-1054: line 5: 52155 CPU time limit exceeded memtime -c1800 -m4000000 pnml2lts-sym spec/PNML/simple_lbs-10.pnml --saturation=sat-like --order=chain --next-union --vset=lddmc --lddmc-cachesize=24 --lddmc-maxcachesize=24 --lddmc-tablesize=24 --lddmc-maxtablesize=24 --lace-workers=1
