performance run
pnml2lts-sym spec/PNML/raft_05.pnml --saturation=sat-like --order=chain --next-union --vset=lddmc --lddmc-cachesize=24 --lddmc-maxcachesize=24 --lddmc-tablesize=24 --lddmc-maxtablesize=24 --lace-workers=1
ctit015
pnml2lts-sym: Exploration order is chain
pnml2lts-sym: Saturation strategy is sat-like
pnml2lts-sym: Guided search strategy is unguided
pnml2lts-sym: Attractor strategy is default
pnml2lts-sym: opening spec/PNML/raft_05.pnml
pnml2lts-sym: Petri net has 133 places, 238 transitions and 864 arcs
pnml2lts-sym: There are 133 safe places
pnml2lts-sym: Petri net spec/PNML/raft_05.pnml analyzed
pnml2lts-sym: Loading Petri net took 0.010 real 0.000 user 0.000 sys
pnml2lts-sym: state vector length is 133; there are 238 groups and 133 guards
pnml2lts-sym: Creating a multi-core ListDD domain.
pnml2lts-sym: Using GBgetTransitionsShortR2W as next-state function
pnml2lts-sym: got initial state
pnml2lts-sym: vrel_add_act not supported; falling back to vrel_add_cpy
pnml2lts-sym: Exploration took 22835 group checks and 22835 next state calls
pnml2lts-sym: reachability took 2.620 real 2.430 user 0.190 sys
pnml2lts-sym: counting visited states...
pnml2lts-sym: counting took 0.000 real 0.000 user 0.000 sys
pnml2lts-sym: state space has 5.93794647940221e+18 states, 756 nodes
pnml2lts-sym: group_next: 1144 nodes total
pnml2lts-sym: group_explored: 840 nodes, 840 short vectors total
pnml2lts-sym: max token count: 1
Exit [0]
2.46 user, 0.24 system, 2.80 elapsed -- Max VSize = 3675064KB, Max RSS = 736584KB
