performance run
pnml2lts-sym spec/PNML/neoelection-7.unf.pnml -rrs,hf --noack=2 --saturation=sat-like --order=chain --next-union --vset=lddmc --lddmc-cachesize=24 --lddmc-maxcachesize=24 --lddmc-tablesize=24 --lddmc-maxtablesize=24 --lace-workers=1 --peak-nodes
ctit006
pnml2lts-sym: Exploration order is chain
pnml2lts-sym: Saturation strategy is sat-like
pnml2lts-sym: Guided search strategy is unguided
pnml2lts-sym: Attractor strategy is default
pnml2lts-sym: opening spec/PNML/neoelection-7.unf.pnml
pnml2lts-sym: Petri net has 7128 places, 14112 transitions and 81968 arcs
pnml2lts-sym: There are 0 safe places
pnml2lts-sym: Petri net spec/PNML/neoelection-7.unf.pnml analyzed
pnml2lts-sym: Computing Noack2 order
pnml2lts-sym: Computing Noack2 order took 5.390 real 5.370 user 0.000 sys
pnml2lts-sym: Loading Petri net took 8.030 real 7.770 user 0.220 sys
pnml2lts-sym: Initializing regrouping layer
pnml2lts-sym: Got state vector permutation from language front-end; permuting columns
pnml2lts-sym: Regroup specification: rs,hf
pnml2lts-sym: Regroup Row Sort
pnml2lts-sym: Reqroup Horizontal Flip
Killed [24]
1797.35 user, 0.46 system, 1802.86 elapsed -- Max VSize = 2874348KB, Max RSS = 225288KB
command-10063: line 5:  4381 CPU time limit exceeded memtime -c1800 -m4000000 pnml2lts-sym spec/PNML/neoelection-7.unf.pnml -rrs,hf --noack=2 --saturation=sat-like --order=chain --next-union --vset=lddmc --lddmc-cachesize=24 --lddmc-maxcachesize=24 --lddmc-tablesize=24 --lddmc-maxtablesize=24 --lace-workers=1 --peak-nodes
