statistics run
pnml2lts-sym spec/PNML/SwimmingPool-3.pnml -rsc,bn,rs,mm,hf --noack=1 --graph-metrics --saturation=sat-like --order=chain --next-union --vset=lddmc --lddmc-cachesize=24 --lddmc-maxcachesize=24 --lddmc-tablesize=24 --lddmc-maxtablesize=24 --lace-workers=1 --peak-nodes
ctit017
pnml2lts-sym: Exploration order is chain
pnml2lts-sym: Saturation strategy is sat-like
pnml2lts-sym: Guided search strategy is unguided
pnml2lts-sym: Attractor strategy is default
pnml2lts-sym: opening spec/PNML/SwimmingPool-3.pnml
pnml2lts-sym: Petri net has 9 places, 7 transitions and 20 arcs
pnml2lts-sym: There are 0 safe places
pnml2lts-sym: Petri net spec/PNML/SwimmingPool-3.pnml analyzed
pnml2lts-sym: Computing Noack1 order
pnml2lts-sym: Computing Noack1 order took 0.000 real 0.000 user 0.000 sys
pnml2lts-sym: Loading Petri net took 0.000 real 0.000 user 0.000 sys
pnml2lts-sym: Initializing regrouping layer
pnml2lts-sym: Got state vector permutation from language front-end; permuting columns
pnml2lts-sym: Regroup specification: sc,bn,rs,mm,hf
pnml2lts-sym: Regroup Select Combined matrix
pnml2lts-sym: Regroup Boost's None
pnml2lts-sym: bandwidth: 11
pnml2lts-sym: profile: 169
pnml2lts-sym: span: 63
pnml2lts-sym: average wavefront: 6.19
pnml2lts-sym: RMS wavefront: 6.76
pnml2lts-sym: Regroup Row Sort
pnml2lts-sym: Regroup Matrix Metrics
pnml2lts-sym: Reqroup Horizontal Flip
pnml2lts-sym: Regrouping: 7->7 groups
pnml2lts-sym: Regrouping took 0.010 real 0.000 user 0.000 sys
pnml2lts-sym: state vector length is 9; there are 7 groups and 9 guards
pnml2lts-sym: Creating a multi-core ListDD domain.
pnml2lts-sym: Using GBgetTransitionsShortR2W as next-state function
pnml2lts-sym: got initial state
pnml2lts-sym: vrel_add_act not supported; falling back to vrel_add_cpy
pnml2lts-sym: Exploration took 455 group checks and 455 next state calls
pnml2lts-sym: reachability took 723.790 real 721.930 user 0.320 sys
pnml2lts-sym: counting visited states...
pnml2lts-sym: counting took 0.080 real 0.080 user 0.000 sys
pnml2lts-sym: state space has 32209356 states, 1499354 nodes
pnml2lts-sym: ( 1499354 final BDD nodes; 1499354 peak nodes )
pnml2lts-sym: group_next: 12570 nodes total
pnml2lts-sym: group_explored: 10010 nodes, 111267 short vectors total
pnml2lts-sym: max token count: 60
Event Span: 34
Normalized Event Span: 0.54
Weighted Event Span, moment 1 (WES^1): 55
Normalized Weighted Event Span, moment 1: 0.87
Exit [0]
722.02 user, 0.38 system, 724.10 elapsed -- Max VSize = 3675068KB, Max RSS = 955380KB
