performance run
pnml2lts-sym spec/PNML/PolyORB-NT-S10-J30-unfolded.pnml -rrs,hf --noack=2 --saturation=sat-like --order=chain --next-union --vset=lddmc --lddmc-cachesize=24 --lddmc-maxcachesize=24 --lddmc-tablesize=24 --lddmc-maxtablesize=24 --lace-workers=1 --peak-nodes
ctit021
pnml2lts-sym: Exploration order is chain
pnml2lts-sym: Saturation strategy is sat-like
pnml2lts-sym: Guided search strategy is unguided
pnml2lts-sym: Attractor strategy is default
pnml2lts-sym: opening spec/PNML/PolyORB-NT-S10-J30-unfolded.pnml
pnml2lts-sym: Petri net has 664 places, 12050 transitions and 112559 arcs
pnml2lts-sym: There are 0 safe places
pnml2lts-sym: Petri net spec/PNML/PolyORB-NT-S10-J30-unfolded.pnml analyzed
pnml2lts-sym: Computing Noack2 order
pnml2lts-sym: Computing Noack2 order took 5.660 real 5.630 user 0.000 sys
pnml2lts-sym: Loading Petri net took 7.580 real 7.290 user 0.260 sys
pnml2lts-sym: Initializing regrouping layer
pnml2lts-sym: Got state vector permutation from language front-end; permuting columns
pnml2lts-sym: Regroup specification: rs,hf
pnml2lts-sym: Regroup Row Sort
pnml2lts-sym: Reqroup Horizontal Flip
pnml2lts-sym: Regrouping: 12050->12050 groups
pnml2lts-sym: Regrouping took 0.660 real 0.650 user 0.010 sys
pnml2lts-sym: state vector length is 664; there are 12050 groups and 699 guards
pnml2lts-sym: Creating a multi-core ListDD domain.
cache_create: Unable to allocate memory: Cannot allocate memory!
Exit [1]
7.94 user, 0.33 system, 8.51 elapsed -- Max VSize = 2894444KB, Max RSS = 252280KB
