performance run
pnml2lts-sym spec/PNML/30-100_phaseVariation.pnml -rsc,bg,bk,hf --saturation=sat-like --order=chain --next-union --vset=lddmc --lddmc-cachesize=24 --lddmc-maxcachesize=24 --lddmc-tablesize=24 --lddmc-maxtablesize=24 --lace-workers=1 --peak-nodes
ctit016
pnml2lts-sym: Exploration order is chain
pnml2lts-sym: Saturation strategy is sat-like
pnml2lts-sym: Guided search strategy is unguided
pnml2lts-sym: Attractor strategy is default
pnml2lts-sym: opening spec/PNML/30-100_phaseVariation.pnml
pnml2lts-sym: Petri net has 2702 places, 30977 transitions and 215035 arcs
pnml2lts-sym: There are 0 safe places
pnml2lts-sym: Petri net spec/PNML/30-100_phaseVariation.pnml analyzed
pnml2lts-sym: Loading Petri net took 4.010 real 3.540 user 0.450 sys
pnml2lts-sym: Initializing regrouping layer
pnml2lts-sym: Regroup specification: sc,bg,bk,hf
pnml2lts-sym: Regroup Select Combined matrix
pnml2lts-sym: Regroup Bipartite Graph
pnml2lts-sym: Regroup Boost's King
pnml2lts-sym: Reqroup Horizontal Flip
pnml2lts-sym: Regrouping: 30977->30977 groups
pnml2lts-sym: Regrouping took 4.400 real 4.320 user 0.070 sys
pnml2lts-sym: state vector length is 2702; there are 30977 groups and 2702 guards
pnml2lts-sym: Creating a multi-core ListDD domain.
cache_create: Unable to allocate memory: Cannot allocate memory!
Exit [1]
7.86 user, 0.60 system, 8.61 elapsed -- Max VSize = 3154744KB, Max RSS = 530256KB
