performance run
pnml2lts-sym spec/PNML/IOTP_c3m3p3d3.pnml --saturation=sat-like --order=chain --next-union --vset=lddmc --lddmc-cachesize=24 --lddmc-maxcachesize=24 --lddmc-tablesize=24 --lddmc-maxtablesize=24 --lace-workers=1
ctit006
pnml2lts-sym: Exploration order is chain
pnml2lts-sym: Saturation strategy is sat-like
pnml2lts-sym: Guided search strategy is unguided
pnml2lts-sym: Attractor strategy is default
pnml2lts-sym: opening spec/PNML/IOTP_c3m3p3d3.pnml
pnml2lts-sym: Petri net has 111 places, 45 transitions and 224 arcs
pnml2lts-sym: There are 0 safe places
pnml2lts-sym: Petri net spec/PNML/IOTP_c3m3p3d3.pnml analyzed
pnml2lts-sym: Loading Petri net took 0.010 real 0.000 user 0.010 sys
pnml2lts-sym: state vector length is 111; there are 45 groups and 111 guards
pnml2lts-sym: Creating a multi-core ListDD domain.
pnml2lts-sym: Using GBgetTransitionsShortR2W as next-state function
pnml2lts-sym: got initial state
pnml2lts-sym: vrel_add_act not supported; falling back to vrel_add_cpy
pnml2lts-sym: Exploration took 2864 group checks and 2864 next state calls
pnml2lts-sym: reachability took 1005.080 real 1003.220 user 0.270 sys
pnml2lts-sym: counting visited states...
pnml2lts-sym: counting took 1.410 real 1.400 user 0.000 sys
pnml2lts-sym: state space has 354176 states, 5920442 nodes
pnml2lts-sym: group_next: 1621 nodes total
pnml2lts-sym: group_explored: 1625 nodes, 754 short vectors total
pnml2lts-sym: max token count: 3
Exit [0]
1004.63 user, 0.34 system, 1006.63 elapsed -- Max VSize = 3675064KB, Max RSS = 873320KB
