statistics run
pnml2lts-sym spec/PNML/BridgeAndVehicles-V04-P05-N02-unfolded.pnml -rsc,bg,vgps,mm,hf --graph-metrics --saturation=sat-like --order=chain --next-union --vset=lddmc --lddmc-cachesize=24 --lddmc-maxcachesize=24 --lddmc-tablesize=24 --lddmc-maxtablesize=24 --lace-workers=1 --peak-nodes
ctit023
pnml2lts-sym: Exploration order is chain
pnml2lts-sym: Saturation strategy is sat-like
pnml2lts-sym: Guided search strategy is unguided
pnml2lts-sym: Attractor strategy is default
pnml2lts-sym: opening spec/PNML/BridgeAndVehicles-V04-P05-N02-unfolded.pnml
pnml2lts-sym: Petri net has 28 places, 52 transitions and 326 arcs
pnml2lts-sym: There are 0 safe places
pnml2lts-sym: Petri net spec/PNML/BridgeAndVehicles-V04-P05-N02-unfolded.pnml analyzed
pnml2lts-sym: Loading Petri net took 0.010 real 0.000 user 0.000 sys
pnml2lts-sym: Initializing regrouping layer
pnml2lts-sym: Regroup specification: sc,bg,vgps,mm,hf
pnml2lts-sym: Regroup Select Combined matrix
pnml2lts-sym: Regroup Bipartite Graph
pnml2lts-sym: Regroup ViennaCL's Gibbs Poole Stockmeyer
pnml2lts-sym: bandwidth: 35
pnml2lts-sym: profile: 1893
pnml2lts-sym: span: 2691
pnml2lts-sym: average wavefront: 17.94
pnml2lts-sym: RMS wavefront: 20.23
pnml2lts-sym: Regroup Matrix Metrics
pnml2lts-sym: Reqroup Horizontal Flip
pnml2lts-sym: Regrouping: 52->52 groups
pnml2lts-sym: Regrouping took 0.000 real 0.000 user 0.000 sys
pnml2lts-sym: state vector length is 28; there are 52 groups and 27 guards
pnml2lts-sym: Creating a multi-core ListDD domain.
pnml2lts-sym: Using GBgetTransitionsShortR2W as next-state function
pnml2lts-sym: got initial state
pnml2lts-sym: vrel_add_act not supported; falling back to vrel_add_cpy
pnml2lts-sym: Exploration took 1871 group checks and 1871 next state calls
pnml2lts-sym: reachability took 0.440 real 0.230 user 0.200 sys
pnml2lts-sym: counting visited states...
pnml2lts-sym: counting took 0.000 real 0.000 user 0.000 sys
pnml2lts-sym: state space has 2874 states, 2698 nodes
pnml2lts-sym: ( 2698 final BDD nodes; 2796 peak nodes )
pnml2lts-sym: group_next: 498 nodes total
pnml2lts-sym: group_explored: 1151 nodes, 1110 short vectors total
pnml2lts-sym: max token count: 5
Event Span: 647
Normalized Event Span: 0.4444
Weighted Event Span, moment 1 (WES^1): 911
Normalized Weighted Event Span, moment 1: 0.6257
Exit [0]
0.24 user, 0.28 system, 0.70 elapsed -- Max VSize = 3675068KB, Max RSS = 730144KB
