statistics run
pnml2lts-sym spec/PNML/RAS-R-2.pnml -rsc,tg,bcm,mm,hf --graph-metrics --saturation=sat-like --order=chain --next-union --vset=lddmc --lddmc-cachesize=24 --lddmc-maxcachesize=24 --lddmc-tablesize=24 --lddmc-maxtablesize=24 --lace-workers=1 --peak-nodes
ctit018
pnml2lts-sym: Exploration order is chain
pnml2lts-sym: Saturation strategy is sat-like
pnml2lts-sym: Guided search strategy is unguided
pnml2lts-sym: Attractor strategy is default
pnml2lts-sym: opening spec/PNML/RAS-R-2.pnml
pnml2lts-sym: Petri net has 8 places, 6 transitions and 20 arcs
pnml2lts-sym: There are 0 safe places
pnml2lts-sym: Petri net spec/PNML/RAS-R-2.pnml analyzed
pnml2lts-sym: Loading Petri net took 0.000 real 0.000 user 0.000 sys
pnml2lts-sym: Initializing regrouping layer
pnml2lts-sym: Regroup specification: sc,tg,bcm,mm,hf
pnml2lts-sym: Regroup Select Combined matrix
pnml2lts-sym: Regroup Total graph
pnml2lts-sym: Regroup Boost's Cuthill McKee
pnml2lts-sym: bandwidth: 17
pnml2lts-sym: profile: 423
pnml2lts-sym: span: 571
pnml2lts-sym: average wavefront: 8.029
pnml2lts-sym: RMS wavefront: 8.733
pnml2lts-sym: Regroup Matrix Metrics
pnml2lts-sym: Reqroup Horizontal Flip
pnml2lts-sym: Regrouping: 6->6 groups
pnml2lts-sym: Regrouping took 0.000 real 0.000 user 0.000 sys
pnml2lts-sym: state vector length is 8; there are 6 groups and 8 guards
pnml2lts-sym: Creating a multi-core ListDD domain.
pnml2lts-sym: Using GBgetTransitionsShortR2W as next-state function
pnml2lts-sym: got initial state
pnml2lts-sym: vrel_add_act not supported; falling back to vrel_add_cpy
pnml2lts-sym: Exploration took 18 group checks and 18 next state calls
pnml2lts-sym: reachability took 0.170 real 0.000 user 0.170 sys
pnml2lts-sym: counting visited states...
pnml2lts-sym: counting took 0.000 real 0.000 user 0.000 sys
pnml2lts-sym: state space has 8 states, 28 nodes
pnml2lts-sym: ( 28 final BDD nodes; 28 peak nodes )
pnml2lts-sym: group_next: 40 nodes total
pnml2lts-sym: group_explored: 56 nodes, 28 short vectors total
pnml2lts-sym: max token count: 1
Event Span: 25
Normalized Event Span: 0.52
Weighted Event Span, moment 1 (WES^1): 38
Normalized Weighted Event Span, moment 1: 0.8
Exit [0]
0.00 user, 0.23 system, 0.40 elapsed -- Max VSize = 3675068KB, Max RSS = 516124KB
