statistics run
pnml2lts-sym spec/PNML/QCertifProtocol_28-unfold.pnml -rsc,bg,bk,mm,hf --graph-metrics --saturation=sat-like --order=chain --next-union --vset=lddmc --lddmc-cachesize=24 --lddmc-maxcachesize=24 --lddmc-tablesize=24 --lddmc-maxtablesize=24 --lace-workers=1 --peak-nodes
ctit011
pnml2lts-sym: Exploration order is chain
pnml2lts-sym: Saturation strategy is sat-like
pnml2lts-sym: Guided search strategy is unguided
pnml2lts-sym: Attractor strategy is default
pnml2lts-sym: opening spec/PNML/QCertifProtocol_28-unfold.pnml
pnml2lts-sym: Petri net has 2998 places, 446 transitions and 6489 arcs
pnml2lts-sym: There are 0 safe places
pnml2lts-sym: Petri net spec/PNML/QCertifProtocol_28-unfold.pnml analyzed
pnml2lts-sym: Loading Petri net took 0.160 real 0.120 user 0.030 sys
pnml2lts-sym: Initializing regrouping layer
pnml2lts-sym: Regroup specification: sc,bg,bk,mm,hf
pnml2lts-sym: Regroup Select Combined matrix
pnml2lts-sym: Regroup Bipartite Graph
pnml2lts-sym: Regroup Boost's King
pnml2lts-sym: bandwidth: 957
pnml2lts-sym: profile: 1862783
pnml2lts-sym: span: 1373894
pnml2lts-sym: average wavefront: 199.99361
pnml2lts-sym: RMS wavefront: 309.47014
pnml2lts-sym: Regroup Matrix Metrics
pnml2lts-sym: Reqroup Horizontal Flip
pnml2lts-sym: Regrouping: 446->446 groups
pnml2lts-sym: Regrouping took 0.250 real 0.250 user 0.000 sys
pnml2lts-sym: state vector length is 2998; there are 446 groups and 2936 guards
pnml2lts-sym: Creating a multi-core ListDD domain.
pnml2lts-sym: Using GBgetTransitionsShortR2W as next-state function
pnml2lts-sym: got initial state
pnml2lts-sym: vrel_add_act not supported; falling back to vrel_add_cpy
MDD Unique table full, 15040331 of 16777216 buckets filled!
Event Span: 272080
Normalized Event Span: 0.2034839
Weighted Event Span, moment 1 (WES^1): 331448.2
Normalized Weighted Event Span, moment 1: 0.2478844
Exit [1]
57.29 user, 0.88 system, 58.36 elapsed -- Max VSize = 3675896KB, Max RSS = 992256KB
