performance run
pnml2lts-sym spec/PNML/cs_repetitions-5-unfolded.pnml -rsc,tg,bs,hf --saturation=sat-like --order=chain --next-union --vset=lddmc --lddmc-cachesize=24 --lddmc-maxcachesize=24 --lddmc-tablesize=24 --lddmc-maxtablesize=24 --lace-workers=1 --peak-nodes
ctit007
pnml2lts-sym: Exploration order is chain
pnml2lts-sym: Saturation strategy is sat-like
pnml2lts-sym: Guided search strategy is unguided
pnml2lts-sym: Attractor strategy is default
pnml2lts-sym: opening spec/PNML/cs_repetitions-5-unfolded.pnml
pnml2lts-sym: Petri net has 206 places, 325 transitions and 1175 arcs
pnml2lts-sym: There are 0 safe places
pnml2lts-sym: Petri net spec/PNML/cs_repetitions-5-unfolded.pnml analyzed
pnml2lts-sym: Loading Petri net took 0.020 real 0.010 user 0.010 sys
pnml2lts-sym: Initializing regrouping layer
pnml2lts-sym: Regroup specification: sc,tg,bs,hf
pnml2lts-sym: Regroup Select Combined matrix
pnml2lts-sym: Regroup Total graph
pnml2lts-sym: Regroup Boost's Sloan
pnml2lts-sym: Reqroup Horizontal Flip
pnml2lts-sym: Regrouping: 325->325 groups
pnml2lts-sym: Regrouping took 0.060 real 0.050 user 0.000 sys
pnml2lts-sym: state vector length is 206; there are 325 groups and 206 guards
pnml2lts-sym: Creating a multi-core ListDD domain.
pnml2lts-sym: Using GBgetTransitionsShortR2W as next-state function
pnml2lts-sym: got initial state
pnml2lts-sym: vrel_add_act not supported; falling back to vrel_add_cpy
Killed [24]
1796.84 user, 0.95 system, 1802.80 elapsed -- Max VSize = 3675064KB, Max RSS = 972108KB
command-9308: line 5: 47733 CPU time limit exceeded memtime -c1800 -m4000000 pnml2lts-sym spec/PNML/cs_repetitions-5-unfolded.pnml -rsc,tg,bs,hf --saturation=sat-like --order=chain --next-union --vset=lddmc --lddmc-cachesize=24 --lddmc-maxcachesize=24 --lddmc-tablesize=24 --lddmc-maxtablesize=24 --lace-workers=1 --peak-nodes
