performance run
pnml2lts-sym spec/PNML/neoelection-2.unf.pnml -rrs,hf --noack=1 --saturation=sat-like --order=chain --next-union --vset=lddmc --lddmc-cachesize=24 --lddmc-maxcachesize=24 --lddmc-tablesize=24 --lddmc-maxtablesize=24 --lace-workers=1 --peak-nodes
ctit032
pnml2lts-sym: Exploration order is chain
pnml2lts-sym: Saturation strategy is sat-like
pnml2lts-sym: Guided search strategy is unguided
pnml2lts-sym: Attractor strategy is default
pnml2lts-sym: opening spec/PNML/neoelection-2.unf.pnml
pnml2lts-sym: Petri net has 438 places, 357 transitions and 1998 arcs
pnml2lts-sym: There are 0 safe places
pnml2lts-sym: Petri net spec/PNML/neoelection-2.unf.pnml analyzed
pnml2lts-sym: Computing Noack1 order
pnml2lts-sym: Computing Noack1 order took 0.010 real 0.020 user 0.000 sys
pnml2lts-sym: Loading Petri net took 0.040 real 0.040 user 0.000 sys
pnml2lts-sym: Initializing regrouping layer
pnml2lts-sym: Got state vector permutation from language front-end; permuting columns
pnml2lts-sym: Regroup specification: rs,hf
pnml2lts-sym: Regroup Row Sort
pnml2lts-sym: Reqroup Horizontal Flip
*** segmentation fault ***

Please send information on how to reproduce this problem to: 
         ltsmin-support@lists.utwente.nl
along with all output preceding this message.
In addition, include the following information:
Package: ltsmin 2.2beta
Stack trace:
  0: pnml2lts-sym() [0x42640a]
  1: pnml2lts-sym() [0x426486]
  2: /lib/x86_64-linux-gnu/libpthread.so.0(+0x10340) [0x7fc6211b8340]
  3: pnml2lts-sym() [0x460e78]
  4: pnml2lts-sym() [0x435636]
  5: pnml2lts-sym() [0x430ef6]
  6: pnml2lts-sym() [0x4153a4]
  7: pnml2lts-sym() [0x4aec52]
  8: /lib/x86_64-linux-gnu/libpthread.so.0(+0x8182) [0x7fc6211b0182]
  9: /lib/x86_64-linux-gnu/libc.so.6(clone+0x6d) [0x7fc6206b247d]
Exit [255]
0.05 user, 0.00 system, 0.10 elapsed -- Max VSize = 4196KB, Max RSS = 88KB
