statistics run
pnml2lts-sym spec/PNML/Philosophers-20.pnml -rsc,tg,bs,mm,hf --graph-metrics --saturation=sat-like --order=chain --next-union --vset=lddmc --lddmc-cachesize=24 --lddmc-maxcachesize=24 --lddmc-tablesize=24 --lddmc-maxtablesize=24 --lace-workers=1 --peak-nodes
ctit039
pnml2lts-sym: Exploration order is chain
pnml2lts-sym: Saturation strategy is sat-like
pnml2lts-sym: Guided search strategy is unguided
pnml2lts-sym: Attractor strategy is default
pnml2lts-sym: opening spec/PNML/Philosophers-20.pnml
pnml2lts-sym: Petri net has 100 places, 100 transitions and 320 arcs
pnml2lts-sym: There are 0 safe places
pnml2lts-sym: Petri net spec/PNML/Philosophers-20.pnml analyzed
pnml2lts-sym: Loading Petri net took 0.010 real 0.010 user 0.000 sys
pnml2lts-sym: Initializing regrouping layer
pnml2lts-sym: Regroup specification: sc,tg,bs,mm,hf
pnml2lts-sym: Regroup Select Combined matrix
pnml2lts-sym: Regroup Total graph
pnml2lts-sym: Regroup Boost's Sloan
pnml2lts-sym: bandwidth: 43
pnml2lts-sym: profile: 10394
pnml2lts-sym: span: 14142
pnml2lts-sym: average wavefront: 12.5596
pnml2lts-sym: RMS wavefront: 12.76
pnml2lts-sym: Regroup Matrix Metrics
pnml2lts-sym: Reqroup Horizontal Flip
pnml2lts-sym: Regrouping: 100->100 groups
pnml2lts-sym: Regrouping took 0.050 real 0.020 user 0.000 sys
pnml2lts-sym: state vector length is 100; there are 100 groups and 100 guards
pnml2lts-sym: Creating a multi-core ListDD domain.
pnml2lts-sym: Using GBgetTransitionsShortR2W as next-state function
pnml2lts-sym: got initial state
pnml2lts-sym: vrel_add_act not supported; falling back to vrel_add_cpy
pnml2lts-sym: Exploration took 287 group checks and 287 next state calls
pnml2lts-sym: reachability took 0.260 real 0.010 user 0.190 sys
pnml2lts-sym: counting visited states...
pnml2lts-sym: counting took 0.000 real 0.000 user 0.000 sys
pnml2lts-sym: state space has 3486784401 states, 615 nodes
pnml2lts-sym: ( 615 final BDD nodes; 615 peak nodes )
pnml2lts-sym: group_next: 640 nodes total
pnml2lts-sym: group_explored: 882 nodes, 560 short vectors total
pnml2lts-sym: max token count: 1
Event Span: 737
Normalized Event Span: 0.0737
Weighted Event Span, moment 1 (WES^1): 796.7
Normalized Weighted Event Span, moment 1: 0.07967
Exit [0]
0.05 user, 0.25 system, 0.62 elapsed -- Max VSize = 3675068KB, Max RSS = 732408KB
