statistics run
pnml2lts-sym spec/PNML/Peterson-3.pnml -rsc,bn,mm --graph-metrics --saturation=sat-like --order=chain --next-union --vset=lddmc --lddmc-cachesize=24 --lddmc-maxcachesize=24 --lddmc-tablesize=24 --lddmc-maxtablesize=24 --lace-workers=1 --peak-nodes
ctit031
pnml2lts-sym: Exploration order is chain
pnml2lts-sym: Saturation strategy is sat-like
pnml2lts-sym: Guided search strategy is unguided
pnml2lts-sym: Attractor strategy is default
pnml2lts-sym: opening spec/PNML/Peterson-3.pnml
pnml2lts-sym: Petri net has 244 places, 332 transitions and 1016 arcs
pnml2lts-sym: There are 0 safe places
pnml2lts-sym: Petri net spec/PNML/Peterson-3.pnml analyzed
pnml2lts-sym: Loading Petri net took 0.060 real 0.020 user 0.000 sys
pnml2lts-sym: Initializing regrouping layer
pnml2lts-sym: Regroup specification: sc,bn,mm
pnml2lts-sym: Regroup Select Combined matrix
pnml2lts-sym: Regroup Boost's None
pnml2lts-sym: bandwidth: 550
pnml2lts-sym: profile: 206565
pnml2lts-sym: span: 64851
pnml2lts-sym: average wavefront: 160.826
pnml2lts-sym: RMS wavefront: 177.836
pnml2lts-sym: Regroup Matrix Metrics
pnml2lts-sym: Regrouping: 332->332 groups
pnml2lts-sym: Regrouping took 0.010 real 0.010 user 0.000 sys
pnml2lts-sym: state vector length is 244; there are 332 groups and 244 guards
pnml2lts-sym: Creating a multi-core ListDD domain.
pnml2lts-sym: Using GBgetTransitionsShortR2W as next-state function
pnml2lts-sym: got initial state
pnml2lts-sym: vrel_add_act not supported; falling back to vrel_add_cpy
Killed [24]
1789.71 user, 8.03 system, 1855.97 elapsed -- Max VSize = 3675068KB, Max RSS = 805240KB
command-1728: line 5: 43122 CPU time limit exceeded memtime -c1800 -m4000000 pnml2lts-sym spec/PNML/Peterson-3.pnml -rsc,bn,mm --graph-metrics --saturation=sat-like --order=chain --next-union --vset=lddmc --lddmc-cachesize=24 --lddmc-maxcachesize=24 --lddmc-tablesize=24 --lddmc-maxtablesize=24 --lace-workers=1 --peak-nodes
