statistics run
pnml2lts-sym spec/PNML/SafeBus-15-unfolded.pnml -rsc,tg,vacm,mm,hf --graph-metrics --saturation=sat-like --order=chain --next-union --vset=lddmc --lddmc-cachesize=24 --lddmc-maxcachesize=24 --lddmc-tablesize=24 --lddmc-maxtablesize=24 --lace-workers=1 --peak-nodes
ctit025
pnml2lts-sym: Exploration order is chain
pnml2lts-sym: Saturation strategy is sat-like
pnml2lts-sym: Guided search strategy is unguided
pnml2lts-sym: Attractor strategy is default
pnml2lts-sym: opening spec/PNML/SafeBus-15-unfolded.pnml
pnml2lts-sym: Petri net has 621 places, 4771 transitions and 34549 arcs
pnml2lts-sym: There are 0 safe places
pnml2lts-sym: Petri net spec/PNML/SafeBus-15-unfolded.pnml analyzed
pnml2lts-sym: Loading Petri net took 0.440 real 0.360 user 0.070 sys
pnml2lts-sym: Initializing regrouping layer
pnml2lts-sym: Regroup specification: sc,tg,vacm,mm,hf
pnml2lts-sym: Regroup Select Combined matrix
pnml2lts-sym: Regroup Total graph
pnml2lts-sym: Regroup ViennaCL's Advanced Cuthill McKee
pnml2lts-sym: bandwidth: 12897
pnml2lts-sym: profile: 310998612
pnml2lts-sym: span: 426979134
pnml2lts-sym: average wavefront: 8229.55262
pnml2lts-sym: RMS wavefront: 8871.692226
pnml2lts-sym: Regroup Matrix Metrics
pnml2lts-sym: Reqroup Horizontal Flip
pnml2lts-sym: Regrouping: 4771->4771 groups
pnml2lts-sym: Regrouping took 157.140 real 156.760 user 0.040 sys
pnml2lts-sym: state vector length is 621; there are 4771 groups and 621 guards
pnml2lts-sym: Creating a multi-core ListDD domain.
pnml2lts-sym: Using GBgetTransitionsShortR2W as next-state function
pnml2lts-sym: got initial state
pnml2lts-sym: vrel_add_act not supported; falling back to vrel_add_cpy
Killed [24]
1797.58 user, 0.50 system, 1801.80 elapsed -- Max VSize = 3743732KB, Max RSS = 892460KB
command-2862: line 5: 51035 CPU time limit exceeded memtime -c1800 -m4000000 pnml2lts-sym spec/PNML/SafeBus-15-unfolded.pnml -rsc,tg,vacm,mm,hf --graph-metrics --saturation=sat-like --order=chain --next-union --vset=lddmc --lddmc-cachesize=24 --lddmc-maxcachesize=24 --lddmc-tablesize=24 --lddmc-maxtablesize=24 --lace-workers=1 --peak-nodes
