statistics run
pnml2lts-sym spec/PNML/lamport_fmea-6.pnml -rsc,bn,mm --graph-metrics --saturation=sat-like --order=chain --next-union --vset=lddmc --lddmc-cachesize=24 --lddmc-maxcachesize=24 --lddmc-tablesize=24 --lddmc-maxtablesize=24 --lace-workers=1 --peak-nodes
ctit015
pnml2lts-sym: Exploration order is chain
pnml2lts-sym: Saturation strategy is sat-like
pnml2lts-sym: Guided search strategy is unguided
pnml2lts-sym: Attractor strategy is default
pnml2lts-sym: opening spec/PNML/lamport_fmea-6.pnml
pnml2lts-sym: Petri net has 217 places, 420 transitions and 1834 arcs
pnml2lts-sym: There are 0 safe places
pnml2lts-sym: Petri net spec/PNML/lamport_fmea-6.pnml analyzed
pnml2lts-sym: Loading Petri net took 0.030 real 0.000 user 0.010 sys
pnml2lts-sym: Initializing regrouping layer
pnml2lts-sym: Regroup specification: sc,bn,mm
pnml2lts-sym: Regroup Select Combined matrix
pnml2lts-sym: Regroup Boost's None
pnml2lts-sym: bandwidth: 511
pnml2lts-sym: profile: 214514
pnml2lts-sym: span: 66477
pnml2lts-sym: average wavefront: 115.911
pnml2lts-sym: RMS wavefront: 134.457
pnml2lts-sym: Regroup Matrix Metrics
pnml2lts-sym: Regrouping: 420->420 groups
pnml2lts-sym: Regrouping took 0.020 real 0.020 user 0.000 sys
pnml2lts-sym: state vector length is 217; there are 420 groups and 210 guards
pnml2lts-sym: Creating a multi-core ListDD domain.
pnml2lts-sym: Using GBgetTransitionsShortR2W as next-state function
pnml2lts-sym: got initial state
pnml2lts-sym: vrel_add_act not supported; falling back to vrel_add_cpy
MDD Unique table full, 14499375 of 16777216 buckets filled!
Event Span: 44940
Normalized Event Span: 0.49309
Weighted Event Span, moment 1 (WES^1): 82613
Normalized Weighted Event Span, moment 1: 0.90644
Exit [1]
72.90 user, 0.76 system, 74.43 elapsed -- Max VSize = 3675068KB, Max RSS = 975068KB
