statistics run
pnml2lts-sym spec/PNML/eratosthenes-500.pnml -rsc,tg,bk,mm,hf --graph-metrics --saturation=sat-like --order=chain --next-union --vset=lddmc --lddmc-cachesize=24 --lddmc-maxcachesize=24 --lddmc-tablesize=24 --lddmc-maxtablesize=24 --lace-workers=1 --peak-nodes
ctit008
pnml2lts-sym: Exploration order is chain
pnml2lts-sym: Saturation strategy is sat-like
pnml2lts-sym: Guided search strategy is unguided
pnml2lts-sym: Attractor strategy is default
pnml2lts-sym: opening spec/PNML/eratosthenes-500.pnml
pnml2lts-sym: Petri net has 499 places, 2191 transitions and 6573 arcs
pnml2lts-sym: There are 0 safe places
pnml2lts-sym: Petri net spec/PNML/eratosthenes-500.pnml analyzed
pnml2lts-sym: Loading Petri net took 0.120 real 0.100 user 0.010 sys
pnml2lts-sym: Initializing regrouping layer
pnml2lts-sym: Regroup specification: sc,tg,bk,mm,hf
pnml2lts-sym: Regroup Select Combined matrix
pnml2lts-sym: Regroup Total graph
pnml2lts-sym: Regroup Boost's King
pnml2lts-sym: bandwidth: 3860
pnml2lts-sym: profile: 14352118
pnml2lts-sym: span: 18749859
pnml2lts-sym: average wavefront: 996.12104
pnml2lts-sym: RMS wavefront: 1096.337
pnml2lts-sym: Regroup Matrix Metrics
pnml2lts-sym: Reqroup Horizontal Flip
pnml2lts-sym: Regrouping: 2191->2191 groups
pnml2lts-sym: Regrouping took 1.710 real 1.710 user 0.000 sys
pnml2lts-sym: state vector length is 499; there are 2191 groups and 457 guards
pnml2lts-sym: Creating a multi-core ListDD domain.
pnml2lts-sym: Using GBgetTransitionsShortR2W as next-state function
pnml2lts-sym: got initial state
pnml2lts-sym: vrel_add_act not supported; falling back to vrel_add_cpy
pnml2lts-sym: Exploration took 39201 group checks and 39201 next state calls
pnml2lts-sym: reachability took 5.900 real 5.680 user 0.200 sys
pnml2lts-sym: counting visited states...
pnml2lts-sym: counting took 0.000 real 0.000 user 0.000 sys
pnml2lts-sym: state space has 4.13159980493905e+121 states, 903 nodes
pnml2lts-sym: ( 903 final BDD nodes; 903 peak nodes )
pnml2lts-sym: group_next: 8764 nodes total
pnml2lts-sym: group_explored: 7851 nodes, 6938 short vectors total
pnml2lts-sym: max token count: 1
Event Span: 234223
Normalized Event Span: 0.2142331
Weighted Event Span, moment 1 (WES^1): 242961.7
Normalized Weighted Event Span, moment 1: 0.222226
Exit [0]
8.06 user, 0.29 system, 8.51 elapsed -- Max VSize = 3675824KB, Max RSS = 756656KB
