statistics run
pnml2lts-sym spec/PNML/TokenRing-40-unfolded.pnml -rsc,tg,bs,mm,hf --graph-metrics --saturation=sat-like --order=chain --next-union --vset=lddmc --lddmc-cachesize=24 --lddmc-maxcachesize=24 --lddmc-tablesize=24 --lddmc-maxtablesize=24 --lace-workers=1 --peak-nodes
ctit024
pnml2lts-sym: Exploration order is chain
pnml2lts-sym: Saturation strategy is sat-like
pnml2lts-sym: Guided search strategy is unguided
pnml2lts-sym: Attractor strategy is default
pnml2lts-sym: opening spec/PNML/TokenRing-40-unfolded.pnml
pnml2lts-sym: Petri net has 1681 places, 65641 transitions and 262564 arcs
pnml2lts-sym: There are 0 safe places
pnml2lts-sym: Petri net spec/PNML/TokenRing-40-unfolded.pnml analyzed
pnml2lts-sym: Loading Petri net took 6.680 real 5.710 user 0.960 sys
pnml2lts-sym: Initializing regrouping layer
pnml2lts-sym: Regroup specification: sc,tg,bs,mm,hf
pnml2lts-sym: Regroup Select Combined matrix
pnml2lts-sym: Regroup Total graph
pnml2lts-sym: Regroup Boost's Sloan
pnml2lts-sym: bandwidth: 38354
pnml2lts-sym: profile: 3536603754
pnml2lts-sym: span: 4073916860
Killed [24]
1795.36 user, 2.64 system, 1801.52 elapsed -- Max VSize = 3462984KB, Max RSS = 836444KB
command-3420: line 5: 20688 CPU time limit exceeded memtime -c1800 -m4000000 pnml2lts-sym spec/PNML/TokenRing-40-unfolded.pnml -rsc,tg,bs,mm,hf --graph-metrics --saturation=sat-like --order=chain --next-union --vset=lddmc --lddmc-cachesize=24 --lddmc-maxcachesize=24 --lddmc-tablesize=24 --lddmc-maxtablesize=24 --lace-workers=1 --peak-nodes
