performance run
pnml2lts-sym spec/PNML/2D8_gradient_5x5_50.pnml -rsc,tg,bcm,hf --saturation=sat-like --order=chain --next-union --vset=lddmc --lddmc-cachesize=24 --lddmc-maxcachesize=24 --lddmc-tablesize=24 --lddmc-maxtablesize=24 --lace-workers=1 --peak-nodes
ctit029
pnml2lts-sym: Exploration order is chain
pnml2lts-sym: Saturation strategy is sat-like
pnml2lts-sym: Guided search strategy is unguided
pnml2lts-sym: Attractor strategy is default
pnml2lts-sym: opening spec/PNML/2D8_gradient_5x5_50.pnml
pnml2lts-sym: Petri net has 25 places, 144 transitions and 288 arcs
pnml2lts-sym: There are 0 safe places
pnml2lts-sym: Petri net spec/PNML/2D8_gradient_5x5_50.pnml analyzed
pnml2lts-sym: Loading Petri net took 0.000 real 0.000 user 0.000 sys
pnml2lts-sym: Initializing regrouping layer
pnml2lts-sym: Regroup specification: sc,tg,bcm,hf
pnml2lts-sym: Regroup Select Combined matrix
pnml2lts-sym: Regroup Total graph
pnml2lts-sym: Regroup Boost's Cuthill McKee
pnml2lts-sym: Reqroup Horizontal Flip
pnml2lts-sym: Regrouping: 144->144 groups
pnml2lts-sym: Regrouping took 0.010 real 0.000 user 0.000 sys
pnml2lts-sym: state vector length is 25; there are 144 groups and 25 guards
pnml2lts-sym: Creating a multi-core ListDD domain.
pnml2lts-sym: Using GBgetTransitionsShortR2W as next-state function
pnml2lts-sym: got initial state
pnml2lts-sym: vrel_add_act not supported; falling back to vrel_add_cpy
pnml2lts-sym: Exploration took 3098 group checks and 3098 next state calls
pnml2lts-sym: reachability took 141.000 real 139.800 user 0.520 sys
pnml2lts-sym: counting visited states...
pnml2lts-sym: counting took 0.000 real 0.010 user 0.000 sys
pnml2lts-sym: state space has 1.75295157137163e+19 states, 30600 nodes
pnml2lts-sym: ( 30600 final BDD nodes; 182361 peak nodes )
pnml2lts-sym: group_next: 205200 nodes total
pnml2lts-sym: group_explored: 198288 nodes, 190944 short vectors total
pnml2lts-sym: max token count: 50
Exit [0]
139.82 user, 0.59 system, 141.24 elapsed -- Max VSize = 3675064KB, Max RSS = 971848KB
