performance run
pnml2lts-sym spec/PNML/IBM5964.pnml -rrs,hf --noack=2 --saturation=sat-like --order=chain --next-union --vset=lddmc --lddmc-cachesize=24 --lddmc-maxcachesize=24 --lddmc-tablesize=24 --lddmc-maxtablesize=24 --lace-workers=1 --peak-nodes
ctit014
pnml2lts-sym: Exploration order is chain
pnml2lts-sym: Saturation strategy is sat-like
pnml2lts-sym: Guided search strategy is unguided
pnml2lts-sym: Attractor strategy is default
pnml2lts-sym: opening spec/PNML/IBM5964.pnml
pnml2lts-sym: Petri net has 263 places, 139 transitions and 541 arcs
pnml2lts-sym: There are 0 safe places
pnml2lts-sym: Petri net spec/PNML/IBM5964.pnml analyzed
pnml2lts-sym: Computing Noack2 order
pnml2lts-sym: Computing Noack2 order took 0.000 real 0.010 user 0.000 sys
pnml2lts-sym: Loading Petri net took 0.010 real 0.010 user 0.010 sys
pnml2lts-sym: Initializing regrouping layer
pnml2lts-sym: Got state vector permutation from language front-end; permuting columns
pnml2lts-sym: Regroup specification: rs,hf
pnml2lts-sym: Regroup Row Sort
pnml2lts-sym: Reqroup Horizontal Flip
pnml2lts-sym: Regrouping: 139->139 groups
pnml2lts-sym: Regrouping took 0.010 real 0.000 user 0.000 sys
pnml2lts-sym: state vector length is 263; there are 139 groups and 254 guards
pnml2lts-sym: Creating a multi-core ListDD domain.
pnml2lts-sym: Using GBgetTransitionsShortR2W as next-state function
pnml2lts-sym: got initial state
pnml2lts-sym: vrel_add_act not supported; falling back to vrel_add_cpy
pnml2lts-sym: Exploration took 456 group checks and 456 next state calls
pnml2lts-sym: reachability took 0.260 real 0.090 user 0.170 sys
pnml2lts-sym: counting visited states...
pnml2lts-sym: counting took 0.000 real 0.000 user 0.000 sys
pnml2lts-sym: state space has 15546 states, 1420 nodes
pnml2lts-sym: ( 1420 final BDD nodes; 1420 peak nodes )
pnml2lts-sym: group_next: 472 nodes total
pnml2lts-sym: group_explored: 915 nodes, 441 short vectors total
pnml2lts-sym: max token count: 5
Exit [0]
0.10 user, 0.26 system, 0.50 elapsed -- Max VSize = 3675064KB, Max RSS = 688772KB
