statistics run
pnml2lts-sym spec/PNML/raft_06.pnml -rsc,bn,rs,mm,hf --noack=1 --graph-metrics --saturation=sat-like --order=chain --next-union --vset=lddmc --lddmc-cachesize=24 --lddmc-maxcachesize=24 --lddmc-tablesize=24 --lddmc-maxtablesize=24 --lace-workers=1 --peak-nodes
ctit020
pnml2lts-sym: Exploration order is chain
pnml2lts-sym: Saturation strategy is sat-like
pnml2lts-sym: Guided search strategy is unguided
pnml2lts-sym: Attractor strategy is default
pnml2lts-sym: opening spec/PNML/raft_06.pnml
pnml2lts-sym: Petri net has 188 places, 332 transitions and 1231 arcs
pnml2lts-sym: There are 188 safe places
pnml2lts-sym: Petri net spec/PNML/raft_06.pnml analyzed
pnml2lts-sym: Computing Noack1 order
pnml2lts-sym: Computing Noack1 order took 0.000 real 0.000 user 0.000 sys
pnml2lts-sym: Loading Petri net took 0.020 real 0.010 user 0.000 sys
pnml2lts-sym: Initializing regrouping layer
pnml2lts-sym: Got state vector permutation from language front-end; permuting columns
pnml2lts-sym: Regroup specification: sc,bn,rs,mm,hf
pnml2lts-sym: Regroup Select Combined matrix
pnml2lts-sym: Regroup Boost's None
pnml2lts-sym: bandwidth: 519
pnml2lts-sym: profile: 151844
pnml2lts-sym: span: 39398
pnml2lts-sym: average wavefront: 116.129
pnml2lts-sym: RMS wavefront: 128.451
pnml2lts-sym: Regroup Row Sort
pnml2lts-sym: Regroup Matrix Metrics
pnml2lts-sym: Reqroup Horizontal Flip
pnml2lts-sym: Regrouping: 332->332 groups
pnml2lts-sym: Regrouping took 0.010 real 0.020 user 0.000 sys
pnml2lts-sym: state vector length is 188; there are 332 groups and 188 guards
pnml2lts-sym: Creating a multi-core ListDD domain.
pnml2lts-sym: Using GBgetTransitionsShortR2W as next-state function
pnml2lts-sym: got initial state
pnml2lts-sym: vrel_add_act not supported; falling back to vrel_add_cpy
pnml2lts-sym: Exploration took 26905 group checks and 26905 next state calls
pnml2lts-sym: reachability took 26.260 real 26.020 user 0.180 sys
pnml2lts-sym: counting visited states...
pnml2lts-sym: counting took 0.000 real 0.000 user 0.000 sys
pnml2lts-sym: state space has 2.9094385723768e+26 states, 57231 nodes
pnml2lts-sym: ( 57231 final BDD nodes; 83117 peak nodes )
pnml2lts-sym: group_next: 1631 nodes total
pnml2lts-sym: group_explored: 1196 nodes, 1196 short vectors total
pnml2lts-sym: max token count: 1
Event Span: 13317
Normalized Event Span: 0.21336
Weighted Event Span, moment 1 (WES^1): 19507
Normalized Weighted Event Span, moment 1: 0.31253
Exit [0]
26.08 user, 0.23 system, 26.52 elapsed -- Max VSize = 3675068KB, Max RSS = 772224KB
