performance run
pnml2lts-sym spec/PNML/BridgeAndVehicles-V20-P20-N20-unfolded.pnml -rsc,tg,bcm,hf --saturation=sat-like --order=chain --next-union --vset=lddmc --lddmc-cachesize=24 --lddmc-maxcachesize=24 --lddmc-tablesize=24 --lddmc-maxtablesize=24 --lace-workers=1 --peak-nodes
ctit018
pnml2lts-sym: Exploration order is chain
pnml2lts-sym: Saturation strategy is sat-like
pnml2lts-sym: Guided search strategy is unguided
pnml2lts-sym: Attractor strategy is default
pnml2lts-sym: opening spec/PNML/BridgeAndVehicles-V20-P20-N20-unfolded.pnml
pnml2lts-sym: Petri net has 78 places, 968 transitions and 7350 arcs
pnml2lts-sym: There are 0 safe places
pnml2lts-sym: Petri net spec/PNML/BridgeAndVehicles-V20-P20-N20-unfolded.pnml analyzed
pnml2lts-sym: Loading Petri net took 0.080 real 0.050 user 0.030 sys
pnml2lts-sym: Initializing regrouping layer
pnml2lts-sym: Regroup specification: sc,tg,bcm,hf
pnml2lts-sym: Regroup Select Combined matrix
pnml2lts-sym: Regroup Total graph
pnml2lts-sym: Regroup Boost's Cuthill McKee
pnml2lts-sym: Reqroup Horizontal Flip
pnml2lts-sym: Regrouping: 968->968 groups
pnml2lts-sym: Regrouping took 0.030 real 0.040 user 0.000 sys
pnml2lts-sym: state vector length is 78; there are 968 groups and 77 guards
pnml2lts-sym: Creating a multi-core ListDD domain.
pnml2lts-sym: Using GBgetTransitionsShortR2W as next-state function
pnml2lts-sym: got initial state
pnml2lts-sym: vrel_add_act not supported; falling back to vrel_add_cpy
Killed [24]
1796.86 user, 0.85 system, 1802.08 elapsed -- Max VSize = 3675088KB, Max RSS = 809660KB
command-11766: line 5: 35018 CPU time limit exceeded memtime -c1800 -m4000000 pnml2lts-sym spec/PNML/BridgeAndVehicles-V20-P20-N20-unfolded.pnml -rsc,tg,bcm,hf --saturation=sat-like --order=chain --next-union --vset=lddmc --lddmc-cachesize=24 --lddmc-maxcachesize=24 --lddmc-tablesize=24 --lddmc-maxtablesize=24 --lace-workers=1 --peak-nodes
