statistics run
pnml2lts-sym spec/PNML/angiogenesis-05.pnml -rsc,bn,rs,mm,hf --noack=2 --graph-metrics --saturation=sat-like --order=chain --next-union --vset=lddmc --lddmc-cachesize=24 --lddmc-maxcachesize=24 --lddmc-tablesize=24 --lddmc-maxtablesize=24 --lace-workers=1 --peak-nodes
ctit001
pnml2lts-sym: Exploration order is chain
pnml2lts-sym: Saturation strategy is sat-like
pnml2lts-sym: Guided search strategy is unguided
pnml2lts-sym: Attractor strategy is default
pnml2lts-sym: opening spec/PNML/angiogenesis-05.pnml
pnml2lts-sym: Petri net has 39 places, 64 transitions and 185 arcs
pnml2lts-sym: There are 0 safe places
pnml2lts-sym: Petri net spec/PNML/angiogenesis-05.pnml analyzed
pnml2lts-sym: Computing Noack2 order
pnml2lts-sym: Computing Noack2 order took 0.000 real 0.010 user 0.000 sys
pnml2lts-sym: Loading Petri net took 0.010 real 0.010 user 0.000 sys
pnml2lts-sym: Initializing regrouping layer
pnml2lts-sym: Got state vector permutation from language front-end; permuting columns
pnml2lts-sym: Regroup specification: sc,bn,rs,mm,hf
pnml2lts-sym: Regroup Select Combined matrix
pnml2lts-sym: Regroup Boost's None
pnml2lts-sym: bandwidth: 102
pnml2lts-sym: profile: 6015
pnml2lts-sym: span: 1182
pnml2lts-sym: average wavefront: 23.204
pnml2lts-sym: RMS wavefront: 25.744
pnml2lts-sym: Regroup Row Sort
pnml2lts-sym: Regroup Matrix Metrics
pnml2lts-sym: Reqroup Horizontal Flip
pnml2lts-sym: Regrouping: 64->64 groups
pnml2lts-sym: Regrouping took 0.000 real 0.000 user 0.000 sys
pnml2lts-sym: state vector length is 39; there are 64 groups and 38 guards
pnml2lts-sym: Creating a multi-core ListDD domain.
pnml2lts-sym: Using GBgetTransitionsShortR2W as next-state function
pnml2lts-sym: got initial state
pnml2lts-sym: vrel_add_act not supported; falling back to vrel_add_cpy
pnml2lts-sym: Exploration took 1394 group checks and 1394 next state calls
pnml2lts-sym: reachability took 1.330 real 1.130 user 0.200 sys
pnml2lts-sym: counting visited states...
pnml2lts-sym: counting took 0.000 real 0.000 user 0.000 sys
pnml2lts-sym: state space has 42734935 states, 12142 nodes
pnml2lts-sym: ( 12142 final BDD nodes; 21499 peak nodes )
pnml2lts-sym: group_next: 3070 nodes total
pnml2lts-sym: group_explored: 2729 nodes, 4011 short vectors total
pnml2lts-sym: max token count: 5
Event Span: 578
Normalized Event Span: 0.2316
Weighted Event Span, moment 1 (WES^1): 761.9
Normalized Weighted Event Span, moment 1: 0.3053
Exit [0]
1.14 user, 0.26 system, 1.50 elapsed -- Max VSize = 3675068KB, Max RSS = 733072KB
