statistics run
pnml2lts-sym spec/PNML/2D8_gradient_20x20_10.pnml -rsc,bg,bk,mm,hf --graph-metrics --saturation=sat-like --order=chain --next-union --vset=lddmc --lddmc-cachesize=24 --lddmc-maxcachesize=24 --lddmc-tablesize=24 --lddmc-maxtablesize=24 --lace-workers=1 --peak-nodes
ctit012
pnml2lts-sym: Exploration order is chain
pnml2lts-sym: Saturation strategy is sat-like
pnml2lts-sym: Guided search strategy is unguided
pnml2lts-sym: Attractor strategy is default
pnml2lts-sym: opening spec/PNML/2D8_gradient_20x20_10.pnml
pnml2lts-sym: Petri net has 400 places, 2964 transitions and 5928 arcs
pnml2lts-sym: There are 0 safe places
pnml2lts-sym: Petri net spec/PNML/2D8_gradient_20x20_10.pnml analyzed
pnml2lts-sym: Loading Petri net took 0.080 real 0.070 user 0.010 sys
pnml2lts-sym: Initializing regrouping layer
pnml2lts-sym: Regroup specification: sc,bg,bk,mm,hf
pnml2lts-sym: Regroup Select Combined matrix
pnml2lts-sym: Regroup Bipartite Graph
pnml2lts-sym: Regroup Boost's King
pnml2lts-sym: bandwidth: 278
pnml2lts-sym: profile: 429950
pnml2lts-sym: span: 518297
pnml2lts-sym: average wavefront: 75.306183
pnml2lts-sym: RMS wavefront: 85.165028
pnml2lts-sym: Regroup Matrix Metrics
pnml2lts-sym: Reqroup Horizontal Flip
pnml2lts-sym: Regrouping: 2964->2964 groups
pnml2lts-sym: Regrouping took 0.210 real 0.200 user 0.000 sys
pnml2lts-sym: state vector length is 400; there are 2964 groups and 400 guards
pnml2lts-sym: Creating a multi-core ListDD domain.
pnml2lts-sym: Using GBgetTransitionsShortR2W as next-state function
pnml2lts-sym: got initial state
pnml2lts-sym: vrel_add_act not supported; falling back to vrel_add_cpy
pnml2lts-sym: Exploration took 28944 group checks and 28944 next state calls
pnml2lts-sym: reachability took 25.080 real 24.890 user 0.150 sys
pnml2lts-sym: counting visited states...
pnml2lts-sym: counting took 0.000 real 0.000 user 0.000 sys
pnml2lts-sym: state space has 3.23081977575776e+19 states, 26290 nodes
pnml2lts-sym: ( 26290 final BDD nodes; 26290 peak nodes )
pnml2lts-sym: group_next: 251940 nodes total
pnml2lts-sym: group_explored: 228228 nodes, 195624 short vectors total
pnml2lts-sym: max token count: 10
Event Span: 53938
Normalized Event Span: 0.04549426
Weighted Event Span, moment 1 (WES^1): 56143.49
Normalized Weighted Event Span, moment 1: 0.0473545
Exit [0]
25.50 user, 0.22 system, 25.82 elapsed -- Max VSize = 3675852KB, Max RSS = 810580KB
