statistics run
pnml2lts-sym spec/PNML/20-100_phaseVariation.pnml -rsc,tg,bk,mm,hf --graph-metrics --saturation=sat-like --order=chain --next-union --vset=lddmc --lddmc-cachesize=24 --lddmc-maxcachesize=24 --lddmc-tablesize=24 --lddmc-maxtablesize=24 --lace-workers=1 --peak-nodes
ctit005
pnml2lts-sym: Exploration order is chain
pnml2lts-sym: Saturation strategy is sat-like
pnml2lts-sym: Guided search strategy is unguided
pnml2lts-sym: Attractor strategy is default
pnml2lts-sym: opening spec/PNML/20-100_phaseVariation.pnml
pnml2lts-sym: Petri net has 1202 places, 13457 transitions and 93395 arcs
pnml2lts-sym: There are 0 safe places
pnml2lts-sym: Petri net spec/PNML/20-100_phaseVariation.pnml analyzed
pnml2lts-sym: Loading Petri net took 1.420 real 1.260 user 0.150 sys
pnml2lts-sym: Initializing regrouping layer
pnml2lts-sym: Regroup specification: sc,tg,bk,mm,hf
pnml2lts-sym: Regroup Select Combined matrix
pnml2lts-sym: Regroup Total graph
pnml2lts-sym: Regroup Boost's King
pnml2lts-sym: bandwidth: 67594
pnml2lts-sym: profile: 3937573887
pnml2lts-sym: span: 4382368928
pnml2lts-sym: average wavefront: 17318.35064
pnml2lts-sym: RMS wavefront: 19778.49534
pnml2lts-sym: Regroup Matrix Metrics
pnml2lts-sym: Reqroup Horizontal Flip
pnml2lts-sym: Regrouping: 13457->13457 groups
pnml2lts-sym: Regrouping took 918.720 real 916.680 user 0.150 sys
pnml2lts-sym: state vector length is 1202; there are 13457 groups and 1202 guards
pnml2lts-sym: Creating a multi-core ListDD domain.
cache_create: Unable to allocate memory: Cannot allocate memory!
Event Span: 8603259
Normalized Event Span: 0.53187586
Weighted Event Span, moment 1 (WES^1): 11931452
Normalized Weighted Event Span, moment 1: 0.73763342
Exit [1]
917.94 user, 0.36 system, 920.35 elapsed -- Max VSize = 2823128KB, Max RSS = 188040KB
