statistics run
pnml2lts-sym spec/PNML/erk-000001.pnml -rsc,bn,rs,mm,hf --noack=1 --graph-metrics --saturation=sat-like --order=chain --next-union --vset=lddmc --lddmc-cachesize=24 --lddmc-maxcachesize=24 --lddmc-tablesize=24 --lddmc-maxtablesize=24 --lace-workers=1 --peak-nodes
ctit027
pnml2lts-sym: Exploration order is chain
pnml2lts-sym: Saturation strategy is sat-like
pnml2lts-sym: Guided search strategy is unguided
pnml2lts-sym: Attractor strategy is default
pnml2lts-sym: opening spec/PNML/erk-000001.pnml
pnml2lts-sym: Petri net has 11 places, 11 transitions and 34 arcs
pnml2lts-sym: There are 0 safe places
pnml2lts-sym: Petri net spec/PNML/erk-000001.pnml analyzed
pnml2lts-sym: Computing Noack1 order
pnml2lts-sym: Computing Noack1 order took 0.000 real 0.000 user 0.000 sys
pnml2lts-sym: Loading Petri net took 0.000 real 0.000 user 0.000 sys
pnml2lts-sym: Initializing regrouping layer
pnml2lts-sym: Got state vector permutation from language front-end; permuting columns
pnml2lts-sym: Regroup specification: sc,bn,rs,mm,hf
pnml2lts-sym: Regroup Select Combined matrix
pnml2lts-sym: Regroup Boost's None
pnml2lts-sym: bandwidth: 17
pnml2lts-sym: profile: 299
pnml2lts-sym: span: 110
pnml2lts-sym: average wavefront: 7.45
pnml2lts-sym: RMS wavefront: 8.24
pnml2lts-sym: Regroup Row Sort
pnml2lts-sym: Regroup Matrix Metrics
pnml2lts-sym: Reqroup Horizontal Flip
pnml2lts-sym: Regrouping: 11->11 groups
pnml2lts-sym: Regrouping took 0.000 real 0.000 user 0.000 sys
pnml2lts-sym: state vector length is 11; there are 11 groups and 11 guards
pnml2lts-sym: Creating a multi-core ListDD domain.
pnml2lts-sym: Using GBgetTransitionsShortR2W as next-state function
pnml2lts-sym: got initial state
pnml2lts-sym: vrel_add_act not supported; falling back to vrel_add_cpy
pnml2lts-sym: Exploration took 46 group checks and 46 next state calls
pnml2lts-sym: reachability took 0.180 real 0.000 user 0.170 sys
pnml2lts-sym: counting visited states...
pnml2lts-sym: counting took 0.000 real 0.000 user 0.000 sys
pnml2lts-sym: state space has 13 states, 29 nodes
pnml2lts-sym: ( 29 final BDD nodes; 30 peak nodes )
pnml2lts-sym: group_next: 68 nodes total
pnml2lts-sym: group_explored: 79 nodes, 43 short vectors total
pnml2lts-sym: max token count: 1
Event Span: 41
Normalized Event Span: 0.339
Weighted Event Span, moment 1 (WES^1): 57.6
Normalized Weighted Event Span, moment 1: 0.476
Exit [0]
0.01 user, 0.23 system, 0.40 elapsed -- Max VSize = 3675068KB, Max RSS = 579588KB
