statistics run
pnml2lts-sym spec/PNML/BridgeAndVehicles-V80-P20-N20-unfolded.pnml -rsc,tg,vacm,mm,hf --graph-metrics --saturation=sat-like --order=chain --next-union --vset=lddmc --lddmc-cachesize=24 --lddmc-maxcachesize=24 --lddmc-tablesize=24 --lddmc-maxtablesize=24 --lace-workers=1 --peak-nodes
ctit035
pnml2lts-sym: Exploration order is chain
pnml2lts-sym: Saturation strategy is sat-like
pnml2lts-sym: Guided search strategy is unguided
pnml2lts-sym: Attractor strategy is default
pnml2lts-sym: opening spec/PNML/BridgeAndVehicles-V80-P20-N20-unfolded.pnml
pnml2lts-sym: Petri net has 198 places, 3728 transitions and 28830 arcs
pnml2lts-sym: There are 0 safe places
pnml2lts-sym: Petri net spec/PNML/BridgeAndVehicles-V80-P20-N20-unfolded.pnml analyzed
pnml2lts-sym: Loading Petri net took 0.370 real 0.260 user 0.040 sys
pnml2lts-sym: Initializing regrouping layer
pnml2lts-sym: Regroup specification: sc,tg,vacm,mm,hf
pnml2lts-sym: Regroup Select Combined matrix
pnml2lts-sym: Regroup Total graph
pnml2lts-sym: Regroup ViennaCL's Advanced Cuthill McKee
pnml2lts-sym: bandwidth: 18137
pnml2lts-sym: profile: 280214426
pnml2lts-sym: span: 370169359
pnml2lts-sym: average wavefront: 8515.08831
pnml2lts-sym: RMS wavefront: 9773.13696
pnml2lts-sym: Regroup Matrix Metrics
pnml2lts-sym: Reqroup Horizontal Flip
pnml2lts-sym: Regrouping: 3728->3728 groups
pnml2lts-sym: Regrouping took 78.100 real 69.930 user 0.000 sys
pnml2lts-sym: state vector length is 198; there are 3728 groups and 197 guards
pnml2lts-sym: Creating a multi-core ListDD domain.
pnml2lts-sym: Using GBgetTransitionsShortR2W as next-state function
pnml2lts-sym: got initial state
pnml2lts-sym: vrel_add_act not supported; falling back to vrel_add_cpy
slurmd[ctit035]: *** STEP 1644474.0 CANCELLED AT 2016-02-24T09:14:16 DUE TO TIME LIMIT ***
