performance run
pnml2lts-sym spec/PNML/lamport_fmea-6.pnml -rsc,tg,bk,hf --saturation=sat-like --order=chain --next-union --vset=lddmc --lddmc-cachesize=24 --lddmc-maxcachesize=24 --lddmc-tablesize=24 --lddmc-maxtablesize=24 --lace-workers=1 --peak-nodes
ctit003
pnml2lts-sym: Exploration order is chain
pnml2lts-sym: Saturation strategy is sat-like
pnml2lts-sym: Guided search strategy is unguided
pnml2lts-sym: Attractor strategy is default
pnml2lts-sym: opening spec/PNML/lamport_fmea-6.pnml
pnml2lts-sym: Petri net has 217 places, 420 transitions and 1834 arcs
pnml2lts-sym: There are 0 safe places
pnml2lts-sym: Petri net spec/PNML/lamport_fmea-6.pnml analyzed
pnml2lts-sym: Loading Petri net took 0.020 real 0.010 user 0.010 sys
pnml2lts-sym: Initializing regrouping layer
pnml2lts-sym: Regroup specification: sc,tg,bk,hf
pnml2lts-sym: Regroup Select Combined matrix
pnml2lts-sym: Regroup Total graph
pnml2lts-sym: Regroup Boost's King
pnml2lts-sym: Reqroup Horizontal Flip
pnml2lts-sym: Regrouping: 420->420 groups
pnml2lts-sym: Regrouping took 0.020 real 0.010 user 0.000 sys
pnml2lts-sym: state vector length is 217; there are 420 groups and 210 guards
pnml2lts-sym: Creating a multi-core ListDD domain.
pnml2lts-sym: Using GBgetTransitionsShortR2W as next-state function
pnml2lts-sym: got initial state
pnml2lts-sym: vrel_add_act not supported; falling back to vrel_add_cpy
Killed [24]
1797.59 user, 0.36 system, 1801.83 elapsed -- Max VSize = 3675072KB, Max RSS = 914948KB
command-15307: line 5:  5182 CPU time limit exceeded memtime -c1800 -m4000000 pnml2lts-sym spec/PNML/lamport_fmea-6.pnml -rsc,tg,bk,hf --saturation=sat-like --order=chain --next-union --vset=lddmc --lddmc-cachesize=24 --lddmc-maxcachesize=24 --lddmc-tablesize=24 --lddmc-maxtablesize=24 --lace-workers=1 --peak-nodes
