performance run
pnml2lts-sym spec/PNML/TokenRing-20-unfolded.pnml -rsc,bg,vcm,hf --saturation=sat-like --order=chain --next-union --vset=lddmc --lddmc-cachesize=24 --lddmc-maxcachesize=24 --lddmc-tablesize=24 --lddmc-maxtablesize=24 --lace-workers=1 --peak-nodes
ctit033
pnml2lts-sym: Exploration order is chain
pnml2lts-sym: Saturation strategy is sat-like
pnml2lts-sym: Guided search strategy is unguided
pnml2lts-sym: Attractor strategy is default
pnml2lts-sym: opening spec/PNML/TokenRing-20-unfolded.pnml
pnml2lts-sym: Petri net has 441 places, 8421 transitions and 33684 arcs
pnml2lts-sym: There are 0 safe places
pnml2lts-sym: Petri net spec/PNML/TokenRing-20-unfolded.pnml analyzed
pnml2lts-sym: Loading Petri net took 0.520 real 0.460 user 0.050 sys
pnml2lts-sym: Initializing regrouping layer
pnml2lts-sym: Regroup specification: sc,bg,vcm,hf
pnml2lts-sym: Regroup Select Combined matrix
pnml2lts-sym: Regroup Bipartite Graph
pnml2lts-sym: Regroup ViennaCL's Cuthill McKee
pnml2lts-sym: Reqroup Horizontal Flip
pnml2lts-sym: Regrouping: 8421->8421 groups
pnml2lts-sym: Regrouping took 0.220 real 0.220 user 0.000 sys
pnml2lts-sym: state vector length is 441; there are 8421 groups and 441 guards
pnml2lts-sym: Creating a multi-core ListDD domain.
pnml2lts-sym: Using GBgetTransitionsShortR2W as next-state function
pnml2lts-sym: got initial state
pnml2lts-sym: vrel_add_act not supported; falling back to vrel_add_cpy
Killed [24]
1796.06 user, 0.53 system, 1804.66 elapsed -- Max VSize = 3744284KB, Max RSS = 848588KB
command-8883: line 5: 12110 CPU time limit exceeded memtime -c1800 -m4000000 pnml2lts-sym spec/PNML/TokenRing-20-unfolded.pnml -rsc,bg,vcm,hf --saturation=sat-like --order=chain --next-union --vset=lddmc --lddmc-cachesize=24 --lddmc-maxcachesize=24 --lddmc-tablesize=24 --lddmc-maxtablesize=24 --lace-workers=1 --peak-nodes
