statistics run
pnml2lts-sym spec/PNML/QCertifProtocol_32-unfold.pnml -rsc,bg,bcm,mm,hf --graph-metrics --saturation=sat-like --order=chain --next-union --vset=lddmc --lddmc-cachesize=24 --lddmc-maxcachesize=24 --lddmc-tablesize=24 --lddmc-maxtablesize=24 --lace-workers=1 --peak-nodes
ctit032
pnml2lts-sym: Exploration order is chain
pnml2lts-sym: Saturation strategy is sat-like
pnml2lts-sym: Guided search strategy is unguided
pnml2lts-sym: Attractor strategy is default
pnml2lts-sym: opening spec/PNML/QCertifProtocol_32-unfold.pnml
pnml2lts-sym: Petri net has 3806 places, 506 transitions and 8173 arcs
pnml2lts-sym: There are 0 safe places
pnml2lts-sym: Petri net spec/PNML/QCertifProtocol_32-unfold.pnml analyzed
pnml2lts-sym: Loading Petri net took 0.180 real 0.130 user 0.050 sys
pnml2lts-sym: Initializing regrouping layer
pnml2lts-sym: Regroup specification: sc,bg,bcm,mm,hf
pnml2lts-sym: Regroup Select Combined matrix
pnml2lts-sym: Regroup Bipartite Graph
pnml2lts-sym: Regroup Boost's Cuthill McKee
pnml2lts-sym: bandwidth: 1222
pnml2lts-sym: profile: 2975585
pnml2lts-sym: span: 2136518
pnml2lts-sym: average wavefront: 248.12523
pnml2lts-sym: RMS wavefront: 394.33034
pnml2lts-sym: Regroup Matrix Metrics
pnml2lts-sym: Reqroup Horizontal Flip
pnml2lts-sym: Regrouping: 506->506 groups
pnml2lts-sym: Regrouping took 0.380 real 0.380 user 0.000 sys
pnml2lts-sym: state vector length is 3806; there are 506 groups and 3736 guards
pnml2lts-sym: Creating a multi-core ListDD domain.
pnml2lts-sym: Using GBgetTransitionsShortR2W as next-state function
pnml2lts-sym: got initial state
pnml2lts-sym: vrel_add_act not supported; falling back to vrel_add_cpy
MDD Unique table full, 15028189 of 16777216 buckets filled!
Event Span: 393999
Normalized Event Span: 0.204586
Weighted Event Span, moment 1 (WES^1): 481043.5
Normalized Weighted Event Span, moment 1: 0.2497843
Exit [1]
35.99 user, 0.92 system, 37.24 elapsed -- Max VSize = 3676256KB, Max RSS = 997964KB
