statistics run
pnml2lts-sym spec/PNML/rwmutex-r10w100.pnml -rsc,bn,rs,mm,hf --noack=2 --graph-metrics --saturation=sat-like --order=chain --next-union --vset=lddmc --lddmc-cachesize=24 --lddmc-maxcachesize=24 --lddmc-tablesize=24 --lddmc-maxtablesize=24 --lace-workers=1 --peak-nodes
ctit030
pnml2lts-sym: Exploration order is chain
pnml2lts-sym: Saturation strategy is sat-like
pnml2lts-sym: Guided search strategy is unguided
pnml2lts-sym: Attractor strategy is default
pnml2lts-sym: opening spec/PNML/rwmutex-r10w100.pnml
pnml2lts-sym: Petri net has 230 places, 220 transitions and 2460 arcs
pnml2lts-sym: There are 0 safe places
pnml2lts-sym: Petri net spec/PNML/rwmutex-r10w100.pnml analyzed
pnml2lts-sym: Computing Noack2 order
pnml2lts-sym: Computing Noack2 order took 0.010 real 0.020 user 0.000 sys
pnml2lts-sym: Loading Petri net took 0.030 real 0.030 user 0.000 sys
pnml2lts-sym: Initializing regrouping layer
pnml2lts-sym: Got state vector permutation from language front-end; permuting columns
pnml2lts-sym: Regroup specification: sc,bn,rs,mm,hf
pnml2lts-sym: Regroup Select Combined matrix
pnml2lts-sym: Regroup Boost's None
pnml2lts-sym: bandwidth: 434
pnml2lts-sym: profile: 126034
pnml2lts-sym: span: 39889
pnml2lts-sym: average wavefront: 142.053
pnml2lts-sym: RMS wavefront: 160.349
pnml2lts-sym: Regroup Row Sort
pnml2lts-sym: Regroup Matrix Metrics
pnml2lts-sym: Reqroup Horizontal Flip
pnml2lts-sym: Regrouping: 220->220 groups
pnml2lts-sym: Regrouping took 0.020 real 0.010 user 0.000 sys
pnml2lts-sym: state vector length is 230; there are 220 groups and 230 guards
pnml2lts-sym: Creating a multi-core ListDD domain.
pnml2lts-sym: Using GBgetTransitionsShortR2W as next-state function
pnml2lts-sym: got initial state
pnml2lts-sym: vrel_add_act not supported; falling back to vrel_add_cpy
pnml2lts-sym: Exploration took 2544 group checks and 2544 next state calls
pnml2lts-sym: reachability took 1.690 real 1.500 user 0.180 sys
pnml2lts-sym: counting visited states...
pnml2lts-sym: counting took 0.000 real 0.000 user 0.000 sys
pnml2lts-sym: state space has 1124 states, 55802 nodes
pnml2lts-sym: ( 55802 final BDD nodes; 55802 peak nodes )
pnml2lts-sym: group_next: 4920 nodes total
pnml2lts-sym: group_explored: 6872 nodes, 205060 short vectors total
pnml2lts-sym: max token count: 1
Event Span: 16194
Normalized Event Span: 0.32004
Weighted Event Span, moment 1 (WES^1): 22332
Normalized Weighted Event Span, moment 1: 0.44135
Exit [0]
1.58 user, 0.24 system, 2.00 elapsed -- Max VSize = 3675068KB, Max RSS = 736560KB
