performance run
pnml2lts-sym spec/PNML/parking_2_8.pnml --saturation=sat-like --order=chain --next-union --vset=lddmc --lddmc-cachesize=24 --lddmc-maxcachesize=24 --lddmc-tablesize=24 --lddmc-maxtablesize=24 --lace-workers=1
ctit041
pnml2lts-sym: Exploration order is chain
pnml2lts-sym: Saturation strategy is sat-like
pnml2lts-sym: Guided search strategy is unguided
pnml2lts-sym: Attractor strategy is default
pnml2lts-sym: opening spec/PNML/parking_2_8.pnml
pnml2lts-sym: Petri net has 137 places, 201 transitions and 593 arcs
pnml2lts-sym: There are 137 safe places
pnml2lts-sym: Petri net spec/PNML/parking_2_8.pnml analyzed
pnml2lts-sym: Loading Petri net took 0.040 real 0.020 user 0.010 sys
pnml2lts-sym: state vector length is 137; there are 201 groups and 137 guards
pnml2lts-sym: Creating a multi-core ListDD domain.
pnml2lts-sym: Using GBgetTransitionsShortR2W as next-state function
pnml2lts-sym: got initial state
pnml2lts-sym: vrel_add_act not supported; falling back to vrel_add_cpy
pnml2lts-sym: Exploration took 5173 group checks and 5173 next state calls
pnml2lts-sym: reachability took 0.370 real 0.210 user 0.170 sys
pnml2lts-sym: counting visited states...
pnml2lts-sym: counting took 0.000 real 0.000 user 0.000 sys
pnml2lts-sym: state space has 4567597057 states, 803 nodes
pnml2lts-sym: group_next: 848 nodes total
pnml2lts-sym: group_explored: 572 nodes, 542 short vectors total
pnml2lts-sym: max token count: 1
Exit [0]
0.25 user, 0.25 system, 0.60 elapsed -- Max VSize = 3675064KB, Max RSS = 735456KB
