statistics run
pnml2lts-sym spec/PNML/lamport_fmea-7.pnml -rsc,bg,vgps,mm,hf --graph-metrics --saturation=sat-like --order=chain --next-union --vset=lddmc --lddmc-cachesize=24 --lddmc-maxcachesize=24 --lddmc-tablesize=24 --lddmc-maxtablesize=24 --lace-workers=1 --peak-nodes
ctit027
pnml2lts-sym: Exploration order is chain
pnml2lts-sym: Saturation strategy is sat-like
pnml2lts-sym: Guided search strategy is unguided
pnml2lts-sym: Attractor strategy is default
pnml2lts-sym: opening spec/PNML/lamport_fmea-7.pnml
pnml2lts-sym: Petri net has 264 places, 536 transitions and 2352 arcs
pnml2lts-sym: There are 0 safe places
pnml2lts-sym: Petri net spec/PNML/lamport_fmea-7.pnml analyzed
pnml2lts-sym: Loading Petri net took 0.020 real 0.020 user 0.000 sys
pnml2lts-sym: Initializing regrouping layer
pnml2lts-sym: Regroup specification: sc,bg,vgps,mm,hf
pnml2lts-sym: Regroup Select Combined matrix
pnml2lts-sym: Regroup Bipartite Graph
pnml2lts-sym: Regroup ViennaCL's Gibbs Poole Stockmeyer
pnml2lts-sym: bandwidth: 286
pnml2lts-sym: profile: 129050
pnml2lts-sym: span: 188014
pnml2lts-sym: average wavefront: 121.961
pnml2lts-sym: RMS wavefront: 140.899
pnml2lts-sym: Regroup Matrix Metrics
pnml2lts-sym: Reqroup Horizontal Flip
pnml2lts-sym: Regrouping: 536->536 groups
pnml2lts-sym: Regrouping took 0.030 real 0.030 user 0.000 sys
pnml2lts-sym: state vector length is 264; there are 536 groups and 256 guards
pnml2lts-sym: Creating a multi-core ListDD domain.
pnml2lts-sym: Using GBgetTransitionsShortR2W as next-state function
pnml2lts-sym: got initial state
pnml2lts-sym: vrel_add_act not supported; falling back to vrel_add_cpy
Killed [24]
1797.45 user, 0.64 system, 1800.90 elapsed -- Max VSize = 3675076KB, Max RSS = 975468KB
command-4537: line 5: 60959 CPU time limit exceeded memtime -c1800 -m4000000 pnml2lts-sym spec/PNML/lamport_fmea-7.pnml -rsc,bg,vgps,mm,hf --graph-metrics --saturation=sat-like --order=chain --next-union --vset=lddmc --lddmc-cachesize=24 --lddmc-maxcachesize=24 --lddmc-tablesize=24 --lddmc-maxtablesize=24 --lace-workers=1 --peak-nodes
