performance run
pnml2lts-sym spec/PNML/SafeBus-20-unfolded.pnml -rrs,hf --noack=1 --saturation=sat-like --order=chain --next-union --vset=lddmc --lddmc-cachesize=24 --lddmc-maxcachesize=24 --lddmc-tablesize=24 --lddmc-maxtablesize=24 --lace-workers=1 --peak-nodes
ctit016
pnml2lts-sym: Exploration order is chain
pnml2lts-sym: Saturation strategy is sat-like
pnml2lts-sym: Guided search strategy is unguided
pnml2lts-sym: Attractor strategy is default
pnml2lts-sym: opening spec/PNML/SafeBus-20-unfolded.pnml
pnml2lts-sym: Petri net has 1026 places, 10461 transitions and 77364 arcs
pnml2lts-sym: There are 0 safe places
pnml2lts-sym: Petri net spec/PNML/SafeBus-20-unfolded.pnml analyzed
pnml2lts-sym: Computing Noack1 order
pnml2lts-sym: Computing Noack1 order took 2.690 real 2.670 user 0.000 sys
pnml2lts-sym: Loading Petri net took 3.770 real 3.590 user 0.150 sys
pnml2lts-sym: Initializing regrouping layer
pnml2lts-sym: Got state vector permutation from language front-end; permuting columns
pnml2lts-sym: Regroup specification: rs,hf
pnml2lts-sym: Regroup Row Sort
pnml2lts-sym: Reqroup Horizontal Flip
pnml2lts-sym: Regrouping: 10461->10461 groups
pnml2lts-sym: Regrouping took 0.750 real 0.730 user 0.020 sys
pnml2lts-sym: state vector length is 1026; there are 10461 groups and 1026 guards
pnml2lts-sym: Creating a multi-core ListDD domain.
cache_create: Unable to allocate memory: Cannot allocate memory!
Exit [1]
4.33 user, 0.21 system, 4.71 elapsed -- Max VSize = 2828512KB, Max RSS = 169652KB
