performance run
pnml2lts-sym spec/PNML/hc4k3p3b12.pnml -rsc,bg,bs,hf --saturation=sat-like --order=chain --next-union --vset=lddmc --lddmc-cachesize=24 --lddmc-maxcachesize=24 --lddmc-tablesize=24 --lddmc-maxtablesize=24 --lace-workers=1 --peak-nodes
ctit007
pnml2lts-sym: Exploration order is chain
pnml2lts-sym: Saturation strategy is sat-like
pnml2lts-sym: Guided search strategy is unguided
pnml2lts-sym: Attractor strategy is default
pnml2lts-sym: opening spec/PNML/hc4k3p3b12.pnml
pnml2lts-sym: Petri net has 2457 places, 5400 transitions and 21600 arcs
pnml2lts-sym: There are 0 safe places
pnml2lts-sym: Petri net spec/PNML/hc4k3p3b12.pnml analyzed
pnml2lts-sym: Loading Petri net took 0.520 real 0.470 user 0.040 sys
pnml2lts-sym: Initializing regrouping layer
pnml2lts-sym: Regroup specification: sc,bg,bs,hf
pnml2lts-sym: Regroup Select Combined matrix
pnml2lts-sym: Regroup Bipartite Graph
pnml2lts-sym: Regroup Boost's Sloan
pnml2lts-sym: Reqroup Horizontal Flip
pnml2lts-sym: Regrouping: 5400->5400 groups
pnml2lts-sym: Regrouping took 1.000 real 0.990 user 0.010 sys
pnml2lts-sym: state vector length is 2457; there are 5400 groups and 2457 guards
pnml2lts-sym: Creating a multi-core ListDD domain.
pnml2lts-sym: Using GBgetTransitionsShortR2W as next-state function
pnml2lts-sym: got initial state
pnml2lts-sym: vrel_add_act not supported; falling back to vrel_add_cpy
Killed [24]
1794.94 user, 2.36 system, 1802.78 elapsed -- Max VSize = 3753376KB, Max RSS = 1054532KB
command-9857: line 5: 49052 CPU time limit exceeded memtime -c1800 -m4000000 pnml2lts-sym spec/PNML/hc4k3p3b12.pnml -rsc,bg,bs,hf --saturation=sat-like --order=chain --next-union --vset=lddmc --lddmc-cachesize=24 --lddmc-maxcachesize=24 --lddmc-tablesize=24 --lddmc-maxtablesize=24 --lace-workers=1 --peak-nodes
