statistics run
pnml2lts-sym spec/PNML/BridgeAndVehicles-V50-P50-N50-unfolded.pnml -rsc,bg,vacm,mm,hf --graph-metrics --saturation=sat-like --order=chain --next-union --vset=lddmc --lddmc-cachesize=24 --lddmc-maxcachesize=24 --lddmc-tablesize=24 --lddmc-maxtablesize=24 --lace-workers=1 --peak-nodes
ctit019
pnml2lts-sym: Exploration order is chain
pnml2lts-sym: Saturation strategy is sat-like
pnml2lts-sym: Guided search strategy is unguided
pnml2lts-sym: Attractor strategy is default
pnml2lts-sym: opening spec/PNML/BridgeAndVehicles-V50-P50-N50-unfolded.pnml
pnml2lts-sym: Petri net has 168 places, 5408 transitions and 42330 arcs
pnml2lts-sym: There are 0 safe places
pnml2lts-sym: Petri net spec/PNML/BridgeAndVehicles-V50-P50-N50-unfolded.pnml analyzed
pnml2lts-sym: Loading Petri net took 0.490 real 0.420 user 0.060 sys
pnml2lts-sym: Initializing regrouping layer
pnml2lts-sym: Regroup specification: sc,bg,vacm,mm,hf
pnml2lts-sym: Regroup Select Combined matrix
pnml2lts-sym: Regroup Bipartite Graph
pnml2lts-sym: Regroup ViennaCL's Advanced Cuthill McKee
pnml2lts-sym: bandwidth: 5355
pnml2lts-sym: profile: 22179592
pnml2lts-sym: span: 29575470
pnml2lts-sym: average wavefront: 2666.8061
pnml2lts-sym: RMS wavefront: 3103.8274
pnml2lts-sym: Regroup Matrix Metrics
pnml2lts-sym: Reqroup Horizontal Flip
pnml2lts-sym: Regrouping: 5408->5408 groups
pnml2lts-sym: Regrouping took 3.920 real 3.900 user 0.010 sys
pnml2lts-sym: state vector length is 168; there are 5408 groups and 167 guards
pnml2lts-sym: Creating a multi-core ListDD domain.
pnml2lts-sym: Using GBgetTransitionsShortR2W as next-state function
pnml2lts-sym: got initial state
pnml2lts-sym: vrel_add_act not supported; falling back to vrel_add_cpy
Killed [24]
1794.26 user, 0.61 system, 1802.03 elapsed -- Max VSize = 3742364KB, Max RSS = 837492KB
command-856: line 5: 21415 CPU time limit exceeded memtime -c1800 -m4000000 pnml2lts-sym spec/PNML/BridgeAndVehicles-V50-P50-N50-unfolded.pnml -rsc,bg,vacm,mm,hf --graph-metrics --saturation=sat-like --order=chain --next-union --vset=lddmc --lddmc-cachesize=24 --lddmc-maxcachesize=24 --lddmc-tablesize=24 --lddmc-maxtablesize=24 --lace-workers=1 --peak-nodes
