statistics run
pnml2lts-sym spec/PNML/10-100_phaseVariation.pnml -rsc,tg,vgps,mm,hf --graph-metrics --saturation=sat-like --order=chain --next-union --vset=lddmc --lddmc-cachesize=24 --lddmc-maxcachesize=24 --lddmc-tablesize=24 --lddmc-maxtablesize=24 --lace-workers=1 --peak-nodes
ctit001
pnml2lts-sym: Exploration order is chain
pnml2lts-sym: Saturation strategy is sat-like
pnml2lts-sym: Guided search strategy is unguided
pnml2lts-sym: Attractor strategy is default
pnml2lts-sym: opening spec/PNML/10-100_phaseVariation.pnml
pnml2lts-sym: Petri net has 302 places, 3137 transitions and 21755 arcs
pnml2lts-sym: There are 0 safe places
pnml2lts-sym: Petri net spec/PNML/10-100_phaseVariation.pnml analyzed
pnml2lts-sym: Loading Petri net took 0.300 real 0.250 user 0.050 sys
pnml2lts-sym: Initializing regrouping layer
pnml2lts-sym: Regroup specification: sc,tg,vgps,mm,hf
pnml2lts-sym: Regroup Select Combined matrix
pnml2lts-sym: Regroup Total graph
pnml2lts-sym: Regroup ViennaCL's Gibbs Poole Stockmeyer
pnml2lts-sym: bandwidth: 9611
pnml2lts-sym: profile: 100339083
pnml2lts-sym: span: 150348906
pnml2lts-sym: average wavefront: 3217.69864
pnml2lts-sym: RMS wavefront: 3684.25889
pnml2lts-sym: Regroup Matrix Metrics
pnml2lts-sym: Reqroup Horizontal Flip
pnml2lts-sym: Regrouping: 3137->3137 groups
pnml2lts-sym: Regrouping took 98.920 real 98.710 user 0.010 sys
pnml2lts-sym: state vector length is 302; there are 3137 groups and 302 guards
pnml2lts-sym: Creating a multi-core ListDD domain.
pnml2lts-sym: Using GBgetTransitionsShortR2W as next-state function
pnml2lts-sym: got initial state
pnml2lts-sym: vrel_add_act not supported; falling back to vrel_add_cpy
MDD Unique table full, 15041833 of 16777216 buckets filled!
Event Span: 634766
Normalized Event Span: 0.670027
Weighted Event Span, moment 1 (WES^1): 982512
Normalized Weighted Event Span, moment 1: 1.03709
Exit [1]
318.42 user, 1.05 system, 320.33 elapsed -- Max VSize = 3675648KB, Max RSS = 1009292KB
