statistics run
pnml2lts-sym spec/PNML/HouseConstruction-020.pnml -rsc,tg,bs,mm,hf --graph-metrics --saturation=sat-like --order=chain --next-union --vset=lddmc --lddmc-cachesize=24 --lddmc-maxcachesize=24 --lddmc-tablesize=24 --lddmc-maxtablesize=24 --lace-workers=1 --peak-nodes
ctit018
pnml2lts-sym: Exploration order is chain
pnml2lts-sym: Saturation strategy is sat-like
pnml2lts-sym: Guided search strategy is unguided
pnml2lts-sym: Attractor strategy is default
pnml2lts-sym: opening spec/PNML/HouseConstruction-020.pnml
pnml2lts-sym: Petri net has 26 places, 18 transitions and 51 arcs
pnml2lts-sym: There are 0 safe places
pnml2lts-sym: Petri net spec/PNML/HouseConstruction-020.pnml analyzed
pnml2lts-sym: Loading Petri net took 0.000 real 0.000 user 0.000 sys
pnml2lts-sym: Initializing regrouping layer
pnml2lts-sym: Regroup specification: sc,tg,bs,mm,hf
pnml2lts-sym: Regroup Select Combined matrix
pnml2lts-sym: Regroup Total graph
pnml2lts-sym: Regroup Boost's Sloan
pnml2lts-sym: bandwidth: 32
pnml2lts-sym: profile: 1041
pnml2lts-sym: span: 1252
pnml2lts-sym: average wavefront: 6.505
pnml2lts-sym: RMS wavefront: 6.829
pnml2lts-sym: Regroup Matrix Metrics
pnml2lts-sym: Reqroup Horizontal Flip
pnml2lts-sym: Regrouping: 18->18 groups
pnml2lts-sym: Regrouping took 0.000 real 0.000 user 0.000 sys
pnml2lts-sym: state vector length is 26; there are 18 groups and 26 guards
pnml2lts-sym: Creating a multi-core ListDD domain.
pnml2lts-sym: Using GBgetTransitionsShortR2W as next-state function
pnml2lts-sym: got initial state
pnml2lts-sym: vrel_add_act not supported; falling back to vrel_add_cpy
pnml2lts-sym: Exploration took 702 group checks and 702 next state calls
pnml2lts-sym: reachability took 33.180 real 32.900 user 0.210 sys
pnml2lts-sym: counting visited states...
pnml2lts-sym: counting took 0.020 real 0.030 user 0.000 sys
pnml2lts-sym: state space has 13665907559010 states, 428701 nodes
pnml2lts-sym: ( 428701 final BDD nodes; 428701 peak nodes )
pnml2lts-sym: group_next: 12680 nodes total
pnml2lts-sym: group_explored: 10241 nodes, 98098 short vectors total
pnml2lts-sym: max token count: 20
Event Span: 85
Normalized Event Span: 0.182
Weighted Event Span, moment 1 (WES^1): 106
Normalized Weighted Event Span, moment 1: 0.226
Exit [0]
32.94 user, 0.27 system, 33.43 elapsed -- Max VSize = 3675068KB, Max RSS = 870612KB
