performance run
pnml2lts-sym spec/PNML/hc4k3p3b12.pnml -rrs,hf --noack=1 --saturation=sat-like --order=chain --next-union --vset=lddmc --lddmc-cachesize=24 --lddmc-maxcachesize=24 --lddmc-tablesize=24 --lddmc-maxtablesize=24 --lace-workers=1 --peak-nodes
ctit012
pnml2lts-sym: Exploration order is chain
pnml2lts-sym: Saturation strategy is sat-like
pnml2lts-sym: Guided search strategy is unguided
pnml2lts-sym: Attractor strategy is default
pnml2lts-sym: opening spec/PNML/hc4k3p3b12.pnml
pnml2lts-sym: Petri net has 2457 places, 5400 transitions and 21600 arcs
pnml2lts-sym: There are 0 safe places
pnml2lts-sym: Petri net spec/PNML/hc4k3p3b12.pnml analyzed
pnml2lts-sym: Computing Noack1 order
pnml2lts-sym: Computing Noack1 order took 0.840 real 0.830 user 0.000 sys
pnml2lts-sym: Loading Petri net took 1.320 real 1.250 user 0.070 sys
pnml2lts-sym: Initializing regrouping layer
pnml2lts-sym: Got state vector permutation from language front-end; permuting columns
pnml2lts-sym: Regroup specification: rs,hf
pnml2lts-sym: Regroup Row Sort
pnml2lts-sym: Reqroup Horizontal Flip
pnml2lts-sym: Regrouping: 5400->5400 groups
pnml2lts-sym: Regrouping took 1.710 real 1.670 user 0.030 sys
pnml2lts-sym: state vector length is 2457; there are 5400 groups and 2457 guards
pnml2lts-sym: Creating a multi-core ListDD domain.
pnml2lts-sym: Using GBgetTransitionsShortR2W as next-state function
pnml2lts-sym: got initial state
pnml2lts-sym: vrel_add_act not supported; falling back to vrel_add_cpy
Killed [24]
1796.39 user, 1.63 system, 1802.21 elapsed -- Max VSize = 3753376KB, Max RSS = 1049804KB
command-9852: line 5:  4283 CPU time limit exceeded memtime -c1800 -m4000000 pnml2lts-sym spec/PNML/hc4k3p3b12.pnml -rrs,hf --noack=1 --saturation=sat-like --order=chain --next-union --vset=lddmc --lddmc-cachesize=24 --lddmc-maxcachesize=24 --lddmc-tablesize=24 --lddmc-maxtablesize=24 --lace-workers=1 --peak-nodes
