performance run
pnml2lts-sym spec/PNML/raft_06.pnml --saturation=sat-like --order=chain --next-union --vset=lddmc --lddmc-cachesize=24 --lddmc-maxcachesize=24 --lddmc-tablesize=24 --lddmc-maxtablesize=24 --lace-workers=1
ctit029
pnml2lts-sym: Exploration order is chain
pnml2lts-sym: Saturation strategy is sat-like
pnml2lts-sym: Guided search strategy is unguided
pnml2lts-sym: Attractor strategy is default
pnml2lts-sym: opening spec/PNML/raft_06.pnml
pnml2lts-sym: Petri net has 188 places, 332 transitions and 1231 arcs
pnml2lts-sym: There are 188 safe places
pnml2lts-sym: Petri net spec/PNML/raft_06.pnml analyzed
pnml2lts-sym: Loading Petri net took 0.010 real 0.000 user 0.010 sys
pnml2lts-sym: state vector length is 188; there are 332 groups and 188 guards
pnml2lts-sym: Creating a multi-core ListDD domain.
pnml2lts-sym: Using GBgetTransitionsShortR2W as next-state function
pnml2lts-sym: got initial state
pnml2lts-sym: vrel_add_act not supported; falling back to vrel_add_cpy
pnml2lts-sym: Exploration took 59413 group checks and 59413 next state calls
pnml2lts-sym: reachability took 11.960 real 11.530 user 0.380 sys
pnml2lts-sym: counting visited states...
pnml2lts-sym: counting took 0.000 real 0.000 user 0.000 sys
pnml2lts-sym: state space has 2.9094385723768e+26 states, 1086 nodes
pnml2lts-sym: group_next: 1631 nodes total
pnml2lts-sym: group_explored: 1196 nodes, 1196 short vectors total
pnml2lts-sym: max token count: 1
Exit [0]
11.62 user, 0.51 system, 12.31 elapsed -- Max VSize = 3675064KB, Max RSS = 745520KB
