statistics run
pnml2lts-sym spec/PNML/parking_8_64.pnml -rsc,bg,vgps,mm,hf --graph-metrics --saturation=sat-like --order=chain --next-union --vset=lddmc --lddmc-cachesize=24 --lddmc-maxcachesize=24 --lddmc-tablesize=24 --lddmc-maxtablesize=24 --lace-workers=1 --peak-nodes
ctit028
pnml2lts-sym: Exploration order is chain
pnml2lts-sym: Saturation strategy is sat-like
pnml2lts-sym: Guided search strategy is unguided
pnml2lts-sym: Attractor strategy is default
pnml2lts-sym: opening spec/PNML/parking_8_64.pnml
pnml2lts-sym: Petri net has 1185 places, 1697 transitions and 5073 arcs
pnml2lts-sym: There are 1185 safe places
pnml2lts-sym: Petri net spec/PNML/parking_8_64.pnml analyzed
pnml2lts-sym: Loading Petri net took 0.090 real 0.080 user 0.010 sys
pnml2lts-sym: Initializing regrouping layer
pnml2lts-sym: Regroup specification: sc,bg,vgps,mm,hf
pnml2lts-sym: Regroup Select Combined matrix
pnml2lts-sym: Regroup Bipartite Graph
pnml2lts-sym: Regroup ViennaCL's Gibbs Poole Stockmeyer
pnml2lts-sym: bandwidth: 1152
pnml2lts-sym: profile: 2435032
pnml2lts-sym: span: 2733454
pnml2lts-sym: average wavefront: 659.1707
pnml2lts-sym: RMS wavefront: 745.9128
pnml2lts-sym: Regroup Matrix Metrics
pnml2lts-sym: Reqroup Horizontal Flip
pnml2lts-sym: Regrouping: 1697->1697 groups
pnml2lts-sym: Regrouping took 0.300 real 0.290 user 0.010 sys
pnml2lts-sym: state vector length is 1185; there are 1697 groups and 1185 guards
pnml2lts-sym: Creating a multi-core ListDD domain.
pnml2lts-sym: Using GBgetTransitionsShortR2W as next-state function
pnml2lts-sym: got initial state
pnml2lts-sym: vrel_add_act not supported; falling back to vrel_add_cpy
MDD Unique table full, 15243513 of 16777216 buckets filled!
Event Span: 678524
Normalized Event Span: 0.3374155
Weighted Event Span, moment 1 (WES^1): 1046722
Normalized Weighted Event Span, moment 1: 0.5205124
Exit [1]
614.83 user, 1.00 system, 619.98 elapsed -- Max VSize = 3677032KB, Max RSS = 984060KB
