performance run
pnml2lts-sym spec/PNML/RAS-R-15.pnml -rsc,bg,vacm,hf --saturation=sat-like --order=chain --next-union --vset=lddmc --lddmc-cachesize=24 --lddmc-maxcachesize=24 --lddmc-tablesize=24 --lddmc-maxtablesize=24 --lace-workers=1 --peak-nodes
ctit020
pnml2lts-sym: Exploration order is chain
pnml2lts-sym: Saturation strategy is sat-like
pnml2lts-sym: Guided search strategy is unguided
pnml2lts-sym: Attractor strategy is default
pnml2lts-sym: opening spec/PNML/RAS-R-15.pnml
pnml2lts-sym: Petri net has 60 places, 32 transitions and 150 arcs
pnml2lts-sym: There are 0 safe places
pnml2lts-sym: Petri net spec/PNML/RAS-R-15.pnml analyzed
pnml2lts-sym: Loading Petri net took 0.010 real 0.000 user 0.000 sys
pnml2lts-sym: Initializing regrouping layer
pnml2lts-sym: Regroup specification: sc,bg,vacm,hf
pnml2lts-sym: Regroup Select Combined matrix
pnml2lts-sym: Regroup Bipartite Graph
pnml2lts-sym: Regroup ViennaCL's Advanced Cuthill McKee
pnml2lts-sym: Reqroup Horizontal Flip
pnml2lts-sym: Regrouping: 32->32 groups
pnml2lts-sym: Regrouping took 0.000 real 0.000 user 0.000 sys
pnml2lts-sym: state vector length is 60; there are 32 groups and 60 guards
pnml2lts-sym: Creating a multi-core ListDD domain.
pnml2lts-sym: Using GBgetTransitionsShortR2W as next-state function
pnml2lts-sym: got initial state
pnml2lts-sym: vrel_add_act not supported; falling back to vrel_add_cpy
pnml2lts-sym: Exploration took 1486 group checks and 1486 next state calls
pnml2lts-sym: reachability took 0.220 real 0.040 user 0.170 sys
pnml2lts-sym: counting visited states...
pnml2lts-sym: counting took 0.000 real 0.000 user 0.000 sys
pnml2lts-sym: state space has 278528 states, 205 nodes
pnml2lts-sym: ( 205 final BDD nodes; 405 peak nodes )
pnml2lts-sym: group_next: 300 nodes total
pnml2lts-sym: group_explored: 394 nodes, 236 short vectors total
pnml2lts-sym: max token count: 1
Exit [0]
0.04 user, 0.24 system, 0.40 elapsed -- Max VSize = 3675064KB, Max RSS = 666544KB
