performance run
pnml2lts-sym spec/PNML/database20UNFOLD.pnml -rrs,hf --noack=1 --saturation=sat-like --order=chain --next-union --vset=lddmc --lddmc-cachesize=24 --lddmc-maxcachesize=24 --lddmc-tablesize=24 --lddmc-maxtablesize=24 --lace-workers=1 --peak-nodes
ctit027
pnml2lts-sym: Exploration order is chain
pnml2lts-sym: Saturation strategy is sat-like
pnml2lts-sym: Guided search strategy is unguided
pnml2lts-sym: Attractor strategy is default
pnml2lts-sym: opening spec/PNML/database20UNFOLD.pnml
pnml2lts-sym: Petri net has 3260 places, 3200 transitions and 23200 arcs
pnml2lts-sym: There are 0 safe places
pnml2lts-sym: Petri net spec/PNML/database20UNFOLD.pnml analyzed
pnml2lts-sym: Computing Noack1 order
pnml2lts-sym: Computing Noack1 order took 5.100 real 5.100 user 0.000 sys
pnml2lts-sym: Loading Petri net took 5.620 real 5.560 user 0.040 sys
pnml2lts-sym: Initializing regrouping layer
pnml2lts-sym: Got state vector permutation from language front-end; permuting columns
pnml2lts-sym: Regroup specification: rs,hf
pnml2lts-sym: Regroup Row Sort
pnml2lts-sym: Reqroup Horizontal Flip
pnml2lts-sym: Regrouping: 3200->3200 groups
pnml2lts-sym: Regrouping took 1.070 real 1.050 user 0.020 sys
pnml2lts-sym: state vector length is 3260; there are 3200 groups and 3260 guards
pnml2lts-sym: Creating a multi-core ListDD domain.
pnml2lts-sym: Using GBgetTransitionsShortR2W as next-state function
pnml2lts-sym: got initial state
pnml2lts-sym: vrel_add_act not supported; falling back to vrel_add_cpy
MDD Unique table full, 15192536 of 16777216 buckets filled!
Exit [1]
590.37 user, 0.90 system, 592.23 elapsed -- Max VSize = 3683360KB, Max RSS = 1037688KB
