performance run
pnml2lts-sym spec/PNML/TokenRing-20-unfolded.pnml -rsc,bg,vacm,hf --saturation=sat-like --order=chain --next-union --vset=lddmc --lddmc-cachesize=24 --lddmc-maxcachesize=24 --lddmc-tablesize=24 --lddmc-maxtablesize=24 --lace-workers=1 --peak-nodes
ctit040
pnml2lts-sym: Exploration order is chain
pnml2lts-sym: Saturation strategy is sat-like
pnml2lts-sym: Guided search strategy is unguided
pnml2lts-sym: Attractor strategy is default
pnml2lts-sym: opening spec/PNML/TokenRing-20-unfolded.pnml
pnml2lts-sym: Petri net has 441 places, 8421 transitions and 33684 arcs
pnml2lts-sym: There are 0 safe places
pnml2lts-sym: Petri net spec/PNML/TokenRing-20-unfolded.pnml analyzed
pnml2lts-sym: Loading Petri net took 0.550 real 0.430 user 0.080 sys
pnml2lts-sym: Initializing regrouping layer
pnml2lts-sym: Regroup specification: sc,bg,vacm,hf
pnml2lts-sym: Regroup Select Combined matrix
pnml2lts-sym: Regroup Bipartite Graph
pnml2lts-sym: Regroup ViennaCL's Advanced Cuthill McKee
pnml2lts-sym: Reqroup Horizontal Flip
pnml2lts-sym: Regrouping: 8421->8421 groups
pnml2lts-sym: Regrouping took 31.000 real 30.470 user 0.000 sys
pnml2lts-sym: state vector length is 441; there are 8421 groups and 441 guards
pnml2lts-sym: Creating a multi-core ListDD domain.
pnml2lts-sym: Using GBgetTransitionsShortR2W as next-state function
pnml2lts-sym: got initial state
pnml2lts-sym: vrel_add_act not supported; falling back to vrel_add_cpy
Killed [24]
1795.96 user, 0.48 system, 1836.65 elapsed -- Max VSize = 3744284KB, Max RSS = 906500KB
command-8884: line 5: 35241 CPU time limit exceeded memtime -c1800 -m4000000 pnml2lts-sym spec/PNML/TokenRing-20-unfolded.pnml -rsc,bg,vacm,hf --saturation=sat-like --order=chain --next-union --vset=lddmc --lddmc-cachesize=24 --lddmc-maxcachesize=24 --lddmc-tablesize=24 --lddmc-maxtablesize=24 --lace-workers=1 --peak-nodes
