performance run
pnml2lts-sym spec/PNML/PolyORB-NT-S10-J40-unfolded.pnml -rsc,bg,vcm,hf --saturation=sat-like --order=chain --next-union --vset=lddmc --lddmc-cachesize=24 --lddmc-maxcachesize=24 --lddmc-tablesize=24 --lddmc-maxtablesize=24 --lace-workers=1 --peak-nodes
ctit029
pnml2lts-sym: Exploration order is chain
pnml2lts-sym: Saturation strategy is sat-like
pnml2lts-sym: Guided search strategy is unguided
pnml2lts-sym: Attractor strategy is default
pnml2lts-sym: opening spec/PNML/PolyORB-NT-S10-J40-unfolded.pnml
pnml2lts-sym: Petri net has 854 places, 12340 transitions and 113999 arcs
pnml2lts-sym: There are 0 safe places
pnml2lts-sym: Petri net spec/PNML/PolyORB-NT-S10-J40-unfolded.pnml analyzed
pnml2lts-sym: Loading Petri net took 1.730 real 1.490 user 0.220 sys
pnml2lts-sym: Initializing regrouping layer
pnml2lts-sym: Regroup specification: sc,bg,vcm,hf
pnml2lts-sym: Regroup Select Combined matrix
pnml2lts-sym: Regroup Bipartite Graph
pnml2lts-sym: Regroup ViennaCL's Cuthill McKee
pnml2lts-sym: Reqroup Horizontal Flip
pnml2lts-sym: Regrouping: 12340->12340 groups
pnml2lts-sym: Regrouping took 0.710 real 0.680 user 0.020 sys
pnml2lts-sym: state vector length is 854; there are 12340 groups and 889 guards
pnml2lts-sym: Creating a multi-core ListDD domain.
cache_create: Unable to allocate memory: Cannot allocate memory!
Exit [1]
2.19 user, 0.28 system, 2.60 elapsed -- Max VSize = 2895888KB, Max RSS = 258004KB
