statistics run
pnml2lts-sym spec/PNML/RAS-C-3.pnml -rsc,bn,mm --graph-metrics --saturation=sat-like --order=chain --next-union --vset=lddmc --lddmc-cachesize=24 --lddmc-maxcachesize=24 --lddmc-tablesize=24 --lddmc-maxtablesize=24 --lace-workers=1 --peak-nodes
ctit019
pnml2lts-sym: Exploration order is chain
pnml2lts-sym: Saturation strategy is sat-like
pnml2lts-sym: Guided search strategy is unguided
pnml2lts-sym: Attractor strategy is default
pnml2lts-sym: opening spec/PNML/RAS-C-3.pnml
pnml2lts-sym: Petri net has 18 places, 12 transitions and 48 arcs
pnml2lts-sym: There are 0 safe places
pnml2lts-sym: Petri net spec/PNML/RAS-C-3.pnml analyzed
pnml2lts-sym: Loading Petri net took 0.000 real 0.000 user 0.000 sys
pnml2lts-sym: Initializing regrouping layer
pnml2lts-sym: Regroup specification: sc,bn,mm
pnml2lts-sym: Regroup Select Combined matrix
pnml2lts-sym: Regroup Boost's None
pnml2lts-sym: bandwidth: 19
pnml2lts-sym: profile: 501
pnml2lts-sym: span: 136
pnml2lts-sym: average wavefront: 10.3
pnml2lts-sym: RMS wavefront: 11.6
pnml2lts-sym: Regroup Matrix Metrics
pnml2lts-sym: Regrouping: 12->12 groups
pnml2lts-sym: Regrouping took 0.000 real 0.000 user 0.000 sys
pnml2lts-sym: state vector length is 18; there are 12 groups and 18 guards
pnml2lts-sym: Creating a multi-core ListDD domain.
pnml2lts-sym: Using GBgetTransitionsShortR2W as next-state function
pnml2lts-sym: got initial state
pnml2lts-sym: vrel_add_act not supported; falling back to vrel_add_cpy
pnml2lts-sym: Exploration took 78 group checks and 78 next state calls
pnml2lts-sym: reachability took 0.200 real 0.000 user 0.210 sys
pnml2lts-sym: counting visited states...
pnml2lts-sym: counting took 0.000 real 0.000 user 0.000 sys
pnml2lts-sym: state space has 92 states, 120 nodes
pnml2lts-sym: ( 120 final BDD nodes; 120 peak nodes )
pnml2lts-sym: group_next: 96 nodes total
pnml2lts-sym: group_explored: 154 nodes, 98 short vectors total
pnml2lts-sym: max token count: 1
Event Span: 76
Normalized Event Span: 0.352
Weighted Event Span, moment 1 (WES^1): 112
Normalized Weighted Event Span, moment 1: 0.516
Exit [0]
0.00 user, 0.27 system, 0.50 elapsed -- Max VSize = 3675068KB, Max RSS = 706776KB
