statistics run
pnml2lts-sym spec/PNML/CircularTrain-192.pnml -rsc,tg,bs,mm,hf --graph-metrics --saturation=sat-like --order=chain --next-union --vset=lddmc --lddmc-cachesize=24 --lddmc-maxcachesize=24 --lddmc-tablesize=24 --lddmc-maxtablesize=24 --lace-workers=1 --peak-nodes
ctit010
pnml2lts-sym: Exploration order is chain
pnml2lts-sym: Saturation strategy is sat-like
pnml2lts-sym: Guided search strategy is unguided
pnml2lts-sym: Attractor strategy is default
pnml2lts-sym: opening spec/PNML/CircularTrain-192.pnml
pnml2lts-sym: Petri net has 384 places, 192 transitions and 768 arcs
pnml2lts-sym: There are 0 safe places
pnml2lts-sym: Petri net spec/PNML/CircularTrain-192.pnml analyzed
pnml2lts-sym: Loading Petri net took 0.010 real 0.010 user 0.000 sys
pnml2lts-sym: Initializing regrouping layer
pnml2lts-sym: Regroup specification: sc,tg,bs,mm,hf
pnml2lts-sym: Regroup Select Combined matrix
pnml2lts-sym: Regroup Total graph
pnml2lts-sym: Regroup Boost's Sloan
pnml2lts-sym: bandwidth: 41
pnml2lts-sym: profile: 25175
pnml2lts-sym: span: 30926
pnml2lts-sym: average wavefront: 10.41741
pnml2lts-sym: RMS wavefront: 10.46547
pnml2lts-sym: Regroup Matrix Metrics
pnml2lts-sym: Reqroup Horizontal Flip
pnml2lts-sym: Regrouping: 192->192 groups
pnml2lts-sym: Regrouping took 0.120 real 0.110 user 0.000 sys
pnml2lts-sym: state vector length is 384; there are 192 groups and 384 guards
pnml2lts-sym: Creating a multi-core ListDD domain.
pnml2lts-sym: Using GBgetTransitionsShortR2W as next-state function
pnml2lts-sym: got initial state
pnml2lts-sym: vrel_add_act not supported; falling back to vrel_add_cpy
pnml2lts-sym: Exploration took 56924 group checks and 56924 next state calls
pnml2lts-sym: reachability took 530.020 real 527.410 user 0.340 sys
pnml2lts-sym: counting visited states...
pnml2lts-sym: counting took 0.000 real 0.000 user 0.000 sys
pnml2lts-sym: state space has 4.270230527943e+43 states, 65770 nodes
pnml2lts-sym: ( 65770 final BDD nodes; 497050 peak nodes )
pnml2lts-sym: group_next: 1792 nodes total
pnml2lts-sym: group_explored: 2195 nodes, 1856 short vectors total
pnml2lts-sym: max token count: 2
Event Span: 1726
Normalized Event Span: 0.02341
Weighted Event Span, moment 1 (WES^1): 1766.9
Normalized Weighted Event Span, moment 1: 0.023965
Exit [0]
527.57 user, 0.42 system, 530.41 elapsed -- Max VSize = 3675068KB, Max RSS = 942588KB
