statistics run
pnml2lts-sym spec/PNML/parking_4_32.pnml -rsc,bn,mm --graph-metrics --saturation=sat-like --order=chain --next-union --vset=lddmc --lddmc-cachesize=24 --lddmc-maxcachesize=24 --lddmc-tablesize=24 --lddmc-maxtablesize=24 --lace-workers=1 --peak-nodes
ctit010
pnml2lts-sym: Exploration order is chain
pnml2lts-sym: Saturation strategy is sat-like
pnml2lts-sym: Guided search strategy is unguided
pnml2lts-sym: Attractor strategy is default
pnml2lts-sym: opening spec/PNML/parking_4_32.pnml
pnml2lts-sym: Petri net has 529 places, 785 transitions and 2329 arcs
pnml2lts-sym: There are 529 safe places
pnml2lts-sym: Petri net spec/PNML/parking_4_32.pnml analyzed
pnml2lts-sym: Loading Petri net took 0.030 real 0.020 user 0.010 sys
pnml2lts-sym: Initializing regrouping layer
pnml2lts-sym: Regroup specification: sc,bn,mm
pnml2lts-sym: Regroup Select Combined matrix
pnml2lts-sym: Regroup Boost's None
pnml2lts-sym: bandwidth: 1313
pnml2lts-sym: profile: 905874
pnml2lts-sym: span: 180721
pnml2lts-sym: average wavefront: 286.5609
pnml2lts-sym: RMS wavefront: 317.5833
pnml2lts-sym: Regroup Matrix Metrics
pnml2lts-sym: Regrouping: 785->785 groups
pnml2lts-sym: Regrouping took 0.060 real 0.060 user 0.000 sys
pnml2lts-sym: state vector length is 529; there are 785 groups and 529 guards
pnml2lts-sym: Creating a multi-core ListDD domain.
pnml2lts-sym: Using GBgetTransitionsShortR2W as next-state function
pnml2lts-sym: got initial state
pnml2lts-sym: vrel_add_act not supported; falling back to vrel_add_cpy
pnml2lts-sym: Exploration took 29303 group checks and 29303 next state calls
pnml2lts-sym: reachability took 5.200 real 4.930 user 0.250 sys
pnml2lts-sym: counting visited states...
pnml2lts-sym: counting took 0.000 real 0.000 user 0.000 sys
pnml2lts-sym: state space has 3.67024772332339e+32 states, 3319 nodes
pnml2lts-sym: ( 3319 final BDD nodes; 13159 peak nodes )
pnml2lts-sym: group_next: 3326 nodes total
pnml2lts-sym: group_explored: 2246 nodes, 2138 short vectors total
pnml2lts-sym: max token count: 1
Event Span: 27809
Normalized Event Span: 0.0669669
Weighted Event Span, moment 1 (WES^1): 36411.4
Normalized Weighted Event Span, moment 1: 0.0876823
Exit [0]
5.16 user, 0.32 system, 5.71 elapsed -- Max VSize = 3675076KB, Max RSS = 742312KB
