statistics run
pnml2lts-sym spec/PNML/PolyORB-LF-S06-J06-T08-unfolded.pnml -rsc,bg,vacm,mm,hf --graph-metrics --saturation=sat-like --order=chain --next-union --vset=lddmc --lddmc-cachesize=24 --lddmc-maxcachesize=24 --lddmc-tablesize=24 --lddmc-maxtablesize=24 --lace-workers=1 --peak-nodes
ctit035
pnml2lts-sym: Exploration order is chain
pnml2lts-sym: Saturation strategy is sat-like
pnml2lts-sym: Guided search strategy is unguided
pnml2lts-sym: Attractor strategy is default
pnml2lts-sym: opening spec/PNML/PolyORB-LF-S06-J06-T08-unfolded.pnml
pnml2lts-sym: Petri net has 894 places, 14334 transitions and 119772 arcs
pnml2lts-sym: There are 0 safe places
pnml2lts-sym: Petri net spec/PNML/PolyORB-LF-S06-J06-T08-unfolded.pnml analyzed
pnml2lts-sym: Loading Petri net took 1.940 real 1.710 user 0.220 sys
pnml2lts-sym: Initializing regrouping layer
pnml2lts-sym: Regroup specification: sc,bg,vacm,mm,hf
pnml2lts-sym: Regroup Select Combined matrix
pnml2lts-sym: Regroup Bipartite Graph
pnml2lts-sym: Regroup ViennaCL's Advanced Cuthill McKee
pnml2lts-sym: bandwidth: 12503
pnml2lts-sym: profile: 120322200
pnml2lts-sym: span: 160533168
pnml2lts-sym: average wavefront: 5289.60303
pnml2lts-sym: RMS wavefront: 6620.55221
pnml2lts-sym: Regroup Matrix Metrics
pnml2lts-sym: Reqroup Horizontal Flip
pnml2lts-sym: Regrouping: 14334->14334 groups
pnml2lts-sym: Regrouping took 71.300 real 71.000 user 0.010 sys
pnml2lts-sym: state vector length is 894; there are 14334 groups and 919 guards
pnml2lts-sym: Creating a multi-core ListDD domain.
cache_create: Unable to allocate memory: Cannot allocate memory!
Event Span: 1699916
Normalized Event Span: 0.13265467
Weighted Event Span, moment 1 (WES^1): 3124196.6
Normalized Weighted Event Span, moment 1: 0.24379985
Exit [1]
72.71 user, 0.28 system, 73.38 elapsed -- Max VSize = 2963364KB, Max RSS = 284628KB
