statistics run
pnml2lts-sym spec/PNML/database2UNFOLD.pnml -rsc,bg,bk,mm,hf --graph-metrics --saturation=sat-like --order=chain --next-union --vset=lddmc --lddmc-cachesize=24 --lddmc-maxcachesize=24 --lddmc-tablesize=24 --lddmc-maxtablesize=24 --lace-workers=1 --peak-nodes
ctit019
pnml2lts-sym: Exploration order is chain
pnml2lts-sym: Saturation strategy is sat-like
pnml2lts-sym: Guided search strategy is unguided
pnml2lts-sym: Attractor strategy is default
pnml2lts-sym: opening spec/PNML/database2UNFOLD.pnml
pnml2lts-sym: Petri net has 38 places, 32 transitions and 88 arcs
pnml2lts-sym: There are 0 safe places
pnml2lts-sym: Petri net spec/PNML/database2UNFOLD.pnml analyzed
pnml2lts-sym: Loading Petri net took 0.010 real 0.000 user 0.000 sys
pnml2lts-sym: Initializing regrouping layer
pnml2lts-sym: Regroup specification: sc,bg,bk,mm,hf
pnml2lts-sym: Regroup Select Combined matrix
pnml2lts-sym: Regroup Bipartite Graph
pnml2lts-sym: Regroup Boost's King
pnml2lts-sym: bandwidth: 10
pnml2lts-sym: profile: 528
pnml2lts-sym: span: 787
pnml2lts-sym: average wavefront: 5.8
pnml2lts-sym: RMS wavefront: 6.014
pnml2lts-sym: Regroup Matrix Metrics
pnml2lts-sym: Reqroup Horizontal Flip
pnml2lts-sym: Regrouping: 32->32 groups
pnml2lts-sym: Regrouping took 0.000 real 0.000 user 0.000 sys
pnml2lts-sym: state vector length is 38; there are 32 groups and 38 guards
pnml2lts-sym: Creating a multi-core ListDD domain.
pnml2lts-sym: Using GBgetTransitionsShortR2W as next-state function
pnml2lts-sym: got initial state
pnml2lts-sym: vrel_add_act not supported; falling back to vrel_add_cpy
pnml2lts-sym: Exploration took 219 group checks and 219 next state calls
pnml2lts-sym: reachability took 0.180 real 0.010 user 0.170 sys
pnml2lts-sym: counting visited states...
pnml2lts-sym: counting took 0.000 real 0.000 user 0.000 sys
pnml2lts-sym: state space has 153 states, 206 nodes
pnml2lts-sym: ( 206 final BDD nodes; 206 peak nodes )
pnml2lts-sym: group_next: 176 nodes total
pnml2lts-sym: group_explored: 229 nodes, 128 short vectors total
pnml2lts-sym: max token count: 1
Event Span: 230
Normalized Event Span: 0.1891
Weighted Event Span, moment 1 (WES^1): 279.5
Normalized Weighted Event Span, moment 1: 0.2299
Exit [0]
0.03 user, 0.23 system, 0.50 elapsed -- Max VSize = 3675068KB, Max RSS = 436524KB
