performance run
pnml2lts-sym spec/PNML/Philosophers-50.pnml -rsc,bg,vgps,hf --saturation=sat-like --order=chain --next-union --vset=lddmc --lddmc-cachesize=24 --lddmc-maxcachesize=24 --lddmc-tablesize=24 --lddmc-maxtablesize=24 --lace-workers=1 --peak-nodes
ctit002
pnml2lts-sym: Exploration order is chain
pnml2lts-sym: Saturation strategy is sat-like
pnml2lts-sym: Guided search strategy is unguided
pnml2lts-sym: Attractor strategy is default
pnml2lts-sym: opening spec/PNML/Philosophers-50.pnml
pnml2lts-sym: Petri net has 250 places, 250 transitions and 800 arcs
pnml2lts-sym: There are 0 safe places
pnml2lts-sym: Petri net spec/PNML/Philosophers-50.pnml analyzed
pnml2lts-sym: Loading Petri net took 0.020 real 0.010 user 0.000 sys
pnml2lts-sym: Initializing regrouping layer
pnml2lts-sym: Regroup specification: sc,bg,vgps,hf
pnml2lts-sym: Regroup Select Combined matrix
pnml2lts-sym: Regroup Bipartite Graph
pnml2lts-sym: Regroup ViennaCL's Gibbs Poole Stockmeyer
pnml2lts-sym: Reqroup Horizontal Flip
pnml2lts-sym: Regrouping: 250->250 groups
pnml2lts-sym: Regrouping took 0.000 real 0.010 user 0.000 sys
pnml2lts-sym: state vector length is 250; there are 250 groups and 250 guards
pnml2lts-sym: Creating a multi-core ListDD domain.
pnml2lts-sym: Using GBgetTransitionsShortR2W as next-state function
pnml2lts-sym: got initial state
pnml2lts-sym: vrel_add_act not supported; falling back to vrel_add_cpy
pnml2lts-sym: Exploration took 737 group checks and 737 next state calls
pnml2lts-sym: reachability took 0.280 real 0.090 user 0.190 sys
pnml2lts-sym: counting visited states...
pnml2lts-sym: counting took 0.000 real 0.000 user 0.000 sys
pnml2lts-sym: state space has 7.17897987691853e+23 states, 1574 nodes
pnml2lts-sym: ( 1574 final BDD nodes; 1574 peak nodes )
pnml2lts-sym: group_next: 1600 nodes total
pnml2lts-sym: group_explored: 2202 nodes, 1400 short vectors total
pnml2lts-sym: max token count: 1
Exit [0]
0.14 user, 0.26 system, 0.50 elapsed -- Max VSize = 3675064KB, Max RSS = 732724KB
