statistics run
pnml2lts-sym spec/PNML/IOTP_c3m3p3d3.pnml -rsc,tg,bk,mm,hf --graph-metrics --saturation=sat-like --order=chain --next-union --vset=lddmc --lddmc-cachesize=24 --lddmc-maxcachesize=24 --lddmc-tablesize=24 --lddmc-maxtablesize=24 --lace-workers=1 --peak-nodes
ctit042
pnml2lts-sym: Exploration order is chain
pnml2lts-sym: Saturation strategy is sat-like
pnml2lts-sym: Guided search strategy is unguided
pnml2lts-sym: Attractor strategy is default
pnml2lts-sym: opening spec/PNML/IOTP_c3m3p3d3.pnml
pnml2lts-sym: Petri net has 111 places, 45 transitions and 224 arcs
pnml2lts-sym: There are 0 safe places
pnml2lts-sym: Petri net spec/PNML/IOTP_c3m3p3d3.pnml analyzed
pnml2lts-sym: Loading Petri net took 0.010 real 0.000 user 0.010 sys
pnml2lts-sym: Initializing regrouping layer
pnml2lts-sym: Regroup specification: sc,tg,bk,mm,hf
pnml2lts-sym: Regroup Select Combined matrix
pnml2lts-sym: Regroup Total graph
pnml2lts-sym: Regroup Boost's King
pnml2lts-sym: bandwidth: 48
pnml2lts-sym: profile: 9704
pnml2lts-sym: span: 14974
pnml2lts-sym: average wavefront: 18.3245
pnml2lts-sym: RMS wavefront: 20.0942
pnml2lts-sym: Regroup Matrix Metrics
pnml2lts-sym: Reqroup Horizontal Flip
pnml2lts-sym: Regrouping: 45->45 groups
pnml2lts-sym: Regrouping took 0.000 real 0.000 user 0.000 sys
pnml2lts-sym: state vector length is 111; there are 45 groups and 111 guards
pnml2lts-sym: Creating a multi-core ListDD domain.
pnml2lts-sym: Using GBgetTransitionsShortR2W as next-state function
pnml2lts-sym: got initial state
pnml2lts-sym: vrel_add_act not supported; falling back to vrel_add_cpy
pnml2lts-sym: Exploration took 2195 group checks and 2195 next state calls
pnml2lts-sym: reachability took 1.090 real 0.910 user 0.170 sys
pnml2lts-sym: counting visited states...
pnml2lts-sym: counting took 0.000 real 0.000 user 0.000 sys
pnml2lts-sym: state space has 354176 states, 10130 nodes
pnml2lts-sym: ( 10130 final BDD nodes; 13493 peak nodes )
pnml2lts-sym: group_next: 1468 nodes total
pnml2lts-sym: group_explored: 1345 nodes, 754 short vectors total
pnml2lts-sym: max token count: 3
Event Span: 624
Normalized Event Span: 0.1249
Weighted Event Span, moment 1 (WES^1): 713.6
Normalized Weighted Event Span, moment 1: 0.1429
Exit [0]
0.91 user, 0.24 system, 1.20 elapsed -- Max VSize = 3675068KB, Max RSS = 736076KB
