statistics run
pnml2lts-sym spec/PNML/2-10_phaseVariation.pnml -rsc,bn,rs,mm,hf --noack=1 --graph-metrics --saturation=sat-like --order=chain --next-union --vset=lddmc --lddmc-cachesize=24 --lddmc-maxcachesize=24 --lddmc-tablesize=24 --lddmc-maxtablesize=24 --lace-workers=1 --peak-nodes
ctit004
pnml2lts-sym: Exploration order is chain
pnml2lts-sym: Saturation strategy is sat-like
pnml2lts-sym: Guided search strategy is unguided
pnml2lts-sym: Attractor strategy is default
pnml2lts-sym: opening spec/PNML/2-10_phaseVariation.pnml
pnml2lts-sym: Petri net has 14 places, 65 transitions and 443 arcs
pnml2lts-sym: There are 0 safe places
pnml2lts-sym: Petri net spec/PNML/2-10_phaseVariation.pnml analyzed
pnml2lts-sym: Computing Noack1 order
pnml2lts-sym: Computing Noack1 order took 0.000 real 0.000 user 0.000 sys
pnml2lts-sym: Loading Petri net took 0.010 real 0.000 user 0.000 sys
pnml2lts-sym: Initializing regrouping layer
pnml2lts-sym: Got state vector permutation from language front-end; permuting columns
pnml2lts-sym: Regroup specification: sc,bn,rs,mm,hf
pnml2lts-sym: Regroup Select Combined matrix
pnml2lts-sym: Regroup Boost's None
pnml2lts-sym: bandwidth: 78
pnml2lts-sym: profile: 3935
pnml2lts-sym: span: 1469
pnml2lts-sym: average wavefront: 13.22
pnml2lts-sym: RMS wavefront: 13.69
pnml2lts-sym: Regroup Row Sort
pnml2lts-sym: Regroup Matrix Metrics
pnml2lts-sym: Reqroup Horizontal Flip
pnml2lts-sym: Regrouping: 65->65 groups
pnml2lts-sym: Regrouping took 0.000 real 0.000 user 0.000 sys
pnml2lts-sym: state vector length is 14; there are 65 groups and 14 guards
pnml2lts-sym: Creating a multi-core ListDD domain.
pnml2lts-sym: Using GBgetTransitionsShortR2W as next-state function
pnml2lts-sym: got initial state
pnml2lts-sym: vrel_add_act not supported; falling back to vrel_add_cpy
pnml2lts-sym: Exploration took 277 group checks and 277 next state calls
pnml2lts-sym: reachability took 0.600 real 0.160 user 0.430 sys
pnml2lts-sym: counting visited states...
pnml2lts-sym: counting took 0.000 real 0.000 user 0.000 sys
pnml2lts-sym: state space has 7716 states, 1878 nodes
pnml2lts-sym: ( 1878 final BDD nodes; 1878 peak nodes )
pnml2lts-sym: group_next: 4823 nodes total
pnml2lts-sym: group_explored: 5047 nodes, 17471 short vectors total
pnml2lts-sym: max token count: 12
Event Span: 661
Normalized Event Span: 0.726
Weighted Event Span, moment 1 (WES^1): 1.13e+03
Normalized Weighted Event Span, moment 1: 1.25
Exit [0]
0.18 user, 0.58 system, 1.00 elapsed -- Max VSize = 3675068KB, Max RSS = 730464KB
