performance run
pnml2lts-sym spec/PNML/PolyORB-NT-S10-J80-unfolded.pnml -rsc,tg,vacm,hf --saturation=sat-like --order=chain --next-union --vset=lddmc --lddmc-cachesize=24 --lddmc-maxcachesize=24 --lddmc-tablesize=24 --lddmc-maxtablesize=24 --lace-workers=1 --peak-nodes
ctit032
pnml2lts-sym: Exploration order is chain
pnml2lts-sym: Saturation strategy is sat-like
pnml2lts-sym: Guided search strategy is unguided
pnml2lts-sym: Attractor strategy is default
pnml2lts-sym: opening spec/PNML/PolyORB-NT-S10-J80-unfolded.pnml
pnml2lts-sym: Petri net has 1614 places, 13500 transitions and 119759 arcs
pnml2lts-sym: There are 0 safe places
pnml2lts-sym: Petri net spec/PNML/PolyORB-NT-S10-J80-unfolded.pnml analyzed
pnml2lts-sym: Loading Petri net took 2.020 real 1.720 user 0.230 sys
pnml2lts-sym: Initializing regrouping layer
pnml2lts-sym: Regroup specification: sc,tg,vacm,hf
pnml2lts-sym: Regroup Select Combined matrix
pnml2lts-sym: Regroup Total graph
pnml2lts-sym: Regroup ViennaCL's Advanced Cuthill McKee
pnml2lts-sym: Reqroup Horizontal Flip
pnml2lts-sym: Regrouping: 13500->13500 groups
pnml2lts-sym: Regrouping took 30.720 real 29.440 user 0.090 sys
pnml2lts-sym: state vector length is 1614; there are 13500 groups and 1649 guards
pnml2lts-sym: Creating a multi-core ListDD domain.
cache_create: Unable to allocate memory: Cannot allocate memory!
Exit [1]
31.17 user, 0.37 system, 33.04 elapsed -- Max VSize = 2903392KB, Max RSS = 283084KB
