statistics run
pnml2lts-sym spec/PNML/PolyORB-NT-S10-J80-unfolded.pnml -rsc,f,rs,mm,hf --saturation=sat-like --order=chain --next-union --vset=lddmc --lddmc-cachesize=24 --lddmc-maxcachesize=24 --lddmc-tablesize=24 --lddmc-maxtablesize=24 --lace-workers=1 --peak-nodes
ctit025
pnml2lts-sym: Exploration order is chain
pnml2lts-sym: Saturation strategy is sat-like
pnml2lts-sym: Guided search strategy is unguided
pnml2lts-sym: Attractor strategy is default
pnml2lts-sym: opening spec/PNML/PolyORB-NT-S10-J80-unfolded.pnml
pnml2lts-sym: Petri net has 1614 places, 13500 transitions and 119759 arcs
pnml2lts-sym: There are 0 safe places
pnml2lts-sym: Petri net spec/PNML/PolyORB-NT-S10-J80-unfolded.pnml analyzed
pnml2lts-sym: Loading Petri net took 1.970 real 1.680 user 0.280 sys
pnml2lts-sym: Initializing regrouping layer
pnml2lts-sym: Regroup specification: sc,f,rs,mm,hf
pnml2lts-sym: Regroup Select Combined matrix
pnml2lts-sym: Regroup FORCE
pnml2lts-sym: Regroup Row Sort
pnml2lts-sym: Regroup Matrix Metrics
pnml2lts-sym: Reqroup Horizontal Flip
pnml2lts-sym: Regrouping: 13500->13500 groups
pnml2lts-sym: Regrouping took 7.330 real 7.290 user 0.020 sys
pnml2lts-sym: state vector length is 1614; there are 13500 groups and 1649 guards
pnml2lts-sym: Creating a multi-core ListDD domain.
cache_create: Unable to allocate memory: Cannot allocate memory!
Event Span: 1359698
Normalized Event Span: 0.062402956
Weighted Event Span, moment 1 (WES^1): 1750657.7
Normalized Weighted Event Span, moment 1: 0.080345939
Exit [1]
8.99 user, 0.34 system, 9.51 elapsed -- Max VSize = 2893048KB, Max RSS = 280780KB
