statistics run
pnml2lts-sym spec/PNML/simple_lbs-10.pnml -rsc,tg,bs,mm,hf --graph-metrics --saturation=sat-like --order=chain --next-union --vset=lddmc --lddmc-cachesize=24 --lddmc-maxcachesize=24 --lddmc-tablesize=24 --lddmc-maxtablesize=24 --lace-workers=1 --peak-nodes
ctit019
pnml2lts-sym: Exploration order is chain
pnml2lts-sym: Saturation strategy is sat-like
pnml2lts-sym: Guided search strategy is unguided
pnml2lts-sym: Attractor strategy is default
pnml2lts-sym: opening spec/PNML/simple_lbs-10.pnml
pnml2lts-sym: Petri net has 104 places, 605 transitions and 4148 arcs
pnml2lts-sym: There are 0 safe places
pnml2lts-sym: Petri net spec/PNML/simple_lbs-10.pnml analyzed
pnml2lts-sym: Loading Petri net took 0.050 real 0.040 user 0.000 sys
pnml2lts-sym: Initializing regrouping layer
pnml2lts-sym: Regroup specification: sc,tg,bs,mm,hf
pnml2lts-sym: Regroup Select Combined matrix
pnml2lts-sym: Regroup Total graph
pnml2lts-sym: Regroup Boost's Sloan
pnml2lts-sym: bandwidth: 4401
pnml2lts-sym: profile: 7839931
pnml2lts-sym: span: 8155972
pnml2lts-sym: average wavefront: 138.49162
pnml2lts-sym: RMS wavefront: 143.96077
pnml2lts-sym: Regroup Matrix Metrics
pnml2lts-sym: Reqroup Horizontal Flip
pnml2lts-sym: Regrouping: 605->605 groups
pnml2lts-sym: Regrouping took 4.260 real 4.220 user 0.020 sys
pnml2lts-sym: state vector length is 104; there are 605 groups and 104 guards
pnml2lts-sym: Creating a multi-core ListDD domain.
pnml2lts-sym: Using GBgetTransitionsShortR2W as next-state function
pnml2lts-sym: got initial state
pnml2lts-sym: vrel_add_act not supported; falling back to vrel_add_cpy
Killed [24]
1795.02 user, 0.52 system, 1802.00 elapsed -- Max VSize = 3675076KB, Max RSS = 771140KB
command-5452: line 5: 32116 CPU time limit exceeded memtime -c1800 -m4000000 pnml2lts-sym spec/PNML/simple_lbs-10.pnml -rsc,tg,bs,mm,hf --graph-metrics --saturation=sat-like --order=chain --next-union --vset=lddmc --lddmc-cachesize=24 --lddmc-maxcachesize=24 --lddmc-tablesize=24 --lddmc-maxtablesize=24 --lace-workers=1 --peak-nodes
