statistics run
pnml2lts-sym spec/PNML/Philosophers-2000.pnml -rsc,tg,vcm,mm,hf --graph-metrics --saturation=sat-like --order=chain --next-union --vset=lddmc --lddmc-cachesize=24 --lddmc-maxcachesize=24 --lddmc-tablesize=24 --lddmc-maxtablesize=24 --lace-workers=1 --peak-nodes
ctit032
pnml2lts-sym: Exploration order is chain
pnml2lts-sym: Saturation strategy is sat-like
pnml2lts-sym: Guided search strategy is unguided
pnml2lts-sym: Attractor strategy is default
pnml2lts-sym: opening spec/PNML/Philosophers-2000.pnml
pnml2lts-sym: Petri net has 10000 places, 10000 transitions and 32000 arcs
pnml2lts-sym: There are 0 safe places
pnml2lts-sym: Petri net spec/PNML/Philosophers-2000.pnml analyzed
pnml2lts-sym: Loading Petri net took 2.360 real 2.170 user 0.170 sys
pnml2lts-sym: Initializing regrouping layer
pnml2lts-sym: Regroup specification: sc,tg,vcm,mm,hf
pnml2lts-sym: Regroup Select Combined matrix
pnml2lts-sym: Regroup Total graph
pnml2lts-sym: Regroup ViennaCL's Cuthill McKee
pnml2lts-sym: bandwidth: 37
pnml2lts-sym: profile: 1468138
pnml2lts-sym: span: 2088861
pnml2lts-sym: average wavefront: 26.39711538
pnml2lts-sym: RMS wavefront: 26.78256968
pnml2lts-sym: Regroup Matrix Metrics
pnml2lts-sym: Reqroup Horizontal Flip
pnml2lts-sym: Regrouping: 10000->10000 groups
pnml2lts-sym: Regrouping took 234.410 real 233.220 user 0.350 sys
pnml2lts-sym: state vector length is 10000; there are 10000 groups and 10000 guards
pnml2lts-sym: Creating a multi-core ListDD domain.
cache_create: Unable to allocate memory: Cannot allocate memory!
Event Span: 75979
Normalized Event Span: 0.00075979
Weighted Event Span, moment 1 (WES^1): 76050.765
Normalized Weighted Event Span, moment 1: 0.00076050765
Exit [1]
235.40 user, 0.62 system, 237.03 elapsed -- Max VSize = 3245524KB, Max RSS = 565812KB
