statistics run
pnml2lts-sym spec/PNML/Peterson-7.pnml -rsc,bn,mm --graph-metrics --saturation=sat-like --order=chain --next-union --vset=lddmc --lddmc-cachesize=24 --lddmc-maxcachesize=24 --lddmc-tablesize=24 --lddmc-maxtablesize=24 --lace-workers=1 --peak-nodes
ctit019
pnml2lts-sym: Exploration order is chain
pnml2lts-sym: Saturation strategy is sat-like
pnml2lts-sym: Guided search strategy is unguided
pnml2lts-sym: Attractor strategy is default
pnml2lts-sym: opening spec/PNML/Peterson-7.pnml
pnml2lts-sym: Petri net has 1992 places, 3096 transitions and 9584 arcs
pnml2lts-sym: There are 0 safe places
pnml2lts-sym: Petri net spec/PNML/Peterson-7.pnml analyzed
pnml2lts-sym: Loading Petri net took 0.280 real 0.250 user 0.030 sys
pnml2lts-sym: Initializing regrouping layer
pnml2lts-sym: Regroup specification: sc,bn,mm
pnml2lts-sym: Regroup Select Combined matrix
pnml2lts-sym: Regroup Boost's None
pnml2lts-sym: bandwidth: 4134
pnml2lts-sym: profile: 16036287
pnml2lts-sym: span: 5020127
pnml2lts-sym: average wavefront: 1300.6472
pnml2lts-sym: RMS wavefront: 1435.4847
pnml2lts-sym: Regroup Matrix Metrics
pnml2lts-sym: Regrouping: 3096->3096 groups
pnml2lts-sym: Regrouping took 0.740 real 0.710 user 0.010 sys
pnml2lts-sym: state vector length is 1992; there are 3096 groups and 1992 guards
pnml2lts-sym: Creating a multi-core ListDD domain.
pnml2lts-sym: Using GBgetTransitionsShortR2W as next-state function
pnml2lts-sym: got initial state
pnml2lts-sym: vrel_add_act not supported; falling back to vrel_add_cpy
Killed [24]
1794.45 user, 0.86 system, 1802.29 elapsed -- Max VSize = 3681180KB, Max RSS = 1005852KB
command-1792: line 5: 24042 CPU time limit exceeded memtime -c1800 -m4000000 pnml2lts-sym spec/PNML/Peterson-7.pnml -rsc,bn,mm --graph-metrics --saturation=sat-like --order=chain --next-union --vset=lddmc --lddmc-cachesize=24 --lddmc-maxcachesize=24 --lddmc-tablesize=24 --lddmc-maxtablesize=24 --lace-workers=1 --peak-nodes
