statistics run
pnml2lts-sym spec/PNML/neoelection-3.unf.pnml -rsc,bg,vcm,mm,hf --graph-metrics --saturation=sat-like --order=chain --next-union --vset=lddmc --lddmc-cachesize=24 --lddmc-maxcachesize=24 --lddmc-tablesize=24 --lddmc-maxtablesize=24 --lace-workers=1 --peak-nodes
ctit011
pnml2lts-sym: Exploration order is chain
pnml2lts-sym: Saturation strategy is sat-like
pnml2lts-sym: Guided search strategy is unguided
pnml2lts-sym: Attractor strategy is default
pnml2lts-sym: opening spec/PNML/neoelection-3.unf.pnml
pnml2lts-sym: Petri net has 972 places, 1016 transitions and 5840 arcs
pnml2lts-sym: There are 0 safe places
pnml2lts-sym: Petri net spec/PNML/neoelection-3.unf.pnml analyzed
pnml2lts-sym: Loading Petri net took 0.080 real 0.070 user 0.010 sys
pnml2lts-sym: Initializing regrouping layer
pnml2lts-sym: Regroup specification: sc,bg,vcm,mm,hf
pnml2lts-sym: Regroup Select Combined matrix
pnml2lts-sym: Regroup Bipartite Graph
pnml2lts-sym: Regroup ViennaCL's Cuthill McKee
pnml2lts-sym: bandwidth: 1838
pnml2lts-sym: profile: 560359
pnml2lts-sym: span: 678144
pnml2lts-sym: average wavefront: 207.1796
pnml2lts-sym: RMS wavefront: 280.0857
pnml2lts-sym: Regroup Matrix Metrics
pnml2lts-sym: Reqroup Horizontal Flip
pnml2lts-sym: Regrouping: 1016->1016 groups
pnml2lts-sym: Regrouping took 0.180 real 0.170 user 0.000 sys
pnml2lts-sym: state vector length is 972; there are 1016 groups and 356 guards
pnml2lts-sym: Creating a multi-core ListDD domain.
pnml2lts-sym: Using GBgetTransitionsShortR2W as next-state function
pnml2lts-sym: got initial state
pnml2lts-sym: vrel_add_act not supported; falling back to vrel_add_cpy
pnml2lts-sym: Exploration took 16439 group checks and 16439 next state calls
pnml2lts-sym: reachability took 26.770 real 26.480 user 0.200 sys
pnml2lts-sym: counting visited states...
pnml2lts-sym: counting took 0.000 real 0.010 user 0.000 sys
pnml2lts-sym: state space has 974325 states, 72279 nodes
pnml2lts-sym: ( 72279 final BDD nodes; 72471 peak nodes )
pnml2lts-sym: group_next: 508 nodes total
pnml2lts-sym: group_explored: 8658 nodes, 4503 short vectors total
pnml2lts-sym: max token count: 1
Event Span: 135437
Normalized Event Span: 0.137144
Weighted Event Span, moment 1 (WES^1): 96904
Normalized Weighted Event Span, moment 1: 0.0981254
Exit [0]
27.42 user, 0.29 system, 27.93 elapsed -- Max VSize = 3675092KB, Max RSS = 776972KB
