statistics run
pnml2lts-sym spec/PNML/5-100_phaseVariation.pnml -rsc,tg,bk,mm,hf --graph-metrics --saturation=sat-like --order=chain --next-union --vset=lddmc --lddmc-cachesize=24 --lddmc-maxcachesize=24 --lddmc-tablesize=24 --lddmc-maxtablesize=24 --lace-workers=1 --peak-nodes
ctit023
pnml2lts-sym: Exploration order is chain
pnml2lts-sym: Saturation strategy is sat-like
pnml2lts-sym: Guided search strategy is unguided
pnml2lts-sym: Attractor strategy is default
pnml2lts-sym: opening spec/PNML/5-100_phaseVariation.pnml
pnml2lts-sym: Petri net has 77 places, 677 transitions and 4685 arcs
pnml2lts-sym: There are 0 safe places
pnml2lts-sym: Petri net spec/PNML/5-100_phaseVariation.pnml analyzed
pnml2lts-sym: Loading Petri net took 0.470 real 0.370 user 0.060 sys
pnml2lts-sym: Initializing regrouping layer
pnml2lts-sym: Regroup specification: sc,tg,bk,mm,hf
pnml2lts-sym: Regroup Select Combined matrix
pnml2lts-sym: Regroup Total graph
pnml2lts-sym: Regroup Boost's King
pnml2lts-sym: bandwidth: 3365
pnml2lts-sym: profile: 9868970
pnml2lts-sym: span: 11103922
pnml2lts-sym: average wavefront: 884.4721
pnml2lts-sym: RMS wavefront: 1004.8889
pnml2lts-sym: Regroup Matrix Metrics
pnml2lts-sym: Reqroup Horizontal Flip
pnml2lts-sym: Regrouping: 677->677 groups
pnml2lts-sym: Regrouping took 0.470 real 0.470 user 0.000 sys
pnml2lts-sym: state vector length is 77; there are 677 groups and 77 guards
pnml2lts-sym: Creating a multi-core ListDD domain.
pnml2lts-sym: Using GBgetTransitionsShortR2W as next-state function
pnml2lts-sym: got initial state
pnml2lts-sym: vrel_add_act not supported; falling back to vrel_add_cpy
Killed [24]
1797.50 user, 0.59 system, 1801.00 elapsed -- Max VSize = 3675092KB, Max RSS = 821700KB
command-603: line 5: 46649 CPU time limit exceeded memtime -c1800 -m4000000 pnml2lts-sym spec/PNML/5-100_phaseVariation.pnml -rsc,tg,bk,mm,hf --graph-metrics --saturation=sat-like --order=chain --next-union --vset=lddmc --lddmc-cachesize=24 --lddmc-maxcachesize=24 --lddmc-tablesize=24 --lddmc-maxtablesize=24 --lace-workers=1 --peak-nodes
