performance run
pnml2lts-sym spec/PNML/cs_repetitions-7-unfolded.pnml -rsc,f,rs,hf --saturation=sat-like --order=chain --next-union --vset=lddmc --lddmc-cachesize=24 --lddmc-maxcachesize=24 --lddmc-tablesize=24 --lddmc-maxtablesize=24 --lace-workers=1 --peak-nodes
ctit001
pnml2lts-sym: Exploration order is chain
pnml2lts-sym: Saturation strategy is sat-like
pnml2lts-sym: Guided search strategy is unguided
pnml2lts-sym: Attractor strategy is default
pnml2lts-sym: opening spec/PNML/cs_repetitions-7-unfolded.pnml
pnml2lts-sym: Petri net has 498 places, 833 transitions and 3087 arcs
pnml2lts-sym: There are 0 safe places
pnml2lts-sym: Petri net spec/PNML/cs_repetitions-7-unfolded.pnml analyzed
pnml2lts-sym: Loading Petri net took 0.060 real 0.040 user 0.010 sys
pnml2lts-sym: Initializing regrouping layer
pnml2lts-sym: Regroup specification: sc,f,rs,hf
pnml2lts-sym: Regroup Select Combined matrix
pnml2lts-sym: Regroup FORCE
pnml2lts-sym: Regroup Row Sort
pnml2lts-sym: Reqroup Horizontal Flip
pnml2lts-sym: Regrouping: 833->833 groups
pnml2lts-sym: Regrouping took 0.140 real 0.140 user 0.000 sys
pnml2lts-sym: state vector length is 498; there are 833 groups and 498 guards
pnml2lts-sym: Creating a multi-core ListDD domain.
pnml2lts-sym: Using GBgetTransitionsShortR2W as next-state function
pnml2lts-sym: got initial state
pnml2lts-sym: vrel_add_act not supported; falling back to vrel_add_cpy
MDD Unique table full, 15164741 of 16777216 buckets filled!
Exit [1]
30.28 user, 0.59 system, 31.13 elapsed -- Max VSize = 3675072KB, Max RSS = 981272KB
