statistics run
pnml2lts-sym spec/PNML/PolyORB-LF-S06-J04-T08-unfolded.pnml -rsc,tg,bcm,mm,hf --graph-metrics --saturation=sat-like --order=chain --next-union --vset=lddmc --lddmc-cachesize=24 --lddmc-maxcachesize=24 --lddmc-tablesize=24 --lddmc-maxtablesize=24 --lace-workers=1 --peak-nodes
ctit017
pnml2lts-sym: Exploration order is chain
pnml2lts-sym: Saturation strategy is sat-like
pnml2lts-sym: Guided search strategy is unguided
pnml2lts-sym: Attractor strategy is default
pnml2lts-sym: opening spec/PNML/PolyORB-LF-S06-J04-T08-unfolded.pnml
pnml2lts-sym: Petri net has 810 places, 14014 transitions and 118428 arcs
pnml2lts-sym: There are 0 safe places
pnml2lts-sym: Petri net spec/PNML/PolyORB-LF-S06-J04-T08-unfolded.pnml analyzed
pnml2lts-sym: Loading Petri net took 1.810 real 1.550 user 0.240 sys
pnml2lts-sym: Initializing regrouping layer
pnml2lts-sym: Regroup specification: sc,tg,bcm,mm,hf
pnml2lts-sym: Regroup Select Combined matrix
pnml2lts-sym: Regroup Total graph
pnml2lts-sym: Regroup Boost's Cuthill McKee
pnml2lts-sym: bandwidth: 100440
pnml2lts-sym: profile: 8376766361
pnml2lts-sym: span: 10027875609
pnml2lts-sym: average wavefront: 25075.215069
Killed [24]
1796.40 user, 1.05 system, 1803.25 elapsed -- Max VSize = 2886732KB, Max RSS = 279944KB
command-2218: line 5: 48571 CPU time limit exceeded memtime -c1800 -m4000000 pnml2lts-sym spec/PNML/PolyORB-LF-S06-J04-T08-unfolded.pnml -rsc,tg,bcm,mm,hf --graph-metrics --saturation=sat-like --order=chain --next-union --vset=lddmc --lddmc-cachesize=24 --lddmc-maxcachesize=24 --lddmc-tablesize=24 --lddmc-maxtablesize=24 --lace-workers=1 --peak-nodes
