statistics run
pnml2lts-sym spec/PNML/BridgeAndVehicles-V20-P20-N10-unfolded.pnml -rsc,bn,rs,mm,hf --noack=1 --graph-metrics --saturation=sat-like --order=chain --next-union --vset=lddmc --lddmc-cachesize=24 --lddmc-maxcachesize=24 --lddmc-tablesize=24 --lddmc-maxtablesize=24 --lace-workers=1 --peak-nodes
ctit022
pnml2lts-sym: Exploration order is chain
pnml2lts-sym: Saturation strategy is sat-like
pnml2lts-sym: Guided search strategy is unguided
pnml2lts-sym: Attractor strategy is default
pnml2lts-sym: opening spec/PNML/BridgeAndVehicles-V20-P20-N10-unfolded.pnml
pnml2lts-sym: Petri net has 68 places, 548 transitions and 4070 arcs
pnml2lts-sym: There are 0 safe places
pnml2lts-sym: Petri net spec/PNML/BridgeAndVehicles-V20-P20-N10-unfolded.pnml analyzed
pnml2lts-sym: Computing Noack1 order
pnml2lts-sym: Computing Noack1 order took 0.010 real 0.000 user 0.000 sys
pnml2lts-sym: Loading Petri net took 0.060 real 0.040 user 0.020 sys
pnml2lts-sym: Initializing regrouping layer
pnml2lts-sym: Got state vector permutation from language front-end; permuting columns
pnml2lts-sym: Regroup specification: sc,bn,rs,mm,hf
pnml2lts-sym: Regroup Select Combined matrix
pnml2lts-sym: Regroup Boost's None
pnml2lts-sym: bandwidth: 615
pnml2lts-sym: profile: 213934
pnml2lts-sym: span: 39743
pnml2lts-sym: average wavefront: 61.8701
pnml2lts-sym: RMS wavefront: 63.913
pnml2lts-sym: Regroup Row Sort
pnml2lts-sym: Regroup Matrix Metrics
pnml2lts-sym: Reqroup Horizontal Flip
pnml2lts-sym: Regrouping: 548->548 groups
pnml2lts-sym: Regrouping took 0.020 real 0.020 user 0.000 sys
pnml2lts-sym: state vector length is 68; there are 548 groups and 67 guards
pnml2lts-sym: Creating a multi-core ListDD domain.
pnml2lts-sym: Using GBgetTransitionsShortR2W as next-state function
pnml2lts-sym: got initial state
pnml2lts-sym: vrel_add_act not supported; falling back to vrel_add_cpy
pnml2lts-sym: Exploration took 74944 group checks and 74944 next state calls
pnml2lts-sym: reachability took 133.020 real 132.190 user 0.360 sys
pnml2lts-sym: counting visited states...
pnml2lts-sym: counting took 0.040 real 0.040 user 0.000 sys
pnml2lts-sym: state space has 6732570 states, 762331 nodes
pnml2lts-sym: ( 762331 final BDD nodes; 762331 peak nodes )
pnml2lts-sym: group_next: 8558 nodes total
pnml2lts-sym: group_explored: 30824 nodes, 50042 short vectors total
pnml2lts-sym: max token count: 20
Event Span: 16508
Normalized Event Span: 0.443
Weighted Event Span, moment 1 (WES^1): 24600
Normalized Weighted Event Span, moment 1: 0.66016
Exit [0]
132.33 user, 0.46 system, 133.36 elapsed -- Max VSize = 3675092KB, Max RSS = 806968KB
