statistics run
pnml2lts-sym spec/PNML/sg-10-5-10.pnml -rsc,bn,mm --graph-metrics --saturation=sat-like --order=chain --next-union --vset=lddmc --lddmc-cachesize=24 --lddmc-maxcachesize=24 --lddmc-tablesize=24 --lddmc-maxtablesize=24 --lace-workers=1 --peak-nodes
ctit009
pnml2lts-sym: Exploration order is chain
pnml2lts-sym: Saturation strategy is sat-like
pnml2lts-sym: Guided search strategy is unguided
pnml2lts-sym: Attractor strategy is default
pnml2lts-sym: opening spec/PNML/sg-10-5-10.pnml
pnml2lts-sym: Petri net has 1380 places, 1640 transitions and 6560 arcs
pnml2lts-sym: There are 0 safe places
pnml2lts-sym: Petri net spec/PNML/sg-10-5-10.pnml analyzed
pnml2lts-sym: Loading Petri net took 0.120 real 0.110 user 0.000 sys
pnml2lts-sym: Initializing regrouping layer
pnml2lts-sym: Regroup specification: sc,bn,mm
pnml2lts-sym: Regroup Select Combined matrix
pnml2lts-sym: Regroup Boost's None
pnml2lts-sym: bandwidth: 2920
pnml2lts-sym: profile: 6215120
pnml2lts-sym: span: 2937060
pnml2lts-sym: average wavefront: 900.3311
pnml2lts-sym: RMS wavefront: 996.4097
pnml2lts-sym: Regroup Matrix Metrics
pnml2lts-sym: Regrouping: 1640->1640 groups
pnml2lts-sym: Regrouping took 0.280 real 0.280 user 0.000 sys
pnml2lts-sym: state vector length is 1380; there are 1640 groups and 1380 guards
pnml2lts-sym: Creating a multi-core ListDD domain.
pnml2lts-sym: Using GBgetTransitionsShortR2W as next-state function
pnml2lts-sym: got initial state
pnml2lts-sym: vrel_add_act not supported; falling back to vrel_add_cpy
MDD Unique table full, 15215391 of 16777216 buckets filled!
Event Span: 1523320
Normalized Event Span: 0.6730824
Weighted Event Span, moment 1 (WES^1): 2334527
Normalized Weighted Event Span, moment 1: 1.031516
Exit [1]
159.84 user, 3.26 system, 164.29 elapsed -- Max VSize = 3676512KB, Max RSS = 988620KB
