performance run
pnml2lts-sym spec/PNML/echo-d2r15.pnml -rsc,bg,bk,hf --saturation=sat-like --order=chain --next-union --vset=lddmc --lddmc-cachesize=24 --lddmc-maxcachesize=24 --lddmc-tablesize=24 --lddmc-maxtablesize=24 --lace-workers=1 --peak-nodes
ctit025
pnml2lts-sym: Exploration order is chain
pnml2lts-sym: Saturation strategy is sat-like
pnml2lts-sym: Guided search strategy is unguided
pnml2lts-sym: Attractor strategy is default
pnml2lts-sym: opening spec/PNML/echo-d2r15.pnml
pnml2lts-sym: Petri net has 2127 places, 1674 transitions and 9700 arcs
pnml2lts-sym: There are 0 safe places
pnml2lts-sym: Petri net spec/PNML/echo-d2r15.pnml analyzed
pnml2lts-sym: Loading Petri net took 0.170 real 0.140 user 0.020 sys
pnml2lts-sym: Initializing regrouping layer
pnml2lts-sym: Regroup specification: sc,bg,bk,hf
pnml2lts-sym: Regroup Select Combined matrix
pnml2lts-sym: Regroup Bipartite Graph
pnml2lts-sym: Regroup Boost's King
pnml2lts-sym: Reqroup Horizontal Flip
pnml2lts-sym: Regrouping: 1674->1674 groups
pnml2lts-sym: Regrouping took 0.200 real 0.200 user 0.000 sys
pnml2lts-sym: state vector length is 2127; there are 1674 groups and 1902 guards
pnml2lts-sym: Creating a multi-core ListDD domain.
pnml2lts-sym: Using GBgetTransitionsShortR2W as next-state function
pnml2lts-sym: got initial state
pnml2lts-sym: vrel_add_act not supported; falling back to vrel_add_cpy
Killed [24]
1796.29 user, 1.37 system, 1802.22 elapsed -- Max VSize = 3678852KB, Max RSS = 994900KB
command-9526: line 5:  3022 CPU time limit exceeded memtime -c1800 -m4000000 pnml2lts-sym spec/PNML/echo-d2r15.pnml -rsc,bg,bk,hf --saturation=sat-like --order=chain --next-union --vset=lddmc --lddmc-cachesize=24 --lddmc-maxcachesize=24 --lddmc-tablesize=24 --lddmc-maxtablesize=24 --lace-workers=1 --peak-nodes
