statistics run
pnml2lts-sym spec/PNML/FMS-100.pnml -rsc,bg,bs,mm,hf --graph-metrics --saturation=sat-like --order=chain --next-union --vset=lddmc --lddmc-cachesize=24 --lddmc-maxcachesize=24 --lddmc-tablesize=24 --lddmc-maxtablesize=24 --lace-workers=1 --peak-nodes
ctit038
pnml2lts-sym: Exploration order is chain
pnml2lts-sym: Saturation strategy is sat-like
pnml2lts-sym: Guided search strategy is unguided
pnml2lts-sym: Attractor strategy is default
pnml2lts-sym: opening spec/PNML/FMS-100.pnml
pnml2lts-sym: Petri net has 22 places, 20 transitions and 50 arcs
pnml2lts-sym: There are 0 safe places
pnml2lts-sym: Petri net spec/PNML/FMS-100.pnml analyzed
pnml2lts-sym: Loading Petri net took 0.000 real 0.000 user 0.000 sys
pnml2lts-sym: Initializing regrouping layer
pnml2lts-sym: Regroup specification: sc,bg,bs,mm,hf
pnml2lts-sym: Regroup Select Combined matrix
pnml2lts-sym: Regroup Bipartite Graph
pnml2lts-sym: Regroup Boost's Sloan
pnml2lts-sym: bandwidth: 11
pnml2lts-sym: profile: 190
pnml2lts-sym: span: 245
pnml2lts-sym: average wavefront: 3.286
pnml2lts-sym: RMS wavefront: 3.374
pnml2lts-sym: Regroup Matrix Metrics
pnml2lts-sym: Reqroup Horizontal Flip
pnml2lts-sym: Regrouping: 20->20 groups
pnml2lts-sym: Regrouping took 0.000 real 0.000 user 0.000 sys
pnml2lts-sym: state vector length is 22; there are 20 groups and 22 guards
pnml2lts-sym: Creating a multi-core ListDD domain.
pnml2lts-sym: Using GBgetTransitionsShortR2W as next-state function
pnml2lts-sym: got initial state
pnml2lts-sym: vrel_add_act not supported; falling back to vrel_add_cpy
pnml2lts-sym: Exploration took 4610 group checks and 4610 next state calls
pnml2lts-sym: reachability took 204.340 real 202.700 user 0.500 sys
pnml2lts-sym: counting visited states...
pnml2lts-sym: counting took 0.020 real 0.020 user 0.000 sys
pnml2lts-sym: state space has 2.70305727248432e+21 states, 264627 nodes
pnml2lts-sym: ( 264627 final BDD nodes; 264727 peak nodes )
pnml2lts-sym: group_next: 86549 nodes total
pnml2lts-sym: group_explored: 84873 nodes, 765863 short vectors total
pnml2lts-sym: max token count: 100
Event Span: 72
Normalized Event Span: 0.164
Weighted Event Span, moment 1 (WES^1): 84.9
Normalized Weighted Event Span, moment 1: 0.193
Exit [0]
202.75 user, 0.55 system, 204.49 elapsed -- Max VSize = 3675068KB, Max RSS = 963180KB
