statistics run
pnml2lts-sym spec/PNML/circadian_clock-000010.pnml -rsc,bg,bk,mm,hf --graph-metrics --saturation=sat-like --order=chain --next-union --vset=lddmc --lddmc-cachesize=24 --lddmc-maxcachesize=24 --lddmc-tablesize=24 --lddmc-maxtablesize=24 --lace-workers=1 --peak-nodes
ctit034
pnml2lts-sym: Exploration order is chain
pnml2lts-sym: Saturation strategy is sat-like
pnml2lts-sym: Guided search strategy is unguided
pnml2lts-sym: Attractor strategy is default
pnml2lts-sym: opening spec/PNML/circadian_clock-000010.pnml
pnml2lts-sym: Petri net has 14 places, 16 transitions and 58 arcs
pnml2lts-sym: There are 0 safe places
pnml2lts-sym: Petri net spec/PNML/circadian_clock-000010.pnml analyzed
pnml2lts-sym: Loading Petri net took 0.000 real 0.000 user 0.000 sys
pnml2lts-sym: Initializing regrouping layer
pnml2lts-sym: Regroup specification: sc,bg,bk,mm,hf
pnml2lts-sym: Regroup Select Combined matrix
pnml2lts-sym: Regroup Bipartite Graph
pnml2lts-sym: Regroup Boost's King
pnml2lts-sym: bandwidth: 7
pnml2lts-sym: profile: 172
pnml2lts-sym: span: 240
pnml2lts-sym: average wavefront: 4.4
pnml2lts-sym: RMS wavefront: 4.62
pnml2lts-sym: Regroup Matrix Metrics
pnml2lts-sym: Reqroup Horizontal Flip
pnml2lts-sym: Regrouping: 16->16 groups
pnml2lts-sym: Regrouping took 0.000 real 0.000 user 0.000 sys
pnml2lts-sym: state vector length is 14; there are 16 groups and 14 guards
pnml2lts-sym: Creating a multi-core ListDD domain.
pnml2lts-sym: Using GBgetTransitionsShortR2W as next-state function
pnml2lts-sym: got initial state
pnml2lts-sym: vrel_add_act not supported; falling back to vrel_add_cpy
pnml2lts-sym: Exploration took 388 group checks and 388 next state calls
pnml2lts-sym: reachability took 0.230 real 0.030 user 0.200 sys
pnml2lts-sym: counting visited states...
pnml2lts-sym: counting took 0.000 real 0.000 user 0.000 sys
pnml2lts-sym: state space has 644204 states, 338 nodes
pnml2lts-sym: ( 338 final BDD nodes; 419 peak nodes )
pnml2lts-sym: group_next: 1544 nodes total
pnml2lts-sym: group_explored: 904 nodes, 1914 short vectors total
pnml2lts-sym: max token count: 10
Event Span: 67
Normalized Event Span: 0.299
Weighted Event Span, moment 1 (WES^1): 91.3
Normalized Weighted Event Span, moment 1: 0.408
Exit [0]
0.04 user, 0.25 system, 0.40 elapsed -- Max VSize = 3675068KB, Max RSS = 729336KB
