statistics run
pnml2lts-sym spec/PNML/raft_09.pnml -rsc,bn,rs,mm,hf --noack=2 --graph-metrics --saturation=sat-like --order=chain --next-union --vset=lddmc --lddmc-cachesize=24 --lddmc-maxcachesize=24 --lddmc-tablesize=24 --lddmc-maxtablesize=24 --lace-workers=1 --peak-nodes
ctit003
pnml2lts-sym: Exploration order is chain
pnml2lts-sym: Saturation strategy is sat-like
pnml2lts-sym: Guided search strategy is unguided
pnml2lts-sym: Attractor strategy is default
pnml2lts-sym: opening spec/PNML/raft_09.pnml
pnml2lts-sym: Petri net has 413 places, 710 transitions and 2728 arcs
pnml2lts-sym: There are 413 safe places
pnml2lts-sym: Petri net spec/PNML/raft_09.pnml analyzed
pnml2lts-sym: Computing Noack2 order
pnml2lts-sym: Computing Noack2 order took 0.020 real 0.020 user 0.000 sys
pnml2lts-sym: Loading Petri net took 0.050 real 0.050 user 0.000 sys
pnml2lts-sym: Initializing regrouping layer
pnml2lts-sym: Got state vector permutation from language front-end; permuting columns
pnml2lts-sym: Regroup specification: sc,bn,rs,mm,hf
pnml2lts-sym: Regroup Select Combined matrix
pnml2lts-sym: Regroup Boost's None
pnml2lts-sym: bandwidth: 1122
pnml2lts-sym: profile: 703339
pnml2lts-sym: span: 173766
pnml2lts-sym: average wavefront: 256.6046
pnml2lts-sym: RMS wavefront: 283.7375
pnml2lts-sym: Regroup Row Sort
pnml2lts-sym: Regroup Matrix Metrics
pnml2lts-sym: Reqroup Horizontal Flip
pnml2lts-sym: Regrouping: 710->710 groups
pnml2lts-sym: Regrouping took 0.060 real 0.060 user 0.000 sys
pnml2lts-sym: state vector length is 413; there are 710 groups and 413 guards
pnml2lts-sym: Creating a multi-core ListDD domain.
pnml2lts-sym: Using GBgetTransitionsShortR2W as next-state function
pnml2lts-sym: got initial state
pnml2lts-sym: vrel_add_act not supported; falling back to vrel_add_cpy
Killed [24]
1796.83 user, 1.05 system, 1800.80 elapsed -- Max VSize = 3675076KB, Max RSS = 972560KB
command-4963: line 5: 42512 CPU time limit exceeded memtime -c1800 -m4000000 pnml2lts-sym spec/PNML/raft_09.pnml -rsc,bn,rs,mm,hf --noack=2 --graph-metrics --saturation=sat-like --order=chain --next-union --vset=lddmc --lddmc-cachesize=24 --lddmc-maxcachesize=24 --lddmc-tablesize=24 --lddmc-maxtablesize=24 --lace-workers=1 --peak-nodes
