statistics run
pnml2lts-sym spec/PNML/echo-d5r3.pnml -rsc,tg,bk,mm,hf --graph-metrics --saturation=sat-like --order=chain --next-union --vset=lddmc --lddmc-cachesize=24 --lddmc-maxcachesize=24 --lddmc-tablesize=24 --lddmc-maxtablesize=24 --lace-workers=1 --peak-nodes
ctit004
pnml2lts-sym: Exploration order is chain
pnml2lts-sym: Saturation strategy is sat-like
pnml2lts-sym: Guided search strategy is unguided
pnml2lts-sym: Attractor strategy is default
pnml2lts-sym: opening spec/PNML/echo-d5r3.pnml
pnml2lts-sym: Petri net has 3717 places, 3222 transitions and 28404 arcs
pnml2lts-sym: There are 0 safe places
pnml2lts-sym: Petri net spec/PNML/echo-d5r3.pnml analyzed
pnml2lts-sym: Loading Petri net took 0.460 real 0.400 user 0.060 sys
pnml2lts-sym: Initializing regrouping layer
pnml2lts-sym: Regroup specification: sc,tg,bk,mm,hf
pnml2lts-sym: Regroup Select Combined matrix
pnml2lts-sym: Regroup Total graph
pnml2lts-sym: Regroup Boost's King
pnml2lts-sym: bandwidth: 4732
pnml2lts-sym: profile: 111327382
pnml2lts-sym: span: 151115597
pnml2lts-sym: average wavefront: 1270.922814
pnml2lts-sym: RMS wavefront: 1366.446801
pnml2lts-sym: Regroup Matrix Metrics
pnml2lts-sym: Reqroup Horizontal Flip
pnml2lts-sym: Regrouping: 3222->3222 groups
pnml2lts-sym: Regrouping took 106.300 real 106.020 user 0.050 sys
pnml2lts-sym: state vector length is 3717; there are 3222 groups and 3474 guards
pnml2lts-sym: Creating a multi-core ListDD domain.
pnml2lts-sym: Using GBgetTransitionsShortR2W as next-state function
pnml2lts-sym: got initial state
pnml2lts-sym: vrel_add_act not supported; falling back to vrel_add_cpy
MDD Unique table full, 15125662 of 16777216 buckets filled!
Event Span: 2085112
Normalized Event Span: 0.17410502
Weighted Event Span, moment 1 (WES^1): 2377181.2
Normalized Weighted Event Span, moment 1: 0.19849254
Exit [1]
293.28 user, 1.17 system, 295.09 elapsed -- Max VSize = 3748712KB, Max RSS = 1050056KB
