statistics run
pnml2lts-sym spec/PNML/rwmutex-r10w2000.pnml -rsc,bg,vgps,mm,hf --graph-metrics --saturation=sat-like --order=chain --next-union --vset=lddmc --lddmc-cachesize=24 --lddmc-maxcachesize=24 --lddmc-tablesize=24 --lddmc-maxtablesize=24 --lace-workers=1 --peak-nodes
ctit016
pnml2lts-sym: Exploration order is chain
pnml2lts-sym: Saturation strategy is sat-like
pnml2lts-sym: Guided search strategy is unguided
pnml2lts-sym: Attractor strategy is default
pnml2lts-sym: opening spec/PNML/rwmutex-r10w2000.pnml
pnml2lts-sym: Petri net has 4030 places, 4020 transitions and 48060 arcs
pnml2lts-sym: There are 0 safe places
pnml2lts-sym: Petri net spec/PNML/rwmutex-r10w2000.pnml analyzed
pnml2lts-sym: Loading Petri net took 0.720 real 0.610 user 0.110 sys
pnml2lts-sym: Initializing regrouping layer
pnml2lts-sym: Regroup specification: sc,bg,vgps,mm,hf
pnml2lts-sym: Regroup Select Combined matrix
pnml2lts-sym: Regroup Bipartite Graph
pnml2lts-sym: Regroup ViennaCL's Gibbs Poole Stockmeyer
pnml2lts-sym: bandwidth: 6004
pnml2lts-sym: profile: 32986525
pnml2lts-sym: span: 33659320
pnml2lts-sym: average wavefront: 2948.2168
pnml2lts-sym: RMS wavefront: 3215.4987
pnml2lts-sym: Regroup Matrix Metrics
pnml2lts-sym: Reqroup Horizontal Flip
pnml2lts-sym: Regrouping: 4020->4020 groups
pnml2lts-sym: Regrouping took 33.390 real 33.290 user 0.030 sys
pnml2lts-sym: state vector length is 4030; there are 4020 groups and 4030 guards
pnml2lts-sym: Creating a multi-core ListDD domain.
pnml2lts-sym: Using GBgetTransitionsShortR2W as next-state function
pnml2lts-sym: got initial state
pnml2lts-sym: vrel_add_act not supported; falling back to vrel_add_cpy
Killed [24]
1797.24 user, 0.62 system, 1801.30 elapsed -- Max VSize = 3758296KB, Max RSS = 1050712KB
command-5193: line 5: 22901 CPU time limit exceeded memtime -c1800 -m4000000 pnml2lts-sym spec/PNML/rwmutex-r10w2000.pnml -rsc,bg,vgps,mm,hf --graph-metrics --saturation=sat-like --order=chain --next-union --vset=lddmc --lddmc-cachesize=24 --lddmc-maxcachesize=24 --lddmc-tablesize=24 --lddmc-maxtablesize=24 --lace-workers=1 --peak-nodes
