statistics run
pnml2lts-sym spec/PNML/cs_repetitions-10-unfolded.pnml -rsc,bg,vcm,mm,hf --graph-metrics --saturation=sat-like --order=chain --next-union --vset=lddmc --lddmc-cachesize=24 --lddmc-maxcachesize=24 --lddmc-tablesize=24 --lddmc-maxtablesize=24 --lace-workers=1 --peak-nodes
ctit012
pnml2lts-sym: Exploration order is chain
pnml2lts-sym: Saturation strategy is sat-like
pnml2lts-sym: Guided search strategy is unguided
pnml2lts-sym: Attractor strategy is default
pnml2lts-sym: opening spec/PNML/cs_repetitions-10-unfolded.pnml
pnml2lts-sym: Petri net has 1311 places, 2300 transitions and 8700 arcs
pnml2lts-sym: There are 0 safe places
pnml2lts-sym: Petri net spec/PNML/cs_repetitions-10-unfolded.pnml analyzed
pnml2lts-sym: Loading Petri net took 0.220 real 0.200 user 0.020 sys
pnml2lts-sym: Initializing regrouping layer
pnml2lts-sym: Regroup specification: sc,bg,vcm,mm,hf
pnml2lts-sym: Regroup Select Combined matrix
pnml2lts-sym: Regroup Bipartite Graph
pnml2lts-sym: Regroup ViennaCL's Cuthill McKee
pnml2lts-sym: bandwidth: 2601
pnml2lts-sym: profile: 6967230
pnml2lts-sym: span: 6894705
pnml2lts-sym: average wavefront: 1349.0363
pnml2lts-sym: RMS wavefront: 1518.9005
pnml2lts-sym: Regroup Matrix Metrics
pnml2lts-sym: Reqroup Horizontal Flip
pnml2lts-sym: Regrouping: 2300->2300 groups
pnml2lts-sym: Regrouping took 0.730 real 0.720 user 0.000 sys
pnml2lts-sym: state vector length is 1311; there are 2300 groups and 1311 guards
pnml2lts-sym: Creating a multi-core ListDD domain.
pnml2lts-sym: Using GBgetTransitionsShortR2W as next-state function
pnml2lts-sym: got initial state
pnml2lts-sym: vrel_add_act not supported; falling back to vrel_add_cpy
MDD Unique table full, 14611456 of 16777216 buckets filled!
Event Span: 1593606
Normalized Event Span: 0.5285066
Weighted Event Span, moment 1 (WES^1): 3152290
Normalized Weighted Event Span, moment 1: 1.045432
Exit [1]
37.14 user, 0.73 system, 38.15 elapsed -- Max VSize = 3677124KB, Max RSS = 999896KB
