statistics run
pnml2lts-sym spec/PNML/PolyORB-NT-S10-J60-unfolded.pnml -rsc,tg,vacm,mm,hf --graph-metrics --saturation=sat-like --order=chain --next-union --vset=lddmc --lddmc-cachesize=24 --lddmc-maxcachesize=24 --lddmc-tablesize=24 --lddmc-maxtablesize=24 --lace-workers=1 --peak-nodes
ctit044
pnml2lts-sym: Exploration order is chain
pnml2lts-sym: Saturation strategy is sat-like
pnml2lts-sym: Guided search strategy is unguided
pnml2lts-sym: Attractor strategy is default
pnml2lts-sym: opening spec/PNML/PolyORB-NT-S10-J60-unfolded.pnml
pnml2lts-sym: Petri net has 1234 places, 12920 transitions and 116879 arcs
pnml2lts-sym: There are 0 safe places
pnml2lts-sym: Petri net spec/PNML/PolyORB-NT-S10-J60-unfolded.pnml analyzed
pnml2lts-sym: Loading Petri net took 1.810 real 1.620 user 0.180 sys
pnml2lts-sym: Initializing regrouping layer
pnml2lts-sym: Regroup specification: sc,tg,vacm,mm,hf
pnml2lts-sym: Regroup Select Combined matrix
pnml2lts-sym: Regroup Total graph
pnml2lts-sym: Regroup ViennaCL's Advanced Cuthill McKee
Killed [24]
1795.82 user, 0.54 system, 1805.85 elapsed -- Max VSize = 2889352KB, Max RSS = 268976KB
command-2414: line 5: 47210 CPU time limit exceeded memtime -c1800 -m4000000 pnml2lts-sym spec/PNML/PolyORB-NT-S10-J60-unfolded.pnml -rsc,tg,vacm,mm,hf --graph-metrics --saturation=sat-like --order=chain --next-union --vset=lddmc --lddmc-cachesize=24 --lddmc-maxcachesize=24 --lddmc-tablesize=24 --lddmc-maxtablesize=24 --lace-workers=1 --peak-nodes
