statistics run
pnml2lts-sym spec/PNML/2D8_gradient_30x30_150.pnml -rsc,tg,vacm,mm,hf --graph-metrics --saturation=sat-like --order=chain --next-union --vset=lddmc --lddmc-cachesize=24 --lddmc-maxcachesize=24 --lddmc-tablesize=24 --lddmc-maxtablesize=24 --lace-workers=1 --peak-nodes
ctit044
pnml2lts-sym: Exploration order is chain
pnml2lts-sym: Saturation strategy is sat-like
pnml2lts-sym: Guided search strategy is unguided
pnml2lts-sym: Attractor strategy is default
pnml2lts-sym: opening spec/PNML/2D8_gradient_30x30_150.pnml
pnml2lts-sym: Petri net has 900 places, 6844 transitions and 13688 arcs
pnml2lts-sym: There are 0 safe places
pnml2lts-sym: Petri net spec/PNML/2D8_gradient_30x30_150.pnml analyzed
pnml2lts-sym: Loading Petri net took 0.340 real 0.290 user 0.040 sys
pnml2lts-sym: Initializing regrouping layer
pnml2lts-sym: Regroup specification: sc,tg,vacm,mm,hf
pnml2lts-sym: Regroup Select Combined matrix
pnml2lts-sym: Regroup Total graph
pnml2lts-sym: Regroup ViennaCL's Advanced Cuthill McKee
pnml2lts-sym: bandwidth: 820
pnml2lts-sym: profile: 10281127
pnml2lts-sym: span: 14594224
pnml2lts-sym: average wavefront: 417.232736
pnml2lts-sym: RMS wavefront: 443.0132
pnml2lts-sym: Regroup Matrix Metrics
pnml2lts-sym: Reqroup Horizontal Flip
pnml2lts-sym: Regrouping: 6844->6844 groups
pnml2lts-sym: Regrouping took 107.900 real 107.120 user 0.010 sys
pnml2lts-sym: state vector length is 900; there are 6844 groups and 900 guards
pnml2lts-sym: Creating a multi-core ListDD domain.
pnml2lts-sym: Using GBgetTransitionsShortR2W as next-state function
pnml2lts-sym: got initial state
pnml2lts-sym: vrel_add_act not supported; falling back to vrel_add_cpy
MDD Unique table full, 14836975 of 16777216 buckets filled!
Event Span: 180336
Normalized Event Span: 0.02927723
Weighted Event Span, moment 1 (WES^1): 188592
Normalized Weighted Event Span, moment 1: 0.03061757
Exit [1]
1646.14 user, 11.45 system, 1663.24 elapsed -- Max VSize = 3679284KB, Max RSS = 1023492KB
