statistics run
pnml2lts-sym spec/PNML/shared_memory-pt-100.pnml -rsc,bg,vgps,mm,hf --graph-metrics --saturation=sat-like --order=chain --next-union --vset=lddmc --lddmc-cachesize=24 --lddmc-maxcachesize=24 --lddmc-tablesize=24 --lddmc-maxtablesize=24 --lace-workers=1 --peak-nodes
ctit005
pnml2lts-sym: Exploration order is chain
pnml2lts-sym: Saturation strategy is sat-like
pnml2lts-sym: Guided search strategy is unguided
pnml2lts-sym: Attractor strategy is default
pnml2lts-sym: opening spec/PNML/shared_memory-pt-100.pnml
pnml2lts-sym: Petri net has 10301 places, 20100 transitions and 80000 arcs
pnml2lts-sym: There are 0 safe places
pnml2lts-sym: Petri net spec/PNML/shared_memory-pt-100.pnml analyzed
pnml2lts-sym: Loading Petri net took 4.950 real 4.610 user 0.300 sys
pnml2lts-sym: Initializing regrouping layer
pnml2lts-sym: Regroup specification: sc,bg,vgps,mm,hf
pnml2lts-sym: Regroup Select Combined matrix
pnml2lts-sym: Regroup Bipartite Graph
pnml2lts-sym: Regroup ViennaCL's Gibbs Poole Stockmeyer
pnml2lts-sym: bandwidth: 14900
pnml2lts-sym: profile: 269611620
pnml2lts-sym: span: 284184327
pnml2lts-sym: average wavefront: 6295.46604
pnml2lts-sym: RMS wavefront: 7018.80477
pnml2lts-sym: Regroup Matrix Metrics
pnml2lts-sym: Reqroup Horizontal Flip
pnml2lts-sym: Regrouping: 20100->20100 groups
pnml2lts-sym: Regrouping took 362.900 real 361.400 user 0.570 sys
pnml2lts-sym: state vector length is 10301; there are 20100 groups and 10301 guards
pnml2lts-sym: Creating a multi-core ListDD domain.
llmsset_create: Unable to allocate memory: Cannot allocate memory!
Event Span: 77495606
Normalized Event Span: 0.374284321
Weighted Event Span, moment 1 (WES^1): 127504953
Normalized Weighted Event Span, moment 1: 0.61581691
Exit [1]
366.02 user, 0.99 system, 368.08 elapsed -- Max VSize = 3799860KB, Max RSS = 1134312KB
