statistics run
pnml2lts-sym spec/PNML/10-100_phaseVariation.pnml -rsc,bn,rs,mm,hf --noack=1 --graph-metrics --saturation=sat-like --order=chain --next-union --vset=lddmc --lddmc-cachesize=24 --lddmc-maxcachesize=24 --lddmc-tablesize=24 --lddmc-maxtablesize=24 --lace-workers=1 --peak-nodes
ctit001
pnml2lts-sym: Exploration order is chain
pnml2lts-sym: Saturation strategy is sat-like
pnml2lts-sym: Guided search strategy is unguided
pnml2lts-sym: Attractor strategy is default
pnml2lts-sym: opening spec/PNML/10-100_phaseVariation.pnml
pnml2lts-sym: Petri net has 302 places, 3137 transitions and 21755 arcs
pnml2lts-sym: There are 0 safe places
pnml2lts-sym: Petri net spec/PNML/10-100_phaseVariation.pnml analyzed
pnml2lts-sym: Computing Noack1 order
pnml2lts-sym: Computing Noack1 order took 0.120 real 0.120 user 0.000 sys
pnml2lts-sym: Loading Petri net took 0.330 real 0.300 user 0.020 sys
pnml2lts-sym: Initializing regrouping layer
pnml2lts-sym: Got state vector permutation from language front-end; permuting columns
pnml2lts-sym: Regroup specification: sc,bn,rs,mm,hf
pnml2lts-sym: Regroup Select Combined matrix
pnml2lts-sym: Regroup Boost's None
pnml2lts-sym: bandwidth: 3438
pnml2lts-sym: profile: 6610655
pnml2lts-sym: span: 1116627
pnml2lts-sym: average wavefront: 281.05961
pnml2lts-sym: RMS wavefront: 287.9492
pnml2lts-sym: Regroup Row Sort
pnml2lts-sym: Regroup Matrix Metrics
pnml2lts-sym: Reqroup Horizontal Flip
pnml2lts-sym: Regrouping: 3137->3137 groups
pnml2lts-sym: Regrouping took 0.360 real 0.350 user 0.000 sys
pnml2lts-sym: state vector length is 302; there are 3137 groups and 302 guards
pnml2lts-sym: Creating a multi-core ListDD domain.
pnml2lts-sym: Using GBgetTransitionsShortR2W as next-state function
pnml2lts-sym: got initial state
pnml2lts-sym: vrel_add_act not supported; falling back to vrel_add_cpy
Killed [24]
1776.80 user, 21.15 system, 1801.20 elapsed -- Max VSize = 3675712KB, Max RSS = 1014136KB
command-2: line 5: 48650 CPU time limit exceeded memtime -c1800 -m4000000 pnml2lts-sym spec/PNML/10-100_phaseVariation.pnml -rsc,bn,rs,mm,hf --noack=1 --graph-metrics --saturation=sat-like --order=chain --next-union --vset=lddmc --lddmc-cachesize=24 --lddmc-maxcachesize=24 --lddmc-tablesize=24 --lddmc-maxtablesize=24 --lace-workers=1 --peak-nodes
