performance run
pnml2lts-sym spec/PNML/TokenRing-20-unfolded.pnml -rrs,hf --noack=1 --saturation=sat-like --order=chain --next-union --vset=lddmc --lddmc-cachesize=24 --lddmc-maxcachesize=24 --lddmc-tablesize=24 --lddmc-maxtablesize=24 --lace-workers=1 --peak-nodes
ctit012
pnml2lts-sym: Exploration order is chain
pnml2lts-sym: Saturation strategy is sat-like
pnml2lts-sym: Guided search strategy is unguided
pnml2lts-sym: Attractor strategy is default
pnml2lts-sym: opening spec/PNML/TokenRing-20-unfolded.pnml
pnml2lts-sym: Petri net has 441 places, 8421 transitions and 33684 arcs
pnml2lts-sym: There are 0 safe places
pnml2lts-sym: Petri net spec/PNML/TokenRing-20-unfolded.pnml analyzed
pnml2lts-sym: Computing Noack1 order
pnml2lts-sym: Computing Noack1 order took 0.250 real 0.250 user 0.000 sys
pnml2lts-sym: Loading Petri net took 0.800 real 0.750 user 0.050 sys
pnml2lts-sym: Initializing regrouping layer
pnml2lts-sym: Got state vector permutation from language front-end; permuting columns
pnml2lts-sym: Regroup specification: rs,hf
pnml2lts-sym: Regroup Row Sort
pnml2lts-sym: Reqroup Horizontal Flip
pnml2lts-sym: Regrouping: 8421->8421 groups
pnml2lts-sym: Regrouping took 0.420 real 0.410 user 0.000 sys
pnml2lts-sym: state vector length is 441; there are 8421 groups and 441 guards
pnml2lts-sym: Creating a multi-core ListDD domain.
pnml2lts-sym: Using GBgetTransitionsShortR2W as next-state function
pnml2lts-sym: got initial state
pnml2lts-sym: vrel_add_act not supported; falling back to vrel_add_cpy
pnml2lts-sym: Exploration took 459424 group checks and 459424 next state calls
pnml2lts-sym: reachability took 1452.880 real 1448.160 user 0.430 sys
pnml2lts-sym: counting visited states...
pnml2lts-sym: counting took 0.000 real 0.000 user 0.000 sys
pnml2lts-sym: state space has 24466267459 states, 53221 nodes
pnml2lts-sym: ( 53221 final BDD nodes; 77677 peak nodes )
pnml2lts-sym: group_next: 11880 nodes total
pnml2lts-sym: group_explored: 67402 nodes, 43873 short vectors total
pnml2lts-sym: max token count: 1
Exit [0]
1450.77 user, 0.56 system, 1455.73 elapsed -- Max VSize = 3744284KB, Max RSS = 944668KB
