statistics run
pnml2lts-sym spec/PNML/lamport_fmea-4.pnml -rsc,bn,rs,mm,hf --noack=1 --graph-metrics --saturation=sat-like --order=chain --next-union --vset=lddmc --lddmc-cachesize=24 --lddmc-maxcachesize=24 --lddmc-tablesize=24 --lddmc-maxtablesize=24 --lace-workers=1 --peak-nodes
ctit016
pnml2lts-sym: Exploration order is chain
pnml2lts-sym: Saturation strategy is sat-like
pnml2lts-sym: Guided search strategy is unguided
pnml2lts-sym: Attractor strategy is default
pnml2lts-sym: opening spec/PNML/lamport_fmea-4.pnml
pnml2lts-sym: Petri net has 135 places, 230 transitions and 990 arcs
pnml2lts-sym: There are 0 safe places
pnml2lts-sym: Petri net spec/PNML/lamport_fmea-4.pnml analyzed
pnml2lts-sym: Computing Noack1 order
pnml2lts-sym: Computing Noack1 order took 0.000 real 0.000 user 0.000 sys
pnml2lts-sym: Loading Petri net took 0.010 real 0.010 user 0.000 sys
pnml2lts-sym: Initializing regrouping layer
pnml2lts-sym: Got state vector permutation from language front-end; permuting columns
pnml2lts-sym: Regroup specification: sc,bn,rs,mm,hf
pnml2lts-sym: Regroup Select Combined matrix
pnml2lts-sym: Regroup Boost's None
pnml2lts-sym: bandwidth: 356
pnml2lts-sym: profile: 73870
pnml2lts-sym: span: 14834
pnml2lts-sym: average wavefront: 74.2027
pnml2lts-sym: RMS wavefront: 84.7802
pnml2lts-sym: Regroup Row Sort
pnml2lts-sym: Regroup Matrix Metrics
pnml2lts-sym: Reqroup Horizontal Flip
pnml2lts-sym: Regrouping: 230->230 groups
pnml2lts-sym: Regrouping took 0.010 real 0.010 user 0.000 sys
pnml2lts-sym: state vector length is 135; there are 230 groups and 130 guards
pnml2lts-sym: Creating a multi-core ListDD domain.
pnml2lts-sym: Using GBgetTransitionsShortR2W as next-state function
pnml2lts-sym: got initial state
pnml2lts-sym: vrel_add_act not supported; falling back to vrel_add_cpy
pnml2lts-sym: Exploration took 59221 group checks and 59221 next state calls
pnml2lts-sym: reachability took 37.800 real 37.380 user 0.250 sys
pnml2lts-sym: counting visited states...
pnml2lts-sym: counting took 0.000 real 0.000 user 0.000 sys
pnml2lts-sym: state space has 1914784 states, 60672 nodes
pnml2lts-sym: ( 60672 final BDD nodes; 65185 peak nodes )
pnml2lts-sym: group_next: 1120 nodes total
pnml2lts-sym: group_explored: 2049 nodes, 1293 short vectors total
pnml2lts-sym: max token count: 1
Event Span: 6746
Normalized Event Span: 0.21726
Weighted Event Span, moment 1 (WES^1): 8690.7
Normalized Weighted Event Span, moment 1: 0.27989
Exit [0]
37.42 user, 0.31 system, 38.04 elapsed -- Max VSize = 3675068KB, Max RSS = 751416KB
