performance run
pnml2lts-sym spec/PNML/rwmutex-r1000w10.pnml -rsc,bg,vcm,hf --saturation=sat-like --order=chain --next-union --vset=lddmc --lddmc-cachesize=24 --lddmc-maxcachesize=24 --lddmc-tablesize=24 --lddmc-maxtablesize=24 --lace-workers=1 --peak-nodes
ctit027
pnml2lts-sym: Exploration order is chain
pnml2lts-sym: Saturation strategy is sat-like
pnml2lts-sym: Guided search strategy is unguided
pnml2lts-sym: Attractor strategy is default
pnml2lts-sym: opening spec/PNML/rwmutex-r1000w10.pnml
pnml2lts-sym: Petri net has 3020 places, 2020 transitions and 26040 arcs
pnml2lts-sym: There are 0 safe places
pnml2lts-sym: Petri net spec/PNML/rwmutex-r1000w10.pnml analyzed
pnml2lts-sym: Loading Petri net took 0.340 real 0.290 user 0.040 sys
pnml2lts-sym: Initializing regrouping layer
pnml2lts-sym: Regroup specification: sc,bg,vcm,hf
pnml2lts-sym: Regroup Select Combined matrix
pnml2lts-sym: Regroup Bipartite Graph
pnml2lts-sym: Regroup ViennaCL's Cuthill McKee
pnml2lts-sym: Reqroup Horizontal Flip
pnml2lts-sym: Regrouping: 2020->2020 groups
pnml2lts-sym: Regrouping took 0.370 real 0.380 user 0.000 sys
pnml2lts-sym: state vector length is 3020; there are 2020 groups and 3020 guards
pnml2lts-sym: Creating a multi-core ListDD domain.
pnml2lts-sym: Using GBgetTransitionsShortR2W as next-state function
pnml2lts-sym: got initial state
pnml2lts-sym: vrel_add_act not supported; falling back to vrel_add_cpy
MDD Unique table full, 15266123 of 16777216 buckets filled!
Exit [1]
70.46 user, 0.55 system, 71.37 elapsed -- Max VSize = 3679484KB, Max RSS = 1014348KB
