performance run
pnml2lts-sym spec/PNML/TokenRing-30-unfolded.pnml -rrs,hf --noack=2 --saturation=sat-like --order=chain --next-union --vset=lddmc --lddmc-cachesize=24 --lddmc-maxcachesize=24 --lddmc-tablesize=24 --lddmc-maxtablesize=24 --lace-workers=1 --peak-nodes
ctit014
pnml2lts-sym: Exploration order is chain
pnml2lts-sym: Saturation strategy is sat-like
pnml2lts-sym: Guided search strategy is unguided
pnml2lts-sym: Attractor strategy is default
pnml2lts-sym: opening spec/PNML/TokenRing-30-unfolded.pnml
pnml2lts-sym: Petri net has 961 places, 27931 transitions and 111724 arcs
pnml2lts-sym: There are 0 safe places
pnml2lts-sym: Petri net spec/PNML/TokenRing-30-unfolded.pnml analyzed
pnml2lts-sym: Computing Noack2 order
pnml2lts-sym: Computing Noack2 order took 2.100 real 2.100 user 0.000 sys
pnml2lts-sym: Loading Petri net took 4.270 real 3.910 user 0.350 sys
pnml2lts-sym: Initializing regrouping layer
pnml2lts-sym: Got state vector permutation from language front-end; permuting columns
pnml2lts-sym: Regroup specification: rs,hf
pnml2lts-sym: Regroup Row Sort
pnml2lts-sym: Reqroup Horizontal Flip
pnml2lts-sym: Regrouping: 27931->27931 groups
pnml2lts-sym: Regrouping took 3.310 real 3.260 user 0.040 sys
pnml2lts-sym: state vector length is 961; there are 27931 groups and 961 guards
pnml2lts-sym: Creating a multi-core ListDD domain.
cache_create: Unable to allocate memory: Cannot allocate memory!
Exit [1]
7.17 user, 0.44 system, 7.81 elapsed -- Max VSize = 2973472KB, Max RSS = 299600KB
