performance run
pnml2lts-sym spec/PNML/neoelection-4.unf.pnml -rsc,bg,bs,hf --saturation=sat-like --order=chain --next-union --vset=lddmc --lddmc-cachesize=24 --lddmc-maxcachesize=24 --lddmc-tablesize=24 --lddmc-maxtablesize=24 --lace-workers=1 --peak-nodes
ctit030
pnml2lts-sym: Exploration order is chain
pnml2lts-sym: Saturation strategy is sat-like
pnml2lts-sym: Guided search strategy is unguided
pnml2lts-sym: Attractor strategy is default
pnml2lts-sym: opening spec/PNML/neoelection-4.unf.pnml
pnml2lts-sym: Petri net has 1830 places, 2340 transitions and 13565 arcs
pnml2lts-sym: There are 0 safe places
pnml2lts-sym: Petri net spec/PNML/neoelection-4.unf.pnml analyzed
pnml2lts-sym: Loading Petri net took 0.210 real 0.180 user 0.020 sys
pnml2lts-sym: Initializing regrouping layer
pnml2lts-sym: Regroup specification: sc,bg,bs,hf
pnml2lts-sym: Regroup Select Combined matrix
pnml2lts-sym: Regroup Bipartite Graph
pnml2lts-sym: Regroup Boost's Sloan
pnml2lts-sym, ** error **: Got invalid permutation from boost. This may happen when the graph representation of the matrix has disconnected sub graphs. This needs to be fixed in boost. A bug report has been filed here: https://svn.boost.org/trac/boost/ticket/11355.
Exit [255]
0.39 user, 0.04 system, 0.50 elapsed -- Max VSize = 2680444KB, Max RSS = 35136KB
