statistics run
pnml2lts-sym spec/PNML/raft_10.pnml -rsc,bg,bs,mm,hf --graph-metrics --saturation=sat-like --order=chain --next-union --vset=lddmc --lddmc-cachesize=24 --lddmc-maxcachesize=24 --lddmc-tablesize=24 --lddmc-maxtablesize=24 --lace-workers=1 --peak-nodes
ctit023
pnml2lts-sym: Exploration order is chain
pnml2lts-sym: Saturation strategy is sat-like
pnml2lts-sym: Guided search strategy is unguided
pnml2lts-sym: Attractor strategy is default
pnml2lts-sym: opening spec/PNML/raft_10.pnml
pnml2lts-sym: Petri net has 508 places, 868 transitions and 3359 arcs
pnml2lts-sym: There are 508 safe places
pnml2lts-sym: Petri net spec/PNML/raft_10.pnml analyzed
pnml2lts-sym: Loading Petri net took 0.050 real 0.030 user 0.010 sys
pnml2lts-sym: Initializing regrouping layer
pnml2lts-sym: Regroup specification: sc,bg,bs,mm,hf
pnml2lts-sym: Regroup Select Combined matrix
pnml2lts-sym: Regroup Bipartite Graph
pnml2lts-sym: Regroup Boost's Sloan
pnml2lts-sym: bandwidth: 1349
pnml2lts-sym: profile: 436661
pnml2lts-sym: span: 364025
pnml2lts-sym: average wavefront: 31.34593
pnml2lts-sym: RMS wavefront: 33.10762
pnml2lts-sym: Regroup Matrix Metrics
pnml2lts-sym: Reqroup Horizontal Flip
pnml2lts-sym: Regrouping: 868->868 groups
pnml2lts-sym: Regrouping took 0.150 real 0.150 user 0.000 sys
pnml2lts-sym: state vector length is 508; there are 868 groups and 508 guards
pnml2lts-sym: Creating a multi-core ListDD domain.
pnml2lts-sym: Using GBgetTransitionsShortR2W as next-state function
pnml2lts-sym: got initial state
pnml2lts-sym: vrel_add_act not supported; falling back to vrel_add_cpy
Killed [24]
1793.15 user, 4.01 system, 1802.09 elapsed -- Max VSize = 3675076KB, Max RSS = 976956KB
command-4982: line 5: 58138 CPU time limit exceeded memtime -c1800 -m4000000 pnml2lts-sym spec/PNML/raft_10.pnml -rsc,bg,bs,mm,hf --graph-metrics --saturation=sat-like --order=chain --next-union --vset=lddmc --lddmc-cachesize=24 --lddmc-maxcachesize=24 --lddmc-tablesize=24 --lddmc-maxtablesize=24 --lace-workers=1 --peak-nodes
