statistics run
pnml2lts-sym spec/PNML/closed_system4.pnml -rsc,bg,vacm,mm,hf --graph-metrics --saturation=sat-like --order=chain --next-union --vset=lddmc --lddmc-cachesize=24 --lddmc-maxcachesize=24 --lddmc-tablesize=24 --lddmc-maxtablesize=24 --lace-workers=1 --peak-nodes
ctit031
pnml2lts-sym: Exploration order is chain
pnml2lts-sym: Saturation strategy is sat-like
pnml2lts-sym: Guided search strategy is unguided
pnml2lts-sym: Attractor strategy is default
pnml2lts-sym: opening spec/PNML/closed_system4.pnml
pnml2lts-sym: Petri net has 231 places, 202 transitions and 846 arcs
pnml2lts-sym: There are 0 safe places
pnml2lts-sym: Petri net spec/PNML/closed_system4.pnml analyzed
pnml2lts-sym: Loading Petri net took 0.040 real 0.000 user 0.010 sys
pnml2lts-sym: Initializing regrouping layer
pnml2lts-sym: Regroup specification: sc,bg,vacm,mm,hf
pnml2lts-sym: Regroup Select Combined matrix
pnml2lts-sym: Regroup Bipartite Graph
pnml2lts-sym: Regroup ViennaCL's Advanced Cuthill McKee
pnml2lts-sym: bandwidth: 55
pnml2lts-sym: profile: 13498
pnml2lts-sym: span: 19955
pnml2lts-sym: average wavefront: 27.03
pnml2lts-sym: RMS wavefront: 29.3632
pnml2lts-sym: Regroup Matrix Metrics
pnml2lts-sym: Reqroup Horizontal Flip
pnml2lts-sym: Regrouping: 202->202 groups
pnml2lts-sym: Regrouping took 0.030 real 0.020 user 0.000 sys
pnml2lts-sym: state vector length is 231; there are 202 groups and 231 guards
pnml2lts-sym: Creating a multi-core ListDD domain.
pnml2lts-sym: Using GBgetTransitionsShortR2W as next-state function
pnml2lts-sym: got initial state
pnml2lts-sym: vrel_add_act not supported; falling back to vrel_add_cpy
pnml2lts-sym: Exploration took 19664 group checks and 19664 next state calls
pnml2lts-sym: reachability took 11.520 real 9.380 user 1.770 sys
pnml2lts-sym: counting visited states...
pnml2lts-sym: counting took 0.000 real 0.000 user 0.000 sys
pnml2lts-sym: state space has 2409739 states, 34752 nodes
pnml2lts-sym: ( 34752 final BDD nodes; 38031 peak nodes )
pnml2lts-sym: group_next: 1446 nodes total
pnml2lts-sym: group_explored: 2004 nodes, 1053 short vectors total
pnml2lts-sym: max token count: 1
Event Span: 5264
Normalized Event Span: 0.11281
Weighted Event Span, moment 1 (WES^1): 6617.4
Normalized Weighted Event Span, moment 1: 0.14182
Exit [0]
9.43 user, 1.94 system, 12.04 elapsed -- Max VSize = 3675068KB, Max RSS = 737520KB
