performance run
pnml2lts-sym spec/PNML/PolyORB-LF-S04-J04-T08-unfolded.pnml -rrs,hf --noack=2 --saturation=sat-like --order=chain --next-union --vset=lddmc --lddmc-cachesize=24 --lddmc-maxcachesize=24 --lddmc-tablesize=24 --lddmc-maxtablesize=24 --lace-workers=1 --peak-nodes
ctit033
pnml2lts-sym: Exploration order is chain
pnml2lts-sym: Saturation strategy is sat-like
pnml2lts-sym: Guided search strategy is unguided
pnml2lts-sym: Attractor strategy is default
pnml2lts-sym: opening spec/PNML/PolyORB-LF-S04-J04-T08-unfolded.pnml
pnml2lts-sym: Petri net has 712 places, 4012 transitions and 27744 arcs
pnml2lts-sym: There are 0 safe places
pnml2lts-sym: Petri net spec/PNML/PolyORB-LF-S04-J04-T08-unfolded.pnml analyzed
pnml2lts-sym: Computing Noack2 order
pnml2lts-sym: Computing Noack2 order took 1.250 real 1.240 user 0.010 sys
pnml2lts-sym: Loading Petri net took 1.680 real 1.600 user 0.070 sys
pnml2lts-sym: Initializing regrouping layer
pnml2lts-sym: Got state vector permutation from language front-end; permuting columns
pnml2lts-sym: Regroup specification: rs,hf
pnml2lts-sym: Regroup Row Sort
pnml2lts-sym: Reqroup Horizontal Flip
pnml2lts-sym: Regrouping: 4012->4012 groups
pnml2lts-sym: Regrouping took 0.230 real 0.230 user 0.000 sys
pnml2lts-sym: state vector length is 712; there are 4012 groups and 731 guards
pnml2lts-sym: Creating a multi-core ListDD domain.
pnml2lts-sym: Using GBgetTransitionsShortR2W as next-state function
pnml2lts-sym: got initial state
pnml2lts-sym: vrel_add_act not supported; falling back to vrel_add_cpy
Killed [24]
1795.99 user, 0.59 system, 1851.26 elapsed -- Max VSize = 3743140KB, Max RSS = 858848KB
command-13033: line 5: 24116 CPU time limit exceeded memtime -c1800 -m4000000 pnml2lts-sym spec/PNML/PolyORB-LF-S04-J04-T08-unfolded.pnml -rrs,hf --noack=2 --saturation=sat-like --order=chain --next-union --vset=lddmc --lddmc-cachesize=24 --lddmc-maxcachesize=24 --lddmc-tablesize=24 --lddmc-maxtablesize=24 --lace-workers=1 --peak-nodes
