statistics run
pnml2lts-sym spec/PNML/echo-d2r11.pnml -rsc,tg,vacm,mm,hf --graph-metrics --saturation=sat-like --order=chain --next-union --vset=lddmc --lddmc-cachesize=24 --lddmc-maxcachesize=24 --lddmc-tablesize=24 --lddmc-maxtablesize=24 --lace-workers=1 --peak-nodes
ctit012
pnml2lts-sym: Exploration order is chain
pnml2lts-sym: Saturation strategy is sat-like
pnml2lts-sym: Guided search strategy is unguided
pnml2lts-sym: Attractor strategy is default
pnml2lts-sym: opening spec/PNML/echo-d2r11.pnml
pnml2lts-sym: Petri net has 1119 places, 874 transitions and 4996 arcs
pnml2lts-sym: There are 0 safe places
pnml2lts-sym: Petri net spec/PNML/echo-d2r11.pnml analyzed
pnml2lts-sym: Loading Petri net took 0.070 real 0.050 user 0.010 sys
pnml2lts-sym: Initializing regrouping layer
pnml2lts-sym: Regroup specification: sc,tg,vacm,mm,hf
pnml2lts-sym: Regroup Select Combined matrix
pnml2lts-sym: Regroup Total graph
pnml2lts-sym: Regroup ViennaCL's Advanced Cuthill McKee
pnml2lts-sym: bandwidth: 705
pnml2lts-sym: profile: 3365920
pnml2lts-sym: span: 5381485
pnml2lts-sym: average wavefront: 458.08528
pnml2lts-sym: RMS wavefront: 485.15175
pnml2lts-sym: Regroup Matrix Metrics
pnml2lts-sym: Reqroup Horizontal Flip
pnml2lts-sym: Regrouping: 874->874 groups
pnml2lts-sym: Regrouping took 2.070 real 2.060 user 0.010 sys
pnml2lts-sym: state vector length is 1119; there are 874 groups and 998 guards
pnml2lts-sym: Creating a multi-core ListDD domain.
pnml2lts-sym: Using GBgetTransitionsShortR2W as next-state function
pnml2lts-sym: got initial state
pnml2lts-sym: vrel_add_act not supported; falling back to vrel_add_cpy
Killed [24]
1796.94 user, 0.78 system, 1802.16 elapsed -- Max VSize = 3675092KB, Max RSS = 976996KB
command-4062: line 5: 52281 CPU time limit exceeded memtime -c1800 -m4000000 pnml2lts-sym spec/PNML/echo-d2r11.pnml -rsc,tg,vacm,mm,hf --graph-metrics --saturation=sat-like --order=chain --next-union --vset=lddmc --lddmc-cachesize=24 --lddmc-maxcachesize=24 --lddmc-tablesize=24 --lddmc-maxtablesize=24 --lace-workers=1 --peak-nodes
