performance run
pnml2lts-sym spec/PNML/neoelection-3.unf.pnml --saturation=sat-like --order=chain --next-union --vset=lddmc --lddmc-cachesize=24 --lddmc-maxcachesize=24 --lddmc-tablesize=24 --lddmc-maxtablesize=24 --lace-workers=1
ctit015
pnml2lts-sym: Exploration order is chain
pnml2lts-sym: Saturation strategy is sat-like
pnml2lts-sym: Guided search strategy is unguided
pnml2lts-sym: Attractor strategy is default
pnml2lts-sym: opening spec/PNML/neoelection-3.unf.pnml
pnml2lts-sym: Petri net has 972 places, 1016 transitions and 5840 arcs
pnml2lts-sym: There are 0 safe places
pnml2lts-sym: Petri net spec/PNML/neoelection-3.unf.pnml analyzed
pnml2lts-sym: Loading Petri net took 0.090 real 0.070 user 0.020 sys
pnml2lts-sym: state vector length is 972; there are 1016 groups and 356 guards
pnml2lts-sym: Creating a multi-core ListDD domain.
pnml2lts-sym: Using GBgetTransitionsShortR2W as next-state function
pnml2lts-sym: got initial state
pnml2lts-sym: vrel_add_act not supported; falling back to vrel_add_cpy
pnml2lts-sym: Exploration took 17632 group checks and 17632 next state calls
pnml2lts-sym: reachability took 13.020 real 12.820 user 0.180 sys
pnml2lts-sym: counting visited states...
pnml2lts-sym: counting took 0.030 real 0.030 user 0.000 sys
pnml2lts-sym: state space has 974325 states, 109875 nodes
pnml2lts-sym: group_next: 508 nodes total
pnml2lts-sym: group_explored: 8550 nodes, 4503 short vectors total
pnml2lts-sym: max token count: 1
Exit [0]
13.54 user, 0.28 system, 14.01 elapsed -- Max VSize = 3675088KB, Max RSS = 757992KB
