performance run
pnml2lts-sym spec/PNML/UtahNoC.pnml -rsc,bg,vgps,hf --saturation=sat-like --order=chain --next-union --vset=lddmc --lddmc-cachesize=24 --lddmc-maxcachesize=24 --lddmc-tablesize=24 --lddmc-maxtablesize=24 --lace-workers=1 --peak-nodes
ctit037
pnml2lts-sym: Exploration order is chain
pnml2lts-sym: Saturation strategy is sat-like
pnml2lts-sym: Guided search strategy is unguided
pnml2lts-sym: Attractor strategy is default
pnml2lts-sym: opening spec/PNML/UtahNoC.pnml
pnml2lts-sym: Petri net has 216 places, 977 transitions and 2905 arcs
pnml2lts-sym: There are 216 safe places
pnml2lts-sym: Petri net spec/PNML/UtahNoC.pnml analyzed
pnml2lts-sym: Loading Petri net took 0.020 real 0.010 user 0.010 sys
pnml2lts-sym: Initializing regrouping layer
pnml2lts-sym: Regroup specification: sc,bg,vgps,hf
pnml2lts-sym: Regroup Select Combined matrix
pnml2lts-sym: Regroup Bipartite Graph
pnml2lts-sym: Regroup ViennaCL's Gibbs Poole Stockmeyer
pnml2lts-sym: Reqroup Horizontal Flip
pnml2lts-sym: Regrouping: 977->977 groups
pnml2lts-sym: Regrouping took 0.080 real 0.080 user 0.000 sys
pnml2lts-sym: state vector length is 216; there are 977 groups and 216 guards
pnml2lts-sym: Creating a multi-core ListDD domain.
pnml2lts-sym: Using GBgetTransitionsShortR2W as next-state function
pnml2lts-sym: got initial state
pnml2lts-sym: vrel_add_act not supported; falling back to vrel_add_cpy
Killed [24]
1796.27 user, 0.71 system, 1823.60 elapsed -- Max VSize = 3675072KB, Max RSS = 969812KB
command-14300: line 5: 62806 CPU time limit exceeded memtime -c1800 -m4000000 pnml2lts-sym spec/PNML/UtahNoC.pnml -rsc,bg,vgps,hf --saturation=sat-like --order=chain --next-union --vset=lddmc --lddmc-cachesize=24 --lddmc-maxcachesize=24 --lddmc-tablesize=24 --lddmc-maxtablesize=24 --lace-workers=1 --peak-nodes
