performance run
pnml2lts-sym spec/PNML/10-100_phaseVariation.pnml --saturation=sat-like --order=chain --next-union --vset=lddmc --lddmc-cachesize=24 --lddmc-maxcachesize=24 --lddmc-tablesize=24 --lddmc-maxtablesize=24 --lace-workers=1
ctit018
pnml2lts-sym: Exploration order is chain
pnml2lts-sym: Saturation strategy is sat-like
pnml2lts-sym: Guided search strategy is unguided
pnml2lts-sym: Attractor strategy is default
pnml2lts-sym: opening spec/PNML/10-100_phaseVariation.pnml
pnml2lts-sym: Petri net has 302 places, 3137 transitions and 21755 arcs
pnml2lts-sym: There are 0 safe places
pnml2lts-sym: Petri net spec/PNML/10-100_phaseVariation.pnml analyzed
pnml2lts-sym: Loading Petri net took 0.240 real 0.210 user 0.030 sys
pnml2lts-sym: state vector length is 302; there are 3137 groups and 302 guards
pnml2lts-sym: Creating a multi-core ListDD domain.
pnml2lts-sym: Using GBgetTransitionsShortR2W as next-state function
pnml2lts-sym: got initial state
pnml2lts-sym: vrel_add_act not supported; falling back to vrel_add_cpy
MDD Unique table full, 15250852 of 16777216 buckets filled!
Exit [1]
265.86 user, 0.74 system, 267.05 elapsed -- Max VSize = 3675644KB, Max RSS = 1012980KB
