statistics run
pnml2lts-sym spec/PNML/PolyORB-LF-S06-J06-T06-unfolded.pnml -rsc,tg,bcm,mm,hf --graph-metrics --saturation=sat-like --order=chain --next-union --vset=lddmc --lddmc-cachesize=24 --lddmc-maxcachesize=24 --lddmc-tablesize=24 --lddmc-maxtablesize=24 --lace-workers=1 --peak-nodes
ctit007
pnml2lts-sym: Exploration order is chain
pnml2lts-sym: Saturation strategy is sat-like
pnml2lts-sym: Guided search strategy is unguided
pnml2lts-sym: Attractor strategy is default
pnml2lts-sym: opening spec/PNML/PolyORB-LF-S06-J06-T06-unfolded.pnml
pnml2lts-sym: Petri net has 700 places, 10740 transitions and 89778 arcs
pnml2lts-sym: There are 0 safe places
pnml2lts-sym: Petri net spec/PNML/PolyORB-LF-S06-J06-T06-unfolded.pnml analyzed
pnml2lts-sym: Loading Petri net took 1.430 real 1.230 user 0.190 sys
pnml2lts-sym: Initializing regrouping layer
pnml2lts-sym: Regroup specification: sc,tg,bcm,mm,hf
pnml2lts-sym: Regroup Select Combined matrix
pnml2lts-sym: Regroup Total graph
pnml2lts-sym: Regroup Boost's Cuthill McKee
pnml2lts-sym: bandwidth: 75189
pnml2lts-sym: profile: 4667969034
pnml2lts-sym: span: 5625554784
pnml2lts-sym: average wavefront: 18626.229358
pnml2lts-sym: RMS wavefront: 20736.699183
pnml2lts-sym: Regroup Matrix Metrics
pnml2lts-sym: Reqroup Horizontal Flip
pnml2lts-sym: Regrouping: 10740->10740 groups
pnml2lts-sym: Regrouping took 1164.070 real 1161.310 user 0.290 sys
pnml2lts-sym: state vector length is 700; there are 10740 groups and 725 guards
pnml2lts-sym: Creating a multi-core ListDD domain.
cache_create: Unable to allocate memory: Cannot allocate memory!
Event Span: 2688474
Normalized Event Span: 0.3576049
Weighted Event Span, moment 1 (WES^1): 2445339
Normalized Weighted Event Span, moment 1: 0.3252646
Exit [1]
1162.55 user, 0.54 system, 1165.63 elapsed -- Max VSize = 2892488KB, Max RSS = 213744KB
