performance run
pnml2lts-sym spec/PNML/sg-8-4-8.pnml -rsc,tg,bs,hf --saturation=sat-like --order=chain --next-union --vset=lddmc --lddmc-cachesize=24 --lddmc-maxcachesize=24 --lddmc-tablesize=24 --lddmc-maxtablesize=24 --lace-workers=1 --peak-nodes
ctit033
pnml2lts-sym: Exploration order is chain
pnml2lts-sym: Saturation strategy is sat-like
pnml2lts-sym: Guided search strategy is unguided
pnml2lts-sym: Attractor strategy is default
pnml2lts-sym: opening spec/PNML/sg-8-4-8.pnml
pnml2lts-sym: Petri net has 896 places, 1056 transitions and 4224 arcs
pnml2lts-sym: There are 0 safe places
pnml2lts-sym: Petri net spec/PNML/sg-8-4-8.pnml analyzed
pnml2lts-sym: Loading Petri net took 0.060 real 0.050 user 0.000 sys
pnml2lts-sym: Initializing regrouping layer
pnml2lts-sym: Regroup specification: sc,tg,bs,hf
pnml2lts-sym: Regroup Select Combined matrix
pnml2lts-sym: Regroup Total graph
pnml2lts-sym: Regroup Boost's Sloan
pnml2lts-sym: Reqroup Horizontal Flip
pnml2lts-sym: Regrouping: 1056->1056 groups
pnml2lts-sym: Regrouping took 0.190 real 0.180 user 0.000 sys
pnml2lts-sym: state vector length is 896; there are 1056 groups and 896 guards
pnml2lts-sym: Creating a multi-core ListDD domain.
pnml2lts-sym: Using GBgetTransitionsShortR2W as next-state function
pnml2lts-sym: got initial state
pnml2lts-sym: vrel_add_act not supported; falling back to vrel_add_cpy
Killed [24]
1794.24 user, 2.94 system, 1805.22 elapsed -- Max VSize = 3675088KB, Max RSS = 982732KB
command-10733: line 5: 16575 CPU time limit exceeded memtime -c1800 -m4000000 pnml2lts-sym spec/PNML/sg-8-4-8.pnml -rsc,tg,bs,hf --saturation=sat-like --order=chain --next-union --vset=lddmc --lddmc-cachesize=24 --lddmc-maxcachesize=24 --lddmc-tablesize=24 --lddmc-maxtablesize=24 --lace-workers=1 --peak-nodes
