performance run
pnml2lts-sym spec/PNML/galloc_res-3.pnml -rsc,tg,bk,hf --saturation=sat-like --order=chain --next-union --vset=lddmc --lddmc-cachesize=24 --lddmc-maxcachesize=24 --lddmc-tablesize=24 --lddmc-maxtablesize=24 --lace-workers=1 --peak-nodes
ctit008
pnml2lts-sym: Exploration order is chain
pnml2lts-sym: Saturation strategy is sat-like
pnml2lts-sym: Guided search strategy is unguided
pnml2lts-sym: Attractor strategy is default
pnml2lts-sym: opening spec/PNML/galloc_res-3.pnml
pnml2lts-sym: Petri net has 33 places, 4791 transitions and 38652 arcs
pnml2lts-sym: There are 0 safe places
pnml2lts-sym: Petri net spec/PNML/galloc_res-3.pnml analyzed
pnml2lts-sym: Loading Petri net took 0.420 real 0.350 user 0.060 sys
pnml2lts-sym: Initializing regrouping layer
pnml2lts-sym: Regroup specification: sc,tg,bk,hf
pnml2lts-sym: Regroup Select Combined matrix
pnml2lts-sym: Regroup Total graph
pnml2lts-sym: Regroup Boost's King
pnml2lts-sym: Reqroup Horizontal Flip
pnml2lts-sym: Regrouping: 4791->4791 groups
pnml2lts-sym: Regrouping took 0.230 real 0.230 user 0.000 sys
pnml2lts-sym: state vector length is 33; there are 4791 groups and 72 guards
pnml2lts-sym: Creating a multi-core ListDD domain.
pnml2lts-sym: Using GBgetTransitionsShortR2W as next-state function
pnml2lts-sym: got initial state
pnml2lts-sym: vrel_add_act not supported; falling back to vrel_add_cpy
pnml2lts-sym: Exploration took 15805 group checks and 15805 next state calls
pnml2lts-sym: reachability took 0.940 real 0.770 user 0.160 sys
pnml2lts-sym: counting visited states...
pnml2lts-sym: counting took 0.000 real 0.000 user 0.000 sys
pnml2lts-sym: state space has 6320 states, 3662 nodes
pnml2lts-sym: ( 3662 final BDD nodes; 3773 peak nodes )
pnml2lts-sym: group_next: 32060 nodes total
pnml2lts-sym: group_explored: 232640 nodes, 589266 short vectors total
pnml2lts-sym: max token count: 4
Exit [0]
1.42 user, 0.29 system, 1.80 elapsed -- Max VSize = 3741868KB, Max RSS = 812924KB
