statistics run
pnml2lts-sym spec/PNML/dekker-200.pnml -rsc,f,rs,mm,hf --saturation=sat-like --order=chain --next-union --vset=lddmc --lddmc-cachesize=24 --lddmc-maxcachesize=24 --lddmc-tablesize=24 --lddmc-maxtablesize=24 --lace-workers=1 --peak-nodes
ctit032
pnml2lts-sym: Exploration order is chain
pnml2lts-sym: Saturation strategy is sat-like
pnml2lts-sym: Guided search strategy is unguided
pnml2lts-sym: Attractor strategy is default
pnml2lts-sym: opening spec/PNML/dekker-200.pnml
pnml2lts-sym: Petri net has 1000 places, 40400 transitions and 320400 arcs
pnml2lts-sym: There are 0 safe places
pnml2lts-sym: Petri net spec/PNML/dekker-200.pnml analyzed
pnml2lts-sym: Loading Petri net took 4.180 real 3.570 user 0.590 sys
pnml2lts-sym: Initializing regrouping layer
pnml2lts-sym: Regroup specification: sc,f,rs,mm,hf
pnml2lts-sym: Regroup Select Combined matrix
pnml2lts-sym: Regroup FORCE
pnml2lts-sym: Regroup Row Sort
pnml2lts-sym: Regroup Matrix Metrics
pnml2lts-sym: Reqroup Horizontal Flip
pnml2lts-sym: Regrouping: 40400->40400 groups
pnml2lts-sym: Regrouping took 26.260 real 26.140 user 0.040 sys
pnml2lts-sym: state vector length is 1000; there are 40400 groups and 1000 guards
pnml2lts-sym: Creating a multi-core ListDD domain.
cache_create: Unable to allocate memory: Cannot allocate memory!
Event Span: 16131240
Normalized Event Span: 0.39928812
Weighted Event Span, moment 1 (WES^1): 24170350
Normalized Weighted Event Span, moment 1: 0.59827598
Exit [1]
29.72 user, 0.69 system, 30.73 elapsed -- Max VSize = 3189660KB, Max RSS = 520900KB
