statistics run
pnml2lts-sym spec/PNML/BridgeAndVehicles-V20-P20-N50-unfolded.pnml -rsc,tg,bs,mm,hf --graph-metrics --saturation=sat-like --order=chain --next-union --vset=lddmc --lddmc-cachesize=24 --lddmc-maxcachesize=24 --lddmc-tablesize=24 --lddmc-maxtablesize=24 --lace-workers=1 --peak-nodes
ctit012
pnml2lts-sym: Exploration order is chain
pnml2lts-sym: Saturation strategy is sat-like
pnml2lts-sym: Guided search strategy is unguided
pnml2lts-sym: Attractor strategy is default
pnml2lts-sym: opening spec/PNML/BridgeAndVehicles-V20-P20-N50-unfolded.pnml
pnml2lts-sym: Petri net has 108 places, 2228 transitions and 17190 arcs
pnml2lts-sym: There are 0 safe places
pnml2lts-sym: Petri net spec/PNML/BridgeAndVehicles-V20-P20-N50-unfolded.pnml analyzed
pnml2lts-sym: Loading Petri net took 0.180 real 0.160 user 0.020 sys
pnml2lts-sym: Initializing regrouping layer
pnml2lts-sym: Regroup specification: sc,tg,bs,mm,hf
pnml2lts-sym: Regroup Select Combined matrix
pnml2lts-sym: Regroup Total graph
pnml2lts-sym: Regroup Boost's Sloan
pnml2lts-sym: bandwidth: 15262
pnml2lts-sym: profile: 94357635
pnml2lts-sym: span: 95204546
pnml2lts-sym: average wavefront: 165.797845
pnml2lts-sym: RMS wavefront: 172.192724
pnml2lts-sym: Regroup Matrix Metrics
pnml2lts-sym: Reqroup Horizontal Flip
pnml2lts-sym: Regrouping: 2228->2228 groups
pnml2lts-sym: Regrouping took 76.460 real 76.310 user 0.020 sys
pnml2lts-sym: state vector length is 108; there are 2228 groups and 107 guards
pnml2lts-sym: Creating a multi-core ListDD domain.
pnml2lts-sym: Using GBgetTransitionsShortR2W as next-state function
pnml2lts-sym: got initial state
pnml2lts-sym: vrel_add_act not supported; falling back to vrel_add_cpy
Killed [24]
1796.66 user, 0.80 system, 1801.83 elapsed -- Max VSize = 3675544KB, Max RSS = 1006848KB
command-764: line 5: 43970 CPU time limit exceeded memtime -c1800 -m4000000 pnml2lts-sym spec/PNML/BridgeAndVehicles-V20-P20-N50-unfolded.pnml -rsc,tg,bs,mm,hf --graph-metrics --saturation=sat-like --order=chain --next-union --vset=lddmc --lddmc-cachesize=24 --lddmc-maxcachesize=24 --lddmc-tablesize=24 --lddmc-maxtablesize=24 --lace-workers=1 --peak-nodes
