statistics run
pnml2lts-sym spec/PNML/MultiwaySync.pnml -rsc,bn,rs,mm,hf --noack=1 --graph-metrics --saturation=sat-like --order=chain --next-union --vset=lddmc --lddmc-cachesize=24 --lddmc-maxcachesize=24 --lddmc-tablesize=24 --lddmc-maxtablesize=24 --lace-workers=1 --peak-nodes
ctit019
pnml2lts-sym: Exploration order is chain
pnml2lts-sym: Saturation strategy is sat-like
pnml2lts-sym: Guided search strategy is unguided
pnml2lts-sym: Attractor strategy is default
pnml2lts-sym: opening spec/PNML/MultiwaySync.pnml
pnml2lts-sym: Petri net has 222 places, 472 transitions and 1496 arcs
pnml2lts-sym: There are 222 safe places
pnml2lts-sym: Petri net spec/PNML/MultiwaySync.pnml analyzed
pnml2lts-sym: Computing Noack1 order
pnml2lts-sym: Computing Noack1 order took 0.000 real 0.000 user 0.000 sys
pnml2lts-sym: Loading Petri net took 0.020 real 0.010 user 0.000 sys
pnml2lts-sym: Initializing regrouping layer
pnml2lts-sym: Got state vector permutation from language front-end; permuting columns
pnml2lts-sym: Regroup specification: sc,bn,rs,mm,hf
pnml2lts-sym: Regroup Select Combined matrix
pnml2lts-sym: Regroup Boost's None
pnml2lts-sym: bandwidth: 693
pnml2lts-sym: profile: 269869
pnml2lts-sym: span: 67258
pnml2lts-sym: average wavefront: 134.859
pnml2lts-sym: RMS wavefront: 148.499
pnml2lts-sym: Regroup Row Sort
pnml2lts-sym: Regroup Matrix Metrics
pnml2lts-sym: Reqroup Horizontal Flip
pnml2lts-sym: Regrouping: 472->472 groups
pnml2lts-sym: Regrouping took 0.020 real 0.030 user 0.000 sys
pnml2lts-sym: state vector length is 222; there are 472 groups and 222 guards
pnml2lts-sym: Creating a multi-core ListDD domain.
pnml2lts-sym: Using GBgetTransitionsShortR2W as next-state function
pnml2lts-sym: got initial state
pnml2lts-sym: vrel_add_act not supported; falling back to vrel_add_cpy
pnml2lts-sym: Exploration took 72916 group checks and 72916 next state calls
pnml2lts-sym: reachability took 767.480 real 764.820 user 0.270 sys
pnml2lts-sym: counting visited states...
pnml2lts-sym: counting took 0.000 real 0.010 user 0.000 sys
pnml2lts-sym: state space has 5.25959973093851e+19 states, 203873 nodes
pnml2lts-sym: ( 203873 final BDD nodes; 304551 peak nodes )
pnml2lts-sym: group_next: 2228 nodes total
pnml2lts-sym: group_explored: 1476 nodes, 1476 short vectors total
pnml2lts-sym: max token count: 1
Event Span: 22013
Normalized Event Span: 0.21008
Weighted Event Span, moment 1 (WES^1): 30237.8
Normalized Weighted Event Span, moment 1: 0.288573
Exit [0]
764.91 user, 0.35 system, 767.73 elapsed -- Max VSize = 3675068KB, Max RSS = 795340KB
