statistics run
pnml2lts-sym spec/PNML/PolyORB-LF-S06-J06-T04-unfolded.pnml -rsc,tg,vcm,mm,hf --graph-metrics --saturation=sat-like --order=chain --next-union --vset=lddmc --lddmc-cachesize=24 --lddmc-maxcachesize=24 --lddmc-tablesize=24 --lddmc-maxtablesize=24 --lace-workers=1 --peak-nodes
ctit007
pnml2lts-sym: Exploration order is chain
pnml2lts-sym: Saturation strategy is sat-like
pnml2lts-sym: Guided search strategy is unguided
pnml2lts-sym: Attractor strategy is default
pnml2lts-sym: opening spec/PNML/PolyORB-LF-S06-J06-T04-unfolded.pnml
pnml2lts-sym: Petri net has 506 places, 7154 transitions and 59824 arcs
pnml2lts-sym: There are 0 safe places
pnml2lts-sym: Petri net spec/PNML/PolyORB-LF-S06-J06-T04-unfolded.pnml analyzed
pnml2lts-sym: Loading Petri net took 0.820 real 0.670 user 0.150 sys
pnml2lts-sym: Initializing regrouping layer
pnml2lts-sym: Regroup specification: sc,tg,vcm,mm,hf
pnml2lts-sym: Regroup Select Combined matrix
pnml2lts-sym: Regroup Total graph
pnml2lts-sym: Regroup ViennaCL's Cuthill McKee
pnml2lts-sym: bandwidth: 35376
pnml2lts-sym: profile: 1657588821
pnml2lts-sym: span: 2357637502
pnml2lts-sym: average wavefront: 20493.12899
pnml2lts-sym: RMS wavefront: 22339.43451
pnml2lts-sym: Regroup Matrix Metrics
pnml2lts-sym: Reqroup Horizontal Flip
pnml2lts-sym: Regrouping: 7154->7154 groups
pnml2lts-sym: Regrouping took 766.180 real 764.500 user 0.130 sys
pnml2lts-sym: state vector length is 506; there are 7154 groups and 531 guards
pnml2lts-sym: Creating a multi-core ListDD domain.
cache_create: Unable to allocate memory: Cannot allocate memory!
Event Span: 1224949
Normalized Event Span: 0.3383908
Weighted Event Span, moment 1 (WES^1): 1871820
Normalized Weighted Event Span, moment 1: 0.5170881
Exit [1]
765.17 user, 0.32 system, 767.18 elapsed -- Max VSize = 2823464KB, Max RSS = 143716KB
