statistics run
pnml2lts-sym spec/PNML/shared_memory-pt-100.pnml -rsc,bg,bk,mm,hf --graph-metrics --saturation=sat-like --order=chain --next-union --vset=lddmc --lddmc-cachesize=24 --lddmc-maxcachesize=24 --lddmc-tablesize=24 --lddmc-maxtablesize=24 --lace-workers=1 --peak-nodes
ctit032
pnml2lts-sym: Exploration order is chain
pnml2lts-sym: Saturation strategy is sat-like
pnml2lts-sym: Guided search strategy is unguided
pnml2lts-sym: Attractor strategy is default
pnml2lts-sym: opening spec/PNML/shared_memory-pt-100.pnml
pnml2lts-sym: Petri net has 10301 places, 20100 transitions and 80000 arcs
pnml2lts-sym: There are 0 safe places
pnml2lts-sym: Petri net spec/PNML/shared_memory-pt-100.pnml analyzed
pnml2lts-sym: Loading Petri net took 4.940 real 4.670 user 0.260 sys
pnml2lts-sym: Initializing regrouping layer
pnml2lts-sym: Regroup specification: sc,bg,bk,mm,hf
pnml2lts-sym: Regroup Select Combined matrix
pnml2lts-sym: Regroup Bipartite Graph
pnml2lts-sym: Regroup Boost's King
pnml2lts-sym: bandwidth: 20092
pnml2lts-sym: profile: 534441190
pnml2lts-sym: span: 570833791
pnml2lts-sym: average wavefront: 9965.66669
pnml2lts-sym: RMS wavefront: 11550.203
pnml2lts-sym: Regroup Matrix Metrics
pnml2lts-sym: Reqroup Horizontal Flip
pnml2lts-sym: Regrouping: 20100->20100 groups
pnml2lts-sym: Regrouping took 64.130 real 63.360 user 0.560 sys
pnml2lts-sym: state vector length is 10301; there are 20100 groups and 10301 guards
pnml2lts-sym: Creating a multi-core ListDD domain.
llmsset_create: Unable to allocate memory: Cannot allocate memory!
Event Span: 105903591
Normalized Event Span: 0.511487756
Weighted Event Span, moment 1 (WES^1): 141356108
Normalized Weighted Event Span, moment 1: 0.682714512
Exit [1]
68.03 user, 0.97 system, 69.37 elapsed -- Max VSize = 3799860KB, Max RSS = 1136084KB
