statistics run
pnml2lts-sym spec/PNML/open_system_0.pnml -rsc,tg,bcm,mm,hf --graph-metrics --saturation=sat-like --order=chain --next-union --vset=lddmc --lddmc-cachesize=24 --lddmc-maxcachesize=24 --lddmc-tablesize=24 --lddmc-maxtablesize=24 --lace-workers=1 --peak-nodes
ctit025
pnml2lts-sym: Exploration order is chain
pnml2lts-sym: Saturation strategy is sat-like
pnml2lts-sym: Guided search strategy is unguided
pnml2lts-sym: Attractor strategy is default
pnml2lts-sym: opening spec/PNML/open_system_0.pnml
pnml2lts-sym: Petri net has 198 places, 176 transitions and 730 arcs
pnml2lts-sym: There are 0 safe places
pnml2lts-sym: Petri net spec/PNML/open_system_0.pnml analyzed
pnml2lts-sym: Loading Petri net took 0.010 real 0.000 user 0.000 sys
pnml2lts-sym: Initializing regrouping layer
pnml2lts-sym: Regroup specification: sc,tg,bcm,mm,hf
pnml2lts-sym: Regroup Select Combined matrix
pnml2lts-sym: Regroup Total graph
pnml2lts-sym: Regroup Boost's Cuthill McKee
pnml2lts-sym: bandwidth: 167
pnml2lts-sym: profile: 85976
pnml2lts-sym: span: 131455
pnml2lts-sym: average wavefront: 57.6306
pnml2lts-sym: RMS wavefront: 68.6648
pnml2lts-sym: Regroup Matrix Metrics
pnml2lts-sym: Reqroup Horizontal Flip
pnml2lts-sym: Regrouping: 176->176 groups
pnml2lts-sym: Regrouping took 0.030 real 0.030 user 0.000 sys
pnml2lts-sym: state vector length is 198; there are 176 groups and 198 guards
pnml2lts-sym: Creating a multi-core ListDD domain.
pnml2lts-sym: Using GBgetTransitionsShortR2W as next-state function
pnml2lts-sym: got initial state
pnml2lts-sym: vrel_add_act not supported; falling back to vrel_add_cpy
pnml2lts-sym: Exploration took 22242 group checks and 22242 next state calls
pnml2lts-sym: reachability took 6.270 real 6.060 user 0.200 sys
pnml2lts-sym: counting visited states...
pnml2lts-sym: counting took 0.000 real 0.000 user 0.000 sys
pnml2lts-sym: state space has 2776936 states, 9005 nodes
pnml2lts-sym: ( 9005 final BDD nodes; 22286 peak nodes )
pnml2lts-sym: group_next: 1250 nodes total
pnml2lts-sym: group_explored: 1654 nodes, 911 short vectors total
pnml2lts-sym: max token count: 1
Event Span: 4699
Normalized Event Span: 0.13484
Weighted Event Span, moment 1 (WES^1): 5229.7
Normalized Weighted Event Span, moment 1: 0.15007
Exit [0]
6.12 user, 0.26 system, 6.51 elapsed -- Max VSize = 3675068KB, Max RSS = 739328KB
