performance run
pnml2lts-sym spec/PNML/dekker-200.pnml -rsc,tg,bk,hf --saturation=sat-like --order=chain --next-union --vset=lddmc --lddmc-cachesize=24 --lddmc-maxcachesize=24 --lddmc-tablesize=24 --lddmc-maxtablesize=24 --lace-workers=1 --peak-nodes
ctit008
pnml2lts-sym: Exploration order is chain
pnml2lts-sym: Saturation strategy is sat-like
pnml2lts-sym: Guided search strategy is unguided
pnml2lts-sym: Attractor strategy is default
pnml2lts-sym: opening spec/PNML/dekker-200.pnml
pnml2lts-sym: Petri net has 1000 places, 40400 transitions and 320400 arcs
pnml2lts-sym: There are 0 safe places
pnml2lts-sym: Petri net spec/PNML/dekker-200.pnml analyzed
pnml2lts-sym: Loading Petri net took 4.040 real 3.430 user 0.600 sys
pnml2lts-sym: Initializing regrouping layer
pnml2lts-sym: Regroup specification: sc,tg,bk,hf
pnml2lts-sym: Regroup Select Combined matrix
pnml2lts-sym: Regroup Total graph
pnml2lts-sym: Regroup Boost's King
pnml2lts-sym: Reqroup Horizontal Flip
pnml2lts-sym: Regrouping: 40400->40400 groups
pnml2lts-sym: Regrouping took 5.630 real 5.550 user 0.070 sys
pnml2lts-sym: state vector length is 1000; there are 40400 groups and 1000 guards
pnml2lts-sym: Creating a multi-core ListDD domain.
cache_create: Unable to allocate memory: Cannot allocate memory!
Exit [1]
8.99 user, 0.74 system, 9.91 elapsed -- Max VSize = 3189656KB, Max RSS = 520956KB
