statistics run
pnml2lts-sym spec/PNML/hc4k3p3b12.pnml -rsc,bn,mm --graph-metrics --saturation=sat-like --order=chain --next-union --vset=lddmc --lddmc-cachesize=24 --lddmc-maxcachesize=24 --lddmc-tablesize=24 --lddmc-maxtablesize=24 --lace-workers=1 --peak-nodes
ctit034
pnml2lts-sym: Exploration order is chain
pnml2lts-sym: Saturation strategy is sat-like
pnml2lts-sym: Guided search strategy is unguided
pnml2lts-sym: Attractor strategy is default
pnml2lts-sym: opening spec/PNML/hc4k3p3b12.pnml
pnml2lts-sym: Petri net has 2457 places, 5400 transitions and 21600 arcs
pnml2lts-sym: There are 0 safe places
pnml2lts-sym: Petri net spec/PNML/hc4k3p3b12.pnml analyzed
pnml2lts-sym: Loading Petri net took 0.480 real 0.420 user 0.050 sys
pnml2lts-sym: Initializing regrouping layer
pnml2lts-sym: Regroup specification: sc,bn,mm
pnml2lts-sym: Regroup Select Combined matrix
pnml2lts-sym: Regroup Boost's None
pnml2lts-sym: bandwidth: 6885
pnml2lts-sym: profile: 35798841
pnml2lts-sym: span: 15386112
pnml2lts-sym: average wavefront: 1445.4536
pnml2lts-sym: RMS wavefront: 1570.4809
pnml2lts-sym: Regroup Matrix Metrics
pnml2lts-sym: Regrouping: 5400->5400 groups
pnml2lts-sym: Regrouping took 1.880 real 1.860 user 0.020 sys
pnml2lts-sym: state vector length is 2457; there are 5400 groups and 2457 guards
pnml2lts-sym: Creating a multi-core ListDD domain.
pnml2lts-sym: Using GBgetTransitionsShortR2W as next-state function
pnml2lts-sym: got initial state
pnml2lts-sym: vrel_add_act not supported; falling back to vrel_add_cpy
MDD Unique table full, 15190591 of 16777216 buckets filled!
Event Span: 7983576
Normalized Event Span: 0.60172568
Weighted Event Span, moment 1 (WES^1): 13886483
Normalized Weighted Event Span, moment 1: 1.0466304
Exit [1]
157.03 user, 1.09 system, 158.65 elapsed -- Max VSize = 3753380KB, Max RSS = 1053888KB
