performance run
pnml2lts-sym spec/PNML/5-10_phaseVariation.pnml -rsc,tg,bk,hf --saturation=sat-like --order=chain --next-union --vset=lddmc --lddmc-cachesize=24 --lddmc-maxcachesize=24 --lddmc-tablesize=24 --lddmc-maxtablesize=24 --lace-workers=1 --peak-nodes
ctit021
pnml2lts-sym: Exploration order is chain
pnml2lts-sym: Saturation strategy is sat-like
pnml2lts-sym: Guided search strategy is unguided
pnml2lts-sym: Attractor strategy is default
pnml2lts-sym: opening spec/PNML/5-10_phaseVariation.pnml
pnml2lts-sym: Petri net has 77 places, 677 transitions and 4685 arcs
pnml2lts-sym: There are 0 safe places
pnml2lts-sym: Petri net spec/PNML/5-10_phaseVariation.pnml analyzed
pnml2lts-sym: Loading Petri net took 0.050 real 0.030 user 0.030 sys
pnml2lts-sym: Initializing regrouping layer
pnml2lts-sym: Regroup specification: sc,tg,bk,hf
pnml2lts-sym: Regroup Select Combined matrix
pnml2lts-sym: Regroup Total graph
pnml2lts-sym: Regroup Boost's King
pnml2lts-sym: Reqroup Horizontal Flip
pnml2lts-sym: Regrouping: 677->677 groups
pnml2lts-sym: Regrouping took 0.030 real 0.020 user 0.000 sys
pnml2lts-sym: state vector length is 77; there are 677 groups and 77 guards
pnml2lts-sym: Creating a multi-core ListDD domain.
pnml2lts-sym: Using GBgetTransitionsShortR2W as next-state function
pnml2lts-sym: got initial state
pnml2lts-sym: vrel_add_act not supported; falling back to vrel_add_cpy
pnml2lts-sym: Exploration took 16305 group checks and 16305 next state calls
pnml2lts-sym: reachability took 8.870 real 8.640 user 0.190 sys
pnml2lts-sym: counting visited states...
pnml2lts-sym: counting took 0.000 real 0.000 user 0.000 sys
pnml2lts-sym: state space has 476385615597 states, 8267 nodes
pnml2lts-sym: ( 8267 final BDD nodes; 14783 peak nodes )
pnml2lts-sym: group_next: 27538 nodes total
pnml2lts-sym: group_explored: 38726 nodes, 135869 short vectors total
pnml2lts-sym: max token count: 25
Exit [0]
8.73 user, 0.28 system, 9.21 elapsed -- Max VSize = 3675088KB, Max RSS = 745800KB
