statistics run
pnml2lts-sym spec/PNML/PolyORB-NT-S05-J60-unfolded.pnml -rsc,bg,vgps,mm,hf --graph-metrics --saturation=sat-like --order=chain --next-union --vset=lddmc --lddmc-cachesize=24 --lddmc-maxcachesize=24 --lddmc-tablesize=24 --lddmc-maxtablesize=24 --lace-workers=1 --peak-nodes
ctit006
pnml2lts-sym: Exploration order is chain
pnml2lts-sym: Saturation strategy is sat-like
pnml2lts-sym: Guided search strategy is unguided
pnml2lts-sym: Attractor strategy is default
pnml2lts-sym: opening spec/PNML/PolyORB-NT-S05-J60-unfolded.pnml
pnml2lts-sym: Petri net has 909 places, 1970 transitions and 12584 arcs
pnml2lts-sym: There are 0 safe places
pnml2lts-sym: Petri net spec/PNML/PolyORB-NT-S05-J60-unfolded.pnml analyzed
pnml2lts-sym: Loading Petri net took 0.210 real 0.200 user 0.010 sys
pnml2lts-sym: Initializing regrouping layer
pnml2lts-sym: Regroup specification: sc,bg,vgps,mm,hf
pnml2lts-sym: Regroup Select Combined matrix
pnml2lts-sym: Regroup Bipartite Graph
pnml2lts-sym: Regroup ViennaCL's Gibbs Poole Stockmeyer
pnml2lts-sym: bandwidth: 1655
pnml2lts-sym: profile: 2670737
pnml2lts-sym: span: 3706728
pnml2lts-sym: average wavefront: 652.4387
pnml2lts-sym: RMS wavefront: 782.6465
pnml2lts-sym: Regroup Matrix Metrics
pnml2lts-sym: Reqroup Horizontal Flip
pnml2lts-sym: Regrouping: 1970->1970 groups
pnml2lts-sym: Regrouping took 0.900 real 0.890 user 0.000 sys
pnml2lts-sym: state vector length is 909; there are 1970 groups and 929 guards
pnml2lts-sym: Creating a multi-core ListDD domain.
pnml2lts-sym: Using GBgetTransitionsShortR2W as next-state function
pnml2lts-sym: got initial state
pnml2lts-sym: vrel_add_act not supported; falling back to vrel_add_cpy
Killed [24]
1797.62 user, 0.42 system, 1801.10 elapsed -- Max VSize = 3676412KB, Max RSS = 824068KB
command-2329: line 5: 50078 CPU time limit exceeded memtime -c1800 -m4000000 pnml2lts-sym spec/PNML/PolyORB-NT-S05-J60-unfolded.pnml -rsc,bg,vgps,mm,hf --graph-metrics --saturation=sat-like --order=chain --next-union --vset=lddmc --lddmc-cachesize=24 --lddmc-maxcachesize=24 --lddmc-tablesize=24 --lddmc-maxtablesize=24 --lace-workers=1 --peak-nodes
