performance run
pnml2lts-sym spec/PNML/sg-2-1-2.pnml --saturation=sat-like --order=chain --next-union --vset=lddmc --lddmc-cachesize=24 --lddmc-maxcachesize=24 --lddmc-tablesize=24 --lddmc-maxtablesize=24 --lace-workers=1
ctit016
pnml2lts-sym: Exploration order is chain
pnml2lts-sym: Saturation strategy is sat-like
pnml2lts-sym: Guided search strategy is unguided
pnml2lts-sym: Attractor strategy is default
pnml2lts-sym: opening spec/PNML/sg-2-1-2.pnml
pnml2lts-sym: Petri net has 68 places, 72 transitions and 288 arcs
pnml2lts-sym: There are 0 safe places
pnml2lts-sym: Petri net spec/PNML/sg-2-1-2.pnml analyzed
pnml2lts-sym: Loading Petri net took 0.000 real 0.000 user 0.000 sys
pnml2lts-sym: state vector length is 68; there are 72 groups and 68 guards
pnml2lts-sym: Creating a multi-core ListDD domain.
pnml2lts-sym: Using GBgetTransitionsShortR2W as next-state function
pnml2lts-sym: got initial state
pnml2lts-sym: vrel_add_act not supported; falling back to vrel_add_cpy
pnml2lts-sym: Exploration took 2956 group checks and 2956 next state calls
pnml2lts-sym: reachability took 826.310 real 823.630 user 1.370 sys
pnml2lts-sym: counting visited states...
pnml2lts-sym: counting took 0.120 real 0.110 user 0.000 sys
pnml2lts-sym: state space has 2085423232578 states, 467443 nodes
pnml2lts-sym: group_next: 2816 nodes total
pnml2lts-sym: group_explored: 2560 nodes, 3616 short vectors total
pnml2lts-sym: max token count: 6
Exit [0]
823.75 user, 1.43 system, 826.56 elapsed -- Max VSize = 3675064KB, Max RSS = 968112KB
