performance run
pnml2lts-sym spec/PNML/2D8_gradient_40x40_150.pnml -rsc,bg,vacm,hf --saturation=sat-like --order=chain --next-union --vset=lddmc --lddmc-cachesize=24 --lddmc-maxcachesize=24 --lddmc-tablesize=24 --lddmc-maxtablesize=24 --lace-workers=1 --peak-nodes
ctit016
pnml2lts-sym: Exploration order is chain
pnml2lts-sym: Saturation strategy is sat-like
pnml2lts-sym: Guided search strategy is unguided
pnml2lts-sym: Attractor strategy is default
pnml2lts-sym: opening spec/PNML/2D8_gradient_40x40_150.pnml
pnml2lts-sym: Petri net has 1600 places, 12324 transitions and 24648 arcs
pnml2lts-sym: There are 0 safe places
pnml2lts-sym: Petri net spec/PNML/2D8_gradient_40x40_150.pnml analyzed
pnml2lts-sym: Loading Petri net took 0.760 real 0.650 user 0.100 sys
pnml2lts-sym: Initializing regrouping layer
pnml2lts-sym: Regroup specification: sc,bg,vacm,hf
pnml2lts-sym: Regroup Select Combined matrix
pnml2lts-sym: Regroup Bipartite Graph
pnml2lts-sym: Regroup ViennaCL's Advanced Cuthill McKee
pnml2lts-sym: Reqroup Horizontal Flip
pnml2lts-sym: Regrouping: 12324->12324 groups
pnml2lts-sym: Regrouping took 41.770 real 41.630 user 0.040 sys
pnml2lts-sym: state vector length is 1600; there are 12324 groups and 1600 guards
pnml2lts-sym: Creating a multi-core ListDD domain.
pnml2lts-sym: Using GBgetTransitionsShortR2W as next-state function
pnml2lts-sym: got initial state
pnml2lts-sym: vrel_add_act not supported; falling back to vrel_add_cpy
MDD Unique table full, 14857984 of 16777216 buckets filled!
Exit [1]
1215.78 user, 11.40 system, 1230.21 elapsed -- Max VSize = 3759936KB, Max RSS = 1095312KB
