performance run
pnml2lts-sym spec/PNML/PolyORB-LF-S06-J04-T04-unfolded.pnml -rrs,hf --noack=2 --saturation=sat-like --order=chain --next-union --vset=lddmc --lddmc-cachesize=24 --lddmc-maxcachesize=24 --lddmc-tablesize=24 --lddmc-maxtablesize=24 --lace-workers=1 --peak-nodes
ctit030
pnml2lts-sym: Exploration order is chain
pnml2lts-sym: Saturation strategy is sat-like
pnml2lts-sym: Guided search strategy is unguided
pnml2lts-sym: Attractor strategy is default
pnml2lts-sym: opening spec/PNML/PolyORB-LF-S06-J04-T04-unfolded.pnml
pnml2lts-sym: Petri net has 454 places, 6994 transitions and 59152 arcs
pnml2lts-sym: There are 0 safe places
pnml2lts-sym: Petri net spec/PNML/PolyORB-LF-S06-J04-T04-unfolded.pnml analyzed
pnml2lts-sym: Computing Noack2 order
pnml2lts-sym: Computing Noack2 order took 1.990 real 1.980 user 0.000 sys
pnml2lts-sym: Loading Petri net took 2.850 real 2.720 user 0.120 sys
pnml2lts-sym: Initializing regrouping layer
pnml2lts-sym: Got state vector permutation from language front-end; permuting columns
pnml2lts-sym: Regroup specification: rs,hf
pnml2lts-sym: Regroup Row Sort
pnml2lts-sym: Reqroup Horizontal Flip
pnml2lts-sym: Regrouping: 6994->6994 groups
pnml2lts-sym: Regrouping took 0.270 real 0.270 user 0.000 sys
pnml2lts-sym: state vector length is 454; there are 6994 groups and 479 guards
pnml2lts-sym: Creating a multi-core ListDD domain.
cache_create: Unable to allocate memory: Cannot allocate memory!
Exit [1]
3.00 user, 0.16 system, 3.30 elapsed -- Max VSize = 2823272KB, Max RSS = 141584KB
