statistics run
pnml2lts-sym spec/PNML/rwmutex-r20w10.pnml -rsc,bg,vgps,mm,hf --graph-metrics --saturation=sat-like --order=chain --next-union --vset=lddmc --lddmc-cachesize=24 --lddmc-maxcachesize=24 --lddmc-tablesize=24 --lddmc-maxtablesize=24 --lace-workers=1 --peak-nodes
ctit040
pnml2lts-sym: Exploration order is chain
pnml2lts-sym: Saturation strategy is sat-like
pnml2lts-sym: Guided search strategy is unguided
pnml2lts-sym: Attractor strategy is default
pnml2lts-sym: opening spec/PNML/rwmutex-r20w10.pnml
pnml2lts-sym: Petri net has 80 places, 60 transitions and 560 arcs
pnml2lts-sym: There are 0 safe places
pnml2lts-sym: Petri net spec/PNML/rwmutex-r20w10.pnml analyzed
pnml2lts-sym: Loading Petri net took 0.020 real 0.000 user 0.000 sys
pnml2lts-sym: Initializing regrouping layer
pnml2lts-sym: Regroup specification: sc,bg,vgps,mm,hf
pnml2lts-sym: Regroup Select Combined matrix
pnml2lts-sym: Regroup Bipartite Graph
pnml2lts-sym: Regroup ViennaCL's Gibbs Poole Stockmeyer
pnml2lts-sym: bandwidth: 39
pnml2lts-sym: profile: 3587
pnml2lts-sym: span: 4096
pnml2lts-sym: average wavefront: 19.5
pnml2lts-sym: RMS wavefront: 20.789
pnml2lts-sym: Regroup Matrix Metrics
pnml2lts-sym: Reqroup Horizontal Flip
pnml2lts-sym: Regrouping: 60->60 groups
pnml2lts-sym: Regrouping took 0.000 real 0.000 user 0.000 sys
pnml2lts-sym: state vector length is 80; there are 60 groups and 80 guards
pnml2lts-sym: Creating a multi-core ListDD domain.
pnml2lts-sym: Using GBgetTransitionsShortR2W as next-state function
pnml2lts-sym: got initial state
pnml2lts-sym: vrel_add_act not supported; falling back to vrel_add_cpy
pnml2lts-sym: Exploration took 188 group checks and 188 next state calls
pnml2lts-sym: reachability took 21.500 real 19.420 user 0.280 sys
pnml2lts-sym: counting visited states...
pnml2lts-sym: counting took 0.010 real 0.000 user 0.000 sys
pnml2lts-sym: state space has 1048586 states, 22740 nodes
pnml2lts-sym: ( 22740 final BDD nodes; 22740 peak nodes )
pnml2lts-sym: group_next: 1120 nodes total
pnml2lts-sym: group_explored: 1540 nodes, 20971660 short vectors total
pnml2lts-sym: max token count: 1
Event Span: 1566
Normalized Event Span: 0.3262
Weighted Event Span, moment 1 (WES^1): 2131
Normalized Weighted Event Span, moment 1: 0.4439
Exit [0]
19.44 user, 0.34 system, 21.80 elapsed -- Max VSize = 3675068KB, Max RSS = 733196KB
