statistics run
pnml2lts-sym spec/PNML/railroad-050-pt.pnml -rsc,bg,bcm,mm,hf --graph-metrics --saturation=sat-like --order=chain --next-union --vset=lddmc --lddmc-cachesize=24 --lddmc-maxcachesize=24 --lddmc-tablesize=24 --lddmc-maxtablesize=24 --lace-workers=1 --peak-nodes
ctit040
pnml2lts-sym: Exploration order is chain
pnml2lts-sym: Saturation strategy is sat-like
pnml2lts-sym: Guided search strategy is unguided
pnml2lts-sym: Attractor strategy is default
pnml2lts-sym: opening spec/PNML/railroad-050-pt.pnml
pnml2lts-sym: Petri net has 518 places, 2756 transitions and 16378 arcs
pnml2lts-sym: There are 0 safe places
pnml2lts-sym: Petri net spec/PNML/railroad-050-pt.pnml analyzed
pnml2lts-sym: Loading Petri net took 0.170 real 0.140 user 0.020 sys
pnml2lts-sym: Initializing regrouping layer
pnml2lts-sym: Regroup specification: sc,bg,bcm,mm,hf
pnml2lts-sym: Regroup Select Combined matrix
pnml2lts-sym: Regroup Bipartite Graph
pnml2lts-sym: Regroup Boost's Cuthill McKee
pnml2lts-sym: bandwidth: 2803
pnml2lts-sym: profile: 6508426
pnml2lts-sym: span: 8588655
pnml2lts-sym: average wavefront: 1305.3366
pnml2lts-sym: RMS wavefront: 1572.4622
pnml2lts-sym: Regroup Matrix Metrics
pnml2lts-sym: Reqroup Horizontal Flip
pnml2lts-sym: Regrouping: 2756->2756 groups
pnml2lts-sym: Regrouping took 0.430 real 0.430 user 0.000 sys
pnml2lts-sym: state vector length is 518; there are 2756 groups and 368 guards
pnml2lts-sym: Creating a multi-core ListDD domain.
pnml2lts-sym: Using GBgetTransitionsShortR2W as next-state function
pnml2lts-sym: got initial state
pnml2lts-sym: vrel_add_act not supported; falling back to vrel_add_cpy
slurmd[ctit040]: *** STEP 1648624.0 CANCELLED AT 2016-02-24T10:40:17 DUE TO TIME LIMIT ***
