statistics run
pnml2lts-sym spec/PNML/database4UNFOLD.pnml -rsc,bg,vgps,mm,hf --graph-metrics --saturation=sat-like --order=chain --next-union --vset=lddmc --lddmc-cachesize=24 --lddmc-maxcachesize=24 --lddmc-tablesize=24 --lddmc-maxtablesize=24 --lace-workers=1 --peak-nodes
ctit002
pnml2lts-sym: Exploration order is chain
pnml2lts-sym: Saturation strategy is sat-like
pnml2lts-sym: Guided search strategy is unguided
pnml2lts-sym: Attractor strategy is default
pnml2lts-sym: opening spec/PNML/database4UNFOLD.pnml
pnml2lts-sym: Petri net has 140 places, 128 transitions and 416 arcs
pnml2lts-sym: There are 0 safe places
pnml2lts-sym: Petri net spec/PNML/database4UNFOLD.pnml analyzed
pnml2lts-sym: Loading Petri net took 0.010 real 0.000 user 0.000 sys
pnml2lts-sym: Initializing regrouping layer
pnml2lts-sym: Regroup specification: sc,bg,vgps,mm,hf
pnml2lts-sym: Regroup Select Combined matrix
pnml2lts-sym: Regroup Bipartite Graph
pnml2lts-sym: Regroup ViennaCL's Gibbs Poole Stockmeyer
pnml2lts-sym: bandwidth: 67
pnml2lts-sym: profile: 11677
pnml2lts-sym: span: 16757
pnml2lts-sym: average wavefront: 37.993
pnml2lts-sym: RMS wavefront: 42.079
pnml2lts-sym: Regroup Matrix Metrics
pnml2lts-sym: Reqroup Horizontal Flip
pnml2lts-sym: Regrouping: 128->128 groups
pnml2lts-sym: Regrouping took 0.010 real 0.010 user 0.000 sys
pnml2lts-sym: state vector length is 140; there are 128 groups and 140 guards
pnml2lts-sym: Creating a multi-core ListDD domain.
pnml2lts-sym: Using GBgetTransitionsShortR2W as next-state function
pnml2lts-sym: got initial state
pnml2lts-sym: vrel_add_act not supported; falling back to vrel_add_cpy
pnml2lts-sym: Exploration took 3479 group checks and 3479 next state calls
pnml2lts-sym: reachability took 158.180 real 157.570 user 0.240 sys
pnml2lts-sym: counting visited states...
pnml2lts-sym: counting took 0.040 real 0.040 user 0.000 sys
pnml2lts-sym: state space has 4717886881 states, 875075 nodes
pnml2lts-sym: ( 875075 final BDD nodes; 946839 peak nodes )
pnml2lts-sym: group_next: 832 nodes total
pnml2lts-sym: group_explored: 1323 nodes, 1024 short vectors total
pnml2lts-sym: max token count: 1
Event Span: 4816
Normalized Event Span: 0.26875
Weighted Event Span, moment 1 (WES^1): 6403.9
Normalized Weighted Event Span, moment 1: 0.35736
Exit [0]
157.64 user, 0.32 system, 158.46 elapsed -- Max VSize = 3675068KB, Max RSS = 794160KB
