performance run
pnml2lts-sym spec/PNML/parking_4_16.pnml -rsc,f,rs,hf --saturation=sat-like --order=chain --next-union --vset=lddmc --lddmc-cachesize=24 --lddmc-maxcachesize=24 --lddmc-tablesize=24 --lddmc-maxtablesize=24 --lace-workers=1 --peak-nodes
ctit009
pnml2lts-sym: Exploration order is chain
pnml2lts-sym: Saturation strategy is sat-like
pnml2lts-sym: Guided search strategy is unguided
pnml2lts-sym: Attractor strategy is default
pnml2lts-sym: opening spec/PNML/parking_4_16.pnml
pnml2lts-sym: Petri net has 305 places, 433 transitions and 1289 arcs
pnml2lts-sym: There are 305 safe places
pnml2lts-sym: Petri net spec/PNML/parking_4_16.pnml analyzed
pnml2lts-sym: Loading Petri net took 0.020 real 0.010 user 0.000 sys
pnml2lts-sym: Initializing regrouping layer
pnml2lts-sym: Regroup specification: sc,f,rs,hf
pnml2lts-sym: Regroup Select Combined matrix
pnml2lts-sym: Regroup FORCE
pnml2lts-sym: Regroup Row Sort
pnml2lts-sym: Reqroup Horizontal Flip
pnml2lts-sym: Regrouping: 433->433 groups
pnml2lts-sym: Regrouping took 0.040 real 0.040 user 0.000 sys
pnml2lts-sym: state vector length is 305; there are 433 groups and 305 guards
pnml2lts-sym: Creating a multi-core ListDD domain.
pnml2lts-sym: Using GBgetTransitionsShortR2W as next-state function
pnml2lts-sym: got initial state
pnml2lts-sym: vrel_add_act not supported; falling back to vrel_add_cpy
pnml2lts-sym: Exploration took 17501 group checks and 17501 next state calls
pnml2lts-sym: reachability took 21.830 real 21.420 user 0.290 sys
pnml2lts-sym: counting visited states...
pnml2lts-sym: counting took 0.000 real 0.010 user 0.000 sys
pnml2lts-sym: state space has 8.44047078123232e+21 states, 92457 nodes
pnml2lts-sym: ( 92457 final BDD nodes; 99739 peak nodes )
pnml2lts-sym: group_next: 1838 nodes total
pnml2lts-sym: group_explored: 1240 nodes, 1178 short vectors total
pnml2lts-sym: max token count: 1
Exit [0]
21.54 user, 0.38 system, 22.22 elapsed -- Max VSize = 3675064KB, Max RSS = 743976KB
