statistics run
pnml2lts-sym spec/PNML/BridgeAndVehicles-V80-P20-N10-unfolded.pnml -rsc,bg,bs,mm,hf --graph-metrics --saturation=sat-like --order=chain --next-union --vset=lddmc --lddmc-cachesize=24 --lddmc-maxcachesize=24 --lddmc-tablesize=24 --lddmc-maxtablesize=24 --lace-workers=1 --peak-nodes
ctit032
pnml2lts-sym: Exploration order is chain
pnml2lts-sym: Saturation strategy is sat-like
pnml2lts-sym: Guided search strategy is unguided
pnml2lts-sym: Attractor strategy is default
pnml2lts-sym: opening spec/PNML/BridgeAndVehicles-V80-P20-N10-unfolded.pnml
pnml2lts-sym: Petri net has 188 places, 2108 transitions and 15950 arcs
pnml2lts-sym: There are 0 safe places
pnml2lts-sym: Petri net spec/PNML/BridgeAndVehicles-V80-P20-N10-unfolded.pnml analyzed
pnml2lts-sym: Loading Petri net took 0.180 real 0.150 user 0.020 sys
pnml2lts-sym: Initializing regrouping layer
pnml2lts-sym: Regroup specification: sc,bg,bs,mm,hf
pnml2lts-sym: Regroup Select Combined matrix
pnml2lts-sym: Regroup Bipartite Graph
pnml2lts-sym: Regroup Boost's Sloan
pnml2lts-sym: bandwidth: 2287
pnml2lts-sym: profile: 2404886
pnml2lts-sym: span: 2352780
pnml2lts-sym: average wavefront: 41.86934
pnml2lts-sym: RMS wavefront: 49.14622
pnml2lts-sym: Regroup Matrix Metrics
pnml2lts-sym: Reqroup Horizontal Flip
pnml2lts-sym: Regrouping: 2108->2108 groups
pnml2lts-sym: Regrouping took 0.740 real 0.740 user 0.000 sys
pnml2lts-sym: state vector length is 188; there are 2108 groups and 187 guards
pnml2lts-sym: Creating a multi-core ListDD domain.
pnml2lts-sym: Using GBgetTransitionsShortR2W as next-state function
pnml2lts-sym: got initial state
pnml2lts-sym: vrel_add_act not supported; falling back to vrel_add_cpy
Killed [24]
1794.85 user, 0.37 system, 1801.11 elapsed -- Max VSize = 3675508KB, Max RSS = 825156KB
command-870: line 5: 46882 CPU time limit exceeded memtime -c1800 -m4000000 pnml2lts-sym spec/PNML/BridgeAndVehicles-V80-P20-N10-unfolded.pnml -rsc,bg,bs,mm,hf --graph-metrics --saturation=sat-like --order=chain --next-union --vset=lddmc --lddmc-cachesize=24 --lddmc-maxcachesize=24 --lddmc-tablesize=24 --lddmc-maxtablesize=24 --lace-workers=1 --peak-nodes
