statistics run
pnml2lts-sym spec/PNML/lamport_fmea-2.pnml -rsc,bn,mm --graph-metrics --saturation=sat-like --order=chain --next-union --vset=lddmc --lddmc-cachesize=24 --lddmc-maxcachesize=24 --lddmc-tablesize=24 --lddmc-maxtablesize=24 --lace-workers=1 --peak-nodes
ctit039
pnml2lts-sym: Exploration order is chain
pnml2lts-sym: Saturation strategy is sat-like
pnml2lts-sym: Guided search strategy is unguided
pnml2lts-sym: Attractor strategy is default
pnml2lts-sym: opening spec/PNML/lamport_fmea-2.pnml
pnml2lts-sym: Petri net has 69 places, 96 transitions and 402 arcs
pnml2lts-sym: There are 0 safe places
pnml2lts-sym: Petri net spec/PNML/lamport_fmea-2.pnml analyzed
pnml2lts-sym: Loading Petri net took 0.020 real 0.000 user 0.000 sys
pnml2lts-sym: Initializing regrouping layer
pnml2lts-sym: Regroup specification: sc,bn,mm
pnml2lts-sym: Regroup Select Combined matrix
pnml2lts-sym: Regroup Boost's None
pnml2lts-sym: bandwidth: 135
pnml2lts-sym: profile: 15380
pnml2lts-sym: span: 5481
pnml2lts-sym: average wavefront: 39.376
pnml2lts-sym: RMS wavefront: 44.327
pnml2lts-sym: Regroup Matrix Metrics
pnml2lts-sym: Regrouping: 96->96 groups
pnml2lts-sym: Regrouping took 0.000 real 0.000 user 0.000 sys
pnml2lts-sym: state vector length is 69; there are 96 groups and 66 guards
pnml2lts-sym: Creating a multi-core ListDD domain.
pnml2lts-sym: Using GBgetTransitionsShortR2W as next-state function
pnml2lts-sym: got initial state
pnml2lts-sym: vrel_add_act not supported; falling back to vrel_add_cpy
pnml2lts-sym: Exploration took 738 group checks and 738 next state calls
pnml2lts-sym: reachability took 0.280 real 0.080 user 0.170 sys
pnml2lts-sym: counting visited states...
pnml2lts-sym: counting took 0.000 real 0.000 user 0.000 sys
pnml2lts-sym: state space has 380 states, 2193 nodes
pnml2lts-sym: ( 2193 final BDD nodes; 2247 peak nodes )
pnml2lts-sym: group_next: 344 nodes total
pnml2lts-sym: group_explored: 716 nodes, 409 short vectors total
pnml2lts-sym: max token count: 1
Event Span: 3530
Normalized Event Span: 0.5329
Weighted Event Span, moment 1 (WES^1): 6360
Normalized Weighted Event Span, moment 1: 0.9601
Exit [0]
0.10 user, 0.22 system, 0.51 elapsed -- Max VSize = 3675068KB, Max RSS = 731900KB
