statistics run
pnml2lts-sym spec/PNML/2D8_gradient_50x50_50.pnml -rsc,bg,bs,mm,hf --graph-metrics --saturation=sat-like --order=chain --next-union --vset=lddmc --lddmc-cachesize=24 --lddmc-maxcachesize=24 --lddmc-tablesize=24 --lddmc-maxtablesize=24 --lace-workers=1 --peak-nodes
ctit022
pnml2lts-sym: Exploration order is chain
pnml2lts-sym: Saturation strategy is sat-like
pnml2lts-sym: Guided search strategy is unguided
pnml2lts-sym: Attractor strategy is default
pnml2lts-sym: opening spec/PNML/2D8_gradient_50x50_50.pnml
pnml2lts-sym: Petri net has 2500 places, 19404 transitions and 38808 arcs
pnml2lts-sym: There are 0 safe places
pnml2lts-sym: Petri net spec/PNML/2D8_gradient_50x50_50.pnml analyzed
pnml2lts-sym: Loading Petri net took 1.310 real 1.240 user 0.070 sys
pnml2lts-sym: Initializing regrouping layer
pnml2lts-sym: Regroup specification: sc,bg,bs,mm,hf
pnml2lts-sym: Regroup Select Combined matrix
pnml2lts-sym: Regroup Bipartite Graph
pnml2lts-sym: Regroup Boost's Sloan
pnml2lts-sym: bandwidth: 886
pnml2lts-sym: profile: 11420410
pnml2lts-sym: span: 8771989
pnml2lts-sym: average wavefront: 60.509496
pnml2lts-sym: RMS wavefront: 63.096876
pnml2lts-sym: Regroup Matrix Metrics
pnml2lts-sym: Reqroup Horizontal Flip
pnml2lts-sym: Regrouping: 19404->19404 groups
pnml2lts-sym: Regrouping took 99.320 real 98.820 user 0.140 sys
pnml2lts-sym: state vector length is 2500; there are 19404 groups and 2500 guards
pnml2lts-sym: Creating a multi-core ListDD domain.
cache_create: Unable to allocate memory: Cannot allocate memory!
Event Span: 867950
Normalized Event Span: 0.017892187
Weighted Event Span, moment 1 (WES^1): 962762.58
Normalized Weighted Event Span, moment 1: 0.019846683
Exit [1]
100.06 user, 0.27 system, 100.84 elapsed -- Max VSize = 2919508KB, Max RSS = 281600KB
