statistics run
pnml2lts-sym spec/PNML/Philosophers-50.pnml -rsc,bg,bk,mm,hf --graph-metrics --saturation=sat-like --order=chain --next-union --vset=lddmc --lddmc-cachesize=24 --lddmc-maxcachesize=24 --lddmc-tablesize=24 --lddmc-maxtablesize=24 --lace-workers=1 --peak-nodes
ctit010
pnml2lts-sym: Exploration order is chain
pnml2lts-sym: Saturation strategy is sat-like
pnml2lts-sym: Guided search strategy is unguided
pnml2lts-sym: Attractor strategy is default
pnml2lts-sym: opening spec/PNML/Philosophers-50.pnml
pnml2lts-sym: Petri net has 250 places, 250 transitions and 800 arcs
pnml2lts-sym: There are 0 safe places
pnml2lts-sym: Petri net spec/PNML/Philosophers-50.pnml analyzed
pnml2lts-sym: Loading Petri net took 0.020 real 0.010 user 0.010 sys
pnml2lts-sym: Initializing regrouping layer
pnml2lts-sym: Regroup specification: sc,bg,bk,mm,hf
pnml2lts-sym: Regroup Select Combined matrix
pnml2lts-sym: Regroup Bipartite Graph
pnml2lts-sym: Regroup Boost's King
pnml2lts-sym: bandwidth: 12
pnml2lts-sym: profile: 5445
pnml2lts-sym: span: 8203
pnml2lts-sym: average wavefront: 8.364
pnml2lts-sym: RMS wavefront: 8.55172
pnml2lts-sym: Regroup Matrix Metrics
pnml2lts-sym: Reqroup Horizontal Flip
pnml2lts-sym: Regrouping: 250->250 groups
pnml2lts-sym: Regrouping took 0.010 real 0.010 user 0.000 sys
pnml2lts-sym: state vector length is 250; there are 250 groups and 250 guards
pnml2lts-sym: Creating a multi-core ListDD domain.
pnml2lts-sym: Using GBgetTransitionsShortR2W as next-state function
pnml2lts-sym: got initial state
pnml2lts-sym: vrel_add_act not supported; falling back to vrel_add_cpy
pnml2lts-sym: Exploration took 1204 group checks and 1204 next state calls
pnml2lts-sym: reachability took 0.320 real 0.140 user 0.180 sys
pnml2lts-sym: counting visited states...
pnml2lts-sym: counting took 0.000 real 0.000 user 0.000 sys
pnml2lts-sym: state space has 7.17897987691853e+23 states, 1872 nodes
pnml2lts-sym: ( 1872 final BDD nodes; 1872 peak nodes )
pnml2lts-sym: group_next: 1600 nodes total
pnml2lts-sym: group_explored: 2201 nodes, 1400 short vectors total
pnml2lts-sym: max token count: 1
Event Span: 1977
Normalized Event Span: 0.031632
Weighted Event Span, moment 1 (WES^1): 2040.5
Normalized Weighted Event Span, moment 1: 0.032648
Exit [0]
0.18 user, 0.25 system, 0.60 elapsed -- Max VSize = 3675068KB, Max RSS = 737232KB
