statistics run
pnml2lts-sym spec/PNML/railroad-050-pt.pnml -rsc,tg,vacm,mm,hf --graph-metrics --saturation=sat-like --order=chain --next-union --vset=lddmc --lddmc-cachesize=24 --lddmc-maxcachesize=24 --lddmc-tablesize=24 --lddmc-maxtablesize=24 --lace-workers=1 --peak-nodes
ctit036
pnml2lts-sym: Exploration order is chain
pnml2lts-sym: Saturation strategy is sat-like
pnml2lts-sym: Guided search strategy is unguided
pnml2lts-sym: Attractor strategy is default
pnml2lts-sym: opening spec/PNML/railroad-050-pt.pnml
pnml2lts-sym: Petri net has 518 places, 2756 transitions and 16378 arcs
pnml2lts-sym: There are 0 safe places
pnml2lts-sym: Petri net spec/PNML/railroad-050-pt.pnml analyzed
pnml2lts-sym: Loading Petri net took 0.170 real 0.150 user 0.010 sys
pnml2lts-sym: Initializing regrouping layer
pnml2lts-sym: Regroup specification: sc,tg,vacm,mm,hf
pnml2lts-sym: Regroup Select Combined matrix
pnml2lts-sym: Regroup Total graph
pnml2lts-sym: Regroup ViennaCL's Advanced Cuthill McKee
pnml2lts-sym: bandwidth: 8204
pnml2lts-sym: profile: 89554433
pnml2lts-sym: span: 121839236
pnml2lts-sym: average wavefront: 4347.3201
pnml2lts-sym: RMS wavefront: 4736.71785
pnml2lts-sym: Regroup Matrix Metrics
pnml2lts-sym: Reqroup Horizontal Flip
pnml2lts-sym: Regrouping: 2756->2756 groups
pnml2lts-sym: Regrouping took 33.870 real 33.640 user 0.040 sys
pnml2lts-sym: state vector length is 518; there are 2756 groups and 368 guards
pnml2lts-sym: Creating a multi-core ListDD domain.
pnml2lts-sym: Using GBgetTransitionsShortR2W as next-state function
pnml2lts-sym: got initial state
pnml2lts-sym: vrel_add_act not supported; falling back to vrel_add_cpy
Killed [24]
1796.16 user, 0.81 system, 1805.38 elapsed -- Max VSize = 3676436KB, Max RSS = 934488KB
command-5054: line 5: 59978 CPU time limit exceeded memtime -c1800 -m4000000 pnml2lts-sym spec/PNML/railroad-050-pt.pnml -rsc,tg,vacm,mm,hf --graph-metrics --saturation=sat-like --order=chain --next-union --vset=lddmc --lddmc-cachesize=24 --lddmc-maxcachesize=24 --lddmc-tablesize=24 --lddmc-maxtablesize=24 --lace-workers=1 --peak-nodes
