statistics run
pnml2lts-sym spec/PNML/unf-8x8-4stageSEN-02.pnml -rsc,tg,bk,mm,hf --graph-metrics --saturation=sat-like --order=chain --next-union --vset=lddmc --lddmc-cachesize=24 --lddmc-maxcachesize=24 --lddmc-tablesize=24 --lddmc-maxtablesize=24 --lace-workers=1 --peak-nodes
ctit016
pnml2lts-sym: Exploration order is chain
pnml2lts-sym: Saturation strategy is sat-like
pnml2lts-sym: Guided search strategy is unguided
pnml2lts-sym: Attractor strategy is default
pnml2lts-sym: opening spec/PNML/unf-8x8-4stageSEN-02.pnml
pnml2lts-sym: Petri net has 168 places, 592 transitions and 3456 arcs
pnml2lts-sym: There are 0 safe places
pnml2lts-sym: Petri net spec/PNML/unf-8x8-4stageSEN-02.pnml analyzed
pnml2lts-sym: Loading Petri net took 0.040 real 0.020 user 0.010 sys
pnml2lts-sym: Initializing regrouping layer
pnml2lts-sym: Regroup specification: sc,tg,bk,mm,hf
pnml2lts-sym: Regroup Select Combined matrix
pnml2lts-sym: Regroup Total graph
pnml2lts-sym: Regroup Boost's King
pnml2lts-sym: bandwidth: 2264
pnml2lts-sym: profile: 5739630
pnml2lts-sym: span: 7053963
pnml2lts-sym: average wavefront: 447.57661
pnml2lts-sym: RMS wavefront: 486.3332
pnml2lts-sym: Regroup Matrix Metrics
pnml2lts-sym: Reqroup Horizontal Flip
pnml2lts-sym: Regrouping: 592->592 groups
pnml2lts-sym: Regrouping took 0.500 real 0.510 user 0.000 sys
pnml2lts-sym: state vector length is 168; there are 592 groups and 104 guards
pnml2lts-sym: Creating a multi-core ListDD domain.
pnml2lts-sym: Using GBgetTransitionsShortR2W as next-state function
pnml2lts-sym: got initial state
pnml2lts-sym: vrel_add_act not supported; falling back to vrel_add_cpy
Killed [24]
1796.91 user, 0.81 system, 1801.97 elapsed -- Max VSize = 3675076KB, Max RSS = 973672KB
command-5643: line 5: 24749 CPU time limit exceeded memtime -c1800 -m4000000 pnml2lts-sym spec/PNML/unf-8x8-4stageSEN-02.pnml -rsc,tg,bk,mm,hf --graph-metrics --saturation=sat-like --order=chain --next-union --vset=lddmc --lddmc-cachesize=24 --lddmc-maxcachesize=24 --lddmc-tablesize=24 --lddmc-maxtablesize=24 --lace-workers=1 --peak-nodes
