statistics run
pnml2lts-sym spec/PNML/IBM703.pnml -rsc,tg,vcm,mm,hf --graph-metrics --saturation=sat-like --order=chain --next-union --vset=lddmc --lddmc-cachesize=24 --lddmc-maxcachesize=24 --lddmc-tablesize=24 --lddmc-maxtablesize=24 --lace-workers=1 --peak-nodes
ctit025
pnml2lts-sym: Exploration order is chain
pnml2lts-sym: Saturation strategy is sat-like
pnml2lts-sym: Guided search strategy is unguided
pnml2lts-sym: Attractor strategy is default
pnml2lts-sym: opening spec/PNML/IBM703.pnml
pnml2lts-sym: Petri net has 262 places, 284 transitions and 572 arcs
pnml2lts-sym: There are 0 safe places
pnml2lts-sym: Petri net spec/PNML/IBM703.pnml analyzed
pnml2lts-sym: Loading Petri net took 0.010 real 0.010 user 0.000 sys
pnml2lts-sym: Initializing regrouping layer
pnml2lts-sym: Regroup specification: sc,tg,vcm,mm,hf
pnml2lts-sym: Regroup Select Combined matrix
pnml2lts-sym: Regroup Total graph
pnml2lts-sym: Regroup ViennaCL's Cuthill McKee
pnml2lts-sym: bandwidth: 45
pnml2lts-sym: profile: 28933
pnml2lts-sym: span: 50672
pnml2lts-sym: average wavefront: 24.03846
pnml2lts-sym: RMS wavefront: 26.46699
pnml2lts-sym: Regroup Matrix Metrics
pnml2lts-sym: Reqroup Horizontal Flip
pnml2lts-sym: Regrouping: 284->284 groups
pnml2lts-sym: Regrouping took 0.040 real 0.030 user 0.000 sys
pnml2lts-sym: state vector length is 262; there are 284 groups and 256 guards
pnml2lts-sym: Creating a multi-core ListDD domain.
pnml2lts-sym: Using GBgetTransitionsShortR2W as next-state function
pnml2lts-sym: got initial state
pnml2lts-sym: vrel_add_act not supported; falling back to vrel_add_cpy
pnml2lts-sym: Exploration took 11090 group checks and 11090 next state calls
pnml2lts-sym: reachability took 1.630 real 1.450 user 0.180 sys
pnml2lts-sym: counting visited states...
pnml2lts-sym: counting took 0.000 real 0.000 user 0.000 sys
pnml2lts-sym: state space has 8370 states, 1801 nodes
pnml2lts-sym: ( 1801 final BDD nodes; 2271 peak nodes )
pnml2lts-sym: group_next: 1144 nodes total
pnml2lts-sym: group_explored: 1432 nodes, 860 short vectors total
pnml2lts-sym: max token count: 1
Event Span: 3238
Normalized Event Span: 0.043517
Weighted Event Span, moment 1 (WES^1): 3028.9
Normalized Weighted Event Span, moment 1: 0.040707
Exit [0]
1.52 user, 0.24 system, 1.90 elapsed -- Max VSize = 3675068KB, Max RSS = 735228KB
