performance run
pnml2lts-sym spec/PNML/philo_dyn-20-unfolded.pnml -rsc,tg,bs,hf --saturation=sat-like --order=chain --next-union --vset=lddmc --lddmc-cachesize=24 --lddmc-maxcachesize=24 --lddmc-tablesize=24 --lddmc-maxtablesize=24 --lace-workers=1 --peak-nodes
ctit016
pnml2lts-sym: Exploration order is chain
pnml2lts-sym: Saturation strategy is sat-like
pnml2lts-sym: Guided search strategy is unguided
pnml2lts-sym: Attractor strategy is default
pnml2lts-sym: opening spec/PNML/philo_dyn-20-unfolded.pnml
pnml2lts-sym: Petri net has 540 places, 17220 transitions and 140780 arcs
pnml2lts-sym: There are 0 safe places
pnml2lts-sym: Petri net spec/PNML/philo_dyn-20-unfolded.pnml analyzed
pnml2lts-sym: Loading Petri net took 1.850 real 1.600 user 0.250 sys
pnml2lts-sym: Initializing regrouping layer
pnml2lts-sym: Regroup specification: sc,tg,bs,hf
pnml2lts-sym: Regroup Select Combined matrix
pnml2lts-sym: Regroup Total graph
pnml2lts-sym: Regroup Boost's Sloan
pnml2lts-sym: Reqroup Horizontal Flip
pnml2lts-sym: Regrouping: 17220->17220 groups
pnml2lts-sym: Regrouping took 1631.120 real 1626.850 user 0.600 sys
pnml2lts-sym: state vector length is 540; there are 17220 groups and 580 guards
pnml2lts-sym: Creating a multi-core ListDD domain.
cache_create: Unable to allocate memory: Cannot allocate memory!
Exit [1]
1628.47 user, 0.87 system, 1633.12 elapsed -- Max VSize = 2962332KB, Max RSS = 289704KB
