performance run
pnml2lts-sym spec/PNML/Peterson-6.pnml -rsc,tg,vacm,hf --saturation=sat-like --order=chain --next-union --vset=lddmc --lddmc-cachesize=24 --lddmc-maxcachesize=24 --lddmc-tablesize=24 --lddmc-maxtablesize=24 --lace-workers=1 --peak-nodes
ctit022
pnml2lts-sym: Exploration order is chain
pnml2lts-sym: Saturation strategy is sat-like
pnml2lts-sym: Guided search strategy is unguided
pnml2lts-sym: Attractor strategy is default
pnml2lts-sym: opening spec/PNML/Peterson-6.pnml
pnml2lts-sym: Petri net has 1330 places, 2030 transitions and 6272 arcs
pnml2lts-sym: There are 0 safe places
pnml2lts-sym: Petri net spec/PNML/Peterson-6.pnml analyzed
pnml2lts-sym: Loading Petri net took 0.160 real 0.150 user 0.010 sys
pnml2lts-sym: Initializing regrouping layer
pnml2lts-sym: Regroup specification: sc,tg,vacm,hf
pnml2lts-sym: Regroup Select Combined matrix
pnml2lts-sym: Regroup Total graph
pnml2lts-sym: Regroup ViennaCL's Advanced Cuthill McKee
pnml2lts-sym: Reqroup Horizontal Flip
pnml2lts-sym: Regrouping: 2030->2030 groups
pnml2lts-sym: Regrouping took 2.200 real 2.190 user 0.010 sys
pnml2lts-sym: state vector length is 1330; there are 2030 groups and 1330 guards
pnml2lts-sym: Creating a multi-core ListDD domain.
pnml2lts-sym: Using GBgetTransitionsShortR2W as next-state function
pnml2lts-sym: got initial state
pnml2lts-sym: vrel_add_act not supported; falling back to vrel_add_cpy
Killed [24]
1797.10 user, 0.42 system, 1802.26 elapsed -- Max VSize = 3676816KB, Max RSS = 824404KB
command-7390: line 5: 33836 CPU time limit exceeded memtime -c1800 -m4000000 pnml2lts-sym spec/PNML/Peterson-6.pnml -rsc,tg,vacm,hf --saturation=sat-like --order=chain --next-union --vset=lddmc --lddmc-cachesize=24 --lddmc-maxcachesize=24 --lddmc-tablesize=24 --lddmc-maxtablesize=24 --lace-workers=1 --peak-nodes
