statistics run
pnml2lts-sym spec/PNML/2D8_gradient_20x20_50.pnml -rsc,bg,vacm,mm,hf --graph-metrics --saturation=sat-like --order=chain --next-union --vset=lddmc --lddmc-cachesize=24 --lddmc-maxcachesize=24 --lddmc-tablesize=24 --lddmc-maxtablesize=24 --lace-workers=1 --peak-nodes
ctit038
pnml2lts-sym: Exploration order is chain
pnml2lts-sym: Saturation strategy is sat-like
pnml2lts-sym: Guided search strategy is unguided
pnml2lts-sym: Attractor strategy is default
pnml2lts-sym: opening spec/PNML/2D8_gradient_20x20_50.pnml
pnml2lts-sym: Petri net has 400 places, 2964 transitions and 5928 arcs
pnml2lts-sym: There are 0 safe places
pnml2lts-sym: Petri net spec/PNML/2D8_gradient_20x20_50.pnml analyzed
pnml2lts-sym: Loading Petri net took 0.080 real 0.070 user 0.020 sys
pnml2lts-sym: Initializing regrouping layer
pnml2lts-sym: Regroup specification: sc,bg,vacm,mm,hf
pnml2lts-sym: Regroup Select Combined matrix
pnml2lts-sym: Regroup Bipartite Graph
pnml2lts-sym: Regroup ViennaCL's Advanced Cuthill McKee
pnml2lts-sym: bandwidth: 240
pnml2lts-sym: profile: 435615
pnml2lts-sym: span: 516483
pnml2lts-sym: average wavefront: 102.13288
pnml2lts-sym: RMS wavefront: 115.00981
pnml2lts-sym: Regroup Matrix Metrics
pnml2lts-sym: Reqroup Horizontal Flip
pnml2lts-sym: Regrouping: 2964->2964 groups
pnml2lts-sym: Regrouping took 1.400 real 1.370 user 0.000 sys
pnml2lts-sym: state vector length is 400; there are 2964 groups and 400 guards
pnml2lts-sym: Creating a multi-core ListDD domain.
pnml2lts-sym: Using GBgetTransitionsShortR2W as next-state function
pnml2lts-sym: got initial state
pnml2lts-sym: vrel_add_act not supported; falling back to vrel_add_cpy
Killed [24]
1789.37 user, 7.43 system, 1804.20 elapsed -- Max VSize = 3675852KB, Max RSS = 991848KB
command-232: line 5: 23309 CPU time limit exceeded memtime -c1800 -m4000000 pnml2lts-sym spec/PNML/2D8_gradient_20x20_50.pnml -rsc,bg,vacm,mm,hf --graph-metrics --saturation=sat-like --order=chain --next-union --vset=lddmc --lddmc-cachesize=24 --lddmc-maxcachesize=24 --lddmc-tablesize=24 --lddmc-maxtablesize=24 --lace-workers=1 --peak-nodes
