statistics run
pnml2lts-sym spec/PNML/sg-13-6-13.pnml -rsc,tg,bcm,mm,hf --graph-metrics --saturation=sat-like --order=chain --next-union --vset=lddmc --lddmc-cachesize=24 --lddmc-maxcachesize=24 --lddmc-tablesize=24 --lddmc-maxtablesize=24 --lace-workers=1 --peak-nodes
ctit001
pnml2lts-sym: Exploration order is chain
pnml2lts-sym: Saturation strategy is sat-like
pnml2lts-sym: Guided search strategy is unguided
pnml2lts-sym: Attractor strategy is default
pnml2lts-sym: opening spec/PNML/sg-13-6-13.pnml
pnml2lts-sym: Petri net has 2301 places, 2756 transitions and 11024 arcs
pnml2lts-sym: There are 0 safe places
pnml2lts-sym: Petri net spec/PNML/sg-13-6-13.pnml analyzed
pnml2lts-sym: Loading Petri net took 0.240 real 0.210 user 0.020 sys
pnml2lts-sym: Initializing regrouping layer
pnml2lts-sym: Regroup specification: sc,tg,bcm,mm,hf
pnml2lts-sym: Regroup Select Combined matrix
pnml2lts-sym: Regroup Total graph
pnml2lts-sym: Regroup Boost's Cuthill McKee
pnml2lts-sym: bandwidth: 351
pnml2lts-sym: profile: 3455603
pnml2lts-sym: span: 5631723
pnml2lts-sym: average wavefront: 141.290405
pnml2lts-sym: RMS wavefront: 149.747845
pnml2lts-sym: Regroup Matrix Metrics
pnml2lts-sym: Reqroup Horizontal Flip
pnml2lts-sym: Regrouping: 2756->2756 groups
pnml2lts-sym: Regrouping took 8.810 real 8.780 user 0.020 sys
pnml2lts-sym: state vector length is 2301; there are 2756 groups and 2301 guards
pnml2lts-sym: Creating a multi-core ListDD domain.
pnml2lts-sym: Using GBgetTransitionsShortR2W as next-state function
pnml2lts-sym: got initial state
pnml2lts-sym: vrel_add_act not supported; falling back to vrel_add_cpy
Killed [24]
1764.64 user, 33.00 system, 1802.06 elapsed -- Max VSize = 3681380KB, Max RSS = 1014444KB
command-5306: line 5: 57540 CPU time limit exceeded memtime -c1800 -m4000000 pnml2lts-sym spec/PNML/sg-13-6-13.pnml -rsc,tg,bcm,mm,hf --graph-metrics --saturation=sat-like --order=chain --next-union --vset=lddmc --lddmc-cachesize=24 --lddmc-maxcachesize=24 --lddmc-tablesize=24 --lddmc-maxtablesize=24 --lace-workers=1 --peak-nodes
