performance run
pnml2lts-sym spec/PNML/20-100_phaseVariation.pnml -rrs,hf --noack=1 --saturation=sat-like --order=chain --next-union --vset=lddmc --lddmc-cachesize=24 --lddmc-maxcachesize=24 --lddmc-tablesize=24 --lddmc-maxtablesize=24 --lace-workers=1 --peak-nodes
ctit026
pnml2lts-sym: Exploration order is chain
pnml2lts-sym: Saturation strategy is sat-like
pnml2lts-sym: Guided search strategy is unguided
pnml2lts-sym: Attractor strategy is default
pnml2lts-sym: opening spec/PNML/20-100_phaseVariation.pnml
pnml2lts-sym: Petri net has 1202 places, 13457 transitions and 93395 arcs
pnml2lts-sym: There are 0 safe places
pnml2lts-sym: Petri net spec/PNML/20-100_phaseVariation.pnml analyzed
pnml2lts-sym: Computing Noack1 order
pnml2lts-sym: Computing Noack1 order took 2.200 real 2.120 user 0.000 sys
pnml2lts-sym: Loading Petri net took 3.480 real 3.240 user 0.120 sys
pnml2lts-sym: Initializing regrouping layer
pnml2lts-sym: Got state vector permutation from language front-end; permuting columns
pnml2lts-sym: Regroup specification: rs,hf
pnml2lts-sym: Regroup Row Sort
pnml2lts-sym: Reqroup Horizontal Flip
pnml2lts-sym: Regrouping: 13457->13457 groups
pnml2lts-sym: Regrouping took 2.190 real 2.180 user 0.010 sys
pnml2lts-sym: state vector length is 1202; there are 13457 groups and 1202 guards
pnml2lts-sym: Creating a multi-core ListDD domain.
cache_create: Unable to allocate memory: Cannot allocate memory!
Exit [1]
5.42 user, 0.17 system, 5.82 elapsed -- Max VSize = 2833472KB, Max RSS = 188168KB
