performance run
pnml2lts-sym spec/PNML/MultiwaySync.pnml --saturation=sat-like --order=chain --next-union --vset=lddmc --lddmc-cachesize=24 --lddmc-maxcachesize=24 --lddmc-tablesize=24 --lddmc-maxtablesize=24 --lace-workers=1
ctit007
pnml2lts-sym: Exploration order is chain
pnml2lts-sym: Saturation strategy is sat-like
pnml2lts-sym: Guided search strategy is unguided
pnml2lts-sym: Attractor strategy is default
pnml2lts-sym: opening spec/PNML/MultiwaySync.pnml
pnml2lts-sym: Petri net has 222 places, 472 transitions and 1496 arcs
pnml2lts-sym: There are 222 safe places
pnml2lts-sym: Petri net spec/PNML/MultiwaySync.pnml analyzed
pnml2lts-sym: Loading Petri net took 0.010 real 0.010 user 0.000 sys
pnml2lts-sym: state vector length is 222; there are 472 groups and 222 guards
pnml2lts-sym: Creating a multi-core ListDD domain.
pnml2lts-sym: Using GBgetTransitionsShortR2W as next-state function
pnml2lts-sym: got initial state
pnml2lts-sym: vrel_add_act not supported; falling back to vrel_add_cpy
pnml2lts-sym: Exploration took 70719 group checks and 70719 next state calls
pnml2lts-sym: reachability took 2.620 real 2.480 user 0.140 sys
pnml2lts-sym: counting visited states...
pnml2lts-sym: counting took 0.000 real 0.000 user 0.000 sys
pnml2lts-sym: state space has 5.25959973093851e+19 states, 989 nodes
pnml2lts-sym: group_next: 2228 nodes total
pnml2lts-sym: group_explored: 1476 nodes, 1476 short vectors total
pnml2lts-sym: max token count: 1
Exit [0]
2.54 user, 0.20 system, 2.80 elapsed -- Max VSize = 3675064KB, Max RSS = 737856KB
