performance run
pnml2lts-sym spec/PNML/CircularTrain-768.pnml -rsc,bg,vacm,hf --saturation=sat-like --order=chain --next-union --vset=lddmc --lddmc-cachesize=24 --lddmc-maxcachesize=24 --lddmc-tablesize=24 --lddmc-maxtablesize=24 --lace-workers=1 --peak-nodes
ctit009
pnml2lts-sym: Exploration order is chain
pnml2lts-sym: Saturation strategy is sat-like
pnml2lts-sym: Guided search strategy is unguided
pnml2lts-sym: Attractor strategy is default
pnml2lts-sym: opening spec/PNML/CircularTrain-768.pnml
pnml2lts-sym: Petri net has 1536 places, 768 transitions and 3072 arcs
pnml2lts-sym: There are 0 safe places
pnml2lts-sym: Petri net spec/PNML/CircularTrain-768.pnml analyzed
pnml2lts-sym: Loading Petri net took 0.080 real 0.060 user 0.010 sys
pnml2lts-sym: Initializing regrouping layer
pnml2lts-sym: Regroup specification: sc,bg,vacm,hf
pnml2lts-sym: Regroup Select Combined matrix
pnml2lts-sym: Regroup Bipartite Graph
pnml2lts-sym: Regroup ViennaCL's Advanced Cuthill McKee
pnml2lts-sym: Reqroup Horizontal Flip
pnml2lts-sym: Regrouping: 768->768 groups
pnml2lts-sym: Regrouping took 0.420 real 0.420 user 0.000 sys
pnml2lts-sym: state vector length is 1536; there are 768 groups and 1536 guards
pnml2lts-sym: Creating a multi-core ListDD domain.
pnml2lts-sym: Using GBgetTransitionsShortR2W as next-state function
pnml2lts-sym: got initial state
pnml2lts-sym: vrel_add_act not supported; falling back to vrel_add_cpy
Killed [24]
1794.48 user, 0.73 system, 1800.96 elapsed -- Max VSize = 3675812KB, Max RSS = 975692KB
command-6709: line 5: 54171 CPU time limit exceeded memtime -c1800 -m4000000 pnml2lts-sym spec/PNML/CircularTrain-768.pnml -rsc,bg,vacm,hf --saturation=sat-like --order=chain --next-union --vset=lddmc --lddmc-cachesize=24 --lddmc-maxcachesize=24 --lddmc-tablesize=24 --lddmc-maxtablesize=24 --lace-workers=1 --peak-nodes
