statistics run
pnml2lts-sym spec/PNML/rwmutex-r20w10.pnml -rsc,bn,rs,mm,hf --noack=1 --graph-metrics --saturation=sat-like --order=chain --next-union --vset=lddmc --lddmc-cachesize=24 --lddmc-maxcachesize=24 --lddmc-tablesize=24 --lddmc-maxtablesize=24 --lace-workers=1 --peak-nodes
ctit031
pnml2lts-sym: Exploration order is chain
pnml2lts-sym: Saturation strategy is sat-like
pnml2lts-sym: Guided search strategy is unguided
pnml2lts-sym: Attractor strategy is default
pnml2lts-sym: opening spec/PNML/rwmutex-r20w10.pnml
pnml2lts-sym: Petri net has 80 places, 60 transitions and 560 arcs
pnml2lts-sym: There are 0 safe places
pnml2lts-sym: Petri net spec/PNML/rwmutex-r20w10.pnml analyzed
pnml2lts-sym: Computing Noack1 order
pnml2lts-sym: Computing Noack1 order took 0.000 real 0.010 user 0.000 sys
pnml2lts-sym: Loading Petri net took 0.010 real 0.010 user 0.000 sys
pnml2lts-sym: Initializing regrouping layer
pnml2lts-sym: Got state vector permutation from language front-end; permuting columns
pnml2lts-sym: Regroup specification: sc,bn,rs,mm,hf
pnml2lts-sym: Regroup Select Combined matrix
pnml2lts-sym: Regroup Boost's None
pnml2lts-sym: bandwidth: 137
pnml2lts-sym: profile: 11999
pnml2lts-sym: span: 4761
pnml2lts-sym: average wavefront: 50.179
pnml2lts-sym: RMS wavefront: 56.486
pnml2lts-sym: Regroup Row Sort
pnml2lts-sym: Regroup Matrix Metrics
pnml2lts-sym: Reqroup Horizontal Flip
pnml2lts-sym: Regrouping: 60->60 groups
pnml2lts-sym: Regrouping took 0.010 real 0.000 user 0.000 sys
pnml2lts-sym: state vector length is 80; there are 60 groups and 80 guards
pnml2lts-sym: Creating a multi-core ListDD domain.
pnml2lts-sym: Using GBgetTransitionsShortR2W as next-state function
pnml2lts-sym: got initial state
pnml2lts-sym: vrel_add_act not supported; falling back to vrel_add_cpy
pnml2lts-sym: Exploration took 202 group checks and 202 next state calls
pnml2lts-sym: reachability took 355.110 real 344.670 user 2.570 sys
pnml2lts-sym: counting visited states...
pnml2lts-sym: counting took 2.550 real 2.470 user 0.050 sys
pnml2lts-sym: state space has 1048586 states, 8650818 nodes
pnml2lts-sym: ( 8650818 final BDD nodes; 8650818 peak nodes )
pnml2lts-sym: group_next: 1120 nodes total
pnml2lts-sym: group_explored: 1516 nodes, 20971660 short vectors total
pnml2lts-sym: max token count: 1
Event Span: 1996
Normalized Event Span: 0.4158
Weighted Event Span, moment 1 (WES^1): 2941
Normalized Weighted Event Span, moment 1: 0.6127
Exit [0]
347.15 user, 2.82 system, 357.98 elapsed -- Max VSize = 3675068KB, Max RSS = 881448KB
