statistics run
pnml2lts-sym spec/PNML/parking_8_32.pnml -rsc,f,rs,mm,hf --saturation=sat-like --order=chain --next-union --vset=lddmc --lddmc-cachesize=24 --lddmc-maxcachesize=24 --lddmc-tablesize=24 --lddmc-maxtablesize=24 --lace-workers=1 --peak-nodes
ctit027
pnml2lts-sym: Exploration order is chain
pnml2lts-sym: Saturation strategy is sat-like
pnml2lts-sym: Guided search strategy is unguided
pnml2lts-sym: Attractor strategy is default
pnml2lts-sym: opening spec/PNML/parking_8_32.pnml
pnml2lts-sym: Petri net has 737 places, 993 transitions and 2993 arcs
pnml2lts-sym: There are 737 safe places
pnml2lts-sym: Petri net spec/PNML/parking_8_32.pnml analyzed
pnml2lts-sym: Loading Petri net took 0.040 real 0.020 user 0.020 sys
pnml2lts-sym: Initializing regrouping layer
pnml2lts-sym: Regroup specification: sc,f,rs,mm,hf
pnml2lts-sym: Regroup Select Combined matrix
pnml2lts-sym: Regroup FORCE
pnml2lts-sym: Regroup Row Sort
pnml2lts-sym: Regroup Matrix Metrics
pnml2lts-sym: Reqroup Horizontal Flip
pnml2lts-sym: Regrouping: 993->993 groups
pnml2lts-sym: Regrouping took 0.200 real 0.200 user 0.000 sys
pnml2lts-sym: state vector length is 737; there are 993 groups and 737 guards
pnml2lts-sym: Creating a multi-core ListDD domain.
pnml2lts-sym: Using GBgetTransitionsShortR2W as next-state function
pnml2lts-sym: got initial state
pnml2lts-sym: vrel_add_act not supported; falling back to vrel_add_cpy
Killed [24]
1796.03 user, 1.59 system, 1802.81 elapsed -- Max VSize = 3675076KB, Max RSS = 976268KB
command-4753: line 5: 61343 CPU time limit exceeded memtime -c1800 -m4000000 pnml2lts-sym spec/PNML/parking_8_32.pnml -rsc,f,rs,mm,hf --saturation=sat-like --order=chain --next-union --vset=lddmc --lddmc-cachesize=24 --lddmc-maxcachesize=24 --lddmc-tablesize=24 --lddmc-maxtablesize=24 --lace-workers=1 --peak-nodes
