performance run
pnml2lts-sym spec/PNML/rwmutex-r2000w10.pnml -rsc,tg,bs,hf --saturation=sat-like --order=chain --next-union --vset=lddmc --lddmc-cachesize=24 --lddmc-maxcachesize=24 --lddmc-tablesize=24 --lddmc-maxtablesize=24 --lace-workers=1 --peak-nodes
ctit004
pnml2lts-sym: Exploration order is chain
pnml2lts-sym: Saturation strategy is sat-like
pnml2lts-sym: Guided search strategy is unguided
pnml2lts-sym: Attractor strategy is default
pnml2lts-sym: opening spec/PNML/rwmutex-r2000w10.pnml
pnml2lts-sym: Petri net has 6020 places, 4020 transitions and 52040 arcs
pnml2lts-sym: There are 0 safe places
pnml2lts-sym: Petri net spec/PNML/rwmutex-r2000w10.pnml analyzed
pnml2lts-sym: Loading Petri net took 0.900 real 0.810 user 0.100 sys
pnml2lts-sym: Initializing regrouping layer
pnml2lts-sym: Regroup specification: sc,tg,bs,hf
pnml2lts-sym: Regroup Select Combined matrix
pnml2lts-sym: Regroup Total graph
pnml2lts-sym: Regroup Boost's Sloan
pnml2lts-sym: Reqroup Horizontal Flip
pnml2lts-sym: Regrouping: 4020->4020 groups
pnml2lts-sym: Regrouping took 89.700 real 89.310 user 0.170 sys
pnml2lts-sym: state vector length is 6020; there are 4020 groups and 6020 guards
pnml2lts-sym: Creating a multi-core ListDD domain.
cache_create: Unable to allocate memory: Cannot allocate memory!
Exit [1]
90.13 user, 0.31 system, 90.78 elapsed -- Max VSize = 2835812KB, Max RSS = 157100KB
