performance run
pnml2lts-sym spec/PNML/neoelection-4.unf.pnml -rrs,hf --noack=1 --saturation=sat-like --order=chain --next-union --vset=lddmc --lddmc-cachesize=24 --lddmc-maxcachesize=24 --lddmc-tablesize=24 --lddmc-maxtablesize=24 --lace-workers=1 --peak-nodes
ctit041
pnml2lts-sym: Exploration order is chain
pnml2lts-sym: Saturation strategy is sat-like
pnml2lts-sym: Guided search strategy is unguided
pnml2lts-sym: Attractor strategy is default
pnml2lts-sym: opening spec/PNML/neoelection-4.unf.pnml
pnml2lts-sym: Petri net has 1830 places, 2340 transitions and 13565 arcs
pnml2lts-sym: There are 0 safe places
pnml2lts-sym: Petri net spec/PNML/neoelection-4.unf.pnml analyzed
pnml2lts-sym: Computing Noack1 order
pnml2lts-sym: Computing Noack1 order took 0.270 real 0.270 user 0.000 sys
pnml2lts-sym: Loading Petri net took 0.490 real 0.460 user 0.020 sys
pnml2lts-sym: Initializing regrouping layer
pnml2lts-sym: Got state vector permutation from language front-end; permuting columns
pnml2lts-sym: Regroup specification: rs,hf
pnml2lts-sym: Regroup Row Sort
pnml2lts-sym: Reqroup Horizontal Flip
Killed [24]
1798.17 user, 0.18 system, 1803.57 elapsed -- Max VSize = 2680444KB, Max RSS = 35136KB
command-10017: line 5:   742 CPU time limit exceeded memtime -c1800 -m4000000 pnml2lts-sym spec/PNML/neoelection-4.unf.pnml -rrs,hf --noack=1 --saturation=sat-like --order=chain --next-union --vset=lddmc --lddmc-cachesize=24 --lddmc-maxcachesize=24 --lddmc-tablesize=24 --lddmc-maxtablesize=24 --lace-workers=1 --peak-nodes
