statistics run
pnml2lts-sym spec/PNML/lamport_fmea-4.pnml -rsc,bn,mm --graph-metrics --saturation=sat-like --order=chain --next-union --vset=lddmc --lddmc-cachesize=24 --lddmc-maxcachesize=24 --lddmc-tablesize=24 --lddmc-maxtablesize=24 --lace-workers=1 --peak-nodes
ctit018
pnml2lts-sym: Exploration order is chain
pnml2lts-sym: Saturation strategy is sat-like
pnml2lts-sym: Guided search strategy is unguided
pnml2lts-sym: Attractor strategy is default
pnml2lts-sym: opening spec/PNML/lamport_fmea-4.pnml
pnml2lts-sym: Petri net has 135 places, 230 transitions and 990 arcs
pnml2lts-sym: There are 0 safe places
pnml2lts-sym: Petri net spec/PNML/lamport_fmea-4.pnml analyzed
pnml2lts-sym: Loading Petri net took 0.010 real 0.000 user 0.000 sys
pnml2lts-sym: Initializing regrouping layer
pnml2lts-sym: Regroup specification: sc,bn,mm
pnml2lts-sym: Regroup Select Combined matrix
pnml2lts-sym: Regroup Boost's None
pnml2lts-sym: bandwidth: 295
pnml2lts-sym: profile: 72309
pnml2lts-sym: span: 23893
pnml2lts-sym: average wavefront: 74.2027
pnml2lts-sym: RMS wavefront: 84.7802
pnml2lts-sym: Regroup Matrix Metrics
pnml2lts-sym: Regrouping: 230->230 groups
pnml2lts-sym: Regrouping took 0.000 real 0.010 user 0.000 sys
pnml2lts-sym: state vector length is 135; there are 230 groups and 130 guards
pnml2lts-sym: Creating a multi-core ListDD domain.
pnml2lts-sym: Using GBgetTransitionsShortR2W as next-state function
pnml2lts-sym: got initial state
pnml2lts-sym: vrel_add_act not supported; falling back to vrel_add_cpy
pnml2lts-sym: Exploration took 6390 group checks and 6390 next state calls
pnml2lts-sym: reachability took 738.820 real 736.260 user 0.330 sys
pnml2lts-sym: counting visited states...
pnml2lts-sym: counting took 0.080 real 0.080 user 0.000 sys
pnml2lts-sym: state space has 1914784 states, 2459548 nodes
pnml2lts-sym: ( 2459548 final BDD nodes; 2672244 peak nodes )
pnml2lts-sym: group_next: 1120 nodes total
pnml2lts-sym: group_explored: 1908 nodes, 1293 short vectors total
pnml2lts-sym: max token count: 1
Event Span: 15805
Normalized Event Span: 0.50902
Weighted Event Span, moment 1 (WES^1): 28770
Normalized Weighted Event Span, moment 1: 0.92657
Exit [0]
736.37 user, 0.39 system, 739.14 elapsed -- Max VSize = 3675068KB, Max RSS = 810808KB
