performance run
pnml2lts-sym spec/PNML/shared_memory-pt-100.pnml -rsc,bg,vgps,hf --saturation=sat-like --order=chain --next-union --vset=lddmc --lddmc-cachesize=24 --lddmc-maxcachesize=24 --lddmc-tablesize=24 --lddmc-maxtablesize=24 --lace-workers=1 --peak-nodes
ctit019
pnml2lts-sym: Exploration order is chain
pnml2lts-sym: Saturation strategy is sat-like
pnml2lts-sym: Guided search strategy is unguided
pnml2lts-sym: Attractor strategy is default
pnml2lts-sym: opening spec/PNML/shared_memory-pt-100.pnml
pnml2lts-sym: Petri net has 10301 places, 20100 transitions and 80000 arcs
pnml2lts-sym: There are 0 safe places
pnml2lts-sym: Petri net spec/PNML/shared_memory-pt-100.pnml analyzed
pnml2lts-sym: Loading Petri net took 4.860 real 4.630 user 0.210 sys
pnml2lts-sym: Initializing regrouping layer
pnml2lts-sym: Regroup specification: sc,bg,vgps,hf
pnml2lts-sym: Regroup Select Combined matrix
pnml2lts-sym: Regroup Bipartite Graph
pnml2lts-sym: Regroup ViennaCL's Gibbs Poole Stockmeyer
pnml2lts-sym: Reqroup Horizontal Flip
pnml2lts-sym: Regrouping: 20100->20100 groups
pnml2lts-sym: Regrouping took 240.850 real 239.440 user 0.510 sys
pnml2lts-sym: state vector length is 10301; there are 20100 groups and 10301 guards
pnml2lts-sym: Creating a multi-core ListDD domain.
llmsset_create: Unable to allocate memory: Cannot allocate memory!
Exit [1]
244.09 user, 0.83 system, 246.03 elapsed -- Max VSize = 3799860KB, Max RSS = 1134256KB
