statistics run
pnml2lts-sym spec/PNML/neoelection-7.unf.pnml -rsc,tg,bcm,mm,hf --graph-metrics --saturation=sat-like --order=chain --next-union --vset=lddmc --lddmc-cachesize=24 --lddmc-maxcachesize=24 --lddmc-tablesize=24 --lddmc-maxtablesize=24 --lace-workers=1 --peak-nodes
ctit032
pnml2lts-sym: Exploration order is chain
pnml2lts-sym: Saturation strategy is sat-like
pnml2lts-sym: Guided search strategy is unguided
pnml2lts-sym: Attractor strategy is default
pnml2lts-sym: opening spec/PNML/neoelection-7.unf.pnml
pnml2lts-sym: Petri net has 7128 places, 14112 transitions and 81968 arcs
pnml2lts-sym: There are 0 safe places
pnml2lts-sym: Petri net spec/PNML/neoelection-7.unf.pnml analyzed
pnml2lts-sym: Loading Petri net took 2.640 real 2.440 user 0.180 sys
pnml2lts-sym: Initializing regrouping layer
pnml2lts-sym: Regroup specification: sc,tg,bcm,mm,hf
pnml2lts-sym: Regroup Select Combined matrix
pnml2lts-sym: Regroup Total graph
pnml2lts-sym: Regroup Boost's Cuthill McKee
pnml2lts-sym: bandwidth: 58920
pnml2lts-sym: profile: 3331324465
pnml2lts-sym: span: 4171200079
pnml2lts-sym: average wavefront: 15095.72017
pnml2lts-sym: RMS wavefront: 18911.03869
pnml2lts-sym: Regroup Matrix Metrics
pnml2lts-sym: Reqroup Horizontal Flip
pnml2lts-sym: Regrouping: 14112->14112 groups
pnml2lts-sym: Regrouping took 771.600 real 767.450 user 0.480 sys
pnml2lts-sym: state vector length is 7128; there are 14112 groups and 2152 guards
pnml2lts-sym: Creating a multi-core ListDD domain.
cache_create: Unable to allocate memory: Cannot allocate memory!
Event Span: 12575407
Normalized Event Span: 0.125016055
Weighted Event Span, moment 1 (WES^1): 5387576.52
Normalized Weighted Event Span, moment 1: 0.0535595837
Exit [1]
769.89 user, 0.75 system, 774.46 elapsed -- Max VSize = 3236972KB, Max RSS = 564676KB
