statistics run
pnml2lts-sym spec/PNML/MultiwaySync.pnml -rsc,bg,vacm,mm,hf --graph-metrics --saturation=sat-like --order=chain --next-union --vset=lddmc --lddmc-cachesize=24 --lddmc-maxcachesize=24 --lddmc-tablesize=24 --lddmc-maxtablesize=24 --lace-workers=1 --peak-nodes
ctit012
pnml2lts-sym: Exploration order is chain
pnml2lts-sym: Saturation strategy is sat-like
pnml2lts-sym: Guided search strategy is unguided
pnml2lts-sym: Attractor strategy is default
pnml2lts-sym: opening spec/PNML/MultiwaySync.pnml
pnml2lts-sym: Petri net has 222 places, 472 transitions and 1496 arcs
pnml2lts-sym: There are 222 safe places
pnml2lts-sym: Petri net spec/PNML/MultiwaySync.pnml analyzed
pnml2lts-sym: Loading Petri net took 0.010 real 0.000 user 0.010 sys
pnml2lts-sym: Initializing regrouping layer
pnml2lts-sym: Regroup specification: sc,bg,vacm,mm,hf
pnml2lts-sym: Regroup Select Combined matrix
pnml2lts-sym: Regroup Bipartite Graph
pnml2lts-sym: Regroup ViennaCL's Advanced Cuthill McKee
pnml2lts-sym: bandwidth: 339
pnml2lts-sym: profile: 176617
pnml2lts-sym: span: 229425
pnml2lts-sym: average wavefront: 198.896
pnml2lts-sym: RMS wavefront: 217.003
pnml2lts-sym: Regroup Matrix Metrics
pnml2lts-sym: Reqroup Horizontal Flip
pnml2lts-sym: Regrouping: 472->472 groups
pnml2lts-sym: Regrouping took 0.020 real 0.020 user 0.000 sys
pnml2lts-sym: state vector length is 222; there are 472 groups and 222 guards
pnml2lts-sym: Creating a multi-core ListDD domain.
pnml2lts-sym: Using GBgetTransitionsShortR2W as next-state function
pnml2lts-sym: got initial state
pnml2lts-sym: vrel_add_act not supported; falling back to vrel_add_cpy
Killed [24]
1796.01 user, 1.93 system, 1801.35 elapsed -- Max VSize = 3675068KB, Max RSS = 973816KB
command-1704: line 5: 47172 CPU time limit exceeded memtime -c1800 -m4000000 pnml2lts-sym spec/PNML/MultiwaySync.pnml -rsc,bg,vacm,mm,hf --graph-metrics --saturation=sat-like --order=chain --next-union --vset=lddmc --lddmc-cachesize=24 --lddmc-maxcachesize=24 --lddmc-tablesize=24 --lddmc-maxtablesize=24 --lace-workers=1 --peak-nodes
