statistics run
pnml2lts-sym spec/PNML/soli0_square5.pnml -rsc,bg,bcm,mm,hf --graph-metrics --saturation=sat-like --order=chain --next-union --vset=lddmc --lddmc-cachesize=24 --lddmc-maxcachesize=24 --lddmc-tablesize=24 --lddmc-maxtablesize=24 --lace-workers=1 --peak-nodes
ctit010
pnml2lts-sym: Exploration order is chain
pnml2lts-sym: Saturation strategy is sat-like
pnml2lts-sym: Guided search strategy is unguided
pnml2lts-sym: Attractor strategy is default
pnml2lts-sym: opening spec/PNML/soli0_square5.pnml
pnml2lts-sym: Petri net has 50 places, 84 transitions and 456 arcs
pnml2lts-sym: There are 0 safe places
pnml2lts-sym: Petri net spec/PNML/soli0_square5.pnml analyzed
pnml2lts-sym: Loading Petri net took 0.010 real 0.000 user 0.000 sys
pnml2lts-sym: Initializing regrouping layer
pnml2lts-sym: Regroup specification: sc,bg,bcm,mm,hf
pnml2lts-sym: Regroup Select Combined matrix
pnml2lts-sym: Regroup Bipartite Graph
pnml2lts-sym: Regroup Boost's Cuthill McKee
pnml2lts-sym: bandwidth: 29
pnml2lts-sym: profile: 3127
pnml2lts-sym: span: 4896
pnml2lts-sym: average wavefront: 18.276
pnml2lts-sym: RMS wavefront: 19.447
pnml2lts-sym: Regroup Matrix Metrics
pnml2lts-sym: Reqroup Horizontal Flip
pnml2lts-sym: Regrouping: 84->84 groups
pnml2lts-sym: Regrouping took 0.000 real 0.010 user 0.000 sys
pnml2lts-sym: state vector length is 50; there are 84 groups and 50 guards
pnml2lts-sym: Creating a multi-core ListDD domain.
pnml2lts-sym: Using GBgetTransitionsShortR2W as next-state function
pnml2lts-sym: got initial state
pnml2lts-sym: vrel_add_act not supported; falling back to vrel_add_cpy
pnml2lts-sym: Exploration took 6004 group checks and 6004 next state calls
pnml2lts-sym: reachability took 20.340 real 20.040 user 0.190 sys
pnml2lts-sym: counting visited states...
pnml2lts-sym: counting took 0.000 real 0.000 user 0.000 sys
pnml2lts-sym: state space has 16098428 states, 78960 nodes
pnml2lts-sym: ( 78960 final BDD nodes; 99180 peak nodes )
pnml2lts-sym: group_next: 912 nodes total
pnml2lts-sym: group_explored: 912 nodes, 576 short vectors total
pnml2lts-sym: max token count: 1
Event Span: 1184
Normalized Event Span: 0.2819
Weighted Event Span, moment 1 (WES^1): 1556
Normalized Weighted Event Span, moment 1: 0.3705
Exit [0]
20.07 user, 0.25 system, 20.62 elapsed -- Max VSize = 3675068KB, Max RSS = 762964KB
