statistics run
pnml2lts-sym spec/PNML/PolyORB-NT-S10-J60-unfolded.pnml -rsc,bn,mm --graph-metrics --saturation=sat-like --order=chain --next-union --vset=lddmc --lddmc-cachesize=24 --lddmc-maxcachesize=24 --lddmc-tablesize=24 --lddmc-maxtablesize=24 --lace-workers=1 --peak-nodes
ctit029
pnml2lts-sym: Exploration order is chain
pnml2lts-sym: Saturation strategy is sat-like
pnml2lts-sym: Guided search strategy is unguided
pnml2lts-sym: Attractor strategy is default
pnml2lts-sym: opening spec/PNML/PolyORB-NT-S10-J60-unfolded.pnml
pnml2lts-sym: Petri net has 1234 places, 12920 transitions and 116879 arcs
pnml2lts-sym: There are 0 safe places
pnml2lts-sym: Petri net spec/PNML/PolyORB-NT-S10-J60-unfolded.pnml analyzed
pnml2lts-sym: Loading Petri net took 1.850 real 1.580 user 0.260 sys
pnml2lts-sym: Initializing regrouping layer
pnml2lts-sym: Regroup specification: sc,bn,mm
pnml2lts-sym: Regroup Select Combined matrix
pnml2lts-sym: Regroup Boost's None
pnml2lts-sym: bandwidth: 14144
pnml2lts-sym: profile: 110519816
pnml2lts-sym: span: 20521637
pnml2lts-sym: average wavefront: 878.90349
pnml2lts-sym: RMS wavefront: 940.331893
pnml2lts-sym: Regroup Matrix Metrics
pnml2lts-sym: Regrouping: 12920->12920 groups
pnml2lts-sym: Regrouping took 15.330 real 15.240 user 0.030 sys
pnml2lts-sym: state vector length is 1234; there are 12920 groups and 1269 guards
pnml2lts-sym: Creating a multi-core ListDD domain.
cache_create: Unable to allocate memory: Cannot allocate memory!
Event Span: 13011339
Normalized Event Span: 0.81610177
Weighted Event Span, moment 1 (WES^1): 23607350
Normalized Weighted Event Span, moment 1: 1.4807085
Exit [1]
16.82 user, 0.35 system, 17.42 elapsed -- Max VSize = 2899704KB, Max RSS = 269540KB
