statistics run
pnml2lts-sym spec/PNML/PolyORB-LF-S04-J04-T06-unfolded.pnml -rsc,tg,bcm,mm,hf --graph-metrics --saturation=sat-like --order=chain --next-union --vset=lddmc --lddmc-cachesize=24 --lddmc-maxcachesize=24 --lddmc-tablesize=24 --lddmc-maxtablesize=24 --lace-workers=1 --peak-nodes
ctit030
pnml2lts-sym: Exploration order is chain
pnml2lts-sym: Saturation strategy is sat-like
pnml2lts-sym: Guided search strategy is unguided
pnml2lts-sym: Attractor strategy is default
pnml2lts-sym: opening spec/PNML/PolyORB-LF-S04-J04-T06-unfolded.pnml
pnml2lts-sym: Petri net has 554 places, 2998 transitions and 20754 arcs
pnml2lts-sym: There are 0 safe places
pnml2lts-sym: Petri net spec/PNML/PolyORB-LF-S04-J04-T06-unfolded.pnml analyzed
pnml2lts-sym: Loading Petri net took 0.330 real 0.260 user 0.070 sys
pnml2lts-sym: Initializing regrouping layer
pnml2lts-sym: Regroup specification: sc,tg,bcm,mm,hf
pnml2lts-sym: Regroup Select Combined matrix
pnml2lts-sym: Regroup Total graph
pnml2lts-sym: Regroup Boost's Cuthill McKee
pnml2lts-sym: bandwidth: 14277
pnml2lts-sym: profile: 251623771
pnml2lts-sym: span: 318594598
pnml2lts-sym: average wavefront: 5111.57386
pnml2lts-sym: RMS wavefront: 5942.58684
pnml2lts-sym: Regroup Matrix Metrics
pnml2lts-sym: Reqroup Horizontal Flip
pnml2lts-sym: Regrouping: 2998->2998 groups
pnml2lts-sym: Regrouping took 45.240 real 45.080 user 0.010 sys
pnml2lts-sym: state vector length is 554; there are 2998 groups and 573 guards
pnml2lts-sym: Creating a multi-core ListDD domain.
pnml2lts-sym: Using GBgetTransitionsShortR2W as next-state function
pnml2lts-sym: got initial state
pnml2lts-sym: vrel_add_act not supported; falling back to vrel_add_cpy
Killed [24]
1794.15 user, 0.86 system, 1801.65 elapsed -- Max VSize = 3676660KB, Max RSS = 824344KB
command-2090: line 5: 38695 CPU time limit exceeded memtime -c1800 -m4000000 pnml2lts-sym spec/PNML/PolyORB-LF-S04-J04-T06-unfolded.pnml -rsc,tg,bcm,mm,hf --graph-metrics --saturation=sat-like --order=chain --next-union --vset=lddmc --lddmc-cachesize=24 --lddmc-maxcachesize=24 --lddmc-tablesize=24 --lddmc-maxtablesize=24 --lace-workers=1 --peak-nodes
