statistics run
pnml2lts-sym spec/PNML/HouseConstruction-010.pnml -rsc,tg,bk,mm,hf --graph-metrics --saturation=sat-like --order=chain --next-union --vset=lddmc --lddmc-cachesize=24 --lddmc-maxcachesize=24 --lddmc-tablesize=24 --lddmc-maxtablesize=24 --lace-workers=1 --peak-nodes
ctit017
pnml2lts-sym: Exploration order is chain
pnml2lts-sym: Saturation strategy is sat-like
pnml2lts-sym: Guided search strategy is unguided
pnml2lts-sym: Attractor strategy is default
pnml2lts-sym: opening spec/PNML/HouseConstruction-010.pnml
pnml2lts-sym: Petri net has 26 places, 18 transitions and 51 arcs
pnml2lts-sym: There are 0 safe places
pnml2lts-sym: Petri net spec/PNML/HouseConstruction-010.pnml analyzed
pnml2lts-sym: Loading Petri net took 0.010 real 0.000 user 0.000 sys
pnml2lts-sym: Initializing regrouping layer
pnml2lts-sym: Regroup specification: sc,tg,bk,mm,hf
pnml2lts-sym: Regroup Select Combined matrix
pnml2lts-sym: Regroup Total graph
pnml2lts-sym: Regroup Boost's King
pnml2lts-sym: bandwidth: 14
pnml2lts-sym: profile: 1024
pnml2lts-sym: span: 1573
pnml2lts-sym: average wavefront: 8.537
pnml2lts-sym: RMS wavefront: 9.333
pnml2lts-sym: Regroup Matrix Metrics
pnml2lts-sym: Reqroup Horizontal Flip
pnml2lts-sym: Regrouping: 18->18 groups
pnml2lts-sym: Regrouping took 0.000 real 0.000 user 0.000 sys
pnml2lts-sym: state vector length is 26; there are 18 groups and 26 guards
pnml2lts-sym: Creating a multi-core ListDD domain.
pnml2lts-sym: Using GBgetTransitionsShortR2W as next-state function
pnml2lts-sym: got initial state
pnml2lts-sym: vrel_add_act not supported; falling back to vrel_add_cpy
pnml2lts-sym: Exploration took 462 group checks and 462 next state calls
pnml2lts-sym: reachability took 6.580 real 6.370 user 0.180 sys
pnml2lts-sym: counting visited states...
pnml2lts-sym: counting took 0.010 real 0.000 user 0.000 sys
pnml2lts-sym: state space has 1663565805 states, 179498 nodes
pnml2lts-sym: ( 179498 final BDD nodes; 179498 peak nodes )
pnml2lts-sym: group_next: 3510 nodes total
pnml2lts-sym: group_explored: 2596 nodes, 10208 short vectors total
pnml2lts-sym: max token count: 10
Event Span: 98
Normalized Event Span: 0.209
Weighted Event Span, moment 1 (WES^1): 123
Normalized Weighted Event Span, moment 1: 0.263
Exit [0]
6.39 user, 0.25 system, 6.81 elapsed -- Max VSize = 3675068KB, Max RSS = 747788KB
