performance run
pnml2lts-sym spec/PNML/BridgeAndVehicles-V20-P10-N10-unfolded.pnml --saturation=sat-like --order=chain --next-union --vset=lddmc --lddmc-cachesize=24 --lddmc-maxcachesize=24 --lddmc-tablesize=24 --lddmc-maxtablesize=24 --lace-workers=1
ctit003
pnml2lts-sym: Exploration order is chain
pnml2lts-sym: Saturation strategy is sat-like
pnml2lts-sym: Guided search strategy is unguided
pnml2lts-sym: Attractor strategy is default
pnml2lts-sym: opening spec/PNML/BridgeAndVehicles-V20-P10-N10-unfolded.pnml
pnml2lts-sym: Petri net has 68 places, 548 transitions and 4070 arcs
pnml2lts-sym: There are 0 safe places
pnml2lts-sym: Petri net spec/PNML/BridgeAndVehicles-V20-P10-N10-unfolded.pnml analyzed
pnml2lts-sym: Loading Petri net took 0.030 real 0.020 user 0.010 sys
pnml2lts-sym: state vector length is 68; there are 548 groups and 67 guards
pnml2lts-sym: Creating a multi-core ListDD domain.
pnml2lts-sym: Using GBgetTransitionsShortR2W as next-state function
pnml2lts-sym: got initial state
pnml2lts-sym: vrel_add_act not supported; falling back to vrel_add_cpy
pnml2lts-sym: Exploration took 89249 group checks and 89249 next state calls
pnml2lts-sym: reachability took 152.220 real 151.670 user 0.290 sys
pnml2lts-sym: counting visited states...
pnml2lts-sym: counting took 0.040 real 0.040 user 0.000 sys
pnml2lts-sym: state space has 6732570 states, 140878 nodes
pnml2lts-sym: group_next: 9503 nodes total
pnml2lts-sym: group_explored: 31639 nodes, 50042 short vectors total
pnml2lts-sym: max token count: 20
Exit [0]
151.76 user, 0.36 system, 152.45 elapsed -- Max VSize = 3675072KB, Max RSS = 845976KB
