statistics run
pnml2lts-sym spec/PNML/rwmutex-r10w50.pnml -rsc,bg,bcm,mm,hf --graph-metrics --saturation=sat-like --order=chain --next-union --vset=lddmc --lddmc-cachesize=24 --lddmc-maxcachesize=24 --lddmc-tablesize=24 --lddmc-maxtablesize=24 --lace-workers=1 --peak-nodes
ctit029
pnml2lts-sym: Exploration order is chain
pnml2lts-sym: Saturation strategy is sat-like
pnml2lts-sym: Guided search strategy is unguided
pnml2lts-sym: Attractor strategy is default
pnml2lts-sym: opening spec/PNML/rwmutex-r10w50.pnml
pnml2lts-sym: Petri net has 130 places, 120 transitions and 1260 arcs
pnml2lts-sym: There are 0 safe places
pnml2lts-sym: Petri net spec/PNML/rwmutex-r10w50.pnml analyzed
pnml2lts-sym: Loading Petri net took 0.010 real 0.010 user 0.000 sys
pnml2lts-sym: Initializing regrouping layer
pnml2lts-sym: Regroup specification: sc,bg,bcm,mm,hf
pnml2lts-sym: Regroup Select Combined matrix
pnml2lts-sym: Regroup Bipartite Graph
pnml2lts-sym: Regroup Boost's Cuthill McKee
pnml2lts-sym: bandwidth: 159
pnml2lts-sym: profile: 28067
pnml2lts-sym: span: 25683
pnml2lts-sym: average wavefront: 50.592
pnml2lts-sym: RMS wavefront: 60.201
pnml2lts-sym: Regroup Matrix Metrics
pnml2lts-sym: Reqroup Horizontal Flip
pnml2lts-sym: Regrouping: 120->120 groups
pnml2lts-sym: Regrouping took 0.000 real 0.000 user 0.000 sys
pnml2lts-sym: state vector length is 130; there are 120 groups and 130 guards
pnml2lts-sym: Creating a multi-core ListDD domain.
pnml2lts-sym: Using GBgetTransitionsShortR2W as next-state function
pnml2lts-sym: got initial state
pnml2lts-sym: vrel_add_act not supported; falling back to vrel_add_cpy
pnml2lts-sym: Exploration took 900 group checks and 900 next state calls
pnml2lts-sym: reachability took 2.010 real 1.820 user 0.180 sys
pnml2lts-sym: counting visited states...
pnml2lts-sym: counting took 0.000 real 0.000 user 0.000 sys
pnml2lts-sym: state space has 1074 states, 53467 nodes
pnml2lts-sym: ( 53467 final BDD nodes; 53467 peak nodes )
pnml2lts-sym: group_next: 2520 nodes total
pnml2lts-sym: group_explored: 3538 nodes, 102560 short vectors total
pnml2lts-sym: max token count: 1
Event Span: 8140
Normalized Event Span: 0.52179
Weighted Event Span, moment 1 (WES^1): 11015
Normalized Weighted Event Span, moment 1: 0.70612
Exit [0]
1.85 user, 0.25 system, 2.30 elapsed -- Max VSize = 3675068KB, Max RSS = 734640KB
