performance run
pnml2lts-sym spec/PNML/ARMCacheCoherence.pnml -rsc,bg,vgps,hf --saturation=sat-like --order=chain --next-union --vset=lddmc --lddmc-cachesize=24 --lddmc-maxcachesize=24 --lddmc-tablesize=24 --lddmc-maxtablesize=24 --lace-workers=1 --peak-nodes
ctit009
pnml2lts-sym: Exploration order is chain
pnml2lts-sym: Saturation strategy is sat-like
pnml2lts-sym: Guided search strategy is unguided
pnml2lts-sym: Attractor strategy is default
pnml2lts-sym: opening spec/PNML/ARMCacheCoherence.pnml
pnml2lts-sym: Petri net has 87 places, 33676 transitions and 246935 arcs
pnml2lts-sym: There are 87 safe places
pnml2lts-sym: Petri net spec/PNML/ARMCacheCoherence.pnml analyzed
pnml2lts-sym: Loading Petri net took 2.220 real 1.720 user 0.480 sys
pnml2lts-sym: Initializing regrouping layer
pnml2lts-sym: Regroup specification: sc,bg,vgps,hf
pnml2lts-sym: Regroup Select Combined matrix
pnml2lts-sym: Regroup Bipartite Graph
pnml2lts-sym: Regroup ViennaCL's Gibbs Poole Stockmeyer
pnml2lts-sym: Reqroup Horizontal Flip
pnml2lts-sym: Regrouping: 33676->33676 groups
pnml2lts-sym: Regrouping took 370.700 real 369.140 user 0.060 sys
pnml2lts-sym: state vector length is 87; there are 33676 groups and 87 guards
pnml2lts-sym: Creating a multi-core ListDD domain.
cache_create: Unable to allocate memory: Cannot allocate memory!
Exit [1]
370.87 user, 0.60 system, 373.07 elapsed -- Max VSize = 3032104KB, Max RSS = 354752KB
