performance run
pnml2lts-sym spec/PNML/2D8_gradient_50x50_100.pnml --saturation=sat-like --order=chain --next-union --vset=lddmc --lddmc-cachesize=24 --lddmc-maxcachesize=24 --lddmc-tablesize=24 --lddmc-maxtablesize=24 --lace-workers=1
ctit011
pnml2lts-sym: Exploration order is chain
pnml2lts-sym: Saturation strategy is sat-like
pnml2lts-sym: Guided search strategy is unguided
pnml2lts-sym: Attractor strategy is default
pnml2lts-sym: opening spec/PNML/2D8_gradient_50x50_100.pnml
pnml2lts-sym: Petri net has 2500 places, 19404 transitions and 38808 arcs
pnml2lts-sym: There are 0 safe places
pnml2lts-sym: Petri net spec/PNML/2D8_gradient_50x50_100.pnml analyzed
pnml2lts-sym: Loading Petri net took 1.480 real 1.390 user 0.080 sys
pnml2lts-sym: state vector length is 2500; there are 19404 groups and 2500 guards
pnml2lts-sym: Creating a multi-core ListDD domain.
pnml2lts-sym: Using GBgetTransitionsShortR2W as next-state function
pnml2lts-sym: got initial state
pnml2lts-sym: vrel_add_act not supported; falling back to vrel_add_cpy
MDD Unique table full, 15305347 of 16777216 buckets filled!
Exit [1]
357.59 user, 3.04 system, 361.33 elapsed -- Max VSize = 3773744KB, Max RSS = 1116524KB
