performance run
pnml2lts-sym spec/PNML/raft_05.pnml -rsc,bg,bs,hf --saturation=sat-like --order=chain --next-union --vset=lddmc --lddmc-cachesize=24 --lddmc-maxcachesize=24 --lddmc-tablesize=24 --lddmc-maxtablesize=24 --lace-workers=1 --peak-nodes
ctit008
pnml2lts-sym: Exploration order is chain
pnml2lts-sym: Saturation strategy is sat-like
pnml2lts-sym: Guided search strategy is unguided
pnml2lts-sym: Attractor strategy is default
pnml2lts-sym: opening spec/PNML/raft_05.pnml
pnml2lts-sym: Petri net has 133 places, 238 transitions and 864 arcs
pnml2lts-sym: There are 133 safe places
pnml2lts-sym: Petri net spec/PNML/raft_05.pnml analyzed
pnml2lts-sym: Loading Petri net took 0.010 real 0.010 user 0.000 sys
pnml2lts-sym: Initializing regrouping layer
pnml2lts-sym: Regroup specification: sc,bg,bs,hf
pnml2lts-sym: Regroup Select Combined matrix
pnml2lts-sym: Regroup Bipartite Graph
pnml2lts-sym: Regroup Boost's Sloan
pnml2lts-sym: Reqroup Horizontal Flip
pnml2lts-sym: Regrouping: 238->238 groups
pnml2lts-sym: Regrouping took 0.000 real 0.000 user 0.000 sys
pnml2lts-sym: state vector length is 133; there are 238 groups and 133 guards
pnml2lts-sym: Creating a multi-core ListDD domain.
pnml2lts-sym: Using GBgetTransitionsShortR2W as next-state function
pnml2lts-sym: got initial state
pnml2lts-sym: vrel_add_act not supported; falling back to vrel_add_cpy
pnml2lts-sym: Exploration took 32355 group checks and 32355 next state calls
pnml2lts-sym: reachability took 11.490 real 11.270 user 0.180 sys
pnml2lts-sym: counting visited states...
pnml2lts-sym: counting took 0.000 real 0.000 user 0.000 sys
pnml2lts-sym: state space has 5.93794647940221e+18 states, 23701 nodes
pnml2lts-sym: ( 23701 final BDD nodes; 34412 peak nodes )
pnml2lts-sym: group_next: 1144 nodes total
pnml2lts-sym: group_explored: 840 nodes, 840 short vectors total
pnml2lts-sym: max token count: 1
Exit [0]
11.29 user, 0.26 system, 11.71 elapsed -- Max VSize = 3675064KB, Max RSS = 761260KB
