performance run
pnml2lts-sym spec/PNML/erk-000010.pnml -rsc,tg,vgps,hf --saturation=sat-like --order=chain --next-union --vset=lddmc --lddmc-cachesize=24 --lddmc-maxcachesize=24 --lddmc-tablesize=24 --lddmc-maxtablesize=24 --lace-workers=1 --peak-nodes
ctit011
pnml2lts-sym: Exploration order is chain
pnml2lts-sym: Saturation strategy is sat-like
pnml2lts-sym: Guided search strategy is unguided
pnml2lts-sym: Attractor strategy is default
pnml2lts-sym: opening spec/PNML/erk-000010.pnml
pnml2lts-sym: Petri net has 11 places, 11 transitions and 34 arcs
pnml2lts-sym: There are 0 safe places
pnml2lts-sym: Petri net spec/PNML/erk-000010.pnml analyzed
pnml2lts-sym: Loading Petri net took 0.000 real 0.000 user 0.000 sys
pnml2lts-sym: Initializing regrouping layer
pnml2lts-sym: Regroup specification: sc,tg,vgps,hf
pnml2lts-sym: Regroup Select Combined matrix
pnml2lts-sym: Regroup Total graph
pnml2lts-sym: Regroup ViennaCL's Gibbs Poole Stockmeyer
pnml2lts-sym: Reqroup Horizontal Flip
pnml2lts-sym: Regrouping: 11->11 groups
pnml2lts-sym: Regrouping took 0.000 real 0.000 user 0.000 sys
pnml2lts-sym: state vector length is 11; there are 11 groups and 11 guards
pnml2lts-sym: Creating a multi-core ListDD domain.
pnml2lts-sym: Using GBgetTransitionsShortR2W as next-state function
pnml2lts-sym: got initial state
pnml2lts-sym: vrel_add_act not supported; falling back to vrel_add_cpy
pnml2lts-sym: Exploration took 266 group checks and 266 next state calls
pnml2lts-sym: reachability took 0.230 real 0.050 user 0.170 sys
pnml2lts-sym: counting visited states...
pnml2lts-sym: counting took 0.000 real 0.000 user 0.000 sys
pnml2lts-sym: state space has 47047 states, 396 nodes
pnml2lts-sym: ( 396 final BDD nodes; 946 peak nodes )
pnml2lts-sym: group_next: 1310 nodes total
pnml2lts-sym: group_explored: 1144 nodes, 4411 short vectors total
pnml2lts-sym: max token count: 10
Exit [0]
0.05 user, 0.23 system, 0.40 elapsed -- Max VSize = 3675064KB, Max RSS = 632816KB
