statistics run
pnml2lts-sym spec/PNML/SafeBus-20-unfolded.pnml -rsc,tg,bk,mm,hf --graph-metrics --saturation=sat-like --order=chain --next-union --vset=lddmc --lddmc-cachesize=24 --lddmc-maxcachesize=24 --lddmc-tablesize=24 --lddmc-maxtablesize=24 --lace-workers=1 --peak-nodes
ctit029
pnml2lts-sym: Exploration order is chain
pnml2lts-sym: Saturation strategy is sat-like
pnml2lts-sym: Guided search strategy is unguided
pnml2lts-sym: Attractor strategy is default
pnml2lts-sym: opening spec/PNML/SafeBus-20-unfolded.pnml
pnml2lts-sym: Petri net has 1026 places, 10461 transitions and 77364 arcs
pnml2lts-sym: There are 0 safe places
pnml2lts-sym: Petri net spec/PNML/SafeBus-20-unfolded.pnml analyzed
pnml2lts-sym: Loading Petri net took 1.060 real 0.900 user 0.150 sys
pnml2lts-sym: Initializing regrouping layer
pnml2lts-sym: Regroup specification: sc,tg,bk,mm,hf
pnml2lts-sym: Regroup Select Combined matrix
pnml2lts-sym: Regroup Total graph
pnml2lts-sym: Regroup Boost's King
pnml2lts-sym: bandwidth: 54824
pnml2lts-sym: profile: 2619388271
pnml2lts-sym: span: 2852747004
pnml2lts-sym: average wavefront: 10019.7491
pnml2lts-sym: RMS wavefront: 11392.86317
pnml2lts-sym: Regroup Matrix Metrics
pnml2lts-sym: Reqroup Horizontal Flip
pnml2lts-sym: Regrouping: 10461->10461 groups
pnml2lts-sym: Regrouping took 467.340 real 465.110 user 0.150 sys
pnml2lts-sym: state vector length is 1026; there are 10461 groups and 1026 guards
pnml2lts-sym: Creating a multi-core ListDD domain.
cache_create: Unable to allocate memory: Cannot allocate memory!
Event Span: 7667461
Normalized Event Span: 0.71438284
Weighted Event Span, moment 1 (WES^1): 11834727
Normalized Weighted Event Span, moment 1: 1.10265
Exit [1]
466.02 user, 0.34 system, 468.58 elapsed -- Max VSize = 2828516KB, Max RSS = 169804KB
