statistics run
pnml2lts-sym spec/PNML/BridgeAndVehicles-V20-P20-N50-unfolded.pnml -rsc,tg,vcm,mm,hf --graph-metrics --saturation=sat-like --order=chain --next-union --vset=lddmc --lddmc-cachesize=24 --lddmc-maxcachesize=24 --lddmc-tablesize=24 --lddmc-maxtablesize=24 --lace-workers=1 --peak-nodes
ctit039
pnml2lts-sym: Exploration order is chain
pnml2lts-sym: Saturation strategy is sat-like
pnml2lts-sym: Guided search strategy is unguided
pnml2lts-sym: Attractor strategy is default
pnml2lts-sym: opening spec/PNML/BridgeAndVehicles-V20-P20-N50-unfolded.pnml
pnml2lts-sym: Petri net has 108 places, 2228 transitions and 17190 arcs
pnml2lts-sym: There are 0 safe places
pnml2lts-sym: Petri net spec/PNML/BridgeAndVehicles-V20-P20-N50-unfolded.pnml analyzed
pnml2lts-sym: Loading Petri net took 0.260 real 0.150 user 0.030 sys
pnml2lts-sym: Initializing regrouping layer
pnml2lts-sym: Regroup specification: sc,tg,vcm,mm,hf
pnml2lts-sym: Regroup Select Combined matrix
pnml2lts-sym: Regroup Total graph
pnml2lts-sym: Regroup ViennaCL's Cuthill McKee
pnml2lts-sym: bandwidth: 10837
pnml2lts-sym: profile: 96518170
pnml2lts-sym: span: 128405651
pnml2lts-sym: average wavefront: 5133.20352
pnml2lts-sym: RMS wavefront: 5858.29974
pnml2lts-sym: Regroup Matrix Metrics
pnml2lts-sym: Reqroup Horizontal Flip
pnml2lts-sym: Regrouping: 2228->2228 groups
pnml2lts-sym: Regrouping took 27.280 real 24.510 user 0.000 sys
pnml2lts-sym: state vector length is 108; there are 2228 groups and 107 guards
pnml2lts-sym: Creating a multi-core ListDD domain.
pnml2lts-sym: Using GBgetTransitionsShortR2W as next-state function
pnml2lts-sym: got initial state
pnml2lts-sym: vrel_add_act not supported; falling back to vrel_add_cpy
slurmd[ctit039]: *** STEP 1644345.0 CANCELLED AT 2016-02-24T09:06:16 DUE TO TIME LIMIT ***
