performance run
pnml2lts-sym spec/PNML/raft_07.pnml -rsc,tg,vcm,hf --saturation=sat-like --order=chain --next-union --vset=lddmc --lddmc-cachesize=24 --lddmc-maxcachesize=24 --lddmc-tablesize=24 --lddmc-maxtablesize=24 --lace-workers=1 --peak-nodes
ctit011
pnml2lts-sym: Exploration order is chain
pnml2lts-sym: Saturation strategy is sat-like
pnml2lts-sym: Guided search strategy is unguided
pnml2lts-sym: Attractor strategy is default
pnml2lts-sym: opening spec/PNML/raft_07.pnml
pnml2lts-sym: Petri net has 253 places, 442 transitions and 1664 arcs
pnml2lts-sym: There are 253 safe places
pnml2lts-sym: Petri net spec/PNML/raft_07.pnml analyzed
pnml2lts-sym: Loading Petri net took 0.010 real 0.010 user 0.000 sys
pnml2lts-sym: Initializing regrouping layer
pnml2lts-sym: Regroup specification: sc,tg,vcm,hf
pnml2lts-sym: Regroup Select Combined matrix
pnml2lts-sym: Regroup Total graph
pnml2lts-sym: Regroup ViennaCL's Cuthill McKee
pnml2lts-sym: Reqroup Horizontal Flip
pnml2lts-sym: Regrouping: 442->442 groups
pnml2lts-sym: Regrouping took 0.010 real 0.020 user 0.000 sys
pnml2lts-sym: state vector length is 253; there are 442 groups and 253 guards
pnml2lts-sym: Creating a multi-core ListDD domain.
pnml2lts-sym: Using GBgetTransitionsShortR2W as next-state function
pnml2lts-sym: got initial state
pnml2lts-sym: vrel_add_act not supported; falling back to vrel_add_cpy
MDD Unique table full, 15247461 of 16777216 buckets filled!
Exit [1]
276.98 user, 1.79 system, 279.37 elapsed -- Max VSize = 3675064KB, Max RSS = 974676KB
