performance run
pnml2lts-sym spec/PNML/QCertifProtocol_10-unfold.pnml -rsc,bg,vgps,hf --saturation=sat-like --order=chain --next-union --vset=lddmc --lddmc-cachesize=24 --lddmc-maxcachesize=24 --lddmc-tablesize=24 --lddmc-maxtablesize=24 --lace-workers=1 --peak-nodes
ctit038
pnml2lts-sym: Exploration order is chain
pnml2lts-sym: Saturation strategy is sat-like
pnml2lts-sym: Guided search strategy is unguided
pnml2lts-sym: Attractor strategy is default
pnml2lts-sym: opening spec/PNML/QCertifProtocol_10-unfold.pnml
pnml2lts-sym: Petri net has 550 places, 176 transitions and 1287 arcs
pnml2lts-sym: There are 0 safe places
pnml2lts-sym: Petri net spec/PNML/QCertifProtocol_10-unfold.pnml analyzed
pnml2lts-sym: Loading Petri net took 0.030 real 0.020 user 0.010 sys
pnml2lts-sym: Initializing regrouping layer
pnml2lts-sym: Regroup specification: sc,bg,vgps,hf
pnml2lts-sym: Regroup Select Combined matrix
pnml2lts-sym: Regroup Bipartite Graph
pnml2lts-sym: Regroup ViennaCL's Gibbs Poole Stockmeyer
pnml2lts-sym: Reqroup Horizontal Flip
pnml2lts-sym: Regrouping: 176->176 groups
pnml2lts-sym: Regrouping took 0.020 real 0.020 user 0.000 sys
pnml2lts-sym: state vector length is 550; there are 176 groups and 524 guards
pnml2lts-sym: Creating a multi-core ListDD domain.
pnml2lts-sym: Using GBgetTransitionsShortR2W as next-state function
pnml2lts-sym: got initial state
pnml2lts-sym: vrel_add_act not supported; falling back to vrel_add_cpy
MDD Unique table full, 14948103 of 16777216 buckets filled!
Exit [1]
47.30 user, 0.79 system, 48.44 elapsed -- Max VSize = 3675064KB, Max RSS = 973636KB
