performance run
pnml2lts-sym spec/PNML/unf-8x8-4stageSEN-01.pnml -rsc,bg,vgps,hf --saturation=sat-like --order=chain --next-union --vset=lddmc --lddmc-cachesize=24 --lddmc-maxcachesize=24 --lddmc-tablesize=24 --lddmc-maxtablesize=24 --lace-workers=1 --peak-nodes
ctit019
pnml2lts-sym: Exploration order is chain
pnml2lts-sym: Saturation strategy is sat-like
pnml2lts-sym: Guided search strategy is unguided
pnml2lts-sym: Attractor strategy is default
pnml2lts-sym: opening spec/PNML/unf-8x8-4stageSEN-01.pnml
pnml2lts-sym: Petri net has 168 places, 592 transitions and 3456 arcs
pnml2lts-sym: There are 0 safe places
pnml2lts-sym: Petri net spec/PNML/unf-8x8-4stageSEN-01.pnml analyzed
pnml2lts-sym: Loading Petri net took 0.030 real 0.020 user 0.010 sys
pnml2lts-sym: Initializing regrouping layer
pnml2lts-sym: Regroup specification: sc,bg,vgps,hf
pnml2lts-sym: Regroup Select Combined matrix
pnml2lts-sym: Regroup Bipartite Graph
pnml2lts-sym: Regroup ViennaCL's Gibbs Poole Stockmeyer
pnml2lts-sym: Reqroup Horizontal Flip
pnml2lts-sym: Regrouping: 592->592 groups
pnml2lts-sym: Regrouping took 0.020 real 0.030 user 0.000 sys
pnml2lts-sym: state vector length is 168; there are 592 groups and 104 guards
pnml2lts-sym: Creating a multi-core ListDD domain.
pnml2lts-sym: Using GBgetTransitionsShortR2W as next-state function
pnml2lts-sym: got initial state
pnml2lts-sym: vrel_add_act not supported; falling back to vrel_add_cpy
pnml2lts-sym: Exploration took 23670 group checks and 23670 next state calls
pnml2lts-sym: reachability took 23.550 real 23.290 user 0.170 sys
pnml2lts-sym: counting visited states...
pnml2lts-sym: counting took 0.010 real 0.000 user 0.000 sys
pnml2lts-sym: state space has 52537 states, 51746 nodes
pnml2lts-sym: ( 51746 final BDD nodes; 58788 peak nodes )
pnml2lts-sym: group_next: 6224 nodes total
pnml2lts-sym: group_explored: 13464 nodes, 9596 short vectors total
pnml2lts-sym: max token count: 1
Exit [0]
23.39 user, 0.24 system, 23.92 elapsed -- Max VSize = 3675072KB, Max RSS = 750976KB
