statistics run
pnml2lts-sym spec/PNML/dekker-10.pnml -rsc,bn,mm --graph-metrics --saturation=sat-like --order=chain --next-union --vset=lddmc --lddmc-cachesize=24 --lddmc-maxcachesize=24 --lddmc-tablesize=24 --lddmc-maxtablesize=24 --lace-workers=1 --peak-nodes
ctit014
pnml2lts-sym: Exploration order is chain
pnml2lts-sym: Saturation strategy is sat-like
pnml2lts-sym: Guided search strategy is unguided
pnml2lts-sym: Attractor strategy is default
pnml2lts-sym: opening spec/PNML/dekker-10.pnml
pnml2lts-sym: Petri net has 50 places, 120 transitions and 820 arcs
pnml2lts-sym: There are 0 safe places
pnml2lts-sym: Petri net spec/PNML/dekker-10.pnml analyzed
pnml2lts-sym: Loading Petri net took 0.010 real 0.000 user 0.000 sys
pnml2lts-sym: Initializing regrouping layer
pnml2lts-sym: Regroup specification: sc,bn,mm
pnml2lts-sym: Regroup Select Combined matrix
pnml2lts-sym: Regroup Boost's None
pnml2lts-sym: bandwidth: 141
pnml2lts-sym: profile: 16969
pnml2lts-sym: span: 6025
pnml2lts-sym: average wavefront: 32.641
pnml2lts-sym: RMS wavefront: 35.067
pnml2lts-sym: Regroup Matrix Metrics
pnml2lts-sym: Regrouping: 120->120 groups
pnml2lts-sym: Regrouping took 0.000 real 0.000 user 0.000 sys
pnml2lts-sym: state vector length is 50; there are 120 groups and 50 guards
pnml2lts-sym: Creating a multi-core ListDD domain.
pnml2lts-sym: Using GBgetTransitionsShortR2W as next-state function
pnml2lts-sym: got initial state
pnml2lts-sym: vrel_add_act not supported; falling back to vrel_add_cpy
pnml2lts-sym: Exploration took 480 group checks and 480 next state calls
pnml2lts-sym: reachability took 0.770 real 0.580 user 0.200 sys
pnml2lts-sym: counting visited states...
pnml2lts-sym: counting took 0.000 real 0.000 user 0.000 sys
pnml2lts-sym: state space has 6144 states, 13772 nodes
pnml2lts-sym: ( 13772 final BDD nodes; 13772 peak nodes )
pnml2lts-sym: group_next: 1280 nodes total
pnml2lts-sym: group_explored: 1490 nodes, 15960 short vectors total
pnml2lts-sym: max token count: 1
Event Span: 3573
Normalized Event Span: 0.5955
Weighted Event Span, moment 1 (WES^1): 6296
Normalized Weighted Event Span, moment 1: 1.049
Exit [0]
0.58 user, 0.28 system, 1.10 elapsed -- Max VSize = 3675068KB, Max RSS = 731472KB
