performance run
pnml2lts-sym spec/PNML/IBM319.pnml -rsc,tg,vcm,hf --saturation=sat-like --order=chain --next-union --vset=lddmc --lddmc-cachesize=24 --lddmc-maxcachesize=24 --lddmc-tablesize=24 --lddmc-maxtablesize=24 --lace-workers=1 --peak-nodes
ctit039
pnml2lts-sym: Exploration order is chain
pnml2lts-sym: Saturation strategy is sat-like
pnml2lts-sym: Guided search strategy is unguided
pnml2lts-sym: Attractor strategy is default
pnml2lts-sym: opening spec/PNML/IBM319.pnml
pnml2lts-sym: Petri net has 253 places, 178 transitions and 526 arcs
pnml2lts-sym: There are 0 safe places
pnml2lts-sym: Petri net spec/PNML/IBM319.pnml analyzed
pnml2lts-sym: Loading Petri net took 0.020 real 0.000 user 0.010 sys
pnml2lts-sym: Initializing regrouping layer
pnml2lts-sym: Regroup specification: sc,tg,vcm,hf
pnml2lts-sym: Regroup Select Combined matrix
pnml2lts-sym: Regroup Total graph
pnml2lts-sym: Regroup ViennaCL's Cuthill McKee
pnml2lts-sym: Reqroup Horizontal Flip
pnml2lts-sym: Regrouping: 178->178 groups
pnml2lts-sym: Regrouping took 0.000 real 0.010 user 0.000 sys
pnml2lts-sym: state vector length is 253; there are 178 groups and 245 guards
pnml2lts-sym: Creating a multi-core ListDD domain.
pnml2lts-sym: Using GBgetTransitionsShortR2W as next-state function
pnml2lts-sym: got initial state
pnml2lts-sym: vrel_add_act not supported; falling back to vrel_add_cpy
pnml2lts-sym: Exploration took 4909 group checks and 4909 next state calls
pnml2lts-sym: reachability took 0.610 real 0.380 user 0.210 sys
pnml2lts-sym: counting visited states...
pnml2lts-sym: counting took 0.000 real 0.000 user 0.000 sys
pnml2lts-sym: state space has 2482 states, 1548 nodes
pnml2lts-sym: ( 1548 final BDD nodes; 1862 peak nodes )
pnml2lts-sym: group_next: 1008 nodes total
pnml2lts-sym: group_explored: 1222 nodes, 547 short vectors total
pnml2lts-sym: max token count: 1
Exit [0]
0.40 user, 0.28 system, 0.80 elapsed -- Max VSize = 3675064KB, Max RSS = 734684KB
