performance run
pnml2lts-sym spec/PNML/eratosthenes-200.pnml -rsc,bg,bcm,hf --saturation=sat-like --order=chain --next-union --vset=lddmc --lddmc-cachesize=24 --lddmc-maxcachesize=24 --lddmc-tablesize=24 --lddmc-maxtablesize=24 --lace-workers=1 --peak-nodes
ctit027
pnml2lts-sym: Exploration order is chain
pnml2lts-sym: Saturation strategy is sat-like
pnml2lts-sym: Guided search strategy is unguided
pnml2lts-sym: Attractor strategy is default
pnml2lts-sym: opening spec/PNML/eratosthenes-200.pnml
pnml2lts-sym: Petri net has 199 places, 699 transitions and 2097 arcs
pnml2lts-sym: There are 0 safe places
pnml2lts-sym: Petri net spec/PNML/eratosthenes-200.pnml analyzed
pnml2lts-sym: Loading Petri net took 0.030 real 0.020 user 0.010 sys
pnml2lts-sym: Initializing regrouping layer
pnml2lts-sym: Regroup specification: sc,bg,bcm,hf
pnml2lts-sym: Regroup Select Combined matrix
pnml2lts-sym: Regroup Bipartite Graph
pnml2lts-sym: Regroup Boost's Cuthill McKee
pnml2lts-sym: Reqroup Horizontal Flip
pnml2lts-sym: Regrouping: 699->699 groups
pnml2lts-sym: Regrouping took 0.010 real 0.010 user 0.000 sys
pnml2lts-sym: state vector length is 199; there are 699 groups and 178 guards
pnml2lts-sym: Creating a multi-core ListDD domain.
pnml2lts-sym: Using GBgetTransitionsShortR2W as next-state function
pnml2lts-sym: got initial state
pnml2lts-sym: vrel_add_act not supported; falling back to vrel_add_cpy
pnml2lts-sym: Exploration took 5552 group checks and 5552 next state calls
pnml2lts-sym: reachability took 0.530 real 0.350 user 0.180 sys
pnml2lts-sym: counting visited states...
pnml2lts-sym: counting took 0.000 real 0.000 user 0.000 sys
pnml2lts-sym: state space has 1.14179815416477e+46 states, 352 nodes
pnml2lts-sym: ( 352 final BDD nodes; 352 peak nodes )
pnml2lts-sym: group_next: 2796 nodes total
pnml2lts-sym: group_explored: 2473 nodes, 2150 short vectors total
pnml2lts-sym: max token count: 1
Exit [0]
0.45 user, 0.26 system, 0.80 elapsed -- Max VSize = 3675072KB, Max RSS = 738540KB
