performance run
pnml2lts-sym spec/PNML/2D8_gradient_10x10_10.pnml --saturation=sat-like --order=chain --next-union --vset=lddmc --lddmc-cachesize=24 --lddmc-maxcachesize=24 --lddmc-tablesize=24 --lddmc-maxtablesize=24 --lace-workers=1
ctit042
pnml2lts-sym: Exploration order is chain
pnml2lts-sym: Saturation strategy is sat-like
pnml2lts-sym: Guided search strategy is unguided
pnml2lts-sym: Attractor strategy is default
pnml2lts-sym: opening spec/PNML/2D8_gradient_10x10_10.pnml
pnml2lts-sym: Petri net has 100 places, 684 transitions and 1368 arcs
pnml2lts-sym: There are 0 safe places
pnml2lts-sym: Petri net spec/PNML/2D8_gradient_10x10_10.pnml analyzed
pnml2lts-sym: Loading Petri net took 0.030 real 0.030 user 0.000 sys
pnml2lts-sym: state vector length is 100; there are 684 groups and 100 guards
pnml2lts-sym: Creating a multi-core ListDD domain.
pnml2lts-sym: Using GBgetTransitionsShortR2W as next-state function
pnml2lts-sym: got initial state
pnml2lts-sym: vrel_add_act not supported; falling back to vrel_add_cpy
pnml2lts-sym: Exploration took 5086 group checks and 5086 next state calls
pnml2lts-sym: reachability took 3.270 real 3.050 user 0.210 sys
pnml2lts-sym: counting visited states...
pnml2lts-sym: counting took 0.000 real 0.000 user 0.000 sys
pnml2lts-sym: state space has 42634215112710 states, 6490 nodes
pnml2lts-sym: group_next: 58140 nodes total
pnml2lts-sym: group_explored: 52668 nodes, 45144 short vectors total
pnml2lts-sym: max token count: 10
Exit [0]
3.11 user, 0.28 system, 3.50 elapsed -- Max VSize = 3675064KB, Max RSS = 745092KB
