performance run
pnml2lts-sym spec/PNML/PolyORB-LF-S02-J04-T06-unfolded.pnml -rsc,f,rs,hf --saturation=sat-like --order=chain --next-union --vset=lddmc --lddmc-cachesize=24 --lddmc-maxcachesize=24 --lddmc-tablesize=24 --lddmc-maxtablesize=24 --lace-workers=1 --peak-nodes
ctit016
pnml2lts-sym: Exploration order is chain
pnml2lts-sym: Saturation strategy is sat-like
pnml2lts-sym: Guided search strategy is unguided
pnml2lts-sym: Attractor strategy is default
pnml2lts-sym: opening spec/PNML/PolyORB-LF-S02-J04-T06-unfolded.pnml
pnml2lts-sym: Petri net has 476 places, 920 transitions and 4242 arcs
pnml2lts-sym: There are 0 safe places
pnml2lts-sym: Petri net spec/PNML/PolyORB-LF-S02-J04-T06-unfolded.pnml analyzed
pnml2lts-sym: Loading Petri net took 0.080 real 0.070 user 0.010 sys
pnml2lts-sym: Initializing regrouping layer
pnml2lts-sym: Regroup specification: sc,f,rs,hf
pnml2lts-sym: Regroup Select Combined matrix
pnml2lts-sym: Regroup FORCE
pnml2lts-sym: Regroup Row Sort
pnml2lts-sym: Reqroup Horizontal Flip
pnml2lts-sym: Regrouping: 920->920 groups
pnml2lts-sym: Regrouping took 0.240 real 0.230 user 0.000 sys
pnml2lts-sym: state vector length is 476; there are 920 groups and 489 guards
pnml2lts-sym: Creating a multi-core ListDD domain.
pnml2lts-sym: Using GBgetTransitionsShortR2W as next-state function
pnml2lts-sym: got initial state
pnml2lts-sym: vrel_add_act not supported; falling back to vrel_add_cpy
Killed [24]
1797.19 user, 0.48 system, 1802.45 elapsed -- Max VSize = 3675088KB, Max RSS = 791132KB
command-7574: line 5: 30639 CPU time limit exceeded memtime -c1800 -m4000000 pnml2lts-sym spec/PNML/PolyORB-LF-S02-J04-T06-unfolded.pnml -rsc,f,rs,hf --saturation=sat-like --order=chain --next-union --vset=lddmc --lddmc-cachesize=24 --lddmc-maxcachesize=24 --lddmc-tablesize=24 --lddmc-maxtablesize=24 --lace-workers=1 --peak-nodes
