performance run
pnml2lts-sym spec/PNML/PolyORB-LF-S06-J06-T08-unfolded.pnml -rsc,tg,vgps,hf --saturation=sat-like --order=chain --next-union --vset=lddmc --lddmc-cachesize=24 --lddmc-maxcachesize=24 --lddmc-tablesize=24 --lddmc-maxtablesize=24 --lace-workers=1 --peak-nodes
ctit017
pnml2lts-sym: Exploration order is chain
pnml2lts-sym: Saturation strategy is sat-like
pnml2lts-sym: Guided search strategy is unguided
pnml2lts-sym: Attractor strategy is default
pnml2lts-sym: opening spec/PNML/PolyORB-LF-S06-J06-T08-unfolded.pnml
pnml2lts-sym: Petri net has 894 places, 14334 transitions and 119772 arcs
pnml2lts-sym: There are 0 safe places
pnml2lts-sym: Petri net spec/PNML/PolyORB-LF-S06-J06-T08-unfolded.pnml analyzed
pnml2lts-sym: Loading Petri net took 1.930 real 1.640 user 0.270 sys
pnml2lts-sym: Initializing regrouping layer
pnml2lts-sym: Regroup specification: sc,tg,vgps,hf
pnml2lts-sym: Regroup Select Combined matrix
pnml2lts-sym: Regroup Total graph
pnml2lts-sym: Regroup ViennaCL's Gibbs Poole Stockmeyer
Killed [24]
1795.86 user, 0.90 system, 1804.25 elapsed -- Max VSize = 2953012KB, Max RSS = 284140KB
command-7841: line 5: 64292 CPU time limit exceeded memtime -c1800 -m4000000 pnml2lts-sym spec/PNML/PolyORB-LF-S06-J06-T08-unfolded.pnml -rsc,tg,vgps,hf --saturation=sat-like --order=chain --next-union --vset=lddmc --lddmc-cachesize=24 --lddmc-maxcachesize=24 --lddmc-tablesize=24 --lddmc-maxtablesize=24 --lace-workers=1 --peak-nodes
