statistics run
pnml2lts-sym spec/PNML/PolyORB-LF-S02-J06-T06-unfolded.pnml -rsc,tg,vacm,mm,hf --graph-metrics --saturation=sat-like --order=chain --next-union --vset=lddmc --lddmc-cachesize=24 --lddmc-maxcachesize=24 --lddmc-tablesize=24 --lddmc-maxtablesize=24 --lace-workers=1 --peak-nodes
ctit019
pnml2lts-sym: Exploration order is chain
pnml2lts-sym: Saturation strategy is sat-like
pnml2lts-sym: Guided search strategy is unguided
pnml2lts-sym: Attractor strategy is default
pnml2lts-sym: opening spec/PNML/PolyORB-LF-S02-J06-T06-unfolded.pnml
pnml2lts-sym: Petri net has 536 places, 1064 transitions and 4866 arcs
pnml2lts-sym: There are 0 safe places
pnml2lts-sym: Petri net spec/PNML/PolyORB-LF-S02-J06-T06-unfolded.pnml analyzed
pnml2lts-sym: Loading Petri net took 0.090 real 0.070 user 0.020 sys
pnml2lts-sym: Initializing regrouping layer
pnml2lts-sym: Regroup specification: sc,tg,vacm,mm,hf
pnml2lts-sym: Regroup Select Combined matrix
pnml2lts-sym: Regroup Total graph
pnml2lts-sym: Regroup ViennaCL's Advanced Cuthill McKee
pnml2lts-sym: bandwidth: 1455
pnml2lts-sym: profile: 5964750
pnml2lts-sym: span: 8619411
pnml2lts-sym: average wavefront: 837.13519
pnml2lts-sym: RMS wavefront: 890.72516
pnml2lts-sym: Regroup Matrix Metrics
pnml2lts-sym: Reqroup Horizontal Flip
pnml2lts-sym: Regrouping: 1064->1064 groups
pnml2lts-sym: Regrouping took 2.010 real 2.000 user 0.000 sys
pnml2lts-sym: state vector length is 536; there are 1064 groups and 549 guards
pnml2lts-sym: Creating a multi-core ListDD domain.
pnml2lts-sym: Using GBgetTransitionsShortR2W as next-state function
pnml2lts-sym: got initial state
pnml2lts-sym: vrel_add_act not supported; falling back to vrel_add_cpy
Killed [24]
1795.27 user, 0.40 system, 1801.43 elapsed -- Max VSize = 3675092KB, Max RSS = 794820KB
command-2046: line 5: 24458 CPU time limit exceeded memtime -c1800 -m4000000 pnml2lts-sym spec/PNML/PolyORB-LF-S02-J06-T06-unfolded.pnml -rsc,tg,vacm,mm,hf --graph-metrics --saturation=sat-like --order=chain --next-union --vset=lddmc --lddmc-cachesize=24 --lddmc-maxcachesize=24 --lddmc-tablesize=24 --lddmc-maxtablesize=24 --lace-workers=1 --peak-nodes
