performance run
pnml2lts-sym spec/PNML/IBMB2S565S3960.pnml -rsc,bg,vcm,hf --saturation=sat-like --order=chain --next-union --vset=lddmc --lddmc-cachesize=24 --lddmc-maxcachesize=24 --lddmc-tablesize=24 --lddmc-maxtablesize=24 --lace-workers=1 --peak-nodes
ctit027
pnml2lts-sym: Exploration order is chain
pnml2lts-sym: Saturation strategy is sat-like
pnml2lts-sym: Guided search strategy is unguided
pnml2lts-sym: Attractor strategy is default
pnml2lts-sym: opening spec/PNML/IBMB2S565S3960.pnml
pnml2lts-sym: Petri net has 273 places, 179 transitions and 572 arcs
pnml2lts-sym: There are 0 safe places
pnml2lts-sym: Petri net spec/PNML/IBMB2S565S3960.pnml analyzed
pnml2lts-sym: Loading Petri net took 0.000 real 0.000 user 0.000 sys
pnml2lts-sym: Initializing regrouping layer
pnml2lts-sym: Regroup specification: sc,bg,vcm,hf
pnml2lts-sym: Regroup Select Combined matrix
pnml2lts-sym: Regroup Bipartite Graph
pnml2lts-sym: Regroup ViennaCL's Cuthill McKee
pnml2lts-sym: Reqroup Horizontal Flip
pnml2lts-sym: Regrouping: 179->179 groups
pnml2lts-sym: Regrouping took 0.010 real 0.010 user 0.000 sys
pnml2lts-sym: state vector length is 273; there are 179 groups and 263 guards
pnml2lts-sym: Creating a multi-core ListDD domain.
pnml2lts-sym: Using GBgetTransitionsShortR2W as next-state function
pnml2lts-sym: got initial state
pnml2lts-sym: vrel_add_act not supported; falling back to vrel_add_cpy
pnml2lts-sym: Exploration took 10038 group checks and 10038 next state calls
pnml2lts-sym: reachability took 1475.030 real 1471.620 user 1.030 sys
pnml2lts-sym: counting visited states...
pnml2lts-sym: counting took 3.160 real 3.170 user 0.000 sys
pnml2lts-sym: state space has 1.55106359474105e+16 states, 12722379 nodes
pnml2lts-sym: ( 12722379 final BDD nodes; 12722379 peak nodes )
pnml2lts-sym: group_next: 8883 nodes total
pnml2lts-sym: group_explored: 7379 nodes, 8327 short vectors total
pnml2lts-sym: max token count: 7
Exit [0]
1474.82 user, 1.09 system, 1478.40 elapsed -- Max VSize = 3675064KB, Max RSS = 972040KB
