statistics run
pnml2lts-sym spec/PNML/database10UNFOLD.pnml -rsc,bg,bk,mm,hf --graph-metrics --saturation=sat-like --order=chain --next-union --vset=lddmc --lddmc-cachesize=24 --lddmc-maxcachesize=24 --lddmc-tablesize=24 --lddmc-maxtablesize=24 --lace-workers=1 --peak-nodes
ctit031
pnml2lts-sym: Exploration order is chain
pnml2lts-sym: Saturation strategy is sat-like
pnml2lts-sym: Guided search strategy is unguided
pnml2lts-sym: Attractor strategy is default
pnml2lts-sym: opening spec/PNML/database10UNFOLD.pnml
pnml2lts-sym: Petri net has 830 places, 800 transitions and 3800 arcs
pnml2lts-sym: There are 0 safe places
pnml2lts-sym: Petri net spec/PNML/database10UNFOLD.pnml analyzed
pnml2lts-sym: Loading Petri net took 0.070 real 0.060 user 0.000 sys
pnml2lts-sym: Initializing regrouping layer
pnml2lts-sym: Regroup specification: sc,bg,bk,mm,hf
pnml2lts-sym: Regroup Select Combined matrix
pnml2lts-sym: Regroup Bipartite Graph
pnml2lts-sym: Regroup Boost's King
pnml2lts-sym: bandwidth: 524
pnml2lts-sym: profile: 531697
pnml2lts-sym: span: 741159
pnml2lts-sym: average wavefront: 208.6951
pnml2lts-sym: RMS wavefront: 229.7776
pnml2lts-sym: Regroup Matrix Metrics
pnml2lts-sym: Reqroup Horizontal Flip
pnml2lts-sym: Regrouping: 800->800 groups
pnml2lts-sym: Regrouping took 0.110 real 0.110 user 0.000 sys
pnml2lts-sym: state vector length is 830; there are 800 groups and 830 guards
pnml2lts-sym: Creating a multi-core ListDD domain.
pnml2lts-sym: Using GBgetTransitionsShortR2W as next-state function
pnml2lts-sym: got initial state
pnml2lts-sym: vrel_add_act not supported; falling back to vrel_add_cpy
Killed [24]
1785.01 user, 12.92 system, 1823.85 elapsed -- Max VSize = 3675076KB, Max RSS = 978296KB
command-3861: line 5: 45508 CPU time limit exceeded memtime -c1800 -m4000000 pnml2lts-sym spec/PNML/database10UNFOLD.pnml -rsc,bg,bk,mm,hf --graph-metrics --saturation=sat-like --order=chain --next-union --vset=lddmc --lddmc-cachesize=24 --lddmc-maxcachesize=24 --lddmc-tablesize=24 --lddmc-maxtablesize=24 --lace-workers=1 --peak-nodes
