statistics run
pnml2lts-sym spec/PNML/PolyORB-LF-S06-J04-T08-unfolded.pnml -rsc,bg,vgps,mm,hf --graph-metrics --saturation=sat-like --order=chain --next-union --vset=lddmc --lddmc-cachesize=24 --lddmc-maxcachesize=24 --lddmc-tablesize=24 --lddmc-maxtablesize=24 --lace-workers=1 --peak-nodes
ctit021
pnml2lts-sym: Exploration order is chain
pnml2lts-sym: Saturation strategy is sat-like
pnml2lts-sym: Guided search strategy is unguided
pnml2lts-sym: Attractor strategy is default
pnml2lts-sym: opening spec/PNML/PolyORB-LF-S06-J04-T08-unfolded.pnml
pnml2lts-sym: Petri net has 810 places, 14014 transitions and 118428 arcs
pnml2lts-sym: There are 0 safe places
pnml2lts-sym: Petri net spec/PNML/PolyORB-LF-S06-J04-T08-unfolded.pnml analyzed
pnml2lts-sym: Loading Petri net took 1.940 real 1.640 user 0.290 sys
pnml2lts-sym: Initializing regrouping layer
pnml2lts-sym: Regroup specification: sc,bg,vgps,mm,hf
pnml2lts-sym: Regroup Select Combined matrix
pnml2lts-sym: Regroup Bipartite Graph
pnml2lts-sym: Regroup ViennaCL's Gibbs Poole Stockmeyer
pnml2lts-sym: bandwidth: 12812
pnml2lts-sym: profile: 126919486
pnml2lts-sym: span: 169527938
pnml2lts-sym: average wavefront: 5686.81874
pnml2lts-sym: RMS wavefront: 6974.165
pnml2lts-sym: Regroup Matrix Metrics
pnml2lts-sym: Reqroup Horizontal Flip
pnml2lts-sym: Regrouping: 14014->14014 groups
pnml2lts-sym: Regrouping took 155.080 real 154.510 user 0.040 sys
pnml2lts-sym: state vector length is 810; there are 14014 groups and 835 guards
pnml2lts-sym: Creating a multi-core ListDD domain.
cache_create: Unable to allocate memory: Cannot allocate memory!
Event Span: 3107369
Normalized Event Span: 0.27374469
Weighted Event Span, moment 1 (WES^1): 4041467.2
Normalized Weighted Event Span, moment 1: 0.35603437
Exit [1]
156.16 user, 0.39 system, 157.26 elapsed -- Max VSize = 2897100KB, Max RSS = 282340KB
