performance run
pnml2lts-sym spec/PNML/PolyORB-LF-S06-J06-T06-unfolded.pnml -rrs,hf --noack=1 --saturation=sat-like --order=chain --next-union --vset=lddmc --lddmc-cachesize=24 --lddmc-maxcachesize=24 --lddmc-tablesize=24 --lddmc-maxtablesize=24 --lace-workers=1 --peak-nodes
ctit001
pnml2lts-sym: Exploration order is chain
pnml2lts-sym: Saturation strategy is sat-like
pnml2lts-sym: Guided search strategy is unguided
pnml2lts-sym: Attractor strategy is default
pnml2lts-sym: opening spec/PNML/PolyORB-LF-S06-J06-T06-unfolded.pnml
pnml2lts-sym: Petri net has 700 places, 10740 transitions and 89778 arcs
pnml2lts-sym: There are 0 safe places
pnml2lts-sym: Petri net spec/PNML/PolyORB-LF-S06-J06-T06-unfolded.pnml analyzed
pnml2lts-sym: Computing Noack1 order
pnml2lts-sym: Computing Noack1 order took 4.600 real 4.600 user 0.000 sys
pnml2lts-sym: Loading Petri net took 5.980 real 5.760 user 0.210 sys
pnml2lts-sym: Initializing regrouping layer
pnml2lts-sym: Got state vector permutation from language front-end; permuting columns
pnml2lts-sym: Regroup specification: rs,hf
pnml2lts-sym: Regroup Row Sort
pnml2lts-sym: Reqroup Horizontal Flip
pnml2lts-sym: Regrouping: 10740->10740 groups
pnml2lts-sym: Regrouping took 0.640 real 0.630 user 0.010 sys
pnml2lts-sym: state vector length is 700; there are 10740 groups and 725 guards
pnml2lts-sym: Creating a multi-core ListDD domain.
cache_create: Unable to allocate memory: Cannot allocate memory!
Exit [1]
6.41 user, 0.26 system, 6.81 elapsed -- Max VSize = 2892484KB, Max RSS = 213580KB
