performance run
pnml2lts-sym spec/PNML/MAPK-80.pnml -rsc,bg,bs,hf --saturation=sat-like --order=chain --next-union --vset=lddmc --lddmc-cachesize=24 --lddmc-maxcachesize=24 --lddmc-tablesize=24 --lddmc-maxtablesize=24 --lace-workers=1 --peak-nodes
ctit008
pnml2lts-sym: Exploration order is chain
pnml2lts-sym: Saturation strategy is sat-like
pnml2lts-sym: Guided search strategy is unguided
pnml2lts-sym: Attractor strategy is default
pnml2lts-sym: opening spec/PNML/MAPK-80.pnml
pnml2lts-sym: Petri net has 22 places, 30 transitions and 90 arcs
pnml2lts-sym: There are 0 safe places
pnml2lts-sym: Petri net spec/PNML/MAPK-80.pnml analyzed
pnml2lts-sym: Loading Petri net took 0.000 real 0.000 user 0.000 sys
pnml2lts-sym: Initializing regrouping layer
pnml2lts-sym: Regroup specification: sc,bg,bs,hf
pnml2lts-sym: Regroup Select Combined matrix
pnml2lts-sym: Regroup Bipartite Graph
pnml2lts-sym: Regroup Boost's Sloan
pnml2lts-sym: Reqroup Horizontal Flip
pnml2lts-sym: Regrouping: 30->30 groups
pnml2lts-sym: Regrouping took 0.000 real 0.000 user 0.000 sys
pnml2lts-sym: state vector length is 22; there are 30 groups and 22 guards
pnml2lts-sym: Creating a multi-core ListDD domain.
pnml2lts-sym: Using GBgetTransitionsShortR2W as next-state function
pnml2lts-sym: got initial state
pnml2lts-sym: vrel_add_act not supported; falling back to vrel_add_cpy
pnml2lts-sym: Exploration took 4342 group checks and 4342 next state calls
pnml2lts-sym: reachability took 1476.810 real 1468.870 user 2.780 sys
pnml2lts-sym: counting visited states...
pnml2lts-sym: counting took 0.010 real 0.010 user 0.000 sys
pnml2lts-sym: state space has 5.63490390942042e+18 states, 130662 nodes
pnml2lts-sym: ( 130662 final BDD nodes; 790424 peak nodes )
pnml2lts-sym: group_next: 85170 nodes total
pnml2lts-sym: group_explored: 76040 nodes, 921930 short vectors total
pnml2lts-sym: max token count: 80
Exit [0]
1468.91 user, 2.86 system, 1477.03 elapsed -- Max VSize = 3675064KB, Max RSS = 973924KB
