statistics run
pnml2lts-sym spec/PNML/QCertifProtocol_28-unfold.pnml -rsc,bg,vacm,mm,hf --graph-metrics --saturation=sat-like --order=chain --next-union --vset=lddmc --lddmc-cachesize=24 --lddmc-maxcachesize=24 --lddmc-tablesize=24 --lddmc-maxtablesize=24 --lace-workers=1 --peak-nodes
ctit011
pnml2lts-sym: Exploration order is chain
pnml2lts-sym: Saturation strategy is sat-like
pnml2lts-sym: Guided search strategy is unguided
pnml2lts-sym: Attractor strategy is default
pnml2lts-sym: opening spec/PNML/QCertifProtocol_28-unfold.pnml
pnml2lts-sym: Petri net has 2998 places, 446 transitions and 6489 arcs
pnml2lts-sym: There are 0 safe places
pnml2lts-sym: Petri net spec/PNML/QCertifProtocol_28-unfold.pnml analyzed
pnml2lts-sym: Loading Petri net took 0.150 real 0.110 user 0.040 sys
pnml2lts-sym: Initializing regrouping layer
pnml2lts-sym: Regroup specification: sc,bg,vacm,mm,hf
pnml2lts-sym: Regroup Select Combined matrix
pnml2lts-sym: Regroup Bipartite Graph
pnml2lts-sym: Regroup ViennaCL's Advanced Cuthill McKee
pnml2lts-sym: bandwidth: 1744
pnml2lts-sym: profile: 3632080
pnml2lts-sym: span: 4910912
pnml2lts-sym: average wavefront: 761.44135
pnml2lts-sym: RMS wavefront: 896.1302
pnml2lts-sym: Regroup Matrix Metrics
pnml2lts-sym: Reqroup Horizontal Flip
pnml2lts-sym: Regrouping: 446->446 groups
pnml2lts-sym: Regrouping took 0.370 real 0.370 user 0.000 sys
pnml2lts-sym: state vector length is 2998; there are 446 groups and 2936 guards
pnml2lts-sym: Creating a multi-core ListDD domain.
pnml2lts-sym: Using GBgetTransitionsShortR2W as next-state function
pnml2lts-sym: got initial state
pnml2lts-sym: vrel_add_act not supported; falling back to vrel_add_cpy
MDD Unique table full, 15036632 of 16777216 buckets filled!
Event Span: 419826
Normalized Event Span: 0.3139806
Weighted Event Span, moment 1 (WES^1): 584213
Normalized Weighted Event Span, moment 1: 0.4369229
Exit [1]
28.74 user, 0.75 system, 29.73 elapsed -- Max VSize = 3675896KB, Max RSS = 991376KB
