performance run
pnml2lts-sym spec/PNML/cs_repetitions-2-unfolded.pnml -rsc,f,rs,hf --saturation=sat-like --order=chain --next-union --vset=lddmc --lddmc-cachesize=24 --lddmc-maxcachesize=24 --lddmc-tablesize=24 --lddmc-maxtablesize=24 --lace-workers=1 --peak-nodes
ctit044
pnml2lts-sym: Exploration order is chain
pnml2lts-sym: Saturation strategy is sat-like
pnml2lts-sym: Guided search strategy is unguided
pnml2lts-sym: Attractor strategy is default
pnml2lts-sym: opening spec/PNML/cs_repetitions-2-unfolded.pnml
pnml2lts-sym: Petri net has 23 places, 28 transitions and 92 arcs
pnml2lts-sym: There are 0 safe places
pnml2lts-sym: Petri net spec/PNML/cs_repetitions-2-unfolded.pnml analyzed
pnml2lts-sym: Loading Petri net took 0.010 real 0.000 user 0.000 sys
pnml2lts-sym: Initializing regrouping layer
pnml2lts-sym: Regroup specification: sc,f,rs,hf
pnml2lts-sym: Regroup Select Combined matrix
pnml2lts-sym: Regroup FORCE
pnml2lts-sym: Regroup Row Sort
pnml2lts-sym: Reqroup Horizontal Flip
pnml2lts-sym: Regrouping: 28->28 groups
pnml2lts-sym: Regrouping took 0.000 real 0.000 user 0.000 sys
pnml2lts-sym: state vector length is 23; there are 28 groups and 23 guards
pnml2lts-sym: Creating a multi-core ListDD domain.
pnml2lts-sym: Using GBgetTransitionsShortR2W as next-state function
pnml2lts-sym: got initial state
pnml2lts-sym: vrel_add_act not supported; falling back to vrel_add_cpy
pnml2lts-sym: Exploration took 787 group checks and 787 next state calls
pnml2lts-sym: reachability took 0.230 real 0.050 user 0.170 sys
pnml2lts-sym: counting visited states...
pnml2lts-sym: counting took 0.000 real 0.000 user 0.000 sys
pnml2lts-sym: state space has 7424 states, 615 nodes
pnml2lts-sym: ( 615 final BDD nodes; 977 peak nodes )
pnml2lts-sym: group_next: 254 nodes total
pnml2lts-sym: group_explored: 316 nodes, 260 short vectors total
pnml2lts-sym: max token count: 2
Exit [0]
0.07 user, 0.22 system, 0.40 elapsed -- Max VSize = 3675064KB, Max RSS = 704696KB
