performance run
pnml2lts-sym spec/PNML/BridgeAndVehicles-V80-P50-N10-unfolded.pnml -rrs,hf --noack=1 --saturation=sat-like --order=chain --next-union --vset=lddmc --lddmc-cachesize=24 --lddmc-maxcachesize=24 --lddmc-tablesize=24 --lddmc-maxtablesize=24 --lace-workers=1 --peak-nodes
ctit010
pnml2lts-sym: Exploration order is chain
pnml2lts-sym: Saturation strategy is sat-like
pnml2lts-sym: Guided search strategy is unguided
pnml2lts-sym: Attractor strategy is default
pnml2lts-sym: opening spec/PNML/BridgeAndVehicles-V80-P50-N10-unfolded.pnml
pnml2lts-sym: Petri net has 188 places, 2108 transitions and 15950 arcs
pnml2lts-sym: There are 0 safe places
pnml2lts-sym: Petri net spec/PNML/BridgeAndVehicles-V80-P50-N10-unfolded.pnml analyzed
pnml2lts-sym: Computing Noack1 order
pnml2lts-sym: Computing Noack1 order took 0.060 real 0.060 user 0.000 sys
pnml2lts-sym: Loading Petri net took 0.230 real 0.200 user 0.020 sys
pnml2lts-sym: Initializing regrouping layer
pnml2lts-sym: Got state vector permutation from language front-end; permuting columns
pnml2lts-sym: Regroup specification: rs,hf
pnml2lts-sym: Regroup Row Sort
pnml2lts-sym: Reqroup Horizontal Flip
pnml2lts-sym: Regrouping: 2108->2108 groups
pnml2lts-sym: Regrouping took 0.040 real 0.040 user 0.000 sys
pnml2lts-sym: state vector length is 188; there are 2108 groups and 187 guards
pnml2lts-sym: Creating a multi-core ListDD domain.
pnml2lts-sym: Using GBgetTransitionsShortR2W as next-state function
pnml2lts-sym: got initial state
pnml2lts-sym: vrel_add_act not supported; falling back to vrel_add_cpy
Killed [24]
1794.31 user, 0.53 system, 1803.44 elapsed -- Max VSize = 3675504KB, Max RSS = 937436KB
command-11922: line 5: 47110 CPU time limit exceeded memtime -c1800 -m4000000 pnml2lts-sym spec/PNML/BridgeAndVehicles-V80-P50-N10-unfolded.pnml -rrs,hf --noack=1 --saturation=sat-like --order=chain --next-union --vset=lddmc --lddmc-cachesize=24 --lddmc-maxcachesize=24 --lddmc-tablesize=24 --lddmc-maxtablesize=24 --lace-workers=1 --peak-nodes
