performance run
pnml2lts-sym spec/PNML/rwmutex-r10w2000.pnml -rrs,hf --noack=1 --saturation=sat-like --order=chain --next-union --vset=lddmc --lddmc-cachesize=24 --lddmc-maxcachesize=24 --lddmc-tablesize=24 --lddmc-maxtablesize=24 --lace-workers=1 --peak-nodes
ctit018
pnml2lts-sym: Exploration order is chain
pnml2lts-sym: Saturation strategy is sat-like
pnml2lts-sym: Guided search strategy is unguided
pnml2lts-sym: Attractor strategy is default
pnml2lts-sym: opening spec/PNML/rwmutex-r10w2000.pnml
pnml2lts-sym: Petri net has 4030 places, 4020 transitions and 48060 arcs
pnml2lts-sym: There are 0 safe places
pnml2lts-sym: Petri net spec/PNML/rwmutex-r10w2000.pnml analyzed
pnml2lts-sym: Computing Noack1 order
pnml2lts-sym: Computing Noack1 order took 3.370 real 3.360 user 0.000 sys
pnml2lts-sym: Loading Petri net took 4.110 real 3.980 user 0.100 sys
pnml2lts-sym: Initializing regrouping layer
pnml2lts-sym: Got state vector permutation from language front-end; permuting columns
pnml2lts-sym: Regroup specification: rs,hf
pnml2lts-sym: Regroup Row Sort
pnml2lts-sym: Reqroup Horizontal Flip
pnml2lts-sym: Regrouping: 4020->4020 groups
pnml2lts-sym: Regrouping took 2.070 real 2.050 user 0.020 sys
pnml2lts-sym: state vector length is 4030; there are 4020 groups and 4030 guards
pnml2lts-sym: Creating a multi-core ListDD domain.
pnml2lts-sym: Using GBgetTransitionsShortR2W as next-state function
pnml2lts-sym: got initial state
pnml2lts-sym: vrel_add_act not supported; falling back to vrel_add_cpy
