statistics run
pnml2lts-sym spec/PNML/echo-d3r7.pnml -rsc,tg,vgps,mm,hf --graph-metrics --saturation=sat-like --order=chain --next-union --vset=lddmc --lddmc-cachesize=24 --lddmc-maxcachesize=24 --lddmc-tablesize=24 --lddmc-maxtablesize=24 --lace-workers=1 --peak-nodes
ctit006
pnml2lts-sym: Exploration order is chain
pnml2lts-sym: Saturation strategy is sat-like
pnml2lts-sym: Guided search strategy is unguided
pnml2lts-sym: Attractor strategy is default
pnml2lts-sym: opening spec/PNML/echo-d3r7.pnml
pnml2lts-sym: Petri net has 4209 places, 3518 transitions and 25540 arcs
pnml2lts-sym: There are 0 safe places
pnml2lts-sym: Petri net spec/PNML/echo-d3r7.pnml analyzed
pnml2lts-sym: Loading Petri net took 0.530 real 0.480 user 0.030 sys
pnml2lts-sym: Initializing regrouping layer
pnml2lts-sym: Regroup specification: sc,tg,vgps,mm,hf
pnml2lts-sym: Regroup Select Combined matrix
pnml2lts-sym: Regroup Total graph
pnml2lts-sym: Regroup ViennaCL's Gibbs Poole Stockmeyer
pnml2lts-sym: bandwidth: 2103
pnml2lts-sym: profile: 40850418
pnml2lts-sym: span: 70186377
pnml2lts-sym: average wavefront: 1000.235459
pnml2lts-sym: RMS wavefront: 1094.227654
pnml2lts-sym: Regroup Matrix Metrics
pnml2lts-sym: Reqroup Horizontal Flip
pnml2lts-sym: Regrouping: 3518->3518 groups
pnml2lts-sym: Regrouping took 129.330 real 128.990 user 0.090 sys
pnml2lts-sym: state vector length is 4209; there are 3518 groups and 3866 guards
pnml2lts-sym: Creating a multi-core ListDD domain.
pnml2lts-sym: Using GBgetTransitionsShortR2W as next-state function
pnml2lts-sym: got initial state
pnml2lts-sym: vrel_add_act not supported; falling back to vrel_add_cpy
MDD Unique table full, 14883704 of 16777216 buckets filled!
Event Span: 1255097
Normalized Event Span: 0.084762261
Weighted Event Span, moment 1 (WES^1): 1376358.9
Normalized Weighted Event Span, moment 1: 0.092951614
Exit [1]
152.20 user, 0.79 system, 153.46 elapsed -- Max VSize = 3756060KB, Max RSS = 1061148KB
