statistics run
pnml2lts-sym spec/PNML/FMS-2.pnml -rsc,f,rs,mm,hf --saturation=sat-like --order=chain --next-union --vset=lddmc --lddmc-cachesize=24 --lddmc-maxcachesize=24 --lddmc-tablesize=24 --lddmc-maxtablesize=24 --lace-workers=1 --peak-nodes
ctit017
pnml2lts-sym: Exploration order is chain
pnml2lts-sym: Saturation strategy is sat-like
pnml2lts-sym: Guided search strategy is unguided
pnml2lts-sym: Attractor strategy is default
pnml2lts-sym: opening spec/PNML/FMS-2.pnml
pnml2lts-sym: Petri net has 22 places, 20 transitions and 50 arcs
pnml2lts-sym: There are 0 safe places
pnml2lts-sym: Petri net spec/PNML/FMS-2.pnml analyzed
pnml2lts-sym: Loading Petri net took 0.000 real 0.000 user 0.000 sys
pnml2lts-sym: Initializing regrouping layer
pnml2lts-sym: Regroup specification: sc,f,rs,mm,hf
pnml2lts-sym: Regroup Select Combined matrix
pnml2lts-sym: Regroup FORCE
pnml2lts-sym: Regroup Row Sort
pnml2lts-sym: Regroup Matrix Metrics
pnml2lts-sym: Reqroup Horizontal Flip
pnml2lts-sym: Regrouping: 20->20 groups
pnml2lts-sym: Regrouping took 0.000 real 0.000 user 0.000 sys
pnml2lts-sym: state vector length is 22; there are 20 groups and 22 guards
pnml2lts-sym: Creating a multi-core ListDD domain.
pnml2lts-sym: Using GBgetTransitionsShortR2W as next-state function
pnml2lts-sym: got initial state
pnml2lts-sym: vrel_add_act not supported; falling back to vrel_add_cpy
pnml2lts-sym: Exploration took 140 group checks and 140 next state calls
pnml2lts-sym: reachability took 0.190 real 0.000 user 0.190 sys
pnml2lts-sym: counting visited states...
pnml2lts-sym: counting took 0.000 real 0.000 user 0.000 sys
pnml2lts-sym: state space has 3444 states, 126 nodes
pnml2lts-sym: ( 126 final BDD nodes; 126 peak nodes )
pnml2lts-sym: group_next: 206 nodes total
pnml2lts-sym: group_explored: 204 nodes, 140 short vectors total
pnml2lts-sym: max token count: 3
Event Span: 77
Normalized Event Span: 0.175
Weighted Event Span, moment 1 (WES^1): 98.6
Normalized Weighted Event Span, moment 1: 0.224
Exit [0]
0.01 user, 0.25 system, 0.40 elapsed -- Max VSize = 3675068KB, Max RSS = 616560KB
