performance run
pnml2lts-sym spec/PNML/TokenRing-30-unfolded.pnml -rsc,f,rs,hf --saturation=sat-like --order=chain --next-union --vset=lddmc --lddmc-cachesize=24 --lddmc-maxcachesize=24 --lddmc-tablesize=24 --lddmc-maxtablesize=24 --lace-workers=1 --peak-nodes
ctit021
pnml2lts-sym: Exploration order is chain
pnml2lts-sym: Saturation strategy is sat-like
pnml2lts-sym: Guided search strategy is unguided
pnml2lts-sym: Attractor strategy is default
pnml2lts-sym: opening spec/PNML/TokenRing-30-unfolded.pnml
pnml2lts-sym: Petri net has 961 places, 27931 transitions and 111724 arcs
pnml2lts-sym: There are 0 safe places
pnml2lts-sym: Petri net spec/PNML/TokenRing-30-unfolded.pnml analyzed
pnml2lts-sym: Loading Petri net took 2.230 real 1.900 user 0.310 sys
pnml2lts-sym: Initializing regrouping layer
pnml2lts-sym: Regroup specification: sc,f,rs,hf
pnml2lts-sym: Regroup Select Combined matrix
pnml2lts-sym: Regroup FORCE
pnml2lts-sym: Regroup Row Sort
pnml2lts-sym: Reqroup Horizontal Flip
pnml2lts-sym: Regrouping: 27931->27931 groups
pnml2lts-sym: Regrouping took 20.760 real 20.620 user 0.040 sys
pnml2lts-sym: state vector length is 961; there are 27931 groups and 961 guards
pnml2lts-sym: Creating a multi-core ListDD domain.
cache_create: Unable to allocate memory: Cannot allocate memory!
Exit [1]
22.53 user, 0.39 system, 23.22 elapsed -- Max VSize = 2973488KB, Max RSS = 299748KB
