statistics run
pnml2lts-sym spec/PNML/hc5k3p3b15.pnml -rsc,bg,vgps,mm,hf --graph-metrics --saturation=sat-like --order=chain --next-union --vset=lddmc --lddmc-cachesize=24 --lddmc-maxcachesize=24 --lddmc-tablesize=24 --lddmc-maxtablesize=24 --lace-workers=1 --peak-nodes
ctit026
pnml2lts-sym: Exploration order is chain
pnml2lts-sym: Saturation strategy is sat-like
pnml2lts-sym: Guided search strategy is unguided
pnml2lts-sym: Attractor strategy is default
pnml2lts-sym: opening spec/PNML/hc5k3p3b15.pnml
pnml2lts-sym: Petri net has 9153 places, 25110 transitions and 100440 arcs
pnml2lts-sym: There are 0 safe places
pnml2lts-sym: Petri net spec/PNML/hc5k3p3b15.pnml analyzed
pnml2lts-sym: Loading Petri net took 5.320 real 4.940 user 0.350 sys
pnml2lts-sym: Initializing regrouping layer
pnml2lts-sym: Regroup specification: sc,bg,vgps,mm,hf
pnml2lts-sym: Regroup Select Combined matrix
pnml2lts-sym: Regroup Bipartite Graph
pnml2lts-sym: Regroup ViennaCL's Gibbs Poole Stockmeyer
pnml2lts-sym: bandwidth: 2575
pnml2lts-sym: profile: 54324575
pnml2lts-sym: span: 84438834
pnml2lts-sym: average wavefront: 1259.92543
pnml2lts-sym: RMS wavefront: 1409.587027
pnml2lts-sym: Regroup Matrix Metrics
pnml2lts-sym: Reqroup Horizontal Flip
pnml2lts-sym: Regrouping: 25110->25110 groups
pnml2lts-sym, ** error **: out of memory trying to resize to 73224
Event Span: 14902549
Normalized Event Span: 0.0648411014
Weighted Event Span, moment 1 (WES^1): 15817572.6
Normalized Weighted Event Span, moment 1: 0.0688223759
Exit [255]
124.89 user, 1.08 system, 126.32 elapsed -- Max VSize = 3789084KB, Max RSS = 1158596KB
