statistics run
pnml2lts-sym spec/PNML/PolyORB-NT-S10-J30-unfolded.pnml -rsc,bg,bs,mm,hf --graph-metrics --saturation=sat-like --order=chain --next-union --vset=lddmc --lddmc-cachesize=24 --lddmc-maxcachesize=24 --lddmc-tablesize=24 --lddmc-maxtablesize=24 --lace-workers=1 --peak-nodes
ctit029
pnml2lts-sym: Exploration order is chain
pnml2lts-sym: Saturation strategy is sat-like
pnml2lts-sym: Guided search strategy is unguided
pnml2lts-sym: Attractor strategy is default
pnml2lts-sym: opening spec/PNML/PolyORB-NT-S10-J30-unfolded.pnml
pnml2lts-sym: Petri net has 664 places, 12050 transitions and 112559 arcs
pnml2lts-sym: There are 0 safe places
pnml2lts-sym: Petri net spec/PNML/PolyORB-NT-S10-J30-unfolded.pnml analyzed
pnml2lts-sym: Loading Petri net took 1.700 real 1.460 user 0.230 sys
pnml2lts-sym: Initializing regrouping layer
pnml2lts-sym: Regroup specification: sc,bg,bs,mm,hf
pnml2lts-sym: Regroup Select Combined matrix
pnml2lts-sym: Regroup Bipartite Graph
pnml2lts-sym: Regroup Boost's Sloan
pnml2lts-sym: bandwidth: 12205
pnml2lts-sym: profile: 66485057
pnml2lts-sym: span: 6189288
pnml2lts-sym: average wavefront: 33.5098317
pnml2lts-sym: RMS wavefront: 37.1942657
pnml2lts-sym: Regroup Matrix Metrics
pnml2lts-sym: Reqroup Horizontal Flip
pnml2lts-sym: Regrouping: 12050->12050 groups
pnml2lts-sym: Regrouping took 79.250 real 78.860 user 0.080 sys
pnml2lts-sym: state vector length is 664; there are 12050 groups and 699 guards
pnml2lts-sym: Creating a multi-core ListDD domain.
cache_create: Unable to allocate memory: Cannot allocate memory!
Event Span: 408492
Normalized Event Span: 0.05105384
Weighted Event Span, moment 1 (WES^1): 228343.4
Normalized Weighted Event Span, moment 1: 0.02853864
Exit [1]
80.32 user, 0.37 system, 81.18 elapsed -- Max VSize = 2894432KB, Max RSS = 254400KB
