performance run
pnml2lts-sym spec/PNML/shared_memory-pt-50.pnml -rsc,tg,bk,hf --saturation=sat-like --order=chain --next-union --vset=lddmc --lddmc-cachesize=24 --lddmc-maxcachesize=24 --lddmc-tablesize=24 --lddmc-maxtablesize=24 --lace-workers=1 --peak-nodes
ctit042
pnml2lts-sym: Exploration order is chain
pnml2lts-sym: Saturation strategy is sat-like
pnml2lts-sym: Guided search strategy is unguided
pnml2lts-sym: Attractor strategy is default
pnml2lts-sym: opening spec/PNML/shared_memory-pt-50.pnml
pnml2lts-sym: Petri net has 2651 places, 5050 transitions and 20000 arcs
pnml2lts-sym: There are 0 safe places
pnml2lts-sym: Petri net spec/PNML/shared_memory-pt-50.pnml analyzed
pnml2lts-sym: Loading Petri net took 0.520 real 0.480 user 0.040 sys
pnml2lts-sym: Initializing regrouping layer
pnml2lts-sym: Regroup specification: sc,tg,bk,hf
pnml2lts-sym: Regroup Select Combined matrix
pnml2lts-sym: Regroup Total graph
pnml2lts-sym: Regroup Boost's King
pnml2lts-sym: Reqroup Horizontal Flip
pnml2lts-sym: Regrouping: 5050->5050 groups
pnml2lts-sym: Regrouping took 1.210 real 1.190 user 0.000 sys
pnml2lts-sym: state vector length is 2651; there are 5050 groups and 2651 guards
pnml2lts-sym: Creating a multi-core ListDD domain.
pnml2lts-sym: Using GBgetTransitionsShortR2W as next-state function
MDD Unique table full, 15271689 of 16777216 buckets filled!
Exit [1]
20.88 user, 0.32 system, 21.32 elapsed -- Max VSize = 3753476KB, Max RSS = 463408KB
