statistics run
pnml2lts-sym spec/PNML/PolyORB-LF-S04-J06-T10-unfolded.pnml -rsc,tg,vcm,mm,hf --graph-metrics --saturation=sat-like --order=chain --next-union --vset=lddmc --lddmc-cachesize=24 --lddmc-maxcachesize=24 --lddmc-tablesize=24 --lddmc-maxtablesize=24 --lace-workers=1 --peak-nodes
ctit025
pnml2lts-sym: Exploration order is chain
pnml2lts-sym: Saturation strategy is sat-like
pnml2lts-sym: Guided search strategy is unguided
pnml2lts-sym: Attractor strategy is default
pnml2lts-sym: opening spec/PNML/PolyORB-LF-S04-J06-T10-unfolded.pnml
pnml2lts-sym: Petri net has 966 places, 5354 transitions and 36134 arcs
pnml2lts-sym: There are 0 safe places
pnml2lts-sym: Petri net spec/PNML/PolyORB-LF-S04-J06-T10-unfolded.pnml analyzed
pnml2lts-sym: Loading Petri net took 0.580 real 0.500 user 0.070 sys
pnml2lts-sym: Initializing regrouping layer
pnml2lts-sym: Regroup specification: sc,tg,vcm,mm,hf
pnml2lts-sym: Regroup Select Combined matrix
pnml2lts-sym: Regroup Total graph
pnml2lts-sym: Regroup ViennaCL's Cuthill McKee
pnml2lts-sym: bandwidth: 20197
pnml2lts-sym: profile: 534862460
pnml2lts-sym: span: 759432286
pnml2lts-sym: average wavefront: 10836.46291
pnml2lts-sym: RMS wavefront: 11993.7502
pnml2lts-sym: Regroup Matrix Metrics
pnml2lts-sym: Reqroup Horizontal Flip
pnml2lts-sym: Regrouping: 5354->5354 groups
pnml2lts-sym: Regrouping took 257.420 real 256.510 user 0.060 sys
pnml2lts-sym: state vector length is 966; there are 5354 groups and 985 guards
pnml2lts-sym: Creating a multi-core ListDD domain.
pnml2lts-sym: Using GBgetTransitionsShortR2W as next-state function
pnml2lts-sym: got initial state
pnml2lts-sym: vrel_add_act not supported; falling back to vrel_add_cpy
Killed [24]
1797.29 user, 0.54 system, 1802.19 elapsed -- Max VSize = 3745076KB, Max RSS = 1052892KB
command-2173: line 5: 48326 CPU time limit exceeded memtime -c1800 -m4000000 pnml2lts-sym spec/PNML/PolyORB-LF-S04-J06-T10-unfolded.pnml -rsc,tg,vcm,mm,hf --graph-metrics --saturation=sat-like --order=chain --next-union --vset=lddmc --lddmc-cachesize=24 --lddmc-maxcachesize=24 --lddmc-tablesize=24 --lddmc-maxtablesize=24 --lace-workers=1 --peak-nodes
