performance run
pnml2lts-sym spec/PNML/PolyORB-NT-S05-J30-unfolded.pnml --saturation=sat-like --order=chain --next-union --vset=lddmc --lddmc-cachesize=24 --lddmc-maxcachesize=24 --lddmc-tablesize=24 --lddmc-maxtablesize=24 --lace-workers=1
ctit027
pnml2lts-sym: Exploration order is chain
pnml2lts-sym: Saturation strategy is sat-like
pnml2lts-sym: Guided search strategy is unguided
pnml2lts-sym: Attractor strategy is default
pnml2lts-sym: opening spec/PNML/PolyORB-NT-S05-J30-unfolded.pnml
pnml2lts-sym: Petri net has 489 places, 1400 transitions and 9764 arcs
pnml2lts-sym: There are 0 safe places
pnml2lts-sym: Petri net spec/PNML/PolyORB-NT-S05-J30-unfolded.pnml analyzed
pnml2lts-sym: Loading Petri net took 0.120 real 0.090 user 0.030 sys
pnml2lts-sym: state vector length is 489; there are 1400 groups and 509 guards
pnml2lts-sym: Creating a multi-core ListDD domain.
pnml2lts-sym: Using GBgetTransitionsShortR2W as next-state function
pnml2lts-sym: got initial state
pnml2lts-sym: vrel_add_act not supported; falling back to vrel_add_cpy
MDD Unique table full, 15149961 of 16777216 buckets filled!
Exit [1]
1630.87 user, 1.33 system, 1634.57 elapsed -- Max VSize = 3675228KB, Max RSS = 997292KB
