performance run
pnml2lts-sym spec/PNML/PolyORB-NT-S05-J60-unfolded.pnml -rsc,bg,vcm,hf --saturation=sat-like --order=chain --next-union --vset=lddmc --lddmc-cachesize=24 --lddmc-maxcachesize=24 --lddmc-tablesize=24 --lddmc-maxtablesize=24 --lace-workers=1 --peak-nodes
ctit005
pnml2lts-sym: Exploration order is chain
pnml2lts-sym: Saturation strategy is sat-like
pnml2lts-sym: Guided search strategy is unguided
pnml2lts-sym: Attractor strategy is default
pnml2lts-sym: opening spec/PNML/PolyORB-NT-S05-J60-unfolded.pnml
pnml2lts-sym: Petri net has 909 places, 1970 transitions and 12584 arcs
pnml2lts-sym: There are 0 safe places
pnml2lts-sym: Petri net spec/PNML/PolyORB-NT-S05-J60-unfolded.pnml analyzed
pnml2lts-sym: Loading Petri net took 0.200 real 0.180 user 0.020 sys
pnml2lts-sym: Initializing regrouping layer
pnml2lts-sym: Regroup specification: sc,bg,vcm,hf
pnml2lts-sym: Regroup Select Combined matrix
pnml2lts-sym: Regroup Bipartite Graph
pnml2lts-sym: Regroup ViennaCL's Cuthill McKee
pnml2lts-sym: Reqroup Horizontal Flip
pnml2lts-sym: Regrouping: 1970->1970 groups
pnml2lts-sym: Regrouping took 0.100 real 0.100 user 0.000 sys
pnml2lts-sym: state vector length is 909; there are 1970 groups and 929 guards
pnml2lts-sym: Creating a multi-core ListDD domain.
pnml2lts-sym: Using GBgetTransitionsShortR2W as next-state function
pnml2lts-sym: got initial state
pnml2lts-sym: vrel_add_act not supported; falling back to vrel_add_cpy
MDD Unique table full, 15146419 of 16777216 buckets filled!
Exit [1]
131.77 user, 1.11 system, 134.22 elapsed -- Max VSize = 3676408KB, Max RSS = 1005636KB
