statistics run
pnml2lts-sym spec/PNML/BridgeAndVehicles-V50-P20-N20-unfolded.pnml -rsc,tg,bs,mm,hf --graph-metrics --saturation=sat-like --order=chain --next-union --vset=lddmc --lddmc-cachesize=24 --lddmc-maxcachesize=24 --lddmc-tablesize=24 --lddmc-maxtablesize=24 --lace-workers=1 --peak-nodes
ctit032
pnml2lts-sym: Exploration order is chain
pnml2lts-sym: Saturation strategy is sat-like
pnml2lts-sym: Guided search strategy is unguided
pnml2lts-sym: Attractor strategy is default
pnml2lts-sym: opening spec/PNML/BridgeAndVehicles-V50-P20-N20-unfolded.pnml
pnml2lts-sym: Petri net has 138 places, 2348 transitions and 18090 arcs
pnml2lts-sym: There are 0 safe places
pnml2lts-sym: Petri net spec/PNML/BridgeAndVehicles-V50-P20-N20-unfolded.pnml analyzed
pnml2lts-sym: Loading Petri net took 0.250 real 0.200 user 0.040 sys
pnml2lts-sym: Initializing regrouping layer
pnml2lts-sym: Regroup specification: sc,tg,bs,mm,hf
pnml2lts-sym: Regroup Select Combined matrix
pnml2lts-sym: Regroup Total graph
pnml2lts-sym: Regroup Boost's Sloan
pnml2lts-sym: bandwidth: 15952
pnml2lts-sym: profile: 98418957
pnml2lts-sym: span: 98953454
pnml2lts-sym: average wavefront: 127.995391
pnml2lts-sym: RMS wavefront: 133.441987
pnml2lts-sym: Regroup Matrix Metrics
pnml2lts-sym: Reqroup Horizontal Flip
pnml2lts-sym: Regrouping: 2348->2348 groups
pnml2lts-sym: Regrouping took 104.930 real 104.540 user 0.080 sys
pnml2lts-sym: state vector length is 138; there are 2348 groups and 137 guards
pnml2lts-sym: Creating a multi-core ListDD domain.
pnml2lts-sym: Using GBgetTransitionsShortR2W as next-state function
pnml2lts-sym: got initial state
pnml2lts-sym: vrel_add_act not supported; falling back to vrel_add_cpy
Killed [24]
1794.04 user, 0.56 system, 1803.59 elapsed -- Max VSize = 3675556KB, Max RSS = 898440KB
command-796: line 5: 46500 CPU time limit exceeded memtime -c1800 -m4000000 pnml2lts-sym spec/PNML/BridgeAndVehicles-V50-P20-N20-unfolded.pnml -rsc,tg,bs,mm,hf --graph-metrics --saturation=sat-like --order=chain --next-union --vset=lddmc --lddmc-cachesize=24 --lddmc-maxcachesize=24 --lddmc-tablesize=24 --lddmc-maxtablesize=24 --lace-workers=1 --peak-nodes
