performance run
pnml2lts-sym spec/PNML/PolyORB-NT-S05-J20-unfolded.pnml -rsc,bg,vacm,hf --saturation=sat-like --order=chain --next-union --vset=lddmc --lddmc-cachesize=24 --lddmc-maxcachesize=24 --lddmc-tablesize=24 --lddmc-maxtablesize=24 --lace-workers=1 --peak-nodes
ctit044
pnml2lts-sym: Exploration order is chain
pnml2lts-sym: Saturation strategy is sat-like
pnml2lts-sym: Guided search strategy is unguided
pnml2lts-sym: Attractor strategy is default
pnml2lts-sym: opening spec/PNML/PolyORB-NT-S05-J20-unfolded.pnml
pnml2lts-sym: Petri net has 349 places, 1210 transitions and 8824 arcs
pnml2lts-sym: There are 0 safe places
pnml2lts-sym: Petri net spec/PNML/PolyORB-NT-S05-J20-unfolded.pnml analyzed
pnml2lts-sym: Loading Petri net took 0.130 real 0.090 user 0.030 sys
pnml2lts-sym: Initializing regrouping layer
pnml2lts-sym: Regroup specification: sc,bg,vacm,hf
pnml2lts-sym: Regroup Select Combined matrix
pnml2lts-sym: Regroup Bipartite Graph
pnml2lts-sym: Regroup ViennaCL's Advanced Cuthill McKee
pnml2lts-sym: Reqroup Horizontal Flip
pnml2lts-sym: Regrouping: 1210->1210 groups
pnml2lts-sym: Regrouping took 0.210 real 0.210 user 0.000 sys
pnml2lts-sym: state vector length is 349; there are 1210 groups and 369 guards
pnml2lts-sym: Creating a multi-core ListDD domain.
pnml2lts-sym: Using GBgetTransitionsShortR2W as next-state function
pnml2lts-sym: got initial state
pnml2lts-sym: vrel_add_act not supported; falling back to vrel_add_cpy
MDD Unique table full, 15219222 of 16777216 buckets filled!
Exit [1]
1188.94 user, 3.01 system, 1224.92 elapsed -- Max VSize = 3675212KB, Max RSS = 992184KB
