statistics run
pnml2lts-sym spec/PNML/BridgeAndVehicles-V20-P20-N50-unfolded.pnml -rsc,bn,rs,mm,hf --noack=1 --graph-metrics --saturation=sat-like --order=chain --next-union --vset=lddmc --lddmc-cachesize=24 --lddmc-maxcachesize=24 --lddmc-tablesize=24 --lddmc-maxtablesize=24 --lace-workers=1 --peak-nodes
ctit021
pnml2lts-sym: Exploration order is chain
pnml2lts-sym: Saturation strategy is sat-like
pnml2lts-sym: Guided search strategy is unguided
pnml2lts-sym: Attractor strategy is default
pnml2lts-sym: opening spec/PNML/BridgeAndVehicles-V20-P20-N50-unfolded.pnml
pnml2lts-sym: Petri net has 108 places, 2228 transitions and 17190 arcs
pnml2lts-sym: There are 0 safe places
pnml2lts-sym: Petri net spec/PNML/BridgeAndVehicles-V20-P20-N50-unfolded.pnml analyzed
pnml2lts-sym: Computing Noack1 order
pnml2lts-sym: Computing Noack1 order took 0.050 real 0.050 user 0.000 sys
pnml2lts-sym: Loading Petri net took 0.240 real 0.200 user 0.030 sys
pnml2lts-sym: Initializing regrouping layer
pnml2lts-sym: Got state vector permutation from language front-end; permuting columns
pnml2lts-sym: Regroup specification: sc,bn,rs,mm,hf
pnml2lts-sym: Regroup Select Combined matrix
pnml2lts-sym: Regroup Boost's None
pnml2lts-sym: bandwidth: 2335
pnml2lts-sym: profile: 2894906
pnml2lts-sym: span: 294351
pnml2lts-sym: average wavefront: 103.9692
pnml2lts-sym: RMS wavefront: 105.5119
pnml2lts-sym: Regroup Row Sort
pnml2lts-sym: Regroup Matrix Metrics
pnml2lts-sym: Reqroup Horizontal Flip
pnml2lts-sym: Regrouping: 2228->2228 groups
pnml2lts-sym: Regrouping took 0.180 real 0.180 user 0.000 sys
pnml2lts-sym: state vector length is 108; there are 2228 groups and 107 guards
pnml2lts-sym: Creating a multi-core ListDD domain.
pnml2lts-sym: Using GBgetTransitionsShortR2W as next-state function
pnml2lts-sym: got initial state
pnml2lts-sym: vrel_add_act not supported; falling back to vrel_add_cpy
pnml2lts-sym: Exploration took 602905 group checks and 602905 next state calls
pnml2lts-sym: reachability took 382.690 real 381.100 user 0.250 sys
pnml2lts-sym: counting visited states...
pnml2lts-sym: counting took 0.060 real 0.050 user 0.000 sys
pnml2lts-sym: state space has 9792342 states, 1125075 nodes
pnml2lts-sym: ( 1125075 final BDD nodes; 1125075 peak nodes )
pnml2lts-sym: group_next: 14728 nodes total
pnml2lts-sym: group_explored: 68321 nodes, 95334 short vectors total
pnml2lts-sym: max token count: 20
Event Span: 132056
Normalized Event Span: 0.548806
Weighted Event Span, moment 1 (WES^1): 220231
Normalized Weighted Event Span, moment 1: 0.915252
Exit [0]
381.66 user, 0.36 system, 383.56 elapsed -- Max VSize = 3675560KB, Max RSS = 966100KB
