performance run
pnml2lts-sym spec/PNML/erk-000100.pnml --saturation=sat-like --order=chain --next-union --vset=lddmc --lddmc-cachesize=24 --lddmc-maxcachesize=24 --lddmc-tablesize=24 --lddmc-maxtablesize=24 --lace-workers=1
ctit042
pnml2lts-sym: Exploration order is chain
pnml2lts-sym: Saturation strategy is sat-like
pnml2lts-sym: Guided search strategy is unguided
pnml2lts-sym: Attractor strategy is default
pnml2lts-sym: opening spec/PNML/erk-000100.pnml
pnml2lts-sym: Petri net has 11 places, 11 transitions and 34 arcs
pnml2lts-sym: There are 0 safe places
pnml2lts-sym: Petri net spec/PNML/erk-000100.pnml analyzed
pnml2lts-sym: Loading Petri net took 0.010 real 0.000 user 0.000 sys
pnml2lts-sym: state vector length is 11; there are 11 groups and 11 guards
pnml2lts-sym: Creating a multi-core ListDD domain.
pnml2lts-sym: Using GBgetTransitionsShortR2W as next-state function
pnml2lts-sym: got initial state
pnml2lts-sym: vrel_add_act not supported; falling back to vrel_add_cpy
Killed [24]
1797.67 user, 0.50 system, 1800.69 elapsed -- Max VSize = 3675064KB, Max RSS = 963568KB
command-270: line 5: 61228 CPU time limit exceeded memtime -c1800 -m4000000 pnml2lts-sym spec/PNML/erk-000100.pnml --saturation=sat-like --order=chain --next-union --vset=lddmc --lddmc-cachesize=24 --lddmc-maxcachesize=24 --lddmc-tablesize=24 --lddmc-maxtablesize=24 --lace-workers=1
