statistics run
pnml2lts-sym spec/PNML/PolyORB-LF-S02-J04-T10-unfolded.pnml -rsc,bg,vacm,mm,hf --graph-metrics --saturation=sat-like --order=chain --next-union --vset=lddmc --lddmc-cachesize=24 --lddmc-maxcachesize=24 --lddmc-tablesize=24 --lddmc-maxtablesize=24 --lace-workers=1 --peak-nodes
ctit034
pnml2lts-sym: Exploration order is chain
pnml2lts-sym: Saturation strategy is sat-like
pnml2lts-sym: Guided search strategy is unguided
pnml2lts-sym: Attractor strategy is default
pnml2lts-sym: opening spec/PNML/PolyORB-LF-S02-J04-T10-unfolded.pnml
pnml2lts-sym: Petri net has 752 places, 1572 transitions and 7262 arcs
pnml2lts-sym: There are 0 safe places
pnml2lts-sym: Petri net spec/PNML/PolyORB-LF-S02-J04-T10-unfolded.pnml analyzed
pnml2lts-sym: Loading Petri net took 0.150 real 0.120 user 0.030 sys
pnml2lts-sym: Initializing regrouping layer
pnml2lts-sym: Regroup specification: sc,bg,vacm,mm,hf
pnml2lts-sym: Regroup Select Combined matrix
pnml2lts-sym: Regroup Bipartite Graph
pnml2lts-sym: Regroup ViennaCL's Advanced Cuthill McKee
pnml2lts-sym: bandwidth: 456
pnml2lts-sym: profile: 789813
pnml2lts-sym: span: 1146128
pnml2lts-sym: average wavefront: 287.7048
pnml2lts-sym: RMS wavefront: 310.4876
pnml2lts-sym: Regroup Matrix Metrics
pnml2lts-sym: Reqroup Horizontal Flip
pnml2lts-sym: Regrouping: 1572->1572 groups
pnml2lts-sym: Regrouping took 0.570 real 0.570 user 0.000 sys
pnml2lts-sym: state vector length is 752; there are 1572 groups and 765 guards
pnml2lts-sym: Creating a multi-core ListDD domain.
pnml2lts-sym: Using GBgetTransitionsShortR2W as next-state function
pnml2lts-sym: got initial state
pnml2lts-sym: vrel_add_act not supported; falling back to vrel_add_cpy
Killed [24]
1797.38 user, 0.51 system, 1801.99 elapsed -- Max VSize = 3675832KB, Max RSS = 802156KB
command-2024: line 5: 57927 CPU time limit exceeded memtime -c1800 -m4000000 pnml2lts-sym spec/PNML/PolyORB-LF-S02-J04-T10-unfolded.pnml -rsc,bg,vacm,mm,hf --graph-metrics --saturation=sat-like --order=chain --next-union --vset=lddmc --lddmc-cachesize=24 --lddmc-maxcachesize=24 --lddmc-tablesize=24 --lddmc-maxtablesize=24 --lace-workers=1 --peak-nodes
