performance run
pnml2lts-sym spec/PNML/rwmutex-r500w10.pnml -rsc,bg,bs,hf --saturation=sat-like --order=chain --next-union --vset=lddmc --lddmc-cachesize=24 --lddmc-maxcachesize=24 --lddmc-tablesize=24 --lddmc-maxtablesize=24 --lace-workers=1 --peak-nodes
ctit029
pnml2lts-sym: Exploration order is chain
pnml2lts-sym: Saturation strategy is sat-like
pnml2lts-sym: Guided search strategy is unguided
pnml2lts-sym: Attractor strategy is default
pnml2lts-sym: opening spec/PNML/rwmutex-r500w10.pnml
pnml2lts-sym: Petri net has 1520 places, 1020 transitions and 13040 arcs
pnml2lts-sym: There are 0 safe places
pnml2lts-sym: Petri net spec/PNML/rwmutex-r500w10.pnml analyzed
pnml2lts-sym: Loading Petri net took 0.140 real 0.120 user 0.010 sys
pnml2lts-sym: Initializing regrouping layer
pnml2lts-sym: Regroup specification: sc,bg,bs,hf
pnml2lts-sym: Regroup Select Combined matrix
pnml2lts-sym: Regroup Bipartite Graph
pnml2lts-sym: Regroup Boost's Sloan
pnml2lts-sym: Reqroup Horizontal Flip
pnml2lts-sym: Regrouping: 1020->1020 groups
pnml2lts-sym: Regrouping took 0.140 real 0.150 user 0.000 sys
pnml2lts-sym: state vector length is 1520; there are 1020 groups and 1520 guards
pnml2lts-sym: Creating a multi-core ListDD domain.
pnml2lts-sym: Using GBgetTransitionsShortR2W as next-state function
pnml2lts-sym: got initial state
pnml2lts-sym: vrel_add_act not supported; falling back to vrel_add_cpy
Killed [24]
1796.39 user, 0.34 system, 1800.93 elapsed -- Max VSize = 3676236KB, Max RSS = 763008KB
command-10652: line 5: 54310 CPU time limit exceeded memtime -c1800 -m4000000 pnml2lts-sym spec/PNML/rwmutex-r500w10.pnml -rsc,bg,bs,hf --saturation=sat-like --order=chain --next-union --vset=lddmc --lddmc-cachesize=24 --lddmc-maxcachesize=24 --lddmc-tablesize=24 --lddmc-maxtablesize=24 --lace-workers=1 --peak-nodes
