performance run
pnml2lts-sym spec/PNML/SafeBus-20-unfolded.pnml -rsc,bg,vcm,hf --saturation=sat-like --order=chain --next-union --vset=lddmc --lddmc-cachesize=24 --lddmc-maxcachesize=24 --lddmc-tablesize=24 --lddmc-maxtablesize=24 --lace-workers=1 --peak-nodes
ctit017
pnml2lts-sym: Exploration order is chain
pnml2lts-sym: Saturation strategy is sat-like
pnml2lts-sym: Guided search strategy is unguided
pnml2lts-sym: Attractor strategy is default
pnml2lts-sym: opening spec/PNML/SafeBus-20-unfolded.pnml
pnml2lts-sym: Petri net has 1026 places, 10461 transitions and 77364 arcs
pnml2lts-sym: There are 0 safe places
pnml2lts-sym: Petri net spec/PNML/SafeBus-20-unfolded.pnml analyzed
pnml2lts-sym: Loading Petri net took 1.140 real 0.930 user 0.140 sys
pnml2lts-sym: Initializing regrouping layer
pnml2lts-sym: Regroup specification: sc,bg,vcm,hf
pnml2lts-sym: Regroup Select Combined matrix
pnml2lts-sym: Regroup Bipartite Graph
pnml2lts-sym: Regroup ViennaCL's Cuthill McKee
pnml2lts-sym: Reqroup Horizontal Flip
pnml2lts-sym: Regrouping: 10461->10461 groups
pnml2lts-sym: Regrouping took 0.620 real 0.610 user 0.000 sys
pnml2lts-sym: state vector length is 1026; there are 10461 groups and 1026 guards
pnml2lts-sym: Creating a multi-core ListDD domain.
cache_create: Unable to allocate memory: Cannot allocate memory!
Exit [1]
1.54 user, 0.18 system, 2.11 elapsed -- Max VSize = 2828512KB, Max RSS = 169764KB
