statistics run
pnml2lts-sym spec/PNML/eratosthenes-200.pnml -rsc,bn,rs,mm,hf --noack=1 --graph-metrics --saturation=sat-like --order=chain --next-union --vset=lddmc --lddmc-cachesize=24 --lddmc-maxcachesize=24 --lddmc-tablesize=24 --lddmc-maxtablesize=24 --lace-workers=1 --peak-nodes
ctit002
pnml2lts-sym: Exploration order is chain
pnml2lts-sym: Saturation strategy is sat-like
pnml2lts-sym: Guided search strategy is unguided
pnml2lts-sym: Attractor strategy is default
pnml2lts-sym: opening spec/PNML/eratosthenes-200.pnml
pnml2lts-sym: Petri net has 199 places, 699 transitions and 2097 arcs
pnml2lts-sym: There are 0 safe places
pnml2lts-sym: Petri net spec/PNML/eratosthenes-200.pnml analyzed
pnml2lts-sym: Computing Noack1 order
pnml2lts-sym: Computing Noack1 order took 0.000 real 0.000 user 0.000 sys
pnml2lts-sym: Loading Petri net took 0.040 real 0.030 user 0.000 sys
pnml2lts-sym: Initializing regrouping layer
pnml2lts-sym: Got state vector permutation from language front-end; permuting columns
pnml2lts-sym: Regroup specification: sc,bn,rs,mm,hf
pnml2lts-sym: Regroup Select Combined matrix
pnml2lts-sym: Regroup Boost's None
pnml2lts-sym: bandwidth: 872
pnml2lts-sym: profile: 445606
pnml2lts-sym: span: 108163
pnml2lts-sym: average wavefront: 128.139
pnml2lts-sym: RMS wavefront: 137.943
pnml2lts-sym: Regroup Row Sort
pnml2lts-sym: Regroup Matrix Metrics
pnml2lts-sym: Reqroup Horizontal Flip
Killed [24]
1797.20 user, 0.28 system, 1803.39 elapsed -- Max VSize = 2677572KB, Max RSS = 11536KB
command-4258: line 5: 35386 CPU time limit exceeded memtime -c1800 -m4000000 pnml2lts-sym spec/PNML/eratosthenes-200.pnml -rsc,bn,rs,mm,hf --noack=1 --graph-metrics --saturation=sat-like --order=chain --next-union --vset=lddmc --lddmc-cachesize=24 --lddmc-maxcachesize=24 --lddmc-tablesize=24 --lddmc-maxtablesize=24 --lace-workers=1 --peak-nodes
