performance run
pnml2lts-sym spec/PNML/Philosophers-200.pnml --saturation=sat-like --order=chain --next-union --vset=lddmc --lddmc-cachesize=24 --lddmc-maxcachesize=24 --lddmc-tablesize=24 --lddmc-maxtablesize=24 --lace-workers=1
ctit025
pnml2lts-sym: Exploration order is chain
pnml2lts-sym: Saturation strategy is sat-like
pnml2lts-sym: Guided search strategy is unguided
pnml2lts-sym: Attractor strategy is default
pnml2lts-sym: opening spec/PNML/Philosophers-200.pnml
pnml2lts-sym: Petri net has 1000 places, 1000 transitions and 3200 arcs
pnml2lts-sym: There are 0 safe places
pnml2lts-sym: Petri net spec/PNML/Philosophers-200.pnml analyzed
pnml2lts-sym: Loading Petri net took 0.210 real 0.130 user 0.070 sys
pnml2lts-sym: state vector length is 1000; there are 1000 groups and 1000 guards
pnml2lts-sym: Creating a multi-core ListDD domain.
pnml2lts-sym: Using GBgetTransitionsShortR2W as next-state function
pnml2lts-sym: got initial state
pnml2lts-sym: vrel_add_act not supported; falling back to vrel_add_cpy
MDD Unique table full, 15093044 of 16777216 buckets filled!
Exit [1]
52.69 user, 0.91 system, 53.85 elapsed -- Max VSize = 3675088KB, Max RSS = 981448KB
