statistics run
pnml2lts-sym spec/PNML/neoelection-2.unf.pnml -rsc,tg,bk,mm,hf --graph-metrics --saturation=sat-like --order=chain --next-union --vset=lddmc --lddmc-cachesize=24 --lddmc-maxcachesize=24 --lddmc-tablesize=24 --lddmc-maxtablesize=24 --lace-workers=1 --peak-nodes
ctit025
pnml2lts-sym: Exploration order is chain
pnml2lts-sym: Saturation strategy is sat-like
pnml2lts-sym: Guided search strategy is unguided
pnml2lts-sym: Attractor strategy is default
pnml2lts-sym: opening spec/PNML/neoelection-2.unf.pnml
pnml2lts-sym: Petri net has 438 places, 357 transitions and 1998 arcs
pnml2lts-sym: There are 0 safe places
pnml2lts-sym: Petri net spec/PNML/neoelection-2.unf.pnml analyzed
pnml2lts-sym: Loading Petri net took 0.020 real 0.020 user 0.000 sys
pnml2lts-sym: Initializing regrouping layer
pnml2lts-sym: Regroup specification: sc,tg,bk,mm,hf
pnml2lts-sym: Regroup Select Combined matrix
pnml2lts-sym: Regroup Total graph
pnml2lts-sym: Regroup Boost's King
pnml2lts-sym: bandwidth: 998
pnml2lts-sym: profile: 1307678
pnml2lts-sym: span: 1727304
pnml2lts-sym: average wavefront: 235.0144
pnml2lts-sym: RMS wavefront: 277.4329
pnml2lts-sym: Regroup Matrix Metrics
pnml2lts-sym: Reqroup Horizontal Flip
pnml2lts-sym: Regrouping: 357->357 groups
pnml2lts-sym: Regrouping took 0.200 real 0.190 user 0.000 sys
pnml2lts-sym: state vector length is 438; there are 357 groups and 177 guards
pnml2lts-sym: Creating a multi-core ListDD domain.
pnml2lts-sym: Using GBgetTransitionsShortR2W as next-state function
pnml2lts-sym: got initial state
pnml2lts-sym: vrel_add_act not supported; falling back to vrel_add_cpy
pnml2lts-sym: Exploration took 3038 group checks and 3038 next state calls
pnml2lts-sym: reachability took 0.590 real 0.420 user 0.170 sys
pnml2lts-sym: counting visited states...
pnml2lts-sym: counting took 0.000 real 0.000 user 0.000 sys
pnml2lts-sym: state space has 241 states, 1222 nodes
pnml2lts-sym: ( 1222 final BDD nodes; 1331 peak nodes )
pnml2lts-sym: group_next: 142 nodes total
pnml2lts-sym: group_explored: 2746 nodes, 1157 short vectors total
pnml2lts-sym: max token count: 1
Event Span: 18822
Normalized Event Span: 0.120371
Weighted Event Span, moment 1 (WES^1): 10171.3
Normalized Weighted Event Span, moment 1: 0.065048
Exit [0]
0.76 user, 0.24 system, 1.10 elapsed -- Max VSize = 3675068KB, Max RSS = 741536KB
