performance run
pnml2lts-sym spec/PNML/SafeBus-10-unfolded.pnml --saturation=sat-like --order=chain --next-union --vset=lddmc --lddmc-cachesize=24 --lddmc-maxcachesize=24 --lddmc-tablesize=24 --lddmc-maxtablesize=24 --lace-workers=1
ctit031
pnml2lts-sym: Exploration order is chain
pnml2lts-sym: Saturation strategy is sat-like
pnml2lts-sym: Guided search strategy is unguided
pnml2lts-sym: Attractor strategy is default
pnml2lts-sym: opening spec/PNML/SafeBus-10-unfolded.pnml
pnml2lts-sym: Petri net has 316 places, 1631 transitions and 11384 arcs
pnml2lts-sym: There are 0 safe places
pnml2lts-sym: Petri net spec/PNML/SafeBus-10-unfolded.pnml analyzed
pnml2lts-sym: Loading Petri net took 0.200 real 0.180 user 0.020 sys
pnml2lts-sym: state vector length is 316; there are 1631 groups and 316 guards
pnml2lts-sym: Creating a multi-core ListDD domain.
pnml2lts-sym: Using GBgetTransitionsShortR2W as next-state function
pnml2lts-sym: got initial state
pnml2lts-sym: vrel_add_act not supported; falling back to vrel_add_cpy
Killed [24]
1788.42 user, 9.66 system, 1801.07 elapsed -- Max VSize = 3675300KB, Max RSS = 985216KB
command-891: line 5:  4338 CPU time limit exceeded memtime -c1800 -m4000000 pnml2lts-sym spec/PNML/SafeBus-10-unfolded.pnml --saturation=sat-like --order=chain --next-union --vset=lddmc --lddmc-cachesize=24 --lddmc-maxcachesize=24 --lddmc-tablesize=24 --lddmc-maxtablesize=24 --lace-workers=1
