performance run
pnml2lts-sym spec/PNML/railroad-010-pt.pnml --saturation=sat-like --order=chain --next-union --vset=lddmc --lddmc-cachesize=24 --lddmc-maxcachesize=24 --lddmc-tablesize=24 --lddmc-maxtablesize=24 --lace-workers=1
ctit029
pnml2lts-sym: Exploration order is chain
pnml2lts-sym: Saturation strategy is sat-like
pnml2lts-sym: Guided search strategy is unguided
pnml2lts-sym: Attractor strategy is default
pnml2lts-sym: opening spec/PNML/railroad-010-pt.pnml
pnml2lts-sym: Petri net has 118 places, 156 transitions and 898 arcs
pnml2lts-sym: There are 0 safe places
pnml2lts-sym: Petri net spec/PNML/railroad-010-pt.pnml analyzed
pnml2lts-sym: Loading Petri net took 0.000 real 0.000 user 0.000 sys
pnml2lts-sym: state vector length is 118; there are 156 groups and 88 guards
pnml2lts-sym: Creating a multi-core ListDD domain.
pnml2lts-sym: Using GBgetTransitionsShortR2W as next-state function
pnml2lts-sym: got initial state
pnml2lts-sym: vrel_add_act not supported; falling back to vrel_add_cpy
pnml2lts-sym: Exploration took 2866 group checks and 2866 next state calls
pnml2lts-sym: reachability took 33.530 real 33.060 user 0.360 sys
pnml2lts-sym: counting visited states...
pnml2lts-sym: counting took 0.260 real 0.260 user 0.000 sys
pnml2lts-sym: state space has 2038166 states, 885553 nodes
pnml2lts-sym: group_next: 1456 nodes total
pnml2lts-sym: group_explored: 2283 nodes, 1503 short vectors total
pnml2lts-sym: max token count: 1
Exit [0]
33.35 user, 0.47 system, 34.03 elapsed -- Max VSize = 3675064KB, Max RSS = 759212KB
