performance run
pnml2lts-sym spec/PNML/angiogenesis-05.pnml -rsc,bg,vcm,hf --saturation=sat-like --order=chain --next-union --vset=lddmc --lddmc-cachesize=24 --lddmc-maxcachesize=24 --lddmc-tablesize=24 --lddmc-maxtablesize=24 --lace-workers=1 --peak-nodes
ctit001
pnml2lts-sym: Exploration order is chain
pnml2lts-sym: Saturation strategy is sat-like
pnml2lts-sym: Guided search strategy is unguided
pnml2lts-sym: Attractor strategy is default
pnml2lts-sym: opening spec/PNML/angiogenesis-05.pnml
pnml2lts-sym: Petri net has 39 places, 64 transitions and 185 arcs
pnml2lts-sym: There are 0 safe places
pnml2lts-sym: Petri net spec/PNML/angiogenesis-05.pnml analyzed
pnml2lts-sym: Loading Petri net took 0.000 real 0.000 user 0.000 sys
pnml2lts-sym: Initializing regrouping layer
pnml2lts-sym: Regroup specification: sc,bg,vcm,hf
pnml2lts-sym: Regroup Select Combined matrix
pnml2lts-sym: Regroup Bipartite Graph
pnml2lts-sym: Regroup ViennaCL's Cuthill McKee
pnml2lts-sym: Reqroup Horizontal Flip
pnml2lts-sym: Regrouping: 64->64 groups
pnml2lts-sym: Regrouping took 0.000 real 0.000 user 0.000 sys
pnml2lts-sym: state vector length is 39; there are 64 groups and 38 guards
pnml2lts-sym: Creating a multi-core ListDD domain.
pnml2lts-sym: Using GBgetTransitionsShortR2W as next-state function
pnml2lts-sym: got initial state
pnml2lts-sym: vrel_add_act not supported; falling back to vrel_add_cpy
pnml2lts-sym: Exploration took 1830 group checks and 1830 next state calls
pnml2lts-sym: reachability took 43.320 real 43.010 user 0.190 sys
pnml2lts-sym: counting visited states...
pnml2lts-sym: counting took 0.010 real 0.020 user 0.000 sys
pnml2lts-sym: state space has 42734935 states, 229552 nodes
pnml2lts-sym: ( 229552 final BDD nodes; 375328 peak nodes )
pnml2lts-sym: group_next: 3045 nodes total
pnml2lts-sym: group_explored: 2672 nodes, 4011 short vectors total
pnml2lts-sym: max token count: 5
Exit [0]
43.03 user, 0.26 system, 43.54 elapsed -- Max VSize = 3675064KB, Max RSS = 795456KB
