statistics run
pnml2lts-sym spec/PNML/BridgeAndVehicles-V80-P20-N10-unfolded.pnml -rsc,tg,vcm,mm,hf --graph-metrics --saturation=sat-like --order=chain --next-union --vset=lddmc --lddmc-cachesize=24 --lddmc-maxcachesize=24 --lddmc-tablesize=24 --lddmc-maxtablesize=24 --lace-workers=1 --peak-nodes
ctit018
pnml2lts-sym: Exploration order is chain
pnml2lts-sym: Saturation strategy is sat-like
pnml2lts-sym: Guided search strategy is unguided
pnml2lts-sym: Attractor strategy is default
pnml2lts-sym: opening spec/PNML/BridgeAndVehicles-V80-P20-N10-unfolded.pnml
pnml2lts-sym: Petri net has 188 places, 2108 transitions and 15950 arcs
pnml2lts-sym: There are 0 safe places
pnml2lts-sym: Petri net spec/PNML/BridgeAndVehicles-V80-P20-N10-unfolded.pnml analyzed
pnml2lts-sym: Loading Petri net took 0.190 real 0.160 user 0.020 sys
pnml2lts-sym: Initializing regrouping layer
pnml2lts-sym: Regroup specification: sc,tg,vcm,mm,hf
pnml2lts-sym: Regroup Select Combined matrix
pnml2lts-sym: Regroup Total graph
pnml2lts-sym: Regroup ViennaCL's Cuthill McKee
pnml2lts-sym: bandwidth: 10157
pnml2lts-sym: profile: 83637559
pnml2lts-sym: span: 110468844
pnml2lts-sym: average wavefront: 4720.09317
pnml2lts-sym: RMS wavefront: 5451.63538
pnml2lts-sym: Regroup Matrix Metrics
pnml2lts-sym: Reqroup Horizontal Flip
pnml2lts-sym: Regrouping: 2108->2108 groups
pnml2lts-sym: Regrouping took 22.030 real 21.930 user 0.010 sys
pnml2lts-sym: state vector length is 188; there are 2108 groups and 187 guards
pnml2lts-sym: Creating a multi-core ListDD domain.
pnml2lts-sym: Using GBgetTransitionsShortR2W as next-state function
pnml2lts-sym: got initial state
pnml2lts-sym: vrel_add_act not supported; falling back to vrel_add_cpy
Killed [24]
1797.47 user, 0.44 system, 1801.48 elapsed -- Max VSize = 3675508KB, Max RSS = 788328KB
command-877: line 5:  5711 CPU time limit exceeded memtime -c1800 -m4000000 pnml2lts-sym spec/PNML/BridgeAndVehicles-V80-P20-N10-unfolded.pnml -rsc,tg,vcm,mm,hf --graph-metrics --saturation=sat-like --order=chain --next-union --vset=lddmc --lddmc-cachesize=24 --lddmc-maxcachesize=24 --lddmc-tablesize=24 --lddmc-maxtablesize=24 --lace-workers=1 --peak-nodes
