statistics run
pnml2lts-sym spec/PNML/parking_4_32.pnml -rsc,bg,bcm,mm,hf --graph-metrics --saturation=sat-like --order=chain --next-union --vset=lddmc --lddmc-cachesize=24 --lddmc-maxcachesize=24 --lddmc-tablesize=24 --lddmc-maxtablesize=24 --lace-workers=1 --peak-nodes
ctit024
pnml2lts-sym: Exploration order is chain
pnml2lts-sym: Saturation strategy is sat-like
pnml2lts-sym: Guided search strategy is unguided
pnml2lts-sym: Attractor strategy is default
pnml2lts-sym: opening spec/PNML/parking_4_32.pnml
pnml2lts-sym: Petri net has 529 places, 785 transitions and 2329 arcs
pnml2lts-sym: There are 529 safe places
pnml2lts-sym: Petri net spec/PNML/parking_4_32.pnml analyzed
pnml2lts-sym: Loading Petri net took 0.040 real 0.030 user 0.000 sys
pnml2lts-sym: Initializing regrouping layer
pnml2lts-sym: Regroup specification: sc,bg,bcm,mm,hf
pnml2lts-sym: Regroup Select Combined matrix
pnml2lts-sym: Regroup Bipartite Graph
pnml2lts-sym: Regroup Boost's Cuthill McKee
pnml2lts-sym: bandwidth: 528
pnml2lts-sym: profile: 479269
pnml2lts-sym: span: 553054
pnml2lts-sym: average wavefront: 219.6065
pnml2lts-sym: RMS wavefront: 263.9834
pnml2lts-sym: Regroup Matrix Metrics
pnml2lts-sym: Reqroup Horizontal Flip
pnml2lts-sym: Regrouping: 785->785 groups
pnml2lts-sym: Regrouping took 0.050 real 0.050 user 0.000 sys
pnml2lts-sym: state vector length is 529; there are 785 groups and 529 guards
pnml2lts-sym: Creating a multi-core ListDD domain.
pnml2lts-sym: Using GBgetTransitionsShortR2W as next-state function
pnml2lts-sym: got initial state
pnml2lts-sym: vrel_add_act not supported; falling back to vrel_add_cpy
MDD Unique table full, 14886129 of 16777216 buckets filled!
Event Span: 128918
Normalized Event Span: 0.310448
Weighted Event Span, moment 1 (WES^1): 180511
Normalized Weighted Event Span, moment 1: 0.434688
Exit [1]
472.02 user, 1.43 system, 474.56 elapsed -- Max VSize = 3675076KB, Max RSS = 977592KB
