statistics run
pnml2lts-sym spec/PNML/PolyORB-LF-S02-J04-T08-unfolded.pnml -rsc,bg,bs,mm,hf --graph-metrics --saturation=sat-like --order=chain --next-union --vset=lddmc --lddmc-cachesize=24 --lddmc-maxcachesize=24 --lddmc-tablesize=24 --lddmc-maxtablesize=24 --lace-workers=1 --peak-nodes
ctit003
pnml2lts-sym: Exploration order is chain
pnml2lts-sym: Saturation strategy is sat-like
pnml2lts-sym: Guided search strategy is unguided
pnml2lts-sym: Attractor strategy is default
pnml2lts-sym: opening spec/PNML/PolyORB-LF-S02-J04-T08-unfolded.pnml
pnml2lts-sym: Petri net has 614 places, 1242 transitions and 5732 arcs
pnml2lts-sym: There are 0 safe places
pnml2lts-sym: Petri net spec/PNML/PolyORB-LF-S02-J04-T08-unfolded.pnml analyzed
pnml2lts-sym: Loading Petri net took 0.100 real 0.090 user 0.000 sys
pnml2lts-sym: Initializing regrouping layer
pnml2lts-sym: Regroup specification: sc,bg,bs,mm,hf
pnml2lts-sym: Regroup Select Combined matrix
pnml2lts-sym: Regroup Bipartite Graph
pnml2lts-sym: Regroup Boost's Sloan
pnml2lts-sym: bandwidth: 918
pnml2lts-sym: profile: 476060
pnml2lts-sym: span: 517002
pnml2lts-sym: average wavefront: 79.01131
pnml2lts-sym: RMS wavefront: 87.72514
pnml2lts-sym: Regroup Matrix Metrics
pnml2lts-sym: Reqroup Horizontal Flip
pnml2lts-sym: Regrouping: 1242->1242 groups
pnml2lts-sym: Regrouping took 0.380 real 0.380 user 0.000 sys
pnml2lts-sym: state vector length is 614; there are 1242 groups and 627 guards
pnml2lts-sym: Creating a multi-core ListDD domain.
pnml2lts-sym: Using GBgetTransitionsShortR2W as next-state function
pnml2lts-sym: got initial state
pnml2lts-sym: vrel_add_act not supported; falling back to vrel_add_cpy
Killed [24]
1796.61 user, 0.38 system, 1802.39 elapsed -- Max VSize = 3675092KB, Max RSS = 779144KB
command-2006: line 5: 34624 CPU time limit exceeded memtime -c1800 -m4000000 pnml2lts-sym spec/PNML/PolyORB-LF-S02-J04-T08-unfolded.pnml -rsc,bg,bs,mm,hf --graph-metrics --saturation=sat-like --order=chain --next-union --vset=lddmc --lddmc-cachesize=24 --lddmc-maxcachesize=24 --lddmc-tablesize=24 --lddmc-maxtablesize=24 --lace-workers=1 --peak-nodes
