performance run
pnml2lts-sym spec/PNML/BridgeAndVehicles-V20-P20-N20-unfolded.pnml -rrs,hf --noack=1 --saturation=sat-like --order=chain --next-union --vset=lddmc --lddmc-cachesize=24 --lddmc-maxcachesize=24 --lddmc-tablesize=24 --lddmc-maxtablesize=24 --lace-workers=1 --peak-nodes
ctit015
pnml2lts-sym: Exploration order is chain
pnml2lts-sym: Saturation strategy is sat-like
pnml2lts-sym: Guided search strategy is unguided
pnml2lts-sym: Attractor strategy is default
pnml2lts-sym: opening spec/PNML/BridgeAndVehicles-V20-P20-N20-unfolded.pnml
pnml2lts-sym: Petri net has 78 places, 968 transitions and 7350 arcs
pnml2lts-sym: There are 0 safe places
pnml2lts-sym: Petri net spec/PNML/BridgeAndVehicles-V20-P20-N20-unfolded.pnml analyzed
pnml2lts-sym: Computing Noack1 order
pnml2lts-sym: Computing Noack1 order took 0.020 real 0.010 user 0.000 sys
pnml2lts-sym: Loading Petri net took 0.090 real 0.060 user 0.020 sys
pnml2lts-sym: Initializing regrouping layer
pnml2lts-sym: Got state vector permutation from language front-end; permuting columns
pnml2lts-sym: Regroup specification: rs,hf
pnml2lts-sym: Regroup Row Sort
pnml2lts-sym: Reqroup Horizontal Flip
pnml2lts-sym: Regrouping: 968->968 groups
pnml2lts-sym: Regrouping took 0.010 real 0.010 user 0.000 sys
pnml2lts-sym: state vector length is 78; there are 968 groups and 77 guards
pnml2lts-sym: Creating a multi-core ListDD domain.
pnml2lts-sym: Using GBgetTransitionsShortR2W as next-state function
pnml2lts-sym: got initial state
pnml2lts-sym: vrel_add_act not supported; falling back to vrel_add_cpy
pnml2lts-sym: Exploration took 198436 group checks and 198436 next state calls
pnml2lts-sym: reachability took 428.900 real 427.660 user 0.270 sys
pnml2lts-sym: counting visited states...
pnml2lts-sym: counting took 0.080 real 0.080 user 0.000 sys
pnml2lts-sym: state space has 9783606 states, 1130937 nodes
pnml2lts-sym: ( 1130937 final BDD nodes; 1130937 peak nodes )
pnml2lts-sym: group_next: 13868 nodes total
pnml2lts-sym: group_explored: 44917 nodes, 75764 short vectors total
pnml2lts-sym: max token count: 20
Exit [0]
427.86 user, 0.36 system, 429.34 elapsed -- Max VSize = 3675088KB, Max RSS = 970692KB
