performance run
pnml2lts-sym spec/PNML/30-10_phaseVariation.pnml -rsc,tg,bs,hf --saturation=sat-like --order=chain --next-union --vset=lddmc --lddmc-cachesize=24 --lddmc-maxcachesize=24 --lddmc-tablesize=24 --lddmc-maxtablesize=24 --lace-workers=1 --peak-nodes
ctit012
pnml2lts-sym: Exploration order is chain
pnml2lts-sym: Saturation strategy is sat-like
pnml2lts-sym: Guided search strategy is unguided
pnml2lts-sym: Attractor strategy is default
pnml2lts-sym: opening spec/PNML/30-10_phaseVariation.pnml
pnml2lts-sym: Petri net has 2702 places, 30977 transitions and 215035 arcs
pnml2lts-sym: There are 0 safe places
pnml2lts-sym: Petri net spec/PNML/30-10_phaseVariation.pnml analyzed
pnml2lts-sym: Loading Petri net took 3.940 real 3.440 user 0.490 sys
pnml2lts-sym: Initializing regrouping layer
pnml2lts-sym: Regroup specification: sc,tg,bs,hf
pnml2lts-sym: Regroup Select Combined matrix
pnml2lts-sym: Regroup Total graph
pnml2lts-sym: Regroup Boost's Sloan
Killed [24]
1796.77 user, 0.97 system, 1801.49 elapsed -- Max VSize = 3067904KB, Max RSS = 453564KB
command-6263: line 5: 59510 CPU time limit exceeded memtime -c1800 -m4000000 pnml2lts-sym spec/PNML/30-10_phaseVariation.pnml -rsc,tg,bs,hf --saturation=sat-like --order=chain --next-union --vset=lddmc --lddmc-cachesize=24 --lddmc-maxcachesize=24 --lddmc-tablesize=24 --lddmc-maxtablesize=24 --lace-workers=1 --peak-nodes
