statistics run
pnml2lts-sym spec/PNML/raft_10.pnml -rsc,bg,vgps,mm,hf --graph-metrics --saturation=sat-like --order=chain --next-union --vset=lddmc --lddmc-cachesize=24 --lddmc-maxcachesize=24 --lddmc-tablesize=24 --lddmc-maxtablesize=24 --lace-workers=1 --peak-nodes
ctit044
pnml2lts-sym: Exploration order is chain
pnml2lts-sym: Saturation strategy is sat-like
pnml2lts-sym: Guided search strategy is unguided
pnml2lts-sym: Attractor strategy is default
pnml2lts-sym: opening spec/PNML/raft_10.pnml
pnml2lts-sym: Petri net has 508 places, 868 transitions and 3359 arcs
pnml2lts-sym: There are 508 safe places
pnml2lts-sym: Petri net spec/PNML/raft_10.pnml analyzed
pnml2lts-sym: Loading Petri net took 0.040 real 0.040 user 0.000 sys
pnml2lts-sym: Initializing regrouping layer
pnml2lts-sym: Regroup specification: sc,bg,vgps,mm,hf
pnml2lts-sym: Regroup Select Combined matrix
pnml2lts-sym: Regroup Bipartite Graph
pnml2lts-sym: Regroup ViennaCL's Gibbs Poole Stockmeyer
pnml2lts-sym: bandwidth: 689
pnml2lts-sym: profile: 582338
pnml2lts-sym: span: 732299
pnml2lts-sym: average wavefront: 271.5821
pnml2lts-sym: RMS wavefront: 312.9101
pnml2lts-sym: Regroup Matrix Metrics
pnml2lts-sym: Reqroup Horizontal Flip
pnml2lts-sym: Regrouping: 868->868 groups
pnml2lts-sym: Regrouping took 0.330 real 0.320 user 0.000 sys
pnml2lts-sym: state vector length is 508; there are 868 groups and 508 guards
pnml2lts-sym: Creating a multi-core ListDD domain.
pnml2lts-sym: Using GBgetTransitionsShortR2W as next-state function
pnml2lts-sym: got initial state
pnml2lts-sym: vrel_add_act not supported; falling back to vrel_add_cpy
MDD Unique table full, 14995361 of 16777216 buckets filled!
Event Span: 150208
Normalized Event Span: 0.340651
Weighted Event Span, moment 1 (WES^1): 217374
Normalized Weighted Event Span, moment 1: 0.492974
Exit [1]
1434.02 user, 3.54 system, 1441.84 elapsed -- Max VSize = 3675076KB, Max RSS = 979068KB
