statistics run
pnml2lts-sym spec/PNML/Philosophers-200.pnml -rsc,tg,bcm,mm,hf --graph-metrics --saturation=sat-like --order=chain --next-union --vset=lddmc --lddmc-cachesize=24 --lddmc-maxcachesize=24 --lddmc-tablesize=24 --lddmc-maxtablesize=24 --lace-workers=1 --peak-nodes
ctit007
pnml2lts-sym: Exploration order is chain
pnml2lts-sym: Saturation strategy is sat-like
pnml2lts-sym: Guided search strategy is unguided
pnml2lts-sym: Attractor strategy is default
pnml2lts-sym: opening spec/PNML/Philosophers-200.pnml
pnml2lts-sym: Petri net has 1000 places, 1000 transitions and 3200 arcs
pnml2lts-sym: There are 0 safe places
pnml2lts-sym: Petri net spec/PNML/Philosophers-200.pnml analyzed
pnml2lts-sym: Loading Petri net took 0.090 real 0.070 user 0.010 sys
pnml2lts-sym: Initializing regrouping layer
pnml2lts-sym: Regroup specification: sc,tg,bcm,mm,hf
pnml2lts-sym: Regroup Select Combined matrix
pnml2lts-sym: Regroup Total graph
pnml2lts-sym: Regroup Boost's Cuthill McKee
pnml2lts-sym: bandwidth: 29
pnml2lts-sym: profile: 135347
pnml2lts-sym: span: 218189
pnml2lts-sym: average wavefront: 18.147885
pnml2lts-sym: RMS wavefront: 18.49019
pnml2lts-sym: Regroup Matrix Metrics
pnml2lts-sym: Reqroup Horizontal Flip
pnml2lts-sym: Regrouping: 1000->1000 groups
pnml2lts-sym: Regrouping took 0.560 real 0.560 user 0.000 sys
pnml2lts-sym: state vector length is 1000; there are 1000 groups and 1000 guards
pnml2lts-sym: Creating a multi-core ListDD domain.
pnml2lts-sym: Using GBgetTransitionsShortR2W as next-state function
pnml2lts-sym: got initial state
pnml2lts-sym: vrel_add_act not supported; falling back to vrel_add_cpy
pnml2lts-sym: Exploration took 2987 group checks and 2987 next state calls
pnml2lts-sym: reachability took 1.310 real 1.130 user 0.180 sys
pnml2lts-sym: counting visited states...
pnml2lts-sym: counting took 0.000 real 0.000 user 0.000 sys
pnml2lts-sym: state space has 2.65613988875875e+95 states, 6377 nodes
pnml2lts-sym: ( 6377 final BDD nodes; 6377 peak nodes )
pnml2lts-sym: group_next: 6400 nodes total
pnml2lts-sym: group_explored: 8802 nodes, 5600 short vectors total
pnml2lts-sym: max token count: 1
Event Span: 7579
Normalized Event Span: 0.007579
Weighted Event Span, moment 1 (WES^1): 7637.35
Normalized Weighted Event Span, moment 1: 0.00763735
Exit [0]
2.06 user, 0.26 system, 2.50 elapsed -- Max VSize = 3675092KB, Max RSS = 751016KB
