performance run
pnml2lts-sym spec/PNML/lamport_fmea-4.pnml -rsc,tg,vgps,hf --saturation=sat-like --order=chain --next-union --vset=lddmc --lddmc-cachesize=24 --lddmc-maxcachesize=24 --lddmc-tablesize=24 --lddmc-maxtablesize=24 --lace-workers=1 --peak-nodes
ctit029
pnml2lts-sym: Exploration order is chain
pnml2lts-sym: Saturation strategy is sat-like
pnml2lts-sym: Guided search strategy is unguided
pnml2lts-sym: Attractor strategy is default
pnml2lts-sym: opening spec/PNML/lamport_fmea-4.pnml
pnml2lts-sym: Petri net has 135 places, 230 transitions and 990 arcs
pnml2lts-sym: There are 0 safe places
pnml2lts-sym: Petri net spec/PNML/lamport_fmea-4.pnml analyzed
pnml2lts-sym: Loading Petri net took 0.010 real 0.010 user 0.000 sys
pnml2lts-sym: Initializing regrouping layer
pnml2lts-sym: Regroup specification: sc,tg,vgps,hf
pnml2lts-sym: Regroup Select Combined matrix
pnml2lts-sym: Regroup Total graph
pnml2lts-sym: Regroup ViennaCL's Gibbs Poole Stockmeyer
pnml2lts-sym: Reqroup Horizontal Flip
pnml2lts-sym: Regrouping: 230->230 groups
pnml2lts-sym: Regrouping took 0.010 real 0.000 user 0.000 sys
pnml2lts-sym: state vector length is 135; there are 230 groups and 130 guards
pnml2lts-sym: Creating a multi-core ListDD domain.
pnml2lts-sym: Using GBgetTransitionsShortR2W as next-state function
pnml2lts-sym: got initial state
pnml2lts-sym: vrel_add_act not supported; falling back to vrel_add_cpy
pnml2lts-sym: Exploration took 11598 group checks and 11598 next state calls
pnml2lts-sym: reachability took 35.270 real 34.860 user 0.210 sys
pnml2lts-sym: counting visited states...
pnml2lts-sym: counting took 0.010 real 0.010 user 0.000 sys
pnml2lts-sym: state space has 1914784 states, 303689 nodes
pnml2lts-sym: ( 303689 final BDD nodes; 349215 peak nodes )
pnml2lts-sym: group_next: 1120 nodes total
pnml2lts-sym: group_explored: 1911 nodes, 1293 short vectors total
pnml2lts-sym: max token count: 1
Exit [0]
34.89 user, 0.28 system, 35.53 elapsed -- Max VSize = 3675064KB, Max RSS = 755496KB
