statistics run
pnml2lts-sym spec/PNML/CircularTrain-024.pnml -rsc,bn,rs,mm,hf --noack=1 --graph-metrics --saturation=sat-like --order=chain --next-union --vset=lddmc --lddmc-cachesize=24 --lddmc-maxcachesize=24 --lddmc-tablesize=24 --lddmc-maxtablesize=24 --lace-workers=1 --peak-nodes
ctit001
pnml2lts-sym: Exploration order is chain
pnml2lts-sym: Saturation strategy is sat-like
pnml2lts-sym: Guided search strategy is unguided
pnml2lts-sym: Attractor strategy is default
pnml2lts-sym: opening spec/PNML/CircularTrain-024.pnml
pnml2lts-sym: Petri net has 48 places, 24 transitions and 96 arcs
pnml2lts-sym: There are 0 safe places
pnml2lts-sym: Petri net spec/PNML/CircularTrain-024.pnml analyzed
pnml2lts-sym: Computing Noack1 order
pnml2lts-sym: Computing Noack1 order took 0.000 real 0.000 user 0.000 sys
pnml2lts-sym: Loading Petri net took 0.000 real 0.000 user 0.000 sys
pnml2lts-sym: Initializing regrouping layer
pnml2lts-sym: Got state vector permutation from language front-end; permuting columns
pnml2lts-sym: Regroup specification: sc,bn,rs,mm,hf
pnml2lts-sym: Regroup Select Combined matrix
pnml2lts-sym: Regroup Boost's None
pnml2lts-sym: bandwidth: 65
pnml2lts-sym: profile: 2951
pnml2lts-sym: span: 664
pnml2lts-sym: average wavefront: 27.85
pnml2lts-sym: RMS wavefront: 31.4
pnml2lts-sym: Regroup Row Sort
pnml2lts-sym: Regroup Matrix Metrics
pnml2lts-sym: Reqroup Horizontal Flip
pnml2lts-sym: Regrouping: 24->24 groups
pnml2lts-sym: Regrouping took 0.000 real 0.000 user 0.000 sys
pnml2lts-sym: state vector length is 48; there are 24 groups and 48 guards
pnml2lts-sym: Creating a multi-core ListDD domain.
pnml2lts-sym: Using GBgetTransitionsShortR2W as next-state function
pnml2lts-sym: got initial state
pnml2lts-sym: vrel_add_act not supported; falling back to vrel_add_cpy
pnml2lts-sym: Exploration took 506 group checks and 506 next state calls
pnml2lts-sym: reachability took 0.230 real 0.030 user 0.190 sys
pnml2lts-sym: counting visited states...
pnml2lts-sym: counting took 0.000 real 0.010 user 0.000 sys
pnml2lts-sym: state space has 86515 states, 994 nodes
pnml2lts-sym: ( 994 final BDD nodes; 1464 peak nodes )
pnml2lts-sym: group_next: 224 nodes total
pnml2lts-sym: group_explored: 280 nodes, 232 short vectors total
pnml2lts-sym: max token count: 2
Event Span: 206
Normalized Event Span: 0.1788
Weighted Event Span, moment 1 (WES^1): 305.5
Normalized Weighted Event Span, moment 1: 0.2652
Exit [0]
0.05 user, 0.25 system, 0.40 elapsed -- Max VSize = 3675068KB, Max RSS = 581796KB
