statistics run
pnml2lts-sym spec/PNML/Philosophers-500.pnml -rsc,bg,vgps,mm,hf --graph-metrics --saturation=sat-like --order=chain --next-union --vset=lddmc --lddmc-cachesize=24 --lddmc-maxcachesize=24 --lddmc-tablesize=24 --lddmc-maxtablesize=24 --lace-workers=1 --peak-nodes
ctit023
pnml2lts-sym: Exploration order is chain
pnml2lts-sym: Saturation strategy is sat-like
pnml2lts-sym: Guided search strategy is unguided
pnml2lts-sym: Attractor strategy is default
pnml2lts-sym: opening spec/PNML/Philosophers-500.pnml
pnml2lts-sym: Petri net has 2500 places, 2500 transitions and 8000 arcs
pnml2lts-sym: There are 0 safe places
pnml2lts-sym: Petri net spec/PNML/Philosophers-500.pnml analyzed
pnml2lts-sym: Loading Petri net took 0.270 real 0.240 user 0.030 sys
pnml2lts-sym: Initializing regrouping layer
pnml2lts-sym: Regroup specification: sc,bg,vgps,mm,hf
pnml2lts-sym: Regroup Select Combined matrix
pnml2lts-sym: Regroup Bipartite Graph
pnml2lts-sym: Regroup ViennaCL's Gibbs Poole Stockmeyer
pnml2lts-sym: bandwidth: 14
pnml2lts-sym: profile: 51214
pnml2lts-sym: span: 78873
pnml2lts-sym: average wavefront: 8.1598
pnml2lts-sym: RMS wavefront: 8.5167012
pnml2lts-sym: Regroup Matrix Metrics
pnml2lts-sym: Reqroup Horizontal Flip
pnml2lts-sym: Regrouping: 2500->2500 groups
pnml2lts-sym: Regrouping took 0.760 real 0.760 user 0.000 sys
pnml2lts-sym: state vector length is 2500; there are 2500 groups and 2500 guards
pnml2lts-sym: Creating a multi-core ListDD domain.
pnml2lts-sym: Using GBgetTransitionsShortR2W as next-state function
pnml2lts-sym: got initial state
pnml2lts-sym: vrel_add_act not supported; falling back to vrel_add_cpy
pnml2lts-sym: Exploration took 7500 group checks and 7500 next state calls
pnml2lts-sym: reachability took 8.040 real 7.730 user 0.220 sys
pnml2lts-sym: counting visited states...
pnml2lts-sym: counting took 0.000 real 0.000 user 0.000 sys
pnml2lts-sym: state space has 3.636029179587e+238 states, 15974 nodes
pnml2lts-sym: ( 15974 final BDD nodes; 15974 peak nodes )
pnml2lts-sym: group_next: 16000 nodes total
pnml2lts-sym: group_explored: 22001 nodes, 14000 short vectors total
pnml2lts-sym: max token count: 1
Event Span: 18973
Normalized Event Span: 0.00303568
Weighted Event Span, moment 1 (WES^1): 19036.74
Normalized Weighted Event Span, moment 1: 0.003045878
Exit [0]
11.31 user, 0.32 system, 11.92 elapsed -- Max VSize = 3681300KB, Max RSS = 804624KB
