statistics run
pnml2lts-sym spec/PNML/PolyORB-LF-S02-J06-T08-unfolded.pnml -rsc,bn,rs,mm,hf --noack=1 --graph-metrics --saturation=sat-like --order=chain --next-union --vset=lddmc --lddmc-cachesize=24 --lddmc-maxcachesize=24 --lddmc-tablesize=24 --lddmc-maxtablesize=24 --lace-workers=1 --peak-nodes
ctit030
pnml2lts-sym: Exploration order is chain
pnml2lts-sym: Saturation strategy is sat-like
pnml2lts-sym: Guided search strategy is unguided
pnml2lts-sym: Attractor strategy is default
pnml2lts-sym: opening spec/PNML/PolyORB-LF-S02-J06-T08-unfolded.pnml
pnml2lts-sym: Petri net has 690 places, 1434 transitions and 6564 arcs
pnml2lts-sym: There are 0 safe places
pnml2lts-sym: Petri net spec/PNML/PolyORB-LF-S02-J06-T08-unfolded.pnml analyzed
pnml2lts-sym: Computing Noack1 order
pnml2lts-sym: Computing Noack1 order took 0.190 real 0.190 user 0.000 sys
pnml2lts-sym: Loading Petri net took 0.350 real 0.280 user 0.030 sys
pnml2lts-sym: Initializing regrouping layer
pnml2lts-sym: Got state vector permutation from language front-end; permuting columns
pnml2lts-sym: Regroup specification: sc,bn,rs,mm,hf
pnml2lts-sym: Regroup Select Combined matrix
pnml2lts-sym: Regroup Boost's None
pnml2lts-sym: bandwidth: 2062
pnml2lts-sym: profile: 2482265
pnml2lts-sym: span: 722556
pnml2lts-sym: average wavefront: 480.3988
pnml2lts-sym: RMS wavefront: 520.5934
pnml2lts-sym: Regroup Row Sort
pnml2lts-sym: Regroup Matrix Metrics
pnml2lts-sym: Reqroup Horizontal Flip
pnml2lts-sym: Regrouping: 1434->1434 groups
pnml2lts-sym: Regrouping took 0.250 real 0.250 user 0.000 sys
pnml2lts-sym: state vector length is 690; there are 1434 groups and 703 guards
pnml2lts-sym: Creating a multi-core ListDD domain.
pnml2lts-sym: Using GBgetTransitionsShortR2W as next-state function
pnml2lts-sym: got initial state
pnml2lts-sym: vrel_add_act not supported; falling back to vrel_add_cpy
Killed [24]
1794.38 user, 0.81 system, 1801.54 elapsed -- Max VSize = 3675092KB, Max RSS = 869628KB
command-2050: line 5: 38599 CPU time limit exceeded memtime -c1800 -m4000000 pnml2lts-sym spec/PNML/PolyORB-LF-S02-J06-T08-unfolded.pnml -rsc,bn,rs,mm,hf --noack=1 --graph-metrics --saturation=sat-like --order=chain --next-union --vset=lddmc --lddmc-cachesize=24 --lddmc-maxcachesize=24 --lddmc-tablesize=24 --lddmc-maxtablesize=24 --lace-workers=1 --peak-nodes
