statistics run
pnml2lts-sym spec/PNML/IBMB2S565S3960.pnml -rsc,bn,mm --graph-metrics --saturation=sat-like --order=chain --next-union --vset=lddmc --lddmc-cachesize=24 --lddmc-maxcachesize=24 --lddmc-tablesize=24 --lddmc-maxtablesize=24 --lace-workers=1 --peak-nodes
ctit023
pnml2lts-sym: Exploration order is chain
pnml2lts-sym: Saturation strategy is sat-like
pnml2lts-sym: Guided search strategy is unguided
pnml2lts-sym: Attractor strategy is default
pnml2lts-sym: opening spec/PNML/IBMB2S565S3960.pnml
pnml2lts-sym: Petri net has 273 places, 179 transitions and 572 arcs
pnml2lts-sym: There are 0 safe places
pnml2lts-sym: Petri net spec/PNML/IBMB2S565S3960.pnml analyzed
pnml2lts-sym: Loading Petri net took 0.010 real 0.000 user 0.000 sys
pnml2lts-sym: Initializing regrouping layer
pnml2lts-sym: Regroup specification: sc,bn,mm
pnml2lts-sym: Regroup Select Combined matrix
pnml2lts-sym: Regroup Boost's None
pnml2lts-sym: bandwidth: 357
pnml2lts-sym: profile: 115717
pnml2lts-sym: span: 20635
pnml2lts-sym: average wavefront: 152.987
pnml2lts-sym: RMS wavefront: 173.087
pnml2lts-sym: Regroup Matrix Metrics
pnml2lts-sym: Regrouping: 179->179 groups
pnml2lts-sym: Regrouping took 0.000 real 0.010 user 0.000 sys
pnml2lts-sym: state vector length is 273; there are 179 groups and 263 guards
pnml2lts-sym: Creating a multi-core ListDD domain.
pnml2lts-sym: Using GBgetTransitionsShortR2W as next-state function
pnml2lts-sym: got initial state
pnml2lts-sym: vrel_add_act not supported; falling back to vrel_add_cpy
MDD Unique table full, 14784986 of 16777216 buckets filled!
Event Span: 8300
Normalized Event Span: 0.16985
Weighted Event Span, moment 1 (WES^1): 11588
Normalized Weighted Event Span, moment 1: 0.23713
Exit [1]
1653.95 user, 3.64 system, 1660.47 elapsed -- Max VSize = 3675068KB, Max RSS = 972060KB
