statistics run
pnml2lts-sym spec/PNML/simple_lbs-15.pnml -rsc,bg,bs,mm,hf --graph-metrics --saturation=sat-like --order=chain --next-union --vset=lddmc --lddmc-cachesize=24 --lddmc-maxcachesize=24 --lddmc-tablesize=24 --lddmc-maxtablesize=24 --lace-workers=1 --peak-nodes
ctit019
pnml2lts-sym: Exploration order is chain
pnml2lts-sym: Saturation strategy is sat-like
pnml2lts-sym: Guided search strategy is unguided
pnml2lts-sym: Attractor strategy is default
pnml2lts-sym: opening spec/PNML/simple_lbs-15.pnml
pnml2lts-sym: Petri net has 149 places, 1280 transitions and 8988 arcs
pnml2lts-sym: There are 0 safe places
pnml2lts-sym: Petri net spec/PNML/simple_lbs-15.pnml analyzed
pnml2lts-sym: Loading Petri net took 0.100 real 0.090 user 0.000 sys
pnml2lts-sym: Initializing regrouping layer
pnml2lts-sym: Regroup specification: sc,bg,bs,mm,hf
pnml2lts-sym: Regroup Select Combined matrix
pnml2lts-sym: Regroup Bipartite Graph
pnml2lts-sym: Regroup Boost's Sloan
pnml2lts-sym: bandwidth: 1415
pnml2lts-sym: profile: 963886
pnml2lts-sym: span: 352102
pnml2lts-sym: average wavefront: 66.3359
pnml2lts-sym: RMS wavefront: 69.0271
pnml2lts-sym: Regroup Matrix Metrics
pnml2lts-sym: Reqroup Horizontal Flip
pnml2lts-sym: Regrouping: 1280->1280 groups
pnml2lts-sym: Regrouping took 0.270 real 0.270 user 0.010 sys
pnml2lts-sym: state vector length is 149; there are 1280 groups and 149 guards
pnml2lts-sym: Creating a multi-core ListDD domain.
pnml2lts-sym: Using GBgetTransitionsShortR2W as next-state function
pnml2lts-sym: got initial state
pnml2lts-sym: vrel_add_act not supported; falling back to vrel_add_cpy
Killed [24]
1795.32 user, 0.43 system, 1802.66 elapsed -- Max VSize = 3675236KB, Max RSS = 787496KB
command-5462: line 5: 32141 CPU time limit exceeded memtime -c1800 -m4000000 pnml2lts-sym spec/PNML/simple_lbs-15.pnml -rsc,bg,bs,mm,hf --graph-metrics --saturation=sat-like --order=chain --next-union --vset=lddmc --lddmc-cachesize=24 --lddmc-maxcachesize=24 --lddmc-tablesize=24 --lddmc-maxtablesize=24 --lace-workers=1 --peak-nodes
