statistics run
pnml2lts-sym spec/PNML/20-10_phaseVariation.pnml -rsc,bg,vgps,mm,hf --graph-metrics --saturation=sat-like --order=chain --next-union --vset=lddmc --lddmc-cachesize=24 --lddmc-maxcachesize=24 --lddmc-tablesize=24 --lddmc-maxtablesize=24 --lace-workers=1 --peak-nodes
ctit006
pnml2lts-sym: Exploration order is chain
pnml2lts-sym: Saturation strategy is sat-like
pnml2lts-sym: Guided search strategy is unguided
pnml2lts-sym: Attractor strategy is default
pnml2lts-sym: opening spec/PNML/20-10_phaseVariation.pnml
pnml2lts-sym: Petri net has 1202 places, 13457 transitions and 93395 arcs
pnml2lts-sym: There are 0 safe places
pnml2lts-sym: Petri net spec/PNML/20-10_phaseVariation.pnml analyzed
pnml2lts-sym: Loading Petri net took 1.410 real 1.220 user 0.170 sys
pnml2lts-sym: Initializing regrouping layer
pnml2lts-sym: Regroup specification: sc,bg,vgps,mm,hf
pnml2lts-sym: Regroup Select Combined matrix
pnml2lts-sym: Regroup Bipartite Graph
pnml2lts-sym: Regroup ViennaCL's Gibbs Poole Stockmeyer
pnml2lts-sym: bandwidth: 13627
pnml2lts-sym: profile: 148632158
pnml2lts-sym: span: 194121698
pnml2lts-sym: average wavefront: 6852.76226
pnml2lts-sym: RMS wavefront: 7926.4496
pnml2lts-sym: Regroup Matrix Metrics
pnml2lts-sym: Reqroup Horizontal Flip
pnml2lts-sym: Regrouping: 13457->13457 groups
pnml2lts-sym: Regrouping took 69.190 real 69.030 user 0.040 sys
pnml2lts-sym: state vector length is 1202; there are 13457 groups and 1202 guards
pnml2lts-sym: Creating a multi-core ListDD domain.
cache_create: Unable to allocate memory: Cannot allocate memory!
Event Span: 10267449
Normalized Event Span: 0.63476041
Weighted Event Span, moment 1 (WES^1): 14554213
Normalized Weighted Event Span, moment 1: 0.89977929
Exit [1]
70.26 user, 0.25 system, 70.78 elapsed -- Max VSize = 2833476KB, Max RSS = 188376KB
