statistics run
pnml2lts-sym spec/PNML/Peterson-3.pnml -rsc,bn,rs,mm,hf --noack=1 --graph-metrics --saturation=sat-like --order=chain --next-union --vset=lddmc --lddmc-cachesize=24 --lddmc-maxcachesize=24 --lddmc-tablesize=24 --lddmc-maxtablesize=24 --lace-workers=1 --peak-nodes
ctit007
pnml2lts-sym: Exploration order is chain
pnml2lts-sym: Saturation strategy is sat-like
pnml2lts-sym: Guided search strategy is unguided
pnml2lts-sym: Attractor strategy is default
pnml2lts-sym: opening spec/PNML/Peterson-3.pnml
pnml2lts-sym: Petri net has 244 places, 332 transitions and 1016 arcs
pnml2lts-sym: There are 0 safe places
pnml2lts-sym: Petri net spec/PNML/Peterson-3.pnml analyzed
pnml2lts-sym: Computing Noack1 order
pnml2lts-sym: Computing Noack1 order took 0.000 real 0.000 user 0.000 sys
pnml2lts-sym: Loading Petri net took 0.020 real 0.010 user 0.010 sys
pnml2lts-sym: Initializing regrouping layer
pnml2lts-sym: Got state vector permutation from language front-end; permuting columns
pnml2lts-sym: Regroup specification: sc,bn,rs,mm,hf
pnml2lts-sym: Regroup Select Combined matrix
pnml2lts-sym: Regroup Boost's None
pnml2lts-sym: bandwidth: 574
pnml2lts-sym: profile: 186859
pnml2lts-sym: span: 43068
pnml2lts-sym: average wavefront: 160.826
pnml2lts-sym: RMS wavefront: 177.836
pnml2lts-sym: Regroup Row Sort
pnml2lts-sym: Regroup Matrix Metrics
pnml2lts-sym: Reqroup Horizontal Flip
pnml2lts-sym: Regrouping: 332->332 groups
pnml2lts-sym: Regrouping took 0.020 real 0.020 user 0.000 sys
pnml2lts-sym: state vector length is 244; there are 332 groups and 244 guards
pnml2lts-sym: Creating a multi-core ListDD domain.
pnml2lts-sym: Using GBgetTransitionsShortR2W as next-state function
pnml2lts-sym: got initial state
pnml2lts-sym: vrel_add_act not supported; falling back to vrel_add_cpy
pnml2lts-sym: Exploration took 136938 group checks and 136938 next state calls
pnml2lts-sym: reachability took 125.580 real 124.970 user 0.220 sys
pnml2lts-sym: counting visited states...
pnml2lts-sym: counting took 0.000 real 0.000 user 0.000 sys
pnml2lts-sym: state space has 3407946 states, 96650 nodes
pnml2lts-sym: ( 96650 final BDD nodes; 111262 peak nodes )
pnml2lts-sym: group_next: 1768 nodes total
pnml2lts-sym: group_explored: 2322 nodes, 1608 short vectors total
pnml2lts-sym: max token count: 1
Event Span: 10196
Normalized Event Span: 0.12586
Weighted Event Span, moment 1 (WES^1): 16164
Normalized Weighted Event Span, moment 1: 0.19954
Exit [0]
125.03 user, 0.29 system, 125.83 elapsed -- Max VSize = 3675068KB, Max RSS = 771588KB
