statistics run
pnml2lts-sym spec/PNML/neoelection-8.unf.pnml -rsc,tg,bs,mm,hf --graph-metrics --saturation=sat-like --order=chain --next-union --vset=lddmc --lddmc-cachesize=24 --lddmc-maxcachesize=24 --lddmc-tablesize=24 --lddmc-maxtablesize=24 --lace-workers=1 --peak-nodes
ctit006
pnml2lts-sym: Exploration order is chain
pnml2lts-sym: Saturation strategy is sat-like
pnml2lts-sym: Guided search strategy is unguided
pnml2lts-sym: Attractor strategy is default
pnml2lts-sym: opening spec/PNML/neoelection-8.unf.pnml
pnml2lts-sym: Petri net has 10062 places, 22266 transitions and 129195 arcs
pnml2lts-sym: There are 0 safe places
pnml2lts-sym: Petri net spec/PNML/neoelection-8.unf.pnml analyzed
pnml2lts-sym: Loading Petri net took 5.460 real 5.200 user 0.240 sys
pnml2lts-sym: Initializing regrouping layer
pnml2lts-sym: Regroup specification: sc,tg,bs,mm,hf
pnml2lts-sym: Regroup Select Combined matrix
pnml2lts-sym: Regroup Total graph
pnml2lts-sym: Regroup Boost's Sloan
pnml2lts-sym: bandwidth: 153619
pnml2lts-sym: profile: 2468116388
pnml2lts-sym: span: 2529775705
Killed [24]
1795.13 user, 1.27 system, 1802.79 elapsed -- Max VSize = 3425836KB, Max RSS = 738696KB
command-4668: line 5: 55654 CPU time limit exceeded memtime -c1800 -m4000000 pnml2lts-sym spec/PNML/neoelection-8.unf.pnml -rsc,tg,bs,mm,hf --graph-metrics --saturation=sat-like --order=chain --next-union --vset=lddmc --lddmc-cachesize=24 --lddmc-maxcachesize=24 --lddmc-tablesize=24 --lddmc-maxtablesize=24 --lace-workers=1 --peak-nodes
