statistics run
pnml2lts-sym spec/PNML/TokenRing-10-unfolded.pnml -rsc,bn,mm --graph-metrics --saturation=sat-like --order=chain --next-union --vset=lddmc --lddmc-cachesize=24 --lddmc-maxcachesize=24 --lddmc-tablesize=24 --lddmc-maxtablesize=24 --lace-workers=1 --peak-nodes
ctit005
pnml2lts-sym: Exploration order is chain
pnml2lts-sym: Saturation strategy is sat-like
pnml2lts-sym: Guided search strategy is unguided
pnml2lts-sym: Attractor strategy is default
pnml2lts-sym: opening spec/PNML/TokenRing-10-unfolded.pnml
pnml2lts-sym: Petri net has 121 places, 1111 transitions and 4444 arcs
pnml2lts-sym: There are 0 safe places
pnml2lts-sym: Petri net spec/PNML/TokenRing-10-unfolded.pnml analyzed
pnml2lts-sym: Loading Petri net took 0.060 real 0.050 user 0.010 sys
pnml2lts-sym: Initializing regrouping layer
pnml2lts-sym: Regroup specification: sc,bn,mm
pnml2lts-sym: Regroup Select Combined matrix
pnml2lts-sym: Regroup Boost's None
pnml2lts-sym: bandwidth: 1227
pnml2lts-sym: profile: 854277
pnml2lts-sym: span: 191683
pnml2lts-sym: average wavefront: 112.3839
pnml2lts-sym: RMS wavefront: 115.0789
pnml2lts-sym: Regroup Matrix Metrics
pnml2lts-sym: Regrouping: 1111->1111 groups
pnml2lts-sym: Regrouping took 0.030 real 0.040 user 0.000 sys
pnml2lts-sym: state vector length is 121; there are 1111 groups and 121 guards
pnml2lts-sym: Creating a multi-core ListDD domain.
pnml2lts-sym: Using GBgetTransitionsShortR2W as next-state function
pnml2lts-sym: got initial state
pnml2lts-sym: vrel_add_act not supported; falling back to vrel_add_cpy
pnml2lts-sym: Exploration took 96166 group checks and 96166 next state calls
pnml2lts-sym: reachability took 102.350 real 101.970 user 0.190 sys
pnml2lts-sym: counting visited states...
pnml2lts-sym: counting took 0.000 real 0.000 user 0.000 sys
pnml2lts-sym: state space has 58905 states, 106366 nodes
pnml2lts-sym: ( 106366 final BDD nodes; 106366 peak nodes )
pnml2lts-sym: group_next: 2040 nodes total
pnml2lts-sym: group_explored: 8812 nodes, 5838 short vectors total
pnml2lts-sym: max token count: 1
Event Span: 66352
Normalized Event Span: 0.493577
Weighted Event Span, moment 1 (WES^1): 108247
Normalized Weighted Event Span, moment 1: 0.805227
Exit [0]
102.12 user, 0.27 system, 102.69 elapsed -- Max VSize = 3675092KB, Max RSS = 748620KB
