statistics run
pnml2lts-sym spec/PNML/lamport_fmea-6.pnml -rsc,bg,bcm,mm,hf --graph-metrics --saturation=sat-like --order=chain --next-union --vset=lddmc --lddmc-cachesize=24 --lddmc-maxcachesize=24 --lddmc-tablesize=24 --lddmc-maxtablesize=24 --lace-workers=1 --peak-nodes
ctit039
pnml2lts-sym: Exploration order is chain
pnml2lts-sym: Saturation strategy is sat-like
pnml2lts-sym: Guided search strategy is unguided
pnml2lts-sym: Attractor strategy is default
pnml2lts-sym: opening spec/PNML/lamport_fmea-6.pnml
pnml2lts-sym: Petri net has 217 places, 420 transitions and 1834 arcs
pnml2lts-sym: There are 0 safe places
pnml2lts-sym: Petri net spec/PNML/lamport_fmea-6.pnml analyzed
pnml2lts-sym: Loading Petri net took 0.020 real 0.010 user 0.000 sys
pnml2lts-sym: Initializing regrouping layer
pnml2lts-sym: Regroup specification: sc,bg,bcm,mm,hf
pnml2lts-sym: Regroup Select Combined matrix
pnml2lts-sym: Regroup Bipartite Graph
pnml2lts-sym: Regroup Boost's Cuthill McKee
pnml2lts-sym: bandwidth: 340
pnml2lts-sym: profile: 149007
pnml2lts-sym: span: 179917
pnml2lts-sym: average wavefront: 136.512
pnml2lts-sym: RMS wavefront: 164.701
pnml2lts-sym: Regroup Matrix Metrics
pnml2lts-sym: Reqroup Horizontal Flip
pnml2lts-sym: Regrouping: 420->420 groups
pnml2lts-sym: Regrouping took 0.020 real 0.020 user 0.000 sys
pnml2lts-sym: state vector length is 217; there are 420 groups and 210 guards
pnml2lts-sym: Creating a multi-core ListDD domain.
pnml2lts-sym: Using GBgetTransitionsShortR2W as next-state function
pnml2lts-sym: got initial state
pnml2lts-sym: vrel_add_act not supported; falling back to vrel_add_cpy
slurmd[ctit039]: *** STEP 1648096.0 CANCELLED AT 2016-02-24T10:32:47 DUE TO TIME LIMIT ***
