statistics run
pnml2lts-sym spec/PNML/PolyORB-NT-S05-J80-unfolded.pnml -rsc,tg,vgps,mm,hf --graph-metrics --saturation=sat-like --order=chain --next-union --vset=lddmc --lddmc-cachesize=24 --lddmc-maxcachesize=24 --lddmc-tablesize=24 --lddmc-maxtablesize=24 --lace-workers=1 --peak-nodes
ctit024
pnml2lts-sym: Exploration order is chain
pnml2lts-sym: Saturation strategy is sat-like
pnml2lts-sym: Guided search strategy is unguided
pnml2lts-sym: Attractor strategy is default
pnml2lts-sym: opening spec/PNML/PolyORB-NT-S05-J80-unfolded.pnml
pnml2lts-sym: Petri net has 1189 places, 2350 transitions and 14464 arcs
pnml2lts-sym: There are 0 safe places
pnml2lts-sym: Petri net spec/PNML/PolyORB-NT-S05-J80-unfolded.pnml analyzed
pnml2lts-sym: Loading Petri net took 0.260 real 0.220 user 0.030 sys
pnml2lts-sym: Initializing regrouping layer
pnml2lts-sym: Regroup specification: sc,tg,vgps,mm,hf
pnml2lts-sym: Regroup Select Combined matrix
pnml2lts-sym: Regroup Total graph
pnml2lts-sym: Regroup ViennaCL's Gibbs Poole Stockmeyer
pnml2lts-sym: bandwidth: 6171
pnml2lts-sym: profile: 59990088
pnml2lts-sym: span: 87180507
pnml2lts-sym: average wavefront: 2236.98071
pnml2lts-sym: RMS wavefront: 2685.13298
pnml2lts-sym: Regroup Matrix Metrics
pnml2lts-sym: Reqroup Horizontal Flip
pnml2lts-sym: Regrouping: 2350->2350 groups
pnml2lts-sym: Regrouping took 35.120 real 35.010 user 0.010 sys
pnml2lts-sym: state vector length is 1189; there are 2350 groups and 1209 guards
pnml2lts-sym: Creating a multi-core ListDD domain.
pnml2lts-sym: Using GBgetTransitionsShortR2W as next-state function
pnml2lts-sym: got initial state
pnml2lts-sym: vrel_add_act not supported; falling back to vrel_add_cpy
Killed [24]
1797.02 user, 0.83 system, 1801.74 elapsed -- Max VSize = 3677212KB, Max RSS = 1009820KB
command-2351: line 5: 18846 CPU time limit exceeded memtime -c1800 -m4000000 pnml2lts-sym spec/PNML/PolyORB-NT-S05-J80-unfolded.pnml -rsc,tg,vgps,mm,hf --graph-metrics --saturation=sat-like --order=chain --next-union --vset=lddmc --lddmc-cachesize=24 --lddmc-maxcachesize=24 --lddmc-tablesize=24 --lddmc-maxtablesize=24 --lace-workers=1 --peak-nodes
