statistics run
pnml2lts-sym spec/PNML/IBM319.pnml -rsc,bg,vacm,mm,hf --graph-metrics --saturation=sat-like --order=chain --next-union --vset=lddmc --lddmc-cachesize=24 --lddmc-maxcachesize=24 --lddmc-tablesize=24 --lddmc-maxtablesize=24 --lace-workers=1 --peak-nodes
ctit028
pnml2lts-sym: Exploration order is chain
pnml2lts-sym: Saturation strategy is sat-like
pnml2lts-sym: Guided search strategy is unguided
pnml2lts-sym: Attractor strategy is default
pnml2lts-sym: opening spec/PNML/IBM319.pnml
pnml2lts-sym: Petri net has 253 places, 178 transitions and 526 arcs
pnml2lts-sym: There are 0 safe places
pnml2lts-sym: Petri net spec/PNML/IBM319.pnml analyzed
pnml2lts-sym: Loading Petri net took 0.010 real 0.010 user 0.000 sys
pnml2lts-sym: Initializing regrouping layer
pnml2lts-sym: Regroup specification: sc,bg,vacm,mm,hf
pnml2lts-sym: Regroup Select Combined matrix
pnml2lts-sym: Regroup Bipartite Graph
pnml2lts-sym: Regroup ViennaCL's Advanced Cuthill McKee
pnml2lts-sym: bandwidth: 20
pnml2lts-sym: profile: 5195
pnml2lts-sym: span: 8060
pnml2lts-sym: average wavefront: 10.703
pnml2lts-sym: RMS wavefront: 11.7776
pnml2lts-sym: Regroup Matrix Metrics
pnml2lts-sym: Reqroup Horizontal Flip
pnml2lts-sym: Regrouping: 178->178 groups
pnml2lts-sym: Regrouping took 0.010 real 0.000 user 0.000 sys
pnml2lts-sym: state vector length is 253; there are 178 groups and 245 guards
pnml2lts-sym: Creating a multi-core ListDD domain.
pnml2lts-sym: Using GBgetTransitionsShortR2W as next-state function
pnml2lts-sym: got initial state
pnml2lts-sym: vrel_add_act not supported; falling back to vrel_add_cpy
pnml2lts-sym: Exploration took 1977 group checks and 1977 next state calls
pnml2lts-sym: reachability took 0.470 real 0.270 user 0.200 sys
pnml2lts-sym: counting visited states...
pnml2lts-sym: counting took 0.000 real 0.000 user 0.000 sys
pnml2lts-sym: state space has 2482 states, 1599 nodes
pnml2lts-sym: ( 1599 final BDD nodes; 1599 peak nodes )
pnml2lts-sym: group_next: 1008 nodes total
pnml2lts-sym: group_explored: 1221 nodes, 547 short vectors total
pnml2lts-sym: max token count: 1
Event Span: 2136
Normalized Event Span: 0.047431
Weighted Event Span, moment 1 (WES^1): 2375.7
Normalized Weighted Event Span, moment 1: 0.052754
Exit [0]
0.31 user, 0.27 system, 0.80 elapsed -- Max VSize = 3675068KB, Max RSS = 734612KB
