performance run
pnml2lts-sym spec/PNML/PolyORB-NT-S10-J40-unfolded.pnml -rrs,hf --noack=1 --saturation=sat-like --order=chain --next-union --vset=lddmc --lddmc-cachesize=24 --lddmc-maxcachesize=24 --lddmc-tablesize=24 --lddmc-maxtablesize=24 --lace-workers=1 --peak-nodes
ctit027
pnml2lts-sym: Exploration order is chain
pnml2lts-sym: Saturation strategy is sat-like
pnml2lts-sym: Guided search strategy is unguided
pnml2lts-sym: Attractor strategy is default
pnml2lts-sym: opening spec/PNML/PolyORB-NT-S10-J40-unfolded.pnml
pnml2lts-sym: Petri net has 854 places, 12340 transitions and 113999 arcs
pnml2lts-sym: There are 0 safe places
pnml2lts-sym: Petri net spec/PNML/PolyORB-NT-S10-J40-unfolded.pnml analyzed
pnml2lts-sym: Computing Noack1 order
pnml2lts-sym: Computing Noack1 order took 7.960 real 7.940 user 0.000 sys
pnml2lts-sym: Loading Petri net took 9.690 real 9.410 user 0.260 sys
pnml2lts-sym: Initializing regrouping layer
pnml2lts-sym: Got state vector permutation from language front-end; permuting columns
pnml2lts-sym: Regroup specification: rs,hf
pnml2lts-sym: Regroup Row Sort
pnml2lts-sym: Reqroup Horizontal Flip
pnml2lts-sym: Regrouping: 12340->12340 groups
pnml2lts-sym: Regrouping took 0.910 real 0.910 user 0.000 sys
pnml2lts-sym: state vector length is 854; there are 12340 groups and 889 guards
pnml2lts-sym: Creating a multi-core ListDD domain.
cache_create: Unable to allocate memory: Cannot allocate memory!
Exit [1]
10.33 user, 0.32 system, 10.81 elapsed -- Max VSize = 2885540KB, Max RSS = 257516KB
