statistics run
pnml2lts-sym spec/PNML/Kanban-5.pnml -rsc,bg,bs,mm,hf --graph-metrics --saturation=sat-like --order=chain --next-union --vset=lddmc --lddmc-cachesize=24 --lddmc-maxcachesize=24 --lddmc-tablesize=24 --lddmc-maxtablesize=24 --lace-workers=1 --peak-nodes
ctit004
pnml2lts-sym: Exploration order is chain
pnml2lts-sym: Saturation strategy is sat-like
pnml2lts-sym: Guided search strategy is unguided
pnml2lts-sym: Attractor strategy is default
pnml2lts-sym: opening spec/PNML/Kanban-5.pnml
pnml2lts-sym: Petri net has 16 places, 16 transitions and 40 arcs
pnml2lts-sym: There are 0 safe places
pnml2lts-sym: Petri net spec/PNML/Kanban-5.pnml analyzed
pnml2lts-sym: Loading Petri net took 0.000 real 0.000 user 0.000 sys
pnml2lts-sym: Initializing regrouping layer
pnml2lts-sym: Regroup specification: sc,bg,bs,mm,hf
pnml2lts-sym: Regroup Select Combined matrix
pnml2lts-sym: Regroup Bipartite Graph
pnml2lts-sym: Regroup Boost's Sloan
pnml2lts-sym: bandwidth: 15
pnml2lts-sym: profile: 162
pnml2lts-sym: span: 197
pnml2lts-sym: average wavefront: 3.312
pnml2lts-sym: RMS wavefront: 3.446
pnml2lts-sym: Regroup Matrix Metrics
pnml2lts-sym: Reqroup Horizontal Flip
pnml2lts-sym: Regrouping: 16->16 groups
pnml2lts-sym: Regrouping took 0.000 real 0.000 user 0.000 sys
pnml2lts-sym: state vector length is 16; there are 16 groups and 16 guards
pnml2lts-sym: Creating a multi-core ListDD domain.
pnml2lts-sym: Using GBgetTransitionsShortR2W as next-state function
pnml2lts-sym: got initial state
pnml2lts-sym: vrel_add_act not supported; falling back to vrel_add_cpy
pnml2lts-sym: Exploration took 238 group checks and 238 next state calls
pnml2lts-sym: reachability took 0.250 real 0.060 user 0.190 sys
pnml2lts-sym: counting visited states...
pnml2lts-sym: counting took 0.000 real 0.000 user 0.000 sys
pnml2lts-sym: state space has 2546432 states, 456 nodes
pnml2lts-sym: ( 456 final BDD nodes; 1023 peak nodes )
pnml2lts-sym: group_next: 620 nodes total
pnml2lts-sym: group_explored: 540 nodes, 4116 short vectors total
pnml2lts-sym: max token count: 5
Event Span: 53
Normalized Event Span: 0.207
Weighted Event Span, moment 1 (WES^1): 68
Normalized Weighted Event Span, moment 1: 0.266
Exit [0]
0.07 user, 0.25 system, 0.50 elapsed -- Max VSize = 3675068KB, Max RSS = 729644KB
