performance run
pnml2lts-sym spec/PNML/echo-d5r3.pnml -rrs,hf --noack=1 --saturation=sat-like --order=chain --next-union --vset=lddmc --lddmc-cachesize=24 --lddmc-maxcachesize=24 --lddmc-tablesize=24 --lddmc-maxtablesize=24 --lace-workers=1 --peak-nodes
ctit027
pnml2lts-sym: Exploration order is chain
pnml2lts-sym: Saturation strategy is sat-like
pnml2lts-sym: Guided search strategy is unguided
pnml2lts-sym: Attractor strategy is default
pnml2lts-sym: opening spec/PNML/echo-d5r3.pnml
pnml2lts-sym: Petri net has 3717 places, 3222 transitions and 28404 arcs
pnml2lts-sym: There are 0 safe places
pnml2lts-sym: Petri net spec/PNML/echo-d5r3.pnml analyzed
pnml2lts-sym: Computing Noack1 order
pnml2lts-sym: Computing Noack1 order took 3.100 real 3.110 user 0.000 sys
pnml2lts-sym: Loading Petri net took 3.610 real 3.550 user 0.050 sys
pnml2lts-sym: Initializing regrouping layer
pnml2lts-sym: Got state vector permutation from language front-end; permuting columns
pnml2lts-sym: Regroup specification: rs,hf
pnml2lts-sym: Regroup Row Sort
pnml2lts-sym: Reqroup Horizontal Flip
pnml2lts-sym: Regrouping: 3222->3222 groups
pnml2lts-sym: Regrouping took 1.350 real 1.320 user 0.020 sys
pnml2lts-sym: state vector length is 3717; there are 3222 groups and 3474 guards
pnml2lts-sym: Creating a multi-core ListDD domain.
pnml2lts-sym: Using GBgetTransitionsShortR2W as next-state function
pnml2lts-sym: got initial state
pnml2lts-sym: vrel_add_act not supported; falling back to vrel_add_cpy
MDD Unique table full, 15222593 of 16777216 buckets filled!
Exit [1]
634.96 user, 1.15 system, 638.03 elapsed -- Max VSize = 3687712KB, Max RSS = 1046492KB
