performance run
pnml2lts-sym spec/PNML/PolyORB-NT-S05-J40-unfolded.pnml -rrs,hf --noack=2 --saturation=sat-like --order=chain --next-union --vset=lddmc --lddmc-cachesize=24 --lddmc-maxcachesize=24 --lddmc-tablesize=24 --lddmc-maxtablesize=24 --lace-workers=1 --peak-nodes
ctit018
pnml2lts-sym: Exploration order is chain
pnml2lts-sym: Saturation strategy is sat-like
pnml2lts-sym: Guided search strategy is unguided
pnml2lts-sym: Attractor strategy is default
pnml2lts-sym: opening spec/PNML/PolyORB-NT-S05-J40-unfolded.pnml
pnml2lts-sym: Petri net has 629 places, 1590 transitions and 10704 arcs
pnml2lts-sym: There are 0 safe places
pnml2lts-sym: Petri net spec/PNML/PolyORB-NT-S05-J40-unfolded.pnml analyzed
pnml2lts-sym: Computing Noack2 order
pnml2lts-sym: Computing Noack2 order took 0.380 real 0.390 user 0.010 sys
pnml2lts-sym: Loading Petri net took 0.550 real 0.530 user 0.020 sys
pnml2lts-sym: Initializing regrouping layer
pnml2lts-sym: Got state vector permutation from language front-end; permuting columns
pnml2lts-sym: Regroup specification: rs,hf
pnml2lts-sym: Regroup Row Sort
pnml2lts-sym: Reqroup Horizontal Flip
pnml2lts-sym: Regrouping: 1590->1590 groups
pnml2lts-sym: Regrouping took 0.080 real 0.070 user 0.000 sys
pnml2lts-sym: state vector length is 629; there are 1590 groups and 649 guards
pnml2lts-sym: Creating a multi-core ListDD domain.
pnml2lts-sym: Using GBgetTransitionsShortR2W as next-state function
pnml2lts-sym: got initial state
pnml2lts-sym: vrel_add_act not supported; falling back to vrel_add_cpy
Killed [24]
1796.70 user, 0.54 system, 1807.94 elapsed -- Max VSize = 3675256KB, Max RSS = 803480KB
command-13228: line 5: 40627 CPU time limit exceeded memtime -c1800 -m4000000 pnml2lts-sym spec/PNML/PolyORB-NT-S05-J40-unfolded.pnml -rrs,hf --noack=2 --saturation=sat-like --order=chain --next-union --vset=lddmc --lddmc-cachesize=24 --lddmc-maxcachesize=24 --lddmc-tablesize=24 --lddmc-maxtablesize=24 --lace-workers=1 --peak-nodes
