performance run
pnml2lts-sym spec/PNML/TokenRing-40-unfolded.pnml -rsc,tg,vgps,hf --saturation=sat-like --order=chain --next-union --vset=lddmc --lddmc-cachesize=24 --lddmc-maxcachesize=24 --lddmc-tablesize=24 --lddmc-maxtablesize=24 --lace-workers=1 --peak-nodes
ctit042
pnml2lts-sym: Exploration order is chain
pnml2lts-sym: Saturation strategy is sat-like
pnml2lts-sym: Guided search strategy is unguided
pnml2lts-sym: Attractor strategy is default
pnml2lts-sym: opening spec/PNML/TokenRing-40-unfolded.pnml
pnml2lts-sym: Petri net has 1681 places, 65641 transitions and 262564 arcs
pnml2lts-sym: There are 0 safe places
pnml2lts-sym: Petri net spec/PNML/TokenRing-40-unfolded.pnml analyzed
pnml2lts-sym: Loading Petri net took 6.530 real 5.950 user 0.540 sys
pnml2lts-sym: Initializing regrouping layer
pnml2lts-sym: Regroup specification: sc,tg,vgps,hf
pnml2lts-sym: Regroup Select Combined matrix
pnml2lts-sym: Regroup Total graph
pnml2lts-sym: Regroup ViennaCL's Gibbs Poole Stockmeyer
Killed [24]
1796.78 user, 0.80 system, 1803.45 elapsed -- Max VSize = 3356484KB, Max RSS = 721852KB
command-8921: line 5: 19069 CPU time limit exceeded memtime -c1800 -m4000000 pnml2lts-sym spec/PNML/TokenRing-40-unfolded.pnml -rsc,tg,vgps,hf --saturation=sat-like --order=chain --next-union --vset=lddmc --lddmc-cachesize=24 --lddmc-maxcachesize=24 --lddmc-tablesize=24 --lddmc-maxtablesize=24 --lace-workers=1 --peak-nodes
