statistics run
pnml2lts-sym spec/PNML/parking_8_64.pnml -rsc,bn,rs,mm,hf --noack=1 --graph-metrics --saturation=sat-like --order=chain --next-union --vset=lddmc --lddmc-cachesize=24 --lddmc-maxcachesize=24 --lddmc-tablesize=24 --lddmc-maxtablesize=24 --lace-workers=1 --peak-nodes
ctit042
pnml2lts-sym: Exploration order is chain
pnml2lts-sym: Saturation strategy is sat-like
pnml2lts-sym: Guided search strategy is unguided
pnml2lts-sym: Attractor strategy is default
pnml2lts-sym: opening spec/PNML/parking_8_64.pnml
pnml2lts-sym: Petri net has 1185 places, 1697 transitions and 5073 arcs
pnml2lts-sym: There are 1185 safe places
pnml2lts-sym: Petri net spec/PNML/parking_8_64.pnml analyzed
pnml2lts-sym: Computing Noack1 order
pnml2lts-sym: Computing Noack1 order took 0.290 real 0.290 user 0.000 sys
pnml2lts-sym: Loading Petri net took 0.380 real 0.370 user 0.000 sys
pnml2lts-sym: Initializing regrouping layer
pnml2lts-sym: Got state vector permutation from language front-end; permuting columns
pnml2lts-sym: Regroup specification: sc,bn,rs,mm,hf
pnml2lts-sym: Regroup Select Combined matrix
pnml2lts-sym: Regroup Boost's None
pnml2lts-sym: bandwidth: 2817
pnml2lts-sym: profile: 4614601
pnml2lts-sym: span: 915093
pnml2lts-sym: average wavefront: 638.872
pnml2lts-sym: RMS wavefront: 708.6592
pnml2lts-sym: Regroup Row Sort
pnml2lts-sym: Regroup Matrix Metrics
pnml2lts-sym: Reqroup Horizontal Flip
pnml2lts-sym: Regrouping: 1697->1697 groups
pnml2lts-sym: Regrouping took 0.420 real 0.420 user 0.000 sys
pnml2lts-sym: state vector length is 1185; there are 1697 groups and 1185 guards
pnml2lts-sym: Creating a multi-core ListDD domain.
pnml2lts-sym: Using GBgetTransitionsShortR2W as next-state function
pnml2lts-sym: got initial state
pnml2lts-sym: vrel_add_act not supported; falling back to vrel_add_cpy
Killed [24]
1795.20 user, 0.99 system, 1807.39 elapsed -- Max VSize = 3677032KB, Max RSS = 982596KB
command-4770: line 5:  8776 CPU time limit exceeded memtime -c1800 -m4000000 pnml2lts-sym spec/PNML/parking_8_64.pnml -rsc,bn,rs,mm,hf --noack=1 --graph-metrics --saturation=sat-like --order=chain --next-union --vset=lddmc --lddmc-cachesize=24 --lddmc-maxcachesize=24 --lddmc-tablesize=24 --lddmc-maxtablesize=24 --lace-workers=1 --peak-nodes
