statistics run
pnml2lts-sym spec/PNML/ARMCacheCoherence.pnml -rsc,tg,bcm,mm,hf --graph-metrics --saturation=sat-like --order=chain --next-union --vset=lddmc --lddmc-cachesize=24 --lddmc-maxcachesize=24 --lddmc-tablesize=24 --lddmc-maxtablesize=24 --lace-workers=1 --peak-nodes
ctit007
pnml2lts-sym: Exploration order is chain
pnml2lts-sym: Saturation strategy is sat-like
pnml2lts-sym: Guided search strategy is unguided
pnml2lts-sym: Attractor strategy is default
pnml2lts-sym: opening spec/PNML/ARMCacheCoherence.pnml
pnml2lts-sym: Petri net has 87 places, 33676 transitions and 246935 arcs
pnml2lts-sym: There are 87 safe places
pnml2lts-sym: Petri net spec/PNML/ARMCacheCoherence.pnml analyzed
pnml2lts-sym: Loading Petri net took 2.460 real 2.090 user 0.360 sys
pnml2lts-sym: Initializing regrouping layer
pnml2lts-sym: Regroup specification: sc,tg,bcm,mm,hf
pnml2lts-sym: Regroup Select Combined matrix
pnml2lts-sym: Regroup Total graph
pnml2lts-sym: Regroup Boost's Cuthill McKee
pnml2lts-sym: bandwidth: 192702
pnml2lts-sym: profile: 25332510189
pnml2lts-sym: span: 32452444141
Killed [24]
1796.32 user, 0.83 system, 1803.49 elapsed -- Max VSize = 3025376KB, Max RSS = 413692KB
command-634: line 5: 21099 CPU time limit exceeded memtime -c1800 -m4000000 pnml2lts-sym spec/PNML/ARMCacheCoherence.pnml -rsc,tg,bcm,mm,hf --graph-metrics --saturation=sat-like --order=chain --next-union --vset=lddmc --lddmc-cachesize=24 --lddmc-maxcachesize=24 --lddmc-tablesize=24 --lddmc-maxtablesize=24 --lace-workers=1 --peak-nodes
