statistics run
pnml2lts-sym spec/PNML/PolyORB-LF-S04-J04-T10-unfolded.pnml -rsc,bn,rs,mm,hf --noack=2 --graph-metrics --saturation=sat-like --order=chain --next-union --vset=lddmc --lddmc-cachesize=24 --lddmc-maxcachesize=24 --lddmc-tablesize=24 --lddmc-maxtablesize=24 --lace-workers=1 --peak-nodes
ctit033
pnml2lts-sym: Exploration order is chain
pnml2lts-sym: Saturation strategy is sat-like
pnml2lts-sym: Guided search strategy is unguided
pnml2lts-sym: Attractor strategy is default
pnml2lts-sym: opening spec/PNML/PolyORB-LF-S04-J04-T10-unfolded.pnml
pnml2lts-sym: Petri net has 870 places, 5034 transitions and 34774 arcs
pnml2lts-sym: There are 0 safe places
pnml2lts-sym: Petri net spec/PNML/PolyORB-LF-S04-J04-T10-unfolded.pnml analyzed
pnml2lts-sym: Computing Noack2 order
pnml2lts-sym: Computing Noack2 order took 2.070 real 2.050 user 0.010 sys
pnml2lts-sym: Loading Petri net took 2.610 real 2.530 user 0.060 sys
pnml2lts-sym: Initializing regrouping layer
pnml2lts-sym: Got state vector permutation from language front-end; permuting columns
pnml2lts-sym: Regroup specification: sc,bn,rs,mm,hf
pnml2lts-sym: Regroup Select Combined matrix
pnml2lts-sym: Regroup Boost's None
pnml2lts-sym: bandwidth: 5840
pnml2lts-sym: profile: 17482973
pnml2lts-sym: span: 3069925
pnml2lts-sym: average wavefront: 662.62517
pnml2lts-sym: RMS wavefront: 700.44468
pnml2lts-sym: Regroup Row Sort
pnml2lts-sym: Regroup Matrix Metrics
pnml2lts-sym: Reqroup Horizontal Flip
pnml2lts-sym: Regrouping: 5034->5034 groups
pnml2lts-sym: Regrouping took 2.350 real 2.340 user 0.000 sys
pnml2lts-sym: state vector length is 870; there are 5034 groups and 889 guards
pnml2lts-sym: Creating a multi-core ListDD domain.
pnml2lts-sym: Using GBgetTransitionsShortR2W as next-state function
pnml2lts-sym: got initial state
pnml2lts-sym: vrel_add_act not supported; falling back to vrel_add_cpy
Killed [24]
1796.05 user, 0.82 system, 1805.04 elapsed -- Max VSize = 3744552KB, Max RSS = 899692KB
command-2115: line 5: 59435 CPU time limit exceeded memtime -c1800 -m4000000 pnml2lts-sym spec/PNML/PolyORB-LF-S04-J04-T10-unfolded.pnml -rsc,bn,rs,mm,hf --noack=2 --graph-metrics --saturation=sat-like --order=chain --next-union --vset=lddmc --lddmc-cachesize=24 --lddmc-maxcachesize=24 --lddmc-tablesize=24 --lddmc-maxtablesize=24 --lace-workers=1 --peak-nodes
