performance run
pnml2lts-sym spec/PNML/dekker-200.pnml -rsc,bg,bcm,hf --saturation=sat-like --order=chain --next-union --vset=lddmc --lddmc-cachesize=24 --lddmc-maxcachesize=24 --lddmc-tablesize=24 --lddmc-maxtablesize=24 --lace-workers=1 --peak-nodes
ctit018
pnml2lts-sym: Exploration order is chain
pnml2lts-sym: Saturation strategy is sat-like
pnml2lts-sym: Guided search strategy is unguided
pnml2lts-sym: Attractor strategy is default
pnml2lts-sym: opening spec/PNML/dekker-200.pnml
pnml2lts-sym: Petri net has 1000 places, 40400 transitions and 320400 arcs
pnml2lts-sym: There are 0 safe places
pnml2lts-sym: Petri net spec/PNML/dekker-200.pnml analyzed
pnml2lts-sym: Loading Petri net took 4.000 real 3.320 user 0.510 sys
pnml2lts-sym: Initializing regrouping layer
pnml2lts-sym: Regroup specification: sc,bg,bcm,hf
pnml2lts-sym: Regroup Select Combined matrix
pnml2lts-sym: Regroup Bipartite Graph
pnml2lts-sym: Regroup Boost's Cuthill McKee
pnml2lts-sym: Reqroup Horizontal Flip
pnml2lts-sym: Regrouping: 40400->40400 groups
pnml2lts-sym: Regrouping took 2.310 real 2.280 user 0.020 sys
pnml2lts-sym: state vector length is 1000; there are 40400 groups and 1000 guards
pnml2lts-sym: Creating a multi-core ListDD domain.
cache_create: Unable to allocate memory: Cannot allocate memory!
Exit [1]
5.61 user, 0.61 system, 6.61 elapsed -- Max VSize = 3189656KB, Max RSS = 520976KB
