performance run
pnml2lts-sym spec/PNML/echo-d2r19.pnml -rsc,tg,bcm,hf --saturation=sat-like --order=chain --next-union --vset=lddmc --lddmc-cachesize=24 --lddmc-maxcachesize=24 --lddmc-tablesize=24 --lddmc-maxtablesize=24 --lace-workers=1 --peak-nodes
ctit015
pnml2lts-sym: Exploration order is chain
pnml2lts-sym: Saturation strategy is sat-like
pnml2lts-sym: Guided search strategy is unguided
pnml2lts-sym: Attractor strategy is default
pnml2lts-sym: opening spec/PNML/echo-d2r19.pnml
pnml2lts-sym: Petri net has 3455 places, 2730 transitions and 15940 arcs
pnml2lts-sym: There are 0 safe places
pnml2lts-sym: Petri net spec/PNML/echo-d2r19.pnml analyzed
pnml2lts-sym: Loading Petri net took 0.330 real 0.300 user 0.030 sys
pnml2lts-sym: Initializing regrouping layer
pnml2lts-sym: Regroup specification: sc,tg,bcm,hf
pnml2lts-sym: Regroup Select Combined matrix
pnml2lts-sym: Regroup Total graph
pnml2lts-sym: Regroup Boost's Cuthill McKee
pnml2lts-sym: Reqroup Horizontal Flip
pnml2lts-sym: Regrouping: 2730->2730 groups
pnml2lts-sym: Regrouping took 0.860 real 0.850 user 0.000 sys
pnml2lts-sym: state vector length is 3455; there are 2730 groups and 3094 guards
pnml2lts-sym: Creating a multi-core ListDD domain.
pnml2lts-sym: Using GBgetTransitionsShortR2W as next-state function
pnml2lts-sym: got initial state
pnml2lts-sym: vrel_add_act not supported; falling back to vrel_add_cpy
Killed [24]
1795.84 user, 1.71 system, 1802.46 elapsed -- Max VSize = 3684876KB, Max RSS = 1033072KB
command-9546: line 5: 18242 CPU time limit exceeded memtime -c1800 -m4000000 pnml2lts-sym spec/PNML/echo-d2r19.pnml -rsc,tg,bcm,hf --saturation=sat-like --order=chain --next-union --vset=lddmc --lddmc-cachesize=24 --lddmc-maxcachesize=24 --lddmc-tablesize=24 --lddmc-maxtablesize=24 --lace-workers=1 --peak-nodes
