statistics run
pnml2lts-sym spec/PNML/UtahNoC.pnml -rsc,bn,mm --graph-metrics --saturation=sat-like --order=chain --next-union --vset=lddmc --lddmc-cachesize=24 --lddmc-maxcachesize=24 --lddmc-tablesize=24 --lddmc-maxtablesize=24 --lace-workers=1 --peak-nodes
ctit028
pnml2lts-sym: Exploration order is chain
pnml2lts-sym: Saturation strategy is sat-like
pnml2lts-sym: Guided search strategy is unguided
pnml2lts-sym: Attractor strategy is default
pnml2lts-sym: opening spec/PNML/UtahNoC.pnml
pnml2lts-sym: Petri net has 216 places, 977 transitions and 2905 arcs
pnml2lts-sym: There are 216 safe places
pnml2lts-sym: Petri net spec/PNML/UtahNoC.pnml analyzed
pnml2lts-sym: Loading Petri net took 0.030 real 0.020 user 0.010 sys
pnml2lts-sym: Initializing regrouping layer
pnml2lts-sym: Regroup specification: sc,bn,mm
pnml2lts-sym: Regroup Select Combined matrix
pnml2lts-sym: Regroup Boost's None
pnml2lts-sym: bandwidth: 1120
pnml2lts-sym: profile: 813374
pnml2lts-sym: span: 189433
pnml2lts-sym: average wavefront: 167.2657
pnml2lts-sym: RMS wavefront: 176.9566
pnml2lts-sym: Regroup Matrix Metrics
pnml2lts-sym: Regrouping: 977->977 groups
pnml2lts-sym: Regrouping took 0.040 real 0.040 user 0.000 sys
pnml2lts-sym: state vector length is 216; there are 977 groups and 216 guards
pnml2lts-sym: Creating a multi-core ListDD domain.
pnml2lts-sym: Using GBgetTransitionsShortR2W as next-state function
pnml2lts-sym: got initial state
pnml2lts-sym: vrel_add_act not supported; falling back to vrel_add_cpy
pnml2lts-sym: Exploration took 440293 group checks and 440293 next state calls
pnml2lts-sym: reachability took 70.380 real 69.830 user 0.200 sys
pnml2lts-sym: counting visited states...
pnml2lts-sym: counting took 0.000 real 0.000 user 0.000 sys
pnml2lts-sym: state space has 4759924249 states, 6450 nodes
pnml2lts-sym: ( 6450 final BDD nodes; 37191 peak nodes )
pnml2lts-sym: group_next: 3794 nodes total
pnml2lts-sym: group_explored: 2919 nodes, 2877 short vectors total
pnml2lts-sym: max token count: 1
Event Span: 59999
Normalized Event Span: 0.284312
Weighted Event Span, moment 1 (WES^1): 91627.8
Normalized Weighted Event Span, moment 1: 0.434189
Exit [0]
69.97 user, 0.28 system, 70.77 elapsed -- Max VSize = 3675076KB, Max RSS = 785512KB
