performance run
pnml2lts-sym spec/PNML/PolyORB-NT-S05-J20-unfolded.pnml -rsc,tg,bs,hf --saturation=sat-like --order=chain --next-union --vset=lddmc --lddmc-cachesize=24 --lddmc-maxcachesize=24 --lddmc-tablesize=24 --lddmc-maxtablesize=24 --lace-workers=1 --peak-nodes
ctit011
pnml2lts-sym: Exploration order is chain
pnml2lts-sym: Saturation strategy is sat-like
pnml2lts-sym: Guided search strategy is unguided
pnml2lts-sym: Attractor strategy is default
pnml2lts-sym: opening spec/PNML/PolyORB-NT-S05-J20-unfolded.pnml
pnml2lts-sym: Petri net has 349 places, 1210 transitions and 8824 arcs
pnml2lts-sym: There are 0 safe places
pnml2lts-sym: Petri net spec/PNML/PolyORB-NT-S05-J20-unfolded.pnml analyzed
pnml2lts-sym: Loading Petri net took 0.130 real 0.130 user 0.010 sys
pnml2lts-sym: Initializing regrouping layer
pnml2lts-sym: Regroup specification: sc,tg,bs,hf
pnml2lts-sym: Regroup Select Combined matrix
pnml2lts-sym: Regroup Total graph
pnml2lts-sym: Regroup Boost's Sloan
pnml2lts-sym: Reqroup Horizontal Flip
pnml2lts-sym: Regrouping: 1210->1210 groups
pnml2lts-sym: Regrouping took 2.680 real 2.560 user 0.000 sys
pnml2lts-sym: state vector length is 349; there are 1210 groups and 369 guards
pnml2lts-sym: Creating a multi-core ListDD domain.
pnml2lts-sym: Using GBgetTransitionsShortR2W as next-state function
pnml2lts-sym: got initial state
pnml2lts-sym: vrel_add_act not supported; falling back to vrel_add_cpy
Killed [24]
1797.58 user, 0.38 system, 1804.12 elapsed -- Max VSize = 3675212KB, Max RSS = 789616KB
command-13208: line 5: 12711 CPU time limit exceeded memtime -c1800 -m4000000 pnml2lts-sym spec/PNML/PolyORB-NT-S05-J20-unfolded.pnml -rsc,tg,bs,hf --saturation=sat-like --order=chain --next-union --vset=lddmc --lddmc-cachesize=24 --lddmc-maxcachesize=24 --lddmc-tablesize=24 --lddmc-maxtablesize=24 --lace-workers=1 --peak-nodes
