statistics run
pnml2lts-sym spec/PNML/2D8_gradient_10x10_150.pnml -rsc,tg,vgps,mm,hf --graph-metrics --saturation=sat-like --order=chain --next-union --vset=lddmc --lddmc-cachesize=24 --lddmc-maxcachesize=24 --lddmc-tablesize=24 --lddmc-maxtablesize=24 --lace-workers=1 --peak-nodes
ctit009
pnml2lts-sym: Exploration order is chain
pnml2lts-sym: Saturation strategy is sat-like
pnml2lts-sym: Guided search strategy is unguided
pnml2lts-sym: Attractor strategy is default
pnml2lts-sym: opening spec/PNML/2D8_gradient_10x10_150.pnml
pnml2lts-sym: Petri net has 100 places, 684 transitions and 1368 arcs
pnml2lts-sym: There are 0 safe places
pnml2lts-sym: Petri net spec/PNML/2D8_gradient_10x10_150.pnml analyzed
pnml2lts-sym: Loading Petri net took 0.020 real 0.010 user 0.010 sys
pnml2lts-sym: Initializing regrouping layer
pnml2lts-sym: Regroup specification: sc,tg,vgps,mm,hf
pnml2lts-sym: Regroup Select Combined matrix
pnml2lts-sym: Regroup Total graph
pnml2lts-sym: Regroup ViennaCL's Gibbs Poole Stockmeyer
pnml2lts-sym: bandwidth: 192
pnml2lts-sym: profile: 242723
pnml2lts-sym: span: 387340
pnml2lts-sym: average wavefront: 85.7342
pnml2lts-sym: RMS wavefront: 92.49331
pnml2lts-sym: Regroup Matrix Metrics
pnml2lts-sym: Reqroup Horizontal Flip
pnml2lts-sym: Regrouping: 684->684 groups
pnml2lts-sym: Regrouping took 0.160 real 0.150 user 0.000 sys
pnml2lts-sym: state vector length is 100; there are 684 groups and 100 guards
pnml2lts-sym: Creating a multi-core ListDD domain.
pnml2lts-sym: Using GBgetTransitionsShortR2W as next-state function
pnml2lts-sym: got initial state
pnml2lts-sym: vrel_add_act not supported; falling back to vrel_add_cpy
Killed [24]
1786.86 user, 7.90 system, 1802.76 elapsed -- Max VSize = 3675068KB, Max RSS = 975696KB
command-143: line 5: 36792 CPU time limit exceeded memtime -c1800 -m4000000 pnml2lts-sym spec/PNML/2D8_gradient_10x10_150.pnml -rsc,tg,vgps,mm,hf --graph-metrics --saturation=sat-like --order=chain --next-union --vset=lddmc --lddmc-cachesize=24 --lddmc-maxcachesize=24 --lddmc-tablesize=24 --lddmc-maxtablesize=24 --lace-workers=1 --peak-nodes
