statistics run
pnml2lts-sym spec/PNML/closed_system5.pnml -rsc,bg,bcm,mm,hf --graph-metrics --saturation=sat-like --order=chain --next-union --vset=lddmc --lddmc-cachesize=24 --lddmc-maxcachesize=24 --lddmc-tablesize=24 --lddmc-maxtablesize=24 --lace-workers=1 --peak-nodes
ctit032
pnml2lts-sym: Exploration order is chain
pnml2lts-sym: Saturation strategy is sat-like
pnml2lts-sym: Guided search strategy is unguided
pnml2lts-sym: Attractor strategy is default
pnml2lts-sym: opening spec/PNML/closed_system5.pnml
pnml2lts-sym: Petri net has 231 places, 202 transitions and 846 arcs
pnml2lts-sym: There are 0 safe places
pnml2lts-sym: Petri net spec/PNML/closed_system5.pnml analyzed
pnml2lts-sym: Loading Petri net took 0.010 real 0.010 user 0.000 sys
pnml2lts-sym: Initializing regrouping layer
pnml2lts-sym: Regroup specification: sc,bg,bcm,mm,hf
pnml2lts-sym: Regroup Select Combined matrix
pnml2lts-sym: Regroup Bipartite Graph
pnml2lts-sym: Regroup Boost's Cuthill McKee
pnml2lts-sym: bandwidth: 69
pnml2lts-sym: profile: 15334
pnml2lts-sym: span: 22101
pnml2lts-sym: average wavefront: 25.4734
pnml2lts-sym: RMS wavefront: 31.2417
pnml2lts-sym: Regroup Matrix Metrics
pnml2lts-sym: Reqroup Horizontal Flip
pnml2lts-sym: Regrouping: 202->202 groups
pnml2lts-sym: Regrouping took 0.010 real 0.010 user 0.000 sys
pnml2lts-sym: state vector length is 231; there are 202 groups and 231 guards
pnml2lts-sym: Creating a multi-core ListDD domain.
pnml2lts-sym: Using GBgetTransitionsShortR2W as next-state function
pnml2lts-sym: got initial state
pnml2lts-sym: vrel_add_act not supported; falling back to vrel_add_cpy
pnml2lts-sym: Exploration took 9621 group checks and 9621 next state calls
pnml2lts-sym: reachability took 3.700 real 3.500 user 0.180 sys
pnml2lts-sym: counting visited states...
pnml2lts-sym: counting took 0.000 real 0.000 user 0.000 sys
pnml2lts-sym: state space has 1657242 states, 20324 nodes
pnml2lts-sym: ( 20324 final BDD nodes; 21529 peak nodes )
pnml2lts-sym: group_next: 1446 nodes total
pnml2lts-sym: group_explored: 1914 nodes, 1053 short vectors total
pnml2lts-sym: max token count: 1
Event Span: 5813
Normalized Event Span: 0.12458
Weighted Event Span, moment 1 (WES^1): 6286.9
Normalized Weighted Event Span, moment 1: 0.13473
Exit [0]
3.54 user, 0.25 system, 4.00 elapsed -- Max VSize = 3675068KB, Max RSS = 737628KB
