statistics run
pnml2lts-sym spec/PNML/20-10_phaseVariation.pnml -rsc,tg,vcm,mm,hf --graph-metrics --saturation=sat-like --order=chain --next-union --vset=lddmc --lddmc-cachesize=24 --lddmc-maxcachesize=24 --lddmc-tablesize=24 --lddmc-maxtablesize=24 --lace-workers=1 --peak-nodes
ctit006
pnml2lts-sym: Exploration order is chain
pnml2lts-sym: Saturation strategy is sat-like
pnml2lts-sym: Guided search strategy is unguided
pnml2lts-sym: Attractor strategy is default
pnml2lts-sym: opening spec/PNML/20-10_phaseVariation.pnml
pnml2lts-sym: Petri net has 1202 places, 13457 transitions and 93395 arcs
pnml2lts-sym: There are 0 safe places
pnml2lts-sym: Petri net spec/PNML/20-10_phaseVariation.pnml analyzed
pnml2lts-sym: Loading Petri net took 1.490 real 1.300 user 0.190 sys
pnml2lts-sym: Initializing regrouping layer
pnml2lts-sym: Regroup specification: sc,tg,vcm,mm,hf
pnml2lts-sym: Regroup Select Combined matrix
pnml2lts-sym: Regroup Total graph
pnml2lts-sym: Regroup ViennaCL's Cuthill McKee
pnml2lts-sym: bandwidth: 40769
pnml2lts-sym: profile: 2634123335
pnml2lts-sym: span: 3289523391
pnml2lts-sym: average wavefront: 26091.53201
pnml2lts-sym: RMS wavefront: 28646.96012
pnml2lts-sym: Regroup Matrix Metrics
pnml2lts-sym: Reqroup Horizontal Flip
pnml2lts-sym: Regrouping: 13457->13457 groups
pnml2lts-sym: Regrouping took 1102.690 real 1100.410 user 0.220 sys
pnml2lts-sym: state vector length is 1202; there are 13457 groups and 1202 guards
pnml2lts-sym: Creating a multi-core ListDD domain.
cache_create: Unable to allocate memory: Cannot allocate memory!
Event Span: 8765683
Normalized Event Span: 0.54191733
Weighted Event Span, moment 1 (WES^1): 17531366
Normalized Weighted Event Span, moment 1: 1.0838347
Exit [1]
1101.72 user, 0.46 system, 1104.35 elapsed -- Max VSize = 2833476KB, Max RSS = 188356KB
