statistics run
pnml2lts-sym spec/PNML/sg-2-1-2.pnml -rsc,tg,bk,mm,hf --graph-metrics --saturation=sat-like --order=chain --next-union --vset=lddmc --lddmc-cachesize=24 --lddmc-maxcachesize=24 --lddmc-tablesize=24 --lddmc-maxtablesize=24 --lace-workers=1 --peak-nodes
ctit017
pnml2lts-sym: Exploration order is chain
pnml2lts-sym: Saturation strategy is sat-like
pnml2lts-sym: Guided search strategy is unguided
pnml2lts-sym: Attractor strategy is default
pnml2lts-sym: opening spec/PNML/sg-2-1-2.pnml
pnml2lts-sym: Petri net has 68 places, 72 transitions and 288 arcs
pnml2lts-sym: There are 0 safe places
pnml2lts-sym: Petri net spec/PNML/sg-2-1-2.pnml analyzed
pnml2lts-sym: Loading Petri net took 0.010 real 0.000 user 0.000 sys
pnml2lts-sym: Initializing regrouping layer
pnml2lts-sym: Regroup specification: sc,tg,bk,mm,hf
pnml2lts-sym: Regroup Select Combined matrix
pnml2lts-sym: Regroup Total graph
pnml2lts-sym: Regroup Boost's King
pnml2lts-sym: bandwidth: 95
pnml2lts-sym: profile: 21736
pnml2lts-sym: span: 32335
pnml2lts-sym: average wavefront: 31.2897
pnml2lts-sym: RMS wavefront: 34.9179
pnml2lts-sym: Regroup Matrix Metrics
pnml2lts-sym: Reqroup Horizontal Flip
pnml2lts-sym: Regrouping: 72->72 groups
pnml2lts-sym: Regrouping took 0.010 real 0.000 user 0.000 sys
pnml2lts-sym: state vector length is 68; there are 72 groups and 68 guards
pnml2lts-sym: Creating a multi-core ListDD domain.
pnml2lts-sym: Using GBgetTransitionsShortR2W as next-state function
pnml2lts-sym: got initial state
pnml2lts-sym: vrel_add_act not supported; falling back to vrel_add_cpy
pnml2lts-sym: Exploration took 5120 group checks and 5120 next state calls
pnml2lts-sym: reachability took 17.620 real 17.350 user 0.240 sys
pnml2lts-sym: counting visited states...
pnml2lts-sym: counting took 0.000 real 0.000 user 0.000 sys
pnml2lts-sym: state space has 2085423232578 states, 10204 nodes
pnml2lts-sym: ( 10204 final BDD nodes; 70895 peak nodes )
pnml2lts-sym: group_next: 2816 nodes total
pnml2lts-sym: group_explored: 2560 nodes, 3616 short vectors total
pnml2lts-sym: max token count: 6
Event Span: 1003
Normalized Event Span: 0.2049
Weighted Event Span, moment 1 (WES^1): 1212
Normalized Weighted Event Span, moment 1: 0.2476
Exit [0]
17.36 user, 0.31 system, 17.82 elapsed -- Max VSize = 3675068KB, Max RSS = 770972KB
