performance run
pnml2lts-sym spec/PNML/RAS-R-5.pnml -rrs,hf --noack=1 --saturation=sat-like --order=chain --next-union --vset=lddmc --lddmc-cachesize=24 --lddmc-maxcachesize=24 --lddmc-tablesize=24 --lddmc-maxtablesize=24 --lace-workers=1 --peak-nodes
ctit024
pnml2lts-sym: Exploration order is chain
pnml2lts-sym: Saturation strategy is sat-like
pnml2lts-sym: Guided search strategy is unguided
pnml2lts-sym: Attractor strategy is default
pnml2lts-sym: opening spec/PNML/RAS-R-5.pnml
pnml2lts-sym: Petri net has 20 places, 12 transitions and 50 arcs
pnml2lts-sym: There are 0 safe places
pnml2lts-sym: Petri net spec/PNML/RAS-R-5.pnml analyzed
pnml2lts-sym: Computing Noack1 order
pnml2lts-sym: Computing Noack1 order took 0.000 real 0.000 user 0.000 sys
pnml2lts-sym: Loading Petri net took 0.000 real 0.000 user 0.000 sys
pnml2lts-sym: Initializing regrouping layer
pnml2lts-sym: Got state vector permutation from language front-end; permuting columns
pnml2lts-sym: Regroup specification: rs,hf
pnml2lts-sym: Regroup Row Sort
pnml2lts-sym: Reqroup Horizontal Flip
pnml2lts-sym: Regrouping: 12->12 groups
pnml2lts-sym: Regrouping took 0.000 real 0.000 user 0.000 sys
pnml2lts-sym: state vector length is 20; there are 12 groups and 20 guards
pnml2lts-sym: Creating a multi-core ListDD domain.
pnml2lts-sym: Using GBgetTransitionsShortR2W as next-state function
pnml2lts-sym: got initial state
pnml2lts-sym: vrel_add_act not supported; falling back to vrel_add_cpy
pnml2lts-sym: Exploration took 137 group checks and 137 next state calls
pnml2lts-sym: reachability took 0.320 real 0.010 user 0.300 sys
pnml2lts-sym: counting visited states...
pnml2lts-sym: counting took 0.000 real 0.000 user 0.000 sys
pnml2lts-sym: state space has 112 states, 72 nodes
pnml2lts-sym: ( 72 final BDD nodes; 100 peak nodes )
pnml2lts-sym: group_next: 100 nodes total
pnml2lts-sym: group_explored: 135 nodes, 76 short vectors total
pnml2lts-sym: max token count: 1
Exit [0]
0.01 user, 0.37 system, 0.62 elapsed -- Max VSize = 3675064KB, Max RSS = 680104KB
