statistics run
pnml2lts-sym spec/PNML/IBM319.pnml -rsc,bg,bk,mm,hf --graph-metrics --saturation=sat-like --order=chain --next-union --vset=lddmc --lddmc-cachesize=24 --lddmc-maxcachesize=24 --lddmc-tablesize=24 --lddmc-maxtablesize=24 --lace-workers=1 --peak-nodes
ctit009
pnml2lts-sym: Exploration order is chain
pnml2lts-sym: Saturation strategy is sat-like
pnml2lts-sym: Guided search strategy is unguided
pnml2lts-sym: Attractor strategy is default
pnml2lts-sym: opening spec/PNML/IBM319.pnml
pnml2lts-sym: Petri net has 253 places, 178 transitions and 526 arcs
pnml2lts-sym: There are 0 safe places
pnml2lts-sym: Petri net spec/PNML/IBM319.pnml analyzed
pnml2lts-sym: Loading Petri net took 0.020 real 0.010 user 0.000 sys
pnml2lts-sym: Initializing regrouping layer
pnml2lts-sym: Regroup specification: sc,bg,bk,mm,hf
pnml2lts-sym: Regroup Select Combined matrix
pnml2lts-sym: Regroup Bipartite Graph
pnml2lts-sym: Regroup Boost's King
pnml2lts-sym: bandwidth: 19
pnml2lts-sym: profile: 4745
pnml2lts-sym: span: 7414
pnml2lts-sym: average wavefront: 9.04872
pnml2lts-sym: RMS wavefront: 9.86757
pnml2lts-sym: Regroup Matrix Metrics
pnml2lts-sym: Reqroup Horizontal Flip
pnml2lts-sym: Regrouping: 178->178 groups
pnml2lts-sym: Regrouping took 0.000 real 0.010 user 0.000 sys
pnml2lts-sym: state vector length is 253; there are 178 groups and 245 guards
pnml2lts-sym: Creating a multi-core ListDD domain.
pnml2lts-sym: Using GBgetTransitionsShortR2W as next-state function
pnml2lts-sym: got initial state
pnml2lts-sym: vrel_add_act not supported; falling back to vrel_add_cpy
pnml2lts-sym: Exploration took 1964 group checks and 1964 next state calls
pnml2lts-sym: reachability took 0.570 real 0.280 user 0.280 sys
pnml2lts-sym: counting visited states...
pnml2lts-sym: counting took 0.000 real 0.000 user 0.000 sys
pnml2lts-sym: state space has 2482 states, 1332 nodes
pnml2lts-sym: ( 1332 final BDD nodes; 1332 peak nodes )
pnml2lts-sym: group_next: 1008 nodes total
pnml2lts-sym: group_explored: 1221 nodes, 547 short vectors total
pnml2lts-sym: max token count: 1
Event Span: 2027
Normalized Event Span: 0.04501
Weighted Event Span, moment 1 (WES^1): 2006
Normalized Weighted Event Span, moment 1: 0.044545
Exit [0]
0.32 user, 0.35 system, 0.90 elapsed -- Max VSize = 3675068KB, Max RSS = 734732KB
