performance run
pnml2lts-sym spec/PNML/hc4k3p3b12.pnml -rsc,bg,vcm,hf --saturation=sat-like --order=chain --next-union --vset=lddmc --lddmc-cachesize=24 --lddmc-maxcachesize=24 --lddmc-tablesize=24 --lddmc-maxtablesize=24 --lace-workers=1 --peak-nodes
ctit017
pnml2lts-sym: Exploration order is chain
pnml2lts-sym: Saturation strategy is sat-like
pnml2lts-sym: Guided search strategy is unguided
pnml2lts-sym: Attractor strategy is default
pnml2lts-sym: opening spec/PNML/hc4k3p3b12.pnml
pnml2lts-sym: Petri net has 2457 places, 5400 transitions and 21600 arcs
pnml2lts-sym: There are 0 safe places
pnml2lts-sym: Petri net spec/PNML/hc4k3p3b12.pnml analyzed
pnml2lts-sym: Loading Petri net took 0.590 real 0.430 user 0.050 sys
pnml2lts-sym: Initializing regrouping layer
pnml2lts-sym: Regroup specification: sc,bg,vcm,hf
pnml2lts-sym: Regroup Select Combined matrix
pnml2lts-sym: Regroup Bipartite Graph
pnml2lts-sym: Regroup ViennaCL's Cuthill McKee
pnml2lts-sym: Reqroup Horizontal Flip
pnml2lts-sym: Regrouping: 5400->5400 groups
pnml2lts-sym: Regrouping took 0.720 real 0.680 user 0.020 sys
pnml2lts-sym: state vector length is 2457; there are 5400 groups and 2457 guards
pnml2lts-sym: Creating a multi-core ListDD domain.
pnml2lts-sym: Using GBgetTransitionsShortR2W as next-state function
pnml2lts-sym: got initial state
pnml2lts-sym: vrel_add_act not supported; falling back to vrel_add_cpy
MDD Unique table full, 15041198 of 16777216 buckets filled!
Exit [1]
386.70 user, 2.03 system, 390.08 elapsed -- Max VSize = 3753376KB, Max RSS = 1054528KB
