statistics run
pnml2lts-sym spec/PNML/galloc_res-3.pnml -rsc,bn,rs,mm,hf --noack=1 --graph-metrics --saturation=sat-like --order=chain --next-union --vset=lddmc --lddmc-cachesize=24 --lddmc-maxcachesize=24 --lddmc-tablesize=24 --lddmc-maxtablesize=24 --lace-workers=1 --peak-nodes
ctit037
pnml2lts-sym: Exploration order is chain
pnml2lts-sym: Saturation strategy is sat-like
pnml2lts-sym: Guided search strategy is unguided
pnml2lts-sym: Attractor strategy is default
pnml2lts-sym: opening spec/PNML/galloc_res-3.pnml
pnml2lts-sym: Petri net has 33 places, 4791 transitions and 38652 arcs
pnml2lts-sym: There are 0 safe places
pnml2lts-sym: Petri net spec/PNML/galloc_res-3.pnml analyzed
pnml2lts-sym: Computing Noack1 order
pnml2lts-sym: Computing Noack1 order took 0.020 real 0.030 user 0.000 sys
pnml2lts-sym: Loading Petri net took 0.520 real 0.420 user 0.090 sys
pnml2lts-sym: Initializing regrouping layer
pnml2lts-sym: Got state vector permutation from language front-end; permuting columns
pnml2lts-sym: Regroup specification: sc,bn,rs,mm,hf
pnml2lts-sym: Regroup Select Combined matrix
pnml2lts-sym: Regroup Boost's None
pnml2lts-sym: bandwidth: 4822
pnml2lts-sym: profile: 11765412
pnml2lts-sym: span: 239410
pnml2lts-sym: average wavefront: 31.475332
pnml2lts-sym: RMS wavefront: 31.542448
pnml2lts-sym: Regroup Row Sort
pnml2lts-sym: Regroup Matrix Metrics
pnml2lts-sym: Reqroup Horizontal Flip
pnml2lts-sym: Regrouping: 4791->4791 groups
pnml2lts-sym: Regrouping took 0.950 real 0.940 user 0.000 sys
pnml2lts-sym: state vector length is 33; there are 4791 groups and 72 guards
pnml2lts-sym: Creating a multi-core ListDD domain.
pnml2lts-sym: Using GBgetTransitionsShortR2W as next-state function
pnml2lts-sym: got initial state
pnml2lts-sym: vrel_add_act not supported; falling back to vrel_add_cpy
pnml2lts-sym: Exploration took 26217 group checks and 26217 next state calls
pnml2lts-sym: reachability took 1.280 real 1.060 user 0.230 sys
pnml2lts-sym: counting visited states...
pnml2lts-sym: counting took 0.000 real 0.000 user 0.000 sys
pnml2lts-sym: state space has 6320 states, 3448 nodes
pnml2lts-sym: ( 3448 final BDD nodes; 3448 peak nodes )
pnml2lts-sym: group_next: 31922 nodes total
pnml2lts-sym: group_explored: 353309 nodes, 589266 short vectors total
pnml2lts-sym: max token count: 4
Event Span: 93551
Normalized Event Span: 0.591709
Weighted Event Span, moment 1 (WES^1): 143832
Normalized Weighted Event Span, moment 1: 0.909734
Exit [0]
2.47 user, 0.39 system, 3.00 elapsed -- Max VSize = 3741872KB, Max RSS = 812944KB
