performance run
pnml2lts-sym spec/PNML/TokenRing-10-unfolded.pnml -rsc,bg,bk,hf --saturation=sat-like --order=chain --next-union --vset=lddmc --lddmc-cachesize=24 --lddmc-maxcachesize=24 --lddmc-tablesize=24 --lddmc-maxtablesize=24 --lace-workers=1 --peak-nodes
ctit027
pnml2lts-sym: Exploration order is chain
pnml2lts-sym: Saturation strategy is sat-like
pnml2lts-sym: Guided search strategy is unguided
pnml2lts-sym: Attractor strategy is default
pnml2lts-sym: opening spec/PNML/TokenRing-10-unfolded.pnml
pnml2lts-sym: Petri net has 121 places, 1111 transitions and 4444 arcs
pnml2lts-sym: There are 0 safe places
pnml2lts-sym: Petri net spec/PNML/TokenRing-10-unfolded.pnml analyzed
pnml2lts-sym: Loading Petri net took 0.060 real 0.050 user 0.010 sys
pnml2lts-sym: Initializing regrouping layer
pnml2lts-sym: Regroup specification: sc,bg,bk,hf
pnml2lts-sym: Regroup Select Combined matrix
pnml2lts-sym: Regroup Bipartite Graph
pnml2lts-sym: Regroup Boost's King
pnml2lts-sym: Reqroup Horizontal Flip
pnml2lts-sym: Regrouping: 1111->1111 groups
pnml2lts-sym: Regrouping took 0.010 real 0.010 user 0.000 sys
pnml2lts-sym: state vector length is 121; there are 1111 groups and 121 guards
pnml2lts-sym: Creating a multi-core ListDD domain.
pnml2lts-sym: Using GBgetTransitionsShortR2W as next-state function
pnml2lts-sym: got initial state
pnml2lts-sym: vrel_add_act not supported; falling back to vrel_add_cpy
pnml2lts-sym: Exploration took 61772 group checks and 61772 next state calls
pnml2lts-sym: reachability took 2.920 real 2.750 user 0.160 sys
pnml2lts-sym: counting visited states...
pnml2lts-sym: counting took 0.000 real 0.000 user 0.000 sys
pnml2lts-sym: state space has 58905 states, 4557 nodes
pnml2lts-sym: ( 4557 final BDD nodes; 4557 peak nodes )
pnml2lts-sym: group_next: 2040 nodes total
pnml2lts-sym: group_explored: 8678 nodes, 5838 short vectors total
pnml2lts-sym: max token count: 1
Exit [0]
2.87 user, 0.23 system, 3.20 elapsed -- Max VSize = 3675088KB, Max RSS = 744244KB
