statistics run
pnml2lts-sym spec/PNML/dekker-20.pnml -rsc,tg,vgps,mm,hf --graph-metrics --saturation=sat-like --order=chain --next-union --vset=lddmc --lddmc-cachesize=24 --lddmc-maxcachesize=24 --lddmc-tablesize=24 --lddmc-maxtablesize=24 --lace-workers=1 --peak-nodes
ctit043
pnml2lts-sym: Exploration order is chain
pnml2lts-sym: Saturation strategy is sat-like
pnml2lts-sym: Guided search strategy is unguided
pnml2lts-sym: Attractor strategy is default
pnml2lts-sym: opening spec/PNML/dekker-20.pnml
pnml2lts-sym: Petri net has 100 places, 440 transitions and 3240 arcs
pnml2lts-sym: There are 0 safe places
pnml2lts-sym: Petri net spec/PNML/dekker-20.pnml analyzed
pnml2lts-sym: Loading Petri net took 0.030 real 0.030 user 0.000 sys
pnml2lts-sym: Initializing regrouping layer
pnml2lts-sym: Regroup specification: sc,tg,vgps,mm,hf
pnml2lts-sym: Regroup Select Combined matrix
pnml2lts-sym: Regroup Total graph
pnml2lts-sym: Regroup ViennaCL's Gibbs Poole Stockmeyer
pnml2lts-sym: bandwidth: 1292
pnml2lts-sym: profile: 2347844
pnml2lts-sym: span: 3454630
pnml2lts-sym: average wavefront: 451.8775
pnml2lts-sym: RMS wavefront: 543.0997
pnml2lts-sym: Regroup Matrix Metrics
pnml2lts-sym: Reqroup Horizontal Flip
pnml2lts-sym: Regrouping: 440->440 groups
pnml2lts-sym: Regrouping took 0.380 real 0.380 user 0.000 sys
pnml2lts-sym: state vector length is 100; there are 440 groups and 100 guards
pnml2lts-sym: Creating a multi-core ListDD domain.
pnml2lts-sym: Using GBgetTransitionsShortR2W as next-state function
pnml2lts-sym: got initial state
pnml2lts-sym: vrel_add_act not supported; falling back to vrel_add_cpy
MDD Unique table full, 15181787 of 16777216 buckets filled!
Event Span: 26241
Normalized Event Span: 0.59639
Weighted Event Span, moment 1 (WES^1): 40255
Normalized Weighted Event Span, moment 1: 0.91488
Exit [1]
867.07 user, 0.88 system, 871.17 elapsed -- Max VSize = 3675068KB, Max RSS = 976020KB
