statistics run
pnml2lts-sym spec/PNML/Philosophers-2000.pnml -rsc,bg,bcm,mm,hf --graph-metrics --saturation=sat-like --order=chain --next-union --vset=lddmc --lddmc-cachesize=24 --lddmc-maxcachesize=24 --lddmc-tablesize=24 --lddmc-maxtablesize=24 --lace-workers=1 --peak-nodes
ctit030
pnml2lts-sym: Exploration order is chain
pnml2lts-sym: Saturation strategy is sat-like
pnml2lts-sym: Guided search strategy is unguided
pnml2lts-sym: Attractor strategy is default
pnml2lts-sym: opening spec/PNML/Philosophers-2000.pnml
pnml2lts-sym: Petri net has 10000 places, 10000 transitions and 32000 arcs
pnml2lts-sym: There are 0 safe places
pnml2lts-sym: Petri net spec/PNML/Philosophers-2000.pnml analyzed
pnml2lts-sym: Loading Petri net took 2.440 real 2.290 user 0.140 sys
pnml2lts-sym: Initializing regrouping layer
pnml2lts-sym: Regroup specification: sc,bg,bcm,mm,hf
pnml2lts-sym: Regroup Select Combined matrix
pnml2lts-sym: Regroup Bipartite Graph
pnml2lts-sym: Regroup Boost's Cuthill McKee
pnml2lts-sym: bandwidth: 10
pnml2lts-sym: profile: 215929
pnml2lts-sym: span: 329844
pnml2lts-sym: average wavefront: 8.4965
pnml2lts-sym: RMS wavefront: 8.65167036
pnml2lts-sym: Regroup Matrix Metrics
pnml2lts-sym: Reqroup Horizontal Flip
pnml2lts-sym: Regrouping: 10000->10000 groups
pnml2lts-sym: Regrouping took 13.420 real 13.070 user 0.290 sys
pnml2lts-sym: state vector length is 10000; there are 10000 groups and 10000 guards
pnml2lts-sym: Creating a multi-core ListDD domain.
cache_create: Unable to allocate memory: Cannot allocate memory!
Event Span: 75979
Normalized Event Span: 0.00075979
Weighted Event Span, moment 1 (WES^1): 76037.575
Normalized Weighted Event Span, moment 1: 0.00076037575
Exit [1]
15.37 user, 0.51 system, 16.11 elapsed -- Max VSize = 3245524KB, Max RSS = 565792KB
