statistics run
pnml2lts-sym spec/PNML/cs_repetitions-10-unfolded.pnml -rsc,tg,vgps,mm,hf --graph-metrics --saturation=sat-like --order=chain --next-union --vset=lddmc --lddmc-cachesize=24 --lddmc-maxcachesize=24 --lddmc-tablesize=24 --lddmc-maxtablesize=24 --lace-workers=1 --peak-nodes
ctit019
pnml2lts-sym: Exploration order is chain
pnml2lts-sym: Saturation strategy is sat-like
pnml2lts-sym: Guided search strategy is unguided
pnml2lts-sym: Attractor strategy is default
pnml2lts-sym: opening spec/PNML/cs_repetitions-10-unfolded.pnml
pnml2lts-sym: Petri net has 1311 places, 2300 transitions and 8700 arcs
pnml2lts-sym: There are 0 safe places
pnml2lts-sym: Petri net spec/PNML/cs_repetitions-10-unfolded.pnml analyzed
pnml2lts-sym: Loading Petri net took 0.200 real 0.170 user 0.030 sys
pnml2lts-sym: Initializing regrouping layer
pnml2lts-sym: Regroup specification: sc,tg,vgps,mm,hf
pnml2lts-sym: Regroup Select Combined matrix
pnml2lts-sym: Regroup Total graph
pnml2lts-sym: Regroup ViennaCL's Gibbs Poole Stockmeyer
pnml2lts-sym: bandwidth: 6519
pnml2lts-sym: profile: 57369543
pnml2lts-sym: span: 79151685
pnml2lts-sym: average wavefront: 3167.0552
pnml2lts-sym: RMS wavefront: 3617.81116
pnml2lts-sym: Regroup Matrix Metrics
pnml2lts-sym: Reqroup Horizontal Flip
pnml2lts-sym: Regrouping: 2300->2300 groups
pnml2lts-sym: Regrouping took 51.210 real 51.010 user 0.010 sys
pnml2lts-sym: state vector length is 1311; there are 2300 groups and 1311 guards
pnml2lts-sym: Creating a multi-core ListDD domain.
pnml2lts-sym: Using GBgetTransitionsShortR2W as next-state function
pnml2lts-sym: got initial state
pnml2lts-sym: vrel_add_act not supported; falling back to vrel_add_cpy
MDD Unique table full, 15134979 of 16777216 buckets filled!
Event Span: 2441072
Normalized Event Span: 0.8095619
Weighted Event Span, moment 1 (WES^1): 4456838
Normalized Weighted Event Span, moment 1: 1.478074
Exit [1]
143.01 user, 1.09 system, 144.84 elapsed -- Max VSize = 3677124KB, Max RSS = 1001480KB
