statistics run
pnml2lts-sym spec/PNML/cs_repetitions-5-unfolded.pnml -rsc,bn,rs,mm,hf --noack=1 --graph-metrics --saturation=sat-like --order=chain --next-union --vset=lddmc --lddmc-cachesize=24 --lddmc-maxcachesize=24 --lddmc-tablesize=24 --lddmc-maxtablesize=24 --lace-workers=1 --peak-nodes
ctit011
pnml2lts-sym: Exploration order is chain
pnml2lts-sym: Saturation strategy is sat-like
pnml2lts-sym: Guided search strategy is unguided
pnml2lts-sym: Attractor strategy is default
pnml2lts-sym: opening spec/PNML/cs_repetitions-5-unfolded.pnml
pnml2lts-sym: Petri net has 206 places, 325 transitions and 1175 arcs
pnml2lts-sym: There are 0 safe places
pnml2lts-sym: Petri net spec/PNML/cs_repetitions-5-unfolded.pnml analyzed
pnml2lts-sym: Computing Noack1 order
pnml2lts-sym: Computing Noack1 order took 0.010 real 0.010 user 0.000 sys
pnml2lts-sym: Loading Petri net took 0.030 real 0.020 user 0.010 sys
pnml2lts-sym: Initializing regrouping layer
pnml2lts-sym: Got state vector permutation from language front-end; permuting columns
pnml2lts-sym: Regroup specification: sc,bn,rs,mm,hf
pnml2lts-sym: Regroup Select Combined matrix
pnml2lts-sym: Regroup Boost's None
pnml2lts-sym: bandwidth: 512
pnml2lts-sym: profile: 168756
pnml2lts-sym: span: 54894
pnml2lts-sym: average wavefront: 136.002
pnml2lts-sym: RMS wavefront: 148.988
pnml2lts-sym: Regroup Row Sort
pnml2lts-sym: Regroup Matrix Metrics
pnml2lts-sym: Reqroup Horizontal Flip
pnml2lts-sym: Regrouping: 325->325 groups
pnml2lts-sym: Regrouping took 0.010 real 0.010 user 0.000 sys
pnml2lts-sym: state vector length is 206; there are 325 groups and 206 guards
pnml2lts-sym: Creating a multi-core ListDD domain.
pnml2lts-sym: Using GBgetTransitionsShortR2W as next-state function
pnml2lts-sym: got initial state
pnml2lts-sym: vrel_add_act not supported; falling back to vrel_add_cpy
Killed [24]
1796.11 user, 1.80 system, 1802.88 elapsed -- Max VSize = 3675068KB, Max RSS = 972508KB
command-3826: line 5: 53163 CPU time limit exceeded memtime -c1800 -m4000000 pnml2lts-sym spec/PNML/cs_repetitions-5-unfolded.pnml -rsc,bn,rs,mm,hf --noack=1 --graph-metrics --saturation=sat-like --order=chain --next-union --vset=lddmc --lddmc-cachesize=24 --lddmc-maxcachesize=24 --lddmc-tablesize=24 --lddmc-maxtablesize=24 --lace-workers=1 --peak-nodes
