performance run
pnml2lts-sym spec/PNML/Peterson-3.pnml -rsc,tg,bs,hf --saturation=sat-like --order=chain --next-union --vset=lddmc --lddmc-cachesize=24 --lddmc-maxcachesize=24 --lddmc-tablesize=24 --lddmc-maxtablesize=24 --lace-workers=1 --peak-nodes
ctit003
pnml2lts-sym: Exploration order is chain
pnml2lts-sym: Saturation strategy is sat-like
pnml2lts-sym: Guided search strategy is unguided
pnml2lts-sym: Attractor strategy is default
pnml2lts-sym: opening spec/PNML/Peterson-3.pnml
pnml2lts-sym: Petri net has 244 places, 332 transitions and 1016 arcs
pnml2lts-sym: There are 0 safe places
pnml2lts-sym: Petri net spec/PNML/Peterson-3.pnml analyzed
pnml2lts-sym: Loading Petri net took 0.020 real 0.010 user 0.000 sys
pnml2lts-sym: Initializing regrouping layer
pnml2lts-sym: Regroup specification: sc,tg,bs,hf
pnml2lts-sym: Regroup Select Combined matrix
pnml2lts-sym: Regroup Total graph
pnml2lts-sym: Regroup Boost's Sloan
pnml2lts-sym: Reqroup Horizontal Flip
pnml2lts-sym: Regrouping: 332->332 groups
pnml2lts-sym: Regrouping took 0.030 real 0.030 user 0.000 sys
pnml2lts-sym: state vector length is 244; there are 332 groups and 244 guards
pnml2lts-sym: Creating a multi-core ListDD domain.
pnml2lts-sym: Using GBgetTransitionsShortR2W as next-state function
pnml2lts-sym: got initial state
pnml2lts-sym: vrel_add_act not supported; falling back to vrel_add_cpy
pnml2lts-sym: Exploration took 230267 group checks and 230267 next state calls
pnml2lts-sym: reachability took 206.670 real 205.610 user 0.250 sys
pnml2lts-sym: counting visited states...
pnml2lts-sym: counting took 0.000 real 0.010 user 0.000 sys
pnml2lts-sym: state space has 3407946 states, 98600 nodes
pnml2lts-sym: ( 98600 final BDD nodes; 116378 peak nodes )
pnml2lts-sym: group_next: 1768 nodes total
pnml2lts-sym: group_explored: 2290 nodes, 1608 short vectors total
pnml2lts-sym: max token count: 1
Exit [0]
205.70 user, 0.32 system, 206.91 elapsed -- Max VSize = 3675064KB, Max RSS = 783844KB
