performance run
pnml2lts-sym spec/PNML/neoelection-8.unf.pnml -rsc,f,rs,hf --saturation=sat-like --order=chain --next-union --vset=lddmc --lddmc-cachesize=24 --lddmc-maxcachesize=24 --lddmc-tablesize=24 --lddmc-maxtablesize=24 --lace-workers=1 --peak-nodes
ctit007
pnml2lts-sym: Exploration order is chain
pnml2lts-sym: Saturation strategy is sat-like
pnml2lts-sym: Guided search strategy is unguided
pnml2lts-sym: Attractor strategy is default
pnml2lts-sym: opening spec/PNML/neoelection-8.unf.pnml
pnml2lts-sym: Petri net has 10062 places, 22266 transitions and 129195 arcs
pnml2lts-sym: There are 0 safe places
pnml2lts-sym: Petri net spec/PNML/neoelection-8.unf.pnml analyzed
pnml2lts-sym: Loading Petri net took 5.340 real 5.010 user 0.320 sys
pnml2lts-sym: Initializing regrouping layer
pnml2lts-sym: Regroup specification: sc,f,rs,hf
pnml2lts-sym: Regroup Select Combined matrix
pnml2lts-sym: Regroup FORCE
pnml2lts-sym: Regroup Row Sort
pnml2lts-sym: Reqroup Horizontal Flip
pnml2lts-sym: Regrouping: 22266->22266 groups
pnml2lts-sym: out of memory
Exit [255]
25.21 user, 1.05 system, 26.43 elapsed -- Max VSize = 3767772KB, Max RSS = 1145444KB
