statistics run
pnml2lts-sym spec/PNML/QCertifProtocol_06-unfold.pnml -rsc,bg,bcm,mm,hf --graph-metrics --saturation=sat-like --order=chain --next-union --vset=lddmc --lddmc-cachesize=24 --lddmc-maxcachesize=24 --lddmc-tablesize=24 --lddmc-maxtablesize=24 --lace-workers=1 --peak-nodes
ctit011
pnml2lts-sym: Exploration order is chain
pnml2lts-sym: Saturation strategy is sat-like
pnml2lts-sym: Guided search strategy is unguided
pnml2lts-sym: Attractor strategy is default
pnml2lts-sym: opening spec/PNML/QCertifProtocol_06-unfold.pnml
pnml2lts-sym: Petri net has 270 places, 116 transitions and 659 arcs
pnml2lts-sym: There are 0 safe places
pnml2lts-sym: Petri net spec/PNML/QCertifProtocol_06-unfold.pnml analyzed
pnml2lts-sym: Loading Petri net took 0.010 real 0.010 user 0.000 sys
pnml2lts-sym: Initializing regrouping layer
pnml2lts-sym: Regroup specification: sc,bg,bcm,mm,hf
pnml2lts-sym: Regroup Select Combined matrix
pnml2lts-sym: Regroup Bipartite Graph
pnml2lts-sym: Regroup Boost's Cuthill McKee
pnml2lts-sym: bandwidth: 132
pnml2lts-sym: profile: 29347
pnml2lts-sym: span: 43298
pnml2lts-sym: average wavefront: 51.842
pnml2lts-sym: RMS wavefront: 59.2458
pnml2lts-sym: Regroup Matrix Metrics
pnml2lts-sym: Reqroup Horizontal Flip
pnml2lts-sym: Regrouping: 116->116 groups
pnml2lts-sym: Regrouping took 0.010 real 0.000 user 0.000 sys
pnml2lts-sym: state vector length is 270; there are 116 groups and 252 guards
pnml2lts-sym: Creating a multi-core ListDD domain.
pnml2lts-sym: Using GBgetTransitionsShortR2W as next-state function
pnml2lts-sym: got initial state
pnml2lts-sym: vrel_add_act not supported; falling back to vrel_add_cpy
pnml2lts-sym: Exploration took 2802 group checks and 2802 next state calls
pnml2lts-sym: reachability took 35.840 real 35.350 user 0.230 sys
pnml2lts-sym: counting visited states...
pnml2lts-sym: counting took 0.010 real 0.010 user 0.000 sys
pnml2lts-sym: state space has 2271960 states, 346768 nodes
pnml2lts-sym: ( 346768 final BDD nodes; 346768 peak nodes )
pnml2lts-sym: group_next: 1773 nodes total
pnml2lts-sym: group_explored: 2399 nodes, 11511 short vectors total
pnml2lts-sym: max token count: 3
Event Span: 8690
Normalized Event Span: 0.27746
Weighted Event Span, moment 1 (WES^1): 11100
Normalized Weighted Event Span, moment 1: 0.35439
Exit [0]
35.39 user, 0.30 system, 36.05 elapsed -- Max VSize = 3675068KB, Max RSS = 747856KB
