statistics run
pnml2lts-sym spec/PNML/QCertifProtocol_28-unfold.pnml -rsc,tg,vcm,mm,hf --graph-metrics --saturation=sat-like --order=chain --next-union --vset=lddmc --lddmc-cachesize=24 --lddmc-maxcachesize=24 --lddmc-tablesize=24 --lddmc-maxtablesize=24 --lace-workers=1 --peak-nodes
ctit028
pnml2lts-sym: Exploration order is chain
pnml2lts-sym: Saturation strategy is sat-like
pnml2lts-sym: Guided search strategy is unguided
pnml2lts-sym: Attractor strategy is default
pnml2lts-sym: opening spec/PNML/QCertifProtocol_28-unfold.pnml
pnml2lts-sym: Petri net has 2998 places, 446 transitions and 6489 arcs
pnml2lts-sym: There are 0 safe places
pnml2lts-sym: Petri net spec/PNML/QCertifProtocol_28-unfold.pnml analyzed
pnml2lts-sym: Loading Petri net took 0.140 real 0.120 user 0.010 sys
pnml2lts-sym: Initializing regrouping layer
pnml2lts-sym: Regroup specification: sc,tg,vcm,mm,hf
pnml2lts-sym: Regroup Select Combined matrix
pnml2lts-sym: Regroup Total graph
pnml2lts-sym: Regroup ViennaCL's Cuthill McKee
pnml2lts-sym: bandwidth: 3567
pnml2lts-sym: profile: 19942432
pnml2lts-sym: span: 27240617
pnml2lts-sym: average wavefront: 1851.732
pnml2lts-sym: RMS wavefront: 2129.28
pnml2lts-sym: Regroup Matrix Metrics
pnml2lts-sym: Reqroup Horizontal Flip
pnml2lts-sym: Regrouping: 446->446 groups
pnml2lts-sym: Regrouping took 3.720 real 3.700 user 0.010 sys
pnml2lts-sym: state vector length is 2998; there are 446 groups and 2936 guards
pnml2lts-sym: Creating a multi-core ListDD domain.
pnml2lts-sym: Using GBgetTransitionsShortR2W as next-state function
pnml2lts-sym: got initial state
pnml2lts-sym: vrel_add_act not supported; falling back to vrel_add_cpy
MDD Unique table full, 15124658 of 16777216 buckets filled!
Event Span: 303110
Normalized Event Span: 0.2266907
Weighted Event Span, moment 1 (WES^1): 540808.8
Normalized Weighted Event Span, moment 1: 0.4044616
Exit [1]
80.15 user, 0.89 system, 81.48 elapsed -- Max VSize = 3675896KB, Max RSS = 992884KB
