statistics run
dve2lts-seq spec/DVE/cyclic_scheduler.2.dve -rsc,tg,bs,mm --regroup-exit --graph-metrics
ctit032
dve2lts-seq: Precompiled divine module initialized
dve2lts-seq: Loading model from spec/DVE/cyclic_scheduler.2.dve
dve2lts-seq: Initializing regrouping layer
dve2lts-seq: Regroup specification: sc,tg,bs,mm
dve2lts-seq: Regroup Select Combined matrix
dve2lts-seq: Regroup Total graph
dve2lts-seq: Regroup Boost's Sloan
dve2lts-seq: bandwidth: 70
dve2lts-seq: profile: 2812
dve2lts-seq: span: 3582
dve2lts-seq: average wavefront: 10.157
dve2lts-seq: RMS wavefront: 10.559
dve2lts-seq: Regroup Matrix Metrics
dve2lts-seq: Regrouping: 30->30 groups
dve2lts-seq: Regrouping took 0.010 real 0.000 user 0.000 sys
Event Span: 148
Normalized Event Span: 0.247
Weighted Event Span, moment 1 (WES^1): 190
Normalized Weighted Event Span, moment 1: 0.316
Exit [0]
0.40 user, 0.06 system, 0.50 elapsed -- Max VSize = 38240KB, Max RSS = 4748KB
