statistics run
prom2lts-seq spec/Promela/lann.3.prom.spins -rsc,tg,vcm,mm --regroup-exit --graph-metrics
ctit020
prom2lts-seq: Precompiled SpinS module initialized
prom2lts-seq: Loading model from spec/Promela/lann.3.prom.spins
prom2lts-seq: Initializing regrouping layer
prom2lts-seq: Regroup specification: sc,tg,vcm,mm
prom2lts-seq: Regroup Select Combined matrix
prom2lts-seq: Regroup Total graph
prom2lts-seq: Regroup ViennaCL's Cuthill McKee
prom2lts-seq: bandwidth: 198
prom2lts-seq: profile: 10774
prom2lts-seq: span: 13987
prom2lts-seq: average wavefront: 32.377
prom2lts-seq: RMS wavefront: 35.551
prom2lts-seq: Regroup Matrix Metrics
prom2lts-seq: Regrouping: 64->64 groups
prom2lts-seq: Regrouping took 0.010 real 0.000 user 0.000 sys
Event Span: 293
Normalized Event Span: 0.1579
Weighted Event Span, moment 1 (WES^1): 256
Normalized Weighted Event Span, moment 1: 0.1379
Exit [0]
0.01 user, 0.01 system, 0.10 elapsed -- Max VSize = 4196KB, Max RSS = 88KB
