statistics run
dve2lts-seq spec/DVE/firewire_link.3.dve -rsc,bg,bk,mm --regroup-exit --graph-metrics
ctit012
dve2lts-seq: Precompiled divine module initialized
dve2lts-seq: Loading model from spec/DVE/firewire_link.3.dve
dve2lts-seq: Initializing regrouping layer
dve2lts-seq: Regroup specification: sc,bg,bk,mm
dve2lts-seq: Regroup Select Combined matrix
dve2lts-seq: Regroup Bipartite Graph
dve2lts-seq: Regroup Boost's King
dve2lts-seq: bandwidth: 189
dve2lts-seq: profile: 55816
dve2lts-seq: span: 70052
dve2lts-seq: average wavefront: 77.6711
dve2lts-seq: RMS wavefront: 94.6049
dve2lts-seq: Regroup Matrix Metrics
dve2lts-seq: Regrouping: 415->415 groups
dve2lts-seq: Regrouping took 0.010 real 0.010 user 0.000 sys
Event Span: 5220
Normalized Event Span: 0.35938
Weighted Event Span, moment 1 (WES^1): 6685.8
Normalized Weighted Event Span, moment 1: 0.4603
Exit [0]
8.11 user, 0.32 system, 8.61 elapsed -- Max VSize = 38240KB, Max RSS = 4748KB
