statistics run
pnml2lts-seq spec/PNML/cs_repetitions-2-unfolded.pnml -rsc,bn,mm --noack=2 --regroup-exit --graph-metrics
ctit036
pnml2lts-seq: Loading model from spec/PNML/cs_repetitions-2-unfolded.pnml
pnml2lts-seq: Petri net has 23 places, 28 transitions and 92 arcs
pnml2lts-seq: There are 0 safe places
pnml2lts-seq: Petri net spec/PNML/cs_repetitions-2-unfolded.pnml analyzed
pnml2lts-seq: Computing Noack2 order
pnml2lts-seq: Computing Noack2 order took 0.000 real 0.000 user 0.000 sys
pnml2lts-seq: Loading Petri net took 0.000 real 0.000 user 0.000 sys
pnml2lts-seq: Initializing regrouping layer
pnml2lts-seq: Got state vector permutation from language front-end; permuting columns
pnml2lts-seq: Regroup specification: sc,bn,mm
pnml2lts-seq: Regroup Select Combined matrix
pnml2lts-seq: Regroup Boost's None
pnml2lts-seq: bandwidth: 48
pnml2lts-seq: profile: 1622
pnml2lts-seq: span: 580
pnml2lts-seq: average wavefront: 16.16
pnml2lts-seq: RMS wavefront: 17.68
pnml2lts-seq: Regroup Matrix Metrics
pnml2lts-seq: Regrouping: 28->28 groups
pnml2lts-seq: Regrouping took 0.000 real 0.000 user 0.000 sys
pnml2lts-seq: max token count: 2
Event Span: 207
Normalized Event Span: 0.321
Weighted Event Span, moment 1 (WES^1): 306
Normalized Weighted Event Span, moment 1: 0.474
Exit [0]
0.00 user, 0.01 system, 0.10 elapsed -- Max VSize = 4192KB, Max RSS = 80KB
