statistics run
pnml2lts-seq spec/PNML/Philosophers-50.pnml -rsc,tg,bcm,mm --regroup-exit --graph-metrics
ctit036
pnml2lts-seq: Loading model from spec/PNML/Philosophers-50.pnml
pnml2lts-seq: Petri net has 250 places, 250 transitions and 800 arcs
pnml2lts-seq: There are 0 safe places
pnml2lts-seq: Petri net spec/PNML/Philosophers-50.pnml analyzed
pnml2lts-seq: Loading Petri net took 0.020 real 0.010 user 0.010 sys
pnml2lts-seq: Initializing regrouping layer
pnml2lts-seq: Regroup specification: sc,tg,bcm,mm
pnml2lts-seq: Regroup Select Combined matrix
pnml2lts-seq: Regroup Total graph
pnml2lts-seq: Regroup Boost's Cuthill McKee
pnml2lts-seq: bandwidth: 32
pnml2lts-seq: profile: 35839
pnml2lts-seq: span: 58155
pnml2lts-seq: average wavefront: 19.6
pnml2lts-seq: RMS wavefront: 19.97198
pnml2lts-seq: Regroup Matrix Metrics
pnml2lts-seq: Regrouping: 250->250 groups
pnml2lts-seq: Regrouping took 0.040 real 0.040 user 0.000 sys
pnml2lts-seq: max token count: 1
Event Span: 2102
Normalized Event Span: 0.033632
Weighted Event Span, moment 1 (WES^1): 2168.9
Normalized Weighted Event Span, moment 1: 0.034703
Exit [0]
0.05 user, 0.01 system, 0.10 elapsed -- Max VSize = 4196KB, Max RSS = 84KB
