statistics run
pnml2lts-seq spec/PNML/QCertifProtocol_32-unfold.pnml -rsc,tg,bk,mm --regroup-exit --graph-metrics
ctit007
pnml2lts-seq: Loading model from spec/PNML/QCertifProtocol_32-unfold.pnml
pnml2lts-seq: Petri net has 3806 places, 506 transitions and 8173 arcs
pnml2lts-seq: There are 0 safe places
pnml2lts-seq: Petri net spec/PNML/QCertifProtocol_32-unfold.pnml analyzed
pnml2lts-seq: Loading Petri net took 0.180 real 0.140 user 0.030 sys
pnml2lts-seq: Initializing regrouping layer
pnml2lts-seq: Regroup specification: sc,tg,bk,mm
pnml2lts-seq: Regroup Select Combined matrix
pnml2lts-seq: Regroup Total graph
pnml2lts-seq: Regroup Boost's King
pnml2lts-seq: bandwidth: 6732
pnml2lts-seq: profile: 37379514
pnml2lts-seq: span: 48397905
pnml2lts-seq: average wavefront: 1139.73897
pnml2lts-seq: RMS wavefront: 1338.91846
pnml2lts-seq: Regroup Matrix Metrics
pnml2lts-seq: Regrouping: 506->506 groups
pnml2lts-seq: Regrouping took 5.320 real 5.270 user 0.000 sys
pnml2lts-seq: max token count: 19
Event Span: 391527
Normalized Event Span: 0.2033024
Weighted Event Span, moment 1 (WES^1): 478917.5
Normalized Weighted Event Span, moment 1: 0.2486803
Exit [0]
5.42 user, 0.04 system, 5.61 elapsed -- Max VSize = 73188KB, Max RSS = 34972KB
