statistics run
pnml2lts-seq spec/PNML/QCertifProtocol_22-unfold.pnml -rsc,bn,mm --regroup-exit --graph-metrics
ctit009
pnml2lts-seq: Loading model from spec/PNML/QCertifProtocol_22-unfold.pnml
pnml2lts-seq: Petri net has 1966 places, 356 transitions and 4323 arcs
pnml2lts-seq: There are 0 safe places
pnml2lts-seq: Petri net spec/PNML/QCertifProtocol_22-unfold.pnml analyzed
pnml2lts-seq: Loading Petri net took 0.080 real 0.070 user 0.010 sys
pnml2lts-seq: Initializing regrouping layer
pnml2lts-seq: Regroup specification: sc,bn,mm
pnml2lts-seq: Regroup Select Combined matrix
pnml2lts-seq: Regroup Boost's None
pnml2lts-seq: bandwidth: 2289
pnml2lts-seq: profile: 2807412
pnml2lts-seq: span: 547252
pnml2lts-seq: average wavefront: 1041.106
pnml2lts-seq: RMS wavefront: 1198.356
pnml2lts-seq: Regroup Matrix Metrics
pnml2lts-seq: Regrouping: 356->356 groups
pnml2lts-seq: Regrouping took 0.150 real 0.150 user 0.000 sys
pnml2lts-seq: max token count: 13
Event Span: 314106
Normalized Event Span: 0.44879
Weighted Event Span, moment 1 (WES^1): 607736
Normalized Weighted Event Span, moment 1: 0.868323
Exit [0]
0.22 user, 0.02 system, 0.30 elapsed -- Max VSize = 59460KB, Max RSS = 21036KB
