statistics run
dve2lts-seq spec/DVE/telephony.2.dve -rsc,tg,vgps,mm --regroup-exit --graph-metrics
ctit012
dve2lts-seq: Precompiled divine module initialized
dve2lts-seq: Loading model from spec/DVE/telephony.2.dve
dve2lts-seq: Initializing regrouping layer
dve2lts-seq: Regroup specification: sc,tg,vgps,mm
dve2lts-seq: Regroup Select Combined matrix
dve2lts-seq: Regroup Total graph
dve2lts-seq: Regroup ViennaCL's Gibbs Poole Stockmeyer
dve2lts-seq: bandwidth: 159
dve2lts-seq: profile: 34989
dve2lts-seq: span: 47965
dve2lts-seq: average wavefront: 75.8505
dve2lts-seq: RMS wavefront: 84.4826
dve2lts-seq: Regroup Matrix Metrics
dve2lts-seq: Regrouping: 84->84 groups
dve2lts-seq: Regrouping took 0.010 real 0.010 user 0.000 sys
Event Span: 436
Normalized Event Span: 0.346
Weighted Event Span, moment 1 (WES^1): 538.1
Normalized Weighted Event Span, moment 1: 0.4271
Exit [0]
1.38 user, 0.10 system, 1.50 elapsed -- Max VSize = 38240KB, Max RSS = 4748KB
