statistics run
pnml2lts-seq spec/PNML/2D8_gradient_50x50_50.pnml -rsc,tg,vacm,mm --regroup-exit --graph-metrics
ctit017
pnml2lts-seq: Loading model from spec/PNML/2D8_gradient_50x50_50.pnml
pnml2lts-seq: Petri net has 2500 places, 19404 transitions and 38808 arcs
pnml2lts-seq: There are 0 safe places
pnml2lts-seq: Petri net spec/PNML/2D8_gradient_50x50_50.pnml analyzed
pnml2lts-seq: Loading Petri net took 1.480 real 1.380 user 0.090 sys
pnml2lts-seq: Initializing regrouping layer
pnml2lts-seq: Regroup specification: sc,tg,vacm,mm
pnml2lts-seq: Regroup Select Combined matrix
pnml2lts-seq: Regroup Total graph
pnml2lts-seq: Regroup ViennaCL's Advanced Cuthill McKee
pnml2lts-seq: bandwidth: 1396
pnml2lts-seq: profile: 49118115
pnml2lts-seq: span: 69801439
pnml2lts-seq: average wavefront: 701.1368428
pnml2lts-seq: RMS wavefront: 744.651741
pnml2lts-seq: Regroup Matrix Metrics
pnml2lts-seq: Regrouping: 19404->19404 groups
pnml2lts-seq: Regrouping took 870.630 real 869.060 user 0.180 sys
pnml2lts-seq: max token count: 50
Event Span: 841548
Normalized Event Span: 0.017347928
Weighted Event Span, moment 1 (WES^1): 863880.85
Normalized Weighted Event Span, moment 1: 0.017808304
Exit [0]
870.45 user, 0.30 system, 872.15 elapsed -- Max VSize = 320020KB, Max RSS = 281648KB
