statistics run
dve2lts-seq spec/DVE/elevator.4.dve -rsc,tg,vcm,mm --regroup-exit --graph-metrics
ctit012
dve2lts-seq: Precompiled divine module initialized
dve2lts-seq: Loading model from spec/DVE/elevator.4.dve
dve2lts-seq: Initializing regrouping layer
dve2lts-seq: Regroup specification: sc,tg,vcm,mm
dve2lts-seq: Regroup Select Combined matrix
dve2lts-seq: Regroup Total graph
dve2lts-seq: Regroup ViennaCL's Cuthill McKee
dve2lts-seq: bandwidth: 159
dve2lts-seq: profile: 37019
dve2lts-seq: span: 50805
dve2lts-seq: average wavefront: 96.2781
dve2lts-seq: RMS wavefront: 104.412
dve2lts-seq: Regroup Matrix Metrics
dve2lts-seq: Regrouping: 44->44 groups
dve2lts-seq: Regrouping took 0.000 real 0.010 user 0.000 sys
Event Span: 980
Normalized Event Span: 0.6187
Weighted Event Span, moment 1 (WES^1): 1816
Normalized Weighted Event Span, moment 1: 1.147
Exit [0]
0.70 user, 0.05 system, 0.80 elapsed -- Max VSize = 38240KB, Max RSS = 4744KB
