statistics run
dve2lts-seq spec/DVE/bridge.3.dve -rsc,bg,vacm,mm --regroup-exit --graph-metrics
ctit003
dve2lts-seq: Precompiled divine module initialized
dve2lts-seq: Loading model from spec/DVE/bridge.3.dve
dve2lts-seq: Initializing regrouping layer
dve2lts-seq: Regroup specification: sc,bg,vacm,mm
dve2lts-seq: Regroup Select Combined matrix
dve2lts-seq: Regroup Bipartite Graph
dve2lts-seq: Regroup ViennaCL's Advanced Cuthill McKee
dve2lts-seq: bandwidth: 83
dve2lts-seq: profile: 6355
dve2lts-seq: span: 8287
dve2lts-seq: average wavefront: 45.74
dve2lts-seq: RMS wavefront: 52.48
dve2lts-seq: Regroup Matrix Metrics
dve2lts-seq: Regrouping: 81->81 groups
dve2lts-seq: Regrouping took 0.000 real 0.000 user 0.000 sys
Event Span: 911
Normalized Event Span: 0.8034
Weighted Event Span, moment 1 (WES^1): 1822
Normalized Weighted Event Span, moment 1: 1.607
Exit [0]
0.91 user, 0.05 system, 1.00 elapsed -- Max VSize = 38240KB, Max RSS = 4748KB
