statistics run
dve2lts-seq spec/DVE/cyclic_scheduler.4.dve -rsc,bg,vcm,mm --regroup-exit --graph-metrics
ctit017
dve2lts-seq: Precompiled divine module initialized
dve2lts-seq: Loading model from spec/DVE/cyclic_scheduler.4.dve
dve2lts-seq: Initializing regrouping layer
dve2lts-seq: Regroup specification: sc,bg,vcm,mm
dve2lts-seq: Regroup Select Combined matrix
dve2lts-seq: Regroup Bipartite Graph
dve2lts-seq: Regroup ViennaCL's Cuthill McKee
dve2lts-seq: bandwidth: 13
dve2lts-seq: profile: 959
dve2lts-seq: span: 1295
dve2lts-seq: average wavefront: 9.478
dve2lts-seq: RMS wavefront: 9.882
dve2lts-seq: Regroup Matrix Metrics
dve2lts-seq: Regrouping: 54->54 groups
dve2lts-seq: Regrouping took 0.000 real 0.000 user 0.000 sys
Event Span: 333
Normalized Event Span: 0.1713
Weighted Event Span, moment 1 (WES^1): 392.6
Normalized Weighted Event Span, moment 1: 0.2019
Exit [0]
0.72 user, 0.04 system, 0.80 elapsed -- Max VSize = 38240KB, Max RSS = 4676KB
