statistics run
dve2lts-seq spec/DVE/elevator_planning.2.dve -rsc,tg,vgps,mm --regroup-exit --graph-metrics
ctit012
dve2lts-seq: Precompiled divine module initialized
dve2lts-seq: Loading model from spec/DVE/elevator_planning.2.dve
dve2lts-seq: Initializing regrouping layer
dve2lts-seq: Regroup specification: sc,tg,vgps,mm
dve2lts-seq: Regroup Select Combined matrix
dve2lts-seq: Regroup Total graph
dve2lts-seq: Regroup ViennaCL's Gibbs Poole Stockmeyer
dve2lts-seq: bandwidth: 114
dve2lts-seq: profile: 10668
dve2lts-seq: span: 13965
dve2lts-seq: average wavefront: 22.352
dve2lts-seq: RMS wavefront: 23.849
dve2lts-seq: Regroup Matrix Metrics
dve2lts-seq: Regrouping: 22->22 groups
dve2lts-seq: Regrouping took 0.010 real 0.000 user 0.000 sys
Event Span: 388
Normalized Event Span: 0.504
Weighted Event Span, moment 1 (WES^1): 579
Normalized Weighted Event Span, moment 1: 0.752
Exit [0]
0.40 user, 0.04 system, 0.50 elapsed -- Max VSize = 38240KB, Max RSS = 4748KB
