statistics run
pnml2lts-seq spec/PNML/echo-d5r3.pnml -rsc,tg,bcm,mm --regroup-exit --graph-metrics
ctit014
pnml2lts-seq: Loading model from spec/PNML/echo-d5r3.pnml
pnml2lts-seq: Petri net has 3717 places, 3222 transitions and 28404 arcs
pnml2lts-seq: There are 0 safe places
pnml2lts-seq: Petri net spec/PNML/echo-d5r3.pnml analyzed
pnml2lts-seq: Loading Petri net took 0.500 real 0.450 user 0.040 sys
pnml2lts-seq: Initializing regrouping layer
pnml2lts-seq: Regroup specification: sc,tg,bcm,mm
pnml2lts-seq: Regroup Select Combined matrix
pnml2lts-seq: Regroup Total graph
pnml2lts-seq: Regroup Boost's Cuthill McKee
pnml2lts-seq: bandwidth: 4748
pnml2lts-seq: profile: 110705025
pnml2lts-seq: span: 150142250
pnml2lts-seq: average wavefront: 1264.037009
pnml2lts-seq: RMS wavefront: 1357.933052
pnml2lts-seq: Regroup Matrix Metrics
pnml2lts-seq: Regrouping: 3222->3222 groups
pnml2lts-seq: Regrouping took 167.570 real 166.860 user 0.110 sys
pnml2lts-seq: max token count: 1
Event Span: 2063220
Normalized Event Span: 0.17227706
Weighted Event Span, moment 1 (WES^1): 2347801.6
Normalized Weighted Event Span, moment 1: 0.19603937
Exit [0]
167.31 user, 0.18 system, 168.11 elapsed -- Max VSize = 117332KB, Max RSS = 78988KB
