performance run
prob2lts-seq --zocket-prefix=/tmp/ltsmin-128445- --no-close spec/B/EnumSetLookups.mch -rsc,bg,bk --regroup-exit
ctit031
prob2lts-seq: ProB module initialized
prob2lts-seq: Loading model from /tmp/ltsmin-128447.probz
prob2lts-seq: ProB init
prob2lts-seq: connecting to zocket ipc:///tmp/ltsmin-128447.probz
% set_pref(MAX_INITIALISATIONS,maxNrOfInitialisations,10)

Starting LTSMin Server...
pl_init_for_lts_min
prob2lts-seq: Initializing regrouping layer
prob2lts-seq: Regroup specification: sc,bg,bk
prob2lts-seq: Regroup Select Combined matrix
prob2lts-seq: Regroup Bipartite Graph
prob2lts-seq: Regroup Boost's King
prob2lts-seq: Regrouping: 4->4 groups
prob2lts-seq: Regrouping took 0.000 real 0.000 user 0.000 sys
Exit [0]
0.00 user, 0.01 system, 0.10 elapsed -- Max VSize = 4196KB, Max RSS = 88KB
command-128447: line 10: 15351 Killed                  probcli spec/B/EnumSetLookups.mch -ltsmin2 /tmp/ltsmin-128447.probz
