statistics run
pnml2lts-seq spec/PNML/angiogenesis-05.pnml -rsc,bg,vgps,mm --regroup-exit --graph-metrics
ctit004
pnml2lts-seq: Loading model from spec/PNML/angiogenesis-05.pnml
pnml2lts-seq: Petri net has 39 places, 64 transitions and 185 arcs
pnml2lts-seq: There are 0 safe places
pnml2lts-seq: Petri net spec/PNML/angiogenesis-05.pnml analyzed
pnml2lts-seq: Loading Petri net took 0.000 real 0.000 user 0.010 sys
pnml2lts-seq: Initializing regrouping layer
pnml2lts-seq: Regroup specification: sc,bg,vgps,mm
pnml2lts-seq: Regroup Select Combined matrix
pnml2lts-seq: Regroup Bipartite Graph
pnml2lts-seq: Regroup ViennaCL's Gibbs Poole Stockmeyer
pnml2lts-seq: bandwidth: 27
pnml2lts-seq: profile: 1958
pnml2lts-seq: span: 2803
pnml2lts-seq: average wavefront: 14.845
pnml2lts-seq: RMS wavefront: 16.595
pnml2lts-seq: Regroup Matrix Metrics
pnml2lts-seq: Regrouping: 64->64 groups
pnml2lts-seq: Regrouping took 0.000 real 0.000 user 0.000 sys
pnml2lts-seq: max token count: 5
Event Span: 672
Normalized Event Span: 0.2692
Weighted Event Span, moment 1 (WES^1): 925.9
Normalized Weighted Event Span, moment 1: 0.371
Exit [0]
0.00 user, 0.02 system, 0.10 elapsed -- Max VSize = 4196KB, Max RSS = 88KB
