statistics run
pnml2lts-seq spec/PNML/rwmutex-r100w10.pnml -rsc,tg,vgps,mm --regroup-exit --graph-metrics
ctit034
pnml2lts-seq: Loading model from spec/PNML/rwmutex-r100w10.pnml
pnml2lts-seq: Petri net has 320 places, 220 transitions and 2640 arcs
pnml2lts-seq: There are 0 safe places
pnml2lts-seq: Petri net spec/PNML/rwmutex-r100w10.pnml analyzed
pnml2lts-seq: Loading Petri net took 0.020 real 0.020 user 0.010 sys
pnml2lts-seq: Initializing regrouping layer
pnml2lts-seq: Regroup specification: sc,tg,vgps,mm
pnml2lts-seq: Regroup Select Combined matrix
pnml2lts-seq: Regroup Total graph
pnml2lts-seq: Regroup ViennaCL's Gibbs Poole Stockmeyer
pnml2lts-seq: bandwidth: 2372
pnml2lts-seq: profile: 3537101
pnml2lts-seq: span: 4283851
pnml2lts-seq: average wavefront: 325.49308
pnml2lts-seq: RMS wavefront: 348.04938
pnml2lts-seq: Regroup Matrix Metrics
pnml2lts-seq: Regrouping: 220->220 groups
pnml2lts-seq: Regrouping took 0.460 real 0.440 user 0.000 sys
pnml2lts-seq: max token count: 1
Event Span: 32594
Normalized Event Span: 0.46298
Weighted Event Span, moment 1 (WES^1): 46281
Normalized Weighted Event Span, moment 1: 0.6574
Exit [0]
0.46 user, 0.02 system, 0.60 elapsed -- Max VSize = 48148KB, Max RSS = 9780KB
