statistics run
lps2lts-seq --mcrl2-rewriter=jitty spec/mCRL2/brp.mcrl2.suminst.lps -rsc,bg,vacm,mm --regroup-exit --graph-metrics
ctit038
lps2lts-seq: mCRL2 language module initialized
lps2lts-seq: Loading model from spec/mCRL2/brp.mcrl2.suminst.lps
lps2lts-seq: mCRL2 rewriter: jitty
lps2lts-seq: Initializing regrouping layer
lps2lts-seq: Regroup specification: sc,bg,vacm,mm
lps2lts-seq: Regroup Select Combined matrix
lps2lts-seq: Regroup Bipartite Graph
lps2lts-seq: Regroup ViennaCL's Advanced Cuthill McKee
lps2lts-seq: bandwidth: 69
lps2lts-seq: profile: 4033
lps2lts-seq: span: 5389
lps2lts-seq: average wavefront: 32.36
lps2lts-seq: RMS wavefront: 38.36
lps2lts-seq: Regroup Matrix Metrics
lps2lts-seq: Regrouping: 76->76 groups
lps2lts-seq: Regrouping took 0.000 real 0.000 user 0.000 sys
Event Span: 647
Normalized Event Span: 0.4257
Weighted Event Span, moment 1 (WES^1): 757.2
Normalized Weighted Event Span, moment 1: 0.4982
Exit [0]
0.02 user, 0.02 system, 0.10 elapsed -- Max VSize = 4196KB, Max RSS = 88KB
