statistics run
dve2lts-seq spec/DVE/lamport.3.dve -rsc,bg,vgps,mm --regroup-exit --graph-metrics
ctit012
dve2lts-seq: Precompiled divine module initialized
dve2lts-seq: Loading model from spec/DVE/lamport.3.dve
dve2lts-seq: Initializing regrouping layer
dve2lts-seq: Regroup specification: sc,bg,vgps,mm
dve2lts-seq: Regroup Select Combined matrix
dve2lts-seq: Regroup Bipartite Graph
dve2lts-seq: Regroup ViennaCL's Gibbs Poole Stockmeyer
dve2lts-seq: bandwidth: 23
dve2lts-seq: profile: 832
dve2lts-seq: span: 1070
dve2lts-seq: average wavefront: 12.17
dve2lts-seq: RMS wavefront: 13.68
dve2lts-seq: Regroup Matrix Metrics
dve2lts-seq: Regrouping: 42->42 groups
dve2lts-seq: Regrouping took 0.000 real 0.000 user 0.000 sys
Event Span: 221
Normalized Event Span: 0.478
Weighted Event Span, moment 1 (WES^1): 372
Normalized Weighted Event Span, moment 1: 0.805
Exit [0]
0.53 user, 0.07 system, 0.70 elapsed -- Max VSize = 38376KB, Max RSS = 5196KB
