statistics run
pnml2lts-seq spec/PNML/echo-d3r7.pnml -rsc,bg,bk,mm --regroup-exit --graph-metrics
ctit030
pnml2lts-seq: Loading model from spec/PNML/echo-d3r7.pnml
pnml2lts-seq: Petri net has 4209 places, 3518 transitions and 25540 arcs
pnml2lts-seq: There are 0 safe places
pnml2lts-seq: Petri net spec/PNML/echo-d3r7.pnml analyzed
pnml2lts-seq: Loading Petri net took 0.530 real 0.480 user 0.040 sys
pnml2lts-seq: Initializing regrouping layer
pnml2lts-seq: Regroup specification: sc,bg,bk,mm
pnml2lts-seq: Regroup Select Combined matrix
pnml2lts-seq: Regroup Bipartite Graph
pnml2lts-seq: Regroup Boost's King
pnml2lts-seq: bandwidth: 516
pnml2lts-seq: profile: 2678188
pnml2lts-seq: span: 3527897
pnml2lts-seq: average wavefront: 220.2182
pnml2lts-seq: RMS wavefront: 238.15636
pnml2lts-seq: Regroup Matrix Metrics
pnml2lts-seq: Regrouping: 3518->3518 groups
pnml2lts-seq: Regrouping took 2.650 real 2.610 user 0.020 sys
pnml2lts-seq: max token count: 1
Event Span: 1348745
Normalized Event Span: 0.091086725
Weighted Event Span, moment 1 (WES^1): 1456380.2
Normalized Weighted Event Span, moment 1: 0.098355805
Exit [0]
3.10 user, 0.09 system, 3.30 elapsed -- Max VSize = 132224KB, Max RSS = 93828KB
