statistics run
dve2lts-seq spec/DVE/lup.2.dve -rsc,bg,vcm,mm --regroup-exit --graph-metrics
ctit008
dve2lts-seq: Precompiled divine module initialized
dve2lts-seq: Loading model from spec/DVE/lup.2.dve
dve2lts-seq: Initializing regrouping layer
dve2lts-seq: Regroup specification: sc,bg,vcm,mm
dve2lts-seq: Regroup Select Combined matrix
dve2lts-seq: Regroup Bipartite Graph
dve2lts-seq: Regroup ViennaCL's Cuthill McKee
dve2lts-seq: bandwidth: 96
dve2lts-seq: profile: 7694
dve2lts-seq: span: 10117
dve2lts-seq: average wavefront: 51.613
dve2lts-seq: RMS wavefront: 59.398
dve2lts-seq: Regroup Matrix Metrics
dve2lts-seq: Regrouping: 96->96 groups
dve2lts-seq: Regrouping took 0.000 real 0.000 user 0.000 sys
Event Span: 750
Normalized Event Span: 0.781
Weighted Event Span, moment 1 (WES^1): 1.45e+03
Normalized Weighted Event Span, moment 1: 1.51
Exit [0]
1.87 user, 0.08 system, 2.00 elapsed -- Max VSize = 38240KB, Max RSS = 4748KB
