statistics run
prom2lts-seq spec/Promela/frogs.pml.spins -rsc,bg,bcm,mm --regroup-exit --graph-metrics
ctit028
prom2lts-seq: Precompiled SpinS module initialized
prom2lts-seq: Loading model from spec/Promela/frogs.pml.spins
prom2lts-seq: Initializing regrouping layer
prom2lts-seq: Regroup specification: sc,bg,bcm,mm
prom2lts-seq: Regroup Select Combined matrix
prom2lts-seq: Regroup Bipartite Graph
prom2lts-seq: Regroup Boost's Cuthill McKee
prom2lts-seq: bandwidth: 30
prom2lts-seq: profile: 951
prom2lts-seq: span: 1172
prom2lts-seq: average wavefront: 11.48
prom2lts-seq: RMS wavefront: 13.06
prom2lts-seq: Regroup Matrix Metrics
prom2lts-seq: Regrouping: 19->19 groups
prom2lts-seq: Regrouping took 0.000 real 0.000 user 0.000 sys
Event Span: 324
Normalized Event Span: 0.588
Weighted Event Span, moment 1 (WES^1): 638
Normalized Weighted Event Span, moment 1: 1.16
Exit [0]
0.00 user, 0.00 system, 0.10 elapsed -- Max VSize = 4196KB, Max RSS = 88KB
