statistics run
dve2lts-seq spec/DVE/collision.2.dve -rsc,tg,vcm,mm --regroup-exit --graph-metrics
ctit022
dve2lts-seq: Precompiled divine module initialized
dve2lts-seq: Loading model from spec/DVE/collision.2.dve
dve2lts-seq: Initializing regrouping layer
dve2lts-seq: Regroup specification: sc,tg,vcm,mm
dve2lts-seq: Regroup Select Combined matrix
dve2lts-seq: Regroup Total graph
dve2lts-seq: Regroup ViennaCL's Cuthill McKee
dve2lts-seq: bandwidth: 64
dve2lts-seq: profile: 5658
dve2lts-seq: span: 7434
dve2lts-seq: average wavefront: 33.068
dve2lts-seq: RMS wavefront: 36.65
dve2lts-seq: Regroup Matrix Metrics
dve2lts-seq: Regrouping: 31->31 groups
dve2lts-seq: Regrouping took 0.010 real 0.000 user 0.000 sys
Event Span: 163
Normalized Event Span: 0.376
Weighted Event Span, moment 1 (WES^1): 271
Normalized Weighted Event Span, moment 1: 0.624
Exit [0]
0.55 user, 0.05 system, 0.70 elapsed -- Max VSize = 38508KB, Max RSS = 5272KB
