statistics run
pnml2lts-seq spec/PNML/PolyORB-LF-S06-J04-T08-unfolded.pnml -rsc,tg,vcm,mm --regroup-exit --graph-metrics
ctit003
pnml2lts-seq: Loading model from spec/PNML/PolyORB-LF-S06-J04-T08-unfolded.pnml
pnml2lts-seq: Petri net has 810 places, 14014 transitions and 118428 arcs
pnml2lts-seq: There are 0 safe places
pnml2lts-seq: Petri net spec/PNML/PolyORB-LF-S06-J04-T08-unfolded.pnml analyzed
pnml2lts-seq: Loading Petri net took 1.650 real 1.490 user 0.150 sys
pnml2lts-seq: Initializing regrouping layer
pnml2lts-seq: Regroup specification: sc,tg,vcm,mm
pnml2lts-seq: Regroup Select Combined matrix
pnml2lts-seq: Regroup Total graph
pnml2lts-seq: Regroup ViennaCL's Cuthill McKee
pnml2lts-seq: bandwidth: 73504
pnml2lts-seq: profile: 6344116141
pnml2lts-seq: span: 8905785910
pnml2lts-seq: average wavefront: 40096.889451
pnml2lts-seq: RMS wavefront: 43823.186688
pnml2lts-seq: Regroup Matrix Metrics
pnml2lts-seq: Regrouping: 14014->14014 groups
pnml2lts-seq: Regrouping took 3160.780 real 3155.350 user 0.450 sys
pnml2lts-seq: max token count: 10
Event Span: 3484516
Normalized Event Span: 0.30696957
Weighted Event Span, moment 1 (WES^1): 5653778.2
Normalized Weighted Event Span, moment 1: 0.49807143
Exit [0]
3156.85 user, 0.61 system, 3162.48 elapsed -- Max VSize = 318360KB, Max RSS = 280220KB
