statistics run
dve2lts-seq spec/DVE/peterson.4.dve -rsc,bg,bk,mm --regroup-exit --graph-metrics
ctit003
dve2lts-seq: Precompiled divine module initialized
dve2lts-seq: Loading model from spec/DVE/peterson.4.dve
dve2lts-seq: Initializing regrouping layer
dve2lts-seq: Regroup specification: sc,bg,bk,mm
dve2lts-seq: Regroup Select Combined matrix
dve2lts-seq: Regroup Bipartite Graph
dve2lts-seq: Regroup Boost's King
dve2lts-seq: bandwidth: 20
dve2lts-seq: profile: 641
dve2lts-seq: span: 850
dve2lts-seq: average wavefront: 9.167
dve2lts-seq: RMS wavefront: 10.13
dve2lts-seq: Regroup Matrix Metrics
dve2lts-seq: Regrouping: 28->28 groups
dve2lts-seq: Regrouping took 0.000 real 0.000 user 0.000 sys
Event Span: 215
Normalized Event Span: 0.384
Weighted Event Span, moment 1 (WES^1): 333
Normalized Weighted Event Span, moment 1: 0.596
Exit [0]
0.56 user, 0.04 system, 0.70 elapsed -- Max VSize = 38240KB, Max RSS = 4748KB
