statistics run
pnml2lts-seq spec/PNML/TokenRing-20-unfolded.pnml -rsc,tg,bk,mm --regroup-exit --graph-metrics
ctit038
pnml2lts-seq: Loading model from spec/PNML/TokenRing-20-unfolded.pnml
pnml2lts-seq: Petri net has 441 places, 8421 transitions and 33684 arcs
pnml2lts-seq: There are 0 safe places
pnml2lts-seq: Petri net spec/PNML/TokenRing-20-unfolded.pnml analyzed
pnml2lts-seq: Loading Petri net took 0.550 real 0.460 user 0.080 sys
pnml2lts-seq: Initializing regrouping layer
pnml2lts-seq: Regroup specification: sc,tg,bk,mm
pnml2lts-seq: Regroup Select Combined matrix
pnml2lts-seq: Regroup Total graph
pnml2lts-seq: Regroup Boost's King
pnml2lts-seq: bandwidth: 6624
pnml2lts-seq: profile: 83332515
pnml2lts-seq: span: 119927474
pnml2lts-seq: average wavefront: 1374.093744
pnml2lts-seq: RMS wavefront: 1446.466803
pnml2lts-seq: Regroup Matrix Metrics
pnml2lts-seq: Regrouping: 8421->8421 groups
pnml2lts-seq: Regrouping took 140.030 real 139.050 user 0.060 sys
pnml2lts-seq: max token count: 1
Event Span: 379189
Normalized Event Span: 0.1021065
Weighted Event Span, moment 1 (WES^1): 405746.6
Normalized Weighted Event Span, moment 1: 0.1092578
Exit [0]
139.52 user, 0.16 system, 140.66 elapsed -- Max VSize = 130436KB, Max RSS = 91972KB
