statistics run
lps2lts-seq --mcrl2-rewriter=jitty spec/mCRL2/wafer_stepper.mcrl2.suminst.lps -rsc,bg,vgps,mm --regroup-exit --graph-metrics
ctit002
lps2lts-seq: mCRL2 language module initialized
lps2lts-seq: Loading model from spec/mCRL2/wafer_stepper.mcrl2.suminst.lps
lps2lts-seq: mCRL2 rewriter: jitty
lps2lts-seq: Initializing regrouping layer
lps2lts-seq: Regroup specification: sc,bg,vgps,mm
lps2lts-seq: Regroup Select Combined matrix
lps2lts-seq: Regroup Bipartite Graph
lps2lts-seq: Regroup ViennaCL's Gibbs Poole Stockmeyer
lps2lts-seq: bandwidth: 13
lps2lts-seq: profile: 495
lps2lts-seq: span: 761
lps2lts-seq: average wavefront: 8.5
lps2lts-seq: RMS wavefront: 9.199
lps2lts-seq: Regroup Matrix Metrics
lps2lts-seq: Regrouping: 26->26 groups
lps2lts-seq: Regrouping took 0.000 real 0.000 user 0.000 sys
Event Span: 209
Normalized Event Span: 0.335
Weighted Event Span, moment 1 (WES^1): 313
Normalized Weighted Event Span, moment 1: 0.501
Exit [0]
0.02 user, 0.01 system, 0.10 elapsed -- Max VSize = 4196KB, Max RSS = 88KB
