statistics run
pnml2lts-seq spec/PNML/database2UNFOLD.pnml -rsc,bg,vcm,mm --regroup-exit --graph-metrics
ctit036
pnml2lts-seq: Loading model from spec/PNML/database2UNFOLD.pnml
pnml2lts-seq: Petri net has 38 places, 32 transitions and 88 arcs
pnml2lts-seq: There are 0 safe places
pnml2lts-seq: Petri net spec/PNML/database2UNFOLD.pnml analyzed
pnml2lts-seq: Loading Petri net took 0.000 real 0.000 user 0.000 sys
pnml2lts-seq: Initializing regrouping layer
pnml2lts-seq: Regroup specification: sc,bg,vcm,mm
pnml2lts-seq: Regroup Select Combined matrix
pnml2lts-seq: Regroup Bipartite Graph
pnml2lts-seq: Regroup ViennaCL's Cuthill McKee
pnml2lts-seq: bandwidth: 16
pnml2lts-seq: profile: 793
pnml2lts-seq: span: 1102
pnml2lts-seq: average wavefront: 9.771
pnml2lts-seq: RMS wavefront: 10.79
pnml2lts-seq: Regroup Matrix Metrics
pnml2lts-seq: Regrouping: 32->32 groups
pnml2lts-seq: Regrouping took 0.000 real 0.000 user 0.000 sys
pnml2lts-seq: max token count: 1
Event Span: 297
Normalized Event Span: 0.2442
Weighted Event Span, moment 1 (WES^1): 415.9
Normalized Weighted Event Span, moment 1: 0.3421
Exit [0]
0.01 user, 0.01 system, 0.10 elapsed -- Max VSize = 4196KB, Max RSS = 88KB
