statistics run
pnml2lts-seq spec/PNML/lamport_fmea-7.pnml -rsc,bn,mm --noack=2 --regroup-exit --graph-metrics
ctit030
pnml2lts-seq: Loading model from spec/PNML/lamport_fmea-7.pnml
pnml2lts-seq: Petri net has 264 places, 536 transitions and 2352 arcs
pnml2lts-seq: There are 0 safe places
pnml2lts-seq: Petri net spec/PNML/lamport_fmea-7.pnml analyzed
pnml2lts-seq: Computing Noack2 order
pnml2lts-seq: Computing Noack2 order took 0.020 real 0.010 user 0.000 sys
pnml2lts-seq: Loading Petri net took 0.040 real 0.030 user 0.000 sys
pnml2lts-seq: Initializing regrouping layer
pnml2lts-seq: Got state vector permutation from language front-end; permuting columns
pnml2lts-seq: Regroup specification: sc,bn,mm
pnml2lts-seq: Regroup Select Combined matrix
pnml2lts-seq: Regroup Boost's None
pnml2lts-seq: bandwidth: 780
pnml2lts-seq: profile: 341076
pnml2lts-seq: span: 63015
pnml2lts-seq: average wavefront: 139.309
pnml2lts-seq: RMS wavefront: 162.789
pnml2lts-seq: Regroup Matrix Metrics
pnml2lts-seq: Regrouping: 536->536 groups
pnml2lts-seq: Regrouping took 0.020 real 0.020 user 0.000 sys
pnml2lts-seq: max token count: 1
Event Span: 30969
Normalized Event Span: 0.218856
Weighted Event Span, moment 1 (WES^1): 41986.9
Normalized Weighted Event Span, moment 1: 0.296719
Exit [0]
0.06 user, 0.01 system, 0.10 elapsed -- Max VSize = 4192KB, Max RSS = 80KB
