statistics run
pnml2lts-seq spec/PNML/PolyORB-NT-S05-J40-unfolded.pnml -rsc,bn,mm --regroup-exit --graph-metrics
ctit019
pnml2lts-seq: Loading model from spec/PNML/PolyORB-NT-S05-J40-unfolded.pnml
pnml2lts-seq: Petri net has 629 places, 1590 transitions and 10704 arcs
pnml2lts-seq: There are 0 safe places
pnml2lts-seq: Petri net spec/PNML/PolyORB-NT-S05-J40-unfolded.pnml analyzed
pnml2lts-seq: Loading Petri net took 0.140 real 0.100 user 0.030 sys
pnml2lts-seq: Initializing regrouping layer
pnml2lts-seq: Regroup specification: sc,bn,mm
pnml2lts-seq: Regroup Select Combined matrix
pnml2lts-seq: Regroup Boost's None
pnml2lts-seq: bandwidth: 2206
pnml2lts-seq: profile: 3106074
pnml2lts-seq: span: 1274319
pnml2lts-seq: average wavefront: 428.0171
pnml2lts-seq: RMS wavefront: 465.7761
pnml2lts-seq: Regroup Matrix Metrics
pnml2lts-seq: Regrouping: 1590->1590 groups
Event Span: 784595
Normalized Event Span: 0.7845087
Weighted Event Span, moment 1 (WES^1): 1425718
Normalized Weighted Event Span, moment 1: 1.425561
pnml2lts-seq: Regrouping took 0.250 real 0.260 user 0.000 sys
pnml2lts-seq: max token count: 10
Exit [0]
0.36 user, 0.04 system, 0.50 elapsed -- Max VSize = 71464KB, Max RSS = 33056KB
