statistics run
pnml2lts-seq spec/PNML/simple_lbs-10.pnml -rsc,bn,mm --noack=1 --regroup-exit --graph-metrics
ctit029
pnml2lts-seq: Loading model from spec/PNML/simple_lbs-10.pnml
pnml2lts-seq: Petri net has 104 places, 605 transitions and 4148 arcs
pnml2lts-seq: There are 0 safe places
pnml2lts-seq: Petri net spec/PNML/simple_lbs-10.pnml analyzed
pnml2lts-seq: Computing Noack1 order
pnml2lts-seq: Computing Noack1 order took 0.010 real 0.010 user 0.000 sys
pnml2lts-seq: Loading Petri net took 0.050 real 0.040 user 0.010 sys
pnml2lts-seq: Initializing regrouping layer
pnml2lts-seq: Got state vector permutation from language front-end; permuting columns
pnml2lts-seq: Regroup specification: sc,bn,mm
pnml2lts-seq: Regroup Select Combined matrix
pnml2lts-seq: Regroup Boost's None
pnml2lts-seq: bandwidth: 708
pnml2lts-seq: profile: 279341
pnml2lts-seq: span: 49745
pnml2lts-seq: average wavefront: 92.3935
pnml2lts-seq: RMS wavefront: 95.839
pnml2lts-seq: Regroup Matrix Metrics
pnml2lts-seq: Regrouping: 605->605 groups
pnml2lts-seq: Regrouping took 0.020 real 0.020 user 0.000 sys
pnml2lts-seq: max token count: 1
Event Span: 20406
Normalized Event Span: 0.32432
Weighted Event Span, moment 1 (WES^1): 35605
Normalized Weighted Event Span, moment 1: 0.56587
Exit [0]
0.07 user, 0.02 system, 0.10 elapsed -- Max VSize = 4196KB, Max RSS = 88KB
