statistics run
lps2lts-seq --mcrl2-rewriter=jitty spec/mCRL2/beem-fischer-6.mcrl2.lps -rsc,tg,vacm,mm --regroup-exit --graph-metrics
ctit020
lps2lts-seq: mCRL2 language module initialized
lps2lts-seq: Loading model from spec/mCRL2/beem-fischer-6.mcrl2.lps
lps2lts-seq: mCRL2 rewriter: jitty
lps2lts-seq: Initializing regrouping layer
lps2lts-seq: Regroup specification: sc,tg,vacm,mm
lps2lts-seq: Regroup Select Combined matrix
lps2lts-seq: Regroup Total graph
lps2lts-seq: Regroup ViennaCL's Advanced Cuthill McKee
lps2lts-seq: bandwidth: 158
lps2lts-seq: profile: 35504
lps2lts-seq: span: 48187
lps2lts-seq: average wavefront: 93.3249
lps2lts-seq: RMS wavefront: 100.209
lps2lts-seq: Regroup Matrix Metrics
lps2lts-seq: Regrouping: 49->49 groups
lps2lts-seq: Regrouping took 0.010 real 0.010 user 0.000 sys
Event Span: 388
Normalized Event Span: 0.72
Weighted Event Span, moment 1 (WES^1): 735
Normalized Weighted Event Span, moment 1: 1.36
Exit [0]
0.05 user, 0.01 system, 0.10 elapsed -- Max VSize = 4196KB, Max RSS = 88KB
