statistics run
pnml2lts-seq spec/PNML/echo-d3r3.pnml -rsc,bg,vacm,mm --regroup-exit --graph-metrics
ctit002
pnml2lts-seq: Loading model from spec/PNML/echo-d3r3.pnml
pnml2lts-seq: Petri net has 265 places, 206 transitions and 1252 arcs
pnml2lts-seq: There are 0 safe places
pnml2lts-seq: Petri net spec/PNML/echo-d3r3.pnml analyzed
pnml2lts-seq: Loading Petri net took 0.010 real 0.010 user 0.000 sys
pnml2lts-seq: Initializing regrouping layer
pnml2lts-seq: Regroup specification: sc,bg,vacm,mm
pnml2lts-seq: Regroup Select Combined matrix
pnml2lts-seq: Regroup Bipartite Graph
pnml2lts-seq: Regroup ViennaCL's Advanced Cuthill McKee
pnml2lts-seq: bandwidth: 152
pnml2lts-seq: profile: 50341
pnml2lts-seq: span: 62396
pnml2lts-seq: average wavefront: 94.6815
pnml2lts-seq: RMS wavefront: 102.719
pnml2lts-seq: Regroup Matrix Metrics
pnml2lts-seq: Regrouping: 206->206 groups
pnml2lts-seq: Regrouping took 0.020 real 0.010 user 0.000 sys
pnml2lts-seq: max token count: 1
Event Span: 20363
Normalized Event Span: 0.37302
Weighted Event Span, moment 1 (WES^1): 31319
Normalized Weighted Event Span, moment 1: 0.57372
Exit [0]
0.03 user, 0.00 system, 0.10 elapsed -- Max VSize = 4196KB, Max RSS = 88KB
