statistics run
prom2lts-seq spec/Promela/elevator.4.prom.spins -rsc,tg,bk,mm --regroup-exit --graph-metrics
ctit030
prom2lts-seq: Precompiled SpinS module initialized
prom2lts-seq: Loading model from spec/Promela/elevator.4.prom.spins
prom2lts-seq: Initializing regrouping layer
prom2lts-seq: Regroup specification: sc,tg,bk,mm
prom2lts-seq: Regroup Select Combined matrix
prom2lts-seq: Regroup Total graph
prom2lts-seq: Regroup Boost's King
prom2lts-seq: bandwidth: 250
prom2lts-seq: profile: 75610
prom2lts-seq: span: 95583
prom2lts-seq: average wavefront: 83.6478
prom2lts-seq: RMS wavefront: 93.7121
prom2lts-seq: Regroup Matrix Metrics
prom2lts-seq: Regrouping: 72->72 groups
prom2lts-seq: Regrouping took 0.010 real 0.010 user 0.000 sys
Event Span: 1544
Normalized Event Span: 0.4987
Weighted Event Span, moment 1 (WES^1): 2169
Normalized Weighted Event Span, moment 1: 0.7007
Exit [0]
0.01 user, 0.01 system, 0.10 elapsed -- Max VSize = 4196KB, Max RSS = 88KB
