statistics run
pnml2lts-seq spec/PNML/2D8_gradient_40x40_150.pnml -rsc,bn,mm --noack=2 --regroup-exit --graph-metrics
ctit026
pnml2lts-seq: Loading model from spec/PNML/2D8_gradient_40x40_150.pnml
pnml2lts-seq: Petri net has 1600 places, 12324 transitions and 24648 arcs
pnml2lts-seq: There are 0 safe places
pnml2lts-seq: Petri net spec/PNML/2D8_gradient_40x40_150.pnml analyzed
pnml2lts-seq: Computing Noack2 order
pnml2lts-seq: Computing Noack2 order took 0.420 real 0.410 user 0.000 sys
pnml2lts-seq: Loading Petri net took 1.140 real 1.070 user 0.050 sys
pnml2lts-seq: Initializing regrouping layer
pnml2lts-seq: Got state vector permutation from language front-end; permuting columns
pnml2lts-seq: Regroup specification: sc,bn,mm
pnml2lts-seq: Regroup Select Combined matrix
pnml2lts-seq: Regroup Boost's None
pnml2lts-seq: bandwidth: 13217
pnml2lts-seq: profile: 98361882
pnml2lts-seq: span: 2879750
pnml2lts-seq: average wavefront: 889.991956
pnml2lts-seq: RMS wavefront: 1004.2558
pnml2lts-seq: Regroup Matrix Metrics
pnml2lts-seq: Regrouping: 12324->12324 groups
pnml2lts-seq: Regrouping took 5.200 real 5.160 user 0.040 sys
pnml2lts-seq: max token count: 150
Event Span: 361198
Normalized Event Span: 0.018317815
Weighted Event Span, moment 1 (WES^1): 400832.41
Normalized Weighted Event Span, moment 1: 0.020327836
Exit [0]
6.24 user, 0.11 system, 6.41 elapsed -- Max VSize = 162084KB, Max RSS = 123804KB
