statistics run
pnml2lts-seq spec/PNML/Peterson-4.pnml -rsc,f,mm --regroup-exit
ctit030
pnml2lts-seq: Loading model from spec/PNML/Peterson-4.pnml
pnml2lts-seq: Petri net has 480 places, 690 transitions and 2120 arcs
pnml2lts-seq: There are 0 safe places
pnml2lts-seq: Petri net spec/PNML/Peterson-4.pnml analyzed
pnml2lts-seq: Loading Petri net took 0.050 real 0.020 user 0.020 sys
pnml2lts-seq: Initializing regrouping layer
pnml2lts-seq: Regroup specification: sc,f,mm
pnml2lts-seq: Regroup Select Combined matrix
pnml2lts-seq: Regroup FORCE
pnml2lts-seq: Regroup Matrix Metrics
pnml2lts-seq: Regrouping: 690->690 groups
pnml2lts-seq: Regrouping took 0.340 real 0.330 user 0.000 sys
pnml2lts-seq: max token count: 1
Event Span: 38640
Normalized Event Span: 0.116667
Weighted Event Span, moment 1 (WES^1): 40354.2
Normalized Weighted Event Span, moment 1: 0.121842
Exit [0]
0.36 user, 0.03 system, 0.40 elapsed -- Max VSize = 51696KB, Max RSS = 13264KB
