statistics run
pnml2lts-seq spec/PNML/RAS-C-20.pnml -rsc,bn,mm --noack=1 --regroup-exit --graph-metrics
ctit010
pnml2lts-seq: Loading model from spec/PNML/RAS-C-20.pnml
pnml2lts-seq: Petri net has 120 places, 80 transitions and 354 arcs
pnml2lts-seq: There are 0 safe places
pnml2lts-seq: Petri net spec/PNML/RAS-C-20.pnml analyzed
pnml2lts-seq: Computing Noack1 order
pnml2lts-seq: Computing Noack1 order took 0.000 real 0.000 user 0.000 sys
pnml2lts-seq: Loading Petri net took 0.020 real 0.000 user 0.010 sys
pnml2lts-seq: Initializing regrouping layer
pnml2lts-seq: Got state vector permutation from language front-end; permuting columns
pnml2lts-seq: Regroup specification: sc,bn,mm
pnml2lts-seq: Regroup Select Combined matrix
pnml2lts-seq: Regroup Boost's None
pnml2lts-seq: bandwidth: 197
pnml2lts-seq: profile: 20684
pnml2lts-seq: span: 1070
pnml2lts-seq: average wavefront: 61.3
pnml2lts-seq: RMS wavefront: 70.417
pnml2lts-seq: Regroup Matrix Metrics
pnml2lts-seq: Regrouping: 80->80 groups
pnml2lts-seq: Regrouping took 0.000 real 0.000 user 0.000 sys
pnml2lts-seq: max token count: 1
Event Span: 602
Normalized Event Span: 0.06271
Weighted Event Span, moment 1 (WES^1): 639
Normalized Weighted Event Span, moment 1: 0.06656
Exit [0]
0.01 user, 0.01 system, 0.10 elapsed -- Max VSize = 4196KB, Max RSS = 88KB
