statistics run
pnml2lts-seq spec/PNML/IBM703.pnml -rsc,f,mm --regroup-exit
ctit037
pnml2lts-seq: Loading model from spec/PNML/IBM703.pnml
pnml2lts-seq: Petri net has 262 places, 284 transitions and 572 arcs
pnml2lts-seq: There are 0 safe places
pnml2lts-seq: Petri net spec/PNML/IBM703.pnml analyzed
pnml2lts-seq: Loading Petri net took 0.010 real 0.010 user 0.000 sys
pnml2lts-seq: Initializing regrouping layer
pnml2lts-seq: Regroup specification: sc,f,mm
pnml2lts-seq: Regroup Select Combined matrix
pnml2lts-seq: Regroup FORCE
pnml2lts-seq: Regroup Matrix Metrics
pnml2lts-seq: Regrouping: 284->284 groups
pnml2lts-seq: Regrouping took 0.120 real 0.120 user 0.000 sys
pnml2lts-seq: max token count: 1
Event Span: 3104
Normalized Event Span: 0.041716
Weighted Event Span, moment 1 (WES^1): 3413.9
Normalized Weighted Event Span, moment 1: 0.045881
Exit [0]
0.14 user, 0.01 system, 0.20 elapsed -- Max VSize = 46680KB, Max RSS = 8232KB
