statistics run
dve2lts-seq spec/DVE/telephony.7.dve -rsc,tg,vacm,mm --regroup-exit --graph-metrics
ctit017
dve2lts-seq: Precompiled divine module initialized
dve2lts-seq: Loading model from spec/DVE/telephony.7.dve
dve2lts-seq: Initializing regrouping layer
dve2lts-seq: Regroup specification: sc,tg,vacm,mm
dve2lts-seq: Regroup Select Combined matrix
dve2lts-seq: Regroup Total graph
dve2lts-seq: Regroup ViennaCL's Advanced Cuthill McKee
dve2lts-seq: bandwidth: 304
dve2lts-seq: profile: 104261
dve2lts-seq: span: 137081
dve2lts-seq: average wavefront: 137.991
dve2lts-seq: RMS wavefront: 156.81
dve2lts-seq: Regroup Matrix Metrics
dve2lts-seq: Regrouping: 120->120 groups
dve2lts-seq: Regrouping took 0.020 real 0.020 user 0.000 sys
Event Span: 1088
Normalized Event Span: 0.3778
Weighted Event Span, moment 1 (WES^1): 1859
Normalized Weighted Event Span, moment 1: 0.6456
Exit [0]
2.29 user, 0.08 system, 2.40 elapsed -- Max VSize = 38240KB, Max RSS = 4748KB
