statistics run
dve2lts-seq spec/DVE/extinction.4.dve -rsc,tg,bcm,mm --regroup-exit --graph-metrics
ctit009
dve2lts-seq: Precompiled divine module initialized
dve2lts-seq: Loading model from spec/DVE/extinction.4.dve
dve2lts-seq: Initializing regrouping layer
dve2lts-seq: Regroup specification: sc,tg,bcm,mm
dve2lts-seq: Regroup Select Combined matrix
dve2lts-seq: Regroup Total graph
dve2lts-seq: Regroup Boost's Cuthill McKee
dve2lts-seq: bandwidth: 232
dve2lts-seq: profile: 111585
dve2lts-seq: span: 149804
dve2lts-seq: average wavefront: 69.3688
dve2lts-seq: RMS wavefront: 73.6374
dve2lts-seq: Regroup Matrix Metrics
dve2lts-seq: Regrouping: 120->120 groups
dve2lts-seq: Regrouping took 0.020 real 0.010 user 0.010 sys
Event Span: 1932
Normalized Event Span: 0.3286
Weighted Event Span, moment 1 (WES^1): 2937
Normalized Weighted Event Span, moment 1: 0.4995
Exit [0]
2.24 user, 0.12 system, 2.51 elapsed -- Max VSize = 38240KB, Max RSS = 4744KB
