statistics run
pnml2lts-seq spec/PNML/20-10_phaseVariation.pnml -rsc,tg,vgps,mm --regroup-exit --graph-metrics
ctit044
pnml2lts-seq: Loading model from spec/PNML/20-10_phaseVariation.pnml
pnml2lts-seq: Petri net has 1202 places, 13457 transitions and 93395 arcs
pnml2lts-seq: There are 0 safe places
pnml2lts-seq: Petri net spec/PNML/20-10_phaseVariation.pnml analyzed
pnml2lts-seq: Loading Petri net took 1.000 real 0.890 user 0.100 sys
pnml2lts-seq: Initializing regrouping layer
pnml2lts-seq: Regroup specification: sc,tg,vgps,mm
pnml2lts-seq: Regroup Select Combined matrix
pnml2lts-seq: Regroup Total graph
pnml2lts-seq: Regroup ViennaCL's Gibbs Poole Stockmeyer
pnml2lts-seq: bandwidth: 40520
pnml2lts-seq: profile: 1886717151
pnml2lts-seq: span: 2771002911
pnml2lts-seq: average wavefront: 13894.1417
pnml2lts-seq: RMS wavefront: 15873.08415
pnml2lts-seq: Regroup Matrix Metrics
pnml2lts-seq: Regrouping: 13457->13457 groups
pnml2lts-seq: Regrouping took 1924.880 real 1920.280 user 1.510 sys
pnml2lts-seq: max token count: 1
Event Span: 11009516
Normalized Event Span: 0.68063693
Weighted Event Span, moment 1 (WES^1): 16569756
Normalized Weighted Event Span, moment 1: 1.0243854
Exit [0]
1921.18 user, 1.63 system, 1925.97 elapsed -- Max VSize = 226348KB, Max RSS = 188092KB
