statistics run
dve2lts-seq spec/DVE/needham.3.dve -rsc,bg,vacm,mm --regroup-exit --graph-metrics
ctit006
dve2lts-seq: Precompiled divine module initialized
dve2lts-seq: Loading model from spec/DVE/needham.3.dve
dve2lts-seq: Initializing regrouping layer
dve2lts-seq: Regroup specification: sc,bg,vacm,mm
dve2lts-seq: Regroup Select Combined matrix
dve2lts-seq: Regroup Bipartite Graph
dve2lts-seq: Regroup ViennaCL's Advanced Cuthill McKee
dve2lts-seq: bandwidth: 78
dve2lts-seq: profile: 7237
dve2lts-seq: span: 8928
dve2lts-seq: average wavefront: 40.674
dve2lts-seq: RMS wavefront: 45.242
dve2lts-seq: Regroup Matrix Metrics
dve2lts-seq: Regrouping: 111->111 groups
dve2lts-seq: Regrouping took 0.000 real 0.000 user 0.000 sys
Event Span: 1175
Normalized Event Span: 0.4411
Weighted Event Span, moment 1 (WES^1): 2221
Normalized Weighted Event Span, moment 1: 0.8336
Exit [0]
2.07 user, 0.10 system, 2.20 elapsed -- Max VSize = 38240KB, Max RSS = 4748KB
