statistics run
prom2lts-seq spec/Promela/fourth.pml.spins -rsc,tg,bk,mm --regroup-exit --graph-metrics
ctit022
prom2lts-seq: Precompiled SpinS module initialized
prom2lts-seq: Loading model from spec/Promela/fourth.pml.spins
prom2lts-seq: Initializing regrouping layer
prom2lts-seq: Regroup specification: sc,tg,bk,mm
prom2lts-seq: Regroup Select Combined matrix
prom2lts-seq: Regroup Total graph
prom2lts-seq: Regroup Boost's King
prom2lts-seq: bandwidth: 23
prom2lts-seq: profile: 1154
prom2lts-seq: span: 1603
prom2lts-seq: average wavefront: 11.31
prom2lts-seq: RMS wavefront: 12.26
prom2lts-seq: Regroup Matrix Metrics
prom2lts-seq: Regrouping: 18->18 groups
prom2lts-seq: Regrouping took 0.000 real 0.000 user 0.000 sys
Event Span: 56
Normalized Event Span: 0.346
Weighted Event Span, moment 1 (WES^1): 59.6
Normalized Weighted Event Span, moment 1: 0.368
Exit [0]
0.00 user, 0.01 system, 0.10 elapsed -- Max VSize = 4196KB, Max RSS = 88KB
