statistics run
pnml2lts-seq spec/PNML/QCertifProtocol_06-unfold.pnml -rsc,bg,bcm,mm --regroup-exit --graph-metrics
ctit010
pnml2lts-seq: Loading model from spec/PNML/QCertifProtocol_06-unfold.pnml
pnml2lts-seq: Petri net has 270 places, 116 transitions and 659 arcs
pnml2lts-seq: There are 0 safe places
pnml2lts-seq: Petri net spec/PNML/QCertifProtocol_06-unfold.pnml analyzed
pnml2lts-seq: Loading Petri net took 0.010 real 0.010 user 0.000 sys
pnml2lts-seq: Initializing regrouping layer
pnml2lts-seq: Regroup specification: sc,bg,bcm,mm
pnml2lts-seq: Regroup Select Combined matrix
pnml2lts-seq: Regroup Bipartite Graph
pnml2lts-seq: Regroup Boost's Cuthill McKee
pnml2lts-seq: bandwidth: 132
pnml2lts-seq: profile: 29347
pnml2lts-seq: span: 43298
pnml2lts-seq: average wavefront: 51.842
pnml2lts-seq: RMS wavefront: 59.2458
pnml2lts-seq: Regroup Matrix Metrics
pnml2lts-seq: Regrouping: 116->116 groups
pnml2lts-seq: Regrouping took 0.010 real 0.010 user 0.000 sys
pnml2lts-seq: max token count: 3
Event Span: 8690
Normalized Event Span: 0.27746
Weighted Event Span, moment 1 (WES^1): 11100
Normalized Weighted Event Span, moment 1: 0.35439
Exit [0]
0.02 user, 0.01 system, 0.10 elapsed -- Max VSize = 4196KB, Max RSS = 88KB
