statistics run
pnml2lts-seq spec/PNML/Kanban-50.pnml -rsc,f,mm --regroup-exit
ctit003
pnml2lts-seq: Loading model from spec/PNML/Kanban-50.pnml
pnml2lts-seq: Petri net has 16 places, 16 transitions and 40 arcs
pnml2lts-seq: There are 0 safe places
pnml2lts-seq: Petri net spec/PNML/Kanban-50.pnml analyzed
pnml2lts-seq: Loading Petri net took 0.000 real 0.000 user 0.000 sys
pnml2lts-seq: Initializing regrouping layer
pnml2lts-seq: Regroup specification: sc,f,mm
pnml2lts-seq: Regroup Select Combined matrix
pnml2lts-seq: Regroup FORCE
pnml2lts-seq: Regroup Matrix Metrics
pnml2lts-seq: Regrouping: 16->16 groups
pnml2lts-seq: Regrouping took 0.000 real 0.000 user 0.000 sys
pnml2lts-seq: max token count: 50
Event Span: 64
Normalized Event Span: 0.25
Weighted Event Span, moment 1 (WES^1): 90.6
Normalized Weighted Event Span, moment 1: 0.354
Exit [0]
0.00 user, 0.01 system, 0.10 elapsed -- Max VSize = 4196KB, Max RSS = 88KB
