statistics run
dve2lts-seq spec/DVE/msmie.1.dve -rsc,bg,vacm,mm --regroup-exit --graph-metrics
ctit004
dve2lts-seq: Precompiled divine module initialized
dve2lts-seq: Loading model from spec/DVE/msmie.1.dve
dve2lts-seq: Initializing regrouping layer
dve2lts-seq: Regroup specification: sc,bg,vacm,mm
dve2lts-seq: Regroup Select Combined matrix
dve2lts-seq: Regroup Bipartite Graph
dve2lts-seq: Regroup ViennaCL's Advanced Cuthill McKee
dve2lts-seq: bandwidth: 59
dve2lts-seq: profile: 2945
dve2lts-seq: span: 3233
dve2lts-seq: average wavefront: 27.07
dve2lts-seq: RMS wavefront: 31.34
dve2lts-seq: Regroup Matrix Metrics
dve2lts-seq: Regrouping: 85->85 groups
dve2lts-seq: Regrouping took 0.000 real 0.000 user 0.000 sys
Event Span: 437
Normalized Event Span: 0.467
Weighted Event Span, moment 1 (WES^1): 654
Normalized Weighted Event Span, moment 1: 0.699
Exit [0]
0.86 user, 0.07 system, 1.00 elapsed -- Max VSize = 38240KB, Max RSS = 4748KB
