statistics run
pnml2lts-seq spec/PNML/dekker-15.pnml -rsc,bn,mm --noack=1 --regroup-exit --graph-metrics
ctit012
pnml2lts-seq: Loading model from spec/PNML/dekker-15.pnml
pnml2lts-seq: Petri net has 75 places, 255 transitions and 1830 arcs
pnml2lts-seq: There are 0 safe places
pnml2lts-seq: Petri net spec/PNML/dekker-15.pnml analyzed
pnml2lts-seq: Computing Noack1 order
pnml2lts-seq: Computing Noack1 order took 0.000 real 0.000 user 0.000 sys
pnml2lts-seq: Loading Petri net took 0.020 real 0.010 user 0.000 sys
pnml2lts-seq: Initializing regrouping layer
pnml2lts-seq: Got state vector permutation from language front-end; permuting columns
pnml2lts-seq: Regroup specification: sc,bn,mm
pnml2lts-seq: Regroup Select Combined matrix
pnml2lts-seq: Regroup Boost's None
pnml2lts-seq: bandwidth: 329
pnml2lts-seq: profile: 62078
pnml2lts-seq: span: 15432
pnml2lts-seq: average wavefront: 49.5424
pnml2lts-seq: RMS wavefront: 52.7883
pnml2lts-seq: Regroup Matrix Metrics
pnml2lts-seq: Regrouping: 255->255 groups
pnml2lts-seq: Regrouping took 0.000 real 0.010 user 0.000 sys
pnml2lts-seq: max token count: 1
Event Span: 7705
Normalized Event Span: 0.40288
Weighted Event Span, moment 1 (WES^1): 12224
Normalized Weighted Event Span, moment 1: 0.63919
Exit [0]
0.02 user, 0.01 system, 0.10 elapsed -- Max VSize = 4196KB, Max RSS = 88KB
