performance run
prob2lts-seq --zocket-prefix=/tmp/ltsmin-39688- --no-close spec/B/nota_1_override.mch -rsc,tg,vacm --regroup-exit
ctit022
prob2lts-seq: ProB module initialized
prob2lts-seq: Loading model from /tmp/ltsmin-39699.probz
prob2lts-seq: ProB init
prob2lts-seq: connecting to zocket ipc:///tmp/ltsmin-39699.probz
% set_pref(DEFAULT_SETSIZE,globalsets_fdrange,1)
% set_pref(MAX_OPERATIONS,maxNrOfEnablingsPerOperation,30)

Starting LTSMin Server...
pl_init_for_lts_min
prob2lts-seq: Initializing regrouping layer
prob2lts-seq: Regroup specification: sc,tg,vacm
prob2lts-seq: Regroup Select Combined matrix
prob2lts-seq: Regroup Total graph
prob2lts-seq: Regroup ViennaCL's Advanced Cuthill McKee
prob2lts-seq: Regrouping: 12->12 groups
prob2lts-seq: Regrouping took 0.000 real 0.000 user 0.000 sys
Exit [0]
0.00 user, 0.01 system, 0.10 elapsed -- Max VSize = 4196KB, Max RSS = 88KB
command-39699: line 10: 32580 Killed                  probcli spec/B/nota_1_override.mch -ltsmin2 /tmp/ltsmin-39699.probz
