statistics run
dve2lts-seq spec/DVE/loyd.1.dve -rsc,bg,bcm,mm --regroup-exit --graph-metrics
ctit006
dve2lts-seq: Precompiled divine module initialized
dve2lts-seq: Loading model from spec/DVE/loyd.1.dve
dve2lts-seq: Initializing regrouping layer
dve2lts-seq: Regroup specification: sc,bg,bcm,mm
dve2lts-seq: Regroup Select Combined matrix
dve2lts-seq: Regroup Bipartite Graph
dve2lts-seq: Regroup Boost's Cuthill McKee
dve2lts-seq: bandwidth: 11
dve2lts-seq: profile: 124
dve2lts-seq: span: 151
dve2lts-seq: average wavefront: 5.27
dve2lts-seq: RMS wavefront: 5.85
dve2lts-seq: Regroup Matrix Metrics
dve2lts-seq: Regrouping: 5->5 groups
dve2lts-seq: Regrouping took 0.000 real 0.000 user 0.000 sys
Event Span: 43
Normalized Event Span: 0.86
Weighted Event Span, moment 1 (WES^1): 79
Normalized Weighted Event Span, moment 1: 1.6
Exit [0]
0.25 user, 0.03 system, 0.30 elapsed -- Max VSize = 38240KB, Max RSS = 4748KB
