statistics run
lps2lts-seq --mcrl2-rewriter=jitty spec/mCRL2/vm02-taus.mcrl2.suminst.lps -rsc,bg,bs,mm --regroup-exit --graph-metrics
ctit003
lps2lts-seq: mCRL2 language module initialized
lps2lts-seq: Loading model from spec/mCRL2/vm02-taus.mcrl2.suminst.lps
lps2lts-seq: mCRL2 rewriter: jitty
lps2lts-seq: Initializing regrouping layer
lps2lts-seq: Regroup specification: sc,bg,bs,mm
lps2lts-seq: Regroup Select Combined matrix
lps2lts-seq: Regroup Bipartite Graph
lps2lts-seq: Regroup Boost's Sloan
lps2lts-seq: bandwidth: 22
lps2lts-seq: profile: 363
lps2lts-seq: span: 111
lps2lts-seq: average wavefront: 2.8
lps2lts-seq: RMS wavefront: 2.84
lps2lts-seq: Regroup Matrix Metrics
lps2lts-seq: Regrouping: 23->23 groups
lps2lts-seq: Regrouping took 0.000 real 0.000 user 0.000 sys
Event Span: 44
Normalized Event Span: 0.96
Weighted Event Span, moment 1 (WES^1): 88
Normalized Weighted Event Span, moment 1: 1.9
Exit [0]
0.02 user, 0.00 system, 0.10 elapsed -- Max VSize = 4196KB, Max RSS = 88KB
