statistics run
pnml2lts-seq spec/PNML/Peterson-5.pnml -rsc,tg,bk,mm --regroup-exit --graph-metrics
ctit032
pnml2lts-seq: Loading model from spec/PNML/Peterson-5.pnml
pnml2lts-seq: Petri net has 834 places, 1242 transitions and 3828 arcs
pnml2lts-seq: There are 0 safe places
pnml2lts-seq: Petri net spec/PNML/Peterson-5.pnml analyzed
pnml2lts-seq: Loading Petri net took 0.100 real 0.070 user 0.020 sys
pnml2lts-seq: Initializing regrouping layer
pnml2lts-seq: Regroup specification: sc,tg,bk,mm
pnml2lts-seq: Regroup Select Combined matrix
pnml2lts-seq: Regroup Total graph
pnml2lts-seq: Regroup Boost's King
pnml2lts-seq: bandwidth: 1490
pnml2lts-seq: profile: 5207726
pnml2lts-seq: span: 7784551
pnml2lts-seq: average wavefront: 620.85947
pnml2lts-seq: RMS wavefront: 695.68357
pnml2lts-seq: Regroup Matrix Metrics
pnml2lts-seq: Regrouping: 1242->1242 groups
pnml2lts-seq: Regrouping took 0.720 real 0.720 user 0.000 sys
pnml2lts-seq: max token count: 1
Event Span: 263800
Normalized Event Span: 0.2546755
Weighted Event Span, moment 1 (WES^1): 299663.6
Normalized Weighted Event Span, moment 1: 0.2892986
Exit [0]
0.80 user, 0.03 system, 0.90 elapsed -- Max VSize = 58044KB, Max RSS = 19612KB
