statistics run
lps2lts-seq --mcrl2-rewriter=jitty spec/mCRL2/beem-schedule-world-3.mcrl2.lps -rsc,tg,bcm,mm --regroup-exit --graph-metrics
ctit017
lps2lts-seq: mCRL2 language module initialized
lps2lts-seq: Loading model from spec/mCRL2/beem-schedule-world-3.mcrl2.lps
lps2lts-seq: mCRL2 rewriter: jitty
lps2lts-seq: Initializing regrouping layer
lps2lts-seq: Regroup specification: sc,tg,bcm,mm
lps2lts-seq: Regroup Select Combined matrix
lps2lts-seq: Regroup Total graph
lps2lts-seq: Regroup Boost's Cuthill McKee
lps2lts-seq: bandwidth: 380
lps2lts-seq: profile: 98013
lps2lts-seq: span: 121226
lps2lts-seq: average wavefront: 114.496
lps2lts-seq: RMS wavefront: 127.673
lps2lts-seq: Regroup Matrix Metrics
lps2lts-seq: Regrouping: 50->50 groups
lps2lts-seq: Regrouping took 0.010 real 0.010 user 0.000 sys
Event Span: 420
Normalized Event Span: 0.933
Weighted Event Span, moment 1 (WES^1): 840
Normalized Weighted Event Span, moment 1: 1.87
Exit [0]
0.04 user, 0.02 system, 0.10 elapsed -- Max VSize = 4196KB, Max RSS = 88KB
