statistics run
pnml2lts-seq spec/PNML/PolyORB-NT-S05-J80-unfolded.pnml -rsc,tg,bs,mm --regroup-exit --graph-metrics
ctit035
pnml2lts-seq: Loading model from spec/PNML/PolyORB-NT-S05-J80-unfolded.pnml
pnml2lts-seq: Petri net has 1189 places, 2350 transitions and 14464 arcs
pnml2lts-seq: There are 0 safe places
pnml2lts-seq: Petri net spec/PNML/PolyORB-NT-S05-J80-unfolded.pnml analyzed
pnml2lts-seq: Loading Petri net took 0.330 real 0.220 user 0.040 sys
pnml2lts-seq: Initializing regrouping layer
pnml2lts-seq: Regroup specification: sc,tg,bs,mm
pnml2lts-seq: Regroup Select Combined matrix
pnml2lts-seq: Regroup Total graph
pnml2lts-seq: Regroup Boost's Sloan
pnml2lts-seq: bandwidth: 13060
pnml2lts-seq: profile: 55525746
pnml2lts-seq: span: 61072341
pnml2lts-seq: average wavefront: 595.728602
pnml2lts-seq: RMS wavefront: 646.161954
pnml2lts-seq: Regroup Matrix Metrics
pnml2lts-seq: Regrouping: 2350->2350 groups
pnml2lts-seq: Regrouping took 165.930 real 152.390 user 0.110 sys
pnml2lts-seq: max token count: 10
Event Span: 535090
Normalized Event Span: 0.1915037
Weighted Event Span, moment 1 (WES^1): 622027.8
Normalized Weighted Event Span, moment 1: 0.2226179
Exit [0]
152.61 user, 0.17 system, 166.37 elapsed -- Max VSize = 96840KB, Max RSS = 57196KB
