statistics run
pnml2lts-seq spec/PNML/echo-d2r15.pnml -rsc,bg,bs,mm --regroup-exit --graph-metrics
ctit010
pnml2lts-seq: Loading model from spec/PNML/echo-d2r15.pnml
pnml2lts-seq: Petri net has 2127 places, 1674 transitions and 9700 arcs
pnml2lts-seq: There are 0 safe places
pnml2lts-seq: Petri net spec/PNML/echo-d2r15.pnml analyzed
pnml2lts-seq: Loading Petri net took 0.160 real 0.140 user 0.010 sys
pnml2lts-seq: Initializing regrouping layer
pnml2lts-seq: Regroup specification: sc,bg,bs,mm
pnml2lts-seq: Regroup Select Combined matrix
pnml2lts-seq: Regroup Bipartite Graph
pnml2lts-seq: Regroup Boost's Sloan
pnml2lts-seq: bandwidth: 286
pnml2lts-seq: profile: 465051
pnml2lts-seq: span: 485903
pnml2lts-seq: average wavefront: 42.133123
pnml2lts-seq: RMS wavefront: 44.230924
pnml2lts-seq: Regroup Matrix Metrics
pnml2lts-seq: Regrouping: 1674->1674 groups
pnml2lts-seq: Regrouping took 1.510 real 1.500 user 0.000 sys
pnml2lts-seq: max token count: 1
Event Span: 187261
Normalized Event Span: 0.05259257
Weighted Event Span, moment 1 (WES^1): 197228.2
Normalized Weighted Event Span, moment 1: 0.05539188
Exit [0]
1.65 user, 0.03 system, 1.70 elapsed -- Max VSize = 66736KB, Max RSS = 28112KB
