statistics run
dve2lts-seq spec/DVE/synapse.2.dve -rsc,tg,bs,mm --regroup-exit --graph-metrics
ctit001
dve2lts-seq: Precompiled divine module initialized
dve2lts-seq: Loading model from spec/DVE/synapse.2.dve
dve2lts-seq: Initializing regrouping layer
dve2lts-seq: Regroup specification: sc,tg,bs,mm
dve2lts-seq: Regroup Select Combined matrix
dve2lts-seq: Regroup Total graph
dve2lts-seq: Regroup Boost's Sloan
dve2lts-seq: bandwidth: 1009
dve2lts-seq: profile: 452275
dve2lts-seq: span: 493403
dve2lts-seq: average wavefront: 52.22232
dve2lts-seq: RMS wavefront: 57.67651
dve2lts-seq: Regroup Matrix Metrics
dve2lts-seq: Regrouping: 149->149 groups
dve2lts-seq: Regrouping took 0.130 real 0.130 user 0.000 sys
Event Span: 1750
Normalized Event Span: 0.5339
Weighted Event Span, moment 1 (WES^1): 2579
Normalized Weighted Event Span, moment 1: 0.7868
Exit [0]
3.18 user, 0.14 system, 3.40 elapsed -- Max VSize = 42724KB, Max RSS = 7336KB
