statistics run
pnml2lts-seq spec/PNML/Philosophers-10.pnml -rsc,tg,bs,mm --regroup-exit --graph-metrics
ctit044
pnml2lts-seq: Loading model from spec/PNML/Philosophers-10.pnml
pnml2lts-seq: Petri net has 50 places, 50 transitions and 160 arcs
pnml2lts-seq: There are 0 safe places
pnml2lts-seq: Petri net spec/PNML/Philosophers-10.pnml analyzed
pnml2lts-seq: Loading Petri net took 0.000 real 0.000 user 0.000 sys
pnml2lts-seq: Initializing regrouping layer
pnml2lts-seq: Regroup specification: sc,tg,bs,mm
pnml2lts-seq: Regroup Select Combined matrix
pnml2lts-seq: Regroup Total graph
pnml2lts-seq: Regroup Boost's Sloan
pnml2lts-seq: bandwidth: 43
pnml2lts-seq: profile: 5119
pnml2lts-seq: span: 6902
pnml2lts-seq: average wavefront: 12.281
pnml2lts-seq: RMS wavefront: 12.545
pnml2lts-seq: Regroup Matrix Metrics
pnml2lts-seq: Regrouping: 50->50 groups
pnml2lts-seq: Regrouping took 0.010 real 0.010 user 0.000 sys
pnml2lts-seq: max token count: 1
Event Span: 360
Normalized Event Span: 0.144
Weighted Event Span, moment 1 (WES^1): 414.6
Normalized Weighted Event Span, moment 1: 0.1658
Exit [0]
0.02 user, 0.00 system, 0.10 elapsed -- Max VSize = 4196KB, Max RSS = 88KB
