statistics run
dve2lts-seq spec/DVE/firewire_link.3.dve -rsc,tg,vcm,mm --regroup-exit --graph-metrics
ctit012
dve2lts-seq: Precompiled divine module initialized
dve2lts-seq: Loading model from spec/DVE/firewire_link.3.dve
dve2lts-seq: Initializing regrouping layer
dve2lts-seq: Regroup specification: sc,tg,vcm,mm
dve2lts-seq: Regroup Select Combined matrix
dve2lts-seq: Regroup Total graph
dve2lts-seq: Regroup ViennaCL's Cuthill McKee
dve2lts-seq: bandwidth: 1969
dve2lts-seq: profile: 1270583
dve2lts-seq: span: 1674661
dve2lts-seq: average wavefront: 476.5737
dve2lts-seq: RMS wavefront: 550.1397
dve2lts-seq: Regroup Matrix Metrics
dve2lts-seq: Regrouping: 415->415 groups
dve2lts-seq: Regrouping took 0.230 real 0.230 user 0.010 sys
Event Span: 5094
Normalized Event Span: 0.35071
Weighted Event Span, moment 1 (WES^1): 7741.5
Normalized Weighted Event Span, moment 1: 0.53298
Exit [0]
8.06 user, 0.35 system, 8.51 elapsed -- Max VSize = 44732KB, Max RSS = 9292KB
