statistics run
dve2lts-seq spec/DVE/bridge.1.dve -rsc,bg,bk,mm --regroup-exit --graph-metrics
ctit008
dve2lts-seq: Precompiled divine module initialized
dve2lts-seq: Loading model from spec/DVE/bridge.1.dve
dve2lts-seq: Initializing regrouping layer
dve2lts-seq: Regroup specification: sc,bg,bk,mm
dve2lts-seq: Regroup Select Combined matrix
dve2lts-seq: Regroup Bipartite Graph
dve2lts-seq: Regroup Boost's King
dve2lts-seq: bandwidth: 27
dve2lts-seq: profile: 1078
dve2lts-seq: span: 1390
dve2lts-seq: average wavefront: 14.33
dve2lts-seq: RMS wavefront: 15.81
dve2lts-seq: Regroup Matrix Metrics
dve2lts-seq: Regrouping: 41->41 groups
dve2lts-seq: Regrouping took 0.010 real 0.000 user 0.000 sys
Event Span: 287
Normalized Event Span: 0.7
Weighted Event Span, moment 1 (WES^1): 466
Normalized Weighted Event Span, moment 1: 1.14
Exit [0]
0.59 user, 0.04 system, 0.70 elapsed -- Max VSize = 38240KB, Max RSS = 4748KB
