statistics run
pnml2lts-seq spec/PNML/PolyORB-LF-S04-J06-T08-unfolded.pnml -rsc,bg,bcm,mm --regroup-exit --graph-metrics
ctit022
pnml2lts-seq: Loading model from spec/PNML/PolyORB-LF-S04-J06-T08-unfolded.pnml
pnml2lts-seq: Petri net has 792 places, 4268 transitions and 28832 arcs
pnml2lts-seq: There are 0 safe places
pnml2lts-seq: Petri net spec/PNML/PolyORB-LF-S04-J06-T08-unfolded.pnml analyzed
pnml2lts-seq: Loading Petri net took 0.420 real 0.370 user 0.040 sys
pnml2lts-seq: Initializing regrouping layer
pnml2lts-seq: Regroup specification: sc,bg,bcm,mm
pnml2lts-seq: Regroup Select Combined matrix
pnml2lts-seq: Regroup Bipartite Graph
pnml2lts-seq: Regroup Boost's Cuthill McKee
pnml2lts-seq: bandwidth: 2774
pnml2lts-seq: profile: 7125516
pnml2lts-seq: span: 9633857
pnml2lts-seq: average wavefront: 942.93755
pnml2lts-seq: RMS wavefront: 1235.8402
pnml2lts-seq: Regroup Matrix Metrics
pnml2lts-seq: Regrouping: 4268->4268 groups
pnml2lts-seq: Regrouping took 1.940 real 1.920 user 0.010 sys
pnml2lts-seq: max token count: 10
Event Span: 602040
Normalized Event Span: 0.1781049
Weighted Event Span, moment 1 (WES^1): 639157.7
Normalized Weighted Event Span, moment 1: 0.1890856
Exit [0]
2.30 user, 0.07 system, 2.40 elapsed -- Max VSize = 117280KB, Max RSS = 79004KB
