statistics run
pnml2lts-seq spec/PNML/cs_repetitions-5-unfolded.pnml -rsc,f,mm --regroup-exit
ctit038
pnml2lts-seq: Loading model from spec/PNML/cs_repetitions-5-unfolded.pnml
pnml2lts-seq: Petri net has 206 places, 325 transitions and 1175 arcs
pnml2lts-seq: There are 0 safe places
pnml2lts-seq: Petri net spec/PNML/cs_repetitions-5-unfolded.pnml analyzed
pnml2lts-seq: Loading Petri net took 0.020 real 0.020 user 0.010 sys
pnml2lts-seq: Initializing regrouping layer
pnml2lts-seq: Regroup specification: sc,f,mm
pnml2lts-seq: Regroup Select Combined matrix
pnml2lts-seq: Regroup FORCE
pnml2lts-seq: Regroup Matrix Metrics
pnml2lts-seq: Regrouping: 325->325 groups
pnml2lts-seq: Regrouping took 0.020 real 0.010 user 0.000 sys
pnml2lts-seq: max token count: 5
Event Span: 17777
Normalized Event Span: 0.26553
Weighted Event Span, moment 1 (WES^1): 24714
Normalized Weighted Event Span, moment 1: 0.36914
Exit [0]
0.04 user, 0.01 system, 0.10 elapsed -- Max VSize = 4196KB, Max RSS = 88KB
