statistics run
dve2lts-seq spec/DVE/needham.2.dve -rsc,tg,vcm,mm --regroup-exit --graph-metrics
ctit011
dve2lts-seq: Precompiled divine module initialized
dve2lts-seq: Loading model from spec/DVE/needham.2.dve
dve2lts-seq: Initializing regrouping layer
dve2lts-seq: Regroup specification: sc,tg,vcm,mm
dve2lts-seq: Regroup Select Combined matrix
dve2lts-seq: Regroup Total graph
dve2lts-seq: Regroup ViennaCL's Cuthill McKee
dve2lts-seq: bandwidth: 351
dve2lts-seq: profile: 87209
dve2lts-seq: span: 103170
dve2lts-seq: average wavefront: 164.049
dve2lts-seq: RMS wavefront: 195.163
dve2lts-seq: Regroup Matrix Metrics
dve2lts-seq: Regrouping: 98->98 groups
dve2lts-seq: Regrouping took 0.020 real 0.010 user 0.000 sys
Event Span: 1076
Normalized Event Span: 0.5228
Weighted Event Span, moment 1 (WES^1): 1754
Normalized Weighted Event Span, moment 1: 0.8524
Exit [0]
1.81 user, 0.10 system, 2.00 elapsed -- Max VSize = 38240KB, Max RSS = 4748KB
