statistics run
pnml2lts-seq spec/PNML/TokenRing-40-unfolded.pnml -rsc,bg,bk,mm --regroup-exit --graph-metrics
ctit022
pnml2lts-seq: Loading model from spec/PNML/TokenRing-40-unfolded.pnml
pnml2lts-seq: Petri net has 1681 places, 65641 transitions and 262564 arcs
pnml2lts-seq: There are 0 safe places
pnml2lts-seq: Petri net spec/PNML/TokenRing-40-unfolded.pnml analyzed
pnml2lts-seq: Loading Petri net took 6.960 real 6.140 user 0.790 sys
pnml2lts-seq: Initializing regrouping layer
pnml2lts-seq: Regroup specification: sc,bg,bk,mm
pnml2lts-seq: Regroup Select Combined matrix
pnml2lts-seq: Regroup Bipartite Graph
pnml2lts-seq: Regroup Boost's King
pnml2lts-seq: bandwidth: 6441
pnml2lts-seq: profile: 171803159
pnml2lts-seq: span: 220001438
pnml2lts-seq: average wavefront: 1588.054722
pnml2lts-seq: RMS wavefront: 1845.370833
pnml2lts-seq: Regroup Matrix Metrics
pnml2lts-seq: Regrouping: 65641->65641 groups
pnml2lts-seq: Regrouping took 521.720 real 520.220 user 0.580 sys
pnml2lts-seq: max token count: 1
Event Span: 5799636
Normalized Event Span: 0.0525602999
Weighted Event Span, moment 1 (WES^1): 6047230.66
Normalized Weighted Event Span, moment 1: 0.0548041735
Exit [0]
526.37 user, 1.45 system, 528.86 elapsed -- Max VSize = 761032KB, Max RSS = 722852KB
