statistics run
dve2lts-seq spec/DVE/leader_election.4.dve -rsc,bg,bk,mm --regroup-exit --graph-metrics
ctit007
dve2lts-seq: Precompiled divine module initialized
dve2lts-seq: Loading model from spec/DVE/leader_election.4.dve
dve2lts-seq: Initializing regrouping layer
dve2lts-seq: Regroup specification: sc,bg,bk,mm
dve2lts-seq: Regroup Select Combined matrix
dve2lts-seq: Regroup Bipartite Graph
dve2lts-seq: Regroup Boost's King
dve2lts-seq: bandwidth: 117
dve2lts-seq: profile: 19968
dve2lts-seq: span: 18889
dve2lts-seq: average wavefront: 32.795
dve2lts-seq: RMS wavefront: 36.378
dve2lts-seq: Regroup Matrix Metrics
dve2lts-seq: Regrouping: 133->133 groups
dve2lts-seq: Regrouping took 0.000 real 0.000 user 0.000 sys
Event Span: 5844
Normalized Event Span: 0.28348
Weighted Event Span, moment 1 (WES^1): 8990.7
Normalized Weighted Event Span, moment 1: 0.43612
Exit [0]
2.73 user, 0.15 system, 2.90 elapsed -- Max VSize = 38240KB, Max RSS = 4748KB
