statistics run
pnml2lts-seq spec/PNML/dekker-50.pnml -rsc,bn,mm --regroup-exit --graph-metrics
ctit008
pnml2lts-seq: Loading model from spec/PNML/dekker-50.pnml
pnml2lts-seq: Petri net has 250 places, 2600 transitions and 20100 arcs
pnml2lts-seq: There are 0 safe places
pnml2lts-seq: Petri net spec/PNML/dekker-50.pnml analyzed
pnml2lts-seq: Loading Petri net took 0.200 real 0.160 user 0.030 sys
pnml2lts-seq: Initializing regrouping layer
pnml2lts-seq: Regroup specification: sc,bn,mm
pnml2lts-seq: Regroup Select Combined matrix
pnml2lts-seq: Regroup Boost's None
pnml2lts-seq: bandwidth: 2701
pnml2lts-seq: profile: 4321849
pnml2lts-seq: span: 632125
pnml2lts-seq: average wavefront: 170.7891
pnml2lts-seq: RMS wavefront: 178.3652
pnml2lts-seq: Regroup Matrix Metrics
pnml2lts-seq: Regrouping: 2600->2600 groups
pnml2lts-seq: Regrouping took 0.270 real 0.280 user 0.000 sys
pnml2lts-seq: max token count: 1
Event Span: 371873
Normalized Event Span: 0.572112
Weighted Event Span, moment 1 (WES^1): 645764
Normalized Weighted Event Span, moment 1: 0.993483
Exit [0]
0.44 user, 0.04 system, 0.50 elapsed -- Max VSize = 75688KB, Max RSS = 37200KB
