statistics run
pnml2lts-seq spec/PNML/raft_04.pnml -rsc,bg,bs,mm --regroup-exit --graph-metrics
ctit026
pnml2lts-seq: Loading model from spec/PNML/raft_04.pnml
pnml2lts-seq: Petri net has 88 places, 160 transitions and 563 arcs
pnml2lts-seq: There are 88 safe places
pnml2lts-seq: Petri net spec/PNML/raft_04.pnml analyzed
pnml2lts-seq: Loading Petri net took 0.000 real 0.000 user 0.000 sys
pnml2lts-seq: Initializing regrouping layer
pnml2lts-seq: Regroup specification: sc,bg,bs,mm
pnml2lts-seq: Regroup Select Combined matrix
pnml2lts-seq: Regroup Bipartite Graph
pnml2lts-seq: Regroup Boost's Sloan
pnml2lts-seq: bandwidth: 210
pnml2lts-seq: profile: 19774
pnml2lts-seq: span: 15777
pnml2lts-seq: average wavefront: 13.266
pnml2lts-seq: RMS wavefront: 13.891
pnml2lts-seq: Regroup Matrix Metrics
pnml2lts-seq: Regrouping: 160->160 groups
pnml2lts-seq: Regrouping took 0.010 real 0.010 user 0.000 sys
pnml2lts-seq: max token count: 1
Event Span: 4888
Normalized Event Span: 0.34716
Weighted Event Span, moment 1 (WES^1): 6777.7
Normalized Weighted Event Span, moment 1: 0.48137
Exit [0]
0.01 user, 0.00 system, 0.10 elapsed -- Max VSize = 4196KB, Max RSS = 88KB
