statistics run
pnml2lts-seq spec/PNML/rwmutex-r100w10.pnml -rsc,tg,vacm,mm --regroup-exit --graph-metrics
ctit026
pnml2lts-seq: Loading model from spec/PNML/rwmutex-r100w10.pnml
pnml2lts-seq: Petri net has 320 places, 220 transitions and 2640 arcs
pnml2lts-seq: There are 0 safe places
pnml2lts-seq: Petri net spec/PNML/rwmutex-r100w10.pnml analyzed
pnml2lts-seq: Loading Petri net took 0.020 real 0.010 user 0.010 sys
pnml2lts-seq: Initializing regrouping layer
pnml2lts-seq: Regroup specification: sc,tg,vacm,mm
pnml2lts-seq: Regroup Select Combined matrix
pnml2lts-seq: Regroup Total graph
pnml2lts-seq: Regroup ViennaCL's Advanced Cuthill McKee
pnml2lts-seq: bandwidth: 2375
pnml2lts-seq: profile: 4393200
pnml2lts-seq: span: 4871057
pnml2lts-seq: average wavefront: 1205.9261
pnml2lts-seq: RMS wavefront: 1390.7407
pnml2lts-seq: Regroup Matrix Metrics
pnml2lts-seq: Regrouping: 220->220 groups
pnml2lts-seq: Regrouping took 1.090 real 1.080 user 0.000 sys
pnml2lts-seq: max token count: 1
Event Span: 35518
Normalized Event Span: 0.50452
Weighted Event Span, moment 1 (WES^1): 58791
Normalized Weighted Event Span, moment 1: 0.83509
Exit [0]
1.09 user, 0.02 system, 1.20 elapsed -- Max VSize = 48144KB, Max RSS = 9784KB
