statistics run
dve2lts-seq spec/DVE/cambridge.1.dve -rsc,tg,bs,mm --regroup-exit --graph-metrics
ctit025
dve2lts-seq: Precompiled divine module initialized
dve2lts-seq: Loading model from spec/DVE/cambridge.1.dve
dve2lts-seq: Initializing regrouping layer
dve2lts-seq: Regroup specification: sc,tg,bs,mm
dve2lts-seq: Regroup Select Combined matrix
dve2lts-seq: Regroup Total graph
dve2lts-seq: Regroup Boost's Sloan
dve2lts-seq: bandwidth: 274
dve2lts-seq: profile: 55538
dve2lts-seq: span: 62294
dve2lts-seq: average wavefront: 26.4662
dve2lts-seq: RMS wavefront: 27.9788
dve2lts-seq: Regroup Matrix Metrics
dve2lts-seq: Regrouping: 56->56 groups
dve2lts-seq: Regrouping took 0.020 real 0.010 user 0.000 sys
Event Span: 512
Normalized Event Span: 0.5079
Weighted Event Span, moment 1 (WES^1): 815.9
Normalized Weighted Event Span, moment 1: 0.8094
Exit [0]
1.02 user, 0.08 system, 1.20 elapsed -- Max VSize = 41448KB, Max RSS = 6124KB
