statistics run
dve2lts-seq spec/DVE/firewire_link.2.dve -rsc,tg,vgps,mm --regroup-exit --graph-metrics
ctit012
dve2lts-seq: Precompiled divine module initialized
dve2lts-seq: Loading model from spec/DVE/firewire_link.2.dve
dve2lts-seq: Initializing regrouping layer
dve2lts-seq: Regroup specification: sc,tg,vgps,mm
dve2lts-seq: Regroup Select Combined matrix
dve2lts-seq: Regroup Total graph
dve2lts-seq: Regroup ViennaCL's Gibbs Poole Stockmeyer
dve2lts-seq: bandwidth: 1084
dve2lts-seq: profile: 1290970
dve2lts-seq: span: 1646190
dve2lts-seq: average wavefront: 459.3553
dve2lts-seq: RMS wavefront: 546.9087
dve2lts-seq: Regroup Matrix Metrics
dve2lts-seq: Regrouping: 412->412 groups
dve2lts-seq: Regrouping took 0.210 real 0.210 user 0.000 sys
Event Span: 4231
Normalized Event Span: 0.29341
Weighted Event Span, moment 1 (WES^1): 6207.9
Normalized Weighted Event Span, moment 1: 0.43051
Exit [0]
8.07 user, 0.28 system, 8.41 elapsed -- Max VSize = 44728KB, Max RSS = 9104KB
