performance run
prob2lts-seq --zocket-prefix=/tmp/ltsmin-39662- --no-close spec/B/nota.mch -rsc,bg,vacm --regroup-exit
ctit021
prob2lts-seq: ProB module initialized
prob2lts-seq: Loading model from /tmp/ltsmin-39667.probz
prob2lts-seq: ProB init
prob2lts-seq: connecting to zocket ipc:///tmp/ltsmin-39667.probz
% set_pref(DEFAULT_SETSIZE,globalsets_fdrange,2)
% set_pref(MAX_OPERATIONS,maxNrOfEnablingsPerOperation,30)

Starting LTSMin Server...
pl_init_for_lts_min
prob2lts-seq: Initializing regrouping layer
prob2lts-seq: Regroup specification: sc,bg,vacm
prob2lts-seq: Regroup Select Combined matrix
prob2lts-seq: Regroup Bipartite Graph
prob2lts-seq: Regroup ViennaCL's Advanced Cuthill McKee
prob2lts-seq: Regrouping: 12->12 groups
prob2lts-seq: Regrouping took 0.000 real 0.000 user 0.000 sys
Exit [0]
0.00 user, 0.01 system, 0.10 elapsed -- Max VSize = 4196KB, Max RSS = 88KB
command-39667: line 10: 46704 Killed                  probcli spec/B/nota.mch -ltsmin2 /tmp/ltsmin-39667.probz
