statistics run
prom2lts-seq spec/Promela/protocols.5.prom.spins -rsc,tg,vgps,mm --regroup-exit --graph-metrics
ctit002
prom2lts-seq: Precompiled SpinS module initialized
prom2lts-seq: Loading model from spec/Promela/protocols.5.prom.spins
prom2lts-seq: Initializing regrouping layer
prom2lts-seq: Regroup specification: sc,tg,vgps,mm
prom2lts-seq: Regroup Select Combined matrix
prom2lts-seq: Regroup Total graph
prom2lts-seq: Regroup ViennaCL's Gibbs Poole Stockmeyer
prom2lts-seq: bandwidth: 31
prom2lts-seq: profile: 1881
prom2lts-seq: span: 2518
prom2lts-seq: average wavefront: 9.8306
prom2lts-seq: RMS wavefront: 10.631
prom2lts-seq: Regroup Matrix Metrics
prom2lts-seq: Regrouping: 25->25 groups
prom2lts-seq: Regrouping took 0.000 real 0.000 user 0.000 sys
Event Span: 103
Normalized Event Span: 0.179
Weighted Event Span, moment 1 (WES^1): 105
Normalized Weighted Event Span, moment 1: 0.182
Exit [0]
0.00 user, 0.01 system, 0.10 elapsed -- Max VSize = 4192KB, Max RSS = 80KB
