statistics run
pnml2lts-seq spec/PNML/PolyORB-NT-S10-J60-unfolded.pnml -rsc,f,mm --regroup-exit
ctit036
pnml2lts-seq: Loading model from spec/PNML/PolyORB-NT-S10-J60-unfolded.pnml
pnml2lts-seq: Petri net has 1234 places, 12920 transitions and 116879 arcs
pnml2lts-seq: There are 0 safe places
pnml2lts-seq: Petri net spec/PNML/PolyORB-NT-S10-J60-unfolded.pnml analyzed
pnml2lts-seq: Loading Petri net took 1.870 real 1.630 user 0.220 sys
pnml2lts-seq: Initializing regrouping layer
pnml2lts-seq: Regroup specification: sc,f,mm
pnml2lts-seq: Regroup Select Combined matrix
pnml2lts-seq: Regroup FORCE
pnml2lts-seq: Regroup Matrix Metrics
pnml2lts-seq: Regrouping: 12920->12920 groups
pnml2lts-seq: Regrouping took 3.200 real 3.180 user 0.000 sys
pnml2lts-seq: max token count: 10
Event Span: 1151265
Normalized Event Span: 0.072210047
Weighted Event Span, moment 1 (WES^1): 1305436.4
Normalized Weighted Event Span, moment 1: 0.081880042
Exit [0]
4.82 user, 0.28 system, 5.21 elapsed -- Max VSize = 307556KB, Max RSS = 269100KB
