statistics run
lps2lts-seq --mcrl2-rewriter=jitty spec/mCRL2/block.mcrl2.suminst.lps -rsc,tg,vcm,mm --regroup-exit --graph-metrics
ctit030
lps2lts-seq: mCRL2 language module initialized
lps2lts-seq: Loading model from spec/mCRL2/block.mcrl2.suminst.lps
lps2lts-seq: mCRL2 rewriter: jitty
lps2lts-seq: Initializing regrouping layer
lps2lts-seq: Regroup specification: sc,tg,vcm,mm
lps2lts-seq: Regroup Select Combined matrix
lps2lts-seq: Regroup Total graph
lps2lts-seq: Regroup ViennaCL's Cuthill McKee
lps2lts-seq: bandwidth: 48
lps2lts-seq: profile: 3132
lps2lts-seq: span: 4344
lps2lts-seq: average wavefront: 27.45
lps2lts-seq: RMS wavefront: 29.73
lps2lts-seq: Regroup Matrix Metrics
lps2lts-seq: Regrouping: 20->20 groups
lps2lts-seq: Regrouping took 0.000 real 0.000 user 0.000 sys
Event Span: 78
Normalized Event Span: 0.65
Weighted Event Span, moment 1 (WES^1): 139
Normalized Weighted Event Span, moment 1: 1.16
Exit [0]
0.02 user, 0.01 system, 0.10 elapsed -- Max VSize = 4196KB, Max RSS = 88KB
