statistics run
dve2lts-seq spec/DVE/peg_solitaire.6.dve -rsc,tg,bk,mm --regroup-exit --graph-metrics
ctit011
dve2lts-seq: Precompiled divine module initialized
dve2lts-seq: Loading model from spec/DVE/peg_solitaire.6.dve
dve2lts-seq: Initializing regrouping layer
dve2lts-seq: Regroup specification: sc,tg,bk,mm
dve2lts-seq: Regroup Select Combined matrix
dve2lts-seq: Regroup Total graph
dve2lts-seq: Regroup Boost's King
dve2lts-seq: bandwidth: 3704
dve2lts-seq: profile: 7994615
dve2lts-seq: span: 9892988
dve2lts-seq: average wavefront: 769.11105
dve2lts-seq: RMS wavefront: 871.03029
dve2lts-seq: Regroup Matrix Metrics
dve2lts-seq: Regrouping: 96->96 groups
dve2lts-seq: Regrouping took 0.350 real 0.350 user 0.000 sys
Event Span: 3648
Normalized Event Span: 1
Weighted Event Span, moment 1 (WES^1): 7296
Normalized Weighted Event Span, moment 1: 2
Exit [0]
2.42 user, 0.11 system, 2.60 elapsed -- Max VSize = 46632KB, Max RSS = 11232KB
