statistics run
dve2lts-seq spec/DVE/anderson.1.dve -rsc,bg,vgps,mm --regroup-exit --graph-metrics
ctit009
dve2lts-seq: Precompiled divine module initialized
dve2lts-seq: Loading model from spec/DVE/anderson.1.dve
dve2lts-seq: Initializing regrouping layer
dve2lts-seq: Regroup specification: sc,bg,vgps,mm
dve2lts-seq: Regroup Select Combined matrix
dve2lts-seq: Regroup Bipartite Graph
dve2lts-seq: Regroup ViennaCL's Gibbs Poole Stockmeyer
dve2lts-seq: bandwidth: 6
dve2lts-seq: profile: 112
dve2lts-seq: span: 161
dve2lts-seq: average wavefront: 4.79
dve2lts-seq: RMS wavefront: 5.08
dve2lts-seq: Regroup Matrix Metrics
dve2lts-seq: Regrouping: 12->12 groups
dve2lts-seq: Regrouping took 0.000 real 0.000 user 0.000 sys
Event Span: 47
Normalized Event Span: 0.56
Weighted Event Span, moment 1 (WES^1): 75
Normalized Weighted Event Span, moment 1: 0.89
Exit [0]
0.25 user, 0.06 system, 0.40 elapsed -- Max VSize = 38240KB, Max RSS = 4748KB
