statistics run
dve2lts-seq spec/DVE/collision.3.dve -rsc,bg,bk,mm --regroup-exit --graph-metrics
ctit022
dve2lts-seq: Precompiled divine module initialized
dve2lts-seq: Loading model from spec/DVE/collision.3.dve
dve2lts-seq: Initializing regrouping layer
dve2lts-seq: Regroup specification: sc,bg,bk,mm
dve2lts-seq: Regroup Select Combined matrix
dve2lts-seq: Regroup Bipartite Graph
dve2lts-seq: Regroup Boost's King
dve2lts-seq: bandwidth: 27
dve2lts-seq: profile: 926
dve2lts-seq: span: 1097
dve2lts-seq: average wavefront: 9.017
dve2lts-seq: RMS wavefront: 10.36
dve2lts-seq: Regroup Matrix Metrics
dve2lts-seq: Regrouping: 42->42 groups
dve2lts-seq: Regrouping took 0.000 real 0.000 user 0.000 sys
Event Span: 222
Normalized Event Span: 0.294
Weighted Event Span, moment 1 (WES^1): 298
Normalized Weighted Event Span, moment 1: 0.394
Exit [0]
0.72 user, 0.06 system, 0.80 elapsed -- Max VSize = 38240KB, Max RSS = 4748KB
