statistics run
pnml2lts-seq spec/PNML/TokenRing-20-unfolded.pnml -rsc,bg,bk,mm --regroup-exit --graph-metrics
ctit039
pnml2lts-seq: Loading model from spec/PNML/TokenRing-20-unfolded.pnml
pnml2lts-seq: Petri net has 441 places, 8421 transitions and 33684 arcs
pnml2lts-seq: There are 0 safe places
pnml2lts-seq: Petri net spec/PNML/TokenRing-20-unfolded.pnml analyzed
pnml2lts-seq: Loading Petri net took 0.610 real 0.490 user 0.060 sys
pnml2lts-seq: Initializing regrouping layer
pnml2lts-seq: Regroup specification: sc,bg,bk,mm
pnml2lts-seq: Regroup Select Combined matrix
pnml2lts-seq: Regroup Bipartite Graph
pnml2lts-seq: Regroup Boost's King
pnml2lts-seq: bandwidth: 1222
pnml2lts-seq: profile: 5706713
pnml2lts-seq: span: 7052810
pnml2lts-seq: average wavefront: 390.66994
pnml2lts-seq: RMS wavefront: 459.69948
pnml2lts-seq: Regroup Matrix Metrics
pnml2lts-seq: Regrouping: 8421->8421 groups
pnml2lts-seq: Regrouping took 3.780 real 3.760 user 0.010 sys
pnml2lts-seq: max token count: 1
Event Span: 372507
Normalized Event Span: 0.1003072
Weighted Event Span, moment 1 (WES^1): 428123.4
Normalized Weighted Event Span, moment 1: 0.1152834
Exit [0]
4.26 user, 0.08 system, 4.51 elapsed -- Max VSize = 130436KB, Max RSS = 91968KB
