statistics run
pnml2lts-seq spec/PNML/PolyORB-LF-S06-J06-T08-unfolded.pnml -rsc,bn,mm --noack=2 --regroup-exit --graph-metrics
ctit022
pnml2lts-seq: Loading model from spec/PNML/PolyORB-LF-S06-J06-T08-unfolded.pnml
pnml2lts-seq: Petri net has 894 places, 14334 transitions and 119772 arcs
pnml2lts-seq: There are 0 safe places
pnml2lts-seq: Petri net spec/PNML/PolyORB-LF-S06-J06-T08-unfolded.pnml analyzed
pnml2lts-seq: Computing Noack2 order
pnml2lts-seq: Computing Noack2 order took 8.910 real 8.880 user 0.000 sys
pnml2lts-seq: Loading Petri net took 10.700 real 10.460 user 0.210 sys
pnml2lts-seq: Initializing regrouping layer
pnml2lts-seq: Got state vector permutation from language front-end; permuting columns
pnml2lts-seq: Regroup specification: sc,bn,mm
pnml2lts-seq: Regroup Select Combined matrix
pnml2lts-seq: Regroup Boost's None
pnml2lts-seq: bandwidth: 15148
pnml2lts-seq: profile: 115292390
pnml2lts-seq: span: 9112179
pnml2lts-seq: average wavefront: 717.590951
pnml2lts-seq: RMS wavefront: 747.206799
pnml2lts-seq: Regroup Matrix Metrics
pnml2lts-seq: Regrouping: 14334->14334 groups
pnml2lts-seq: Regrouping took 25.990 real 25.880 user 0.080 sys
pnml2lts-seq: max token count: 10
Event Span: 793304
Normalized Event Span: 0.061906282
Weighted Event Span, moment 1 (WES^1): 1443431.9
Normalized Weighted Event Span, moment 1: 0.11263968
Exit [0]
36.34 user, 0.32 system, 36.74 elapsed -- Max VSize = 322644KB, Max RSS = 284376KB
