statistics run
dve2lts-seq spec/DVE/fischer.6.dve -rsc,bg,bs,mm --regroup-exit --graph-metrics
ctit015
dve2lts-seq: Precompiled divine module initialized
dve2lts-seq: Loading model from spec/DVE/fischer.6.dve
dve2lts-seq: Initializing regrouping layer
dve2lts-seq: Regroup specification: sc,bg,bs,mm
dve2lts-seq: Regroup Select Combined matrix
dve2lts-seq: Regroup Bipartite Graph
dve2lts-seq: Regroup Boost's Sloan
dve2lts-seq: bandwidth: 61
dve2lts-seq: profile: 1739
dve2lts-seq: span: 1677
dve2lts-seq: average wavefront: 4.687
dve2lts-seq: RMS wavefront: 4.865
dve2lts-seq: Regroup Matrix Metrics
dve2lts-seq: Regrouping: 49->49 groups
dve2lts-seq: Regrouping took 0.000 real 0.000 user 0.000 sys
Event Span: 429
Normalized Event Span: 0.486
Weighted Event Span, moment 1 (WES^1): 582
Normalized Weighted Event Span, moment 1: 0.66
Exit [0]
0.75 user, 0.04 system, 0.80 elapsed -- Max VSize = 38240KB, Max RSS = 4748KB
