statistics run
lps2lts-seq --mcrl2-rewriter=jitty spec/mCRL2/cabp.mcrl2.suminst.lps -rsc,bg,vacm,mm --regroup-exit --graph-metrics
ctit003
lps2lts-seq: mCRL2 language module initialized
lps2lts-seq: Loading model from spec/mCRL2/cabp.mcrl2.suminst.lps
lps2lts-seq: mCRL2 rewriter: jitty
lps2lts-seq: Initializing regrouping layer
lps2lts-seq: Regroup specification: sc,bg,vacm,mm
lps2lts-seq: Regroup Select Combined matrix
lps2lts-seq: Regroup Bipartite Graph
lps2lts-seq: Regroup ViennaCL's Advanced Cuthill McKee
lps2lts-seq: bandwidth: 8
lps2lts-seq: profile: 230
lps2lts-seq: span: 310
lps2lts-seq: average wavefront: 5.618
lps2lts-seq: RMS wavefront: 6.042
lps2lts-seq: Regroup Matrix Metrics
lps2lts-seq: Regrouping: 21->21 groups
lps2lts-seq: Regrouping took 0.000 real 0.000 user 0.000 sys
Event Span: 79
Normalized Event Span: 0.289
Weighted Event Span, moment 1 (WES^1): 116
Normalized Weighted Event Span, moment 1: 0.423
Exit [0]
0.02 user, 0.00 system, 0.10 elapsed -- Max VSize = 4196KB, Max RSS = 88KB
