statistics run
dve2lts-seq spec/DVE/lamport.6.dve -rsc,bg,bk,mm --regroup-exit --graph-metrics
ctit012
dve2lts-seq: Precompiled divine module initialized
dve2lts-seq: Loading model from spec/DVE/lamport.6.dve
dve2lts-seq: Initializing regrouping layer
dve2lts-seq: Regroup specification: sc,bg,bk,mm
dve2lts-seq: Regroup Select Combined matrix
dve2lts-seq: Regroup Bipartite Graph
dve2lts-seq: Regroup Boost's King
dve2lts-seq: bandwidth: 40
dve2lts-seq: profile: 1791
dve2lts-seq: span: 1318
dve2lts-seq: average wavefront: 10.19
dve2lts-seq: RMS wavefront: 11.14
dve2lts-seq: Regroup Matrix Metrics
dve2lts-seq: Regrouping: 56->56 groups
dve2lts-seq: Regrouping took 0.000 real 0.000 user 0.000 sys
Event Span: 340
Normalized Event Span: 0.434
Weighted Event Span, moment 1 (WES^1): 505
Normalized Weighted Event Span, moment 1: 0.644
Exit [0]
0.72 user, 0.07 system, 0.90 elapsed -- Max VSize = 38376KB, Max RSS = 5224KB
