statistics run
dve2lts-seq spec/DVE/synapse.2.dve -rsc,tg,vgps,mm --regroup-exit --graph-metrics
ctit011
dve2lts-seq: Precompiled divine module initialized
dve2lts-seq: Loading model from spec/DVE/synapse.2.dve
dve2lts-seq: Initializing regrouping layer
dve2lts-seq: Regroup specification: sc,tg,vgps,mm
dve2lts-seq: Regroup Select Combined matrix
dve2lts-seq: Regroup Total graph
dve2lts-seq: Regroup ViennaCL's Gibbs Poole Stockmeyer
dve2lts-seq: bandwidth: 551
dve2lts-seq: profile: 291850
dve2lts-seq: span: 374176
dve2lts-seq: average wavefront: 116.5864
dve2lts-seq: RMS wavefront: 125.6458
dve2lts-seq: Regroup Matrix Metrics
dve2lts-seq: Regrouping: 149->149 groups
dve2lts-seq: Regrouping took 0.060 real 0.060 user 0.000 sys
Event Span: 1899
Normalized Event Span: 0.5793
Weighted Event Span, moment 1 (WES^1): 3087
Normalized Weighted Event Span, moment 1: 0.9417
Exit [0]
3.01 user, 0.10 system, 3.20 elapsed -- Max VSize = 41840KB, Max RSS = 6388KB
