statistics run
pnml2lts-seq spec/PNML/lamport_fmea-5.pnml -rsc,bn,mm --noack=2 --regroup-exit --graph-metrics
ctit019
pnml2lts-seq: Loading model from spec/PNML/lamport_fmea-5.pnml
pnml2lts-seq: Petri net has 174 places, 318 transitions and 1380 arcs
pnml2lts-seq: There are 0 safe places
pnml2lts-seq: Petri net spec/PNML/lamport_fmea-5.pnml analyzed
pnml2lts-seq: Computing Noack2 order
pnml2lts-seq: Computing Noack2 order took 0.010 real 0.010 user 0.000 sys
pnml2lts-seq: Loading Petri net took 0.030 real 0.020 user 0.000 sys
pnml2lts-seq: Initializing regrouping layer
pnml2lts-seq: Got state vector permutation from language front-end; permuting columns
pnml2lts-seq: Regroup specification: sc,bn,mm
pnml2lts-seq: Regroup Select Combined matrix
pnml2lts-seq: Regroup Boost's None
pnml2lts-seq: bandwidth: 476
pnml2lts-seq: profile: 131502
pnml2lts-seq: span: 25696
pnml2lts-seq: average wavefront: 94.2053
pnml2lts-seq: RMS wavefront: 108.458
pnml2lts-seq: Regroup Matrix Metrics
pnml2lts-seq: Regrouping: 318->318 groups
pnml2lts-seq: Regrouping took 0.000 real 0.010 user 0.000 sys
pnml2lts-seq: max token count: 1
Event Span: 12000
Normalized Event Span: 0.21687
Weighted Event Span, moment 1 (WES^1): 15815
Normalized Weighted Event Span, moment 1: 0.28583
Exit [0]
0.03 user, 0.01 system, 0.10 elapsed -- Max VSize = 4196KB, Max RSS = 88KB
