statistics run
prob2lts-seq --zocket-prefix=/tmp/ltsmin-644- --no-close spec/B/opMachine3.mch -rsc,tg,vacm,mm --regroup-exit --graph-metrics
ctit025
prob2lts-seq: ProB module initialized
prob2lts-seq: Loading model from /tmp/ltsmin-656.probz
prob2lts-seq: ProB init
prob2lts-seq: connecting to zocket ipc:///tmp/ltsmin-656.probz

Starting LTSMin Server...
pl_init_for_lts_min
prob2lts-seq: Initializing regrouping layer
prob2lts-seq: Regroup specification: sc,tg,vacm,mm
prob2lts-seq: Regroup Select Combined matrix
prob2lts-seq: Regroup Total graph
prob2lts-seq: Regroup ViennaCL's Advanced Cuthill McKee
prob2lts-seq: bandwidth: 8
prob2lts-seq: profile: 118
prob2lts-seq: span: 146
prob2lts-seq: average wavefront: 5.41
prob2lts-seq: RMS wavefront: 5.89
prob2lts-seq: Regroup Matrix Metrics
prob2lts-seq: Regrouping: 3->3 groups
prob2lts-seq: Regrouping took 0.000 real 0.000 user 0.000 sys
Event Span: 10
Normalized Event Span: 0.83
Weighted Event Span, moment 1 (WES^1): 17
Normalized Weighted Event Span, moment 1: 1.4
Exit [0]
0.00 user, 0.01 system, 0.10 elapsed -- Max VSize = 4196KB, Max RSS = 88KB
command-656: line 10: 54030 Killed                  probcli spec/B/opMachine3.mch -ltsmin2 /tmp/ltsmin-656.probz
