statistics run
pnml2lts-seq spec/PNML/BridgeAndVehicles-V20-P10-N50-unfolded.pnml -rsc,bg,vgps,mm --regroup-exit --graph-metrics
ctit021
pnml2lts-seq: Loading model from spec/PNML/BridgeAndVehicles-V20-P10-N50-unfolded.pnml
pnml2lts-seq: Petri net has 108 places, 2228 transitions and 17190 arcs
pnml2lts-seq: There are 0 safe places
pnml2lts-seq: Petri net spec/PNML/BridgeAndVehicles-V20-P10-N50-unfolded.pnml analyzed
pnml2lts-seq: Loading Petri net took 0.190 real 0.160 user 0.030 sys
pnml2lts-seq: Initializing regrouping layer
pnml2lts-seq: Regroup specification: sc,bg,vgps,mm
pnml2lts-seq: Regroup Select Combined matrix
pnml2lts-seq: Regroup Bipartite Graph
pnml2lts-seq: Regroup ViennaCL's Gibbs Poole Stockmeyer
pnml2lts-seq: bandwidth: 2118
pnml2lts-seq: profile: 3415472
pnml2lts-seq: span: 4567905
pnml2lts-seq: average wavefront: 983.158
pnml2lts-seq: RMS wavefront: 1177.068
pnml2lts-seq: Regroup Matrix Metrics
pnml2lts-seq: Regrouping: 2228->2228 groups
pnml2lts-seq: Regrouping took 0.900 real 0.890 user 0.000 sys
pnml2lts-seq: max token count: 20
Event Span: 196016
Normalized Event Span: 0.814615
Weighted Event Span, moment 1 (WES^1): 334415
Normalized Weighted Event Span, moment 1: 1.38978
Exit [0]
1.05 user, 0.04 system, 1.10 elapsed -- Max VSize = 78120KB, Max RSS = 39760KB
