statistics run
pnml2lts-seq spec/PNML/hc3k4p4b12.pnml -rsc,tg,vcm,mm --regroup-exit --graph-metrics
ctit009
pnml2lts-seq: Loading model from spec/PNML/hc3k4p4b12.pnml
pnml2lts-seq: Petri net has 1408 places, 2400 transitions and 9600 arcs
pnml2lts-seq: There are 0 safe places
pnml2lts-seq: Petri net spec/PNML/hc3k4p4b12.pnml analyzed
pnml2lts-seq: Loading Petri net took 0.160 real 0.140 user 0.010 sys
pnml2lts-seq: Initializing regrouping layer
pnml2lts-seq: Regroup specification: sc,tg,vcm,mm
pnml2lts-seq: Regroup Select Combined matrix
pnml2lts-seq: Regroup Total graph
pnml2lts-seq: Regroup ViennaCL's Cuthill McKee
pnml2lts-seq: bandwidth: 1010
pnml2lts-seq: profile: 7620726
pnml2lts-seq: span: 10799129
pnml2lts-seq: average wavefront: 501.073389
pnml2lts-seq: RMS wavefront: 549.691487
pnml2lts-seq: Regroup Matrix Metrics
pnml2lts-seq: Regrouping: 2400->2400 groups
pnml2lts-seq: Regrouping took 15.990 real 15.880 user 0.010 sys
pnml2lts-seq: max token count: 12
Event Span: 235791
Normalized Event Span: 0.06977717
Weighted Event Span, moment 1 (WES^1): 261023.5
Normalized Weighted Event Span, moment 1: 0.07724418
Exit [0]
16.03 user, 0.03 system, 16.22 elapsed -- Max VSize = 67020KB, Max RSS = 28736KB
