statistics run
prob2lts-seq --zocket-prefix=/tmp/ltsmin-252- --no-close spec/B/MutexSimple.mch -rsc,bg,bs,mm --regroup-exit --graph-metrics
ctit019
prob2lts-seq: ProB module initialized
prob2lts-seq: Loading model from /tmp/ltsmin-256.probz
prob2lts-seq: ProB init
prob2lts-seq: connecting to zocket ipc:///tmp/ltsmin-256.probz

Starting LTSMin Server...
pl_init_for_lts_min
prob2lts-seq: Initializing regrouping layer
prob2lts-seq: Regroup specification: sc,bg,bs,mm
prob2lts-seq: Regroup Select Combined matrix
prob2lts-seq: Regroup Bipartite Graph
prob2lts-seq: Regroup Boost's Sloan
prob2lts-seq: bandwidth: 5
prob2lts-seq: profile: 49
prob2lts-seq: span: 54
prob2lts-seq: average wavefront: 3.4
prob2lts-seq: RMS wavefront: 3.6
prob2lts-seq: Regroup Matrix Metrics
prob2lts-seq: Regrouping: 6->6 groups
prob2lts-seq: Regrouping took 0.000 real 0.000 user 0.000 sys
Event Span: 18
Normalized Event Span: 0.75
Weighted Event Span, moment 1 (WES^1): 32
Normalized Weighted Event Span, moment 1: 1.4
Exit [0]
0.00 user, 0.01 system, 0.10 elapsed -- Max VSize = 4196KB, Max RSS = 88KB
command-256: line 10: 28921 Killed                  probcli spec/B/MutexSimple.mch -ltsmin2 /tmp/ltsmin-256.probz
