statistics run
pnml2lts-seq spec/PNML/shared_memory-pt-100.pnml -rsc,bg,bcm,mm --regroup-exit --graph-metrics
ctit019
pnml2lts-seq: Loading model from spec/PNML/shared_memory-pt-100.pnml
pnml2lts-seq: Petri net has 10301 places, 20100 transitions and 80000 arcs
pnml2lts-seq: There are 0 safe places
pnml2lts-seq: Petri net spec/PNML/shared_memory-pt-100.pnml analyzed
pnml2lts-seq: Loading Petri net took 5.470 real 5.050 user 0.380 sys
pnml2lts-seq: Initializing regrouping layer
pnml2lts-seq: Regroup specification: sc,bg,bcm,mm
pnml2lts-seq: Regroup Select Combined matrix
pnml2lts-seq: Regroup Bipartite Graph
pnml2lts-seq: Regroup Boost's Cuthill McKee
pnml2lts-seq: bandwidth: 19999
pnml2lts-seq: profile: 554455864
pnml2lts-seq: span: 599002354
pnml2lts-seq: average wavefront: 9966.1972
pnml2lts-seq: RMS wavefront: 11551.3301
pnml2lts-seq: Regroup Matrix Metrics
pnml2lts-seq: Regrouping: 20100->20100 groups
pnml2lts-seq: Regrouping took 99.270 real 98.260 user 0.630 sys
pnml2lts-seq: max token count: 1
Event Span: 105866737
Normalized Event Span: 0.51130976
Weighted Event Span, moment 1 (WES^1): 141323996
Normalized Weighted Event Span, moment 1: 0.682559419
Exit [0]
103.31 user, 1.17 system, 104.92 elapsed -- Max VSize = 1158056KB, Max RSS = 1119676KB
