statistics run
lps2lts-seq --mcrl2-rewriter=jitty spec/mCRL2/native-swp_2_4_1.mcrl2.suminst.lps -rsc,bg,vgps,mm --regroup-exit --graph-metrics
ctit012
lps2lts-seq: mCRL2 language module initialized
lps2lts-seq: Loading model from spec/mCRL2/native-swp_2_4_1.mcrl2.suminst.lps
lps2lts-seq: mCRL2 rewriter: jitty
lps2lts-seq: Initializing regrouping layer
lps2lts-seq: Regroup specification: sc,bg,vgps,mm
lps2lts-seq: Regroup Select Combined matrix
lps2lts-seq: Regroup Bipartite Graph
lps2lts-seq: Regroup ViennaCL's Gibbs Poole Stockmeyer
lps2lts-seq: bandwidth: 13
lps2lts-seq: profile: 278
lps2lts-seq: span: 376
lps2lts-seq: average wavefront: 6.71
lps2lts-seq: RMS wavefront: 7.59
lps2lts-seq: Regroup Matrix Metrics
lps2lts-seq: Regrouping: 19->19 groups
lps2lts-seq: Regrouping took 0.000 real 0.000 user 0.000 sys
Event Span: 105
Normalized Event Span: 0.461
Weighted Event Span, moment 1 (WES^1): 138
Normalized Weighted Event Span, moment 1: 0.604
Exit [0]
0.03 user, 0.01 system, 0.10 elapsed -- Max VSize = 4196KB, Max RSS = 88KB
