performance run
prob2lts-seq --zocket-prefix=/tmp/ltsmin-52297- --no-close spec/B/Teletext_bench.mch -rsc,bg,bs --regroup-exit
ctit010
prob2lts-seq: ProB module initialized
prob2lts-seq: Loading model from /tmp/ltsmin-52300.probz
prob2lts-seq: ProB init
prob2lts-seq: connecting to zocket ipc:///tmp/ltsmin-52300.probz
% set_pref(MAXINT,maxint,4)

Starting LTSMin Server...
pl_init_for_lts_min
prob2lts-seq: Initializing regrouping layer
prob2lts-seq: Regroup specification: sc,bg,bs
prob2lts-seq: Regroup Select Combined matrix
prob2lts-seq: Regroup Bipartite Graph
prob2lts-seq: Regroup Boost's Sloan
prob2lts-seq: Regrouping: 12->12 groups
prob2lts-seq: Regrouping took 0.010 real 0.000 user 0.000 sys
Exit [0]
0.00 user, 0.01 system, 0.10 elapsed -- Max VSize = 4196KB, Max RSS = 84KB
command-52300: line 10: 61363 Killed                  probcli spec/B/Teletext_bench.mch -ltsmin2 /tmp/ltsmin-52300.probz
