statistics run
pnml2lts-seq spec/PNML/sg-4-2-4.pnml -rsc,tg,bk,mm --regroup-exit --graph-metrics
ctit017
pnml2lts-seq: Loading model from spec/PNML/sg-4-2-4.pnml
pnml2lts-seq: Petri net has 240 places, 272 transitions and 1088 arcs
pnml2lts-seq: There are 0 safe places
pnml2lts-seq: Petri net spec/PNML/sg-4-2-4.pnml analyzed
pnml2lts-seq: Loading Petri net took 0.020 real 0.020 user 0.000 sys
pnml2lts-seq: Initializing regrouping layer
pnml2lts-seq: Regroup specification: sc,tg,bk,mm
pnml2lts-seq: Regroup Select Combined matrix
pnml2lts-seq: Regroup Total graph
pnml2lts-seq: Regroup Boost's King
pnml2lts-seq: bandwidth: 134
pnml2lts-seq: profile: 127576
pnml2lts-seq: span: 198768
pnml2lts-seq: average wavefront: 50.09875
pnml2lts-seq: RMS wavefront: 53.81193
pnml2lts-seq: Regroup Matrix Metrics
pnml2lts-seq: Regrouping: 272->272 groups
pnml2lts-seq: Regrouping took 0.090 real 0.080 user 0.000 sys
pnml2lts-seq: max token count: 4
Event Span: 5918
Normalized Event Span: 0.090656
Weighted Event Span, moment 1 (WES^1): 6479.1
Normalized Weighted Event Span, moment 1: 0.09925
Exit [0]
0.11 user, 0.00 system, 0.20 elapsed -- Max VSize = 46548KB, Max RSS = 8156KB
