statistics run
dve2lts-seq spec/DVE/driving_phils.5.dve -rsc,bg,vacm,mm --regroup-exit --graph-metrics
ctit009
dve2lts-seq: Precompiled divine module initialized
dve2lts-seq: Loading model from spec/DVE/driving_phils.5.dve
dve2lts-seq: Initializing regrouping layer
dve2lts-seq: Regroup specification: sc,bg,vacm,mm
dve2lts-seq: Regroup Select Combined matrix
dve2lts-seq: Regroup Bipartite Graph
dve2lts-seq: Regroup ViennaCL's Advanced Cuthill McKee
dve2lts-seq: bandwidth: 31
dve2lts-seq: profile: 1606
dve2lts-seq: span: 2016
dve2lts-seq: average wavefront: 18.12
dve2lts-seq: RMS wavefront: 20.07
dve2lts-seq: Regroup Matrix Metrics
dve2lts-seq: Regrouping: 39->39 groups
dve2lts-seq: Regrouping took 0.000 real 0.000 user 0.000 sys
Event Span: 472
Normalized Event Span: 0.3362
Weighted Event Span, moment 1 (WES^1): 628.4
Normalized Weighted Event Span, moment 1: 0.4476
Exit [0]
0.52 user, 0.04 system, 0.60 elapsed -- Max VSize = 38240KB, Max RSS = 4752KB
