statistics run
dve2lts-seq spec/DVE/mcs.6.dve -rsc,tg,bs,mm --regroup-exit --graph-metrics
ctit002
dve2lts-seq: Precompiled divine module initialized
dve2lts-seq: Loading model from spec/DVE/mcs.6.dve
dve2lts-seq: Initializing regrouping layer
dve2lts-seq: Regroup specification: sc,tg,bs,mm
dve2lts-seq: Regroup Select Combined matrix
dve2lts-seq: Regroup Total graph
dve2lts-seq: Regroup Boost's Sloan
dve2lts-seq: bandwidth: 191
dve2lts-seq: profile: 11271
dve2lts-seq: span: 12879
dve2lts-seq: average wavefront: 16.931
dve2lts-seq: RMS wavefront: 18.278
dve2lts-seq: Regroup Matrix Metrics
dve2lts-seq: Regrouping: 65->65 groups
dve2lts-seq: Regrouping took 0.000 real 0.000 user 0.000 sys
Event Span: 346
Normalized Event Span: 0.2535
Weighted Event Span, moment 1 (WES^1): 484.4
Normalized Weighted Event Span, moment 1: 0.3549
Exit [0]
0.82 user, 0.05 system, 0.90 elapsed -- Max VSize = 38240KB, Max RSS = 4744KB
