statistics run
lps2lts-seq --mcrl2-rewriter=jitty spec/mCRL2/mpsu.mcrl2.suminst.lps -rsc,bn,mm --regroup-exit --graph-metrics
ctit012
lps2lts-seq: mCRL2 language module initialized
lps2lts-seq: Loading model from spec/mCRL2/mpsu.mcrl2.suminst.lps
lps2lts-seq: mCRL2 rewriter: jitty
lps2lts-seq: Initializing regrouping layer
lps2lts-seq: Regroup specification: sc,bn,mm
lps2lts-seq: Regroup Select Combined matrix
lps2lts-seq: Regroup Boost's None
lps2lts-seq: bandwidth: 24
lps2lts-seq: profile: 532
lps2lts-seq: span: 217
lps2lts-seq: average wavefront: 5.86
lps2lts-seq: RMS wavefront: 6.13
lps2lts-seq: Regroup Matrix Metrics
lps2lts-seq: Regrouping: 23->23 groups
lps2lts-seq: Regrouping took 0.000 real 0.000 user 0.000 sys
Event Span: 109
Normalized Event Span: 0.79
Weighted Event Span, moment 1 (WES^1): 218
Normalized Weighted Event Span, moment 1: 1.58
Exit [0]
0.02 user, 0.01 system, 0.10 elapsed -- Max VSize = 4196KB, Max RSS = 88KB
