statistics run
dve2lts-seq spec/DVE/extinction.4.dve -rsc,tg,vacm,mm --regroup-exit --graph-metrics
ctit009
dve2lts-seq: Precompiled divine module initialized
dve2lts-seq: Loading model from spec/DVE/extinction.4.dve
dve2lts-seq: Initializing regrouping layer
dve2lts-seq: Regroup specification: sc,tg,vacm,mm
dve2lts-seq: Regroup Select Combined matrix
dve2lts-seq: Regroup Total graph
dve2lts-seq: Regroup ViennaCL's Advanced Cuthill McKee
dve2lts-seq: bandwidth: 252
dve2lts-seq: profile: 109026
dve2lts-seq: span: 137228
dve2lts-seq: average wavefront: 134.915
dve2lts-seq: RMS wavefront: 150.068
dve2lts-seq: Regroup Matrix Metrics
dve2lts-seq: Regrouping: 120->120 groups
dve2lts-seq: Regrouping took 0.020 real 0.020 user 0.000 sys
Event Span: 1827
Normalized Event Span: 0.3107
Weighted Event Span, moment 1 (WES^1): 2405
Normalized Weighted Event Span, moment 1: 0.4089
Exit [0]
2.26 user, 0.14 system, 2.50 elapsed -- Max VSize = 41404KB, Max RSS = 5860KB
