statistics run
dve2lts-seq spec/DVE/telephony.2.dve -rsc,tg,bcm,mm --regroup-exit --graph-metrics
ctit011
dve2lts-seq: Precompiled divine module initialized
dve2lts-seq: Loading model from spec/DVE/telephony.2.dve
dve2lts-seq: Initializing regrouping layer
dve2lts-seq: Regroup specification: sc,tg,bcm,mm
dve2lts-seq: Regroup Select Combined matrix
dve2lts-seq: Regroup Total graph
dve2lts-seq: Regroup Boost's Cuthill McKee
dve2lts-seq: bandwidth: 179
dve2lts-seq: profile: 52737
dve2lts-seq: span: 71137
dve2lts-seq: average wavefront: 65.1495
dve2lts-seq: RMS wavefront: 69.3679
dve2lts-seq: Regroup Matrix Metrics
dve2lts-seq: Regrouping: 84->84 groups
dve2lts-seq: Regrouping took 0.010 real 0.000 user 0.000 sys
Event Span: 487
Normalized Event Span: 0.3865
Weighted Event Span, moment 1 (WES^1): 586.8
Normalized Weighted Event Span, moment 1: 0.4657
Exit [0]
1.51 user, 0.07 system, 1.60 elapsed -- Max VSize = 38240KB, Max RSS = 4744KB
