statistics run
pnml2lts-seq spec/PNML/2D8_gradient_30x30_150.pnml -rsc,tg,bs,mm --regroup-exit --graph-metrics
ctit027
pnml2lts-seq: Loading model from spec/PNML/2D8_gradient_30x30_150.pnml
pnml2lts-seq: Petri net has 900 places, 6844 transitions and 13688 arcs
pnml2lts-seq: There are 0 safe places
pnml2lts-seq: Petri net spec/PNML/2D8_gradient_30x30_150.pnml analyzed
pnml2lts-seq: Loading Petri net took 0.320 real 0.300 user 0.020 sys
pnml2lts-seq: Initializing regrouping layer
pnml2lts-seq: Regroup specification: sc,tg,bs,mm
pnml2lts-seq: Regroup Select Combined matrix
pnml2lts-seq: Regroup Total graph
pnml2lts-seq: Regroup Boost's Sloan
pnml2lts-seq: bandwidth: 1820
pnml2lts-seq: profile: 13356953
pnml2lts-seq: span: 14274069
pnml2lts-seq: average wavefront: 136.233016
pnml2lts-seq: RMS wavefront: 143.0314
pnml2lts-seq: Regroup Matrix Metrics
pnml2lts-seq: Regrouping: 6844->6844 groups
pnml2lts-seq: Regrouping took 155.760 real 155.360 user 0.030 sys
pnml2lts-seq: max token count: 150
Event Span: 176486
Normalized Event Span: 0.02865219
Weighted Event Span, moment 1 (WES^1): 187718
Normalized Weighted Event Span, moment 1: 0.03047568
Exit [0]
155.67 user, 0.05 system, 156.16 elapsed -- Max VSize = 93588KB, Max RSS = 55452KB
