statistics run
pnml2lts-seq spec/PNML/eratosthenes-100.pnml -rsc,bg,vgps,mm --regroup-exit --graph-metrics
ctit014
pnml2lts-seq: Loading model from spec/PNML/eratosthenes-100.pnml
pnml2lts-seq: Petri net has 99 places, 283 transitions and 849 arcs
pnml2lts-seq: There are 0 safe places
pnml2lts-seq: Petri net spec/PNML/eratosthenes-100.pnml analyzed
pnml2lts-seq: Loading Petri net took 0.020 real 0.010 user 0.000 sys
pnml2lts-seq: Initializing regrouping layer
pnml2lts-seq: Regroup specification: sc,bg,vgps,mm
pnml2lts-seq: Regroup Select Combined matrix
pnml2lts-seq: Regroup Bipartite Graph
pnml2lts-seq: Regroup ViennaCL's Gibbs Poole Stockmeyer
pnml2lts-seq: bandwidth: 98
pnml2lts-seq: profile: 23189
pnml2lts-seq: span: 30283
pnml2lts-seq: average wavefront: 44.5654
pnml2lts-seq: RMS wavefront: 50.1058
pnml2lts-seq: Regroup Matrix Metrics
pnml2lts-seq: Regrouping: 283->283 groups
pnml2lts-seq: Regrouping took 0.010 real 0.010 user 0.000 sys
pnml2lts-seq: max token count: 1
Event Span: 5014
Normalized Event Span: 0.17896
Weighted Event Span, moment 1 (WES^1): 5936.8
Normalized Weighted Event Span, moment 1: 0.2119
Exit [0]
0.03 user, 0.00 system, 0.10 elapsed -- Max VSize = 4196KB, Max RSS = 84KB
