statistics run
pnml2lts-seq spec/PNML/neoelection-2.unf.pnml -rsc,tg,bcm,mm --regroup-exit --graph-metrics
ctit010
pnml2lts-seq: Loading model from spec/PNML/neoelection-2.unf.pnml
pnml2lts-seq: Petri net has 438 places, 357 transitions and 1998 arcs
pnml2lts-seq: There are 0 safe places
pnml2lts-seq: Petri net spec/PNML/neoelection-2.unf.pnml analyzed
pnml2lts-seq: Loading Petri net took 0.030 real 0.020 user 0.000 sys
pnml2lts-seq: Initializing regrouping layer
pnml2lts-seq: Regroup specification: sc,tg,bcm,mm
pnml2lts-seq: Regroup Select Combined matrix
pnml2lts-seq: Regroup Total graph
pnml2lts-seq: Regroup Boost's Cuthill McKee
pnml2lts-seq: bandwidth: 957
pnml2lts-seq: profile: 1270088
pnml2lts-seq: span: 1705284
pnml2lts-seq: average wavefront: 235.5253
pnml2lts-seq: RMS wavefront: 280.7465
pnml2lts-seq: Regroup Matrix Metrics
pnml2lts-seq: Regrouping: 357->357 groups
pnml2lts-seq: Regrouping took 0.200 real 0.200 user 0.000 sys
pnml2lts-seq: max token count: 1
Event Span: 19339
Normalized Event Span: 0.123678
Weighted Event Span, moment 1 (WES^1): 10745
Normalized Weighted Event Span, moment 1: 0.068717
Exit [0]
0.23 user, 0.01 system, 0.30 elapsed -- Max VSize = 48268KB, Max RSS = 9912KB
