statistics run
pnml2lts-seq spec/PNML/rwmutex-r10w500.pnml -rsc,bg,bcm,mm --regroup-exit --graph-metrics
ctit026
pnml2lts-seq: Loading model from spec/PNML/rwmutex-r10w500.pnml
pnml2lts-seq: Petri net has 1030 places, 1020 transitions and 12060 arcs
pnml2lts-seq: There are 0 safe places
pnml2lts-seq: Petri net spec/PNML/rwmutex-r10w500.pnml analyzed
pnml2lts-seq: Loading Petri net took 0.120 real 0.100 user 0.020 sys
pnml2lts-seq: Initializing regrouping layer
pnml2lts-seq: Regroup specification: sc,bg,bcm,mm
pnml2lts-seq: Regroup Select Combined matrix
pnml2lts-seq: Regroup Bipartite Graph
pnml2lts-seq: Regroup Boost's Cuthill McKee
pnml2lts-seq: bandwidth: 1419
pnml2lts-seq: profile: 2311752
pnml2lts-seq: span: 1978871
pnml2lts-seq: average wavefront: 498.5356
pnml2lts-seq: RMS wavefront: 579.4658
pnml2lts-seq: Regroup Matrix Metrics
pnml2lts-seq: Regrouping: 1020->1020 groups
pnml2lts-seq: Regrouping took 0.200 real 0.190 user 0.000 sys
pnml2lts-seq: max token count: 1
Event Span: 529240
Normalized Event Span: 0.5037502
Weighted Event Span, moment 1 (WES^1): 707012.4
Normalized Weighted Event Span, moment 1: 0.6729606
Exit [0]
0.30 user, 0.03 system, 0.40 elapsed -- Max VSize = 62828KB, Max RSS = 24396KB
