statistics run
dve2lts-seq spec/DVE/bridge.1.dve -rsc,tg,bs,mm --regroup-exit --graph-metrics
ctit008
dve2lts-seq: Precompiled divine module initialized
dve2lts-seq: Loading model from spec/DVE/bridge.1.dve
dve2lts-seq: Initializing regrouping layer
dve2lts-seq: Regroup specification: sc,tg,bs,mm
dve2lts-seq: Regroup Select Combined matrix
dve2lts-seq: Regroup Total graph
dve2lts-seq: Regroup Boost's Sloan
dve2lts-seq: bandwidth: 227
dve2lts-seq: profile: 24629
dve2lts-seq: span: 26791
dve2lts-seq: average wavefront: 19.546
dve2lts-seq: RMS wavefront: 20.481
dve2lts-seq: Regroup Matrix Metrics
dve2lts-seq: Regrouping: 41->41 groups
dve2lts-seq: Regrouping took 0.010 real 0.000 user 0.000 sys
Event Span: 311
Normalized Event Span: 0.759
Weighted Event Span, moment 1 (WES^1): 525
Normalized Weighted Event Span, moment 1: 1.28
Exit [0]
0.48 user, 0.04 system, 0.60 elapsed -- Max VSize = 38240KB, Max RSS = 4748KB
