statistics run
dve2lts-seq spec/DVE/schedule_world.3.dve -rsc,bg,vcm,mm --regroup-exit --graph-metrics
ctit010
dve2lts-seq: Precompiled divine module initialized
dve2lts-seq: Loading model from spec/DVE/schedule_world.3.dve
dve2lts-seq: Initializing regrouping layer
dve2lts-seq: Regroup specification: sc,bg,vcm,mm
dve2lts-seq: Regroup Select Combined matrix
dve2lts-seq: Regroup Bipartite Graph
dve2lts-seq: Regroup ViennaCL's Cuthill McKee
dve2lts-seq: bandwidth: 62
dve2lts-seq: profile: 3901
dve2lts-seq: span: 4693
dve2lts-seq: average wavefront: 33.48
dve2lts-seq: RMS wavefront: 38.19
dve2lts-seq: Regroup Matrix Metrics
dve2lts-seq: Regrouping: 50->50 groups
dve2lts-seq: Regrouping took 0.000 real 0.000 user 0.000 sys
Event Span: 1198
Normalized Event Span: 0.7047
Weighted Event Span, moment 1 (WES^1): 2095
Normalized Weighted Event Span, moment 1: 1.232
Exit [0]
0.71 user, 0.06 system, 0.80 elapsed -- Max VSize = 38240KB, Max RSS = 4748KB
