statistics run
pnml2lts-seq spec/PNML/BridgeAndVehicles-V20-P20-N20-unfolded.pnml -rsc,bg,vgps,mm --regroup-exit --graph-metrics
ctit017
pnml2lts-seq: Loading model from spec/PNML/BridgeAndVehicles-V20-P20-N20-unfolded.pnml
pnml2lts-seq: Petri net has 78 places, 968 transitions and 7350 arcs
pnml2lts-seq: There are 0 safe places
pnml2lts-seq: Petri net spec/PNML/BridgeAndVehicles-V20-P20-N20-unfolded.pnml analyzed
pnml2lts-seq: Loading Petri net took 0.080 real 0.050 user 0.030 sys
pnml2lts-seq: Initializing regrouping layer
pnml2lts-seq: Regroup specification: sc,bg,vgps,mm
pnml2lts-seq: Regroup Select Combined matrix
pnml2lts-seq: Regroup Bipartite Graph
pnml2lts-seq: Regroup ViennaCL's Gibbs Poole Stockmeyer
pnml2lts-seq: bandwidth: 888
pnml2lts-seq: profile: 615292
pnml2lts-seq: span: 829752
pnml2lts-seq: average wavefront: 401.8948
pnml2lts-seq: RMS wavefront: 485.3052
pnml2lts-seq: Regroup Matrix Metrics
pnml2lts-seq: Regrouping: 968->968 groups
pnml2lts-seq: Regrouping took 0.100 real 0.100 user 0.000 sys
pnml2lts-seq: max token count: 20
Event Span: 56456
Normalized Event Span: 0.74772
Weighted Event Span, moment 1 (WES^1): 90817
Normalized Weighted Event Span, moment 1: 1.2028
Exit [0]
0.15 user, 0.04 system, 0.20 elapsed -- Max VSize = 58824KB, Max RSS = 20376KB
