statistics run
prom2lts-seq spec/Promela/needham.4.prom.spins -rsc,bg,vacm,mm --regroup-exit --graph-metrics
ctit015
prom2lts-seq: Precompiled SpinS module initialized
prom2lts-seq: Loading model from spec/Promela/needham.4.prom.spins
prom2lts-seq: Initializing regrouping layer
prom2lts-seq: Regroup specification: sc,bg,vacm,mm
prom2lts-seq: Regroup Select Combined matrix
prom2lts-seq: Regroup Bipartite Graph
prom2lts-seq: Regroup ViennaCL's Advanced Cuthill McKee
prom2lts-seq: bandwidth: 131
prom2lts-seq: profile: 14849
prom2lts-seq: span: 9743
prom2lts-seq: average wavefront: 60.659
prom2lts-seq: RMS wavefront: 71.926
prom2lts-seq: Regroup Matrix Metrics
prom2lts-seq: Regrouping: 172->172 groups
prom2lts-seq: Regrouping took 0.000 real 0.000 user 0.000 sys
Event Span: 2402
Normalized Event Span: 0.3879
Weighted Event Span, moment 1 (WES^1): 4463
Normalized Weighted Event Span, moment 1: 0.7207
Exit [0]
0.01 user, 0.01 system, 0.10 elapsed -- Max VSize = 4196KB, Max RSS = 84KB
