statistics run
pnml2lts-seq spec/PNML/BridgeAndVehicles-V50-P20-N10-unfolded.pnml -rsc,tg,bcm,mm --regroup-exit --graph-metrics
ctit040
pnml2lts-seq: Loading model from spec/PNML/BridgeAndVehicles-V50-P20-N10-unfolded.pnml
pnml2lts-seq: Petri net has 128 places, 1328 transitions and 10010 arcs
pnml2lts-seq: There are 0 safe places
pnml2lts-seq: Petri net spec/PNML/BridgeAndVehicles-V50-P20-N10-unfolded.pnml analyzed
pnml2lts-seq: Loading Petri net took 0.080 real 0.070 user 0.000 sys
pnml2lts-seq: Initializing regrouping layer
pnml2lts-seq: Regroup specification: sc,tg,bcm,mm
pnml2lts-seq: Regroup Select Combined matrix
pnml2lts-seq: Regroup Total graph
pnml2lts-seq: Regroup Boost's Cuthill McKee
pnml2lts-seq: bandwidth: 4795
pnml2lts-seq: profile: 27650324
pnml2lts-seq: span: 35692296
pnml2lts-seq: average wavefront: 1149.0789
pnml2lts-seq: RMS wavefront: 1285.5581
pnml2lts-seq: Regroup Matrix Metrics
pnml2lts-seq: Regrouping: 1328->1328 groups
pnml2lts-seq: Regrouping took 3.020 real 3.020 user 0.000 sys
pnml2lts-seq: max token count: 50
Event Span: 124617
Normalized Event Span: 0.73311
Weighted Event Span, moment 1 (WES^1): 224078
Normalized Weighted Event Span, moment 1: 1.31823
Exit [0]
3.10 user, 0.01 system, 3.20 elapsed -- Max VSize = 64244KB, Max RSS = 25864KB
