statistics run
pnml2lts-seq spec/PNML/rwmutex-r10w500.pnml -rsc,tg,bcm,mm --regroup-exit --graph-metrics
ctit041
pnml2lts-seq: Loading model from spec/PNML/rwmutex-r10w500.pnml
pnml2lts-seq: Petri net has 1030 places, 1020 transitions and 12060 arcs
pnml2lts-seq: There are 0 safe places
pnml2lts-seq: Petri net spec/PNML/rwmutex-r10w500.pnml analyzed
pnml2lts-seq: Loading Petri net took 0.130 real 0.110 user 0.020 sys
pnml2lts-seq: Initializing regrouping layer
pnml2lts-seq: Regroup specification: sc,tg,bcm,mm
pnml2lts-seq: Regroup Select Combined matrix
pnml2lts-seq: Regroup Total graph
pnml2lts-seq: Regroup Boost's Cuthill McKee
pnml2lts-seq: bandwidth: 12009
pnml2lts-seq: profile: 99401491
pnml2lts-seq: span: 111962923
pnml2lts-seq: average wavefront: 2212.6533
pnml2lts-seq: RMS wavefront: 2423.96181
pnml2lts-seq: Regroup Matrix Metrics
pnml2lts-seq: Regrouping: 1020->1020 groups
pnml2lts-seq: Regrouping took 14.360 real 14.320 user 0.000 sys
pnml2lts-seq: max token count: 1
Event Span: 529240
Normalized Event Span: 0.5037502
Weighted Event Span, moment 1 (WES^1): 707012.4
Normalized Weighted Event Span, moment 1: 0.6729606
Exit [0]
14.43 user, 0.03 system, 14.52 elapsed -- Max VSize = 62876KB, Max RSS = 24644KB
