statistics run
dve2lts-seq spec/DVE/anderson.4.dve -rsc,bg,bs,mm --regroup-exit --graph-metrics
ctit001
dve2lts-seq: Precompiled divine module initialized
dve2lts-seq: Loading model from spec/DVE/anderson.4.dve
dve2lts-seq: Initializing regrouping layer
dve2lts-seq: Regroup specification: sc,bg,bs,mm
dve2lts-seq: Regroup Select Combined matrix
dve2lts-seq: Regroup Bipartite Graph
dve2lts-seq: Regroup Boost's Sloan
dve2lts-seq: bandwidth: 20
dve2lts-seq: profile: 493
dve2lts-seq: span: 587
dve2lts-seq: average wavefront: 8.216
dve2lts-seq: RMS wavefront: 8.962
dve2lts-seq: Regroup Matrix Metrics
dve2lts-seq: Regrouping: 24->24 groups
dve2lts-seq: Regrouping took 0.000 real 0.000 user 0.000 sys
Event Span: 144
Normalized Event Span: 0.462
Weighted Event Span, moment 1 (WES^1): 224
Normalized Weighted Event Span, moment 1: 0.719
Exit [0]
0.31 user, 0.03 system, 0.40 elapsed -- Max VSize = 38240KB, Max RSS = 4748KB
