statistics run
pnml2lts-seq spec/PNML/raft_05.pnml -rsc,bn,mm --noack=2 --regroup-exit --graph-metrics
ctit015
pnml2lts-seq: Loading model from spec/PNML/raft_05.pnml
pnml2lts-seq: Petri net has 133 places, 238 transitions and 864 arcs
pnml2lts-seq: There are 133 safe places
pnml2lts-seq: Petri net spec/PNML/raft_05.pnml analyzed
pnml2lts-seq: Computing Noack2 order
pnml2lts-seq: Computing Noack2 order took 0.010 real 0.000 user 0.000 sys
pnml2lts-seq: Loading Petri net took 0.020 real 0.010 user 0.000 sys
pnml2lts-seq: Initializing regrouping layer
pnml2lts-seq: Got state vector permutation from language front-end; permuting columns
pnml2lts-seq: Regroup specification: sc,bn,mm
pnml2lts-seq: Regroup Select Combined matrix
pnml2lts-seq: Regroup Boost's None
pnml2lts-seq: bandwidth: 370
pnml2lts-seq: profile: 76640
pnml2lts-seq: span: 21394
pnml2lts-seq: average wavefront: 82.1105
pnml2lts-seq: RMS wavefront: 90.7088
pnml2lts-seq: Regroup Matrix Metrics
pnml2lts-seq: Regrouping: 238->238 groups
pnml2lts-seq: Regrouping took 0.000 real 0.010 user 0.000 sys
pnml2lts-seq: max token count: 1
Event Span: 8004
Normalized Event Span: 0.25286
Weighted Event Span, moment 1 (WES^1): 12435
Normalized Weighted Event Span, moment 1: 0.39283
Exit [0]
0.02 user, 0.00 system, 0.10 elapsed -- Max VSize = 4196KB, Max RSS = 88KB
