statistics run
lps2lts-seq --mcrl2-rewriter=jitty spec/mCRL2/dkr1.mcrl2.suminst.lps -rsc,tg,bs,mm --regroup-exit --graph-metrics
ctit022
lps2lts-seq: mCRL2 language module initialized
lps2lts-seq: Loading model from spec/mCRL2/dkr1.mcrl2.suminst.lps
lps2lts-seq: mCRL2 rewriter: jitty
lps2lts-seq: Initializing regrouping layer
lps2lts-seq: Regroup specification: sc,tg,bs,mm
lps2lts-seq: Regroup Select Combined matrix
lps2lts-seq: Regroup Total graph
lps2lts-seq: Regroup Boost's Sloan
lps2lts-seq: bandwidth: 743
lps2lts-seq: profile: 146196
lps2lts-seq: span: 154364
lps2lts-seq: average wavefront: 22.9391
lps2lts-seq: RMS wavefront: 23.4859
lps2lts-seq: Regroup Matrix Metrics
lps2lts-seq: Regrouping: 123->123 groups
lps2lts-seq: Regrouping took 0.070 real 0.060 user 0.000 sys
Event Span: 1239
Normalized Event Span: 0.438
Weighted Event Span, moment 1 (WES^1): 1808
Normalized Weighted Event Span, moment 1: 0.6392
Exit [0]
0.10 user, 0.00 system, 0.20 elapsed -- Max VSize = 66560KB, Max RSS = 13284KB
