statistics run
prom2lts-seq spec/Promela/sem-ch.pml.spins -rsc,bn,mm --regroup-exit --graph-metrics
ctit014
prom2lts-seq: Precompiled SpinS module initialized
prom2lts-seq: Loading model from spec/Promela/sem-ch.pml.spins
prom2lts-seq: Initializing regrouping layer
prom2lts-seq: Regroup specification: sc,bn,mm
prom2lts-seq: Regroup Select Combined matrix
prom2lts-seq: Regroup Boost's None
prom2lts-seq: bandwidth: 34
prom2lts-seq: profile: 656
prom2lts-seq: span: 232
prom2lts-seq: average wavefront: 5.571
prom2lts-seq: RMS wavefront: 5.887
prom2lts-seq: Regroup Matrix Metrics
prom2lts-seq: Regrouping: 22->22 groups
prom2lts-seq: Regrouping took 0.000 real 0.000 user 0.000 sys
Event Span: 150
Normalized Event Span: 0.524
Weighted Event Span, moment 1 (WES^1): 240
Normalized Weighted Event Span, moment 1: 0.838
Exit [0]
0.00 user, 0.01 system, 0.10 elapsed -- Max VSize = 4196KB, Max RSS = 88KB
