statistics run
dve2lts-seq spec/DVE/blocks.3.dve -rsc,tg,vacm,mm --regroup-exit --graph-metrics
ctit011
dve2lts-seq: Precompiled divine module initialized
dve2lts-seq: Loading model from spec/DVE/blocks.3.dve
dve2lts-seq: Initializing regrouping layer
dve2lts-seq: Regroup specification: sc,tg,vacm,mm
dve2lts-seq: Regroup Select Combined matrix
dve2lts-seq: Regroup Total graph
dve2lts-seq: Regroup ViennaCL's Advanced Cuthill McKee
dve2lts-seq: bandwidth: 223
dve2lts-seq: profile: 39800
dve2lts-seq: span: 51781
dve2lts-seq: average wavefront: 99.8922
dve2lts-seq: RMS wavefront: 115.657
dve2lts-seq: Regroup Matrix Metrics
dve2lts-seq: Regrouping: 26->26 groups
dve2lts-seq: Regrouping took 0.010 real 0.000 user 0.000 sys
Event Span: 422
Normalized Event Span: 0.902
Weighted Event Span, moment 1 (WES^1): 844
Normalized Weighted Event Span, moment 1: 1.8
Exit [0]
0.42 user, 0.04 system, 0.50 elapsed -- Max VSize = 38240KB, Max RSS = 4748KB
