statistics run
lps2lts-seq --mcrl2-rewriter=jitty spec/mCRL2/trains.mcrl2.suminst.lps -rsc,tg,vgps,mm --regroup-exit --graph-metrics
ctit027
lps2lts-seq: mCRL2 language module initialized
lps2lts-seq: Loading model from spec/mCRL2/trains.mcrl2.suminst.lps
lps2lts-seq: mCRL2 rewriter: jitty
lps2lts-seq: Initializing regrouping layer
lps2lts-seq: Regroup specification: sc,tg,vgps,mm
lps2lts-seq: Regroup Select Combined matrix
lps2lts-seq: Regroup Total graph
lps2lts-seq: Regroup ViennaCL's Gibbs Poole Stockmeyer
lps2lts-seq: bandwidth: 10
lps2lts-seq: profile: 350
lps2lts-seq: span: 511
lps2lts-seq: average wavefront: 7.175
lps2lts-seq: RMS wavefront: 7.831
lps2lts-seq: Regroup Matrix Metrics
lps2lts-seq: Regrouping: 13->13 groups
lps2lts-seq: Regrouping took 0.000 real 0.000 user 0.000 sys
Event Span: 29
Normalized Event Span: 0.45
Weighted Event Span, moment 1 (WES^1): 46
Normalized Weighted Event Span, moment 1: 0.71
Exit [0]
0.01 user, 0.01 system, 0.10 elapsed -- Max VSize = 4196KB, Max RSS = 88KB
