statistics run
pnml2lts-seq spec/PNML/rwmutex-r1000w10.pnml -rsc,bg,bk,mm --regroup-exit --graph-metrics
ctit026
pnml2lts-seq: Loading model from spec/PNML/rwmutex-r1000w10.pnml
pnml2lts-seq: Petri net has 3020 places, 2020 transitions and 26040 arcs
pnml2lts-seq: There are 0 safe places
pnml2lts-seq: Petri net spec/PNML/rwmutex-r1000w10.pnml analyzed
pnml2lts-seq: Loading Petri net took 0.350 real 0.320 user 0.020 sys
pnml2lts-seq: Initializing regrouping layer
pnml2lts-seq: Regroup specification: sc,bg,bk,mm
pnml2lts-seq: Regroup Select Combined matrix
pnml2lts-seq: Regroup Bipartite Graph
pnml2lts-seq: Regroup Boost's King
pnml2lts-seq: bandwidth: 2016
pnml2lts-seq: profile: 9547727
pnml2lts-seq: span: 9088719
pnml2lts-seq: average wavefront: 1098.2026
pnml2lts-seq: RMS wavefront: 1235.8689
pnml2lts-seq: Regroup Matrix Metrics
pnml2lts-seq: Regrouping: 2020->2020 groups
pnml2lts-seq: Regrouping took 0.860 real 0.860 user 0.000 sys
pnml2lts-seq: max token count: 1
Event Span: 3055186
Normalized Event Span: 0.5008173
Weighted Event Span, moment 1 (WES^1): 4297685
Normalized Weighted Event Span, moment 1: 0.7044924
Exit [0]
1.19 user, 0.04 system, 1.30 elapsed -- Max VSize = 88776KB, Max RSS = 50332KB
