statistics run
pnml2lts-seq spec/PNML/raft_07.pnml -rsc,tg,bcm,mm --regroup-exit --graph-metrics
ctit022
pnml2lts-seq: Loading model from spec/PNML/raft_07.pnml
pnml2lts-seq: Petri net has 253 places, 442 transitions and 1664 arcs
pnml2lts-seq: There are 253 safe places
pnml2lts-seq: Petri net spec/PNML/raft_07.pnml analyzed
pnml2lts-seq: Loading Petri net took 0.020 real 0.010 user 0.000 sys
pnml2lts-seq: Initializing regrouping layer
pnml2lts-seq: Regroup specification: sc,tg,bcm,mm
pnml2lts-seq: Regroup Select Combined matrix
pnml2lts-seq: Regroup Total graph
pnml2lts-seq: Regroup Boost's Cuthill McKee
pnml2lts-seq: bandwidth: 1112
pnml2lts-seq: profile: 1629595
pnml2lts-seq: span: 2074651
pnml2lts-seq: average wavefront: 395.4209
pnml2lts-seq: RMS wavefront: 457.6702
pnml2lts-seq: Regroup Matrix Metrics
pnml2lts-seq: Regrouping: 442->442 groups
pnml2lts-seq: Regrouping took 0.120 real 0.120 user 0.000 sys
pnml2lts-seq: max token count: 1
Event Span: 35576
Normalized Event Span: 0.318137
Weighted Event Span, moment 1 (WES^1): 49631.4
Normalized Weighted Event Span, moment 1: 0.443827
Exit [0]
0.14 user, 0.01 system, 0.20 elapsed -- Max VSize = 47096KB, Max RSS = 8676KB
