statistics run
pnml2lts-seq spec/PNML/lamport_fmea-6.pnml -rsc,bg,bs,mm --regroup-exit --graph-metrics
ctit009
pnml2lts-seq: Loading model from spec/PNML/lamport_fmea-6.pnml
pnml2lts-seq: Petri net has 217 places, 420 transitions and 1834 arcs
pnml2lts-seq: There are 0 safe places
pnml2lts-seq: Petri net spec/PNML/lamport_fmea-6.pnml analyzed
pnml2lts-seq: Loading Petri net took 0.020 real 0.010 user 0.000 sys
pnml2lts-seq: Initializing regrouping layer
pnml2lts-seq: Regroup specification: sc,bg,bs,mm
pnml2lts-seq: Regroup Select Combined matrix
pnml2lts-seq: Regroup Bipartite Graph
pnml2lts-seq: Regroup Boost's Sloan
pnml2lts-seq: bandwidth: 533
pnml2lts-seq: profile: 102028
pnml2lts-seq: span: 93001
pnml2lts-seq: average wavefront: 36.0597
pnml2lts-seq: RMS wavefront: 39.3384
pnml2lts-seq: Regroup Matrix Metrics
pnml2lts-seq: Regrouping: 420->420 groups
pnml2lts-seq: Regrouping took 0.030 real 0.040 user 0.000 sys
pnml2lts-seq: max token count: 1
Event Span: 20490
Normalized Event Span: 0.22482
Weighted Event Span, moment 1 (WES^1): 19090
Normalized Weighted Event Span, moment 1: 0.20946
Exit [0]
0.05 user, 0.00 system, 0.10 elapsed -- Max VSize = 4196KB, Max RSS = 88KB
