statistics run
pnml2lts-seq spec/PNML/PolyORB-LF-S06-J04-T08-unfolded.pnml -rsc,bg,vgps,mm --regroup-exit --graph-metrics
ctit014
pnml2lts-seq: Loading model from spec/PNML/PolyORB-LF-S06-J04-T08-unfolded.pnml
pnml2lts-seq: Petri net has 810 places, 14014 transitions and 118428 arcs
pnml2lts-seq: There are 0 safe places
pnml2lts-seq: Petri net spec/PNML/PolyORB-LF-S06-J04-T08-unfolded.pnml analyzed
pnml2lts-seq: Loading Petri net took 1.900 real 1.740 user 0.140 sys
pnml2lts-seq: Initializing regrouping layer
pnml2lts-seq: Regroup specification: sc,bg,vgps,mm
pnml2lts-seq: Regroup Select Combined matrix
pnml2lts-seq: Regroup Bipartite Graph
pnml2lts-seq: Regroup ViennaCL's Gibbs Poole Stockmeyer
pnml2lts-seq: bandwidth: 12812
pnml2lts-seq: profile: 126919486
pnml2lts-seq: span: 169527938
pnml2lts-seq: average wavefront: 5686.81874
pnml2lts-seq: RMS wavefront: 6974.165
pnml2lts-seq: Regroup Matrix Metrics
pnml2lts-seq: Regrouping: 14014->14014 groups
pnml2lts-seq: Regrouping took 253.580 real 252.300 user 0.130 sys
pnml2lts-seq: max token count: 10
Event Span: 3107369
Normalized Event Span: 0.27374469
Weighted Event Span, moment 1 (WES^1): 4041467.2
Normalized Weighted Event Span, moment 1: 0.35603437
Exit [0]
254.05 user, 0.31 system, 255.61 elapsed -- Max VSize = 318364KB, Max RSS = 280220KB
