statistics run
pnml2lts-seq spec/PNML/raft_02.pnml -rsc,bn,mm --regroup-exit --graph-metrics
ctit026
pnml2lts-seq: Loading model from spec/PNML/raft_02.pnml
pnml2lts-seq: Petri net has 28 places, 52 transitions and 159 arcs
pnml2lts-seq: There are 28 safe places
pnml2lts-seq: Petri net spec/PNML/raft_02.pnml analyzed
pnml2lts-seq: Loading Petri net took 0.000 real 0.000 user 0.010 sys
pnml2lts-seq: Initializing regrouping layer
pnml2lts-seq: Regroup specification: sc,bn,mm
pnml2lts-seq: Regroup Select Combined matrix
pnml2lts-seq: Regroup Boost's None
pnml2lts-seq: bandwidth: 79
pnml2lts-seq: profile: 3888
pnml2lts-seq: span: 1125
pnml2lts-seq: average wavefront: 18.39
pnml2lts-seq: RMS wavefront: 19.9
pnml2lts-seq: Regroup Matrix Metrics
pnml2lts-seq: Regrouping: 52->52 groups
pnml2lts-seq: Regrouping took 0.000 real 0.000 user 0.000 sys
pnml2lts-seq: max token count: 1
Event Span: 392
Normalized Event Span: 0.2692
Weighted Event Span, moment 1 (WES^1): 543.1
Normalized Weighted Event Span, moment 1: 0.373
Exit [0]
0.00 user, 0.01 system, 0.10 elapsed -- Max VSize = 4196KB, Max RSS = 88KB
