statistics run
dve2lts-seq spec/DVE/exit.1.dve -rsc,tg,bs,mm --regroup-exit --graph-metrics
ctit019
dve2lts-seq: Precompiled divine module initialized
dve2lts-seq: Loading model from spec/DVE/exit.1.dve
dve2lts-seq: Initializing regrouping layer
dve2lts-seq: Regroup specification: sc,tg,bs,mm
dve2lts-seq: Regroup Select Combined matrix
dve2lts-seq: Regroup Total graph
dve2lts-seq: Regroup Boost's Sloan
dve2lts-seq: bandwidth: 219
dve2lts-seq: profile: 20527
dve2lts-seq: span: 22798
dve2lts-seq: average wavefront: 15.739
dve2lts-seq: RMS wavefront: 17.336
dve2lts-seq: Regroup Matrix Metrics
dve2lts-seq: Regrouping: 45->45 groups
dve2lts-seq: Regrouping took 0.010 real 0.000 user 0.000 sys
Event Span: 422
Normalized Event Span: 0.3607
Weighted Event Span, moment 1 (WES^1): 557.2
Normalized Weighted Event Span, moment 1: 0.4763
Exit [0]
0.64 user, 0.06 system, 0.80 elapsed -- Max VSize = 40916KB, Max RSS = 5596KB
