statistics run
pnml2lts-seq spec/PNML/SwimmingPool-3.pnml -rsc,tg,bcm,mm --regroup-exit --graph-metrics
ctit004
pnml2lts-seq: Loading model from spec/PNML/SwimmingPool-3.pnml
pnml2lts-seq: Petri net has 9 places, 7 transitions and 20 arcs
pnml2lts-seq: There are 0 safe places
pnml2lts-seq: Petri net spec/PNML/SwimmingPool-3.pnml analyzed
pnml2lts-seq: Loading Petri net took 0.000 real 0.000 user 0.000 sys
pnml2lts-seq: Initializing regrouping layer
pnml2lts-seq: Regroup specification: sc,tg,bcm,mm
pnml2lts-seq: Regroup Select Combined matrix
pnml2lts-seq: Regroup Total graph
pnml2lts-seq: Regroup Boost's Cuthill McKee
pnml2lts-seq: bandwidth: 15
pnml2lts-seq: profile: 440
pnml2lts-seq: span: 616
pnml2lts-seq: average wavefront: 8.472
pnml2lts-seq: RMS wavefront: 8.986
pnml2lts-seq: Regroup Matrix Metrics
pnml2lts-seq: Regrouping: 7->7 groups
pnml2lts-seq: Regrouping took 0.000 real 0.000 user 0.000 sys
pnml2lts-seq: max token count: 60
Event Span: 40
Normalized Event Span: 0.63
Weighted Event Span, moment 1 (WES^1): 64
Normalized Weighted Event Span, moment 1: 1
Exit [0]
0.01 user, 0.00 system, 0.10 elapsed -- Max VSize = 4192KB, Max RSS = 76KB
