statistics run
pnml2lts-seq spec/PNML/echo-d2r19.pnml -rsc,bn,mm --noack=1 --regroup-exit --graph-metrics
ctit006
pnml2lts-seq: Loading model from spec/PNML/echo-d2r19.pnml
pnml2lts-seq: Petri net has 3455 places, 2730 transitions and 15940 arcs
pnml2lts-seq: There are 0 safe places
pnml2lts-seq: Petri net spec/PNML/echo-d2r19.pnml analyzed
pnml2lts-seq: Computing Noack1 order
pnml2lts-seq: Computing Noack1 order took 1.220 real 1.220 user 0.000 sys
pnml2lts-seq: Loading Petri net took 1.570 real 1.530 user 0.020 sys
pnml2lts-seq: Initializing regrouping layer
pnml2lts-seq: Got state vector permutation from language front-end; permuting columns
pnml2lts-seq: Regroup specification: sc,bn,mm
pnml2lts-seq: Regroup Select Combined matrix
pnml2lts-seq: Regroup Boost's None
pnml2lts-seq: bandwidth: 6108
pnml2lts-seq: profile: 21876655
pnml2lts-seq: span: 5094234
pnml2lts-seq: average wavefront: 2056.3866
pnml2lts-seq: RMS wavefront: 2321.8285
pnml2lts-seq: Regroup Matrix Metrics
pnml2lts-seq: Regrouping: 2730->2730 groups
pnml2lts-seq: Regrouping took 1.630 real 1.600 user 0.030 sys
pnml2lts-seq: max token count: 1
Event Span: 948128
Normalized Event Span: 0.1005209
Weighted Event Span, moment 1 (WES^1): 1237659
Normalized Weighted Event Span, moment 1: 0.1312171
Exit [0]
3.14 user, 0.06 system, 3.30 elapsed -- Max VSize = 100888KB, Max RSS = 62672KB
