statistics run
prob2lts-seq --zocket-prefix=/tmp/ltsmin-126- --no-close spec/B/EchoAlg.mch -rsc,bg,bcm,mm --regroup-exit --graph-metrics
ctit010
prob2lts-seq: ProB module initialized
prob2lts-seq: Loading model from /tmp/ltsmin-128.probz
prob2lts-seq: ProB init
prob2lts-seq: connecting to zocket ipc:///tmp/ltsmin-128.probz

Starting LTSMin Server...
pl_init_for_lts_min
prob2lts-seq: Initializing regrouping layer
prob2lts-seq: Regroup specification: sc,bg,bcm,mm
prob2lts-seq: Regroup Select Combined matrix
prob2lts-seq: Regroup Bipartite Graph
prob2lts-seq: Regroup Boost's Cuthill McKee
prob2lts-seq: bandwidth: 8
prob2lts-seq: profile: 109
prob2lts-seq: span: 136
prob2lts-seq: average wavefront: 5.5
prob2lts-seq: RMS wavefront: 6.03
prob2lts-seq: Regroup Matrix Metrics
prob2lts-seq: Regrouping: 5->5 groups
prob2lts-seq: Regrouping took 0.000 real 0.000 user 0.000 sys
Event Span: 34
Normalized Event Span: 0.76
Weighted Event Span, moment 1 (WES^1): 64
Normalized Weighted Event Span, moment 1: 1.4
Exit [0]
0.01 user, 0.01 system, 0.10 elapsed -- Max VSize = 4196KB, Max RSS = 88KB
command-128: line 10: 21481 Killed                  probcli spec/B/EchoAlg.mch -ltsmin2 /tmp/ltsmin-128.probz
