statistics run
pnml2lts-seq spec/PNML/QCertifProtocol_10-unfold.pnml -rsc,bg,vgps,mm --regroup-exit --graph-metrics
ctit011
pnml2lts-seq: Loading model from spec/PNML/QCertifProtocol_10-unfold.pnml
pnml2lts-seq: Petri net has 550 places, 176 transitions and 1287 arcs
pnml2lts-seq: There are 0 safe places
pnml2lts-seq: Petri net spec/PNML/QCertifProtocol_10-unfold.pnml analyzed
pnml2lts-seq: Loading Petri net took 0.020 real 0.030 user 0.000 sys
pnml2lts-seq: Initializing regrouping layer
pnml2lts-seq: Regroup specification: sc,bg,vgps,mm
pnml2lts-seq: Regroup Select Combined matrix
pnml2lts-seq: Regroup Bipartite Graph
pnml2lts-seq: Regroup ViennaCL's Gibbs Poole Stockmeyer
pnml2lts-seq: bandwidth: 178
pnml2lts-seq: profile: 75626
pnml2lts-seq: span: 75550
pnml2lts-seq: average wavefront: 56.1143
pnml2lts-seq: RMS wavefront: 69.5642
pnml2lts-seq: Regroup Matrix Metrics
pnml2lts-seq: Regrouping: 176->176 groups
pnml2lts-seq: Regrouping took 0.040 real 0.030 user 0.000 sys
pnml2lts-seq: max token count: 6
Event Span: 22071
Normalized Event Span: 0.22801
Weighted Event Span, moment 1 (WES^1): 26268
Normalized Weighted Event Span, moment 1: 0.27136
Exit [0]
0.07 user, 0.00 system, 0.10 elapsed -- Max VSize = 4192KB, Max RSS = 76KB
