statistics run
dve2lts-seq spec/DVE/telephony.8.dve -rsc,bg,bk,mm --regroup-exit --graph-metrics
ctit019
dve2lts-seq: Precompiled divine module initialized
dve2lts-seq: Loading model from spec/DVE/telephony.8.dve
dve2lts-seq: Initializing regrouping layer
dve2lts-seq: Regroup specification: sc,bg,bk,mm
dve2lts-seq: Regroup Select Combined matrix
dve2lts-seq: Regroup Bipartite Graph
dve2lts-seq: Regroup Boost's King
dve2lts-seq: bandwidth: 80
dve2lts-seq: profile: 7596
dve2lts-seq: span: 9772
dve2lts-seq: average wavefront: 29.475
dve2lts-seq: RMS wavefront: 37.419
dve2lts-seq: Regroup Matrix Metrics
dve2lts-seq: Regrouping: 132->132 groups
dve2lts-seq: Regrouping took 0.000 real 0.000 user 0.000 sys
Event Span: 1455
Normalized Event Span: 0.3937
Weighted Event Span, moment 1 (WES^1): 2039
Normalized Weighted Event Span, moment 1: 0.5517
Exit [0]
2.02 user, 0.12 system, 2.20 elapsed -- Max VSize = 38240KB, Max RSS = 4748KB
