statistics run
dve2lts-seq spec/DVE/sokoban.2.dve -rsc,tg,bs,mm --regroup-exit --graph-metrics
ctit014
dve2lts-seq: Precompiled divine module initialized
dve2lts-seq: Loading model from spec/DVE/sokoban.2.dve
dve2lts-seq: Initializing regrouping layer
dve2lts-seq: Regroup specification: sc,tg,bs,mm
dve2lts-seq: Regroup Select Combined matrix
dve2lts-seq: Regroup Total graph
dve2lts-seq: Regroup Boost's Sloan
dve2lts-seq: bandwidth: 587
dve2lts-seq: profile: 175677
dve2lts-seq: span: 181499
dve2lts-seq: average wavefront: 20.7534
dve2lts-seq: RMS wavefront: 21.1623
dve2lts-seq: Regroup Matrix Metrics
dve2lts-seq: Regrouping: 9->9 groups
dve2lts-seq: Regrouping took 0.030 real 0.030 user 0.000 sys
Event Span: 558
Normalized Event Span: 0.969
Weighted Event Span, moment 1 (WES^1): 1.12e+03
Normalized Weighted Event Span, moment 1: 1.94
Exit [0]
0.34 user, 0.05 system, 0.40 elapsed -- Max VSize = 38240KB, Max RSS = 4748KB
