statistics run
pnml2lts-seq spec/PNML/RAS-C-100.pnml -rsc,bg,vcm,mm --regroup-exit --graph-metrics
ctit014
pnml2lts-seq: Loading model from spec/PNML/RAS-C-100.pnml
pnml2lts-seq: Petri net has 600 places, 400 transitions and 1794 arcs
pnml2lts-seq: There are 0 safe places
pnml2lts-seq: Petri net spec/PNML/RAS-C-100.pnml analyzed
pnml2lts-seq: Loading Petri net took 0.070 real 0.050 user 0.010 sys
pnml2lts-seq: Initializing regrouping layer
pnml2lts-seq: Regroup specification: sc,bg,vcm,mm
pnml2lts-seq: Regroup Select Combined matrix
pnml2lts-seq: Regroup Bipartite Graph
pnml2lts-seq: Regroup ViennaCL's Cuthill McKee
pnml2lts-seq: bandwidth: 10
pnml2lts-seq: profile: 6847
pnml2lts-seq: span: 9028
pnml2lts-seq: average wavefront: 6.322
pnml2lts-seq: RMS wavefront: 6.40359
pnml2lts-seq: Regroup Matrix Metrics
pnml2lts-seq: Regrouping: 400->400 groups
pnml2lts-seq: Regrouping took 0.030 real 0.030 user 0.000 sys
pnml2lts-seq: max token count: 1
Event Span: 3182
Normalized Event Span: 0.0132583
Weighted Event Span, moment 1 (WES^1): 3233.61
Normalized Weighted Event Span, moment 1: 0.0134734
Exit [0]
0.09 user, 0.02 system, 0.20 elapsed -- Max VSize = 56608KB, Max RSS = 18144KB
