statistics run
pnml2lts-seq spec/PNML/lamport_fmea-7.pnml -rsc,tg,vgps,mm --regroup-exit --graph-metrics
ctit022
pnml2lts-seq: Loading model from spec/PNML/lamport_fmea-7.pnml
pnml2lts-seq: Petri net has 264 places, 536 transitions and 2352 arcs
pnml2lts-seq: There are 0 safe places
pnml2lts-seq: Petri net spec/PNML/lamport_fmea-7.pnml analyzed
pnml2lts-seq: Loading Petri net took 0.030 real 0.020 user 0.000 sys
pnml2lts-seq: Initializing regrouping layer
pnml2lts-seq: Regroup specification: sc,tg,vgps,mm
pnml2lts-seq: Regroup Select Combined matrix
pnml2lts-seq: Regroup Total graph
pnml2lts-seq: Regroup ViennaCL's Gibbs Poole Stockmeyer
pnml2lts-seq: bandwidth: 1039
pnml2lts-seq: profile: 1684003
pnml2lts-seq: span: 2410675
pnml2lts-seq: average wavefront: 524.0889
pnml2lts-seq: RMS wavefront: 582.247
pnml2lts-seq: Regroup Matrix Metrics
pnml2lts-seq: Regrouping: 536->536 groups
pnml2lts-seq: Regrouping took 0.320 real 0.320 user 0.000 sys
pnml2lts-seq: max token count: 1
Event Span: 38718
Normalized Event Span: 0.273618
Weighted Event Span, moment 1 (WES^1): 65826
Normalized Weighted Event Span, moment 1: 0.465188
Exit [0]
0.34 user, 0.01 system, 0.40 elapsed -- Max VSize = 48664KB, Max RSS = 10216KB
