statistics run
dve2lts-seq spec/DVE/public_subscribe.5.dve -rsc,bg,vgps,mm --regroup-exit --graph-metrics
ctit011
dve2lts-seq: Precompiled divine module initialized
dve2lts-seq: Loading model from spec/DVE/public_subscribe.5.dve
dve2lts-seq: Initializing regrouping layer
dve2lts-seq: Regroup specification: sc,bg,vgps,mm
dve2lts-seq: Regroup Select Combined matrix
dve2lts-seq: Regroup Bipartite Graph
dve2lts-seq: Regroup ViennaCL's Gibbs Poole Stockmeyer
dve2lts-seq: bandwidth: 79
dve2lts-seq: profile: 10426
dve2lts-seq: span: 12346
dve2lts-seq: average wavefront: 27.575
dve2lts-seq: RMS wavefront: 36.731
dve2lts-seq: Regroup Matrix Metrics
dve2lts-seq: Regrouping: 185->185 groups
dve2lts-seq: Regrouping took 0.000 real 0.000 user 0.000 sys
Event Span: 1602
Normalized Event Span: 0.2405
Weighted Event Span, moment 1 (WES^1): 1937
Normalized Weighted Event Span, moment 1: 0.2909
Exit [0]
2.37 user, 0.12 system, 2.50 elapsed -- Max VSize = 38240KB, Max RSS = 4752KB
