statistics run
dve2lts-seq spec/DVE/sorter.4.dve -rsc,tg,bk,mm --regroup-exit --graph-metrics
ctit015
dve2lts-seq: Precompiled divine module initialized
dve2lts-seq: Loading model from spec/DVE/sorter.4.dve
dve2lts-seq: Initializing regrouping layer
dve2lts-seq: Regroup specification: sc,tg,bk,mm
dve2lts-seq: Regroup Select Combined matrix
dve2lts-seq: Regroup Total graph
dve2lts-seq: Regroup Boost's King
dve2lts-seq: bandwidth: 232
dve2lts-seq: profile: 57975
dve2lts-seq: span: 71094
dve2lts-seq: average wavefront: 76.8147
dve2lts-seq: RMS wavefront: 83.642
dve2lts-seq: Regroup Matrix Metrics
dve2lts-seq: Regrouping: 58->58 groups
dve2lts-seq: Regrouping took 0.000 real 0.000 user 0.000 sys
Event Span: 994
Normalized Event Span: 0.6592
Weighted Event Span, moment 1 (WES^1): 1654
Normalized Weighted Event Span, moment 1: 1.097
Exit [0]
0.83 user, 0.07 system, 1.00 elapsed -- Max VSize = 38604KB, Max RSS = 5480KB
