statistics run
pnml2lts-seq spec/PNML/parking_2_8.pnml -rsc,tg,vgps,mm --regroup-exit --graph-metrics
ctit032
pnml2lts-seq: Loading model from spec/PNML/parking_2_8.pnml
pnml2lts-seq: Petri net has 137 places, 201 transitions and 593 arcs
pnml2lts-seq: There are 137 safe places
pnml2lts-seq: Petri net spec/PNML/parking_2_8.pnml analyzed
pnml2lts-seq: Loading Petri net took 0.000 real 0.000 user 0.000 sys
pnml2lts-seq: Initializing regrouping layer
pnml2lts-seq: Regroup specification: sc,tg,vgps,mm
pnml2lts-seq: Regroup Select Combined matrix
pnml2lts-seq: Regroup Total graph
pnml2lts-seq: Regroup ViennaCL's Gibbs Poole Stockmeyer
pnml2lts-seq: bandwidth: 340
pnml2lts-seq: profile: 190441
pnml2lts-seq: span: 265766
pnml2lts-seq: average wavefront: 174.029
pnml2lts-seq: RMS wavefront: 201.526
pnml2lts-seq: Regroup Matrix Metrics
pnml2lts-seq: Regrouping: 201->201 groups
pnml2lts-seq: Regrouping took 0.040 real 0.040 user 0.000 sys
pnml2lts-seq: max token count: 1
Event Span: 7916
Normalized Event Span: 0.28747
Weighted Event Span, moment 1 (WES^1): 11224
Normalized Weighted Event Span, moment 1: 0.4076
Exit [0]
0.04 user, 0.01 system, 0.10 elapsed -- Max VSize = 4196KB, Max RSS = 84KB
