statistics run
prob2lts-seq --zocket-prefix=/tmp/ltsmin-476- --no-close spec/B/Train1_Lukas_POR.mch -rsc,tg,bcm,mm --regroup-exit --graph-metrics
ctit028
prob2lts-seq: ProB module initialized
prob2lts-seq: Loading model from /tmp/ltsmin-484.probz
prob2lts-seq: ProB init
prob2lts-seq: connecting to zocket ipc:///tmp/ltsmin-484.probz
% set_pref(MAX_INITIALISATIONS,maxNrOfInitialisations,99)
% set_pref(MAX_OPERATIONS,maxNrOfEnablingsPerOperation,99)
% unused_constants([lst])

Starting LTSMin Server...
pl_init_for_lts_min
prob2lts-seq: Initializing regrouping layer
prob2lts-seq: Regroup specification: sc,tg,bcm,mm
prob2lts-seq: Regroup Select Combined matrix
prob2lts-seq: Regroup Total graph
prob2lts-seq: Regroup Boost's Cuthill McKee
prob2lts-seq: bandwidth: 50
prob2lts-seq: profile: 2970
prob2lts-seq: span: 3901
prob2lts-seq: average wavefront: 20.64
prob2lts-seq: RMS wavefront: 22.72
prob2lts-seq: Regroup Matrix Metrics
prob2lts-seq: Regrouping: 9->9 groups
prob2lts-seq: Regrouping took 0.000 real 0.000 user 0.000 sys
Event Span: 79
Normalized Event Span: 0.731
Weighted Event Span, moment 1 (WES^1): 140
Normalized Weighted Event Span, moment 1: 1.3
Exit [0]
0.01 user, 0.00 system, 0.10 elapsed -- Max VSize = 4192KB, Max RSS = 80KB
command-484: line 10: 58557 Killed                  probcli spec/B/Train1_Lukas_POR.mch -ltsmin2 /tmp/ltsmin-484.probz
