statistics run
pnml2lts-seq spec/PNML/soli0_counter_square5.pnml -rsc,tg,vgps,mm --regroup-exit --graph-metrics
ctit010
pnml2lts-seq: Loading model from spec/PNML/soli0_counter_square5.pnml
pnml2lts-seq: Petri net has 51 places, 84 transitions and 540 arcs
pnml2lts-seq: There are 0 safe places
pnml2lts-seq: Petri net spec/PNML/soli0_counter_square5.pnml analyzed
pnml2lts-seq: Loading Petri net took 0.020 real 0.000 user 0.000 sys
pnml2lts-seq: Initializing regrouping layer
pnml2lts-seq: Regroup specification: sc,tg,vgps,mm
pnml2lts-seq: Regroup Select Combined matrix
pnml2lts-seq: Regroup Total graph
pnml2lts-seq: Regroup ViennaCL's Gibbs Poole Stockmeyer
pnml2lts-seq: bandwidth: 227
pnml2lts-seq: profile: 118782
pnml2lts-seq: span: 172982
pnml2lts-seq: average wavefront: 108.618
pnml2lts-seq: RMS wavefront: 122.494
pnml2lts-seq: Regroup Matrix Metrics
pnml2lts-seq: Regrouping: 84->84 groups
pnml2lts-seq: Regrouping took 0.040 real 0.030 user 0.000 sys
pnml2lts-seq: max token count: 24
Event Span: 2594
Normalized Event Span: 0.6055
Weighted Event Span, moment 1 (WES^1): 4252
Normalized Weighted Event Span, moment 1: 0.9925
Exit [0]
0.04 user, 0.01 system, 0.10 elapsed -- Max VSize = 4196KB, Max RSS = 88KB
