performance run
prob2lts-seq --zocket-prefix=/tmp/ltsmin-116096- --no-close spec/B/nota.mch -rsc,bg,bk --regroup-exit
ctit044
prob2lts-seq: ProB module initialized
prob2lts-seq: Loading model from /tmp/ltsmin-116098.probz
prob2lts-seq: ProB init
prob2lts-seq: connecting to zocket ipc:///tmp/ltsmin-116098.probz
% set_pref(DEFAULT_SETSIZE,globalsets_fdrange,2)
% set_pref(MAX_OPERATIONS,maxNrOfEnablingsPerOperation,30)

Starting LTSMin Server...
pl_init_for_lts_min
prob2lts-seq: Initializing regrouping layer
prob2lts-seq: Regroup specification: sc,bg,bk
prob2lts-seq: Regroup Select Combined matrix
prob2lts-seq: Regroup Bipartite Graph
prob2lts-seq: Regroup Boost's King
prob2lts-seq: Regrouping: 12->12 groups
prob2lts-seq: Regrouping took 0.000 real 0.000 user 0.000 sys
Exit [0]
0.01 user, 0.00 system, 0.10 elapsed -- Max VSize = 4196KB, Max RSS = 88KB
command-116098: line 10: 56877 Killed                  probcli spec/B/nota.mch -ltsmin2 /tmp/ltsmin-116098.probz
