statistics run
prob2lts-seq --zocket-prefix=/tmp/ltsmin-140- --no-close spec/B/EnumSetLookups.mch -rsc,tg,vacm,mm --regroup-exit --graph-metrics
ctit011
prob2lts-seq: ProB module initialized
prob2lts-seq: Loading model from /tmp/ltsmin-152.probz
prob2lts-seq: ProB init
prob2lts-seq: connecting to zocket ipc:///tmp/ltsmin-152.probz
% set_pref(MAX_INITIALISATIONS,maxNrOfInitialisations,10)

Starting LTSMin Server...
pl_init_for_lts_min
prob2lts-seq: Initializing regrouping layer
prob2lts-seq: Regroup specification: sc,tg,vacm,mm
prob2lts-seq: Regroup Select Combined matrix
prob2lts-seq: Regroup Total graph
prob2lts-seq: Regroup ViennaCL's Advanced Cuthill McKee
prob2lts-seq: bandwidth: 10
prob2lts-seq: profile: 175
prob2lts-seq: span: 233
prob2lts-seq: average wavefront: 6.85
prob2lts-seq: RMS wavefront: 7.45
prob2lts-seq: Regroup Matrix Metrics
prob2lts-seq: Regrouping: 4->4 groups
prob2lts-seq: Regrouping took 0.000 real 0.000 user 0.000 sys
Event Span: 14
Normalized Event Span: 0.7
Weighted Event Span, moment 1 (WES^1): 25
Normalized Weighted Event Span, moment 1: 1.3
Exit [0]
0.00 user, 0.01 system, 0.10 elapsed -- Max VSize = 4196KB, Max RSS = 88KB
command-152: line 10: 16791 Killed                  probcli spec/B/EnumSetLookups.mch -ltsmin2 /tmp/ltsmin-152.probz
