statistics run
dve2lts-seq spec/DVE/synapse.2.dve -rsc,bg,vgps,mm --regroup-exit --graph-metrics
ctit011
dve2lts-seq: Precompiled divine module initialized
dve2lts-seq: Loading model from spec/DVE/synapse.2.dve
dve2lts-seq: Initializing regrouping layer
dve2lts-seq: Regroup specification: sc,bg,vgps,mm
dve2lts-seq: Regroup Select Combined matrix
dve2lts-seq: Regroup Bipartite Graph
dve2lts-seq: Regroup ViennaCL's Gibbs Poole Stockmeyer
dve2lts-seq: bandwidth: 75
dve2lts-seq: profile: 9675
dve2lts-seq: span: 13300
dve2lts-seq: average wavefront: 40.918
dve2lts-seq: RMS wavefront: 46.221
dve2lts-seq: Regroup Matrix Metrics
dve2lts-seq: Regrouping: 149->149 groups
dve2lts-seq: Regrouping took 0.000 real 0.000 user 0.000 sys
Event Span: 1682
Normalized Event Span: 0.5131
Weighted Event Span, moment 1 (WES^1): 2732
Normalized Weighted Event Span, moment 1: 0.8335
Exit [0]
3.07 user, 0.10 system, 3.20 elapsed -- Max VSize = 38240KB, Max RSS = 4748KB
