statistics run
pnml2lts-seq spec/PNML/raft_04.pnml -rsc,bg,vacm,mm --regroup-exit --graph-metrics
ctit034
pnml2lts-seq: Loading model from spec/PNML/raft_04.pnml
pnml2lts-seq: Petri net has 88 places, 160 transitions and 563 arcs
pnml2lts-seq: There are 88 safe places
pnml2lts-seq: Petri net spec/PNML/raft_04.pnml analyzed
pnml2lts-seq: Loading Petri net took 0.010 real 0.010 user 0.000 sys
pnml2lts-seq: Initializing regrouping layer
pnml2lts-seq: Regroup specification: sc,bg,vacm,mm
pnml2lts-seq: Regroup Select Combined matrix
pnml2lts-seq: Regroup Bipartite Graph
pnml2lts-seq: Regroup ViennaCL's Advanced Cuthill McKee
pnml2lts-seq: bandwidth: 118
pnml2lts-seq: profile: 17889
pnml2lts-seq: span: 21039
pnml2lts-seq: average wavefront: 60.238
pnml2lts-seq: RMS wavefront: 66.966
pnml2lts-seq: Regroup Matrix Metrics
pnml2lts-seq: Regrouping: 160->160 groups
pnml2lts-seq: Regrouping took 0.010 real 0.010 user 0.000 sys
pnml2lts-seq: max token count: 1
Event Span: 4018
Normalized Event Span: 0.28537
Weighted Event Span, moment 1 (WES^1): 5636.1
Normalized Weighted Event Span, moment 1: 0.40029
Exit [0]
0.02 user, 0.00 system, 0.10 elapsed -- Max VSize = 4196KB, Max RSS = 88KB
