statistics run
prom2lts-seq spec/Promela/rether.3.prom.spins -rsc,bg,vcm,mm --regroup-exit --graph-metrics
ctit016
prom2lts-seq: Precompiled SpinS module initialized
prom2lts-seq: Loading model from spec/Promela/rether.3.prom.spins
prom2lts-seq: Initializing regrouping layer
prom2lts-seq: Regroup specification: sc,bg,vcm,mm
prom2lts-seq: Regroup Select Combined matrix
prom2lts-seq: Regroup Bipartite Graph
prom2lts-seq: Regroup ViennaCL's Cuthill McKee
prom2lts-seq: bandwidth: 193
prom2lts-seq: profile: 15083
prom2lts-seq: span: 16051
prom2lts-seq: average wavefront: 48.039
prom2lts-seq: RMS wavefront: 56.616
prom2lts-seq: Regroup Matrix Metrics
prom2lts-seq: Regrouping: 160->160 groups
prom2lts-seq: Regrouping took 0.000 real 0.000 user 0.000 sys
Event Span: 3134
Normalized Event Span: 0.4353
Weighted Event Span, moment 1 (WES^1): 4627
Normalized Weighted Event Span, moment 1: 0.6426
Exit [0]
0.01 user, 0.01 system, 0.10 elapsed -- Max VSize = 4196KB, Max RSS = 84KB
