statistics run
dve2lts-seq spec/DVE/cyclic_scheduler.3.dve -rsc,tg,bs,mm --regroup-exit --graph-metrics
ctit017
dve2lts-seq: Precompiled divine module initialized
dve2lts-seq: Loading model from spec/DVE/cyclic_scheduler.3.dve
dve2lts-seq: Initializing regrouping layer
dve2lts-seq: Regroup specification: sc,tg,bs,mm
dve2lts-seq: Regroup Select Combined matrix
dve2lts-seq: Regroup Total graph
dve2lts-seq: Regroup Boost's Sloan
dve2lts-seq: bandwidth: 54
dve2lts-seq: profile: 7769
dve2lts-seq: span: 10028
dve2lts-seq: average wavefront: 11.3634
dve2lts-seq: RMS wavefront: 11.6095
dve2lts-seq: Regroup Matrix Metrics
dve2lts-seq: Regrouping: 78->78 groups
dve2lts-seq: Regrouping took 0.010 real 0.010 user 0.000 sys
Event Span: 400
Normalized Event Span: 0.09862
Weighted Event Span, moment 1 (WES^1): 443.5
Normalized Weighted Event Span, moment 1: 0.1094
Exit [0]
1.13 user, 0.07 system, 1.30 elapsed -- Max VSize = 41520KB, Max RSS = 6112KB
