statistics run
dve2lts-seq spec/DVE/synapse.4.dve -rsc,bg,bk,mm --regroup-exit --graph-metrics
ctit012
dve2lts-seq: Precompiled divine module initialized
dve2lts-seq: Loading model from spec/DVE/synapse.4.dve
dve2lts-seq: Initializing regrouping layer
dve2lts-seq: Regroup specification: sc,bg,bk,mm
dve2lts-seq: Regroup Select Combined matrix
dve2lts-seq: Regroup Bipartite Graph
dve2lts-seq: Regroup Boost's King
dve2lts-seq: bandwidth: 142
dve2lts-seq: profile: 19523
dve2lts-seq: span: 23886
dve2lts-seq: average wavefront: 58.019
dve2lts-seq: RMS wavefront: 73.297
dve2lts-seq: Regroup Matrix Metrics
dve2lts-seq: Regrouping: 185->185 groups
dve2lts-seq: Regrouping took 0.000 real 0.000 user 0.000 sys
Event Span: 2244
Normalized Event Span: 0.5514
Weighted Event Span, moment 1 (WES^1): 3358
Normalized Weighted Event Span, moment 1: 0.8252
Exit [0]
4.02 user, 0.18 system, 4.31 elapsed -- Max VSize = 38240KB, Max RSS = 4748KB
