statistics run
dve2lts-seq spec/DVE/cambridge.2.dve -rsc,bg,vgps,mm --regroup-exit --graph-metrics
ctit010
dve2lts-seq: Precompiled divine module initialized
dve2lts-seq: Loading model from spec/DVE/cambridge.2.dve
dve2lts-seq: Initializing regrouping layer
dve2lts-seq: Regroup specification: sc,bg,vgps,mm
dve2lts-seq: Regroup Select Combined matrix
dve2lts-seq: Regroup Bipartite Graph
dve2lts-seq: Regroup ViennaCL's Gibbs Poole Stockmeyer
dve2lts-seq: bandwidth: 30
dve2lts-seq: profile: 1440
dve2lts-seq: span: 2069
dve2lts-seq: average wavefront: 15.03
dve2lts-seq: RMS wavefront: 16.79
dve2lts-seq: Regroup Matrix Metrics
dve2lts-seq: Regrouping: 58->58 groups
dve2lts-seq: Regrouping took 0.010 real 0.000 user 0.000 sys
Event Span: 492
Normalized Event Span: 0.4713
Weighted Event Span, moment 1 (WES^1): 758.8
Normalized Weighted Event Span, moment 1: 0.7268
Exit [0]
0.84 user, 0.06 system, 1.00 elapsed -- Max VSize = 38240KB, Max RSS = 4748KB
