statistics run
dve2lts-seq spec/DVE/anderson.8.dve -rsc,bg,vcm,mm --regroup-exit --graph-metrics
ctit001
dve2lts-seq: Precompiled divine module initialized
dve2lts-seq: Loading model from spec/DVE/anderson.8.dve
dve2lts-seq: Initializing regrouping layer
dve2lts-seq: Regroup specification: sc,bg,vcm,mm
dve2lts-seq: Regroup Select Combined matrix
dve2lts-seq: Regroup Bipartite Graph
dve2lts-seq: Regroup ViennaCL's Cuthill McKee
dve2lts-seq: bandwidth: 36
dve2lts-seq: profile: 1671
dve2lts-seq: span: 2221
dve2lts-seq: average wavefront: 19.08
dve2lts-seq: RMS wavefront: 22.02
dve2lts-seq: Regroup Matrix Metrics
dve2lts-seq: Regrouping: 42->42 groups
dve2lts-seq: Regrouping took 0.000 real 0.000 user 0.000 sys
Event Span: 482
Normalized Event Span: 0.522
Weighted Event Span, moment 1 (WES^1): 846
Normalized Weighted Event Span, moment 1: 0.916
Exit [0]
0.68 user, 0.05 system, 0.80 elapsed -- Max VSize = 38240KB, Max RSS = 4748KB
