statistics run
pnml2lts-seq spec/PNML/galloc_res-3.pnml -rsc,bg,bcm,mm --regroup-exit --graph-metrics
ctit034
pnml2lts-seq: Loading model from spec/PNML/galloc_res-3.pnml
pnml2lts-seq: Petri net has 33 places, 4791 transitions and 38652 arcs
pnml2lts-seq: There are 0 safe places
pnml2lts-seq: Petri net spec/PNML/galloc_res-3.pnml analyzed
pnml2lts-seq: Loading Petri net took 0.440 real 0.390 user 0.050 sys
pnml2lts-seq: Initializing regrouping layer
pnml2lts-seq: Regroup specification: sc,bg,bcm,mm
pnml2lts-seq: Regroup Select Combined matrix
pnml2lts-seq: Regroup Bipartite Graph
pnml2lts-seq: Regroup Boost's Cuthill McKee
pnml2lts-seq: bandwidth: 3196
pnml2lts-seq: profile: 9687606
pnml2lts-seq: span: 12926880
pnml2lts-seq: average wavefront: 1338.5346
pnml2lts-seq: RMS wavefront: 1604.9911
pnml2lts-seq: Regroup Matrix Metrics
pnml2lts-seq: Regrouping: 4791->4791 groups
pnml2lts-seq: Regrouping took 2.010 real 1.990 user 0.000 sys
pnml2lts-seq: max token count: 1
Event Span: 99810
Normalized Event Span: 0.631297
Weighted Event Span, moment 1 (WES^1): 165899
Normalized Weighted Event Span, moment 1: 1.04931
Exit [0]
2.39 user, 0.07 system, 2.50 elapsed -- Max VSize = 125844KB, Max RSS = 87448KB
