statistics run
dve2lts-seq spec/DVE/szymanski.5.dve -rsc,tg,vgps,mm --regroup-exit --graph-metrics
ctit018
dve2lts-seq: Precompiled divine module initialized
dve2lts-seq: Loading model from spec/DVE/szymanski.5.dve
dve2lts-seq: Initializing regrouping layer
dve2lts-seq: Regroup specification: sc,tg,vgps,mm
dve2lts-seq: Regroup Select Combined matrix
dve2lts-seq: Regroup Total graph
dve2lts-seq: Regroup ViennaCL's Gibbs Poole Stockmeyer
dve2lts-seq: bandwidth: 406
dve2lts-seq: profile: 122375
dve2lts-seq: span: 163333
dve2lts-seq: average wavefront: 74.911
dve2lts-seq: RMS wavefront: 83.9661
dve2lts-seq: Regroup Matrix Metrics
dve2lts-seq: Regrouping: 120->120 groups
dve2lts-seq: Regrouping took 0.040 real 0.030 user 0.000 sys
Event Span: 1319
Normalized Event Span: 0.4397
Weighted Event Span, moment 1 (WES^1): 2163
Normalized Weighted Event Span, moment 1: 0.721
Exit [0]
2.14 user, 0.12 system, 2.30 elapsed -- Max VSize = 38240KB, Max RSS = 4748KB
