statistics run
lps2lts-seq --mcrl2-rewriter=jitty spec/mCRL2/beem-msmie-4.mcrl2.lps -rsc,bn,mm --regroup-exit --graph-metrics
ctit009
lps2lts-seq: mCRL2 language module initialized
lps2lts-seq: Loading model from spec/mCRL2/beem-msmie-4.mcrl2.lps
lps2lts-seq: mCRL2 rewriter: jitty
lps2lts-seq: Initializing regrouping layer
lps2lts-seq: Regroup specification: sc,bn,mm
lps2lts-seq: Regroup Select Combined matrix
lps2lts-seq: Regroup Boost's None
lps2lts-seq: bandwidth: 473
lps2lts-seq: profile: 121405
lps2lts-seq: span: 19359
lps2lts-seq: average wavefront: 24.3017
lps2lts-seq: RMS wavefront: 24.5173
lps2lts-seq: Regroup Matrix Metrics
lps2lts-seq: Regrouping: 450->450 groups
lps2lts-seq: Regrouping took 0.020 real 0.020 user 0.000 sys
Event Span: 8595
Normalized Event Span: 0.79583
Weighted Event Span, moment 1 (WES^1): 16977
Normalized Weighted Event Span, moment 1: 1.572
Exit [0]
0.21 user, 0.01 system, 0.30 elapsed -- Max VSize = 66844KB, Max RSS = 13284KB
