statistics run
dve2lts-seq spec/DVE/production_cell.2.dve -rsc,tg,bk,mm --regroup-exit --graph-metrics
ctit010
dve2lts-seq: Precompiled divine module initialized
dve2lts-seq: Loading model from spec/DVE/production_cell.2.dve
dve2lts-seq: Initializing regrouping layer
dve2lts-seq: Regroup specification: sc,tg,bk,mm
dve2lts-seq: Regroup Select Combined matrix
dve2lts-seq: Regroup Total graph
dve2lts-seq: Regroup Boost's King
dve2lts-seq: bandwidth: 43
dve2lts-seq: profile: 4436
dve2lts-seq: span: 6265
dve2lts-seq: average wavefront: 20.246
dve2lts-seq: RMS wavefront: 22.087
dve2lts-seq: Regroup Matrix Metrics
dve2lts-seq: Regrouping: 26->26 groups
dve2lts-seq: Regrouping took 0.000 real 0.000 user 0.000 sys
Event Span: 198
Normalized Event Span: 0.423
Weighted Event Span, moment 1 (WES^1): 271
Normalized Weighted Event Span, moment 1: 0.579
Exit [0]
0.50 user, 0.07 system, 0.60 elapsed -- Max VSize = 38240KB, Max RSS = 4748KB
