statistics run
dve2lts-seq spec/DVE/frogs.3.dve -rsc,bg,vacm,mm --regroup-exit --graph-metrics
ctit019
dve2lts-seq: Precompiled divine module initialized
dve2lts-seq: Loading model from spec/DVE/frogs.3.dve
dve2lts-seq: Initializing regrouping layer
dve2lts-seq: Regroup specification: sc,bg,vacm,mm
dve2lts-seq: Regroup Select Combined matrix
dve2lts-seq: Regroup Bipartite Graph
dve2lts-seq: Regroup ViennaCL's Advanced Cuthill McKee
dve2lts-seq: bandwidth: 37
dve2lts-seq: profile: 1197
dve2lts-seq: span: 1575
dve2lts-seq: average wavefront: 18.33
dve2lts-seq: RMS wavefront: 21.35
dve2lts-seq: Regroup Matrix Metrics
dve2lts-seq: Regrouping: 9->9 groups
dve2lts-seq: Regrouping took 0.000 real 0.000 user 0.000 sys
Event Span: 307
Normalized Event Span: 0.948
Weighted Event Span, moment 1 (WES^1): 599
Normalized Weighted Event Span, moment 1: 1.85
Exit [0]
0.31 user, 0.07 system, 0.40 elapsed -- Max VSize = 38240KB, Max RSS = 4748KB
