statistics run
pnml2lts-seq spec/PNML/raft_05.pnml -rsc,tg,bk,mm --regroup-exit --graph-metrics
ctit022
pnml2lts-seq: Loading model from spec/PNML/raft_05.pnml
pnml2lts-seq: Petri net has 133 places, 238 transitions and 864 arcs
pnml2lts-seq: There are 133 safe places
pnml2lts-seq: Petri net spec/PNML/raft_05.pnml analyzed
pnml2lts-seq: Loading Petri net took 0.010 real 0.010 user 0.000 sys
pnml2lts-seq: Initializing regrouping layer
pnml2lts-seq: Regroup specification: sc,tg,bk,mm
pnml2lts-seq: Regroup Select Combined matrix
pnml2lts-seq: Regroup Total graph
pnml2lts-seq: Regroup Boost's King
pnml2lts-seq: bandwidth: 619
pnml2lts-seq: profile: 488459
pnml2lts-seq: span: 626487
pnml2lts-seq: average wavefront: 232.6146
pnml2lts-seq: RMS wavefront: 265.3711
pnml2lts-seq: Regroup Matrix Metrics
pnml2lts-seq: Regrouping: 238->238 groups
pnml2lts-seq: Regrouping took 0.040 real 0.030 user 0.000 sys
pnml2lts-seq: max token count: 1
Event Span: 14356
Normalized Event Span: 0.45353
Weighted Event Span, moment 1 (WES^1): 20738
Normalized Weighted Event Span, moment 1: 0.65515
Exit [0]
0.05 user, 0.00 system, 0.10 elapsed -- Max VSize = 4196KB, Max RSS = 84KB
