statistics run
dve2lts-seq spec/DVE/pgm_protocol.5.dve -rsc,bg,bk,mm --regroup-exit --graph-metrics
ctit010
dve2lts-seq: Precompiled divine module initialized
dve2lts-seq: Loading model from spec/DVE/pgm_protocol.5.dve
dve2lts-seq: Initializing regrouping layer
dve2lts-seq: Regroup specification: sc,bg,bk,mm
dve2lts-seq: Regroup Select Combined matrix
dve2lts-seq: Regroup Bipartite Graph
dve2lts-seq: Regroup Boost's King
dve2lts-seq: bandwidth: 139
dve2lts-seq: profile: 21138
dve2lts-seq: span: 27674
dve2lts-seq: average wavefront: 50.336
dve2lts-seq: RMS wavefront: 56.168
dve2lts-seq: Regroup Matrix Metrics
dve2lts-seq: Regrouping: 120->120 groups
dve2lts-seq: Regrouping took 0.010 real 0.000 user 0.000 sys
Event Span: 7547
Normalized Event Span: 0.50719
Weighted Event Span, moment 1 (WES^1): 12014
Normalized Weighted Event Span, moment 1: 0.80738
Exit [0]
2.64 user, 0.14 system, 2.80 elapsed -- Max VSize = 38240KB, Max RSS = 4748KB
