statistics run
pnml2lts-seq spec/PNML/CircularTrain-012.pnml -rsc,tg,vacm,mm --regroup-exit --graph-metrics
ctit010
pnml2lts-seq: Loading model from spec/PNML/CircularTrain-012.pnml
pnml2lts-seq: Petri net has 24 places, 12 transitions and 48 arcs
pnml2lts-seq: There are 0 safe places
pnml2lts-seq: Petri net spec/PNML/CircularTrain-012.pnml analyzed
pnml2lts-seq: Loading Petri net took 0.000 real 0.000 user 0.000 sys
pnml2lts-seq: Initializing regrouping layer
pnml2lts-seq: Regroup specification: sc,tg,vacm,mm
pnml2lts-seq: Regroup Select Combined matrix
pnml2lts-seq: Regroup Total graph
pnml2lts-seq: Regroup ViennaCL's Advanced Cuthill McKee
pnml2lts-seq: bandwidth: 17
pnml2lts-seq: profile: 1153
pnml2lts-seq: span: 1798
pnml2lts-seq: average wavefront: 12.17
pnml2lts-seq: RMS wavefront: 12.72
pnml2lts-seq: Regroup Matrix Metrics
pnml2lts-seq: Regrouping: 12->12 groups
pnml2lts-seq: Regrouping took 0.000 real 0.000 user 0.000 sys
pnml2lts-seq: max token count: 1
Event Span: 100
Normalized Event Span: 0.347
Weighted Event Span, moment 1 (WES^1): 138
Normalized Weighted Event Span, moment 1: 0.478
Exit [0]
0.01 user, 0.01 system, 0.10 elapsed -- Max VSize = 4196KB, Max RSS = 88KB
