statistics run
pnml2lts-seq spec/PNML/PolyORB-LF-S02-J06-T06-unfolded.pnml -rsc,tg,bcm,mm --regroup-exit --graph-metrics
ctit039
pnml2lts-seq: Loading model from spec/PNML/PolyORB-LF-S02-J06-T06-unfolded.pnml
pnml2lts-seq: Petri net has 536 places, 1064 transitions and 4866 arcs
pnml2lts-seq: There are 0 safe places
pnml2lts-seq: Petri net spec/PNML/PolyORB-LF-S02-J06-T06-unfolded.pnml analyzed
pnml2lts-seq: Loading Petri net took 0.090 real 0.070 user 0.010 sys
pnml2lts-seq: Initializing regrouping layer
pnml2lts-seq: Regroup specification: sc,tg,bcm,mm
pnml2lts-seq: Regroup Select Combined matrix
pnml2lts-seq: Regroup Total graph
pnml2lts-seq: Regroup Boost's Cuthill McKee
pnml2lts-seq: bandwidth: 1748
pnml2lts-seq: profile: 8257742
pnml2lts-seq: span: 11548504
pnml2lts-seq: average wavefront: 724.32233
pnml2lts-seq: RMS wavefront: 808.65949
pnml2lts-seq: Regroup Matrix Metrics
pnml2lts-seq: Regrouping: 1064->1064 groups
pnml2lts-seq: Regrouping took 1.770 real 1.640 user 0.000 sys
pnml2lts-seq: max token count: 10
Event Span: 186036
Normalized Event Span: 0.326205
Weighted Event Span, moment 1 (WES^1): 240752
Normalized Weighted Event Span, moment 1: 0.422148
Exit [0]
1.71 user, 0.02 system, 1.91 elapsed -- Max VSize = 58532KB, Max RSS = 20168KB
