statistics run
dve2lts-seq spec/DVE/phils.2.dve -rsc,tg,vcm,mm --regroup-exit --graph-metrics
ctit015
dve2lts-seq: Precompiled divine module initialized
dve2lts-seq: Loading model from spec/DVE/phils.2.dve
dve2lts-seq: Initializing regrouping layer
dve2lts-seq: Regroup specification: sc,tg,vcm,mm
dve2lts-seq: Regroup Select Combined matrix
dve2lts-seq: Regroup Total graph
dve2lts-seq: Regroup ViennaCL's Cuthill McKee
dve2lts-seq: bandwidth: 44
dve2lts-seq: profile: 2703
dve2lts-seq: span: 3798
dve2lts-seq: average wavefront: 23.01
dve2lts-seq: RMS wavefront: 24.888
dve2lts-seq: Regroup Matrix Metrics
dve2lts-seq: Regrouping: 30->30 groups
dve2lts-seq: Regrouping took 0.000 real 0.000 user 0.000 sys
Event Span: 132
Normalized Event Span: 0.4
Weighted Event Span, moment 1 (WES^1): 196
Normalized Weighted Event Span, moment 1: 0.594
Exit [0]
0.43 user, 0.03 system, 0.50 elapsed -- Max VSize = 38240KB, Max RSS = 4748KB
