statistics run
dve2lts-seq spec/DVE/leader_election.3.dve -rsc,bg,bs,mm --regroup-exit --graph-metrics
ctit007
dve2lts-seq: Precompiled divine module initialized
dve2lts-seq: Loading model from spec/DVE/leader_election.3.dve
dve2lts-seq: Initializing regrouping layer
dve2lts-seq: Regroup specification: sc,bg,bs,mm
dve2lts-seq: Regroup Select Combined matrix
dve2lts-seq: Regroup Bipartite Graph
dve2lts-seq: Regroup Boost's Sloan
dve2lts-seq: bandwidth: 210
dve2lts-seq: profile: 5810
dve2lts-seq: span: 5101
dve2lts-seq: average wavefront: 9.3319
dve2lts-seq: RMS wavefront: 9.8246
dve2lts-seq: Regroup Matrix Metrics
dve2lts-seq: Regrouping: 114->114 groups
dve2lts-seq: Regrouping took 0.000 real 0.010 user 0.000 sys
Event Span: 1768
Normalized Event Span: 0.12817
Weighted Event Span, moment 1 (WES^1): 1974
Normalized Weighted Event Span, moment 1: 0.14311
Exit [0]
2.21 user, 0.14 system, 2.40 elapsed -- Max VSize = 38240KB, Max RSS = 4744KB
