statistics run
pnml2lts-seq spec/PNML/eratosthenes-020.pnml -rsc,tg,bk,mm --regroup-exit --graph-metrics
ctit041
pnml2lts-seq: Loading model from spec/PNML/eratosthenes-020.pnml
pnml2lts-seq: Petri net has 19 places, 27 transitions and 81 arcs
pnml2lts-seq: There are 0 safe places
pnml2lts-seq: Petri net spec/PNML/eratosthenes-020.pnml analyzed
pnml2lts-seq: Loading Petri net took 0.000 real 0.000 user 0.000 sys
pnml2lts-seq: Initializing regrouping layer
pnml2lts-seq: Regroup specification: sc,tg,bk,mm
pnml2lts-seq: Regroup Select Combined matrix
pnml2lts-seq: Regroup Total graph
pnml2lts-seq: Regroup Boost's King
pnml2lts-seq: bandwidth: 36
pnml2lts-seq: profile: 2242
pnml2lts-seq: span: 3138
pnml2lts-seq: average wavefront: 14.63
pnml2lts-seq: RMS wavefront: 16.72
pnml2lts-seq: Regroup Matrix Metrics
pnml2lts-seq: Regrouping: 27->27 groups
pnml2lts-seq: Regrouping took 0.000 real 0.000 user 0.010 sys
pnml2lts-seq: max token count: 1
Event Span: 137
Normalized Event Span: 0.267
Weighted Event Span, moment 1 (WES^1): 150
Normalized Weighted Event Span, moment 1: 0.293
Exit [0]
0.00 user, 0.01 system, 0.10 elapsed -- Max VSize = 4196KB, Max RSS = 88KB
