statistics run
dve2lts-seq spec/DVE/lamport.2.dve -rsc,tg,bk,mm --regroup-exit --graph-metrics
ctit007
dve2lts-seq: Precompiled divine module initialized
dve2lts-seq: Loading model from spec/DVE/lamport.2.dve
dve2lts-seq: Initializing regrouping layer
dve2lts-seq: Regroup specification: sc,tg,bk,mm
dve2lts-seq: Regroup Select Combined matrix
dve2lts-seq: Regroup Total graph
dve2lts-seq: Regroup Boost's King
dve2lts-seq: bandwidth: 84
dve2lts-seq: profile: 9089
dve2lts-seq: span: 12516
dve2lts-seq: average wavefront: 30.774
dve2lts-seq: RMS wavefront: 33.24
dve2lts-seq: Regroup Matrix Metrics
dve2lts-seq: Regrouping: 42->42 groups
dve2lts-seq: Regrouping took 0.010 real 0.000 user 0.000 sys
Event Span: 222
Normalized Event Span: 0.481
Weighted Event Span, moment 1 (WES^1): 322
Normalized Weighted Event Span, moment 1: 0.697
Exit [0]
0.58 user, 0.05 system, 0.70 elapsed -- Max VSize = 38240KB, Max RSS = 4744KB
