statistics run
dve2lts-seq spec/DVE/collision.5.dve -rsc,tg,bcm,mm --regroup-exit --graph-metrics
ctit004
dve2lts-seq: Precompiled divine module initialized
dve2lts-seq: Loading model from spec/DVE/collision.5.dve
dve2lts-seq: Initializing regrouping layer
dve2lts-seq: Regroup specification: sc,tg,bcm,mm
dve2lts-seq: Regroup Select Combined matrix
dve2lts-seq: Regroup Total graph
dve2lts-seq: Regroup Boost's Cuthill McKee
dve2lts-seq: bandwidth: 73
dve2lts-seq: profile: 10700
dve2lts-seq: span: 14399
dve2lts-seq: average wavefront: 22.789
dve2lts-seq: RMS wavefront: 26.404
dve2lts-seq: Regroup Matrix Metrics
dve2lts-seq: Regrouping: 53->53 groups
dve2lts-seq: Regrouping took 0.000 real 0.000 user 0.000 sys
Event Span: 285
Normalized Event Span: 0.2444
Weighted Event Span, moment 1 (WES^1): 355.1
Normalized Weighted Event Span, moment 1: 0.3045
Exit [0]
1.02 user, 0.07 system, 1.10 elapsed -- Max VSize = 38240KB, Max RSS = 4748KB
