statistics run
dve2lts-seq spec/DVE/leader_filters.4.dve -rsc,bg,bs,mm --regroup-exit --graph-metrics
ctit002
dve2lts-seq: Precompiled divine module initialized
dve2lts-seq: Loading model from spec/DVE/leader_filters.4.dve
dve2lts-seq: Initializing regrouping layer
dve2lts-seq: Regroup specification: sc,bg,bs,mm
dve2lts-seq: Regroup Select Combined matrix
dve2lts-seq: Regroup Bipartite Graph
dve2lts-seq: Regroup Boost's Sloan
dve2lts-seq: bandwidth: 39
dve2lts-seq: profile: 1359
dve2lts-seq: span: 1282
dve2lts-seq: average wavefront: 10.92
dve2lts-seq: RMS wavefront: 11.55
dve2lts-seq: Regroup Matrix Metrics
dve2lts-seq: Regrouping: 40->40 groups
dve2lts-seq: Regrouping took 0.000 real 0.000 user 0.000 sys
Event Span: 355
Normalized Event Span: 0.386
Weighted Event Span, moment 1 (WES^1): 523
Normalized Weighted Event Span, moment 1: 0.568
Exit [0]
0.70 user, 0.08 system, 0.80 elapsed -- Max VSize = 38240KB, Max RSS = 4676KB
