statistics run
dve2lts-seq spec/DVE/telephony.7.dve -rsc,tg,bk,mm --regroup-exit --graph-metrics
ctit022
dve2lts-seq: Precompiled divine module initialized
dve2lts-seq: Loading model from spec/DVE/telephony.7.dve
dve2lts-seq: Initializing regrouping layer
dve2lts-seq: Regroup specification: sc,tg,bk,mm
dve2lts-seq: Regroup Select Combined matrix
dve2lts-seq: Regroup Total graph
dve2lts-seq: Regroup Boost's King
dve2lts-seq: bandwidth: 355
dve2lts-seq: profile: 174899
dve2lts-seq: span: 216292
dve2lts-seq: average wavefront: 102.67
dve2lts-seq: RMS wavefront: 109.577
dve2lts-seq: Regroup Matrix Metrics
dve2lts-seq: Regrouping: 120->120 groups
dve2lts-seq: Regrouping took 0.010 real 0.010 user 0.000 sys
Event Span: 1124
Normalized Event Span: 0.3903
Weighted Event Span, moment 1 (WES^1): 1466
Normalized Weighted Event Span, moment 1: 0.5092
Exit [0]
2.39 user, 0.08 system, 2.50 elapsed -- Max VSize = 38240KB, Max RSS = 4748KB
