statistics run
pnml2lts-seq spec/PNML/dekker-200.pnml -rsc,bg,bs,mm --regroup-exit --graph-metrics
ctit012
pnml2lts-seq: Loading model from spec/PNML/dekker-200.pnml
pnml2lts-seq: Petri net has 1000 places, 40400 transitions and 320400 arcs
pnml2lts-seq: There are 0 safe places
pnml2lts-seq: Petri net spec/PNML/dekker-200.pnml analyzed
pnml2lts-seq: Loading Petri net took 4.380 real 3.830 user 0.520 sys
pnml2lts-seq: Initializing regrouping layer
pnml2lts-seq: Regroup specification: sc,bg,bs,mm
pnml2lts-seq: Regroup Select Combined matrix
pnml2lts-seq: Regroup Bipartite Graph
pnml2lts-seq: Regroup Boost's Sloan
pnml2lts-seq: bandwidth: 41196
pnml2lts-seq: profile: 857274052
pnml2lts-seq: span: 853675076
pnml2lts-seq: average wavefront: 397.1026812
pnml2lts-seq: RMS wavefront: 414.0579938
pnml2lts-seq: Regroup Matrix Metrics
pnml2lts-seq: Regrouping: 40400->40400 groups
pnml2lts-seq: Regrouping took 1074.140 real 1071.660 user 0.220 sys
pnml2lts-seq: max token count: 1
Event Span: 25237194
Normalized Event Span: 0.62468302
Weighted Event Span, moment 1 (WES^1): 38193337
Normalized Weighted Event Span, moment 1: 0.94537964
Exit [0]
1075.49 user, 0.78 system, 1078.57 elapsed -- Max VSize = 559032KB, Max RSS = 520792KB
