statistics run
prom2lts-seq spec/Promela/protocols.5.prom.spins -rsc,bg,vcm,mm --regroup-exit --graph-metrics
ctit020
prom2lts-seq: Precompiled SpinS module initialized
prom2lts-seq: Loading model from spec/Promela/protocols.5.prom.spins
prom2lts-seq: Initializing regrouping layer
prom2lts-seq: Regroup specification: sc,bg,vcm,mm
prom2lts-seq: Regroup Select Combined matrix
prom2lts-seq: Regroup Bipartite Graph
prom2lts-seq: Regroup ViennaCL's Cuthill McKee
prom2lts-seq: bandwidth: 42
prom2lts-seq: profile: 601
prom2lts-seq: span: 504
prom2lts-seq: average wavefront: 7.938
prom2lts-seq: RMS wavefront: 8.936
prom2lts-seq: Regroup Matrix Metrics
prom2lts-seq: Regrouping: 25->25 groups
prom2lts-seq: Regrouping took 0.000 real 0.000 user 0.000 sys
Event Span: 134
Normalized Event Span: 0.233
Weighted Event Span, moment 1 (WES^1): 152
Normalized Weighted Event Span, moment 1: 0.264
Exit [0]
0.00 user, 0.01 system, 0.10 elapsed -- Max VSize = 4196KB, Max RSS = 84KB
