statistics run
pnml2lts-seq spec/PNML/Peterson-5.pnml -rsc,bn,mm --regroup-exit --graph-metrics
ctit030
pnml2lts-seq: Loading model from spec/PNML/Peterson-5.pnml
pnml2lts-seq: Petri net has 834 places, 1242 transitions and 3828 arcs
pnml2lts-seq: There are 0 safe places
pnml2lts-seq: Petri net spec/PNML/Peterson-5.pnml analyzed
pnml2lts-seq: Loading Petri net took 0.090 real 0.060 user 0.020 sys
pnml2lts-seq: Initializing regrouping layer
pnml2lts-seq: Regroup specification: sc,bn,mm
pnml2lts-seq: Regroup Select Combined matrix
pnml2lts-seq: Regroup Boost's None
pnml2lts-seq: bandwidth: 2070
pnml2lts-seq: profile: 2675675
pnml2lts-seq: span: 856364
pnml2lts-seq: average wavefront: 543.4027
pnml2lts-seq: RMS wavefront: 601.6368
pnml2lts-seq: Regroup Matrix Metrics
pnml2lts-seq: Regrouping: 1242->1242 groups
pnml2lts-seq: Regrouping took 0.120 real 0.120 user 0.000 sys
pnml2lts-seq: max token count: 1
Event Span: 412636
Normalized Event Span: 0.3983634
Weighted Event Span, moment 1 (WES^1): 570689.7
Normalized Weighted Event Span, moment 1: 0.5509502
Exit [0]
0.18 user, 0.03 system, 0.30 elapsed -- Max VSize = 58044KB, Max RSS = 19612KB
