statistics run
dve2lts-seq spec/DVE/sokoban.2.dve -rsc,tg,vacm,mm --regroup-exit --graph-metrics
ctit011
dve2lts-seq: Precompiled divine module initialized
dve2lts-seq: Loading model from spec/DVE/sokoban.2.dve
dve2lts-seq: Initializing regrouping layer
dve2lts-seq: Regroup specification: sc,tg,vacm,mm
dve2lts-seq: Regroup Select Combined matrix
dve2lts-seq: Regroup Total graph
dve2lts-seq: Regroup ViennaCL's Advanced Cuthill McKee
dve2lts-seq: bandwidth: 479
dve2lts-seq: profile: 166052
dve2lts-seq: span: 183083
dve2lts-seq: average wavefront: 230.992
dve2lts-seq: RMS wavefront: 270.319
dve2lts-seq: Regroup Matrix Metrics
dve2lts-seq: Regrouping: 9->9 groups
dve2lts-seq: Regrouping took 0.010 real 0.010 user 0.000 sys
Event Span: 521
Normalized Event Span: 0.905
Weighted Event Span, moment 1 (WES^1): 1.04e+03
Normalized Weighted Event Span, moment 1: 1.81
Exit [0]
0.28 user, 0.04 system, 0.40 elapsed -- Max VSize = 38240KB, Max RSS = 4752KB
