statistics run
pnml2lts-seq spec/PNML/SafeBus-20-unfolded.pnml -rsc,bn,mm --regroup-exit --graph-metrics
ctit015
pnml2lts-seq: Loading model from spec/PNML/SafeBus-20-unfolded.pnml
pnml2lts-seq: Petri net has 1026 places, 10461 transitions and 77364 arcs
pnml2lts-seq: There are 0 safe places
pnml2lts-seq: Petri net spec/PNML/SafeBus-20-unfolded.pnml analyzed
pnml2lts-seq: Loading Petri net took 1.130 real 1.020 user 0.110 sys
pnml2lts-seq: Initializing regrouping layer
pnml2lts-seq: Regroup specification: sc,bn,mm
pnml2lts-seq: Regroup Select Combined matrix
pnml2lts-seq: Regroup Boost's None
pnml2lts-seq: bandwidth: 10925
pnml2lts-seq: profile: 71623910
pnml2lts-seq: span: 11647888
pnml2lts-seq: average wavefront: 691.367285
pnml2lts-seq: RMS wavefront: 722.163118
pnml2lts-seq: Regroup Matrix Metrics
pnml2lts-seq: Regrouping: 10461->10461 groups
pnml2lts-seq: Regrouping took 9.350 real 9.280 user 0.030 sys
pnml2lts-seq: max token count: 1
Event Span: 4898834
Normalized Event Span: 0.45642788
Weighted Event Span, moment 1 (WES^1): 6333337.9
Normalized Weighted Event Span, moment 1: 0.59008163
Exit [0]
10.30 user, 0.17 system, 10.62 elapsed -- Max VSize = 207792KB, Max RSS = 169600KB
