statistics run
pnml2lts-seq spec/PNML/cs_repetitions-3-unfolded.pnml -rsc,tg,vgps,mm --regroup-exit --graph-metrics
ctit029
pnml2lts-seq: Loading model from spec/PNML/cs_repetitions-3-unfolded.pnml
pnml2lts-seq: Petri net has 58 places, 81 transitions and 279 arcs
pnml2lts-seq: There are 0 safe places
pnml2lts-seq: Petri net spec/PNML/cs_repetitions-3-unfolded.pnml analyzed
pnml2lts-seq: Loading Petri net took 0.010 real 0.000 user 0.000 sys
pnml2lts-seq: Initializing regrouping layer
pnml2lts-seq: Regroup specification: sc,tg,vgps,mm
pnml2lts-seq: Regroup Select Combined matrix
pnml2lts-seq: Regroup Total graph
pnml2lts-seq: Regroup ViennaCL's Gibbs Poole Stockmeyer
pnml2lts-seq: bandwidth: 153
pnml2lts-seq: profile: 49541
pnml2lts-seq: span: 68263
pnml2lts-seq: average wavefront: 79.8068
pnml2lts-seq: RMS wavefront: 91.9157
pnml2lts-seq: Regroup Matrix Metrics
pnml2lts-seq: Regrouping: 81->81 groups
pnml2lts-seq: Regrouping took 0.010 real 0.010 user 0.000 sys
pnml2lts-seq: max token count: 3
Event Span: 2388
Normalized Event Span: 0.5083
Weighted Event Span, moment 1 (WES^1): 4006
Normalized Weighted Event Span, moment 1: 0.8527
Exit [0]
0.02 user, 0.01 system, 0.10 elapsed -- Max VSize = 4196KB, Max RSS = 84KB
