statistics run
dve2lts-seq spec/DVE/lifts.6.dve -rsc,tg,vgps,mm --regroup-exit --graph-metrics
ctit011
dve2lts-seq: Precompiled divine module initialized
dve2lts-seq: Loading model from spec/DVE/lifts.6.dve
dve2lts-seq: Initializing regrouping layer
dve2lts-seq: Regroup specification: sc,tg,vgps,mm
dve2lts-seq: Regroup Select Combined matrix
dve2lts-seq: Regroup Total graph
dve2lts-seq: Regroup ViennaCL's Gibbs Poole Stockmeyer
dve2lts-seq: bandwidth: 627
dve2lts-seq: profile: 731288
dve2lts-seq: span: 1026377
dve2lts-seq: average wavefront: 175.1081
dve2lts-seq: RMS wavefront: 194.9875
dve2lts-seq: Regroup Matrix Metrics
dve2lts-seq: Regrouping: 267->267 groups
dve2lts-seq: Regrouping took 0.280 real 0.270 user 0.010 sys
Event Span: 3823
Normalized Event Span: 0.3977
Weighted Event Span, moment 1 (WES^1): 5636
Normalized Weighted Event Span, moment 1: 0.5864
Exit [0]
5.60 user, 0.24 system, 5.91 elapsed -- Max VSize = 43404KB, Max RSS = 7828KB
