statistics run
pnml2lts-seq spec/PNML/PolyORB-NT-S05-J20-unfolded.pnml -rsc,tg,bcm,mm --regroup-exit --graph-metrics
ctit003
pnml2lts-seq: Loading model from spec/PNML/PolyORB-NT-S05-J20-unfolded.pnml
pnml2lts-seq: Petri net has 349 places, 1210 transitions and 8824 arcs
pnml2lts-seq: There are 0 safe places
pnml2lts-seq: Petri net spec/PNML/PolyORB-NT-S05-J20-unfolded.pnml analyzed
pnml2lts-seq: Loading Petri net took 0.110 real 0.080 user 0.020 sys
pnml2lts-seq: Initializing regrouping layer
pnml2lts-seq: Regroup specification: sc,tg,bcm,mm
pnml2lts-seq: Regroup Select Combined matrix
pnml2lts-seq: Regroup Total graph
pnml2lts-seq: Regroup Boost's Cuthill McKee
pnml2lts-seq: bandwidth: 5391
pnml2lts-seq: profile: 33973900
pnml2lts-seq: span: 42512414
pnml2lts-seq: average wavefront: 1421.58359
pnml2lts-seq: RMS wavefront: 1668.55194
pnml2lts-seq: Regroup Matrix Metrics
pnml2lts-seq: Regrouping: 1210->1210 groups
pnml2lts-seq: Regrouping took 4.330 real 4.320 user 0.010 sys
pnml2lts-seq: max token count: 10
Event Span: 75815
Normalized Event Span: 0.179533
Weighted Event Span, moment 1 (WES^1): 75078.2
Normalized Weighted Event Span, moment 1: 0.177788
Exit [0]
4.41 user, 0.04 system, 4.50 elapsed -- Max VSize = 65752KB, Max RSS = 27428KB
