statistics run
pnml2lts-seq spec/PNML/PolyORB-NT-S10-J30-unfolded.pnml -rsc,tg,vacm,mm --regroup-exit --graph-metrics
ctit003
pnml2lts-seq: Loading model from spec/PNML/PolyORB-NT-S10-J30-unfolded.pnml
pnml2lts-seq: Petri net has 664 places, 12050 transitions and 112559 arcs
pnml2lts-seq: There are 0 safe places
pnml2lts-seq: Petri net spec/PNML/PolyORB-NT-S10-J30-unfolded.pnml analyzed
pnml2lts-seq: Loading Petri net took 1.300 real 1.160 user 0.140 sys
pnml2lts-seq: Initializing regrouping layer
pnml2lts-seq: Regroup specification: sc,tg,vacm,mm
pnml2lts-seq: Regroup Select Combined matrix
pnml2lts-seq: Regroup Total graph
pnml2lts-seq: Regroup ViennaCL's Advanced Cuthill McKee
pnml2lts-seq: bandwidth: 60506
pnml2lts-seq: profile: 5829798865
pnml2lts-seq: span: 8289738434
pnml2lts-seq: average wavefront: 37762.159351
pnml2lts-seq: RMS wavefront: 41008.976952
pnml2lts-seq: Regroup Matrix Metrics
pnml2lts-seq: Regrouping: 12050->12050 groups
pnml2lts-seq: Regrouping took 2618.880 real 2614.290 user 0.530 sys
pnml2lts-seq: max token count: 10
Event Span: 837439
Normalized Event Span: 0.1046642
Weighted Event Span, moment 1 (WES^1): 1574327
Normalized Weighted Event Span, moment 1: 0.1967614
Exit [0]
2615.46 user, 0.68 system, 2620.21 elapsed -- Max VSize = 290408KB, Max RSS = 252264KB
