statistics run
pnml2lts-seq spec/PNML/rwmutex-r10w100.pnml -rsc,tg,bk,mm --regroup-exit --graph-metrics
ctit034
pnml2lts-seq: Loading model from spec/PNML/rwmutex-r10w100.pnml
pnml2lts-seq: Petri net has 230 places, 220 transitions and 2460 arcs
pnml2lts-seq: There are 0 safe places
pnml2lts-seq: Petri net spec/PNML/rwmutex-r10w100.pnml analyzed
pnml2lts-seq: Loading Petri net took 0.030 real 0.020 user 0.000 sys
pnml2lts-seq: Initializing regrouping layer
pnml2lts-seq: Regroup specification: sc,tg,bk,mm
pnml2lts-seq: Regroup Select Combined matrix
pnml2lts-seq: Regroup Total graph
pnml2lts-seq: Regroup Boost's King
pnml2lts-seq: bandwidth: 2421
pnml2lts-seq: profile: 4245106
pnml2lts-seq: span: 5132344
pnml2lts-seq: average wavefront: 543.0148
pnml2lts-seq: RMS wavefront: 597.192
pnml2lts-seq: Regroup Matrix Metrics
pnml2lts-seq: Regrouping: 220->220 groups
pnml2lts-seq: Regrouping took 0.250 real 0.250 user 0.000 sys
pnml2lts-seq: max token count: 1
Event Span: 26058
Normalized Event Span: 0.51498
Weighted Event Span, moment 1 (WES^1): 35049
Normalized Weighted Event Span, moment 1: 0.69266
Exit [0]
0.27 user, 0.01 system, 0.30 elapsed -- Max VSize = 48404KB, Max RSS = 10164KB
