statistics run
dve2lts-seq spec/DVE/telephony.7.dve -rsc,tg,bcm,mm --regroup-exit --graph-metrics
ctit017
dve2lts-seq: Precompiled divine module initialized
dve2lts-seq: Loading model from spec/DVE/telephony.7.dve
dve2lts-seq: Initializing regrouping layer
dve2lts-seq: Regroup specification: sc,tg,bcm,mm
dve2lts-seq: Regroup Select Combined matrix
dve2lts-seq: Regroup Total graph
dve2lts-seq: Regroup Boost's Cuthill McKee
dve2lts-seq: bandwidth: 344
dve2lts-seq: profile: 149778
dve2lts-seq: span: 195108
dve2lts-seq: average wavefront: 101.531
dve2lts-seq: RMS wavefront: 107.215
dve2lts-seq: Regroup Matrix Metrics
dve2lts-seq: Regrouping: 120->120 groups
dve2lts-seq: Regrouping took 0.010 real 0.020 user 0.000 sys
Event Span: 916
Normalized Event Span: 0.3181
Weighted Event Span, moment 1 (WES^1): 1026
Normalized Weighted Event Span, moment 1: 0.3563
Exit [0]
2.37 user, 0.12 system, 2.60 elapsed -- Max VSize = 41608KB, Max RSS = 6300KB
