statistics run
pnml2lts-seq spec/PNML/PolyORB-NT-S05-J60-unfolded.pnml -rsc,tg,bcm,mm --regroup-exit --graph-metrics
ctit018
pnml2lts-seq: Loading model from spec/PNML/PolyORB-NT-S05-J60-unfolded.pnml
pnml2lts-seq: Petri net has 909 places, 1970 transitions and 12584 arcs
pnml2lts-seq: There are 0 safe places
pnml2lts-seq: Petri net spec/PNML/PolyORB-NT-S05-J60-unfolded.pnml analyzed
pnml2lts-seq: Loading Petri net took 0.200 real 0.170 user 0.030 sys
pnml2lts-seq: Initializing regrouping layer
pnml2lts-seq: Regroup specification: sc,tg,bcm,mm
pnml2lts-seq: Regroup Select Combined matrix
pnml2lts-seq: Regroup Total graph
pnml2lts-seq: Regroup Boost's Cuthill McKee
pnml2lts-seq: bandwidth: 6906
pnml2lts-seq: profile: 61590353
pnml2lts-seq: span: 79266403
pnml2lts-seq: average wavefront: 1881.11843
pnml2lts-seq: RMS wavefront: 2142.14121
pnml2lts-seq: Regroup Matrix Metrics
pnml2lts-seq: Regrouping: 1970->1970 groups
pnml2lts-seq: Regrouping took 23.660 real 23.560 user 0.010 sys
pnml2lts-seq: max token count: 10
Event Span: 418648
Normalized Event Span: 0.2337862
Weighted Event Span, moment 1 (WES^1): 509022.6
Normalized Weighted Event Span, moment 1: 0.2842542
Exit [0]
23.74 user, 0.05 system, 23.93 elapsed -- Max VSize = 77364KB, Max RSS = 39124KB
