statistics run
dve2lts-seq spec/DVE/phils.5.dve -rsc,bg,vacm,mm --regroup-exit --graph-metrics
ctit012
dve2lts-seq: Precompiled divine module initialized
dve2lts-seq: Loading model from spec/DVE/phils.5.dve
dve2lts-seq: Initializing regrouping layer
dve2lts-seq: Regroup specification: sc,bg,vacm,mm
dve2lts-seq: Regroup Select Combined matrix
dve2lts-seq: Regroup Bipartite Graph
dve2lts-seq: Regroup ViennaCL's Advanced Cuthill McKee
dve2lts-seq: bandwidth: 5
dve2lts-seq: profile: 334
dve2lts-seq: span: 508
dve2lts-seq: average wavefront: 4.097
dve2lts-seq: RMS wavefront: 4.185
dve2lts-seq: Regroup Matrix Metrics
dve2lts-seq: Regrouping: 48->48 groups
dve2lts-seq: Regrouping took 0.000 real 0.000 user 0.000 sys
Event Span: 140
Normalized Event Span: 0.1215
Weighted Event Span, moment 1 (WES^1): 157.2
Normalized Weighted Event Span, moment 1: 0.1364
Exit [0]
0.71 user, 0.08 system, 0.80 elapsed -- Max VSize = 38240KB, Max RSS = 4744KB
