statistics run
dve2lts-seq spec/DVE/szymanski.2.dve -rsc,tg,vcm,mm --regroup-exit --graph-metrics
ctit017
dve2lts-seq: Precompiled divine module initialized
dve2lts-seq: Loading model from spec/DVE/szymanski.2.dve
dve2lts-seq: Initializing regrouping layer
dve2lts-seq: Regroup specification: sc,tg,vcm,mm
dve2lts-seq: Regroup Select Combined matrix
dve2lts-seq: Regroup Total graph
dve2lts-seq: Regroup ViennaCL's Cuthill McKee
dve2lts-seq: bandwidth: 175
dve2lts-seq: profile: 33640
dve2lts-seq: span: 44490
dve2lts-seq: average wavefront: 76.5273
dve2lts-seq: RMS wavefront: 87.4457
dve2lts-seq: Regroup Matrix Metrics
dve2lts-seq: Regrouping: 72->72 groups
dve2lts-seq: Regrouping took 0.010 real 0.000 user 0.000 sys
Event Span: 487
Normalized Event Span: 0.4509
Weighted Event Span, moment 1 (WES^1): 756.5
Normalized Weighted Event Span, moment 1: 0.7005
Exit [0]
1.05 user, 0.07 system, 1.20 elapsed -- Max VSize = 38240KB, Max RSS = 4748KB
