statistics run
pnml2lts-seq spec/PNML/CircularTrain-192.pnml -rsc,tg,bk,mm --regroup-exit --graph-metrics
ctit024
pnml2lts-seq: Loading model from spec/PNML/CircularTrain-192.pnml
pnml2lts-seq: Petri net has 384 places, 192 transitions and 768 arcs
pnml2lts-seq: There are 0 safe places
pnml2lts-seq: Petri net spec/PNML/CircularTrain-192.pnml analyzed
pnml2lts-seq: Loading Petri net took 0.020 real 0.010 user 0.000 sys
pnml2lts-seq: Initializing regrouping layer
pnml2lts-seq: Regroup specification: sc,tg,bk,mm
pnml2lts-seq: Regroup Select Combined matrix
pnml2lts-seq: Regroup Total graph
pnml2lts-seq: Regroup Boost's King
pnml2lts-seq: bandwidth: 19
pnml2lts-seq: profile: 21415
pnml2lts-seq: span: 34419
pnml2lts-seq: average wavefront: 12.14211
pnml2lts-seq: RMS wavefront: 12.20908
pnml2lts-seq: Regroup Matrix Metrics
pnml2lts-seq: Regrouping: 192->192 groups
pnml2lts-seq: Regrouping took 0.040 real 0.040 user 0.000 sys
pnml2lts-seq: max token count: 1
Event Span: 1768
Normalized Event Span: 0.02398
Weighted Event Span, moment 1 (WES^1): 1804.9
Normalized Weighted Event Span, moment 1: 0.02448
Exit [0]
0.06 user, 0.00 system, 0.10 elapsed -- Max VSize = 4192KB, Max RSS = 80KB
