statistics run
pnml2lts-seq spec/PNML/RAS-R-100.pnml -rsc,tg,bk,mm --regroup-exit --graph-metrics
ctit021
pnml2lts-seq: Loading model from spec/PNML/RAS-R-100.pnml
pnml2lts-seq: Petri net has 400 places, 202 transitions and 1000 arcs
pnml2lts-seq: There are 0 safe places
pnml2lts-seq: Petri net spec/PNML/RAS-R-100.pnml analyzed
pnml2lts-seq: Loading Petri net took 0.040 real 0.030 user 0.010 sys
pnml2lts-seq: Initializing regrouping layer
pnml2lts-seq: Regroup specification: sc,tg,bk,mm
pnml2lts-seq: Regroup Select Combined matrix
pnml2lts-seq: Regroup Total graph
pnml2lts-seq: Regroup Boost's King
pnml2lts-seq: bandwidth: 16
pnml2lts-seq: profile: 16039
pnml2lts-seq: span: 26984
pnml2lts-seq: average wavefront: 8.689139
pnml2lts-seq: RMS wavefront: 8.819313
pnml2lts-seq: Regroup Matrix Metrics
pnml2lts-seq: Regrouping: 202->202 groups
pnml2lts-seq: Regrouping took 0.070 real 0.070 user 0.000 sys
pnml2lts-seq: max token count: 1
Event Span: 1301
Normalized Event Span: 0.016101
Weighted Event Span, moment 1 (WES^1): 1317.1
Normalized Weighted Event Span, moment 1: 0.0163
Exit [0]
0.11 user, 0.02 system, 0.20 elapsed -- Max VSize = 51300KB, Max RSS = 12844KB
