statistics run
dve2lts-seq spec/DVE/rether.5.dve -rsc,bg,bk,mm --regroup-exit --graph-metrics
ctit011
dve2lts-seq: Precompiled divine module initialized
dve2lts-seq: Loading model from spec/DVE/rether.5.dve
dve2lts-seq: Initializing regrouping layer
dve2lts-seq: Regroup specification: sc,bg,bk,mm
dve2lts-seq: Regroup Select Combined matrix
dve2lts-seq: Regroup Bipartite Graph
dve2lts-seq: Regroup Boost's King
dve2lts-seq: bandwidth: 102
dve2lts-seq: profile: 13949
dve2lts-seq: span: 14309
dve2lts-seq: average wavefront: 36.153
dve2lts-seq: RMS wavefront: 38.871
dve2lts-seq: Regroup Matrix Metrics
dve2lts-seq: Regrouping: 156->156 groups
dve2lts-seq: Regrouping took 0.000 real 0.000 user 0.000 sys
Event Span: 2889
Normalized Event Span: 0.394
Weighted Event Span, moment 1 (WES^1): 4094
Normalized Weighted Event Span, moment 1: 0.5584
Exit [0]
2.09 user, 0.12 system, 2.30 elapsed -- Max VSize = 38240KB, Max RSS = 4748KB
