statistics run
pnml2lts-seq spec/PNML/2D8_gradient_5x5_200.pnml -rsc,bn,mm --noack=1 --regroup-exit --graph-metrics
ctit028
pnml2lts-seq: Loading model from spec/PNML/2D8_gradient_5x5_200.pnml
pnml2lts-seq: Petri net has 25 places, 144 transitions and 288 arcs
pnml2lts-seq: There are 0 safe places
pnml2lts-seq: Petri net spec/PNML/2D8_gradient_5x5_200.pnml analyzed
Event Span: 678
Normalized Event Span: 0.1883
Weighted Event Span, moment 1 (WES^1): 849.4
Normalized Weighted Event Span, moment 1: 0.236
pnml2lts-seq: Computing Noack1 order
pnml2lts-seq: Computing Noack1 order took 0.000 real 0.000 user 0.000 sys
pnml2lts-seq: Loading Petri net took 0.010 real 0.000 user 0.000 sys
pnml2lts-seq: Initializing regrouping layer
pnml2lts-seq: Got state vector permutation from language front-end; permuting columns
pnml2lts-seq: Regroup specification: sc,bn,mm
pnml2lts-seq: Regroup Select Combined matrix
pnml2lts-seq: Regroup Boost's None
pnml2lts-seq: bandwidth: 168
pnml2lts-seq: profile: 15417
pnml2lts-seq: span: 2094
pnml2lts-seq: average wavefront: 17.615
pnml2lts-seq: RMS wavefront: 18.841
pnml2lts-seq: Regroup Matrix Metrics
pnml2lts-seq: Regrouping: 144->144 groups
pnml2lts-seq: Regrouping took 0.000 real 0.000 user 0.000 sys
pnml2lts-seq: max token count: 200
Exit [0]
0.01 user, 0.00 system, 0.10 elapsed -- Max VSize = 4196KB, Max RSS = 88KB
