statistics run
pnml2lts-seq spec/PNML/echo-d2r11.pnml -rsc,tg,vacm,mm --regroup-exit --graph-metrics
ctit014
pnml2lts-seq: Loading model from spec/PNML/echo-d2r11.pnml
pnml2lts-seq: Petri net has 1119 places, 874 transitions and 4996 arcs
pnml2lts-seq: There are 0 safe places
pnml2lts-seq: Petri net spec/PNML/echo-d2r11.pnml analyzed
pnml2lts-seq: Loading Petri net took 0.070 real 0.070 user 0.000 sys
pnml2lts-seq: Initializing regrouping layer
pnml2lts-seq: Regroup specification: sc,tg,vacm,mm
pnml2lts-seq: Regroup Select Combined matrix
pnml2lts-seq: Regroup Total graph
pnml2lts-seq: Regroup ViennaCL's Advanced Cuthill McKee
pnml2lts-seq: bandwidth: 705
pnml2lts-seq: profile: 3365920
pnml2lts-seq: span: 5381485
pnml2lts-seq: average wavefront: 458.08528
pnml2lts-seq: RMS wavefront: 485.15175
pnml2lts-seq: Regroup Matrix Metrics
pnml2lts-seq: Regrouping: 874->874 groups
pnml2lts-seq: Regrouping took 4.750 real 4.730 user 0.000 sys
pnml2lts-seq: max token count: 1
Event Span: 127639
Normalized Event Span: 0.130509
Weighted Event Span, moment 1 (WES^1): 152796
Normalized Weighted Event Span, moment 1: 0.156232
Exit [0]
4.80 user, 0.01 system, 4.91 elapsed -- Max VSize = 53508KB, Max RSS = 15264KB
