statistics run
dve2lts-seq spec/DVE/public_subscribe.1.dve -rsc,bn,mm --regroup-exit --graph-metrics
ctit015
dve2lts-seq: Precompiled divine module initialized
dve2lts-seq: Loading model from spec/DVE/public_subscribe.1.dve
dve2lts-seq: Initializing regrouping layer
dve2lts-seq: Regroup specification: sc,bn,mm
dve2lts-seq: Regroup Select Combined matrix
dve2lts-seq: Regroup Boost's None
dve2lts-seq: bandwidth: 89
dve2lts-seq: profile: 4701
dve2lts-seq: span: 984
dve2lts-seq: average wavefront: 13.43
dve2lts-seq: RMS wavefront: 14.05
dve2lts-seq: Regroup Matrix Metrics
dve2lts-seq: Regrouping: 71->71 groups
dve2lts-seq: Regrouping took 0.000 real 0.000 user 0.000 sys
Event Span: 394
Normalized Event Span: 0.2775
Weighted Event Span, moment 1 (WES^1): 535.8
Normalized Weighted Event Span, moment 1: 0.3773
Exit [0]
0.82 user, 0.06 system, 0.90 elapsed -- Max VSize = 38240KB, Max RSS = 4748KB
