statistics run
pnml2lts-seq spec/PNML/2D8_gradient_10x10_100.pnml -rsc,tg,bk,mm --regroup-exit --graph-metrics
ctit021
pnml2lts-seq: Loading model from spec/PNML/2D8_gradient_10x10_100.pnml
pnml2lts-seq: Petri net has 100 places, 684 transitions and 1368 arcs
pnml2lts-seq: There are 0 safe places
pnml2lts-seq: Petri net spec/PNML/2D8_gradient_10x10_100.pnml analyzed
pnml2lts-seq: Loading Petri net took 0.010 real 0.010 user 0.000 sys
pnml2lts-seq: Initializing regrouping layer
pnml2lts-seq: Regroup specification: sc,tg,bk,mm
pnml2lts-seq: Regroup Select Combined matrix
pnml2lts-seq: Regroup Total graph
pnml2lts-seq: Regroup Boost's King
pnml2lts-seq: bandwidth: 290
pnml2lts-seq: profile: 346727
pnml2lts-seq: span: 511075
pnml2lts-seq: average wavefront: 97.42147
pnml2lts-seq: RMS wavefront: 106.1634
pnml2lts-seq: Regroup Matrix Metrics
pnml2lts-seq: Regrouping: 684->684 groups
pnml2lts-seq: Regrouping took 0.100 real 0.100 user 0.000 sys
pnml2lts-seq: max token count: 100
Event Span: 6764
Normalized Event Span: 0.098889
Weighted Event Span, moment 1 (WES^1): 8023.4
Normalized Weighted Event Span, moment 1: 0.1173
Exit [0]
0.11 user, 0.01 system, 0.20 elapsed -- Max VSize = 48008KB, Max RSS = 9628KB
