statistics run
lps2lts-seq --mcrl2-rewriter=jitty spec/mCRL2/beem-schedule-world-3.mcrl2.lps -rsc,bg,vcm,mm --regroup-exit --graph-metrics
ctit032
lps2lts-seq: mCRL2 language module initialized
lps2lts-seq: Loading model from spec/mCRL2/beem-schedule-world-3.mcrl2.lps
lps2lts-seq: mCRL2 rewriter: jitty
lps2lts-seq: Initializing regrouping layer
lps2lts-seq: Regroup specification: sc,bg,vcm,mm
lps2lts-seq: Regroup Select Combined matrix
lps2lts-seq: Regroup Bipartite Graph
lps2lts-seq: Regroup ViennaCL's Cuthill McKee
lps2lts-seq: bandwidth: 52
lps2lts-seq: profile: 2421
lps2lts-seq: span: 3205
lps2lts-seq: average wavefront: 28.03
lps2lts-seq: RMS wavefront: 32.12
lps2lts-seq: Regroup Matrix Metrics
lps2lts-seq: Regrouping: 50->50 groups
lps2lts-seq: Regrouping took 0.000 real 0.000 user 0.000 sys
Event Span: 385
Normalized Event Span: 0.856
Weighted Event Span, moment 1 (WES^1): 770
Normalized Weighted Event Span, moment 1: 1.71
Exit [0]
0.06 user, 0.00 system, 0.10 elapsed -- Max VSize = 4196KB, Max RSS = 88KB
