statistics run
prob2lts-seq --zocket-prefix=/tmp/ltsmin-602- --no-close spec/B/obsw_M001_eventb.mch -rsc,bg,bs,mm --regroup-exit --graph-metrics
ctit016
prob2lts-seq: ProB module initialized
prob2lts-seq: Loading model from /tmp/ltsmin-606.probz
prob2lts-seq: ProB init
prob2lts-seq: connecting to zocket ipc:///tmp/ltsmin-606.probz
% set_pref(DEFAULT_SETSIZE,globalsets_fdrange,2)

Starting LTSMin Server...
pl_init_for_lts_min
prob2lts-seq: Initializing regrouping layer
prob2lts-seq: Regroup specification: sc,bg,bs,mm
prob2lts-seq: Regroup Select Combined matrix
prob2lts-seq: Regroup Bipartite Graph
prob2lts-seq: Regroup Boost's Sloan
prob2lts-seq: bandwidth: 26
prob2lts-seq: profile: 483
prob2lts-seq: span: 341
prob2lts-seq: average wavefront: 5.37
prob2lts-seq: RMS wavefront: 5.55
prob2lts-seq: Regroup Matrix Metrics
prob2lts-seq: Regrouping: 22->22 groups
prob2lts-seq: Regrouping took 0.000 real 0.000 user 0.000 sys
Event Span: 94
Normalized Event Span: 0.534
Weighted Event Span, moment 1 (WES^1): 138
Normalized Weighted Event Span, moment 1: 0.781
Exit [0]
0.00 user, 0.00 system, 0.10 elapsed -- Max VSize = 4196KB, Max RSS = 88KB
command-606: line 10: 56316 Killed                  probcli spec/B/obsw_M001_eventb.mch -ltsmin2 /tmp/ltsmin-606.probz
