statistics run
dve2lts-seq spec/DVE/elevator.2.dve -rsc,tg,bcm,mm --regroup-exit --graph-metrics
ctit038
dve2lts-seq: Precompiled divine module initialized
dve2lts-seq: Loading model from spec/DVE/elevator.2.dve
dve2lts-seq: Initializing regrouping layer
dve2lts-seq: Regroup specification: sc,tg,bcm,mm
dve2lts-seq: Regroup Select Combined matrix
dve2lts-seq: Regroup Total graph
dve2lts-seq: Regroup Boost's Cuthill McKee
dve2lts-seq: bandwidth: 103
dve2lts-seq: profile: 16278
dve2lts-seq: span: 22689
dve2lts-seq: average wavefront: 40.291
dve2lts-seq: RMS wavefront: 43.47
dve2lts-seq: Regroup Matrix Metrics
dve2lts-seq: Regrouping: 32->32 groups
dve2lts-seq: Regrouping took 0.010 real 0.000 user 0.000 sys
Event Span: 387
Normalized Event Span: 0.504
Weighted Event Span, moment 1 (WES^1): 573
Normalized Weighted Event Span, moment 1: 0.746
Exit [0]
0.68 user, 0.03 system, 1.00 elapsed -- Max VSize = 38240KB, Max RSS = 4748KB
