statistics run
prom2lts-seq spec/Promela/sem3.pml.spins -rsc,bg,vgps,mm --regroup-exit --graph-metrics
ctit001
prom2lts-seq: Precompiled SpinS module initialized
prom2lts-seq: Loading model from spec/Promela/sem3.pml.spins
prom2lts-seq: Initializing regrouping layer
prom2lts-seq: Regroup specification: sc,bg,vgps,mm
prom2lts-seq: Regroup Select Combined matrix
prom2lts-seq: Regroup Bipartite Graph
prom2lts-seq: Regroup ViennaCL's Gibbs Poole Stockmeyer
Event Span: 14
Normalized Event Span: 0.29
Weighted Event Span, moment 1 (WES^1): 12
Normalized Weighted Event Span, moment 1: 0.24
prom2lts-seq: bandwidth: 4
prom2lts-seq: profile: 41
prom2lts-seq: span: 47
prom2lts-seq: average wavefront: 2.57
prom2lts-seq: RMS wavefront: 2.95
prom2lts-seq: Regroup Matrix Metrics
prom2lts-seq: Regrouping: 6->6 groups
prom2lts-seq: Regrouping took 0.000 real 0.000 user 0.000 sys
Exit [0]
0.00 user, 0.00 system, 0.10 elapsed -- Max VSize = 4196KB, Max RSS = 88KB
