statistics run
lps2lts-seq --mcrl2-rewriter=jitty spec/mCRL2/sets_bags.mcrl2.suminst.lps -rsc,tg,bcm,mm --regroup-exit --graph-metrics
ctit012
lps2lts-seq: mCRL2 language module initialized
lps2lts-seq: Loading model from spec/mCRL2/sets_bags.mcrl2.suminst.lps
lps2lts-seq: mCRL2 rewriter: jitty
lps2lts-seq: Initializing regrouping layer
lps2lts-seq: Regroup specification: sc,tg,bcm,mm
lps2lts-seq: Regroup Select Combined matrix
lps2lts-seq: Regroup Total graph
lps2lts-seq: Regroup Boost's Cuthill McKee
lps2lts-seq: bandwidth: 160
lps2lts-seq: profile: 26834
lps2lts-seq: span: 31948
lps2lts-seq: average wavefront: 51.887
lps2lts-seq: RMS wavefront: 57.73
lps2lts-seq: Regroup Matrix Metrics
lps2lts-seq: Regrouping: 28->28 groups
lps2lts-seq: Regrouping took 0.010 real 0.000 user 0.000 sys
Event Span: 208
Normalized Event Span: 0.929
Weighted Event Span, moment 1 (WES^1): 401
Normalized Weighted Event Span, moment 1: 1.79
Exit [0]
0.03 user, 0.01 system, 0.10 elapsed -- Max VSize = 4196KB, Max RSS = 88KB
