statistics run
dve2lts-seq spec/DVE/pouring.2.dve -rsc,bn,mm --regroup-exit --graph-metrics
ctit004
dve2lts-seq: Precompiled divine module initialized
dve2lts-seq: Loading model from spec/DVE/pouring.2.dve
dve2lts-seq: Initializing regrouping layer
dve2lts-seq: Regroup specification: sc,bn,mm
dve2lts-seq: Regroup Select Combined matrix
dve2lts-seq: Regroup Boost's None
dve2lts-seq: bandwidth: 1725
dve2lts-seq: profile: 1503979
dve2lts-seq: span: 15343
dve2lts-seq: average wavefront: 6.989601
dve2lts-seq: RMS wavefront: 6.997689
dve2lts-seq: Regroup Matrix Metrics
dve2lts-seq: Regrouping: 1724->1724 groups
dve2lts-seq: Regrouping took 0.040 real 0.040 user 0.000 sys
Event Span: 5084
Normalized Event Span: 0.42128
Weighted Event Span, moment 1 (WES^1): 9018
Normalized Weighted Event Span, moment 1: 0.74727
Exit [0]
30.77 user, 2.64 system, 34.34 elapsed -- Max VSize = 39552KB, Max RSS = 6416KB
