statistics run
pnml2lts-seq spec/PNML/lamport_fmea-6.pnml -rsc,tg,bs,mm --regroup-exit --graph-metrics
ctit019
pnml2lts-seq: Loading model from spec/PNML/lamport_fmea-6.pnml
pnml2lts-seq: Petri net has 217 places, 420 transitions and 1834 arcs
pnml2lts-seq: There are 0 safe places
pnml2lts-seq: Petri net spec/PNML/lamport_fmea-6.pnml analyzed
pnml2lts-seq: Loading Petri net took 0.020 real 0.000 user 0.010 sys
pnml2lts-seq: Initializing regrouping layer
pnml2lts-seq: Regroup specification: sc,tg,bs,mm
pnml2lts-seq: Regroup Select Combined matrix
pnml2lts-seq: Regroup Total graph
pnml2lts-seq: Regroup Boost's Sloan
pnml2lts-seq: bandwidth: 1556
pnml2lts-seq: profile: 795754
pnml2lts-seq: span: 849166
pnml2lts-seq: average wavefront: 84.43963
pnml2lts-seq: RMS wavefront: 90.07357
pnml2lts-seq: Regroup Matrix Metrics
pnml2lts-seq: Regrouping: 420->420 groups
pnml2lts-seq: Regrouping took 0.500 real 0.500 user 0.010 sys
pnml2lts-seq: max token count: 1
Event Span: 20003
Normalized Event Span: 0.21948
Weighted Event Span, moment 1 (WES^1): 17730
Normalized Weighted Event Span, moment 1: 0.19454
Exit [0]
0.50 user, 0.02 system, 0.60 elapsed -- Max VSize = 48016KB, Max RSS = 9688KB
