performance run
prob2lts-seq --zocket-prefix=/tmp/ltsmin-26897- --no-close spec/B/brueckenproblem.mch -rsc,bg,vcm --regroup-exit
ctit040
prob2lts-seq: ProB module initialized
prob2lts-seq: Loading model from /tmp/ltsmin-26901.probz
prob2lts-seq: ProB init
prob2lts-seq: connecting to zocket ipc:///tmp/ltsmin-26901.probz
% set_pref(MAX_OPERATIONS,maxNrOfEnablingsPerOperation,40)

Starting LTSMin Server...
pl_init_for_lts_min
prob2lts-seq: Initializing regrouping layer
prob2lts-seq: Regroup specification: sc,bg,vcm
prob2lts-seq: Regroup Select Combined matrix
prob2lts-seq: Regroup Bipartite Graph
prob2lts-seq: Regroup ViennaCL's Cuthill McKee
prob2lts-seq: Regrouping: 4->4 groups
prob2lts-seq: Regrouping took 0.000 real 0.000 user 0.000 sys
Exit [0]
0.00 user, 0.01 system, 0.10 elapsed -- Max VSize = 4196KB, Max RSS = 88KB
command-26901: line 10: 35929 Killed                  probcli spec/B/brueckenproblem.mch -ltsmin2 /tmp/ltsmin-26901.probz
