statistics run
lps2lts-seq --mcrl2-rewriter=jitty spec/mCRL2/dining3.mcrl2.suminst.lps -rsc,bg,bcm,mm --regroup-exit --graph-metrics
ctit012
lps2lts-seq: mCRL2 language module initialized
lps2lts-seq: Loading model from spec/mCRL2/dining3.mcrl2.suminst.lps
lps2lts-seq: mCRL2 rewriter: jitty
lps2lts-seq: Initializing regrouping layer
lps2lts-seq: Regroup specification: sc,bg,bcm,mm
lps2lts-seq: Regroup Select Combined matrix
lps2lts-seq: Regroup Bipartite Graph
lps2lts-seq: Regroup Boost's Cuthill McKee
lps2lts-seq: bandwidth: 533
lps2lts-seq: profile: 225228
lps2lts-seq: span: 292781
lps2lts-seq: average wavefront: 226.319
lps2lts-seq: RMS wavefront: 284.119
lps2lts-seq: Regroup Matrix Metrics
lps2lts-seq: Regrouping: 639->639 groups
lps2lts-seq: Regrouping took 0.040 real 0.030 user 0.010 sys
Event Span: 5187
Normalized Event Span: 0.9019
Weighted Event Span, moment 1 (WES^1): 9810
Normalized Weighted Event Span, moment 1: 1.706
Exit [0]
0.08 user, 0.02 system, 0.20 elapsed -- Max VSize = 67336KB, Max RSS = 13756KB
