statistics run
dve2lts-seq spec/DVE/fischer.3.dve -rsc,bg,bs,mm --regroup-exit --graph-metrics
ctit004
dve2lts-seq: Precompiled divine module initialized
dve2lts-seq: Loading model from spec/DVE/fischer.3.dve
dve2lts-seq: Initializing regrouping layer
dve2lts-seq: Regroup specification: sc,bg,bs,mm
dve2lts-seq: Regroup Select Combined matrix
dve2lts-seq: Regroup Bipartite Graph
dve2lts-seq: Regroup Boost's Sloan
dve2lts-seq: bandwidth: 45
dve2lts-seq: profile: 1245
dve2lts-seq: span: 1024
dve2lts-seq: average wavefront: 8
dve2lts-seq: RMS wavefront: 8.785
dve2lts-seq: Regroup Matrix Metrics
dve2lts-seq: Regrouping: 37->37 groups
dve2lts-seq: Regrouping took 0.000 real 0.000 user 0.000 sys
Event Span: 258
Normalized Event Span: 0.498
Weighted Event Span, moment 1 (WES^1): 349
Normalized Weighted Event Span, moment 1: 0.674
Exit [0]
0.56 user, 0.04 system, 0.60 elapsed -- Max VSize = 38240KB, Max RSS = 4748KB
