statistics run
pnml2lts-seq spec/PNML/dekker-50.pnml -rsc,tg,bk,mm --regroup-exit --graph-metrics
ctit002
pnml2lts-seq: Loading model from spec/PNML/dekker-50.pnml
pnml2lts-seq: Petri net has 250 places, 2600 transitions and 20100 arcs
pnml2lts-seq: There are 0 safe places
pnml2lts-seq: Petri net spec/PNML/dekker-50.pnml analyzed
pnml2lts-seq: Loading Petri net took 0.200 real 0.180 user 0.020 sys
pnml2lts-seq: Initializing regrouping layer
pnml2lts-seq: Regroup specification: sc,tg,bk,mm
pnml2lts-seq: Regroup Select Combined matrix
pnml2lts-seq: Regroup Total graph
pnml2lts-seq: Regroup Boost's King
pnml2lts-seq: bandwidth: 10289
pnml2lts-seq: profile: 150422922
pnml2lts-seq: span: 179643606
pnml2lts-seq: average wavefront: 3228.74061
pnml2lts-seq: RMS wavefront: 3588.00068
pnml2lts-seq: Regroup Matrix Metrics
pnml2lts-seq: Regrouping: 2600->2600 groups
pnml2lts-seq: Regrouping took 35.050 real 34.920 user 0.010 sys
pnml2lts-seq: max token count: 1
Event Span: 330967
Normalized Event Span: 0.50918
Weighted Event Span, moment 1 (WES^1): 432675
Normalized Weighted Event Span, moment 1: 0.665653
Exit [0]
35.10 user, 0.04 system, 35.34 elapsed -- Max VSize = 75692KB, Max RSS = 37512KB
