statistics run
dve2lts-seq spec/DVE/rether.2.dve -rsc,bg,bs,mm --regroup-exit --graph-metrics
ctit009
dve2lts-seq: Precompiled divine module initialized
dve2lts-seq: Loading model from spec/DVE/rether.2.dve
dve2lts-seq: Initializing regrouping layer
dve2lts-seq: Regroup specification: sc,bg,bs,mm
dve2lts-seq: Regroup Select Combined matrix
dve2lts-seq: Regroup Bipartite Graph
dve2lts-seq: Regroup Boost's Sloan
dve2lts-seq: bandwidth: 73
dve2lts-seq: profile: 2792
dve2lts-seq: span: 2627
dve2lts-seq: average wavefront: 11.16
dve2lts-seq: RMS wavefront: 12.28
dve2lts-seq: Regroup Matrix Metrics
dve2lts-seq: Regrouping: 66->66 groups
dve2lts-seq: Regrouping took 0.000 real 0.000 user 0.000 sys
Event Span: 579
Normalized Event Span: 0.3814
Weighted Event Span, moment 1 (WES^1): 851.9
Normalized Weighted Event Span, moment 1: 0.5612
Exit [0]
1.05 user, 0.06 system, 1.20 elapsed -- Max VSize = 38240KB, Max RSS = 4748KB
