statistics run
lps2lts-seq --mcrl2-rewriter=jitty spec/mCRL2/swp_func.mcrl2.lps -rsc,tg,bs,mm --regroup-exit --graph-metrics
ctit002
lps2lts-seq: mCRL2 language module initialized
lps2lts-seq: Loading model from spec/mCRL2/swp_func.mcrl2.lps
lps2lts-seq: mCRL2 rewriter: jitty
lps2lts-seq: Initializing regrouping layer
lps2lts-seq: Regroup specification: sc,tg,bs,mm
lps2lts-seq: Regroup Select Combined matrix
lps2lts-seq: Regroup Total graph
lps2lts-seq: Regroup Boost's Sloan
lps2lts-seq: bandwidth: 32
lps2lts-seq: profile: 758
lps2lts-seq: span: 982
lps2lts-seq: average wavefront: 7.017
lps2lts-seq: RMS wavefront: 7.374
lps2lts-seq: Regroup Matrix Metrics
lps2lts-seq: Regrouping: 11->11 groups
lps2lts-seq: Regrouping took 0.000 real 0.000 user 0.000 sys
Event Span: 47
Normalized Event Span: 0.388
Weighted Event Span, moment 1 (WES^1): 73.8
Normalized Weighted Event Span, moment 1: 0.61
Exit [0]
0.03 user, 0.00 system, 0.10 elapsed -- Max VSize = 4196KB, Max RSS = 88KB
