statistics run
pnml2lts-seq spec/PNML/PolyORB-NT-S10-J40-unfolded.pnml -rsc,tg,vcm,mm --regroup-exit --graph-metrics
ctit012
pnml2lts-seq: Loading model from spec/PNML/PolyORB-NT-S10-J40-unfolded.pnml
pnml2lts-seq: Petri net has 854 places, 12340 transitions and 113999 arcs
pnml2lts-seq: There are 0 safe places
pnml2lts-seq: Petri net spec/PNML/PolyORB-NT-S10-J40-unfolded.pnml analyzed
pnml2lts-seq: Loading Petri net took 1.680 real 1.480 user 0.190 sys
pnml2lts-seq: Initializing regrouping layer
pnml2lts-seq: Regroup specification: sc,tg,vcm,mm
pnml2lts-seq: Regroup Select Combined matrix
pnml2lts-seq: Regroup Total graph
pnml2lts-seq: Regroup ViennaCL's Cuthill McKee
pnml2lts-seq: bandwidth: 99714
pnml2lts-seq: profile: 8884820317
pnml2lts-seq: span: 11022832795
pnml2lts-seq: average wavefront: 53033.164738
pnml2lts-seq: RMS wavefront: 60168.492052
pnml2lts-seq: Regroup Matrix Metrics
pnml2lts-seq: Regrouping: 12340->12340 groups
pnml2lts-seq: Regrouping took 3020.780 real 3012.820 user 2.450 sys
pnml2lts-seq: max token count: 10
Event Span: 8991163
Normalized Event Span: 0.85318427
Weighted Event Span, moment 1 (WES^1): 17013299
Normalized Weighted Event Span, moment 1: 1.6144162
Exit [0]
3014.31 user, 2.65 system, 3022.51 elapsed -- Max VSize = 295976KB, Max RSS = 257860KB
