statistics run
pnml2lts-seq spec/PNML/SmallOperatingSystem-MT2048DC1024.pnml -rsc,bg,bk,mm --regroup-exit --graph-metrics
ctit003
pnml2lts-seq: Loading model from spec/PNML/SmallOperatingSystem-MT2048DC1024.pnml
pnml2lts-seq: Petri net has 9 places, 8 transitions and 27 arcs
pnml2lts-seq: There are 0 safe places
pnml2lts-seq: Petri net spec/PNML/SmallOperatingSystem-MT2048DC1024.pnml analyzed
pnml2lts-seq: Loading Petri net took 0.010 real 0.000 user 0.000 sys
pnml2lts-seq: Initializing regrouping layer
pnml2lts-seq: Regroup specification: sc,bg,bk,mm
pnml2lts-seq: Regroup Select Combined matrix
pnml2lts-seq: Regroup Bipartite Graph
pnml2lts-seq: Regroup Boost's King
pnml2lts-seq: bandwidth: 6
pnml2lts-seq: profile: 94
pnml2lts-seq: span: 125
pnml2lts-seq: average wavefront: 4.35
pnml2lts-seq: RMS wavefront: 4.61
pnml2lts-seq: Regroup Matrix Metrics
pnml2lts-seq: Regrouping: 8->8 groups
pnml2lts-seq: Regrouping took 0.000 real 0.000 user 0.000 sys
pnml2lts-seq: max token count: 2048
Event Span: 37
Normalized Event Span: 0.51
Weighted Event Span, moment 1 (WES^1): 56
Normalized Weighted Event Span, moment 1: 0.78
Exit [0]
0.01 user, 0.00 system, 0.10 elapsed -- Max VSize = 4196KB, Max RSS = 88KB
