statistics run
dve2lts-seq spec/DVE/collision.3.dve -rsc,bg,bcm,mm --regroup-exit --graph-metrics
ctit022
dve2lts-seq: Precompiled divine module initialized
dve2lts-seq: Loading model from spec/DVE/collision.3.dve
dve2lts-seq: Initializing regrouping layer
dve2lts-seq: Regroup specification: sc,bg,bcm,mm
dve2lts-seq: Regroup Select Combined matrix
dve2lts-seq: Regroup Bipartite Graph
dve2lts-seq: Regroup Boost's Cuthill McKee
dve2lts-seq: bandwidth: 26
dve2lts-seq: profile: 889
dve2lts-seq: span: 1067
dve2lts-seq: average wavefront: 8.817
dve2lts-seq: RMS wavefront: 10.2
dve2lts-seq: Regroup Matrix Metrics
dve2lts-seq: Regrouping: 42->42 groups
dve2lts-seq: Regrouping took 0.000 real 0.000 user 0.000 sys
Event Span: 207
Normalized Event Span: 0.274
Weighted Event Span, moment 1 (WES^1): 268
Normalized Weighted Event Span, moment 1: 0.355
Exit [0]
0.75 user, 0.05 system, 0.90 elapsed -- Max VSize = 38240KB, Max RSS = 4748KB
