statistics run
dve2lts-seq spec/DVE/firewire_tree.2.dve -rsc,bg,vcm,mm --regroup-exit --graph-metrics
ctit007
dve2lts-seq: Precompiled divine module initialized
dve2lts-seq: Loading model from spec/DVE/firewire_tree.2.dve
dve2lts-seq: Initializing regrouping layer
dve2lts-seq: Regroup specification: sc,bg,vcm,mm
dve2lts-seq: Regroup Select Combined matrix
dve2lts-seq: Regroup Bipartite Graph
dve2lts-seq: Regroup ViennaCL's Cuthill McKee
dve2lts-seq: bandwidth: 141
dve2lts-seq: profile: 25430
dve2lts-seq: span: 25545
dve2lts-seq: average wavefront: 65.6707
dve2lts-seq: RMS wavefront: 72.0339
dve2lts-seq: Regroup Matrix Metrics
dve2lts-seq: Regrouping: 248->248 groups
dve2lts-seq: Regrouping took 0.010 real 0.010 user 0.010 sys
Event Span: 6218
Normalized Event Span: 0.30208
Weighted Event Span, moment 1 (WES^1): 8801.8
Normalized Weighted Event Span, moment 1: 0.4276
Exit [0]
4.47 user, 0.18 system, 4.71 elapsed -- Max VSize = 38240KB, Max RSS = 4748KB
