statistics run
pnml2lts-seq spec/PNML/dekker-15.pnml -rsc,bg,bk,mm --regroup-exit --graph-metrics
ctit012
pnml2lts-seq: Loading model from spec/PNML/dekker-15.pnml
pnml2lts-seq: Petri net has 75 places, 255 transitions and 1830 arcs
pnml2lts-seq: There are 0 safe places
pnml2lts-seq: Petri net spec/PNML/dekker-15.pnml analyzed
pnml2lts-seq: Loading Petri net took 0.010 real 0.010 user 0.000 sys
pnml2lts-seq: Initializing regrouping layer
pnml2lts-seq: Regroup specification: sc,bg,bk,mm
pnml2lts-seq: Regroup Select Combined matrix
pnml2lts-seq: Regroup Bipartite Graph
pnml2lts-seq: Regroup Boost's King
pnml2lts-seq: bandwidth: 266
pnml2lts-seq: profile: 51386
pnml2lts-seq: span: 33042
pnml2lts-seq: average wavefront: 47.0333
pnml2lts-seq: RMS wavefront: 50.5876
pnml2lts-seq: Regroup Matrix Metrics
pnml2lts-seq: Regrouping: 255->255 groups
pnml2lts-seq: Regrouping took 0.010 real 0.000 user 0.000 sys
pnml2lts-seq: max token count: 1
Event Span: 14258
Normalized Event Span: 0.74552
Weighted Event Span, moment 1 (WES^1): 25511
Normalized Weighted Event Span, moment 1: 1.3339
Exit [0]
0.02 user, 0.01 system, 0.10 elapsed -- Max VSize = 4196KB, Max RSS = 88KB
