statistics run
dve2lts-seq spec/DVE/szymanski.5.dve -rsc,tg,bk,mm --regroup-exit --graph-metrics
ctit014
dve2lts-seq: Precompiled divine module initialized
dve2lts-seq: Loading model from spec/DVE/szymanski.5.dve
dve2lts-seq: Initializing regrouping layer
dve2lts-seq: Regroup specification: sc,tg,bk,mm
dve2lts-seq: Regroup Select Combined matrix
dve2lts-seq: Regroup Total graph
dve2lts-seq: Regroup Boost's King
dve2lts-seq: bandwidth: 444
dve2lts-seq: profile: 176997
dve2lts-seq: span: 225362
dve2lts-seq: average wavefront: 95.0699
dve2lts-seq: RMS wavefront: 100.692
dve2lts-seq: Regroup Matrix Metrics
dve2lts-seq: Regrouping: 120->120 groups
dve2lts-seq: Regrouping took 0.020 real 0.020 user 0.000 sys
Event Span: 1144
Normalized Event Span: 0.3813
Weighted Event Span, moment 1 (WES^1): 1803
Normalized Weighted Event Span, moment 1: 0.601
Exit [0]
2.17 user, 0.13 system, 2.40 elapsed -- Max VSize = 41780KB, Max RSS = 6388KB
