statistics run
dve2lts-seq spec/DVE/at.3.dve -rsc,bg,vacm,mm --regroup-exit --graph-metrics
ctit028
dve2lts-seq: Precompiled divine module initialized
dve2lts-seq: Loading model from spec/DVE/at.3.dve
dve2lts-seq: Initializing regrouping layer
dve2lts-seq: Regroup specification: sc,bg,vacm,mm
dve2lts-seq: Regroup Select Combined matrix
dve2lts-seq: Regroup Bipartite Graph
dve2lts-seq: Regroup ViennaCL's Advanced Cuthill McKee
dve2lts-seq: bandwidth: 52
dve2lts-seq: profile: 2677
dve2lts-seq: span: 3591
dve2lts-seq: average wavefront: 26.91
dve2lts-seq: RMS wavefront: 31.44
dve2lts-seq: Regroup Matrix Metrics
dve2lts-seq: Regrouping: 57->57 groups
dve2lts-seq: Regrouping took 0.000 real 0.000 user 0.000 sys
Event Span: 418
Normalized Event Span: 0.611
Weighted Event Span, moment 1 (WES^1): 650
Normalized Weighted Event Span, moment 1: 0.95
Exit [0]
0.69 user, 0.07 system, 0.80 elapsed -- Max VSize = 38240KB, Max RSS = 4748KB
