statistics run
prom2lts-seq spec/Promela/fair.pml.spins -rsc,tg,vacm,mm --regroup-exit --graph-metrics
ctit012
prom2lts-seq: Precompiled SpinS module initialized
prom2lts-seq: Loading model from spec/Promela/fair.pml.spins
prom2lts-seq: Initializing regrouping layer
prom2lts-seq: Regroup specification: sc,tg,vacm,mm
prom2lts-seq: Regroup Select Combined matrix
prom2lts-seq: Regroup Total graph
prom2lts-seq: Regroup ViennaCL's Advanced Cuthill McKee
prom2lts-seq: bandwidth: 8
prom2lts-seq: profile: 165
prom2lts-seq: span: 233
prom2lts-seq: average wavefront: 5.19
prom2lts-seq: RMS wavefront: 5.55
prom2lts-seq: Regroup Matrix Metrics
prom2lts-seq: Regrouping: 6->6 groups
prom2lts-seq: Regrouping took 0.000 real 0.000 user 0.000 sys
Event Span: 17
Normalized Event Span: 0.4
Weighted Event Span, moment 1 (WES^1): 26
Normalized Weighted Event Span, moment 1: 0.62
Exit [0]
0.00 user, 0.01 system, 0.10 elapsed -- Max VSize = 4196KB, Max RSS = 88KB
