statistics run
prom2lts-seq spec/Promela/iprotocol.4.prom.spins -rsc,tg,vacm,mm --regroup-exit --graph-metrics
ctit002
prom2lts-seq: Precompiled SpinS module initialized
prom2lts-seq: Loading model from spec/Promela/iprotocol.4.prom.spins
prom2lts-seq: Initializing regrouping layer
prom2lts-seq: Regroup specification: sc,tg,vacm,mm
prom2lts-seq: Regroup Select Combined matrix
prom2lts-seq: Regroup Total graph
prom2lts-seq: Regroup ViennaCL's Advanced Cuthill McKee
prom2lts-seq: bandwidth: 187
prom2lts-seq: profile: 32353
prom2lts-seq: span: 39128
prom2lts-seq: average wavefront: 83.509
prom2lts-seq: RMS wavefront: 99.5219
prom2lts-seq: Regroup Matrix Metrics
prom2lts-seq: Regrouping: 46->46 groups
prom2lts-seq: Regrouping took 0.000 real 0.000 user 0.000 sys
Event Span: 566
Normalized Event Span: 0.3076
Weighted Event Span, moment 1 (WES^1): 1052
Normalized Weighted Event Span, moment 1: 0.5718
Exit [0]
0.01 user, 0.01 system, 0.10 elapsed -- Max VSize = 4196KB, Max RSS = 84KB
