statistics run
prob2lts-seq --zocket-prefix=/tmp/ltsmin-378- --no-close spec/B/SiemensMiniPilot_Abrial_mch_0.mch -rsc,tg,bk,mm --regroup-exit --graph-metrics
ctit041
prob2lts-seq: ProB module initialized
prob2lts-seq: Loading model from /tmp/ltsmin-387.probz
prob2lts-seq: ProB init
prob2lts-seq: connecting to zocket ipc:///tmp/ltsmin-387.probz
% set_pref(SHOW_EVENTB_ANY_VALUES,show_eventb_any_arguments,true)

Starting LTSMin Server...
pl_init_for_lts_min
prob2lts-seq: Initializing regrouping layer
prob2lts-seq: Regroup specification: sc,tg,bk,mm
prob2lts-seq: Regroup Select Combined matrix
prob2lts-seq: Regroup Total graph
prob2lts-seq: Regroup Boost's King
prob2lts-seq: bandwidth: 45
prob2lts-seq: profile: 2213
prob2lts-seq: span: 2913
prob2lts-seq: average wavefront: 19.82
prob2lts-seq: RMS wavefront: 22.46
prob2lts-seq: Regroup Matrix Metrics
prob2lts-seq: Regrouping: 10->10 groups
prob2lts-seq: Regrouping took 0.000 real 0.000 user 0.000 sys
Event Span: 73
Normalized Event Span: 0.73
Weighted Event Span, moment 1 (WES^1): 1.4e+02
Normalized Weighted Event Span, moment 1: 1.4
Exit [0]
0.00 user, 0.01 system, 0.10 elapsed -- Max VSize = 4196KB, Max RSS = 84KB
command-387: line 10: 18321 Killed                  probcli spec/B/SiemensMiniPilot_Abrial_mch_0.mch -ltsmin2 /tmp/ltsmin-387.probz
