statistics run
dve2lts-seq spec/DVE/brp.5.dve -rsc,bg,bcm,mm --regroup-exit --graph-metrics
ctit019
dve2lts-seq: Precompiled divine module initialized
dve2lts-seq: Loading model from spec/DVE/brp.5.dve
dve2lts-seq: Initializing regrouping layer
dve2lts-seq: Regroup specification: sc,bg,bcm,mm
dve2lts-seq: Regroup Select Combined matrix
dve2lts-seq: Regroup Bipartite Graph
dve2lts-seq: Regroup Boost's Cuthill McKee
dve2lts-seq: bandwidth: 22
dve2lts-seq: profile: 1089
dve2lts-seq: span: 1139
dve2lts-seq: average wavefront: 8.592
dve2lts-seq: RMS wavefront: 9.791
dve2lts-seq: Regroup Matrix Metrics
dve2lts-seq: Regrouping: 53->53 groups
dve2lts-seq: Regrouping took 0.000 real 0.000 user 0.000 sys
Event Span: 293
Normalized Event Span: 0.307
Weighted Event Span, moment 1 (WES^1): 426
Normalized Weighted Event Span, moment 1: 0.446
Exit [0]
0.54 user, 0.05 system, 0.60 elapsed -- Max VSize = 38240KB, Max RSS = 4680KB
