statistics run
pnml2lts-seq spec/PNML/Philosophers-200.pnml -rsc,f,mm --regroup-exit
ctit028
pnml2lts-seq: Loading model from spec/PNML/Philosophers-200.pnml
pnml2lts-seq: Petri net has 1000 places, 1000 transitions and 3200 arcs
pnml2lts-seq: There are 0 safe places
pnml2lts-seq: Petri net spec/PNML/Philosophers-200.pnml analyzed
pnml2lts-seq: Loading Petri net took 0.090 real 0.070 user 0.020 sys
pnml2lts-seq: Initializing regrouping layer
pnml2lts-seq: Regroup specification: sc,f,mm
pnml2lts-seq: Regroup Select Combined matrix
pnml2lts-seq: Regroup FORCE
pnml2lts-seq: Regroup Matrix Metrics
pnml2lts-seq: Regrouping: 1000->1000 groups
pnml2lts-seq: Regrouping took 0.390 real 0.380 user 0.000 sys
pnml2lts-seq: max token count: 1
Event Span: 13243
Normalized Event Span: 0.013243
Weighted Event Span, moment 1 (WES^1): 13544.1
Normalized Weighted Event Span, moment 1: 0.0135441
Exit [0]
0.46 user, 0.03 system, 0.50 elapsed -- Max VSize = 57592KB, Max RSS = 19192KB
