statistics run
dve2lts-seq spec/DVE/rether.1.dve -rsc,bg,vacm,mm --regroup-exit --graph-metrics
ctit008
dve2lts-seq: Precompiled divine module initialized
dve2lts-seq: Loading model from spec/DVE/rether.1.dve
dve2lts-seq: Initializing regrouping layer
dve2lts-seq: Regroup specification: sc,bg,vacm,mm
dve2lts-seq: Regroup Select Combined matrix
dve2lts-seq: Regroup Bipartite Graph
dve2lts-seq: Regroup ViennaCL's Advanced Cuthill McKee
dve2lts-seq: bandwidth: 30
dve2lts-seq: profile: 1275
dve2lts-seq: span: 1559
dve2lts-seq: average wavefront: 14.97
dve2lts-seq: RMS wavefront: 16.52
dve2lts-seq: Regroup Matrix Metrics
dve2lts-seq: Regrouping: 51->51 groups
dve2lts-seq: Regrouping took 0.000 real 0.000 user 0.000 sys
Event Span: 374
Normalized Event Span: 0.386
Weighted Event Span, moment 1 (WES^1): 588
Normalized Weighted Event Span, moment 1: 0.607
Exit [0]
0.84 user, 0.08 system, 1.00 elapsed -- Max VSize = 38240KB, Max RSS = 4748KB
