statistics run
dve2lts-seq spec/DVE/phils.5.dve -rsc,bn,mm --regroup-exit --graph-metrics
ctit008
dve2lts-seq: Precompiled divine module initialized
dve2lts-seq: Loading model from spec/DVE/phils.5.dve
dve2lts-seq: Initializing regrouping layer
dve2lts-seq: Regroup specification: sc,bn,mm
dve2lts-seq: Regroup Select Combined matrix
dve2lts-seq: Regroup Boost's None
dve2lts-seq: bandwidth: 60
dve2lts-seq: profile: 3021
dve2lts-seq: span: 786
dve2lts-seq: average wavefront: 13.96
dve2lts-seq: RMS wavefront: 15.58
dve2lts-seq: Regroup Matrix Metrics
dve2lts-seq: Regrouping: 48->48 groups
dve2lts-seq: Regrouping took 0.000 real 0.000 user 0.000 sys
Event Span: 624
Normalized Event Span: 0.5417
Weighted Event Span, moment 1 (WES^1): 973
Normalized Weighted Event Span, moment 1: 0.8446
Exit [0]
0.76 user, 0.05 system, 0.90 elapsed -- Max VSize = 38240KB, Max RSS = 4752KB
