statistics run
lps2lts-seq --mcrl2-rewriter=jitty spec/mCRL2/C2.mcrl2.lps -rsc,tg,vgps,mm --regroup-exit --graph-metrics
ctit026
lps2lts-seq: mCRL2 language module initialized
lps2lts-seq: Loading model from spec/mCRL2/C2.mcrl2.lps
lps2lts-seq: mCRL2 rewriter: jitty
lps2lts-seq: Initializing regrouping layer
lps2lts-seq: Regroup specification: sc,tg,vgps,mm
lps2lts-seq: Regroup Select Combined matrix
lps2lts-seq: Regroup Total graph
lps2lts-seq: Regroup ViennaCL's Gibbs Poole Stockmeyer
lps2lts-seq: bandwidth: 11
lps2lts-seq: profile: 219
lps2lts-seq: span: 311
lps2lts-seq: average wavefront: 7.08
lps2lts-seq: RMS wavefront: 7.73
lps2lts-seq: Regroup Matrix Metrics
lps2lts-seq: Regrouping: 4->4 groups
lps2lts-seq: Regrouping took 0.000 real 0.000 user 0.000 sys
Event Span: 16
Normalized Event Span: 1
Weighted Event Span, moment 1 (WES^1): 32
Normalized Weighted Event Span, moment 1: 2
Exit [0]
0.01 user, 0.01 system, 0.10 elapsed -- Max VSize = 4196KB, Max RSS = 88KB
