statistics run
pnml2lts-seq spec/PNML/5-10_phaseVariation.pnml -rsc,f,mm --regroup-exit
ctit017
pnml2lts-seq: Loading model from spec/PNML/5-10_phaseVariation.pnml
pnml2lts-seq: Petri net has 77 places, 677 transitions and 4685 arcs
pnml2lts-seq: There are 0 safe places
pnml2lts-seq: Petri net spec/PNML/5-10_phaseVariation.pnml analyzed
pnml2lts-seq: Loading Petri net took 0.050 real 0.030 user 0.010 sys
pnml2lts-seq: Initializing regrouping layer
pnml2lts-seq: Regroup specification: sc,f,mm
pnml2lts-seq: Regroup Select Combined matrix
pnml2lts-seq: Regroup FORCE
pnml2lts-seq: Regroup Matrix Metrics
pnml2lts-seq: Regrouping: 677->677 groups
pnml2lts-seq: Regrouping took 0.000 real 0.010 user 0.000 sys
pnml2lts-seq: max token count: 1
Event Span: 16909
Normalized Event Span: 0.32437
Weighted Event Span, moment 1 (WES^1): 23089
Normalized Weighted Event Span, moment 1: 0.44292
Exit [0]
0.04 user, 0.02 system, 0.10 elapsed -- Max VSize = 4196KB, Max RSS = 88KB
