statistics run
dve2lts-seq spec/DVE/needham.2.dve -rsc,tg,bcm,mm --regroup-exit --graph-metrics
ctit012
dve2lts-seq: Precompiled divine module initialized
dve2lts-seq: Loading model from spec/DVE/needham.2.dve
dve2lts-seq: Initializing regrouping layer
dve2lts-seq: Regroup specification: sc,tg,bcm,mm
dve2lts-seq: Regroup Select Combined matrix
dve2lts-seq: Regroup Total graph
dve2lts-seq: Regroup Boost's Cuthill McKee
dve2lts-seq: bandwidth: 196
dve2lts-seq: profile: 70725
dve2lts-seq: span: 96888
dve2lts-seq: average wavefront: 88.8702
dve2lts-seq: RMS wavefront: 100.656
dve2lts-seq: Regroup Matrix Metrics
dve2lts-seq: Regrouping: 98->98 groups
dve2lts-seq: Regrouping took 0.010 real 0.000 user 0.000 sys
Event Span: 852
Normalized Event Span: 0.414
Weighted Event Span, moment 1 (WES^1): 1019
Normalized Weighted Event Span, moment 1: 0.4953
Exit [0]
1.78 user, 0.10 system, 1.90 elapsed -- Max VSize = 38240KB, Max RSS = 4748KB
