statistics run
dve2lts-seq spec/DVE/peg_solitaire.1.dve -rsc,bg,vgps,mm --regroup-exit --graph-metrics
ctit004
dve2lts-seq: Precompiled divine module initialized
dve2lts-seq: Loading model from spec/DVE/peg_solitaire.1.dve
dve2lts-seq: Initializing regrouping layer
dve2lts-seq: Regroup specification: sc,bg,vgps,mm
dve2lts-seq: Regroup Select Combined matrix
dve2lts-seq: Regroup Bipartite Graph
dve2lts-seq: Regroup ViennaCL's Gibbs Poole Stockmeyer
dve2lts-seq: bandwidth: 41
dve2lts-seq: profile: 2148
dve2lts-seq: span: 2052
dve2lts-seq: average wavefront: 20.59
dve2lts-seq: RMS wavefront: 22.78
dve2lts-seq: Regroup Matrix Metrics
dve2lts-seq: Regrouping: 48->48 groups
dve2lts-seq: Regrouping took 0.010 real 0.000 user 0.000 sys
Event Span: 864
Normalized Event Span: 1
Weighted Event Span, moment 1 (WES^1): 1.73e+03
Normalized Weighted Event Span, moment 1: 2
Exit [0]
1.06 user, 0.06 system, 1.20 elapsed -- Max VSize = 38240KB, Max RSS = 4748KB
