statistics run
pnml2lts-seq spec/PNML/raft_06.pnml -rsc,bn,mm --noack=2 --regroup-exit --graph-metrics
ctit036
pnml2lts-seq: Loading model from spec/PNML/raft_06.pnml
pnml2lts-seq: Petri net has 188 places, 332 transitions and 1231 arcs
pnml2lts-seq: There are 188 safe places
pnml2lts-seq: Petri net spec/PNML/raft_06.pnml analyzed
pnml2lts-seq: Computing Noack2 order
pnml2lts-seq: Computing Noack2 order took 0.000 real 0.000 user 0.000 sys
pnml2lts-seq: Loading Petri net took 0.010 real 0.010 user 0.000 sys
pnml2lts-seq: Initializing regrouping layer
pnml2lts-seq: Got state vector permutation from language front-end; permuting columns
pnml2lts-seq: Regroup specification: sc,bn,mm
pnml2lts-seq: Regroup Select Combined matrix
pnml2lts-seq: Regroup Boost's None
pnml2lts-seq: bandwidth: 519
pnml2lts-seq: profile: 151569
pnml2lts-seq: span: 39179
pnml2lts-seq: average wavefront: 116.129
pnml2lts-seq: RMS wavefront: 128.451
pnml2lts-seq: Regroup Matrix Metrics
pnml2lts-seq: Regrouping: 332->332 groups
pnml2lts-seq: Regrouping took 0.010 real 0.010 user 0.000 sys
pnml2lts-seq: max token count: 1
Event Span: 13098
Normalized Event Span: 0.20985
Weighted Event Span, moment 1 (WES^1): 19162
Normalized Weighted Event Span, moment 1: 0.307
Exit [0]
0.03 user, 0.01 system, 0.10 elapsed -- Max VSize = 4196KB, Max RSS = 88KB
