statistics run
pnml2lts-seq spec/PNML/simple_lbs-5.pnml -rsc,bg,vgps,mm --regroup-exit --graph-metrics
ctit017
pnml2lts-seq: Loading model from spec/PNML/simple_lbs-5.pnml
pnml2lts-seq: Petri net has 59 places, 180 transitions and 1158 arcs
pnml2lts-seq: There are 0 safe places
pnml2lts-seq: Petri net spec/PNML/simple_lbs-5.pnml analyzed
pnml2lts-seq: Loading Petri net took 0.010 real 0.010 user 0.000 sys
pnml2lts-seq: Initializing regrouping layer
pnml2lts-seq: Regroup specification: sc,bg,vgps,mm
pnml2lts-seq: Regroup Select Combined matrix
pnml2lts-seq: Regroup Bipartite Graph
pnml2lts-seq: Regroup ViennaCL's Gibbs Poole Stockmeyer
pnml2lts-seq: bandwidth: 159
pnml2lts-seq: profile: 28085
pnml2lts-seq: span: 37003
pnml2lts-seq: average wavefront: 81.812
pnml2lts-seq: RMS wavefront: 97.508
pnml2lts-seq: Regroup Matrix Metrics
pnml2lts-seq: Regrouping: 180->180 groups
pnml2lts-seq: Regrouping took 0.010 real 0.000 user 0.000 sys
pnml2lts-seq: max token count: 1
Event Span: 5570
Normalized Event Span: 0.52448
Weighted Event Span, moment 1 (WES^1): 9945.1
Normalized Weighted Event Span, moment 1: 0.93645
Exit [0]
0.02 user, 0.01 system, 0.10 elapsed -- Max VSize = 4196KB, Max RSS = 88KB
