statistics run
dve2lts-seq spec/DVE/leader_filters.4.dve -rsc,bn,mm --regroup-exit --graph-metrics
ctit009
dve2lts-seq: Precompiled divine module initialized
dve2lts-seq: Loading model from spec/DVE/leader_filters.4.dve
dve2lts-seq: Initializing regrouping layer
dve2lts-seq: Regroup specification: sc,bn,mm
dve2lts-seq: Regroup Select Combined matrix
dve2lts-seq: Regroup Boost's None
dve2lts-seq: bandwidth: 56
dve2lts-seq: profile: 2648
dve2lts-seq: span: 1099
dve2lts-seq: average wavefront: 17.08
dve2lts-seq: RMS wavefront: 18.25
dve2lts-seq: Regroup Matrix Metrics
dve2lts-seq: Regrouping: 40->40 groups
dve2lts-seq: Regrouping took 0.000 real 0.000 user 0.000 sys
Event Span: 508
Normalized Event Span: 0.552
Weighted Event Span, moment 1 (WES^1): 856
Normalized Weighted Event Span, moment 1: 0.93
Exit [0]
0.77 user, 0.06 system, 0.90 elapsed -- Max VSize = 38240KB, Max RSS = 4748KB
