statistics run
dve2lts-seq spec/DVE/driving_phils.3.dve -rsc,bg,bs,mm --regroup-exit --graph-metrics
ctit041
dve2lts-seq: Precompiled divine module initialized
dve2lts-seq: Loading model from spec/DVE/driving_phils.3.dve
dve2lts-seq: Initializing regrouping layer
dve2lts-seq: Regroup specification: sc,bg,bs,mm
dve2lts-seq: Regroup Select Combined matrix
dve2lts-seq: Regroup Bipartite Graph
dve2lts-seq: Regroup Boost's Sloan
dve2lts-seq: bandwidth: 54
dve2lts-seq: profile: 2202
dve2lts-seq: span: 2117
dve2lts-seq: average wavefront: 12.8
dve2lts-seq: RMS wavefront: 13.87
dve2lts-seq: Regroup Matrix Metrics
dve2lts-seq: Regrouping: 48->48 groups
dve2lts-seq: Regrouping took 0.000 real 0.000 user 0.000 sys
Event Span: 485
Normalized Event Span: 0.3609
Weighted Event Span, moment 1 (WES^1): 781.3
Normalized Weighted Event Span, moment 1: 0.5813
Exit [0]
1.05 user, 0.06 system, 1.20 elapsed -- Max VSize = 38240KB, Max RSS = 4748KB
