statistics run
lps2lts-seq --mcrl2-rewriter=jitty spec/mCRL2/leader.mcrl2.suminst.lps -rsc,bg,bk,mm --regroup-exit --graph-metrics
ctit012
lps2lts-seq: mCRL2 language module initialized
lps2lts-seq: Loading model from spec/mCRL2/leader.mcrl2.suminst.lps
lps2lts-seq: mCRL2 rewriter: jitty
lps2lts-seq: Initializing regrouping layer
lps2lts-seq: Regroup specification: sc,bg,bk,mm
lps2lts-seq: Regroup Select Combined matrix
lps2lts-seq: Regroup Bipartite Graph
lps2lts-seq: Regroup Boost's King
lps2lts-seq: bandwidth: 82
lps2lts-seq: profile: 6701
lps2lts-seq: span: 9100
lps2lts-seq: average wavefront: 35.331
lps2lts-seq: RMS wavefront: 41.981
lps2lts-seq: Regroup Matrix Metrics
lps2lts-seq: Regrouping: 105->105 groups
lps2lts-seq: Regrouping took 0.000 real 0.010 user 0.000 sys
Event Span: 1107
Normalized Event Span: 0.4792
Weighted Event Span, moment 1 (WES^1): 1675
Normalized Weighted Event Span, moment 1: 0.7252
Exit [0]
0.02 user, 0.02 system, 0.10 elapsed -- Max VSize = 4196KB, Max RSS = 88KB
