statistics run
lps2lts-seq --mcrl2-rewriter=jitty spec/mCRL2/dining3_ns_seq.mcrl2.suminst.lps -rsc,tg,bcm,mm --regroup-exit --graph-metrics
ctit014
lps2lts-seq: mCRL2 language module initialized
lps2lts-seq: Loading model from spec/mCRL2/dining3_ns_seq.mcrl2.suminst.lps
lps2lts-seq: mCRL2 rewriter: jitty
lps2lts-seq: Initializing regrouping layer
lps2lts-seq: Regroup specification: sc,tg,bcm,mm
lps2lts-seq: Regroup Select Combined matrix
lps2lts-seq: Regroup Total graph
lps2lts-seq: Regroup Boost's Cuthill McKee
lps2lts-seq: bandwidth: 14
lps2lts-seq: profile: 750
lps2lts-seq: span: 1166
lps2lts-seq: average wavefront: 8.984
lps2lts-seq: RMS wavefront: 9.445
lps2lts-seq: Regroup Matrix Metrics
lps2lts-seq: Regrouping: 15->15 groups
lps2lts-seq: Regrouping took 0.010 real 0.000 user 0.000 sys
Event Span: 51
Normalized Event Span: 0.378
Weighted Event Span, moment 1 (WES^1): 75.1
Normalized Weighted Event Span, moment 1: 0.556
Exit [0]
0.02 user, 0.00 system, 0.10 elapsed -- Max VSize = 4192KB, Max RSS = 80KB
