statistics run
lps2lts-seq --mcrl2-rewriter=jitty spec/mCRL2/vasy.mcrl2.suminst.lps -rsc,bn,mm --regroup-exit --graph-metrics
ctit043
lps2lts-seq: mCRL2 language module initialized
lps2lts-seq: Loading model from spec/mCRL2/vasy.mcrl2.suminst.lps
lps2lts-seq: mCRL2 rewriter: jitty
lps2lts-seq: Initializing regrouping layer
lps2lts-seq: Regroup specification: sc,bn,mm
lps2lts-seq: Regroup Select Combined matrix
lps2lts-seq: Regroup Boost's None
lps2lts-seq: bandwidth: 1260
lps2lts-seq: profile: 951739
lps2lts-seq: span: 249125
lps2lts-seq: average wavefront: 309.2458
lps2lts-seq: RMS wavefront: 339.2454
lps2lts-seq: Regroup Matrix Metrics
lps2lts-seq: Regrouping: 776->776 groups
lps2lts-seq: Regrouping took 0.060 real 0.060 user 0.000 sys
Event Span: 93944
Normalized Event Span: 0.249612
Weighted Event Span, moment 1 (WES^1): 117029
Normalized Weighted Event Span, moment 1: 0.310949
Exit [0]
0.24 user, 0.01 system, 0.30 elapsed -- Max VSize = 73564KB, Max RSS = 19780KB
