statistics run
pnml2lts-seq spec/PNML/sg-10-5-10.pnml -rsc,tg,vgps,mm --regroup-exit --graph-metrics
ctit003
pnml2lts-seq: Loading model from spec/PNML/sg-10-5-10.pnml
pnml2lts-seq: Petri net has 1380 places, 1640 transitions and 6560 arcs
pnml2lts-seq: There are 0 safe places
pnml2lts-seq: Petri net spec/PNML/sg-10-5-10.pnml analyzed
pnml2lts-seq: Loading Petri net took 0.120 real 0.100 user 0.010 sys
pnml2lts-seq: Initializing regrouping layer
pnml2lts-seq: Regroup specification: sc,tg,vgps,mm
pnml2lts-seq: Regroup Select Combined matrix
pnml2lts-seq: Regroup Total graph
pnml2lts-seq: Regroup ViennaCL's Gibbs Poole Stockmeyer
pnml2lts-seq: bandwidth: 342
pnml2lts-seq: profile: 1746365
pnml2lts-seq: span: 2579332
pnml2lts-seq: average wavefront: 164.73685
pnml2lts-seq: RMS wavefront: 178.51439
pnml2lts-seq: Regroup Matrix Metrics
pnml2lts-seq: Regrouping: 1640->1640 groups
pnml2lts-seq: Regrouping took 5.370 real 5.350 user 0.000 sys
pnml2lts-seq: max token count: 10
Event Span: 75904
Normalized Event Span: 0.03353835
Weighted Event Span, moment 1 (WES^1): 79144.83
Normalized Weighted Event Span, moment 1: 0.03497032
Exit [0]
5.45 user, 0.02 system, 5.51 elapsed -- Max VSize = 60708KB, Max RSS = 22484KB
