statistics run
pnml2lts-seq spec/PNML/echo-d3r7.pnml -rsc,tg,bk,mm --regroup-exit --graph-metrics
ctit033
pnml2lts-seq: Loading model from spec/PNML/echo-d3r7.pnml
pnml2lts-seq: Petri net has 4209 places, 3518 transitions and 25540 arcs
pnml2lts-seq: There are 0 safe places
pnml2lts-seq: Petri net spec/PNML/echo-d3r7.pnml analyzed
pnml2lts-seq: Loading Petri net took 0.500 real 0.480 user 0.020 sys
pnml2lts-seq: Initializing regrouping layer
pnml2lts-seq: Regroup specification: sc,tg,bk,mm
pnml2lts-seq: Regroup Select Combined matrix
pnml2lts-seq: Regroup Total graph
pnml2lts-seq: Regroup Boost's King
pnml2lts-seq: bandwidth: 2353
pnml2lts-seq: profile: 51727106
pnml2lts-seq: span: 76583680
pnml2lts-seq: average wavefront: 832.1626537
pnml2lts-seq: RMS wavefront: 896.7997619
pnml2lts-seq: Regroup Matrix Metrics
pnml2lts-seq: Regrouping: 3518->3518 groups
pnml2lts-seq: Regrouping took 125.400 real 124.300 user 0.120 sys
pnml2lts-seq: max token count: 1
Event Span: 1352559
Normalized Event Span: 0.091344301
Weighted Event Span, moment 1 (WES^1): 1460288.6
Normalized Weighted Event Span, moment 1: 0.098619761
Exit [0]
124.78 user, 0.17 system, 125.93 elapsed -- Max VSize = 132220KB, Max RSS = 93856KB
