statistics run
pnml2lts-seq spec/PNML/2D8_gradient_40x40_50.pnml -rsc,bn,mm --noack=1 --regroup-exit --graph-metrics
ctit030
pnml2lts-seq: Loading model from spec/PNML/2D8_gradient_40x40_50.pnml
pnml2lts-seq: Petri net has 1600 places, 12324 transitions and 24648 arcs
pnml2lts-seq: There are 0 safe places
pnml2lts-seq: Petri net spec/PNML/2D8_gradient_40x40_50.pnml analyzed
pnml2lts-seq: Computing Noack1 order
pnml2lts-seq: Computing Noack1 order took 0.390 real 0.400 user 0.000 sys
pnml2lts-seq: Loading Petri net took 1.030 real 0.980 user 0.040 sys
pnml2lts-seq: Initializing regrouping layer
pnml2lts-seq: Got state vector permutation from language front-end; permuting columns
pnml2lts-seq: Regroup specification: sc,bn,mm
pnml2lts-seq: Regroup Select Combined matrix
pnml2lts-seq: Regroup Boost's None
pnml2lts-seq: bandwidth: 13681
pnml2lts-seq: profile: 98378712
pnml2lts-seq: span: 2901970
pnml2lts-seq: average wavefront: 889.991956
pnml2lts-seq: RMS wavefront: 1004.2558
pnml2lts-seq: Regroup Matrix Metrics
pnml2lts-seq: Regrouping: 12324->12324 groups
pnml2lts-seq: Regrouping took 8.010 real 7.940 user 0.040 sys
pnml2lts-seq: max token count: 50
Event Span: 383418
Normalized Event Span: 0.019444681
Weighted Event Span, moment 1 (WES^1): 419063.18
Normalized Weighted Event Span, moment 1: 0.021252393
Exit [0]
8.93 user, 0.11 system, 9.11 elapsed -- Max VSize = 162080KB, Max RSS = 123768KB
