statistics run
dve2lts-seq spec/DVE/pgm_protocol.6.dve -rsc,bg,vgps,mm --regroup-exit --graph-metrics
ctit006
dve2lts-seq: Precompiled divine module initialized
dve2lts-seq: Loading model from spec/DVE/pgm_protocol.6.dve
dve2lts-seq: Initializing regrouping layer
dve2lts-seq: Regroup specification: sc,bg,vgps,mm
dve2lts-seq: Regroup Select Combined matrix
dve2lts-seq: Regroup Bipartite Graph
dve2lts-seq: Regroup ViennaCL's Gibbs Poole Stockmeyer
dve2lts-seq: bandwidth: 68
dve2lts-seq: profile: 11598
dve2lts-seq: span: 14825
dve2lts-seq: average wavefront: 31.309
dve2lts-seq: RMS wavefront: 34.413
dve2lts-seq: Regroup Matrix Metrics
dve2lts-seq: Regrouping: 120->120 groups
dve2lts-seq: Regrouping took 0.000 real 0.000 user 0.000 sys
Event Span: 4027
Normalized Event Span: 0.26634
Weighted Event Span, moment 1 (WES^1): 4914.3
Normalized Weighted Event Span, moment 1: 0.32502
Exit [0]
2.62 user, 0.14 system, 2.80 elapsed -- Max VSize = 38240KB, Max RSS = 4748KB
