statistics run
dve2lts-seq spec/DVE/firewire_link.1.dve -rsc,tg,bcm,mm --regroup-exit --graph-metrics
ctit010
dve2lts-seq: Precompiled divine module initialized
dve2lts-seq: Loading model from spec/DVE/firewire_link.1.dve
dve2lts-seq: Initializing regrouping layer
dve2lts-seq: Regroup specification: sc,tg,bcm,mm
dve2lts-seq: Regroup Select Combined matrix
dve2lts-seq: Regroup Total graph
dve2lts-seq: Regroup Boost's Cuthill McKee
dve2lts-seq: bandwidth: 1020
dve2lts-seq: profile: 1167098
dve2lts-seq: span: 1591349
dve2lts-seq: average wavefront: 234.2434
dve2lts-seq: RMS wavefront: 265.8718
dve2lts-seq: Regroup Matrix Metrics
dve2lts-seq: Regrouping: 411->411 groups
dve2lts-seq: Regrouping took 0.140 real 0.140 user 0.000 sys
Event Span: 4478
Normalized Event Span: 0.32045
Weighted Event Span, moment 1 (WES^1): 5710.6
Normalized Weighted Event Span, moment 1: 0.40866
Exit [0]
6.31 user, 0.27 system, 6.71 elapsed -- Max VSize = 45524KB, Max RSS = 10052KB
