statistics run
dve2lts-seq spec/DVE/rether.4.dve -rsc,bg,bk,mm --regroup-exit --graph-metrics
ctit015
dve2lts-seq: Precompiled divine module initialized
dve2lts-seq: Loading model from spec/DVE/rether.4.dve
dve2lts-seq: Initializing regrouping layer
dve2lts-seq: Regroup specification: sc,bg,bk,mm
dve2lts-seq: Regroup Select Combined matrix
dve2lts-seq: Regroup Bipartite Graph
dve2lts-seq: Regroup Boost's King
dve2lts-seq: bandwidth: 88
dve2lts-seq: profile: 10539
dve2lts-seq: span: 10538
dve2lts-seq: average wavefront: 30.92
dve2lts-seq: RMS wavefront: 33.008
dve2lts-seq: Regroup Matrix Metrics
dve2lts-seq: Regrouping: 133->133 groups
dve2lts-seq: Regrouping took 0.000 real 0.000 user 0.000 sys
Event Span: 2192
Normalized Event Span: 0.3833
Weighted Event Span, moment 1 (WES^1): 3177
Normalized Weighted Event Span, moment 1: 0.5555
Exit [0]
1.63 user, 0.13 system, 1.80 elapsed -- Max VSize = 38240KB, Max RSS = 4744KB
