statistics run
prom2lts-seq spec/Promela/reader_writer.3.prom.spins -rsc,tg,vcm,mm --regroup-exit --graph-metrics
ctit030
prom2lts-seq: Precompiled SpinS module initialized
prom2lts-seq: Loading model from spec/Promela/reader_writer.3.prom.spins
prom2lts-seq: Initializing regrouping layer
prom2lts-seq: Regroup specification: sc,tg,vcm,mm
prom2lts-seq: Regroup Select Combined matrix
prom2lts-seq: Regroup Total graph
prom2lts-seq: Regroup ViennaCL's Cuthill McKee
prom2lts-seq: bandwidth: 288
prom2lts-seq: profile: 100161
prom2lts-seq: span: 129392
prom2lts-seq: average wavefront: 159.263
prom2lts-seq: RMS wavefront: 181.492
prom2lts-seq: Regroup Matrix Metrics
prom2lts-seq: Regrouping: 116->116 groups
prom2lts-seq: Regrouping took 0.010 real 0.010 user 0.000 sys
Event Span: 1632
Normalized Event Span: 0.2345
Weighted Event Span, moment 1 (WES^1): 1704
Normalized Weighted Event Span, moment 1: 0.2449
Exit [0]
0.01 user, 0.01 system, 0.10 elapsed -- Max VSize = 4196KB, Max RSS = 88KB
