statistics run
lps2lts-seq --mcrl2-rewriter=jitty spec/mCRL2/sokoban.mcrl2.suminst.lps -rsc,bg,bs,mm --regroup-exit --graph-metrics
ctit040
lps2lts-seq: mCRL2 language module initialized
lps2lts-seq: Loading model from spec/mCRL2/sokoban.mcrl2.suminst.lps
lps2lts-seq: mCRL2 rewriter: jitty
lps2lts-seq: Initializing regrouping layer
lps2lts-seq: Regroup specification: sc,bg,bs,mm
lps2lts-seq: Regroup Select Combined matrix
lps2lts-seq: Regroup Bipartite Graph
lps2lts-seq: Regroup Boost's Sloan
lps2lts-seq: bandwidth: 13
lps2lts-seq: profile: 183
lps2lts-seq: span: 176
lps2lts-seq: average wavefront: 3.75
lps2lts-seq: RMS wavefront: 3.88
lps2lts-seq: Regroup Matrix Metrics
lps2lts-seq: Regrouping: 15->15 groups
lps2lts-seq: Regrouping took 0.000 real 0.000 user 0.000 sys
Event Span: 45
Normalized Event Span: 0.6
Weighted Event Span, moment 1 (WES^1): 70
Normalized Weighted Event Span, moment 1: 0.93
Exit [0]
0.01 user, 0.01 system, 0.10 elapsed -- Max VSize = 4196KB, Max RSS = 88KB
