statistics run
dve2lts-seq spec/DVE/cyclic_scheduler.2.dve -rsc,tg,bk,mm --regroup-exit --graph-metrics
ctit032
dve2lts-seq: Precompiled divine module initialized
dve2lts-seq: Loading model from spec/DVE/cyclic_scheduler.2.dve
dve2lts-seq: Initializing regrouping layer
dve2lts-seq: Regroup specification: sc,tg,bk,mm
dve2lts-seq: Regroup Select Combined matrix
dve2lts-seq: Regroup Total graph
dve2lts-seq: Regroup Boost's King
dve2lts-seq: bandwidth: 35
dve2lts-seq: profile: 3600
dve2lts-seq: span: 5390
dve2lts-seq: average wavefront: 15.907
dve2lts-seq: RMS wavefront: 17.012
dve2lts-seq: Regroup Matrix Metrics
dve2lts-seq: Regrouping: 30->30 groups
dve2lts-seq: Regrouping took 0.000 real 0.000 user 0.000 sys
Event Span: 187
Normalized Event Span: 0.312
Weighted Event Span, moment 1 (WES^1): 263
Normalized Weighted Event Span, moment 1: 0.439
Exit [0]
0.48 user, 0.05 system, 0.60 elapsed -- Max VSize = 38240KB, Max RSS = 4680KB
