statistics run
pnml2lts-seq spec/PNML/PolyORB-NT-S10-J60-unfolded.pnml -rsc,bg,vacm,mm --regroup-exit --graph-metrics
ctit017
pnml2lts-seq: Loading model from spec/PNML/PolyORB-NT-S10-J60-unfolded.pnml
pnml2lts-seq: Petri net has 1234 places, 12920 transitions and 116879 arcs
pnml2lts-seq: There are 0 safe places
pnml2lts-seq: Petri net spec/PNML/PolyORB-NT-S10-J60-unfolded.pnml analyzed
pnml2lts-seq: Loading Petri net took 2.320 real 2.020 user 0.290 sys
pnml2lts-seq: Initializing regrouping layer
pnml2lts-seq: Regroup specification: sc,bg,vacm,mm
pnml2lts-seq: Regroup Select Combined matrix
pnml2lts-seq: Regroup Bipartite Graph
pnml2lts-seq: Regroup ViennaCL's Advanced Cuthill McKee
pnml2lts-seq: bandwidth: 11126
pnml2lts-seq: profile: 95369544
pnml2lts-seq: span: 127480832
pnml2lts-seq: average wavefront: 4514.38922
pnml2lts-seq: RMS wavefront: 5721.0559
pnml2lts-seq: Regroup Matrix Metrics
pnml2lts-seq: Regrouping: 12920->12920 groups
pnml2lts-seq: Regrouping took 160.190 real 159.510 user 0.220 sys
pnml2lts-seq: max token count: 10
Event Span: 1208426
Normalized Event Span: 0.075795319
Weighted Event Span, moment 1 (WES^1): 2197911.1
Normalized Weighted Event Span, moment 1: 0.13785815
Exit [0]
161.54 user, 0.55 system, 162.60 elapsed -- Max VSize = 307580KB, Max RSS = 269400KB
