statistics run
dve2lts-seq spec/DVE/lamport.8.dve -rsc,tg,vcm,mm --regroup-exit --graph-metrics
ctit011
dve2lts-seq: Precompiled divine module initialized
dve2lts-seq: Loading model from spec/DVE/lamport.8.dve
dve2lts-seq: Initializing regrouping layer
dve2lts-seq: Regroup specification: sc,tg,vcm,mm
dve2lts-seq: Regroup Select Combined matrix
dve2lts-seq: Regroup Total graph
dve2lts-seq: Regroup ViennaCL's Cuthill McKee
dve2lts-seq: bandwidth: 207
dve2lts-seq: profile: 29700
dve2lts-seq: span: 32211
dve2lts-seq: average wavefront: 95.379
dve2lts-seq: RMS wavefront: 112.48
dve2lts-seq: Regroup Matrix Metrics
dve2lts-seq: Regrouping: 70->70 groups
dve2lts-seq: Regrouping took 0.010 real 0.000 user 0.000 sys
Event Span: 623
Normalized Event Span: 0.5235
Weighted Event Span, moment 1 (WES^1): 1048
Normalized Weighted Event Span, moment 1: 0.8805
Exit [0]
1.00 user, 0.06 system, 1.10 elapsed -- Max VSize = 38240KB, Max RSS = 4748KB
