statistics run
prom2lts-seq spec/Promela/philo.pml.spins -rsc,bg,bk,mm --regroup-exit --graph-metrics
ctit024
prom2lts-seq: Precompiled SpinS module initialized
prom2lts-seq: Loading model from spec/Promela/philo.pml.spins
prom2lts-seq: Initializing regrouping layer
prom2lts-seq: Regroup specification: sc,bg,bk,mm
prom2lts-seq: Regroup Select Combined matrix
prom2lts-seq: Regroup Bipartite Graph
prom2lts-seq: Regroup Boost's King
prom2lts-seq: bandwidth: 39
prom2lts-seq: profile: 3427
prom2lts-seq: span: 4254
prom2lts-seq: average wavefront: 16.898
prom2lts-seq: RMS wavefront: 18.338
prom2lts-seq: Regroup Matrix Metrics
prom2lts-seq: Regrouping: 90->90 groups
prom2lts-seq: Regrouping took 0.000 real 0.000 user 0.010 sys
Event Span: 920
Normalized Event Span: 0.2763
Weighted Event Span, moment 1 (WES^1): 1212
Normalized Weighted Event Span, moment 1: 0.3639
Exit [0]
0.00 user, 0.01 system, 0.10 elapsed -- Max VSize = 4192KB, Max RSS = 80KB
