statistics run
dve2lts-seq spec/DVE/rushhour.4.dve -rsc,bg,vcm,mm --regroup-exit --graph-metrics
ctit008
dve2lts-seq: Precompiled divine module initialized
dve2lts-seq: Loading model from spec/DVE/rushhour.4.dve
dve2lts-seq: Initializing regrouping layer
dve2lts-seq: Regroup specification: sc,bg,vcm,mm
dve2lts-seq: Regroup Select Combined matrix
dve2lts-seq: Regroup Bipartite Graph
dve2lts-seq: Regroup ViennaCL's Cuthill McKee
dve2lts-seq: bandwidth: 72
dve2lts-seq: profile: 6049
dve2lts-seq: span: 6451
dve2lts-seq: average wavefront: 37.164
dve2lts-seq: RMS wavefront: 41.076
dve2lts-seq: Regroup Matrix Metrics
dve2lts-seq: Regrouping: 27->27 groups
dve2lts-seq: Regrouping took 0.000 real 0.010 user 0.000 sys
Event Span: 1908
Normalized Event Span: 0.6997
Weighted Event Span, moment 1 (WES^1): 3673
Normalized Weighted Event Span, moment 1: 1.347
Exit [0]
0.93 user, 0.08 system, 1.10 elapsed -- Max VSize = 38240KB, Max RSS = 4680KB
