statistics run
pnml2lts-seq spec/PNML/Peterson-6.pnml -rsc,tg,vacm,mm --regroup-exit --graph-metrics
ctit029
pnml2lts-seq: Loading model from spec/PNML/Peterson-6.pnml
pnml2lts-seq: Petri net has 1330 places, 2030 transitions and 6272 arcs
pnml2lts-seq: There are 0 safe places
pnml2lts-seq: Petri net spec/PNML/Peterson-6.pnml analyzed
pnml2lts-seq: Loading Petri net took 0.160 real 0.140 user 0.020 sys
pnml2lts-seq: Initializing regrouping layer
pnml2lts-seq: Regroup specification: sc,tg,vacm,mm
pnml2lts-seq: Regroup Select Combined matrix
pnml2lts-seq: Regroup Total graph
pnml2lts-seq: Regroup ViennaCL's Advanced Cuthill McKee
pnml2lts-seq: bandwidth: 1990
pnml2lts-seq: profile: 12265440
pnml2lts-seq: span: 18913054
pnml2lts-seq: average wavefront: 1235.5689
pnml2lts-seq: RMS wavefront: 1343.2898
pnml2lts-seq: Regroup Matrix Metrics
pnml2lts-seq: Regrouping: 2030->2030 groups
pnml2lts-seq: Regrouping took 7.170 real 7.130 user 0.000 sys
pnml2lts-seq: max token count: 1
Event Span: 633810
Normalized Event Span: 0.2347531
Weighted Event Span, moment 1 (WES^1): 935900.1
Normalized Weighted Event Span, moment 1: 0.3466425
Exit [0]
7.28 user, 0.03 system, 7.41 elapsed -- Max VSize = 67508KB, Max RSS = 29196KB
