statistics run
pnml2lts-seq spec/PNML/database20UNFOLD.pnml -rsc,bg,vcm,mm --regroup-exit --graph-metrics
ctit036
pnml2lts-seq: Loading model from spec/PNML/database20UNFOLD.pnml
pnml2lts-seq: Petri net has 3260 places, 3200 transitions and 23200 arcs
pnml2lts-seq: There are 0 safe places
pnml2lts-seq: Petri net spec/PNML/database20UNFOLD.pnml analyzed
pnml2lts-seq: Loading Petri net took 0.540 real 0.470 user 0.070 sys
pnml2lts-seq: Initializing regrouping layer
pnml2lts-seq: Regroup specification: sc,bg,vcm,mm
pnml2lts-seq: Regroup Select Combined matrix
pnml2lts-seq: Regroup Bipartite Graph
pnml2lts-seq: Regroup ViennaCL's Cuthill McKee
pnml2lts-seq: bandwidth: 2530
pnml2lts-seq: profile: 10941538
pnml2lts-seq: span: 14289505
pnml2lts-seq: average wavefront: 1477.1949
pnml2lts-seq: RMS wavefront: 1615.1061
pnml2lts-seq: Regroup Matrix Metrics
pnml2lts-seq: Regrouping: 3200->3200 groups
pnml2lts-seq: Regrouping took 6.450 real 6.420 user 0.000 sys
pnml2lts-seq: max token count: 1
Event Span: 4484042
Normalized Event Span: 0.42983531
Weighted Event Span, moment 1 (WES^1): 7360695.3
Normalized Weighted Event Span, moment 1: 0.70558813
Exit [0]
6.90 user, 0.09 system, 7.11 elapsed -- Max VSize = 109716KB, Max RSS = 71248KB
