statistics run
dve2lts-seq spec/DVE/szymanski.5.dve -rsc,bg,vacm,mm --regroup-exit --graph-metrics
ctit011
dve2lts-seq: Precompiled divine module initialized
dve2lts-seq: Loading model from spec/DVE/szymanski.5.dve
dve2lts-seq: Initializing regrouping layer
dve2lts-seq: Regroup specification: sc,bg,vacm,mm
dve2lts-seq: Regroup Select Combined matrix
dve2lts-seq: Regroup Bipartite Graph
dve2lts-seq: Regroup ViennaCL's Advanced Cuthill McKee
dve2lts-seq: bandwidth: 69
dve2lts-seq: profile: 6406
dve2lts-seq: span: 8315
dve2lts-seq: average wavefront: 33.352
dve2lts-seq: RMS wavefront: 39.153
dve2lts-seq: Regroup Matrix Metrics
dve2lts-seq: Regrouping: 120->120 groups
dve2lts-seq: Regrouping took 0.000 real 0.000 user 0.000 sys
Event Span: 1359
Normalized Event Span: 0.453
Weighted Event Span, moment 1 (WES^1): 2204
Normalized Weighted Event Span, moment 1: 0.7347
Exit [0]
2.08 user, 0.10 system, 2.20 elapsed -- Max VSize = 38240KB, Max RSS = 4676KB
