performance run
prob2lts-seq --zocket-prefix=/tmp/ltsmin-52076- --no-close spec/B/GraphIsoSimple.mch -rsc,bg,bcm --regroup-exit
ctit021
prob2lts-seq: ProB module initialized
prob2lts-seq: Loading model from /tmp/ltsmin-52077.probz
prob2lts-seq: ProB init
prob2lts-seq: connecting to zocket ipc:///tmp/ltsmin-52077.probz
% unused_constants([graph1,graph2])

Starting LTSMin Server...
pl_init_for_lts_min
prob2lts-seq: Initializing regrouping layer
prob2lts-seq: Regroup specification: sc,bg,bcm
prob2lts-seq: Regroup Select Combined matrix
prob2lts-seq: Regroup Bipartite Graph
prob2lts-seq: Regroup Boost's Cuthill McKee
prob2lts-seq: Regrouping: 2->2 groups
prob2lts-seq: Regrouping took 0.000 real 0.000 user 0.000 sys
Exit [0]
0.01 user, 0.00 system, 0.10 elapsed -- Max VSize = 4196KB, Max RSS = 84KB
command-52077: line 10:  5193 Killed                  probcli spec/B/GraphIsoSimple.mch -ltsmin2 /tmp/ltsmin-52077.probz
