statistics run
prom2lts-seq spec/Promela/dekker.pml.spins -rsc,bg,bcm,mm --regroup-exit --graph-metrics
ctit010
prom2lts-seq: Precompiled SpinS module initialized
prom2lts-seq: Loading model from spec/Promela/dekker.pml.spins
prom2lts-seq: Initializing regrouping layer
prom2lts-seq: Regroup specification: sc,bg,bcm,mm
prom2lts-seq: Regroup Select Combined matrix
prom2lts-seq: Regroup Bipartite Graph
prom2lts-seq: Regroup Boost's Cuthill McKee
prom2lts-seq: bandwidth: 15
prom2lts-seq: profile: 370
prom2lts-seq: span: 387
prom2lts-seq: average wavefront: 5.944
prom2lts-seq: RMS wavefront: 6.667
prom2lts-seq: Regroup Matrix Metrics
prom2lts-seq: Regrouping: 26->26 groups
prom2lts-seq: Regrouping took 0.000 real 0.000 user 0.000 sys
Event Span: 93
Normalized Event Span: 0.358
Weighted Event Span, moment 1 (WES^1): 98.6
Normalized Weighted Event Span, moment 1: 0.379
Exit [0]
0.00 user, 0.01 system, 0.10 elapsed -- Max VSize = 4196KB, Max RSS = 88KB
