statistics run
pnml2lts-seq spec/PNML/philo_dyn-3-unfolded.pnml -rsc,bg,bs,mm --regroup-exit --graph-metrics
ctit036
pnml2lts-seq: Loading model from spec/PNML/philo_dyn-3-unfolded.pnml
pnml2lts-seq: Petri net has 30 places, 84 transitions and 564 arcs
pnml2lts-seq: There are 0 safe places
pnml2lts-seq: Petri net spec/PNML/philo_dyn-3-unfolded.pnml analyzed
pnml2lts-seq: Loading Petri net took 0.010 real 0.000 user 0.000 sys
pnml2lts-seq: Initializing regrouping layer
pnml2lts-seq: Regroup specification: sc,bg,bs,mm
pnml2lts-seq: Regroup Select Combined matrix
pnml2lts-seq: Regroup Bipartite Graph
pnml2lts-seq: Regroup Boost's Sloan
pnml2lts-seq: bandwidth: 95
pnml2lts-seq: profile: 5945
pnml2lts-seq: span: 4679
pnml2lts-seq: average wavefront: 13.36
pnml2lts-seq: RMS wavefront: 14.142
pnml2lts-seq: Regroup Matrix Metrics
pnml2lts-seq: Regrouping: 84->84 groups
pnml2lts-seq: Regrouping took 0.000 real 0.000 user 0.000 sys
pnml2lts-seq: max token count: 1
Event Span: 1260
Normalized Event Span: 0.5
Weighted Event Span, moment 1 (WES^1): 1756
Normalized Weighted Event Span, moment 1: 0.6969
Exit [0]
0.00 user, 0.01 system, 0.10 elapsed -- Max VSize = 4196KB, Max RSS = 88KB
