statistics run
pnml2lts-seq spec/PNML/neoelection-2.unf.pnml -rsc,tg,vgps,mm --regroup-exit --graph-metrics
ctit025
pnml2lts-seq: Loading model from spec/PNML/neoelection-2.unf.pnml
pnml2lts-seq: Petri net has 438 places, 357 transitions and 1998 arcs
pnml2lts-seq: There are 0 safe places
pnml2lts-seq: Petri net spec/PNML/neoelection-2.unf.pnml analyzed
pnml2lts-seq: Loading Petri net took 0.030 real 0.020 user 0.000 sys
pnml2lts-seq: Initializing regrouping layer
pnml2lts-seq: Regroup specification: sc,tg,vgps,mm
pnml2lts-seq: Regroup Select Combined matrix
pnml2lts-seq: Regroup Total graph
pnml2lts-seq: Regroup ViennaCL's Gibbs Poole Stockmeyer
pnml2lts-seq: bandwidth: 861
pnml2lts-seq: profile: 880233
pnml2lts-seq: span: 1347265
pnml2lts-seq: average wavefront: 207.6487
pnml2lts-seq: RMS wavefront: 245.427
pnml2lts-seq: Regroup Matrix Metrics
pnml2lts-seq: Regrouping: 357->357 groups
pnml2lts-seq: Regrouping took 0.330 real 0.340 user 0.000 sys
pnml2lts-seq: max token count: 1
Event Span: 16599
Normalized Event Span: 0.106155
Weighted Event Span, moment 1 (WES^1): 9133.97
Normalized Weighted Event Span, moment 1: 0.0584141
Exit [0]
0.36 user, 0.01 system, 0.40 elapsed -- Max VSize = 48268KB, Max RSS = 9912KB
