statistics run
lps2lts-seq --mcrl2-rewriter=jitty spec/mCRL2/lift3-init.mcrl2.suminst.lps -rsc,tg,bs,mm --regroup-exit --graph-metrics
ctit040
lps2lts-seq: mCRL2 language module initialized
lps2lts-seq: Loading model from spec/mCRL2/lift3-init.mcrl2.suminst.lps
lps2lts-seq: mCRL2 rewriter: jitty
lps2lts-seq: Initializing regrouping layer
lps2lts-seq: Regroup specification: sc,tg,bs,mm
lps2lts-seq: Regroup Select Combined matrix
lps2lts-seq: Regroup Total graph
lps2lts-seq: Regroup Boost's Sloan
lps2lts-seq: bandwidth: 1234
lps2lts-seq: profile: 929493
lps2lts-seq: span: 1056787
lps2lts-seq: average wavefront: 82.40687
lps2lts-seq: RMS wavefront: 89.39662
lps2lts-seq: Regroup Matrix Metrics
lps2lts-seq: Regrouping: 222->222 groups
lps2lts-seq: Regrouping took 0.410 real 0.400 user 0.000 sys
Event Span: 2427
Normalized Event Span: 0.4969
Weighted Event Span, moment 1 (WES^1): 3699
Normalized Weighted Event Span, moment 1: 0.7574
Exit [0]
0.44 user, 0.01 system, 0.50 elapsed -- Max VSize = 68404KB, Max RSS = 15252KB
