statistics run
dve2lts-seq spec/DVE/mcs.6.dve -rsc,bn,mm --regroup-exit --graph-metrics
ctit009
dve2lts-seq: Precompiled divine module initialized
dve2lts-seq: Loading model from spec/DVE/mcs.6.dve
dve2lts-seq: Initializing regrouping layer
dve2lts-seq: Regroup specification: sc,bn,mm
dve2lts-seq: Regroup Select Combined matrix
dve2lts-seq: Regroup Boost's None
dve2lts-seq: bandwidth: 76
dve2lts-seq: profile: 4352
dve2lts-seq: span: 1104
dve2lts-seq: average wavefront: 14.15
dve2lts-seq: RMS wavefront: 15.33
dve2lts-seq: Regroup Matrix Metrics
dve2lts-seq: Regrouping: 65->65 groups
dve2lts-seq: Regrouping took 0.000 real 0.000 user 0.000 sys
Event Span: 625
Normalized Event Span: 0.4579
Weighted Event Span, moment 1 (WES^1): 983.3
Normalized Weighted Event Span, moment 1: 0.7204
Exit [0]
0.89 user, 0.06 system, 1.00 elapsed -- Max VSize = 38240KB, Max RSS = 4744KB
