statistics run
dve2lts-seq spec/DVE/leader_filters.2.dve -rsc,bg,bs,mm --regroup-exit --graph-metrics
ctit014
dve2lts-seq: Precompiled divine module initialized
dve2lts-seq: Loading model from spec/DVE/leader_filters.2.dve
dve2lts-seq: Initializing regrouping layer
dve2lts-seq: Regroup specification: sc,bg,bs,mm
dve2lts-seq: Regroup Select Combined matrix
dve2lts-seq: Regroup Bipartite Graph
dve2lts-seq: Regroup Boost's Sloan
dve2lts-seq: bandwidth: 35
dve2lts-seq: profile: 909
dve2lts-seq: span: 914
dve2lts-seq: average wavefront: 9.392
dve2lts-seq: RMS wavefront: 10.03
dve2lts-seq: Regroup Matrix Metrics
dve2lts-seq: Regrouping: 30->30 groups
dve2lts-seq: Regrouping took 0.010 real 0.000 user 0.000 sys
Event Span: 278
Normalized Event Span: 0.441
Weighted Event Span, moment 1 (WES^1): 436
Normalized Weighted Event Span, moment 1: 0.691
Exit [0]
0.54 user, 0.04 system, 0.60 elapsed -- Max VSize = 38240KB, Max RSS = 4748KB
