statistics run
dve2lts-seq spec/DVE/cambridge.6.dve -rsc,tg,vcm,mm --regroup-exit --graph-metrics
ctit028
dve2lts-seq: Precompiled divine module initialized
dve2lts-seq: Loading model from spec/DVE/cambridge.6.dve
dve2lts-seq: Initializing regrouping layer
dve2lts-seq: Regroup specification: sc,tg,vcm,mm
dve2lts-seq: Regroup Select Combined matrix
dve2lts-seq: Regroup Total graph
dve2lts-seq: Regroup ViennaCL's Cuthill McKee
dve2lts-seq: bandwidth: 736
dve2lts-seq: profile: 350737
dve2lts-seq: span: 386240
dve2lts-seq: average wavefront: 329.996
dve2lts-seq: RMS wavefront: 399.154
dve2lts-seq: Regroup Matrix Metrics
dve2lts-seq: Regrouping: 56->56 groups
dve2lts-seq: Regrouping took 0.040 real 0.040 user 0.000 sys
Event Span: 1233
Normalized Event Span: 0.5242
Weighted Event Span, moment 1 (WES^1): 2108
Normalized Weighted Event Span, moment 1: 0.8961
Exit [0]
1.28 user, 0.07 system, 1.40 elapsed -- Max VSize = 38240KB, Max RSS = 4748KB
