statistics run
pnml2lts-seq spec/PNML/CircularTrain-012.pnml -rsc,bn,mm --regroup-exit --graph-metrics
ctit001
pnml2lts-seq: Loading model from spec/PNML/CircularTrain-012.pnml
pnml2lts-seq: Petri net has 24 places, 12 transitions and 48 arcs
pnml2lts-seq: There are 0 safe places
pnml2lts-seq: Petri net spec/PNML/CircularTrain-012.pnml analyzed
pnml2lts-seq: Loading Petri net took 0.000 real 0.000 user 0.000 sys
pnml2lts-seq: Initializing regrouping layer
pnml2lts-seq: Regroup specification: sc,bn,mm
pnml2lts-seq: Regroup Select Combined matrix
pnml2lts-seq: Regroup Boost's None
pnml2lts-seq: bandwidth: 32
pnml2lts-seq: profile: 829
pnml2lts-seq: span: 326
pnml2lts-seq: average wavefront: 14.39
pnml2lts-seq: RMS wavefront: 16.09
pnml2lts-seq: Regroup Matrix Metrics
pnml2lts-seq: Regrouping: 12->12 groups
pnml2lts-seq: Regrouping took 0.000 real 0.000 user 0.000 sys
pnml2lts-seq: max token count: 1
Event Span: 202
Normalized Event Span: 0.701
Weighted Event Span, moment 1 (WES^1): 353
Normalized Weighted Event Span, moment 1: 1.23
Exit [0]
0.01 user, 0.00 system, 0.10 elapsed -- Max VSize = 4192KB, Max RSS = 80KB
