statistics run
pnml2lts-seq spec/PNML/dekker-20.pnml -rsc,tg,vacm,mm --regroup-exit --graph-metrics
ctit027
pnml2lts-seq: Loading model from spec/PNML/dekker-20.pnml
pnml2lts-seq: Petri net has 100 places, 440 transitions and 3240 arcs
pnml2lts-seq: There are 0 safe places
pnml2lts-seq: Petri net spec/PNML/dekker-20.pnml analyzed
pnml2lts-seq: Loading Petri net took 0.020 real 0.010 user 0.010 sys
pnml2lts-seq: Initializing regrouping layer
pnml2lts-seq: Regroup specification: sc,tg,vacm,mm
pnml2lts-seq: Regroup Select Combined matrix
pnml2lts-seq: Regroup Total graph
pnml2lts-seq: Regroup ViennaCL's Advanced Cuthill McKee
pnml2lts-seq: bandwidth: 2015
pnml2lts-seq: profile: 3916969
pnml2lts-seq: span: 4963205
pnml2lts-seq: average wavefront: 1005.47
pnml2lts-seq: RMS wavefront: 1147.892
pnml2lts-seq: Regroup Matrix Metrics
pnml2lts-seq: Regrouping: 440->440 groups
pnml2lts-seq: Regrouping took 0.450 real 0.450 user 0.000 sys
pnml2lts-seq: max token count: 1
Event Span: 24187
Normalized Event Span: 0.5497
Weighted Event Span, moment 1 (WES^1): 44192
Normalized Weighted Event Span, moment 1: 1.0044
Exit [0]
0.46 user, 0.02 system, 0.50 elapsed -- Max VSize = 49216KB, Max RSS = 10788KB
