statistics run
pnml2lts-seq spec/PNML/PolyORB-LF-S02-J06-T08-unfolded.pnml -rsc,bg,bcm,mm --regroup-exit --graph-metrics
ctit006
pnml2lts-seq: Loading model from spec/PNML/PolyORB-LF-S02-J06-T08-unfolded.pnml
pnml2lts-seq: Petri net has 690 places, 1434 transitions and 6564 arcs
pnml2lts-seq: There are 0 safe places
pnml2lts-seq: Petri net spec/PNML/PolyORB-LF-S02-J06-T08-unfolded.pnml analyzed
pnml2lts-seq: Loading Petri net took 0.100 real 0.080 user 0.020 sys
pnml2lts-seq: Initializing regrouping layer
pnml2lts-seq: Regroup specification: sc,bg,bcm,mm
pnml2lts-seq: Regroup Select Combined matrix
pnml2lts-seq: Regroup Bipartite Graph
pnml2lts-seq: Regroup Boost's Cuthill McKee
pnml2lts-seq: bandwidth: 689
pnml2lts-seq: profile: 854917
pnml2lts-seq: span: 1227695
pnml2lts-seq: average wavefront: 278.7039
pnml2lts-seq: RMS wavefront: 313.6814
pnml2lts-seq: Regroup Matrix Metrics
pnml2lts-seq: Regrouping: 1434->1434 groups
pnml2lts-seq: Regrouping took 0.220 real 0.220 user 0.000 sys
pnml2lts-seq: max token count: 10
Event Span: 307431
Normalized Event Span: 0.310706
Weighted Event Span, moment 1 (WES^1): 426389
Normalized Weighted Event Span, moment 1: 0.430931
Exit [0]
0.30 user, 0.02 system, 0.40 elapsed -- Max VSize = 63656KB, Max RSS = 25240KB
