statistics run
pnml2lts-seq spec/PNML/BridgeAndVehicles-V50-P20-N10-unfolded.pnml -rsc,tg,bs,mm --regroup-exit --graph-metrics
ctit039
pnml2lts-seq: Loading model from spec/PNML/BridgeAndVehicles-V50-P20-N10-unfolded.pnml
pnml2lts-seq: Petri net has 128 places, 1328 transitions and 10010 arcs
pnml2lts-seq: There are 0 safe places
pnml2lts-seq: Petri net spec/PNML/BridgeAndVehicles-V50-P20-N10-unfolded.pnml analyzed
pnml2lts-seq: Loading Petri net took 0.080 real 0.050 user 0.030 sys
pnml2lts-seq: Initializing regrouping layer
pnml2lts-seq: Regroup specification: sc,tg,bs,mm
pnml2lts-seq: Regroup Select Combined matrix
pnml2lts-seq: Regroup Total graph
pnml2lts-seq: Regroup Boost's Sloan
pnml2lts-seq: bandwidth: 8842
pnml2lts-seq: profile: 29492284
pnml2lts-seq: span: 30052470
pnml2lts-seq: average wavefront: 199.44675
pnml2lts-seq: RMS wavefront: 206.55662
pnml2lts-seq: Regroup Matrix Metrics
pnml2lts-seq: Regrouping: 1328->1328 groups
pnml2lts-seq: Regrouping took 20.690 real 20.500 user 0.000 sys
pnml2lts-seq: max token count: 50
Event Span: 60068
Normalized Event Span: 0.353374
Weighted Event Span, moment 1 (WES^1): 82346
Normalized Weighted Event Span, moment 1: 0.484434
Exit [0]
20.56 user, 0.04 system, 20.82 elapsed -- Max VSize = 64352KB, Max RSS = 26108KB
