statistics run
prom2lts-seq spec/Promela/p319.pml.spins -rsc,bg,bk,mm --regroup-exit --graph-metrics
ctit002
prom2lts-seq: Precompiled SpinS module initialized
prom2lts-seq: Loading model from spec/Promela/p319.pml.spins
prom2lts-seq: Initializing regrouping layer
prom2lts-seq: Regroup specification: sc,bg,bk,mm
prom2lts-seq: Regroup Select Combined matrix
prom2lts-seq: Regroup Bipartite Graph
prom2lts-seq: Regroup Boost's King
prom2lts-seq: bandwidth: 88
prom2lts-seq: profile: 7486
prom2lts-seq: span: 9616
prom2lts-seq: average wavefront: 32.259
prom2lts-seq: RMS wavefront: 39.949
prom2lts-seq: Regroup Matrix Metrics
prom2lts-seq: Regrouping: 103->103 groups
prom2lts-seq: Regrouping took 0.010 real 0.000 user 0.000 sys
Event Span: 1537
Normalized Event Span: 0.4145
Weighted Event Span, moment 1 (WES^1): 2264
Normalized Weighted Event Span, moment 1: 0.6106
Exit [0]
0.01 user, 0.00 system, 0.10 elapsed -- Max VSize = 4196KB, Max RSS = 88KB
