statistics run
dve2lts-seq spec/DVE/anderson.7.dve -rsc,bn,mm --regroup-exit --graph-metrics
ctit017
dve2lts-seq: Precompiled divine module initialized
dve2lts-seq: Loading model from spec/DVE/anderson.7.dve
dve2lts-seq: Initializing regrouping layer
dve2lts-seq: Regroup specification: sc,bn,mm
dve2lts-seq: Regroup Select Combined matrix
dve2lts-seq: Regroup Boost's None
dve2lts-seq: bandwidth: 44
dve2lts-seq: profile: 1846
dve2lts-seq: span: 662
dve2lts-seq: average wavefront: 12.95
dve2lts-seq: RMS wavefront: 13.97
dve2lts-seq: Regroup Matrix Metrics
dve2lts-seq: Regrouping: 36->36 groups
dve2lts-seq: Regrouping took 0.000 real 0.000 user 0.000 sys
Event Span: 360
Normalized Event Span: 0.526
Weighted Event Span, moment 1 (WES^1): 644
Normalized Weighted Event Span, moment 1: 0.942
Exit [0]
0.55 user, 0.03 system, 0.60 elapsed -- Max VSize = 38240KB, Max RSS = 4748KB
