statistics run
dve2lts-seq spec/DVE/lamport.7.dve -rsc,bg,bs,mm --regroup-exit --graph-metrics
ctit007
dve2lts-seq: Precompiled divine module initialized
dve2lts-seq: Loading model from spec/DVE/lamport.7.dve
dve2lts-seq: Initializing regrouping layer
dve2lts-seq: Regroup specification: sc,bg,bs,mm
dve2lts-seq: Regroup Select Combined matrix
dve2lts-seq: Regroup Bipartite Graph
dve2lts-seq: Regroup Boost's Sloan
dve2lts-seq: bandwidth: 76
dve2lts-seq: profile: 3520
dve2lts-seq: span: 2013
dve2lts-seq: average wavefront: 8.494
dve2lts-seq: RMS wavefront: 9.357
dve2lts-seq: Regroup Matrix Metrics
dve2lts-seq: Regrouping: 70->70 groups
dve2lts-seq: Regrouping took 0.000 real 0.000 user 0.000 sys
Event Span: 537
Normalized Event Span: 0.4513
Weighted Event Span, moment 1 (WES^1): 812.8
Normalized Weighted Event Span, moment 1: 0.683
Exit [0]
0.99 user, 0.08 system, 1.20 elapsed -- Max VSize = 38240KB, Max RSS = 4752KB
