statistics run
dve2lts-seq spec/DVE/plc.2.dve -rsc,bg,vgps,mm --regroup-exit --graph-metrics
ctit006
dve2lts-seq: Precompiled divine module initialized
dve2lts-seq: Loading model from spec/DVE/plc.2.dve
dve2lts-seq: Initializing regrouping layer
dve2lts-seq: Regroup specification: sc,bg,vgps,mm
dve2lts-seq: Regroup Select Combined matrix
dve2lts-seq: Regroup Bipartite Graph
dve2lts-seq: Regroup ViennaCL's Gibbs Poole Stockmeyer
dve2lts-seq: bandwidth: 152
dve2lts-seq: profile: 31593
dve2lts-seq: span: 38788
dve2lts-seq: average wavefront: 69.492
dve2lts-seq: RMS wavefront: 86.435
dve2lts-seq: Regroup Matrix Metrics
dve2lts-seq: Regrouping: 230->230 groups
dve2lts-seq: Regrouping took 0.020 real 0.020 user 0.000 sys
Event Span: 7691
Normalized Event Span: 0.51445
Weighted Event Span, moment 1 (WES^1): 13410
Normalized Weighted Event Span, moment 1: 0.89696
Exit [0]
60.20 user, 2.75 system, 63.16 elapsed -- Max VSize = 42600KB, Max RSS = 6916KB
