statistics run
dve2lts-seq spec/DVE/elevator2.1.dve -rsc,tg,vacm,mm --regroup-exit --graph-metrics
ctit026
dve2lts-seq: Precompiled divine module initialized
dve2lts-seq: Loading model from spec/DVE/elevator2.1.dve
dve2lts-seq: Initializing regrouping layer
dve2lts-seq: Regroup specification: sc,tg,vacm,mm
dve2lts-seq: Regroup Select Combined matrix
dve2lts-seq: Regroup Total graph
dve2lts-seq: Regroup ViennaCL's Advanced Cuthill McKee
dve2lts-seq: bandwidth: 39
dve2lts-seq: profile: 1671
dve2lts-seq: span: 2198
dve2lts-seq: average wavefront: 19.74
dve2lts-seq: RMS wavefront: 22.01
dve2lts-seq: Regroup Matrix Metrics
dve2lts-seq: Regrouping: 14->14 groups
dve2lts-seq: Regrouping took 0.000 real 0.000 user 0.000 sys
Event Span: 82
Normalized Event Span: 0.532
Weighted Event Span, moment 1 (WES^1): 133
Normalized Weighted Event Span, moment 1: 0.861
Exit [0]
0.21 user, 0.06 system, 0.30 elapsed -- Max VSize = 38240KB, Max RSS = 4748KB
