statistics run
dve2lts-seq spec/DVE/driving_phils.1.dve -rsc,bg,bk,mm --regroup-exit --graph-metrics
ctit007
dve2lts-seq: Precompiled divine module initialized
dve2lts-seq: Loading model from spec/DVE/driving_phils.1.dve
dve2lts-seq: Initializing regrouping layer
dve2lts-seq: Regroup specification: sc,bg,bk,mm
dve2lts-seq: Regroup Select Combined matrix
dve2lts-seq: Regroup Bipartite Graph
dve2lts-seq: Regroup Boost's King
dve2lts-seq: bandwidth: 28
dve2lts-seq: profile: 1176
dve2lts-seq: span: 1510
dve2lts-seq: average wavefront: 13.32
dve2lts-seq: RMS wavefront: 15.35
dve2lts-seq: Regroup Matrix Metrics
dve2lts-seq: Regrouping: 36->36 groups
dve2lts-seq: Regrouping took 0.000 real 0.000 user 0.000 sys
Event Span: 360
Normalized Event Span: 0.476
Weighted Event Span, moment 1 (WES^1): 511
Normalized Weighted Event Span, moment 1: 0.676
Exit [0]
0.55 user, 0.06 system, 0.70 elapsed -- Max VSize = 38240KB, Max RSS = 4748KB
