statistics run
prom2lts-seq spec/Promela/reader_writer.3.prom.spins -rsc,bg,vacm,mm --regroup-exit --graph-metrics
ctit010
prom2lts-seq: Precompiled SpinS module initialized
prom2lts-seq: Loading model from spec/Promela/reader_writer.3.prom.spins
prom2lts-seq: Initializing regrouping layer
prom2lts-seq: Regroup specification: sc,bg,vacm,mm
prom2lts-seq: Regroup Select Combined matrix
prom2lts-seq: Regroup Bipartite Graph
prom2lts-seq: Regroup ViennaCL's Advanced Cuthill McKee
prom2lts-seq: bandwidth: 115
prom2lts-seq: profile: 13724
prom2lts-seq: span: 16247
prom2lts-seq: average wavefront: 54.858
prom2lts-seq: RMS wavefront: 67.713
prom2lts-seq: Regroup Matrix Metrics
prom2lts-seq: Regrouping: 116->116 groups
prom2lts-seq: Regrouping took 0.000 real 0.000 user 0.000 sys
Event Span: 2153
Normalized Event Span: 0.3093
Weighted Event Span, moment 1 (WES^1): 4163
Normalized Weighted Event Span, moment 1: 0.5981
Exit [0]
0.00 user, 0.01 system, 0.10 elapsed -- Max VSize = 4196KB, Max RSS = 88KB
