statistics run
dve2lts-seq spec/DVE/cyclic_scheduler.2.dve -rsc,tg,bcm,mm --regroup-exit --graph-metrics
ctit032
dve2lts-seq: Precompiled divine module initialized
dve2lts-seq: Loading model from spec/DVE/cyclic_scheduler.2.dve
dve2lts-seq: Initializing regrouping layer
dve2lts-seq: Regroup specification: sc,tg,bcm,mm
dve2lts-seq: Regroup Select Combined matrix
dve2lts-seq: Regroup Total graph
dve2lts-seq: Regroup Boost's Cuthill McKee
dve2lts-seq: bandwidth: 33
dve2lts-seq: profile: 3375
dve2lts-seq: span: 5045
dve2lts-seq: average wavefront: 15.071
dve2lts-seq: RMS wavefront: 16.128
dve2lts-seq: Regroup Matrix Metrics
dve2lts-seq: Regrouping: 30->30 groups
dve2lts-seq: Regrouping took 0.000 real 0.000 user 0.000 sys
Event Span: 165
Normalized Event Span: 0.275
Weighted Event Span, moment 1 (WES^1): 224
Normalized Weighted Event Span, moment 1: 0.374
Exit [0]
0.48 user, 0.07 system, 0.60 elapsed -- Max VSize = 38240KB, Max RSS = 4748KB
