statistics run
dve2lts-seq spec/DVE/synapse.6.dve -rsc,bg,vacm,mm --regroup-exit --graph-metrics
ctit010
dve2lts-seq: Precompiled divine module initialized
dve2lts-seq: Loading model from spec/DVE/synapse.6.dve
dve2lts-seq: Initializing regrouping layer
dve2lts-seq: Regroup specification: sc,bg,vacm,mm
dve2lts-seq: Regroup Select Combined matrix
dve2lts-seq: Regroup Bipartite Graph
dve2lts-seq: Regroup ViennaCL's Advanced Cuthill McKee
dve2lts-seq: bandwidth: 130
dve2lts-seq: profile: 17742
dve2lts-seq: span: 24142
dve2lts-seq: average wavefront: 59.432
dve2lts-seq: RMS wavefront: 69.057
dve2lts-seq: Regroup Matrix Metrics
dve2lts-seq: Regrouping: 194->194 groups
dve2lts-seq: Regrouping took 0.010 real 0.000 user 0.000 sys
Event Span: 2738
Normalized Event Span: 0.5041
Weighted Event Span, moment 1 (WES^1): 4686
Normalized Weighted Event Span, moment 1: 0.8627
Exit [0]
4.10 user, 0.16 system, 4.30 elapsed -- Max VSize = 38240KB, Max RSS = 4748KB
