statistics run
pnml2lts-seq spec/PNML/sg-4-2-4.pnml -rsc,tg,vacm,mm --regroup-exit --graph-metrics
ctit037
pnml2lts-seq: Loading model from spec/PNML/sg-4-2-4.pnml
pnml2lts-seq: Petri net has 240 places, 272 transitions and 1088 arcs
pnml2lts-seq: There are 0 safe places
pnml2lts-seq: Petri net spec/PNML/sg-4-2-4.pnml analyzed
pnml2lts-seq: Loading Petri net took 0.010 real 0.010 user 0.000 sys
pnml2lts-seq: Initializing regrouping layer
pnml2lts-seq: Regroup specification: sc,tg,vacm,mm
pnml2lts-seq: Regroup Select Combined matrix
pnml2lts-seq: Regroup Total graph
pnml2lts-seq: Regroup ViennaCL's Advanced Cuthill McKee
pnml2lts-seq: bandwidth: 151
pnml2lts-seq: profile: 148015
pnml2lts-seq: span: 216697
pnml2lts-seq: average wavefront: 83.70937
pnml2lts-seq: RMS wavefront: 90.12788
pnml2lts-seq: Regroup Matrix Metrics
pnml2lts-seq: Regrouping: 272->272 groups
pnml2lts-seq: Regrouping took 0.160 real 0.150 user 0.000 sys
pnml2lts-seq: max token count: 4
Event Span: 6389
Normalized Event Span: 0.097871
Weighted Event Span, moment 1 (WES^1): 7435.6
Normalized Weighted Event Span, moment 1: 0.1139
Exit [0]
0.17 user, 0.01 system, 0.20 elapsed -- Max VSize = 46548KB, Max RSS = 8156KB
