statistics run
lps2lts-seq --mcrl2-rewriter=jitty spec/mCRL2/four_in_a_row5.mcrl2.suminst.lps -rsc,bg,vgps,mm --regroup-exit --graph-metrics
ctit014
lps2lts-seq: mCRL2 language module initialized
lps2lts-seq: Loading model from spec/mCRL2/four_in_a_row5.mcrl2.suminst.lps
lps2lts-seq: mCRL2 rewriter: jitty
lps2lts-seq: Initializing regrouping layer
lps2lts-seq: Regroup specification: sc,bg,vgps,mm
lps2lts-seq: Regroup Select Combined matrix
lps2lts-seq: Regroup Bipartite Graph
lps2lts-seq: Regroup ViennaCL's Gibbs Poole Stockmeyer
lps2lts-seq: bandwidth: 7
lps2lts-seq: profile: 82
lps2lts-seq: span: 52
lps2lts-seq: average wavefront: 3.86
lps2lts-seq: RMS wavefront: 4.29
lps2lts-seq: Regroup Matrix Metrics
lps2lts-seq: Regrouping: 12->12 groups
lps2lts-seq: Regrouping took 0.000 real 0.000 user 0.000 sys
Event Span: 24
Normalized Event Span: 1
Weighted Event Span, moment 1 (WES^1): 48
Normalized Weighted Event Span, moment 1: 2
Exit [0]
0.04 user, 0.01 system, 0.10 elapsed -- Max VSize = 4192KB, Max RSS = 80KB
