statistics run
dve2lts-seq spec/DVE/elevator.2.dve -rsc,tg,bk,mm --regroup-exit --graph-metrics
ctit038
dve2lts-seq: Precompiled divine module initialized
dve2lts-seq: Loading model from spec/DVE/elevator.2.dve
dve2lts-seq: Initializing regrouping layer
dve2lts-seq: Regroup specification: sc,tg,bk,mm
dve2lts-seq: Regroup Select Combined matrix
dve2lts-seq: Regroup Total graph
dve2lts-seq: Regroup Boost's King
dve2lts-seq: bandwidth: 106
dve2lts-seq: profile: 17324
dve2lts-seq: span: 23881
dve2lts-seq: average wavefront: 42.114
dve2lts-seq: RMS wavefront: 45.881
dve2lts-seq: Regroup Matrix Metrics
dve2lts-seq: Regrouping: 32->32 groups
dve2lts-seq: Regrouping took 0.000 real 0.000 user 0.000 sys
Event Span: 356
Normalized Event Span: 0.464
Weighted Event Span, moment 1 (WES^1): 518
Normalized Weighted Event Span, moment 1: 0.675
Exit [0]
0.58 user, 0.06 system, 1.00 elapsed -- Max VSize = 38240KB, Max RSS = 4744KB
