statistics run
prob2lts-seq --zocket-prefix=/tmp/ltsmin-392- --no-close spec/B/SimpleDeadlock.mch -rsc,tg,vcm,mm --regroup-exit --graph-metrics
ctit043
prob2lts-seq: ProB module initialized
prob2lts-seq: Loading model from /tmp/ltsmin-403.probz
prob2lts-seq: ProB init
prob2lts-seq: connecting to zocket ipc:///tmp/ltsmin-403.probz

Starting LTSMin Server...
pl_init_for_lts_min
prob2lts-seq: Initializing regrouping layer
prob2lts-seq: Regroup specification: sc,tg,vcm,mm
prob2lts-seq: Regroup Select Combined matrix
prob2lts-seq: Regroup Total graph
prob2lts-seq: Regroup ViennaCL's Cuthill McKee
prob2lts-seq: bandwidth: 5
prob2lts-seq: profile: 37
prob2lts-seq: span: 42
prob2lts-seq: average wavefront: 3.6
prob2lts-seq: RMS wavefront: 4
prob2lts-seq: Regroup Matrix Metrics
prob2lts-seq: Regrouping: 2->2 groups
prob2lts-seq: Regrouping took 0.000 real 0.000 user 0.000 sys
Event Span: 4
Normalized Event Span: 1
Weighted Event Span, moment 1 (WES^1): 8
Normalized Weighted Event Span, moment 1: 2
Exit [0]
0.00 user, 0.01 system, 0.10 elapsed -- Max VSize = 4196KB, Max RSS = 88KB
command-403: line 10: 59045 Killed                  probcli spec/B/SimpleDeadlock.mch -ltsmin2 /tmp/ltsmin-403.probz
