statistics run
lps2lts-seq --mcrl2-rewriter=jitty spec/mCRL2/brp.mcrl2.suminst.lps -rsc,bg,bk,mm --regroup-exit --graph-metrics
ctit003
lps2lts-seq: mCRL2 language module initialized
lps2lts-seq: Loading model from spec/mCRL2/brp.mcrl2.suminst.lps
lps2lts-seq: mCRL2 rewriter: jitty
lps2lts-seq: Initializing regrouping layer
lps2lts-seq: Regroup specification: sc,bg,bk,mm
lps2lts-seq: Regroup Select Combined matrix
lps2lts-seq: Regroup Bipartite Graph
lps2lts-seq: Regroup Boost's King
lps2lts-seq: bandwidth: 54
lps2lts-seq: profile: 2530
lps2lts-seq: span: 1549
lps2lts-seq: average wavefront: 9.073
lps2lts-seq: RMS wavefront: 9.493
lps2lts-seq: Regroup Matrix Metrics
lps2lts-seq: Regrouping: 76->76 groups
lps2lts-seq: Regrouping took 0.000 real 0.000 user 0.000 sys
Event Span: 502
Normalized Event Span: 0.3303
Weighted Event Span, moment 1 (WES^1): 825.3
Normalized Weighted Event Span, moment 1: 0.543
Exit [0]
0.02 user, 0.02 system, 0.10 elapsed -- Max VSize = 4196KB, Max RSS = 84KB
