statistics run
dve2lts-seq spec/DVE/at.3.dve -rsc,bg,vcm,mm --regroup-exit --graph-metrics
ctit028
dve2lts-seq: Precompiled divine module initialized
dve2lts-seq: Loading model from spec/DVE/at.3.dve
dve2lts-seq: Initializing regrouping layer
dve2lts-seq: Regroup specification: sc,bg,vcm,mm
dve2lts-seq: Regroup Select Combined matrix
dve2lts-seq: Regroup Bipartite Graph
dve2lts-seq: Regroup ViennaCL's Cuthill McKee
dve2lts-seq: bandwidth: 42
dve2lts-seq: profile: 2057
dve2lts-seq: span: 2733
dve2lts-seq: average wavefront: 20.71
dve2lts-seq: RMS wavefront: 24.55
dve2lts-seq: Regroup Matrix Metrics
dve2lts-seq: Regrouping: 57->57 groups
dve2lts-seq: Regrouping took 0.000 real 0.000 user 0.000 sys
Event Span: 347
Normalized Event Span: 0.507
Weighted Event Span, moment 1 (WES^1): 491
Normalized Weighted Event Span, moment 1: 0.719
Exit [0]
0.74 user, 0.05 system, 0.80 elapsed -- Max VSize = 38240KB, Max RSS = 4748KB
