statistics run
dve2lts-seq spec/DVE/msmie.4.dve -rsc,bg,vcm,mm --regroup-exit --graph-metrics
ctit002
dve2lts-seq: Precompiled divine module initialized
dve2lts-seq: Loading model from spec/DVE/msmie.4.dve
dve2lts-seq: Initializing regrouping layer
dve2lts-seq: Regroup specification: sc,bg,vcm,mm
dve2lts-seq: Regroup Select Combined matrix
dve2lts-seq: Regroup Bipartite Graph
dve2lts-seq: Regroup ViennaCL's Cuthill McKee
dve2lts-seq: bandwidth: 372
dve2lts-seq: profile: 87626
dve2lts-seq: span: 49321
dve2lts-seq: average wavefront: 166.517
dve2lts-seq: RMS wavefront: 200.498
dve2lts-seq: Regroup Matrix Metrics
dve2lts-seq: Regrouping: 450->450 groups
dve2lts-seq: Regrouping took 0.010 real 0.010 user 0.000 sys
Event Span: 7118
Normalized Event Span: 0.56492
Weighted Event Span, moment 1 (WES^1): 12249
Normalized Weighted Event Span, moment 1: 0.97211
Exit [0]
10.40 user, 0.32 system, 10.81 elapsed -- Max VSize = 38240KB, Max RSS = 4748KB
