statistics run
pnml2lts-seq spec/PNML/QCertifProtocol_06-unfold.pnml -rsc,bn,mm --regroup-exit --graph-metrics
ctit022
pnml2lts-seq: Loading model from spec/PNML/QCertifProtocol_06-unfold.pnml
pnml2lts-seq: Petri net has 270 places, 116 transitions and 659 arcs
pnml2lts-seq: There are 0 safe places
pnml2lts-seq: Petri net spec/PNML/QCertifProtocol_06-unfold.pnml analyzed
pnml2lts-seq: Loading Petri net took 0.010 real 0.010 user 0.000 sys
pnml2lts-seq: Initializing regrouping layer
pnml2lts-seq: Regroup specification: sc,bn,mm
pnml2lts-seq: Regroup Select Combined matrix
pnml2lts-seq: Regroup Boost's None
pnml2lts-seq: bandwidth: 354
pnml2lts-seq: profile: 75299
pnml2lts-seq: span: 23804
pnml2lts-seq: average wavefront: 138.531
pnml2lts-seq: RMS wavefront: 161.583
pnml2lts-seq: Regroup Matrix Metrics
pnml2lts-seq: Regrouping: 116->116 groups
pnml2lts-seq: Regrouping took 0.010 real 0.000 user 0.000 sys
pnml2lts-seq: max token count: 3
Event Span: 13491
Normalized Event Span: 0.43075
Weighted Event Span, moment 1 (WES^1): 24884
Normalized Weighted Event Span, moment 1: 0.79452
Exit [0]
0.02 user, 0.00 system, 0.10 elapsed -- Max VSize = 4192KB, Max RSS = 80KB
