statistics run
lps2lts-seq --mcrl2-rewriter=jitty spec/mCRL2/native-swp_2_5_1.mcrl2.suminst.lps -rsc,tg,bs,mm --regroup-exit --graph-metrics
ctit001
lps2lts-seq: mCRL2 language module initialized
lps2lts-seq: Loading model from spec/mCRL2/native-swp_2_5_1.mcrl2.suminst.lps
lps2lts-seq: mCRL2 rewriter: jitty
lps2lts-seq: Initializing regrouping layer
lps2lts-seq: Regroup specification: sc,tg,bs,mm
lps2lts-seq: Regroup Select Combined matrix
lps2lts-seq: Regroup Total graph
lps2lts-seq: Regroup Boost's Sloan
lps2lts-seq: bandwidth: 101
lps2lts-seq: profile: 6190
lps2lts-seq: span: 7671
lps2lts-seq: average wavefront: 17.764
lps2lts-seq: RMS wavefront: 19.903
lps2lts-seq: Regroup Matrix Metrics
lps2lts-seq: Regrouping: 21->21 groups
lps2lts-seq: Regrouping took 0.000 real 0.010 user 0.000 sys
Event Span: 119
Normalized Event Span: 0.472
Weighted Event Span, moment 1 (WES^1): 154
Normalized Weighted Event Span, moment 1: 0.611
Exit [0]
0.03 user, 0.02 system, 0.10 elapsed -- Max VSize = 4196KB, Max RSS = 84KB
