statistics run
dve2lts-seq spec/DVE/bridge.1.dve -rsc,bn,mm --regroup-exit --graph-metrics
ctit006
dve2lts-seq: Precompiled divine module initialized
dve2lts-seq: Loading model from spec/DVE/bridge.1.dve
dve2lts-seq: Initializing regrouping layer
dve2lts-seq: Regroup specification: sc,bn,mm
dve2lts-seq: Regroup Select Combined matrix
dve2lts-seq: Regroup Boost's None
dve2lts-seq: bandwidth: 47
dve2lts-seq: profile: 1630
dve2lts-seq: span: 615
dve2lts-seq: average wavefront: 9.137
dve2lts-seq: RMS wavefront: 9.493
dve2lts-seq: Regroup Matrix Metrics
dve2lts-seq: Regrouping: 41->41 groups
dve2lts-seq: Regrouping took 0.000 real 0.000 user 0.000 sys
Event Span: 285
Normalized Event Span: 0.695
Weighted Event Span, moment 1 (WES^1): 498
Normalized Weighted Event Span, moment 1: 1.22
Exit [0]
0.45 user, 0.07 system, 0.60 elapsed -- Max VSize = 38240KB, Max RSS = 4680KB
