statistics run
lps2lts-seq --mcrl2-rewriter=jitty spec/mCRL2/garavel.mcrl2.suminst.lps -rsc,bg,vgps,mm --regroup-exit --graph-metrics
ctit043
lps2lts-seq: mCRL2 language module initialized
lps2lts-seq: Loading model from spec/mCRL2/garavel.mcrl2.suminst.lps
lps2lts-seq: mCRL2 rewriter: jitty
lps2lts-seq: Initializing regrouping layer
lps2lts-seq: Regroup specification: sc,bg,vgps,mm
lps2lts-seq: Regroup Select Combined matrix
lps2lts-seq: Regroup Bipartite Graph
lps2lts-seq: Regroup ViennaCL's Gibbs Poole Stockmeyer
lps2lts-seq: bandwidth: 437
lps2lts-seq: profile: 393303
lps2lts-seq: span: 568742
lps2lts-seq: average wavefront: 231.778
lps2lts-seq: RMS wavefront: 258.4344
lps2lts-seq: Regroup Matrix Metrics
lps2lts-seq: Regrouping: 776->776 groups
lps2lts-seq: Regrouping took 0.140 real 0.130 user 0.000 sys
Event Span: 129855
Normalized Event Span: 0.345029
Weighted Event Span, moment 1 (WES^1): 178481
Normalized Weighted Event Span, moment 1: 0.474228
Exit [0]
0.35 user, 0.02 system, 0.40 elapsed -- Max VSize = 72984KB, Max RSS = 19324KB
