statistics run
dve2lts-seq spec/DVE/msmie.1.dve -rsc,bg,bs,mm --regroup-exit --graph-metrics
ctit009
dve2lts-seq: Precompiled divine module initialized
dve2lts-seq: Loading model from spec/DVE/msmie.1.dve
dve2lts-seq: Initializing regrouping layer
dve2lts-seq: Regroup specification: sc,bg,bs,mm
dve2lts-seq: Regroup Select Combined matrix
dve2lts-seq: Regroup Bipartite Graph
dve2lts-seq: Regroup Boost's Sloan
dve2lts-seq: bandwidth: 72
dve2lts-seq: profile: 4355
dve2lts-seq: span: 2318
dve2lts-seq: average wavefront: 7.167
dve2lts-seq: RMS wavefront: 7.507
dve2lts-seq: Regroup Matrix Metrics
dve2lts-seq: Regrouping: 85->85 groups
dve2lts-seq: Regrouping took 0.000 real 0.000 user 0.000 sys
Event Span: 449
Normalized Event Span: 0.48
Weighted Event Span, moment 1 (WES^1): 685
Normalized Weighted Event Span, moment 1: 0.732
Exit [0]
0.79 user, 0.06 system, 0.90 elapsed -- Max VSize = 38240KB, Max RSS = 4744KB
