statistics run
pnml2lts-seq spec/PNML/20-10_phaseVariation.pnml -rsc,tg,bk,mm --regroup-exit --graph-metrics
ctit043
pnml2lts-seq: Loading model from spec/PNML/20-10_phaseVariation.pnml
pnml2lts-seq: Petri net has 1202 places, 13457 transitions and 93395 arcs
pnml2lts-seq: There are 0 safe places
pnml2lts-seq: Petri net spec/PNML/20-10_phaseVariation.pnml analyzed
pnml2lts-seq: Loading Petri net took 1.180 real 1.000 user 0.170 sys
pnml2lts-seq: Initializing regrouping layer
pnml2lts-seq: Regroup specification: sc,tg,bk,mm
pnml2lts-seq: Regroup Select Combined matrix
pnml2lts-seq: Regroup Total graph
pnml2lts-seq: Regroup Boost's King
pnml2lts-seq: bandwidth: 67594
pnml2lts-seq: profile: 3937573887
pnml2lts-seq: span: 4382368928
pnml2lts-seq: average wavefront: 17318.35064
pnml2lts-seq: RMS wavefront: 19778.49534
pnml2lts-seq: Regroup Matrix Metrics
pnml2lts-seq: Regrouping: 13457->13457 groups
pnml2lts-seq: Regrouping took 735.080 real 732.450 user 0.770 sys
pnml2lts-seq: max token count: 1
Event Span: 8603259
Normalized Event Span: 0.53187586
Weighted Event Span, moment 1 (WES^1): 11931452
Normalized Weighted Event Span, moment 1: 0.73763342
Exit [0]
733.45 user, 0.97 system, 736.38 elapsed -- Max VSize = 226352KB, Max RSS = 188112KB
