statistics run
dve2lts-seq spec/DVE/rether.5.dve -rsc,tg,bk,mm --regroup-exit --graph-metrics
ctit011
dve2lts-seq: Precompiled divine module initialized
dve2lts-seq: Loading model from spec/DVE/rether.5.dve
dve2lts-seq: Initializing regrouping layer
dve2lts-seq: Regroup specification: sc,tg,bk,mm
dve2lts-seq: Regroup Select Combined matrix
dve2lts-seq: Regroup Total graph
dve2lts-seq: Regroup Boost's King
dve2lts-seq: bandwidth: 619
dve2lts-seq: profile: 385168
dve2lts-seq: span: 458758
dve2lts-seq: average wavefront: 150.624
dve2lts-seq: RMS wavefront: 166.605
dve2lts-seq: Regroup Matrix Metrics
dve2lts-seq: Regrouping: 156->156 groups
dve2lts-seq: Regrouping took 0.030 real 0.030 user 0.000 sys
Event Span: 2648
Normalized Event Span: 0.3612
Weighted Event Span, moment 1 (WES^1): 3818
Normalized Weighted Event Span, moment 1: 0.5208
Exit [0]
2.17 user, 0.13 system, 2.40 elapsed -- Max VSize = 42336KB, Max RSS = 6792KB
