statistics run
pnml2lts-seq spec/PNML/2D8_gradient_40x40_50.pnml -rsc,tg,vgps,mm --regroup-exit --graph-metrics
ctit026
pnml2lts-seq: Loading model from spec/PNML/2D8_gradient_40x40_50.pnml
pnml2lts-seq: Petri net has 1600 places, 12324 transitions and 24648 arcs
pnml2lts-seq: There are 0 safe places
pnml2lts-seq: Petri net spec/PNML/2D8_gradient_40x40_50.pnml analyzed
pnml2lts-seq: Loading Petri net took 0.710 real 0.670 user 0.040 sys
pnml2lts-seq: Initializing regrouping layer
pnml2lts-seq: Regroup specification: sc,tg,vgps,mm
pnml2lts-seq: Regroup Select Combined matrix
pnml2lts-seq: Regroup Total graph
pnml2lts-seq: Regroup ViennaCL's Gibbs Poole Stockmeyer
pnml2lts-seq: bandwidth: 926
pnml2lts-seq: profile: 19504415
pnml2lts-seq: span: 30984147
pnml2lts-seq: average wavefront: 393.7286633
pnml2lts-seq: RMS wavefront: 426.4209676
pnml2lts-seq: Regroup Matrix Metrics
pnml2lts-seq: Regrouping: 12324->12324 groups
pnml2lts-seq: Regrouping took 173.640 real 172.880 user 0.360 sys
pnml2lts-seq: max token count: 50
Event Span: 431880
Normalized Event Span: 0.021902386
Weighted Event Span, moment 1 (WES^1): 449715.13
Normalized Weighted Event Span, moment 1: 0.022806877
Exit [0]
173.56 user, 0.42 system, 174.41 elapsed -- Max VSize = 162076KB, Max RSS = 123828KB
