statistics run
dve2lts-seq spec/DVE/krebs.4.dve -rsc,bg,bs,mm --regroup-exit --graph-metrics
ctit007
dve2lts-seq: Precompiled divine module initialized
dve2lts-seq: Loading model from spec/DVE/krebs.4.dve
dve2lts-seq: Initializing regrouping layer
dve2lts-seq: Regroup specification: sc,bg,bs,mm
dve2lts-seq: Regroup Select Combined matrix
dve2lts-seq: Regroup Bipartite Graph
dve2lts-seq: Regroup Boost's Sloan
dve2lts-seq: bandwidth: 25
dve2lts-seq: profile: 629
dve2lts-seq: span: 475
dve2lts-seq: average wavefront: 6
dve2lts-seq: RMS wavefront: 6.521
dve2lts-seq: Regroup Matrix Metrics
dve2lts-seq: Regrouping: 22->22 groups
dve2lts-seq: Regrouping took 0.000 real 0.000 user 0.000 sys
Event Span: 150
Normalized Event Span: 0.341
Weighted Event Span, moment 1 (WES^1): 224
Normalized Weighted Event Span, moment 1: 0.51
Exit [0]
0.45 user, 0.08 system, 0.60 elapsed -- Max VSize = 38240KB, Max RSS = 4748KB
