statistics run
prom2lts-seq spec/Promela/iprotocol.4.prom.spins -rsc,bg,bcm,mm --regroup-exit --graph-metrics
ctit020
prom2lts-seq: Precompiled SpinS module initialized
prom2lts-seq: Loading model from spec/Promela/iprotocol.4.prom.spins
prom2lts-seq: Initializing regrouping layer
prom2lts-seq: Regroup specification: sc,bg,bcm,mm
prom2lts-seq: Regroup Select Combined matrix
prom2lts-seq: Regroup Bipartite Graph
prom2lts-seq: Regroup Boost's Cuthill McKee
prom2lts-seq: bandwidth: 28
prom2lts-seq: profile: 1324
prom2lts-seq: span: 1573
prom2lts-seq: average wavefront: 8.349
prom2lts-seq: RMS wavefront: 9.726
prom2lts-seq: Regroup Matrix Metrics
prom2lts-seq: Regrouping: 46->46 groups
prom2lts-seq: Regrouping took 0.000 real 0.000 user 0.000 sys
Event Span: 444
Normalized Event Span: 0.2413
Weighted Event Span, moment 1 (WES^1): 521.5
Normalized Weighted Event Span, moment 1: 0.2834
Exit [0]
0.01 user, 0.00 system, 0.10 elapsed -- Max VSize = 4196KB, Max RSS = 88KB
