statistics run
pnml2lts-seq spec/PNML/UtahNoC.pnml -rsc,bg,vacm,mm --regroup-exit --graph-metrics
ctit001
pnml2lts-seq: Loading model from spec/PNML/UtahNoC.pnml
pnml2lts-seq: Petri net has 216 places, 977 transitions and 2905 arcs
pnml2lts-seq: There are 216 safe places
pnml2lts-seq: Petri net spec/PNML/UtahNoC.pnml analyzed
pnml2lts-seq: Loading Petri net took 0.030 real 0.030 user 0.000 sys
pnml2lts-seq: Initializing regrouping layer
pnml2lts-seq: Regroup specification: sc,bg,vacm,mm
pnml2lts-seq: Regroup Select Combined matrix
pnml2lts-seq: Regroup Bipartite Graph
pnml2lts-seq: Regroup ViennaCL's Advanced Cuthill McKee
pnml2lts-seq: bandwidth: 524
pnml2lts-seq: profile: 385695
pnml2lts-seq: span: 403284
pnml2lts-seq: average wavefront: 257.9841
pnml2lts-seq: RMS wavefront: 296.2956
pnml2lts-seq: Regroup Matrix Metrics
pnml2lts-seq: Regrouping: 977->977 groups
pnml2lts-seq: Regrouping took 0.090 real 0.090 user 0.000 sys
pnml2lts-seq: max token count: 1
Event Span: 58621
Normalized Event Span: 0.277783
Weighted Event Span, moment 1 (WES^1): 91636.4
Normalized Weighted Event Span, moment 1: 0.43423
Exit [0]
0.13 user, 0.01 system, 0.20 elapsed -- Max VSize = 49324KB, Max RSS = 10884KB
