statistics run
dve2lts-seq spec/DVE/telephony.1.dve -rsc,bg,bk,mm --regroup-exit --graph-metrics
ctit019
dve2lts-seq: Precompiled divine module initialized
dve2lts-seq: Loading model from spec/DVE/telephony.1.dve
dve2lts-seq: Initializing regrouping layer
dve2lts-seq: Regroup specification: sc,bg,bk,mm
dve2lts-seq: Regroup Select Combined matrix
dve2lts-seq: Regroup Bipartite Graph
dve2lts-seq: Regroup Boost's King
dve2lts-seq: bandwidth: 30
dve2lts-seq: profile: 1681
dve2lts-seq: span: 2173
dve2lts-seq: average wavefront: 13.76
dve2lts-seq: RMS wavefront: 15.86
dve2lts-seq: Regroup Matrix Metrics
dve2lts-seq: Regrouping: 62->62 groups
dve2lts-seq: Regrouping took 0.000 real 0.000 user 0.000 sys
Event Span: 337
Normalized Event Span: 0.388
Weighted Event Span, moment 1 (WES^1): 435
Normalized Weighted Event Span, moment 1: 0.501
Exit [0]
0.76 user, 0.05 system, 0.90 elapsed -- Max VSize = 38240KB, Max RSS = 4744KB
