statistics run
lps2lts-seq --mcrl2-rewriter=jitty spec/mCRL2/sokoban.mcrl2.suminst.lps -rsc,bg,vacm,mm --regroup-exit --graph-metrics
ctit043
lps2lts-seq: mCRL2 language module initialized
lps2lts-seq: Loading model from spec/mCRL2/sokoban.mcrl2.suminst.lps
lps2lts-seq: mCRL2 rewriter: jitty
lps2lts-seq: Initializing regrouping layer
lps2lts-seq: Regroup specification: sc,bg,vacm,mm
lps2lts-seq: Regroup Select Combined matrix
lps2lts-seq: Regroup Bipartite Graph
lps2lts-seq: Regroup ViennaCL's Advanced Cuthill McKee
lps2lts-seq: bandwidth: 8
lps2lts-seq: profile: 134
lps2lts-seq: span: 159
lps2lts-seq: average wavefront: 5.6
lps2lts-seq: RMS wavefront: 6.01
lps2lts-seq: Regroup Matrix Metrics
lps2lts-seq: Regrouping: 15->15 groups
lps2lts-seq: Regrouping took 0.000 real 0.000 user 0.000 sys
Event Span: 45
Normalized Event Span: 0.6
Weighted Event Span, moment 1 (WES^1): 70
Normalized Weighted Event Span, moment 1: 0.93
Exit [0]
0.01 user, 0.01 system, 0.10 elapsed -- Max VSize = 4196KB, Max RSS = 84KB
