statistics run
pnml2lts-seq spec/PNML/cs_repetitions-2-unfolded.pnml -rsc,bg,vgps,mm --regroup-exit --graph-metrics
ctit039
pnml2lts-seq: Loading model from spec/PNML/cs_repetitions-2-unfolded.pnml
pnml2lts-seq: Petri net has 23 places, 28 transitions and 92 arcs
pnml2lts-seq: There are 0 safe places
pnml2lts-seq: Petri net spec/PNML/cs_repetitions-2-unfolded.pnml analyzed
pnml2lts-seq: Loading Petri net took 0.000 real 0.000 user 0.000 sys
pnml2lts-seq: Initializing regrouping layer
pnml2lts-seq: Regroup specification: sc,bg,vgps,mm
pnml2lts-seq: Regroup Select Combined matrix
pnml2lts-seq: Regroup Bipartite Graph
pnml2lts-seq: Regroup ViennaCL's Gibbs Poole Stockmeyer
pnml2lts-seq: bandwidth: 15
pnml2lts-seq: profile: 625
pnml2lts-seq: span: 765
pnml2lts-seq: average wavefront: 9.098
pnml2lts-seq: RMS wavefront: 9.701
pnml2lts-seq: Regroup Matrix Metrics
pnml2lts-seq: Regrouping: 28->28 groups
pnml2lts-seq: Regrouping took 0.000 real 0.000 user 0.000 sys
pnml2lts-seq: max token count: 2
Event Span: 225
Normalized Event Span: 0.349
Weighted Event Span, moment 1 (WES^1): 326
Normalized Weighted Event Span, moment 1: 0.507
Exit [0]
0.00 user, 0.01 system, 0.10 elapsed -- Max VSize = 4196KB, Max RSS = 88KB
