statistics run
dve2lts-seq spec/DVE/public_subscribe.1.dve -rsc,tg,vcm,mm --regroup-exit --graph-metrics
ctit009
dve2lts-seq: Precompiled divine module initialized
dve2lts-seq: Loading model from spec/DVE/public_subscribe.1.dve
dve2lts-seq: Initializing regrouping layer
dve2lts-seq: Regroup specification: sc,tg,vcm,mm
dve2lts-seq: Regroup Select Combined matrix
dve2lts-seq: Regroup Total graph
dve2lts-seq: Regroup ViennaCL's Cuthill McKee
dve2lts-seq: bandwidth: 251
dve2lts-seq: profile: 28835
dve2lts-seq: span: 36626
dve2lts-seq: average wavefront: 76.229
dve2lts-seq: RMS wavefront: 90.085
dve2lts-seq: Regroup Matrix Metrics
dve2lts-seq: Regrouping: 71->71 groups
dve2lts-seq: Regrouping took 0.010 real 0.010 user 0.000 sys
Event Span: 424
Normalized Event Span: 0.2986
Weighted Event Span, moment 1 (WES^1): 518.7
Normalized Weighted Event Span, moment 1: 0.3653
Exit [0]
1.17 user, 0.07 system, 1.30 elapsed -- Max VSize = 38240KB, Max RSS = 4748KB
