statistics run
prob2lts-seq --zocket-prefix=/tmp/ltsmin-14- --no-close spec/B/CAN_BUS.mch -rsc,tg,vacm,mm --regroup-exit --graph-metrics
ctit002
prob2lts-seq: ProB module initialized
prob2lts-seq: Loading model from /tmp/ltsmin-26.probz
prob2lts-seq: ProB init
prob2lts-seq: connecting to zocket ipc:///tmp/ltsmin-26.probz

Starting LTSMin Server...
pl_init_for_lts_min
prob2lts-seq: Initializing regrouping layer
prob2lts-seq: Regroup specification: sc,tg,vacm,mm
prob2lts-seq: Regroup Select Combined matrix
prob2lts-seq: Regroup Total graph
prob2lts-seq: Regroup ViennaCL's Advanced Cuthill McKee
prob2lts-seq: bandwidth: 124
prob2lts-seq: profile: 10884
prob2lts-seq: span: 12030
prob2lts-seq: average wavefront: 60.302
prob2lts-seq: RMS wavefront: 69.977
prob2lts-seq: Regroup Matrix Metrics
prob2lts-seq: Regrouping: 22->22 groups
prob2lts-seq: Regrouping took 0.000 real 0.000 user 0.000 sys
Event Span: 267
Normalized Event Span: 0.607
Weighted Event Span, moment 1 (WES^1): 374
Normalized Weighted Event Span, moment 1: 0.85
Exit [0]
0.01 user, 0.00 system, 0.10 elapsed -- Max VSize = 4196KB, Max RSS = 88KB
command-26: line 10: 36528 Killed                  probcli spec/B/CAN_BUS.mch -ltsmin2 /tmp/ltsmin-26.probz
