statistics run
pnml2lts-seq spec/PNML/RAS-C-100.pnml -rsc,bn,mm --noack=2 --regroup-exit --graph-metrics
ctit032
pnml2lts-seq: Loading model from spec/PNML/RAS-C-100.pnml
pnml2lts-seq: Petri net has 600 places, 400 transitions and 1794 arcs
pnml2lts-seq: There are 0 safe places
pnml2lts-seq: Petri net spec/PNML/RAS-C-100.pnml analyzed
pnml2lts-seq: Computing Noack2 order
pnml2lts-seq: Computing Noack2 order took 0.020 real 0.020 user 0.000 sys
pnml2lts-seq: Loading Petri net took 0.090 real 0.080 user 0.010 sys
pnml2lts-seq: Initializing regrouping layer
pnml2lts-seq: Got state vector permutation from language front-end; permuting columns
pnml2lts-seq: Regroup specification: sc,bn,mm
pnml2lts-seq: Regroup Select Combined matrix
pnml2lts-seq: Regroup Boost's None
pnml2lts-seq: bandwidth: 997
pnml2lts-seq: profile: 503190
pnml2lts-seq: span: 5372
pnml2lts-seq: average wavefront: 301.3
pnml2lts-seq: RMS wavefront: 347.538
pnml2lts-seq: Regroup Matrix Metrics
pnml2lts-seq: Regrouping: 400->400 groups
pnml2lts-seq: Regrouping took 0.040 real 0.040 user 0.000 sys
pnml2lts-seq: max token count: 1
Event Span: 2984
Normalized Event Span: 0.0124333
Weighted Event Span, moment 1 (WES^1): 3018.08
Normalized Weighted Event Span, moment 1: 0.0125753
Exit [0]
0.12 user, 0.02 system, 0.20 elapsed -- Max VSize = 56604KB, Max RSS = 18148KB
