statistics run
dve2lts-seq spec/DVE/lifts.1.dve -rsc,tg,vacm,mm --regroup-exit --graph-metrics
ctit004
dve2lts-seq: Precompiled divine module initialized
dve2lts-seq: Loading model from spec/DVE/lifts.1.dve
dve2lts-seq: Initializing regrouping layer
dve2lts-seq: Regroup specification: sc,tg,vacm,mm
dve2lts-seq: Regroup Select Combined matrix
dve2lts-seq: Regroup Total graph
dve2lts-seq: Regroup ViennaCL's Advanced Cuthill McKee
dve2lts-seq: bandwidth: 441
dve2lts-seq: profile: 228884
dve2lts-seq: span: 311866
dve2lts-seq: average wavefront: 210.502
dve2lts-seq: RMS wavefront: 236.773
dve2lts-seq: Regroup Matrix Metrics
dve2lts-seq: Regrouping: 135->135 groups
dve2lts-seq: Regrouping took 0.050 real 0.040 user 0.000 sys
Event Span: 1601
Normalized Event Span: 0.5391
Weighted Event Span, moment 1 (WES^1): 2778
Normalized Weighted Event Span, moment 1: 0.9353
Exit [0]
2.93 user, 0.07 system, 3.10 elapsed -- Max VSize = 39308KB, Max RSS = 6088KB
