statistics run
dve2lts-seq spec/DVE/leader_filters.1.dve -rsc,tg,bs,mm --regroup-exit --graph-metrics
ctit011
dve2lts-seq: Precompiled divine module initialized
dve2lts-seq: Loading model from spec/DVE/leader_filters.1.dve
dve2lts-seq: Initializing regrouping layer
dve2lts-seq: Regroup specification: sc,tg,bs,mm
dve2lts-seq: Regroup Select Combined matrix
dve2lts-seq: Regroup Total graph
dve2lts-seq: Regroup Boost's Sloan
dve2lts-seq: bandwidth: 176
dve2lts-seq: profile: 19015
dve2lts-seq: span: 22751
dve2lts-seq: average wavefront: 30.593
dve2lts-seq: RMS wavefront: 32.811
dve2lts-seq: Regroup Matrix Metrics
dve2lts-seq: Regrouping: 30->30 groups
dve2lts-seq: Regrouping took 0.010 real 0.000 user 0.000 sys
Event Span: 315
Normalized Event Span: 0.5
Weighted Event Span, moment 1 (WES^1): 516
Normalized Weighted Event Span, moment 1: 0.818
Exit [0]
0.59 user, 0.04 system, 0.70 elapsed -- Max VSize = 38240KB, Max RSS = 4748KB
