statistics run
lps2lts-seq --mcrl2-rewriter=jitty spec/mCRL2/garage-r1.mcrl2.suminst.lps -rsc,bg,bcm,mm --regroup-exit --graph-metrics
ctit040
lps2lts-seq: mCRL2 language module initialized
lps2lts-seq: Loading model from spec/mCRL2/garage-r1.mcrl2.suminst.lps
lps2lts-seq: mCRL2 rewriter: jitty
lps2lts-seq: Initializing regrouping layer
lps2lts-seq: Regroup specification: sc,bg,bcm,mm
lps2lts-seq: Regroup Select Combined matrix
lps2lts-seq: Regroup Bipartite Graph
lps2lts-seq: Regroup Boost's Cuthill McKee
lps2lts-seq: bandwidth: 470
lps2lts-seq: profile: 113048
lps2lts-seq: span: 2383
lps2lts-seq: average wavefront: 3.98529
lps2lts-seq: RMS wavefront: 3.98975
lps2lts-seq: Regroup Matrix Metrics
lps2lts-seq: Regrouping: 472->472 groups
lps2lts-seq: Regrouping took 0.000 real 0.000 user 0.000 sys
Event Span: 950
Normalized Event Span: 0.5032
Weighted Event Span, moment 1 (WES^1): 1432
Normalized Weighted Event Span, moment 1: 0.7585
Exit [0]
0.19 user, 0.01 system, 0.30 elapsed -- Max VSize = 66980KB, Max RSS = 13884KB
