statistics run
dve2lts-seq spec/DVE/telephony.6.dve -rsc,bg,bcm,mm --regroup-exit --graph-metrics
ctit021
dve2lts-seq: Precompiled divine module initialized
dve2lts-seq: Loading model from spec/DVE/telephony.6.dve
dve2lts-seq: Initializing regrouping layer
dve2lts-seq: Regroup specification: sc,bg,bcm,mm
dve2lts-seq: Regroup Select Combined matrix
dve2lts-seq: Regroup Bipartite Graph
dve2lts-seq: Regroup Boost's Cuthill McKee
dve2lts-seq: bandwidth: 73
dve2lts-seq: profile: 6534
dve2lts-seq: span: 8350
dve2lts-seq: average wavefront: 27.263
dve2lts-seq: RMS wavefront: 35.56
dve2lts-seq: Regroup Matrix Metrics
dve2lts-seq: Regrouping: 128->128 groups
dve2lts-seq: Regrouping took 0.000 real 0.000 user 0.000 sys
Event Span: 1075
Normalized Event Span: 0.3499
Weighted Event Span, moment 1 (WES^1): 1403
Normalized Weighted Event Span, moment 1: 0.4568
Exit [0]
2.46 user, 0.12 system, 2.60 elapsed -- Max VSize = 38240KB, Max RSS = 4748KB
