statistics run
pnml2lts-seq spec/PNML/rwmutex-r2000w10.pnml -rsc,tg,bk,mm --regroup-exit --graph-metrics
ctit010
pnml2lts-seq: Loading model from spec/PNML/rwmutex-r2000w10.pnml
pnml2lts-seq: Petri net has 6020 places, 4020 transitions and 52040 arcs
pnml2lts-seq: There are 0 safe places
pnml2lts-seq: Petri net spec/PNML/rwmutex-r2000w10.pnml analyzed
pnml2lts-seq: Loading Petri net took 0.910 real 0.830 user 0.070 sys
pnml2lts-seq: Initializing regrouping layer
pnml2lts-seq: Regroup specification: sc,tg,bk,mm
pnml2lts-seq: Regroup Select Combined matrix
pnml2lts-seq: Regroup Total graph
pnml2lts-seq: Regroup Boost's King
pnml2lts-seq: bandwidth: 46987
pnml2lts-seq: profile: 1714961720
pnml2lts-seq: span: 2104453413
pnml2lts-seq: average wavefront: 12022.2208
pnml2lts-seq: RMS wavefront: 14107.31295
pnml2lts-seq: Regroup Matrix Metrics
pnml2lts-seq: Regrouping: 4020->4020 groups
pnml2lts-seq: Regrouping took 353.280 real 352.100 user 0.170 sys
pnml2lts-seq: max token count: 1
Event Span: 12109668
Normalized Event Span: 0.50039123
Weighted Event Span, moment 1 (WES^1): 17038546
Normalized Weighted Event Span, moment 1: 0.7040605
Exit [0]
352.93 user, 0.26 system, 354.27 elapsed -- Max VSize = 190108KB, Max RSS = 151808KB
