statistics run
dve2lts-seq spec/DVE/synapse.4.dve -rsc,bg,vcm,mm --regroup-exit --graph-metrics
ctit012
dve2lts-seq: Precompiled divine module initialized
dve2lts-seq: Loading model from spec/DVE/synapse.4.dve
dve2lts-seq: Initializing regrouping layer
dve2lts-seq: Regroup specification: sc,bg,vcm,mm
dve2lts-seq: Regroup Select Combined matrix
dve2lts-seq: Regroup Bipartite Graph
dve2lts-seq: Regroup ViennaCL's Cuthill McKee
dve2lts-seq: bandwidth: 97
dve2lts-seq: profile: 14631
dve2lts-seq: span: 20166
dve2lts-seq: average wavefront: 52.531
dve2lts-seq: RMS wavefront: 58.843
dve2lts-seq: Regroup Matrix Metrics
dve2lts-seq: Regrouping: 185->185 groups
dve2lts-seq: Regrouping took 0.000 real 0.000 user 0.000 sys
Event Span: 2231
Normalized Event Span: 0.5482
Weighted Event Span, moment 1 (WES^1): 3804
Normalized Weighted Event Span, moment 1: 0.9347
Exit [0]
2.75 user, 0.12 system, 2.90 elapsed -- Max VSize = 38240KB, Max RSS = 4748KB
