statistics run
dve2lts-seq spec/DVE/driving_phils.3.dve -rsc,bg,bk,mm --regroup-exit --graph-metrics
ctit041
dve2lts-seq: Precompiled divine module initialized
dve2lts-seq: Loading model from spec/DVE/driving_phils.3.dve
dve2lts-seq: Initializing regrouping layer
dve2lts-seq: Regroup specification: sc,bg,bk,mm
dve2lts-seq: Regroup Select Combined matrix
dve2lts-seq: Regroup Bipartite Graph
dve2lts-seq: Regroup Boost's King
dve2lts-seq: bandwidth: 40
dve2lts-seq: profile: 2281
dve2lts-seq: span: 2897
dve2lts-seq: average wavefront: 18.87
dve2lts-seq: RMS wavefront: 21.97
dve2lts-seq: Regroup Matrix Metrics
dve2lts-seq: Regrouping: 48->48 groups
dve2lts-seq: Regrouping took 0.010 real 0.000 user 0.000 sys
Event Span: 692
Normalized Event Span: 0.5149
Weighted Event Span, moment 1 (WES^1): 1008
Normalized Weighted Event Span, moment 1: 0.7504
Exit [0]
1.04 user, 0.11 system, 1.20 elapsed -- Max VSize = 38240KB, Max RSS = 4676KB
