statistics run
pnml2lts-seq spec/PNML/angiogenesis-20.pnml -rsc,bg,bs,mm --regroup-exit --graph-metrics
ctit032
pnml2lts-seq: Loading model from spec/PNML/angiogenesis-20.pnml
pnml2lts-seq: Petri net has 39 places, 64 transitions and 185 arcs
pnml2lts-seq: There are 0 safe places
pnml2lts-seq: Petri net spec/PNML/angiogenesis-20.pnml analyzed
pnml2lts-seq: Loading Petri net took 0.010 real 0.000 user 0.000 sys
pnml2lts-seq: Initializing regrouping layer
pnml2lts-seq: Regroup specification: sc,bg,bs,mm
pnml2lts-seq: Regroup Select Combined matrix
pnml2lts-seq: Regroup Bipartite Graph
pnml2lts-seq: Regroup Boost's Sloan
pnml2lts-seq: bandwidth: 82
pnml2lts-seq: profile: 2332
pnml2lts-seq: span: 2463
pnml2lts-seq: average wavefront: 7.233
pnml2lts-seq: RMS wavefront: 7.8598
pnml2lts-seq: Regroup Matrix Metrics
pnml2lts-seq: Regrouping: 64->64 groups
pnml2lts-seq: Regrouping took 0.000 real 0.000 user 0.010 sys
pnml2lts-seq: max token count: 20
Event Span: 738
Normalized Event Span: 0.2957
Weighted Event Span, moment 1 (WES^1): 967.9
Normalized Weighted Event Span, moment 1: 0.3878
Exit [0]
0.00 user, 0.01 system, 0.10 elapsed -- Max VSize = 4196KB, Max RSS = 88KB
