statistics run
pnml2lts-seq spec/PNML/PolyORB-LF-S06-J06-T08-unfolded.pnml -rsc,bg,bk,mm --regroup-exit --graph-metrics
ctit003
pnml2lts-seq: Loading model from spec/PNML/PolyORB-LF-S06-J06-T08-unfolded.pnml
pnml2lts-seq: Petri net has 894 places, 14334 transitions and 119772 arcs
pnml2lts-seq: There are 0 safe places
pnml2lts-seq: Petri net spec/PNML/PolyORB-LF-S06-J06-T08-unfolded.pnml analyzed
pnml2lts-seq: Loading Petri net took 1.770 real 1.640 user 0.110 sys
pnml2lts-seq: Initializing regrouping layer
pnml2lts-seq: Regroup specification: sc,bg,bk,mm
pnml2lts-seq: Regroup Select Combined matrix
pnml2lts-seq: Regroup Bipartite Graph
pnml2lts-seq: Regroup Boost's King
pnml2lts-seq: bandwidth: 12813
pnml2lts-seq: profile: 127129629
pnml2lts-seq: span: 170084398
pnml2lts-seq: average wavefront: 5540.9405
pnml2lts-seq: RMS wavefront: 6851.66912
pnml2lts-seq: Regroup Matrix Metrics
pnml2lts-seq: Regrouping: 14334->14334 groups
pnml2lts-seq: Regrouping took 63.490 real 63.220 user 0.080 sys
pnml2lts-seq: max token count: 10
Event Span: 3231995
Normalized Event Span: 0.25221201
Weighted Event Span, moment 1 (WES^1): 3690448.6
Normalized Weighted Event Span, moment 1: 0.2879879
Exit [0]
64.86 user, 0.23 system, 65.38 elapsed -- Max VSize = 322644KB, Max RSS = 284424KB
