statistics run
dve2lts-seq spec/DVE/public_subscribe.5.dve -rsc,tg,vacm,mm --regroup-exit --graph-metrics
ctit011
dve2lts-seq: Precompiled divine module initialized
dve2lts-seq: Loading model from spec/DVE/public_subscribe.5.dve
dve2lts-seq: Initializing regrouping layer
dve2lts-seq: Regroup specification: sc,tg,vacm,mm
dve2lts-seq: Regroup Select Combined matrix
dve2lts-seq: Regroup Total graph
dve2lts-seq: Regroup ViennaCL's Advanced Cuthill McKee
dve2lts-seq: bandwidth: 436
dve2lts-seq: profile: 182950
dve2lts-seq: span: 236757
dve2lts-seq: average wavefront: 203.231
dve2lts-seq: RMS wavefront: 232.613
dve2lts-seq: Regroup Matrix Metrics
dve2lts-seq: Regrouping: 185->185 groups
dve2lts-seq: Regrouping took 0.030 real 0.020 user 0.000 sys
Event Span: 1978
Normalized Event Span: 0.297
Weighted Event Span, moment 1 (WES^1): 3510
Normalized Weighted Event Span, moment 1: 0.5271
Exit [0]
2.27 user, 0.16 system, 2.50 elapsed -- Max VSize = 38240KB, Max RSS = 4748KB
