statistics run
dve2lts-seq spec/DVE/leader_election.5.dve -rsc,tg,vacm,mm --regroup-exit --graph-metrics
ctit003
dve2lts-seq: Precompiled divine module initialized
dve2lts-seq: Loading model from spec/DVE/leader_election.5.dve
dve2lts-seq: Initializing regrouping layer
dve2lts-seq: Regroup specification: sc,tg,vacm,mm
dve2lts-seq: Regroup Select Combined matrix
dve2lts-seq: Regroup Total graph
dve2lts-seq: Regroup ViennaCL's Advanced Cuthill McKee
dve2lts-seq: bandwidth: 860
dve2lts-seq: profile: 753957
dve2lts-seq: span: 866238
dve2lts-seq: average wavefront: 359.3227
dve2lts-seq: RMS wavefront: 422.0211
dve2lts-seq: Regroup Matrix Metrics
dve2lts-seq: Regrouping: 152->152 groups
dve2lts-seq: Regrouping took 0.190 real 0.180 user 0.000 sys
Event Span: 8515
Normalized Event Span: 0.29026
Weighted Event Span, moment 1 (WES^1): 13000
Normalized Weighted Event Span, moment 1: 0.44313
Exit [0]
3.55 user, 0.16 system, 3.80 elapsed -- Max VSize = 43560KB, Max RSS = 8236KB
