statistics run
pnml2lts-seq spec/PNML/shared_memory-pt-50.pnml -rsc,bg,bs,mm --regroup-exit --graph-metrics
ctit026
pnml2lts-seq: Loading model from spec/PNML/shared_memory-pt-50.pnml
pnml2lts-seq: Petri net has 2651 places, 5050 transitions and 20000 arcs
pnml2lts-seq: There are 0 safe places
pnml2lts-seq: Petri net spec/PNML/shared_memory-pt-50.pnml analyzed
pnml2lts-seq: Loading Petri net took 0.500 real 0.450 user 0.040 sys
pnml2lts-seq: Initializing regrouping layer
pnml2lts-seq: Regroup specification: sc,bg,bs,mm
pnml2lts-seq: Regroup Select Combined matrix
pnml2lts-seq: Regroup Bipartite Graph
pnml2lts-seq: Regroup Boost's Sloan
pnml2lts-seq: bandwidth: 7689
pnml2lts-seq: profile: 20335063
pnml2lts-seq: span: 20131874
pnml2lts-seq: average wavefront: 90.175821
pnml2lts-seq: RMS wavefront: 96.343463
pnml2lts-seq: Regroup Matrix Metrics
pnml2lts-seq: Regrouping: 5050->5050 groups
pnml2lts-seq: Regrouping took 8.060 real 8.010 user 0.020 sys
pnml2lts-seq: max token count: 1
Event Span: 6909353
Normalized Event Span: 0.51610287
Weighted Event Span, moment 1 (WES^1): 9300879.7
Normalized Weighted Event Span, moment 1: 0.69474099
Exit [0]
8.46 user, 0.08 system, 8.61 elapsed -- Max VSize = 123400KB, Max RSS = 85172KB
