statistics run
pnml2lts-seq spec/PNML/BridgeAndVehicles-V20-P10-N50-unfolded.pnml -rsc,bn,mm --regroup-exit --graph-metrics
ctit010
pnml2lts-seq: Loading model from spec/PNML/BridgeAndVehicles-V20-P10-N50-unfolded.pnml
pnml2lts-seq: Petri net has 108 places, 2228 transitions and 17190 arcs
pnml2lts-seq: There are 0 safe places
pnml2lts-seq: Petri net spec/PNML/BridgeAndVehicles-V20-P10-N50-unfolded.pnml analyzed
pnml2lts-seq: Loading Petri net took 0.160 real 0.140 user 0.020 sys
pnml2lts-seq: Initializing regrouping layer
pnml2lts-seq: Regroup specification: sc,bn,mm
pnml2lts-seq: Regroup Select Combined matrix
pnml2lts-seq: Regroup Boost's None
pnml2lts-seq: bandwidth: 2258
pnml2lts-seq: profile: 2905587
pnml2lts-seq: span: 327045
pnml2lts-seq: average wavefront: 103.9692
pnml2lts-seq: RMS wavefront: 105.5119
pnml2lts-seq: Regroup Matrix Metrics
pnml2lts-seq: Regrouping: 2228->2228 groups
pnml2lts-seq: Regrouping took 0.170 real 0.160 user 0.000 sys
pnml2lts-seq: max token count: 20
Event Span: 164750
Normalized Event Span: 0.684678
Weighted Event Span, moment 1 (WES^1): 309423
Normalized Weighted Event Span, moment 1: 1.28592
Exit [0]
0.31 user, 0.03 system, 0.40 elapsed -- Max VSize = 78120KB, Max RSS = 39760KB
