performance run
prob2lts-seq --zocket-prefix=/tmp/ltsmin-14171- --no-close spec/B/fahrzeugverwaltung2.mch -rsc,bg,bcm --regroup-exit
ctit028
prob2lts-seq: ProB module initialized
prob2lts-seq: Loading model from /tmp/ltsmin-14172.probz
prob2lts-seq: ProB init
prob2lts-seq: connecting to zocket ipc:///tmp/ltsmin-14172.probz
% set_pref(MAX_INITIALISATIONS,maxNrOfInitialisations,400)
% set_pref(MAX_OPERATIONS,maxNrOfEnablingsPerOperation,40)

Starting LTSMin Server...
pl_init_for_lts_min
prob2lts-seq: Initializing regrouping layer
prob2lts-seq: Regroup specification: sc,bg,bcm
prob2lts-seq: Regroup Select Combined matrix
prob2lts-seq: Regroup Bipartite Graph
prob2lts-seq: Regroup Boost's Cuthill McKee
prob2lts-seq: Regrouping: 7->7 groups
prob2lts-seq: Regrouping took 0.010 real 0.000 user 0.000 sys
Exit [0]
0.01 user, 0.01 system, 0.10 elapsed -- Max VSize = 4196KB, Max RSS = 88KB
command-14172: line 10:  3109 Killed                  probcli spec/B/fahrzeugverwaltung2.mch -ltsmin2 /tmp/ltsmin-14172.probz
