statistics run
lps2lts-seq --mcrl2-rewriter=jitty spec/mCRL2/goback.mcrl2.suminst.lps -rsc,tg,vgps,mm --regroup-exit --graph-metrics
ctit038
lps2lts-seq: mCRL2 language module initialized
lps2lts-seq: Loading model from spec/mCRL2/goback.mcrl2.suminst.lps
lps2lts-seq: mCRL2 rewriter: jitty
lps2lts-seq: Initializing regrouping layer
lps2lts-seq: Regroup specification: sc,tg,vgps,mm
lps2lts-seq: Regroup Select Combined matrix
lps2lts-seq: Regroup Total graph
lps2lts-seq: Regroup ViennaCL's Gibbs Poole Stockmeyer
lps2lts-seq: bandwidth: 1000
lps2lts-seq: profile: 1004778
lps2lts-seq: span: 506912
lps2lts-seq: average wavefront: 251.9595
lps2lts-seq: RMS wavefront: 409.0694
lps2lts-seq: Regroup Matrix Metrics
lps2lts-seq: Regrouping: 1000->1000 groups
lps2lts-seq: Regrouping took 0.440 real 0.450 user 0.000 sys
Event Span: 1000
Normalized Event Span: 1
Weighted Event Span, moment 1 (WES^1): 2e+03
Normalized Weighted Event Span, moment 1: 2
Exit [0]
0.49 user, 0.01 system, 0.60 elapsed -- Max VSize = 66840KB, Max RSS = 13328KB
