statistics run
prom2lts-seq spec/Promela/p117.pml.spins -rsc,bg,vgps,mm --regroup-exit --graph-metrics
ctit028
prom2lts-seq: Precompiled SpinS module initialized
prom2lts-seq: Loading model from spec/Promela/p117.pml.spins
prom2lts-seq: Initializing regrouping layer
prom2lts-seq: Regroup specification: sc,bg,vgps,mm
prom2lts-seq: Regroup Select Combined matrix
prom2lts-seq: Regroup Bipartite Graph
prom2lts-seq: Regroup ViennaCL's Gibbs Poole Stockmeyer
prom2lts-seq: bandwidth: 15
prom2lts-seq: profile: 513
prom2lts-seq: span: 589
prom2lts-seq: average wavefront: 8.977
prom2lts-seq: RMS wavefront: 9.71
prom2lts-seq: Regroup Matrix Metrics
prom2lts-seq: Regrouping: 29->29 groups
prom2lts-seq: Regrouping took 0.000 real 0.000 user 0.000 sys
Event Span: 154
Normalized Event Span: 0.379
Weighted Event Span, moment 1 (WES^1): 209
Normalized Weighted Event Span, moment 1: 0.515
Exit [0]
0.00 user, 0.01 system, 0.10 elapsed -- Max VSize = 4196KB, Max RSS = 84KB
