statistics run
pnml2lts-seq spec/PNML/simple_lbs-2.pnml -rsc,bn,mm --regroup-exit --graph-metrics
ctit036
pnml2lts-seq: Loading model from spec/PNML/simple_lbs-2.pnml
pnml2lts-seq: Petri net has 32 places, 45 transitions and 252 arcs
pnml2lts-seq: There are 0 safe places
pnml2lts-seq: Petri net spec/PNML/simple_lbs-2.pnml analyzed
pnml2lts-seq: Loading Petri net took 0.000 real 0.000 user 0.000 sys
pnml2lts-seq: Initializing regrouping layer
pnml2lts-seq: Regroup specification: sc,bn,mm
pnml2lts-seq: Regroup Select Combined matrix
pnml2lts-seq: Regroup Boost's None
pnml2lts-seq: bandwidth: 60
pnml2lts-seq: profile: 3925
pnml2lts-seq: span: 1126
pnml2lts-seq: average wavefront: 22.79
pnml2lts-seq: RMS wavefront: 25.03
pnml2lts-seq: Regroup Matrix Metrics
pnml2lts-seq: Regrouping: 45->45 groups
pnml2lts-seq: Regrouping took 0.000 real 0.000 user 0.000 sys
pnml2lts-seq: max token count: 1
Event Span: 527
Normalized Event Span: 0.366
Weighted Event Span, moment 1 (WES^1): 573.9
Normalized Weighted Event Span, moment 1: 0.3986
Exit [0]
0.00 user, 0.01 system, 0.10 elapsed -- Max VSize = 4196KB, Max RSS = 88KB
