performance run
prob2lts-seq --zocket-prefix=/tmp/ltsmin-116005- --no-close spec/B/TicTacToe.mch -rsc,tg,vcm --regroup-exit
ctit002
prob2lts-seq: ProB module initialized
prob2lts-seq: Loading model from /tmp/ltsmin-116015.probz
prob2lts-seq: ProB init
prob2lts-seq: connecting to zocket ipc:///tmp/ltsmin-116015.probz
adding_disjoint_constants(Pos,[middle])

Starting LTSMin Server...
pl_init_for_lts_min
prob2lts-seq: Initializing regrouping layer
prob2lts-seq: Regroup specification: sc,tg,vcm
prob2lts-seq: Regroup Select Combined matrix
prob2lts-seq: Regroup Total graph
prob2lts-seq: Regroup ViennaCL's Cuthill McKee
prob2lts-seq: Regrouping: 3->3 groups
prob2lts-seq: Regrouping took 0.000 real 0.000 user 0.000 sys
Exit [0]
0.00 user, 0.01 system, 0.10 elapsed -- Max VSize = 4196KB, Max RSS = 88KB
command-116015: line 10: 22196 Killed                  probcli spec/B/TicTacToe.mch -ltsmin2 /tmp/ltsmin-116015.probz
