statistics run
pnml2lts-seq spec/PNML/QCertifProtocol_28-unfold.pnml -rsc,bg,bk,mm --regroup-exit --graph-metrics
ctit027
pnml2lts-seq: Loading model from spec/PNML/QCertifProtocol_28-unfold.pnml
pnml2lts-seq: Petri net has 2998 places, 446 transitions and 6489 arcs
pnml2lts-seq: There are 0 safe places
pnml2lts-seq: Petri net spec/PNML/QCertifProtocol_28-unfold.pnml analyzed
pnml2lts-seq: Loading Petri net took 0.140 real 0.130 user 0.020 sys
pnml2lts-seq: Initializing regrouping layer
pnml2lts-seq: Regroup specification: sc,bg,bk,mm
pnml2lts-seq: Regroup Select Combined matrix
pnml2lts-seq: Regroup Bipartite Graph
pnml2lts-seq: Regroup Boost's King
pnml2lts-seq: bandwidth: 957
pnml2lts-seq: profile: 1862783
pnml2lts-seq: span: 1373894
pnml2lts-seq: average wavefront: 199.99361
pnml2lts-seq: RMS wavefront: 309.47014
pnml2lts-seq: Regroup Matrix Metrics
pnml2lts-seq: Regrouping: 446->446 groups
pnml2lts-seq: Regrouping took 0.270 real 0.260 user 0.000 sys
pnml2lts-seq: max token count: 16
Event Span: 272080
Normalized Event Span: 0.2034839
Weighted Event Span, moment 1 (WES^1): 331448.2
Normalized Weighted Event Span, moment 1: 0.2478844
Exit [0]
0.40 user, 0.03 system, 0.50 elapsed -- Max VSize = 67240KB, Max RSS = 28780KB
