statistics run
prom2lts-seq spec/Promela/reader_writer.3.prom.spins -rsc,tg,bcm,mm --regroup-exit --graph-metrics
ctit043
prom2lts-seq: Precompiled SpinS module initialized
prom2lts-seq: Loading model from spec/Promela/reader_writer.3.prom.spins
prom2lts-seq: Initializing regrouping layer
prom2lts-seq: Regroup specification: sc,tg,bcm,mm
prom2lts-seq: Regroup Select Combined matrix
prom2lts-seq: Regroup Total graph
prom2lts-seq: Regroup Boost's Cuthill McKee
prom2lts-seq: bandwidth: 286
prom2lts-seq: profile: 106000
prom2lts-seq: span: 133855
prom2lts-seq: average wavefront: 125.789
prom2lts-seq: RMS wavefront: 147.596
Event Span: 1525
Normalized Event Span: 0.2191
Weighted Event Span, moment 1 (WES^1): 985.1
Normalized Weighted Event Span, moment 1: 0.1415
prom2lts-seq: Regroup Matrix Metrics
prom2lts-seq: Regrouping: 116->116 groups
prom2lts-seq: Regrouping took 0.010 real 0.010 user 0.000 sys
Exit [0]
0.02 user, 0.00 system, 0.10 elapsed -- Max VSize = 4196KB, Max RSS = 88KB
