statistics run
prom2lts-seq spec/Promela/driving_phils.4.prom.spins -rsc,tg,bcm,mm --regroup-exit --graph-metrics
ctit009
prom2lts-seq: Precompiled SpinS module initialized
prom2lts-seq: Loading model from spec/Promela/driving_phils.4.prom.spins
prom2lts-seq: Initializing regrouping layer
prom2lts-seq: Regroup specification: sc,tg,bcm,mm
prom2lts-seq: Regroup Select Combined matrix
prom2lts-seq: Regroup Total graph
prom2lts-seq: Regroup Boost's Cuthill McKee
prom2lts-seq: bandwidth: 164
prom2lts-seq: profile: 48008
prom2lts-seq: span: 65605
prom2lts-seq: average wavefront: 64.4677
prom2lts-seq: RMS wavefront: 72.024
prom2lts-seq: Regroup Matrix Metrics
prom2lts-seq: Regrouping: 49->49 groups
prom2lts-seq: Regrouping took 0.010 real 0.010 user 0.000 sys
Event Span: 739
Normalized Event Span: 0.3678
Weighted Event Span, moment 1 (WES^1): 829.7
Normalized Weighted Event Span, moment 1: 0.413
Exit [0]
0.01 user, 0.01 system, 0.10 elapsed -- Max VSize = 4196KB, Max RSS = 88KB
