statistics run
pnml2lts-seq spec/PNML/2D8_gradient_30x30_100.pnml -rsc,bg,vgps,mm --regroup-exit --graph-metrics
ctit037
pnml2lts-seq: Loading model from spec/PNML/2D8_gradient_30x30_100.pnml
pnml2lts-seq: Petri net has 900 places, 6844 transitions and 13688 arcs
pnml2lts-seq: There are 0 safe places
pnml2lts-seq: Petri net spec/PNML/2D8_gradient_30x30_100.pnml analyzed
pnml2lts-seq: Loading Petri net took 0.340 real 0.300 user 0.030 sys
pnml2lts-seq: Initializing regrouping layer
pnml2lts-seq: Regroup specification: sc,bg,vgps,mm
pnml2lts-seq: Regroup Select Combined matrix
pnml2lts-seq: Regroup Bipartite Graph
pnml2lts-seq: Regroup ViennaCL's Gibbs Poole Stockmeyer
pnml2lts-seq: bandwidth: 336
pnml2lts-seq: profile: 1241415
pnml2lts-seq: span: 1687863
pnml2lts-seq: average wavefront: 110.22701
pnml2lts-seq: RMS wavefront: 127.20324
pnml2lts-seq: Regroup Matrix Metrics
pnml2lts-seq: Regrouping: 6844->6844 groups
pnml2lts-seq: Regrouping took 2.220 real 2.210 user 0.000 sys
pnml2lts-seq: max token count: 100
Event Span: 171972
Normalized Event Span: 0.02791935
Weighted Event Span, moment 1 (WES^1): 183023.2
Normalized Weighted Event Span, moment 1: 0.02971349
Exit [0]
2.52 user, 0.04 system, 2.60 elapsed -- Max VSize = 93476KB, Max RSS = 55096KB
