statistics run
lps2lts-seq --mcrl2-rewriter=jitty spec/mCRL2/vm02-taus.mcrl2.suminst.lps -rsc,bg,vgps,mm --regroup-exit --graph-metrics
ctit022
lps2lts-seq: mCRL2 language module initialized
lps2lts-seq: Loading model from spec/mCRL2/vm02-taus.mcrl2.suminst.lps
lps2lts-seq: mCRL2 rewriter: jitty
lps2lts-seq: Initializing regrouping layer
lps2lts-seq: Regroup specification: sc,bg,vgps,mm
lps2lts-seq: Regroup Select Combined matrix
lps2lts-seq: Regroup Bipartite Graph
lps2lts-seq: Regroup ViennaCL's Gibbs Poole Stockmeyer
lps2lts-seq: bandwidth: 21
lps2lts-seq: profile: 411
lps2lts-seq: span: 530
lps2lts-seq: average wavefront: 11.2
lps2lts-seq: RMS wavefront: 13.1
lps2lts-seq: Regroup Matrix Metrics
lps2lts-seq: Regrouping: 23->23 groups
lps2lts-seq: Regrouping took 0.010 real 0.000 user 0.000 sys
Event Span: 44
Normalized Event Span: 0.96
Weighted Event Span, moment 1 (WES^1): 88
Normalized Weighted Event Span, moment 1: 1.9
Exit [0]
0.01 user, 0.01 system, 0.10 elapsed -- Max VSize = 4196KB, Max RSS = 88KB
