statistics run
pnml2lts-seq spec/PNML/IBM5964.pnml -rsc,tg,vacm,mm --regroup-exit --graph-metrics
ctit044
pnml2lts-seq: Loading model from spec/PNML/IBM5964.pnml
pnml2lts-seq: Petri net has 263 places, 139 transitions and 541 arcs
pnml2lts-seq: There are 0 safe places
pnml2lts-seq: Petri net spec/PNML/IBM5964.pnml analyzed
pnml2lts-seq: Loading Petri net took 0.000 real 0.000 user 0.000 sys
pnml2lts-seq: Initializing regrouping layer
pnml2lts-seq: Regroup specification: sc,tg,vacm,mm
pnml2lts-seq: Regroup Select Combined matrix
pnml2lts-seq: Regroup Total graph
pnml2lts-seq: Regroup ViennaCL's Advanced Cuthill McKee
pnml2lts-seq: bandwidth: 43
pnml2lts-seq: profile: 25523
pnml2lts-seq: span: 38394
pnml2lts-seq: average wavefront: 24.175
pnml2lts-seq: RMS wavefront: 25.5284
pnml2lts-seq: Regroup Matrix Metrics
pnml2lts-seq: Regrouping: 139->139 groups
pnml2lts-seq: Regrouping took 0.030 real 0.030 user 0.000 sys
pnml2lts-seq: max token count: 1
Event Span: 1910
Normalized Event Span: 0.052247
Weighted Event Span, moment 1 (WES^1): 2055.6
Normalized Weighted Event Span, moment 1: 0.056229
Exit [0]
0.03 user, 0.01 system, 0.10 elapsed -- Max VSize = 4192KB, Max RSS = 80KB
