statistics run
pnml2lts-seq spec/PNML/BridgeAndVehicles-V20-P20-N10-unfolded.pnml -rsc,bn,mm --regroup-exit --graph-metrics
ctit037
pnml2lts-seq: Loading model from spec/PNML/BridgeAndVehicles-V20-P20-N10-unfolded.pnml
pnml2lts-seq: Petri net has 68 places, 548 transitions and 4070 arcs
pnml2lts-seq: There are 0 safe places
pnml2lts-seq: Petri net spec/PNML/BridgeAndVehicles-V20-P20-N10-unfolded.pnml analyzed
pnml2lts-seq: Loading Petri net took 0.050 real 0.030 user 0.020 sys
pnml2lts-seq: Initializing regrouping layer
pnml2lts-seq: Regroup specification: sc,bn,mm
pnml2lts-seq: Regroup Select Combined matrix
pnml2lts-seq: Regroup Boost's None
pnml2lts-seq: bandwidth: 578
pnml2lts-seq: profile: 221067
pnml2lts-seq: span: 51345
pnml2lts-seq: average wavefront: 61.8701
pnml2lts-seq: RMS wavefront: 63.913
pnml2lts-seq: Regroup Matrix Metrics
pnml2lts-seq: Regrouping: 548->548 groups
pnml2lts-seq: Regrouping took 0.010 real 0.020 user 0.000 sys
pnml2lts-seq: max token count: 20
Event Span: 28110
Normalized Event Span: 0.75435
Weighted Event Span, moment 1 (WES^1): 50428
Normalized Weighted Event Span, moment 1: 1.3533
Exit [0]
0.05 user, 0.02 system, 0.10 elapsed -- Max VSize = 4196KB, Max RSS = 88KB
