statistics run
lps2lts-seq --mcrl2-rewriter=jitty spec/mCRL2/othello.mcrl2.suminst.lps -rsc,tg,vcm,mm --regroup-exit --graph-metrics
ctit003
lps2lts-seq: mCRL2 language module initialized
lps2lts-seq: Loading model from spec/mCRL2/othello.mcrl2.suminst.lps
lps2lts-seq: mCRL2 rewriter: jitty
lps2lts-seq: Initializing regrouping layer
lps2lts-seq: Regroup specification: sc,tg,vcm,mm
lps2lts-seq: Regroup Select Combined matrix
lps2lts-seq: Regroup Total graph
lps2lts-seq: Regroup ViennaCL's Cuthill McKee
lps2lts-seq: bandwidth: 71
lps2lts-seq: profile: 2947
lps2lts-seq: span: 3422
lps2lts-seq: average wavefront: 36.33
lps2lts-seq: RMS wavefront: 41.87
lps2lts-seq: Regroup Matrix Metrics
lps2lts-seq: Regrouping: 18->18 groups
lps2lts-seq: Regrouping took 0.000 real 0.000 user 0.000 sys
Event Span: 54
Normalized Event Span: 1
Weighted Event Span, moment 1 (WES^1): 1.1e+02
Normalized Weighted Event Span, moment 1: 2
Exit [0]
0.04 user, 0.02 system, 0.10 elapsed -- Max VSize = 4196KB, Max RSS = 88KB
