statistics run
lps2lts-seq --mcrl2-rewriter=jitty spec/mCRL2/dkr1.mcrl2.suminst.lps -rsc,bg,vcm,mm --regroup-exit --graph-metrics
ctit014
lps2lts-seq: mCRL2 language module initialized
lps2lts-seq: Loading model from spec/mCRL2/dkr1.mcrl2.suminst.lps
lps2lts-seq: mCRL2 rewriter: jitty
lps2lts-seq: Initializing regrouping layer
lps2lts-seq: Regroup specification: sc,bg,vcm,mm
lps2lts-seq: Regroup Select Combined matrix
lps2lts-seq: Regroup Bipartite Graph
lps2lts-seq: Regroup ViennaCL's Cuthill McKee
lps2lts-seq: bandwidth: 87
lps2lts-seq: profile: 7564
lps2lts-seq: span: 6043
lps2lts-seq: average wavefront: 41.582
lps2lts-seq: RMS wavefront: 47.105
lps2lts-seq: Regroup Matrix Metrics
lps2lts-seq: Regrouping: 123->123 groups
lps2lts-seq: Regrouping took 0.000 real 0.000 user 0.000 sys
Event Span: 1643
Normalized Event Span: 0.5808
Weighted Event Span, moment 1 (WES^1): 2648
Normalized Weighted Event Span, moment 1: 0.9362
Exit [0]
0.03 user, 0.02 system, 0.10 elapsed -- Max VSize = 4192KB, Max RSS = 80KB
