statistics run
dve2lts-seq spec/DVE/cambridge.5.dve -rsc,tg,vgps,mm --regroup-exit --graph-metrics
ctit040
dve2lts-seq: Precompiled divine module initialized
dve2lts-seq: Loading model from spec/DVE/cambridge.5.dve
dve2lts-seq: Initializing regrouping layer
dve2lts-seq: Regroup specification: sc,tg,vgps,mm
dve2lts-seq: Regroup Select Combined matrix
dve2lts-seq: Regroup Total graph
dve2lts-seq: Regroup ViennaCL's Gibbs Poole Stockmeyer
dve2lts-seq: bandwidth: 555
dve2lts-seq: profile: 177022
dve2lts-seq: span: 198448
dve2lts-seq: average wavefront: 54.5468
dve2lts-seq: RMS wavefront: 57.797
dve2lts-seq: Regroup Matrix Metrics
dve2lts-seq: Regrouping: 58->58 groups
dve2lts-seq: Regrouping took 0.030 real 0.030 user 0.000 sys
Event Span: 940
Normalized Event Span: 0.5065
Weighted Event Span, moment 1 (WES^1): 1557
Normalized Weighted Event Span, moment 1: 0.8389
Exit [0]
1.50 user, 0.06 system, 1.60 elapsed -- Max VSize = 38240KB, Max RSS = 4744KB
