statistics run
pnml2lts-seq spec/PNML/planning.pnml -rsc,tg,bcm,mm --regroup-exit --graph-metrics
ctit026
pnml2lts-seq: Loading model from spec/PNML/planning.pnml
pnml2lts-seq: Petri net has 126 places, 128 transitions and 652 arcs
pnml2lts-seq: There are 0 safe places
pnml2lts-seq: Petri net spec/PNML/planning.pnml analyzed
pnml2lts-seq: Loading Petri net took 0.010 real 0.000 user 0.000 sys
pnml2lts-seq: Initializing regrouping layer
pnml2lts-seq: Regroup specification: sc,tg,bcm,mm
pnml2lts-seq: Regroup Select Combined matrix
pnml2lts-seq: Regroup Total graph
pnml2lts-seq: Regroup Boost's Cuthill McKee
pnml2lts-seq: bandwidth: 243
pnml2lts-seq: profile: 116407
pnml2lts-seq: span: 164875
pnml2lts-seq: average wavefront: 90.4631
pnml2lts-seq: RMS wavefront: 104.978
pnml2lts-seq: Regroup Matrix Metrics
pnml2lts-seq: Regrouping: 128->128 groups
pnml2lts-seq: Regrouping took 0.020 real 0.020 user 0.000 sys
pnml2lts-seq: max token count: 1
Event Span: 4168
Normalized Event Span: 0.25843
Weighted Event Span, moment 1 (WES^1): 5399
Normalized Weighted Event Span, moment 1: 0.33476
Exit [0]
0.03 user, 0.01 system, 0.10 elapsed -- Max VSize = 4196KB, Max RSS = 88KB
