statistics run
prob2lts-seq --zocket-prefix=/tmp/ltsmin-462- --no-close spec/B/TicTacToe.mch -rsc,tg,vcm,mm --regroup-exit --graph-metrics
ctit027
prob2lts-seq: ProB module initialized
prob2lts-seq: Loading model from /tmp/ltsmin-473.probz
prob2lts-seq: ProB init
prob2lts-seq: connecting to zocket ipc:///tmp/ltsmin-473.probz
adding_disjoint_constants(Pos,[middle])

Starting LTSMin Server...
pl_init_for_lts_min
prob2lts-seq: Initializing regrouping layer
prob2lts-seq: Regroup specification: sc,tg,vcm,mm
prob2lts-seq: Regroup Select Combined matrix
prob2lts-seq: Regroup Total graph
prob2lts-seq: Regroup ViennaCL's Cuthill McKee
prob2lts-seq: bandwidth: 8
prob2lts-seq: profile: 102
prob2lts-seq: span: 128
prob2lts-seq: average wavefront: 5.57
prob2lts-seq: RMS wavefront: 6.11
prob2lts-seq: Regroup Matrix Metrics
prob2lts-seq: Regrouping: 3->3 groups
prob2lts-seq: Regrouping took 0.000 real 0.000 user 0.000 sys
Event Span: 8
Normalized Event Span: 0.9
Weighted Event Span, moment 1 (WES^1): 2e+01
Normalized Weighted Event Span, moment 1: 2
Exit [0]
0.00 user, 0.01 system, 0.10 elapsed -- Max VSize = 4196KB, Max RSS = 88KB
command-473: line 10: 27656 Killed                  probcli spec/B/TicTacToe.mch -ltsmin2 /tmp/ltsmin-473.probz
