statistics run
lps2lts-seq --mcrl2-rewriter=jitty spec/mCRL2/native-swp_2_1_1.mcrl2.suminst.lps -rsc,tg,bs,mm --regroup-exit --graph-metrics
ctit044
lps2lts-seq: mCRL2 language module initialized
lps2lts-seq: Loading model from spec/mCRL2/native-swp_2_1_1.mcrl2.suminst.lps
lps2lts-seq: mCRL2 rewriter: jitty
lps2lts-seq: Initializing regrouping layer
lps2lts-seq: Regroup specification: sc,tg,bs,mm
lps2lts-seq: Regroup Select Combined matrix
lps2lts-seq: Regroup Total graph
lps2lts-seq: Regroup Boost's Sloan
lps2lts-seq: bandwidth: 38
lps2lts-seq: profile: 1386
lps2lts-seq: span: 1818
lps2lts-seq: average wavefront: 9.537
lps2lts-seq: RMS wavefront: 10.1
lps2lts-seq: Regroup Matrix Metrics
lps2lts-seq: Regrouping: 13->13 groups
lps2lts-seq: Regrouping took 0.010 real 0.010 user 0.000 sys
Event Span: 63
Normalized Event Span: 0.404
Weighted Event Span, moment 1 (WES^1): 88.7
Normalized Weighted Event Span, moment 1: 0.568
Exit [0]
0.02 user, 0.01 system, 0.10 elapsed -- Max VSize = 4196KB, Max RSS = 88KB
