statistics run
prom2lts-seq spec/Promela/protocols.5.prom.spins -rsc,bn,mm --regroup-exit --graph-metrics
ctit028
prom2lts-seq: Precompiled SpinS module initialized
prom2lts-seq: Loading model from spec/Promela/protocols.5.prom.spins
prom2lts-seq: Initializing regrouping layer
prom2lts-seq: Regroup specification: sc,bn,mm
prom2lts-seq: Regroup Select Combined matrix
prom2lts-seq: Regroup Boost's None
prom2lts-seq: bandwidth: 42
prom2lts-seq: profile: 1286
prom2lts-seq: span: 408
prom2lts-seq: average wavefront: 12.17
prom2lts-seq: RMS wavefront: 13.3
prom2lts-seq: Regroup Matrix Metrics
prom2lts-seq: Regrouping: 25->25 groups
prom2lts-seq: Regrouping took 0.000 real 0.000 user 0.000 sys
Event Span: 206
Normalized Event Span: 0.358
Weighted Event Span, moment 1 (WES^1): 316
Normalized Weighted Event Span, moment 1: 0.549
Exit [0]
0.00 user, 0.01 system, 0.10 elapsed -- Max VSize = 4196KB, Max RSS = 88KB
