performance run
prob2lts-seq --zocket-prefix=/tmp/ltsmin-128848- --no-close spec/B/nota_1.mch -rsc,tg,bk --regroup-exit
ctit011
prob2lts-seq: ProB module initialized
prob2lts-seq: Loading model from /tmp/ltsmin-128856.probz
prob2lts-seq: ProB init
prob2lts-seq: connecting to zocket ipc:///tmp/ltsmin-128856.probz
% set_pref(DEFAULT_SETSIZE,globalsets_fdrange,1)
% set_pref(MAX_OPERATIONS,maxNrOfEnablingsPerOperation,30)

Starting LTSMin Server...
pl_init_for_lts_min
prob2lts-seq: Initializing regrouping layer
prob2lts-seq: Regroup specification: sc,tg,bk
prob2lts-seq: Regroup Select Combined matrix
prob2lts-seq: Regroup Total graph
prob2lts-seq: Regroup Boost's King
prob2lts-seq: Regrouping: 12->12 groups
prob2lts-seq: Regrouping took 0.000 real 0.000 user 0.000 sys
Exit [0]
0.00 user, 0.01 system, 0.10 elapsed -- Max VSize = 4196KB, Max RSS = 88KB
command-128856: line 10: 55696 Killed                  probcli spec/B/nota_1.mch -ltsmin2 /tmp/ltsmin-128856.probz
