statistics run
lps2lts-seq --mcrl2-rewriter=jitty spec/mCRL2/native-swp_2_2_1.mcrl2.suminst.lps -rsc,bg,vgps,mm --regroup-exit --graph-metrics
ctit004
lps2lts-seq: mCRL2 language module initialized
lps2lts-seq: Loading model from spec/mCRL2/native-swp_2_2_1.mcrl2.suminst.lps
lps2lts-seq: mCRL2 rewriter: jitty
lps2lts-seq: Initializing regrouping layer
lps2lts-seq: Regroup specification: sc,bg,vgps,mm
lps2lts-seq: Regroup Select Combined matrix
lps2lts-seq: Regroup Bipartite Graph
lps2lts-seq: Regroup ViennaCL's Gibbs Poole Stockmeyer
lps2lts-seq: bandwidth: 9
lps2lts-seq: profile: 186
lps2lts-seq: span: 256
lps2lts-seq: average wavefront: 5.41
lps2lts-seq: RMS wavefront: 5.82
lps2lts-seq: Regroup Matrix Metrics
lps2lts-seq: Regrouping: 15->15 groups
lps2lts-seq: Regrouping took 0.000 real 0.000 user 0.000 sys
Event Span: 77
Normalized Event Span: 0.428
Weighted Event Span, moment 1 (WES^1): 105
Normalized Weighted Event Span, moment 1: 0.583
Exit [0]
0.02 user, 0.01 system, 0.10 elapsed -- Max VSize = 4196KB, Max RSS = 88KB
