statistics run
pnml2lts-seq spec/PNML/raft_04.pnml -rsc,bg,bcm,mm --regroup-exit --graph-metrics
ctit036
pnml2lts-seq: Loading model from spec/PNML/raft_04.pnml
pnml2lts-seq: Petri net has 88 places, 160 transitions and 563 arcs
pnml2lts-seq: There are 88 safe places
pnml2lts-seq: Petri net spec/PNML/raft_04.pnml analyzed
pnml2lts-seq: Loading Petri net took 0.000 real 0.000 user 0.000 sys
pnml2lts-seq: Initializing regrouping layer
pnml2lts-seq: Regroup specification: sc,bg,bcm,mm
pnml2lts-seq: Regroup Select Combined matrix
pnml2lts-seq: Regroup Bipartite Graph
pnml2lts-seq: Regroup Boost's Cuthill McKee
pnml2lts-seq: bandwidth: 127
pnml2lts-seq: profile: 19169
pnml2lts-seq: span: 23555
pnml2lts-seq: average wavefront: 43.407
pnml2lts-seq: RMS wavefront: 46.798
pnml2lts-seq: Regroup Matrix Metrics
pnml2lts-seq: Regrouping: 160->160 groups
pnml2lts-seq: Regrouping took 0.010 real 0.010 user 0.000 sys
pnml2lts-seq: max token count: 1
Event Span: 6319
Normalized Event Span: 0.44879
Weighted Event Span, moment 1 (WES^1): 9326.3
Normalized Weighted Event Span, moment 1: 0.66238
Exit [0]
0.01 user, 0.00 system, 0.10 elapsed -- Max VSize = 4192KB, Max RSS = 80KB
