statistics run
dve2lts-seq spec/DVE/lamport.5.dve -rsc,tg,vcm,mm --regroup-exit --graph-metrics
ctit012
dve2lts-seq: Precompiled divine module initialized
dve2lts-seq: Loading model from spec/DVE/lamport.5.dve
dve2lts-seq: Initializing regrouping layer
dve2lts-seq: Regroup specification: sc,tg,vcm,mm
dve2lts-seq: Regroup Select Combined matrix
dve2lts-seq: Regroup Total graph
dve2lts-seq: Regroup ViennaCL's Cuthill McKee
dve2lts-seq: bandwidth: 151
dve2lts-seq: profile: 16731
dve2lts-seq: span: 18456
dve2lts-seq: average wavefront: 69.895
dve2lts-seq: RMS wavefront: 81.651
dve2lts-seq: Regroup Matrix Metrics
dve2lts-seq: Regrouping: 56->56 groups
dve2lts-seq: Regrouping took 0.000 real 0.000 user 0.000 sys
Event Span: 403
Normalized Event Span: 0.514
Weighted Event Span, moment 1 (WES^1): 662
Normalized Weighted Event Span, moment 1: 0.844
Exit [0]
0.71 user, 0.07 system, 0.80 elapsed -- Max VSize = 38240KB, Max RSS = 4748KB
