statistics run
pnml2lts-seq spec/PNML/2-10_phaseVariation.pnml -rsc,bg,vgps,mm --regroup-exit --graph-metrics
ctit041
pnml2lts-seq: Loading model from spec/PNML/2-10_phaseVariation.pnml
pnml2lts-seq: Petri net has 14 places, 65 transitions and 443 arcs
pnml2lts-seq: There are 0 safe places
pnml2lts-seq: Petri net spec/PNML/2-10_phaseVariation.pnml analyzed
pnml2lts-seq: Loading Petri net took 0.010 real 0.010 user 0.000 sys
pnml2lts-seq: Initializing regrouping layer
pnml2lts-seq: Regroup specification: sc,bg,vgps,mm
pnml2lts-seq: Regroup Select Combined matrix
pnml2lts-seq: Regroup Bipartite Graph
pnml2lts-seq: Regroup ViennaCL's Gibbs Poole Stockmeyer
pnml2lts-seq: bandwidth: 41
pnml2lts-seq: profile: 2408
pnml2lts-seq: span: 3456
pnml2lts-seq: average wavefront: 23.32
pnml2lts-seq: RMS wavefront: 25.58
pnml2lts-seq: Regroup Matrix Metrics
pnml2lts-seq: Regrouping: 65->65 groups
pnml2lts-seq: Regrouping took 0.000 real 0.000 user 0.000 sys
pnml2lts-seq: max token count: 3
Event Span: 626
Normalized Event Span: 0.688
Weighted Event Span, moment 1 (WES^1): 1.09e+03
Normalized Weighted Event Span, moment 1: 1.2
Exit [0]
0.01 user, 0.00 system, 0.10 elapsed -- Max VSize = 4196KB, Max RSS = 84KB
