statistics run
dve2lts-seq spec/DVE/rether.5.dve -rsc,bg,vcm,mm --regroup-exit --graph-metrics
ctit008
dve2lts-seq: Precompiled divine module initialized
dve2lts-seq: Loading model from spec/DVE/rether.5.dve
dve2lts-seq: Initializing regrouping layer
dve2lts-seq: Regroup specification: sc,bg,vcm,mm
dve2lts-seq: Regroup Select Combined matrix
dve2lts-seq: Regroup Bipartite Graph
dve2lts-seq: Regroup ViennaCL's Cuthill McKee
dve2lts-seq: bandwidth: 144
dve2lts-seq: profile: 13957
dve2lts-seq: span: 14428
dve2lts-seq: average wavefront: 45.108
dve2lts-seq: RMS wavefront: 52.667
dve2lts-seq: Regroup Matrix Metrics
dve2lts-seq: Regrouping: 156->156 groups
dve2lts-seq: Regrouping took 0.000 real 0.000 user 0.000 sys
Event Span: 2567
Normalized Event Span: 0.3501
Weighted Event Span, moment 1 (WES^1): 3969
Normalized Weighted Event Span, moment 1: 0.5414
Exit [0]
2.16 user, 0.10 system, 2.30 elapsed -- Max VSize = 38240KB, Max RSS = 4744KB
