statistics run
lps2lts-seq --mcrl2-rewriter=jitty spec/mCRL2/sets_bags.mcrl2.suminst.lps -rsc,bg,bcm,mm --regroup-exit --graph-metrics
ctit043
lps2lts-seq: mCRL2 language module initialized
lps2lts-seq: Loading model from spec/mCRL2/sets_bags.mcrl2.suminst.lps
lps2lts-seq: mCRL2 rewriter: jitty
lps2lts-seq: Initializing regrouping layer
lps2lts-seq: Regroup specification: sc,bg,bcm,mm
lps2lts-seq: Regroup Select Combined matrix
lps2lts-seq: Regroup Bipartite Graph
lps2lts-seq: Regroup Boost's Cuthill McKee
lps2lts-seq: bandwidth: 22
lps2lts-seq: profile: 601
lps2lts-seq: span: 759
lps2lts-seq: average wavefront: 11.19
lps2lts-seq: RMS wavefront: 12.86
lps2lts-seq: Regroup Matrix Metrics
lps2lts-seq: Regrouping: 28->28 groups
lps2lts-seq: Regrouping took 0.000 real 0.000 user 0.000 sys
Event Span: 193
Normalized Event Span: 0.862
Weighted Event Span, moment 1 (WES^1): 372
Normalized Weighted Event Span, moment 1: 1.66
Exit [0]
0.02 user, 0.01 system, 0.10 elapsed -- Max VSize = 4196KB, Max RSS = 88KB
