statistics run
pnml2lts-seq spec/PNML/UtahNoC.pnml -rsc,bg,vgps,mm --regroup-exit --graph-metrics
ctit007
pnml2lts-seq: Loading model from spec/PNML/UtahNoC.pnml
pnml2lts-seq: Petri net has 216 places, 977 transitions and 2905 arcs
pnml2lts-seq: There are 216 safe places
pnml2lts-seq: Petri net spec/PNML/UtahNoC.pnml analyzed
pnml2lts-seq: Loading Petri net took 0.030 real 0.030 user 0.000 sys
pnml2lts-seq: Initializing regrouping layer
pnml2lts-seq: Regroup specification: sc,bg,vgps,mm
pnml2lts-seq: Regroup Select Combined matrix
pnml2lts-seq: Regroup Bipartite Graph
pnml2lts-seq: Regroup ViennaCL's Gibbs Poole Stockmeyer
pnml2lts-seq: bandwidth: 426
pnml2lts-seq: profile: 328901
pnml2lts-seq: span: 408752
pnml2lts-seq: average wavefront: 199.7058
pnml2lts-seq: RMS wavefront: 231.3411
pnml2lts-seq: Regroup Matrix Metrics
pnml2lts-seq: Regrouping: 977->977 groups
pnml2lts-seq: Regrouping took 0.110 real 0.110 user 0.000 sys
pnml2lts-seq: max token count: 1
Event Span: 54674
Normalized Event Span: 0.259079
Weighted Event Span, moment 1 (WES^1): 75895.1
Normalized Weighted Event Span, moment 1: 0.359638
Exit [0]
0.15 user, 0.00 system, 0.20 elapsed -- Max VSize = 49324KB, Max RSS = 10884KB
