statistics run
dve2lts-seq spec/DVE/production_cell.1.dve -rsc,tg,vgps,mm --regroup-exit --graph-metrics
ctit008
dve2lts-seq: Precompiled divine module initialized
dve2lts-seq: Loading model from spec/DVE/production_cell.1.dve
dve2lts-seq: Initializing regrouping layer
dve2lts-seq: Regroup specification: sc,tg,vgps,mm
dve2lts-seq: Regroup Select Combined matrix
dve2lts-seq: Regroup Total graph
dve2lts-seq: Regroup ViennaCL's Gibbs Poole Stockmeyer
dve2lts-seq: bandwidth: 38
dve2lts-seq: profile: 4191
dve2lts-seq: span: 6041
dve2lts-seq: average wavefront: 23.954
dve2lts-seq: RMS wavefront: 25.568
dve2lts-seq: Regroup Matrix Metrics
dve2lts-seq: Regrouping: 31->31 groups
dve2lts-seq: Regrouping took 0.010 real 0.000 user 0.000 sys
Event Span: 203
Normalized Event Span: 0.345
Weighted Event Span, moment 1 (WES^1): 276
Normalized Weighted Event Span, moment 1: 0.469
Exit [0]
0.59 user, 0.04 system, 0.70 elapsed -- Max VSize = 38240KB, Max RSS = 4748KB
