statistics run
dve2lts-seq spec/DVE/elevator.1.dve -rsc,bg,bk,mm --regroup-exit --graph-metrics
ctit018
dve2lts-seq: Precompiled divine module initialized
dve2lts-seq: Loading model from spec/DVE/elevator.1.dve
dve2lts-seq: Initializing regrouping layer
dve2lts-seq: Regroup specification: sc,bg,bk,mm
dve2lts-seq: Regroup Select Combined matrix
dve2lts-seq: Regroup Bipartite Graph
dve2lts-seq: Regroup Boost's King
dve2lts-seq: bandwidth: 30
dve2lts-seq: profile: 1491
dve2lts-seq: span: 2242
dve2lts-seq: average wavefront: 16.71
dve2lts-seq: RMS wavefront: 18.19
dve2lts-seq: Regroup Matrix Metrics
dve2lts-seq: Regrouping: 38->38 groups
dve2lts-seq: Regrouping took 0.000 real 0.000 user 0.000 sys
Event Span: 565
Normalized Event Span: 0.5507
Weighted Event Span, moment 1 (WES^1): 859.3
Normalized Weighted Event Span, moment 1: 0.8376
Exit [0]
0.62 user, 0.05 system, 0.70 elapsed -- Max VSize = 38240KB, Max RSS = 4748KB
