statistics run
pnml2lts-seq spec/PNML/FMS-2.pnml -rsc,bg,vacm,mm --regroup-exit --graph-metrics
ctit027
pnml2lts-seq: Loading model from spec/PNML/FMS-2.pnml
pnml2lts-seq: Petri net has 22 places, 20 transitions and 50 arcs
pnml2lts-seq: There are 0 safe places
pnml2lts-seq: Petri net spec/PNML/FMS-2.pnml analyzed
pnml2lts-seq: Loading Petri net took 0.000 real 0.000 user 0.000 sys
pnml2lts-seq: Initializing regrouping layer
pnml2lts-seq: Regroup specification: sc,bg,vacm,mm
pnml2lts-seq: Regroup Select Combined matrix
pnml2lts-seq: Regroup Bipartite Graph
pnml2lts-seq: Regroup ViennaCL's Advanced Cuthill McKee
pnml2lts-seq: bandwidth: 7
pnml2lts-seq: profile: 229
pnml2lts-seq: span: 335
pnml2lts-seq: average wavefront: 4.81
pnml2lts-seq: RMS wavefront: 5.047
pnml2lts-seq: Regroup Matrix Metrics
pnml2lts-seq: Regrouping: 20->20 groups
pnml2lts-seq: Regrouping took 0.000 real 0.000 user 0.000 sys
pnml2lts-seq: max token count: 3
Event Span: 95
Normalized Event Span: 0.216
Weighted Event Span, moment 1 (WES^1): 120
Normalized Weighted Event Span, moment 1: 0.272
Exit [0]
0.01 user, 0.00 system, 0.10 elapsed -- Max VSize = 4196KB, Max RSS = 88KB
