statistics run
lps2lts-seq --mcrl2-rewriter=jitty spec/mCRL2/dining3_cs.mcrl2.suminst.lps -rsc,bg,bs,mm --regroup-exit --graph-metrics
ctit012
lps2lts-seq: mCRL2 language module initialized
lps2lts-seq: Loading model from spec/mCRL2/dining3_cs.mcrl2.suminst.lps
lps2lts-seq: mCRL2 rewriter: jitty
lps2lts-seq: Initializing regrouping layer
lps2lts-seq: Regroup specification: sc,bg,bs,mm
lps2lts-seq: Regroup Select Combined matrix
lps2lts-seq: Regroup Bipartite Graph
lps2lts-seq: Regroup Boost's Sloan
lps2lts-seq: bandwidth: 631
lps2lts-seq: profile: 208383
lps2lts-seq: span: 10322
lps2lts-seq: average wavefront: 8.67712
lps2lts-seq: RMS wavefront: 8.83673
lps2lts-seq: Regroup Matrix Metrics
lps2lts-seq: Regrouping: 629->629 groups
lps2lts-seq: Regrouping took 0.060 real 0.040 user 0.010 sys
Event Span: 4844
Normalized Event Span: 0.8557
Weighted Event Span, moment 1 (WES^1): 8905
Normalized Weighted Event Span, moment 1: 1.573
Exit [0]
0.11 user, 0.02 system, 0.20 elapsed -- Max VSize = 68188KB, Max RSS = 14360KB
