statistics run
dve2lts-seq spec/DVE/peterson.7.dve -rsc,tg,vacm,mm --regroup-exit --graph-metrics
ctit012
dve2lts-seq: Precompiled divine module initialized
dve2lts-seq: Loading model from spec/DVE/peterson.7.dve
dve2lts-seq: Initializing regrouping layer
dve2lts-seq: Regroup specification: sc,tg,vacm,mm
dve2lts-seq: Regroup Select Combined matrix
dve2lts-seq: Regroup Total graph
dve2lts-seq: Regroup ViennaCL's Advanced Cuthill McKee
dve2lts-seq: bandwidth: 105
dve2lts-seq: profile: 13464
dve2lts-seq: span: 17164
dve2lts-seq: average wavefront: 51.796
dve2lts-seq: RMS wavefront: 58.685
dve2lts-seq: Regroup Matrix Metrics
dve2lts-seq: Regrouping: 35->35 groups
dve2lts-seq: Regrouping took 0.000 real 0.000 user 0.000 sys
Event Span: 342
Normalized Event Span: 0.391
Weighted Event Span, moment 1 (WES^1): 537
Normalized Weighted Event Span, moment 1: 0.614
Exit [0]
0.68 user, 0.07 system, 0.80 elapsed -- Max VSize = 38240KB, Max RSS = 4748KB
