statistics run
prob2lts-seq --zocket-prefix=/tmp/ltsmin-644- --no-close spec/B/opMachine3.mch -rsc,bg,vcm,mm --regroup-exit --graph-metrics
ctit004
prob2lts-seq: ProB module initialized
prob2lts-seq: Loading model from /tmp/ltsmin-649.probz
prob2lts-seq: ProB init
prob2lts-seq: connecting to zocket ipc:///tmp/ltsmin-649.probz

Starting LTSMin Server...
pl_init_for_lts_min
prob2lts-seq: Initializing regrouping layer
prob2lts-seq: Regroup specification: sc,bg,vcm,mm
prob2lts-seq: Regroup Select Combined matrix
prob2lts-seq: Regroup Bipartite Graph
prob2lts-seq: Regroup ViennaCL's Cuthill McKee
prob2lts-seq: bandwidth: 6
prob2lts-seq: profile: 35
prob2lts-seq: span: 30
prob2lts-seq: average wavefront: 3.1
prob2lts-seq: RMS wavefront: 3.5
prob2lts-seq: Regroup Matrix Metrics
prob2lts-seq: Regrouping: 3->3 groups
prob2lts-seq: Regrouping took 0.000 real 0.000 user 0.000 sys
Event Span: 10
Normalized Event Span: 0.83
Weighted Event Span, moment 1 (WES^1): 17
Normalized Weighted Event Span, moment 1: 1.4
Exit [0]
0.00 user, 0.00 system, 0.10 elapsed -- Max VSize = 4192KB, Max RSS = 80KB
command-649: line 10: 48363 Killed                  probcli spec/B/opMachine3.mch -ltsmin2 /tmp/ltsmin-649.probz
