statistics run
prom2lts-seq spec/Promela/brp.prm.spins -rsc,bg,vacm,mm --regroup-exit --graph-metrics
ctit009
prom2lts-seq: Precompiled SpinS module initialized
prom2lts-seq: Loading model from spec/Promela/brp.prm.spins
prom2lts-seq: Initializing regrouping layer
prom2lts-seq: Regroup specification: sc,bg,vacm,mm
prom2lts-seq: Regroup Select Combined matrix
prom2lts-seq: Regroup Bipartite Graph
prom2lts-seq: Regroup ViennaCL's Advanced Cuthill McKee
prom2lts-seq: bandwidth: 75
prom2lts-seq: profile: 5134
prom2lts-seq: span: 6158
prom2lts-seq: average wavefront: 33.741
prom2lts-seq: RMS wavefront: 40.234
prom2lts-seq: Regroup Matrix Metrics
prom2lts-seq: Regrouping: 64->64 groups
prom2lts-seq: Regrouping took 0.000 real 0.000 user 0.000 sys
Event Span: 1034
Normalized Event Span: 0.3366
Weighted Event Span, moment 1 (WES^1): 1602
Normalized Weighted Event Span, moment 1: 0.5215
Exit [0]
0.01 user, 0.00 system, 0.10 elapsed -- Max VSize = 4196KB, Max RSS = 88KB
