statistics run
prom2lts-seq spec/Promela/p320.pml.spins -rsc,bg,vacm,mm --regroup-exit --graph-metrics
ctit021
prom2lts-seq: Precompiled SpinS module initialized
prom2lts-seq: Loading model from spec/Promela/p320.pml.spins
prom2lts-seq: Initializing regrouping layer
prom2lts-seq: Regroup specification: sc,bg,vacm,mm
prom2lts-seq: Regroup Select Combined matrix
prom2lts-seq: Regroup Bipartite Graph
prom2lts-seq: Regroup ViennaCL's Advanced Cuthill McKee
prom2lts-seq: bandwidth: 14
prom2lts-seq: profile: 328
prom2lts-seq: span: 413
prom2lts-seq: average wavefront: 8.19
prom2lts-seq: RMS wavefront: 9.34
prom2lts-seq: Regroup Matrix Metrics
prom2lts-seq: Regrouping: 19->19 groups
prom2lts-seq: Regrouping took 0.000 real 0.000 user 0.000 sys
Event Span: 93
Normalized Event Span: 0.408
Weighted Event Span, moment 1 (WES^1): 123
Normalized Weighted Event Span, moment 1: 0.539
Exit [0]
0.00 user, 0.01 system, 0.10 elapsed -- Max VSize = 4196KB, Max RSS = 88KB
