statistics run
pnml2lts-seq spec/PNML/TokenRing-40-unfolded.pnml -rsc,bg,vcm,mm --regroup-exit --graph-metrics
ctit022
pnml2lts-seq: Loading model from spec/PNML/TokenRing-40-unfolded.pnml
pnml2lts-seq: Petri net has 1681 places, 65641 transitions and 262564 arcs
pnml2lts-seq: There are 0 safe places
pnml2lts-seq: Petri net spec/PNML/TokenRing-40-unfolded.pnml analyzed
pnml2lts-seq: Loading Petri net took 6.670 real 5.930 user 0.720 sys
pnml2lts-seq: Initializing regrouping layer
pnml2lts-seq: Regroup specification: sc,bg,vcm,mm
pnml2lts-seq: Regroup Select Combined matrix
pnml2lts-seq: Regroup Bipartite Graph
pnml2lts-seq: Regroup ViennaCL's Cuthill McKee
pnml2lts-seq: bandwidth: 7882
pnml2lts-seq: profile: 180451825
pnml2lts-seq: span: 224821972
pnml2lts-seq: average wavefront: 1949.968435
pnml2lts-seq: RMS wavefront: 2397.739165
pnml2lts-seq: Regroup Matrix Metrics
pnml2lts-seq: Regrouping: 65641->65641 groups
pnml2lts-seq: Regrouping took 695.370 real 693.810 user 0.270 sys
pnml2lts-seq: max token count: 1
Event Span: 5808675
Normalized Event Span: 0.0526422176
Weighted Event Span, moment 1 (WES^1): 6113517.36
Normalized Weighted Event Span, moment 1: 0.0554049093
Exit [0]
699.74 user, 1.08 system, 702.19 elapsed -- Max VSize = 761028KB, Max RSS = 722832KB
