statistics run
dve2lts-seq spec/DVE/pgm_protocol.8.dve -rsc,bg,vacm,mm --regroup-exit --graph-metrics
ctit008
dve2lts-seq: Precompiled divine module initialized
dve2lts-seq: Loading model from spec/DVE/pgm_protocol.8.dve
dve2lts-seq: Initializing regrouping layer
dve2lts-seq: Regroup specification: sc,bg,vacm,mm
dve2lts-seq: Regroup Select Combined matrix
dve2lts-seq: Regroup Bipartite Graph
dve2lts-seq: Regroup ViennaCL's Advanced Cuthill McKee
dve2lts-seq: bandwidth: 138
dve2lts-seq: profile: 22397
dve2lts-seq: span: 29365
dve2lts-seq: average wavefront: 71.785
dve2lts-seq: RMS wavefront: 80.258
dve2lts-seq: Regroup Matrix Metrics
dve2lts-seq: Regrouping: 120->120 groups
dve2lts-seq: Regrouping took 0.010 real 0.000 user 0.000 sys
Event Span: 7028
Normalized Event Span: 0.46115
Weighted Event Span, moment 1 (WES^1): 12346
Normalized Weighted Event Span, moment 1: 0.81008
Exit [0]
2.63 user, 0.14 system, 2.80 elapsed -- Max VSize = 38240KB, Max RSS = 4748KB
