statistics run
lps2lts-seq --mcrl2-rewriter=jitty spec/mCRL2/lift3-init.mcrl2.suminst.lps -rsc,bn,mm --regroup-exit --graph-metrics
ctit012
lps2lts-seq: mCRL2 language module initialized
lps2lts-seq: Loading model from spec/mCRL2/lift3-init.mcrl2.suminst.lps
lps2lts-seq: mCRL2 rewriter: jitty
lps2lts-seq: Initializing regrouping layer
lps2lts-seq: Regroup specification: sc,bn,mm
lps2lts-seq: Regroup Select Combined matrix
lps2lts-seq: Regroup Boost's None
lps2lts-seq: bandwidth: 231
lps2lts-seq: profile: 33160
lps2lts-seq: span: 7827
lps2lts-seq: average wavefront: 20.857
lps2lts-seq: RMS wavefront: 21.44
lps2lts-seq: Regroup Matrix Metrics
lps2lts-seq: Regrouping: 222->222 groups
lps2lts-seq: Regrouping took 0.010 real 0.000 user 0.000 sys
Event Span: 3270
Normalized Event Span: 0.6695
Weighted Event Span, moment 1 (WES^1): 6393
Normalized Weighted Event Span, moment 1: 1.309
Exit [0]
0.05 user, 0.01 system, 0.10 elapsed -- Max VSize = 4196KB, Max RSS = 88KB
