statistics run
dve2lts-seq spec/DVE/phils.1.dve -rsc,tg,bs,mm --regroup-exit --graph-metrics
ctit014
dve2lts-seq: Precompiled divine module initialized
dve2lts-seq: Loading model from spec/DVE/phils.1.dve
dve2lts-seq: Initializing regrouping layer
dve2lts-seq: Regroup specification: sc,tg,bs,mm
dve2lts-seq: Regroup Select Combined matrix
dve2lts-seq: Regroup Total graph
dve2lts-seq: Regroup Boost's Sloan
dve2lts-seq: bandwidth: 19
dve2lts-seq: profile: 576
dve2lts-seq: span: 730
dve2lts-seq: average wavefront: 6.018
dve2lts-seq: RMS wavefront: 6.148
dve2lts-seq: Regroup Matrix Metrics
dve2lts-seq: Regrouping: 16->16 groups
dve2lts-seq: Regrouping took 0.000 real 0.000 user 0.000 sys
Event Span: 44
Normalized Event Span: 0.344
Weighted Event Span, moment 1 (WES^1): 61
Normalized Weighted Event Span, moment 1: 0.477
Exit [0]
0.28 user, 0.03 system, 0.40 elapsed -- Max VSize = 38240KB, Max RSS = 4672KB
