statistics run
prom2lts-seq spec/Promela/peterson.4.prom.spins -rsc,tg,bk,mm --regroup-exit --graph-metrics
ctit035
prom2lts-seq: Precompiled SpinS module initialized
prom2lts-seq: Loading model from spec/Promela/peterson.4.prom.spins
prom2lts-seq: Initializing regrouping layer
prom2lts-seq: Regroup specification: sc,tg,bk,mm
prom2lts-seq: Regroup Select Combined matrix
prom2lts-seq: Regroup Total graph
prom2lts-seq: Regroup Boost's King
prom2lts-seq: bandwidth: 65
prom2lts-seq: profile: 7961
prom2lts-seq: span: 11042
prom2lts-seq: average wavefront: 25.676
prom2lts-seq: RMS wavefront: 28.323
prom2lts-seq: Regroup Matrix Metrics
prom2lts-seq: Regrouping: 28->28 groups
prom2lts-seq: Regrouping took 0.000 real 0.000 user 0.000 sys
Event Span: 241
Normalized Event Span: 0.344
Weighted Event Span, moment 1 (WES^1): 301
Normalized Weighted Event Span, moment 1: 0.43
Exit [0]
0.00 user, 0.01 system, 0.10 elapsed -- Max VSize = 4196KB, Max RSS = 88KB
