statistics run
dve2lts-seq spec/DVE/blocks.3.dve -rsc,bg,bs,mm --regroup-exit --graph-metrics
ctit007
dve2lts-seq: Precompiled divine module initialized
dve2lts-seq: Loading model from spec/DVE/blocks.3.dve
dve2lts-seq: Initializing regrouping layer
dve2lts-seq: Regroup specification: sc,bg,bs,mm
dve2lts-seq: Regroup Select Combined matrix
dve2lts-seq: Regroup Bipartite Graph
dve2lts-seq: Regroup Boost's Sloan
dve2lts-seq: bandwidth: 41
dve2lts-seq: profile: 1344
dve2lts-seq: span: 1109
dve2lts-seq: average wavefront: 13.61
dve2lts-seq: RMS wavefront: 14.74
dve2lts-seq: Regroup Matrix Metrics
dve2lts-seq: Regrouping: 26->26 groups
dve2lts-seq: Regrouping took 0.000 real 0.000 user 0.000 sys
Event Span: 390
Normalized Event Span: 0.833
Weighted Event Span, moment 1 (WES^1): 706
Normalized Weighted Event Span, moment 1: 1.51
Exit [0]
0.44 user, 0.06 system, 0.60 elapsed -- Max VSize = 38240KB, Max RSS = 4748KB
