statistics run
dve2lts-seq spec/DVE/peg_solitaire.4.dve -rsc,tg,bcm,mm --regroup-exit --graph-metrics
ctit010
dve2lts-seq: Precompiled divine module initialized
dve2lts-seq: Loading model from spec/DVE/peg_solitaire.4.dve
dve2lts-seq: Initializing regrouping layer
dve2lts-seq: Regroup specification: sc,tg,bcm,mm
dve2lts-seq: Regroup Select Combined matrix
dve2lts-seq: Regroup Total graph
dve2lts-seq: Regroup Boost's Cuthill McKee
dve2lts-seq: bandwidth: 1648
dve2lts-seq: profile: 1623171
dve2lts-seq: span: 1765558
dve2lts-seq: average wavefront: 221.1359
dve2lts-seq: RMS wavefront: 236.2656
dve2lts-seq: Regroup Matrix Metrics
dve2lts-seq: Regrouping: 60->60 groups
dve2lts-seq: Regrouping took 0.060 real 0.070 user 0.000 sys
Event Span: 1620
Normalized Event Span: 1
Weighted Event Span, moment 1 (WES^1): 3240
Normalized Weighted Event Span, moment 1: 2
Exit [0]
1.56 user, 0.06 system, 1.70 elapsed -- Max VSize = 43100KB, Max RSS = 7804KB
