statistics run
dve2lts-seq spec/DVE/driving_phils.3.dve -rsc,bg,vcm,mm --regroup-exit --graph-metrics
ctit041
dve2lts-seq: Precompiled divine module initialized
dve2lts-seq: Loading model from spec/DVE/driving_phils.3.dve
dve2lts-seq: Initializing regrouping layer
dve2lts-seq: Regroup specification: sc,bg,vcm,mm
dve2lts-seq: Regroup Select Combined matrix
dve2lts-seq: Regroup Bipartite Graph
dve2lts-seq: Regroup ViennaCL's Cuthill McKee
dve2lts-seq: bandwidth: 45
dve2lts-seq: profile: 2160
dve2lts-seq: span: 3012
dve2lts-seq: average wavefront: 22.68
dve2lts-seq: RMS wavefront: 25.54
dve2lts-seq: Regroup Matrix Metrics
dve2lts-seq: Regrouping: 48->48 groups
dve2lts-seq: Regrouping took 0.000 real 0.000 user 0.000 sys
Event Span: 821
Normalized Event Span: 0.6109
Weighted Event Span, moment 1 (WES^1): 1486
Normalized Weighted Event Span, moment 1: 1.106
Exit [0]
1.05 user, 0.06 system, 1.20 elapsed -- Max VSize = 38240KB, Max RSS = 4744KB
