statistics run
dve2lts-seq spec/DVE/peg_solitaire.4.dve -rsc,bg,bcm,mm --regroup-exit --graph-metrics
ctit010
dve2lts-seq: Precompiled divine module initialized
dve2lts-seq: Loading model from spec/DVE/peg_solitaire.4.dve
dve2lts-seq: Initializing regrouping layer
dve2lts-seq: Regroup specification: sc,bg,bcm,mm
dve2lts-seq: Regroup Select Combined matrix
dve2lts-seq: Regroup Bipartite Graph
dve2lts-seq: Regroup Boost's Cuthill McKee
dve2lts-seq: bandwidth: 85
dve2lts-seq: profile: 5362
dve2lts-seq: span: 3969
dve2lts-seq: average wavefront: 23.66
dve2lts-seq: RMS wavefront: 24.91
dve2lts-seq: Regroup Matrix Metrics
dve2lts-seq: Regrouping: 60->60 groups
dve2lts-seq: Regrouping took 0.000 real 0.000 user 0.000 sys
Event Span: 1620
Normalized Event Span: 1
Weighted Event Span, moment 1 (WES^1): 3240
Normalized Weighted Event Span, moment 1: 2
Exit [0]
1.51 user, 0.07 system, 1.60 elapsed -- Max VSize = 38240KB, Max RSS = 4752KB
