statistics run
pnml2lts-seq spec/PNML/2D8_gradient_10x10_50.pnml -rsc,tg,vacm,mm --regroup-exit --graph-metrics
ctit024
pnml2lts-seq: Loading model from spec/PNML/2D8_gradient_10x10_50.pnml
pnml2lts-seq: Petri net has 100 places, 684 transitions and 1368 arcs
pnml2lts-seq: There are 0 safe places
pnml2lts-seq: Petri net spec/PNML/2D8_gradient_10x10_50.pnml analyzed
pnml2lts-seq: Loading Petri net took 0.010 real 0.010 user 0.000 sys
pnml2lts-seq: Initializing regrouping layer
pnml2lts-seq: Regroup specification: sc,tg,vacm,mm
pnml2lts-seq: Regroup Select Combined matrix
pnml2lts-seq: Regroup Total graph
pnml2lts-seq: Regroup ViennaCL's Advanced Cuthill McKee
pnml2lts-seq: bandwidth: 244
pnml2lts-seq: profile: 321275
pnml2lts-seq: span: 451148
pnml2lts-seq: average wavefront: 130.7923
pnml2lts-seq: RMS wavefront: 139.0422
pnml2lts-seq: Regroup Matrix Metrics
pnml2lts-seq: Regrouping: 684->684 groups
pnml2lts-seq: Regrouping took 0.330 real 0.330 user 0.000 sys
pnml2lts-seq: max token count: 50
Event Span: 6350
Normalized Event Span: 0.092836
Weighted Event Span, moment 1 (WES^1): 7152.4
Normalized Weighted Event Span, moment 1: 0.10457
Exit [0]
0.34 user, 0.01 system, 0.40 elapsed -- Max VSize = 48008KB, Max RSS = 9628KB
