statistics run
dve2lts-seq spec/DVE/synapse.7.dve -rsc,bn,mm --regroup-exit --graph-metrics
ctit010
dve2lts-seq: Precompiled divine module initialized
dve2lts-seq: Loading model from spec/DVE/synapse.7.dve
dve2lts-seq: Initializing regrouping layer
dve2lts-seq: Regroup specification: sc,bn,mm
dve2lts-seq: Regroup Select Combined matrix
dve2lts-seq: Regroup Boost's None
dve2lts-seq: bandwidth: 240
dve2lts-seq: profile: 34708
dve2lts-seq: span: 6681
dve2lts-seq: average wavefront: 22.49
dve2lts-seq: RMS wavefront: 23.498
dve2lts-seq: Regroup Matrix Metrics
dve2lts-seq: Regrouping: 221->221 groups
dve2lts-seq: Regrouping took 0.010 real 0.000 user 0.000 sys
Event Span: 3240
Normalized Event Span: 0.5236
Weighted Event Span, moment 1 (WES^1): 5191
Normalized Weighted Event Span, moment 1: 0.8389
Exit [0]
4.70 user, 0.20 system, 5.00 elapsed -- Max VSize = 38240KB, Max RSS = 4744KB
