statistics run
dve2lts-seq spec/DVE/szymanski.5.dve -rsc,bg,vcm,mm --regroup-exit --graph-metrics
ctit012
dve2lts-seq: Precompiled divine module initialized
dve2lts-seq: Loading model from spec/DVE/szymanski.5.dve
dve2lts-seq: Initializing regrouping layer
dve2lts-seq: Regroup specification: sc,bg,vcm,mm
dve2lts-seq: Regroup Select Combined matrix
dve2lts-seq: Regroup Bipartite Graph
dve2lts-seq: Regroup ViennaCL's Cuthill McKee
dve2lts-seq: bandwidth: 72
dve2lts-seq: profile: 6230
dve2lts-seq: span: 8131
dve2lts-seq: average wavefront: 32.814
dve2lts-seq: RMS wavefront: 38.389
dve2lts-seq: Regroup Matrix Metrics
dve2lts-seq: Regrouping: 120->120 groups
dve2lts-seq: Regrouping took 0.000 real 0.000 user 0.000 sys
Event Span: 1253
Normalized Event Span: 0.4177
Weighted Event Span, moment 1 (WES^1): 1984
Normalized Weighted Event Span, moment 1: 0.6615
Exit [0]
1.44 user, 0.12 system, 1.60 elapsed -- Max VSize = 38240KB, Max RSS = 4748KB
