statistics run
pnml2lts-seq spec/PNML/Philosophers-200.pnml -rsc,tg,bcm,mm --regroup-exit --graph-metrics
ctit041
pnml2lts-seq: Loading model from spec/PNML/Philosophers-200.pnml
pnml2lts-seq: Petri net has 1000 places, 1000 transitions and 3200 arcs
pnml2lts-seq: There are 0 safe places
pnml2lts-seq: Petri net spec/PNML/Philosophers-200.pnml analyzed
pnml2lts-seq: Loading Petri net took 0.090 real 0.080 user 0.000 sys
pnml2lts-seq: Initializing regrouping layer
pnml2lts-seq: Regroup specification: sc,tg,bcm,mm
pnml2lts-seq: Regroup Select Combined matrix
pnml2lts-seq: Regroup Total graph
pnml2lts-seq: Regroup Boost's Cuthill McKee
pnml2lts-seq: bandwidth: 29
pnml2lts-seq: profile: 135347
pnml2lts-seq: span: 218189
pnml2lts-seq: average wavefront: 18.147885
pnml2lts-seq: RMS wavefront: 18.49019
pnml2lts-seq: Regroup Matrix Metrics
pnml2lts-seq: Regrouping: 1000->1000 groups
pnml2lts-seq: Regrouping took 0.630 real 0.620 user 0.010 sys
pnml2lts-seq: max token count: 1
Event Span: 7579
Normalized Event Span: 0.007579
Weighted Event Span, moment 1 (WES^1): 7637.35
Normalized Weighted Event Span, moment 1: 0.00763735
Exit [0]
0.71 user, 0.01 system, 0.80 elapsed -- Max VSize = 57596KB, Max RSS = 19196KB
