statistics run
prom2lts-seq spec/Promela/third.pml.spins -rsc,tg,vacm,mm --regroup-exit --graph-metrics
ctit025
prom2lts-seq: Precompiled SpinS module initialized
prom2lts-seq: Loading model from spec/Promela/third.pml.spins
prom2lts-seq: Initializing regrouping layer
prom2lts-seq: Regroup specification: sc,tg,vacm,mm
prom2lts-seq: Regroup Select Combined matrix
prom2lts-seq: Regroup Total graph
prom2lts-seq: Regroup ViennaCL's Advanced Cuthill McKee
prom2lts-seq: bandwidth: 19
prom2lts-seq: profile: 550
prom2lts-seq: span: 696
prom2lts-seq: average wavefront: 10.61
prom2lts-seq: RMS wavefront: 11.91
prom2lts-seq: Regroup Matrix Metrics
prom2lts-seq: Regrouping: 12->12 groups
prom2lts-seq: Regrouping took 0.000 real 0.000 user 0.000 sys
Event Span: 35
Normalized Event Span: 0.36
Weighted Event Span, moment 1 (WES^1): 60
Normalized Weighted Event Span, moment 1: 0.62
Exit [0]
0.00 user, 0.01 system, 0.10 elapsed -- Max VSize = 4192KB, Max RSS = 80KB
