statistics run
pnml2lts-seq spec/PNML/rwmutex-r10w20.pnml -rsc,bg,bk,mm --regroup-exit --graph-metrics
ctit034
pnml2lts-seq: Loading model from spec/PNML/rwmutex-r10w20.pnml
pnml2lts-seq: Petri net has 70 places, 60 transitions and 540 arcs
pnml2lts-seq: There are 0 safe places
pnml2lts-seq: Petri net spec/PNML/rwmutex-r10w20.pnml analyzed
pnml2lts-seq: Loading Petri net took 0.010 real 0.000 user 0.010 sys
pnml2lts-seq: Initializing regrouping layer
pnml2lts-seq: Regroup specification: sc,bg,bk,mm
pnml2lts-seq: Regroup Select Combined matrix
pnml2lts-seq: Regroup Bipartite Graph
pnml2lts-seq: Regroup Boost's King
pnml2lts-seq: bandwidth: 57
pnml2lts-seq: profile: 6048
pnml2lts-seq: span: 5481
pnml2lts-seq: average wavefront: 22.823
pnml2lts-seq: RMS wavefront: 26.551
pnml2lts-seq: Regroup Matrix Metrics
pnml2lts-seq: Regrouping: 60->60 groups
pnml2lts-seq: Regrouping took 0.000 real 0.000 user 0.000 sys
pnml2lts-seq: max token count: 1
Event Span: 2218
Normalized Event Span: 0.5281
Weighted Event Span, moment 1 (WES^1): 3050
Normalized Weighted Event Span, moment 1: 0.7263
Exit [0]
0.00 user, 0.02 system, 0.10 elapsed -- Max VSize = 4192KB, Max RSS = 76KB
