statistics run
dve2lts-seq spec/DVE/lann.6.dve -rsc,tg,vcm,mm --regroup-exit --graph-metrics
ctit007
dve2lts-seq: Precompiled divine module initialized
dve2lts-seq: Loading model from spec/DVE/lann.6.dve
dve2lts-seq: Initializing regrouping layer
dve2lts-seq: Regroup specification: sc,tg,vcm,mm
dve2lts-seq: Regroup Select Combined matrix
dve2lts-seq: Regroup Total graph
dve2lts-seq: Regroup ViennaCL's Cuthill McKee
dve2lts-seq: bandwidth: 132
dve2lts-seq: profile: 5710
dve2lts-seq: span: 7460
dve2lts-seq: average wavefront: 24.42
dve2lts-seq: RMS wavefront: 26.177
dve2lts-seq: Regroup Matrix Metrics
dve2lts-seq: Regrouping: 40->40 groups
dve2lts-seq: Regrouping took 0.000 real 0.000 user 0.000 sys
Event Span: 200
Normalized Event Span: 0.25
Weighted Event Span, moment 1 (WES^1): 258
Normalized Weighted Event Span, moment 1: 0.322
Exit [0]
0.53 user, 0.04 system, 0.60 elapsed -- Max VSize = 38240KB, Max RSS = 4744KB
