statistics run
pnml2lts-seq spec/PNML/2D8_gradient_20x20_10.pnml -rsc,tg,vcm,mm --regroup-exit --graph-metrics
ctit017
pnml2lts-seq: Loading model from spec/PNML/2D8_gradient_20x20_10.pnml
pnml2lts-seq: Petri net has 400 places, 2964 transitions and 5928 arcs
pnml2lts-seq: There are 0 safe places
pnml2lts-seq: Petri net spec/PNML/2D8_gradient_20x20_10.pnml analyzed
pnml2lts-seq: Loading Petri net took 0.100 real 0.080 user 0.010 sys
pnml2lts-seq: Initializing regrouping layer
pnml2lts-seq: Regroup specification: sc,tg,vcm,mm
pnml2lts-seq: Regroup Select Combined matrix
pnml2lts-seq: Regroup Total graph
pnml2lts-seq: Regroup ViennaCL's Cuthill McKee
pnml2lts-seq: bandwidth: 1254
pnml2lts-seq: profile: 6413692
pnml2lts-seq: span: 8803859
pnml2lts-seq: average wavefront: 596.41035
pnml2lts-seq: RMS wavefront: 653.96424
pnml2lts-seq: Regroup Matrix Metrics
pnml2lts-seq: Regrouping: 2964->2964 groups
pnml2lts-seq: Regrouping took 4.660 real 4.640 user 0.000 sys
pnml2lts-seq: max token count: 10
Event Span: 109540
Normalized Event Span: 0.09239204
Weighted Event Span, moment 1 (WES^1): 114742.5
Normalized Weighted Event Span, moment 1: 0.09678008
Exit [0]
4.73 user, 0.02 system, 4.80 elapsed -- Max VSize = 62160KB, Max RSS = 23864KB
