statistics run
pnml2lts-seq spec/PNML/sg-13-6-13.pnml -rsc,tg,bcm,mm --regroup-exit --graph-metrics
ctit015
pnml2lts-seq: Loading model from spec/PNML/sg-13-6-13.pnml
pnml2lts-seq: Petri net has 2301 places, 2756 transitions and 11024 arcs
pnml2lts-seq: There are 0 safe places
pnml2lts-seq: Petri net spec/PNML/sg-13-6-13.pnml analyzed
pnml2lts-seq: Loading Petri net took 0.260 real 0.230 user 0.030 sys
pnml2lts-seq: Initializing regrouping layer
pnml2lts-seq: Regroup specification: sc,tg,bcm,mm
pnml2lts-seq: Regroup Select Combined matrix
pnml2lts-seq: Regroup Total graph
pnml2lts-seq: Regroup Boost's Cuthill McKee
pnml2lts-seq: bandwidth: 351
pnml2lts-seq: profile: 3455603
pnml2lts-seq: span: 5631723
pnml2lts-seq: average wavefront: 141.290405
pnml2lts-seq: RMS wavefront: 149.747845
pnml2lts-seq: Regroup Matrix Metrics
pnml2lts-seq: Regrouping: 2756->2756 groups
pnml2lts-seq: Regrouping took 24.420 real 24.140 user 0.020 sys
pnml2lts-seq: max token count: 13
Event Span: 163037
Normalized Event Span: 0.02570931
Weighted Event Span, moment 1 (WES^1): 167348.9
Normalized Weighted Event Span, moment 1: 0.02638925
Exit [0]
24.38 user, 0.07 system, 24.73 elapsed -- Max VSize = 81984KB, Max RSS = 43452KB
