statistics run
pnml2lts-seq spec/PNML/5-10_phaseVariation.pnml -rsc,bg,bcm,mm --regroup-exit --graph-metrics
ctit017
pnml2lts-seq: Loading model from spec/PNML/5-10_phaseVariation.pnml
pnml2lts-seq: Petri net has 77 places, 677 transitions and 4685 arcs
pnml2lts-seq: There are 0 safe places
pnml2lts-seq: Petri net spec/PNML/5-10_phaseVariation.pnml analyzed
pnml2lts-seq: Loading Petri net took 0.050 real 0.040 user 0.000 sys
pnml2lts-seq: Initializing regrouping layer
pnml2lts-seq: Regroup specification: sc,bg,bcm,mm
pnml2lts-seq: Regroup Select Combined matrix
pnml2lts-seq: Regroup Bipartite Graph
pnml2lts-seq: Regroup Boost's Cuthill McKee
pnml2lts-seq: bandwidth: 673
pnml2lts-seq: profile: 380089
pnml2lts-seq: span: 479759
pnml2lts-seq: average wavefront: 303.798
pnml2lts-seq: RMS wavefront: 354.292
pnml2lts-seq: Regroup Matrix Metrics
pnml2lts-seq: Regrouping: 677->677 groups
pnml2lts-seq: Regrouping took 0.030 real 0.030 user 0.000 sys
pnml2lts-seq: max token count: 1
Event Span: 31403
Normalized Event Span: 0.60241
Weighted Event Span, moment 1 (WES^1): 47296
Normalized Weighted Event Span, moment 1: 0.90728
Exit [0]
0.07 user, 0.01 system, 0.10 elapsed -- Max VSize = 4196KB, Max RSS = 88KB
