statistics run
lps2lts-seq --mcrl2-rewriter=jitty spec/mCRL2/beem-fischer-6.mcrl2.lps -rsc,bg,bk,mm --regroup-exit --graph-metrics
ctit010
lps2lts-seq: mCRL2 language module initialized
lps2lts-seq: Loading model from spec/mCRL2/beem-fischer-6.mcrl2.lps
lps2lts-seq: mCRL2 rewriter: jitty
lps2lts-seq: Initializing regrouping layer
lps2lts-seq: Regroup specification: sc,bg,bk,mm
lps2lts-seq: Regroup Select Combined matrix
lps2lts-seq: Regroup Bipartite Graph
lps2lts-seq: Regroup Boost's King
lps2lts-seq: bandwidth: 52
lps2lts-seq: profile: 2278
lps2lts-seq: span: 2883
lps2lts-seq: average wavefront: 24.13
lps2lts-seq: RMS wavefront: 27.87
lps2lts-seq: Regroup Matrix Metrics
lps2lts-seq: Regrouping: 49->49 groups
lps2lts-seq: Regrouping took 0.000 real 0.000 user 0.000 sys
Event Span: 379
Normalized Event Span: 0.703
Weighted Event Span, moment 1 (WES^1): 661
Normalized Weighted Event Span, moment 1: 1.23
Exit [0]
0.04 user, 0.01 system, 0.10 elapsed -- Max VSize = 4196KB, Max RSS = 88KB
