statistics run
pnml2lts-seq spec/PNML/PolyORB-LF-S06-J06-T06-unfolded.pnml -rsc,tg,vcm,mm --regroup-exit --graph-metrics
ctit001
pnml2lts-seq: Loading model from spec/PNML/PolyORB-LF-S06-J06-T06-unfolded.pnml
pnml2lts-seq: Petri net has 700 places, 10740 transitions and 89778 arcs
pnml2lts-seq: There are 0 safe places
pnml2lts-seq: Petri net spec/PNML/PolyORB-LF-S06-J06-T06-unfolded.pnml analyzed
pnml2lts-seq: Loading Petri net took 1.390 real 1.180 user 0.160 sys
pnml2lts-seq: Initializing regrouping layer
pnml2lts-seq: Regroup specification: sc,tg,vcm,mm
pnml2lts-seq: Regroup Select Combined matrix
pnml2lts-seq: Regroup Total graph
pnml2lts-seq: Regroup ViennaCL's Cuthill McKee
pnml2lts-seq: bandwidth: 58331
pnml2lts-seq: profile: 4512665565
pnml2lts-seq: span: 5898401181
pnml2lts-seq: average wavefront: 34107.352614
pnml2lts-seq: RMS wavefront: 38167.886081
pnml2lts-seq: Regroup Matrix Metrics
pnml2lts-seq: Regrouping: 10740->10740 groups
pnml2lts-seq: Regrouping took 2115.480 real 2106.830 user 2.280 sys
pnml2lts-seq: max token count: 10
Event Span: 2444912
Normalized Event Span: 0.3252078
Weighted Event Span, moment 1 (WES^1): 3545026
Normalized Weighted Event Span, moment 1: 0.4715385
Exit [0]
2108.01 user, 2.44 system, 2116.97 elapsed -- Max VSize = 251784KB, Max RSS = 213560KB
