statistics run
prom2lts-seq spec/Promela/p320.pml.spins -rsc,tg,vacm,mm --regroup-exit --graph-metrics
ctit041
prom2lts-seq: Precompiled SpinS module initialized
prom2lts-seq: Loading model from spec/Promela/p320.pml.spins
prom2lts-seq: Initializing regrouping layer
prom2lts-seq: Regroup specification: sc,tg,vacm,mm
prom2lts-seq: Regroup Select Combined matrix
prom2lts-seq: Regroup Total graph
prom2lts-seq: Regroup ViennaCL's Advanced Cuthill McKee
prom2lts-seq: bandwidth: 33
prom2lts-seq: profile: 1665
prom2lts-seq: span: 2341
prom2lts-seq: average wavefront: 17.03
prom2lts-seq: RMS wavefront: 19.49
prom2lts-seq: Regroup Matrix Metrics
prom2lts-seq: Regrouping: 19->19 groups
prom2lts-seq: Regrouping took 0.000 real 0.000 user 0.000 sys
Event Span: 88
Normalized Event Span: 0.386
Weighted Event Span, moment 1 (WES^1): 112
Normalized Weighted Event Span, moment 1: 0.49
Exit [0]
0.01 user, 0.00 system, 0.10 elapsed -- Max VSize = 4196KB, Max RSS = 84KB
