statistics run
pnml2lts-seq spec/PNML/hc4k3p3b12.pnml -rsc,bg,bk,mm --regroup-exit --graph-metrics
ctit019
pnml2lts-seq: Loading model from spec/PNML/hc4k3p3b12.pnml
pnml2lts-seq: Petri net has 2457 places, 5400 transitions and 21600 arcs
pnml2lts-seq: There are 0 safe places
pnml2lts-seq: Petri net spec/PNML/hc4k3p3b12.pnml analyzed
pnml2lts-seq: Loading Petri net took 0.480 real 0.400 user 0.070 sys
pnml2lts-seq: Initializing regrouping layer
pnml2lts-seq: Regroup specification: sc,bg,bk,mm
pnml2lts-seq: Regroup Select Combined matrix
pnml2lts-seq: Regroup Bipartite Graph
pnml2lts-seq: Regroup Boost's King
pnml2lts-seq: bandwidth: 807
pnml2lts-seq: profile: 3423561
pnml2lts-seq: span: 5483841
pnml2lts-seq: average wavefront: 345.0882
pnml2lts-seq: RMS wavefront: 387.9367
pnml2lts-seq: Regroup Matrix Metrics
pnml2lts-seq: Regrouping: 5400->5400 groups
pnml2lts-seq: Regrouping took 2.280 real 2.250 user 0.020 sys
pnml2lts-seq: max token count: 12
Event Span: 1097528
Normalized Event Span: 0.082721175
Weighted Event Span, moment 1 (WES^1): 1178361.4
Normalized Weighted Event Span, moment 1: 0.088813625
Exit [0]
2.65 user, 0.11 system, 2.80 elapsed -- Max VSize = 122332KB, Max RSS = 84124KB
