statistics run
pnml2lts-seq spec/PNML/BridgeAndVehicles-V50-P20-N50-unfolded.pnml -rsc,bg,vcm,mm --regroup-exit --graph-metrics
ctit012
pnml2lts-seq: Loading model from spec/PNML/BridgeAndVehicles-V50-P20-N50-unfolded.pnml
pnml2lts-seq: Petri net has 168 places, 5408 transitions and 42330 arcs
pnml2lts-seq: There are 0 safe places
pnml2lts-seq: Petri net spec/PNML/BridgeAndVehicles-V50-P20-N50-unfolded.pnml analyzed
pnml2lts-seq: Loading Petri net took 0.310 real 0.280 user 0.030 sys
pnml2lts-seq: Initializing regrouping layer
pnml2lts-seq: Regroup specification: sc,bg,vcm,mm
pnml2lts-seq: Regroup Select Combined matrix
pnml2lts-seq: Regroup Bipartite Graph
pnml2lts-seq: Regroup ViennaCL's Cuthill McKee
pnml2lts-seq: bandwidth: 5355
pnml2lts-seq: profile: 22176848
pnml2lts-seq: span: 29570109
pnml2lts-seq: average wavefront: 2665.8445
pnml2lts-seq: RMS wavefront: 3103.0158
pnml2lts-seq: Regroup Matrix Metrics
pnml2lts-seq: Regrouping: 5408->5408 groups
pnml2lts-seq: Regrouping took 3.220 real 3.220 user 0.000 sys
pnml2lts-seq: max token count: 50
Event Span: 651777
Normalized Event Span: 0.717386
Weighted Event Span, moment 1 (WES^1): 1.16368e+06
Normalized Weighted Event Span, moment 1: 1.28082
Exit [0]
3.51 user, 0.04 system, 3.60 elapsed -- Max VSize = 127840KB, Max RSS = 89528KB
