statistics run
lps2lts-seq --mcrl2-rewriter=jitty spec/mCRL2/bke.mcrl2.lps -rsc,bg,bk,mm --regroup-exit --graph-metrics
ctit020
lps2lts-seq: mCRL2 language module initialized
lps2lts-seq: Loading model from spec/mCRL2/bke.mcrl2.lps
lps2lts-seq: mCRL2 rewriter: jitty
lps2lts-seq: Initializing regrouping layer
lps2lts-seq: Regroup specification: sc,bg,bk,mm
lps2lts-seq: Regroup Select Combined matrix
lps2lts-seq: Regroup Bipartite Graph
lps2lts-seq: Regroup Boost's King
lps2lts-seq: bandwidth: 66
lps2lts-seq: profile: 4349
lps2lts-seq: span: 5829
lps2lts-seq: average wavefront: 26.82
lps2lts-seq: RMS wavefront: 31.48
lps2lts-seq: Regroup Matrix Metrics
lps2lts-seq: Regrouping: 71->71 groups
lps2lts-seq: Regrouping took 0.000 real 0.000 user 0.000 sys
Event Span: 1114
Normalized Event Span: 0.6276
Weighted Event Span, moment 1 (WES^1): 1716
Normalized Weighted Event Span, moment 1: 0.9668
Exit [0]
0.08 user, 0.01 system, 0.20 elapsed -- Max VSize = 4196KB, Max RSS = 88KB
