statistics run
pnml2lts-seq spec/PNML/RAS-C-3.pnml -rsc,tg,vcm,mm --regroup-exit --graph-metrics
ctit032
pnml2lts-seq: Loading model from spec/PNML/RAS-C-3.pnml
pnml2lts-seq: Petri net has 18 places, 12 transitions and 48 arcs
pnml2lts-seq: There are 0 safe places
pnml2lts-seq: Petri net spec/PNML/RAS-C-3.pnml analyzed
pnml2lts-seq: Loading Petri net took 0.010 real 0.000 user 0.000 sys
pnml2lts-seq: Initializing regrouping layer
pnml2lts-seq: Regroup specification: sc,tg,vcm,mm
pnml2lts-seq: Regroup Select Combined matrix
pnml2lts-seq: Regroup Total graph
pnml2lts-seq: Regroup ViennaCL's Cuthill McKee
pnml2lts-seq: bandwidth: 22
pnml2lts-seq: profile: 1329
pnml2lts-seq: span: 1896
pnml2lts-seq: average wavefront: 15.21
pnml2lts-seq: RMS wavefront: 16.3
pnml2lts-seq: Regroup Matrix Metrics
pnml2lts-seq: Regrouping: 12->12 groups
pnml2lts-seq: Regrouping took 0.000 real 0.000 user 0.010 sys
pnml2lts-seq: max token count: 1
Event Span: 78
Normalized Event Span: 0.361
Weighted Event Span, moment 1 (WES^1): 117
Normalized Weighted Event Span, moment 1: 0.541
Exit [0]
0.00 user, 0.01 system, 0.10 elapsed -- Max VSize = 4196KB, Max RSS = 88KB
