statistics run
dve2lts-seq spec/DVE/peterson.3.dve -rsc,bn,mm --regroup-exit --graph-metrics
ctit006
dve2lts-seq: Precompiled divine module initialized
dve2lts-seq: Loading model from spec/DVE/peterson.3.dve
dve2lts-seq: Initializing regrouping layer
dve2lts-seq: Regroup specification: sc,bn,mm
dve2lts-seq: Regroup Select Combined matrix
dve2lts-seq: Regroup Boost's None
dve2lts-seq: bandwidth: 28
dve2lts-seq: profile: 805
dve2lts-seq: span: 316
dve2lts-seq: average wavefront: 9.944
dve2lts-seq: RMS wavefront: 10.94
dve2lts-seq: Regroup Matrix Metrics
dve2lts-seq: Regrouping: 21->21 groups
dve2lts-seq: Regrouping took 0.000 real 0.000 user 0.000 sys
Event Span: 168
Normalized Event Span: 0.533
Weighted Event Span, moment 1 (WES^1): 302
Normalized Weighted Event Span, moment 1: 0.959
Exit [0]
0.35 user, 0.05 system, 0.40 elapsed -- Max VSize = 38240KB, Max RSS = 4748KB
