statistics run
pnml2lts-seq spec/PNML/rwmutex-r1000w10.pnml -rsc,tg,bs,mm --regroup-exit --graph-metrics
ctit028
pnml2lts-seq: Loading model from spec/PNML/rwmutex-r1000w10.pnml
pnml2lts-seq: Petri net has 3020 places, 2020 transitions and 26040 arcs
pnml2lts-seq: There are 0 safe places
pnml2lts-seq: Petri net spec/PNML/rwmutex-r1000w10.pnml analyzed
pnml2lts-seq: Loading Petri net took 0.370 real 0.300 user 0.060 sys
pnml2lts-seq: Initializing regrouping layer
pnml2lts-seq: Regroup specification: sc,tg,bs,mm
pnml2lts-seq: Regroup Select Combined matrix
pnml2lts-seq: Regroup Total graph
pnml2lts-seq: Regroup Boost's Sloan
pnml2lts-seq: bandwidth: 31035
pnml2lts-seq: profile: 327644880
pnml2lts-seq: span: 328328688
pnml2lts-seq: average wavefront: 47.7841699
pnml2lts-seq: RMS wavefront: 47.8869882
pnml2lts-seq: Regroup Matrix Metrics
pnml2lts-seq: Regrouping: 2020->2020 groups
pnml2lts-seq: Regrouping took 404.680 real 403.110 user 0.350 sys
pnml2lts-seq: max token count: 1
Event Span: 66204
Normalized Event Span: 0.0108524
Weighted Event Span, moment 1 (WES^1): 125975.9
Normalized Weighted Event Span, moment 1: 0.02065044
Exit [0]
403.42 user, 0.43 system, 405.12 elapsed -- Max VSize = 132796KB, Max RSS = 94436KB
