statistics run
dve2lts-seq spec/DVE/firewire_tree.4.dve -rsc,bg,vcm,mm --regroup-exit --graph-metrics
ctit008
dve2lts-seq: Precompiled divine module initialized
dve2lts-seq: Loading model from spec/DVE/firewire_tree.4.dve
dve2lts-seq: Initializing regrouping layer
dve2lts-seq: Regroup specification: sc,bg,vcm,mm
dve2lts-seq: Regroup Select Combined matrix
dve2lts-seq: Regroup Bipartite Graph
dve2lts-seq: Regroup ViennaCL's Cuthill McKee
dve2lts-seq: bandwidth: 477
dve2lts-seq: profile: 217396
dve2lts-seq: span: 173657
dve2lts-seq: average wavefront: 205.599
dve2lts-seq: RMS wavefront: 237.27
dve2lts-seq: Regroup Matrix Metrics
dve2lts-seq: Regrouping: 665->665 groups
dve2lts-seq: Regrouping took 0.180 real 0.180 user 0.000 sys
Event Span: 46615
Normalized Event Span: 0.308801
Weighted Event Span, moment 1 (WES^1): 63530.7
Normalized Weighted Event Span, moment 1: 0.420859
Exit [0]
20.77 user, 0.69 system, 21.52 elapsed -- Max VSize = 53828KB, Max RSS = 17996KB
