statistics run
pnml2lts-seq spec/PNML/ring.pnml -rsc,bg,bcm,mm --regroup-exit --graph-metrics
ctit029
pnml2lts-seq: Loading model from spec/PNML/ring.pnml
pnml2lts-seq: Petri net has 139 places, 87 transitions and 410 arcs
pnml2lts-seq: There are 0 safe places
pnml2lts-seq: Petri net spec/PNML/ring.pnml analyzed
pnml2lts-seq: Loading Petri net took 0.010 real 0.000 user 0.010 sys
pnml2lts-seq: Initializing regrouping layer
pnml2lts-seq: Regroup specification: sc,bg,bcm,mm
pnml2lts-seq: Regroup Select Combined matrix
pnml2lts-seq: Regroup Bipartite Graph
pnml2lts-seq: Regroup Boost's Cuthill McKee
pnml2lts-seq: bandwidth: 38
pnml2lts-seq: profile: 5487
pnml2lts-seq: span: 7803
pnml2lts-seq: average wavefront: 17.221
pnml2lts-seq: RMS wavefront: 18.906
pnml2lts-seq: Regroup Matrix Metrics
pnml2lts-seq: Regrouping: 87->87 groups
pnml2lts-seq: Regrouping took 0.000 real 0.000 user 0.000 sys
pnml2lts-seq: max token count: 1
Event Span: 2247
Normalized Event Span: 0.18581
Weighted Event Span, moment 1 (WES^1): 2896.3
Normalized Weighted Event Span, moment 1: 0.2395
Exit [0]
0.01 user, 0.01 system, 0.10 elapsed -- Max VSize = 4196KB, Max RSS = 88KB
