statistics run
dve2lts-seq spec/DVE/pgm_protocol.6.dve -rsc,tg,vacm,mm --regroup-exit --graph-metrics
ctit006
dve2lts-seq: Precompiled divine module initialized
dve2lts-seq: Loading model from spec/DVE/pgm_protocol.6.dve
dve2lts-seq: Initializing regrouping layer
dve2lts-seq: Regroup specification: sc,tg,vacm,mm
dve2lts-seq: Regroup Select Combined matrix
dve2lts-seq: Regroup Total graph
dve2lts-seq: Regroup ViennaCL's Advanced Cuthill McKee
dve2lts-seq: bandwidth: 775
dve2lts-seq: profile: 667983
dve2lts-seq: span: 840243
dve2lts-seq: average wavefront: 401.4773
dve2lts-seq: RMS wavefront: 442.1848
dve2lts-seq: Regroup Matrix Metrics
dve2lts-seq: Regrouping: 120->120 groups
dve2lts-seq: Regrouping took 0.100 real 0.110 user 0.000 sys
Event Span: 6958
Normalized Event Span: 0.46019
Weighted Event Span, moment 1 (WES^1): 9847.1
Normalized Weighted Event Span, moment 1: 0.65126
Exit [0]
2.75 user, 0.13 system, 2.90 elapsed -- Max VSize = 42536KB, Max RSS = 7180KB
