statistics run
prom2lts-seq spec/Promela/needham.4.prom.spins -rsc,bn,mm --regroup-exit --graph-metrics
ctit021
prom2lts-seq: Precompiled SpinS module initialized
prom2lts-seq: Loading model from spec/Promela/needham.4.prom.spins
prom2lts-seq: Initializing regrouping layer
prom2lts-seq: Regroup specification: sc,bn,mm
prom2lts-seq: Regroup Select Combined matrix
prom2lts-seq: Regroup Boost's None
prom2lts-seq: bandwidth: 188
prom2lts-seq: profile: 25318
prom2lts-seq: span: 5581
prom2lts-seq: average wavefront: 28.827
prom2lts-seq: RMS wavefront: 30.386
prom2lts-seq: Regroup Matrix Metrics
prom2lts-seq: Regrouping: 172->172 groups
prom2lts-seq: Regrouping took 0.000 real 0.000 user 0.000 sys
Event Span: 2218
Normalized Event Span: 0.3582
Weighted Event Span, moment 1 (WES^1): 3130
Normalized Weighted Event Span, moment 1: 0.5055
Exit [0]
0.02 user, 0.00 system, 0.10 elapsed -- Max VSize = 4196KB, Max RSS = 88KB
