statistics run
dve2lts-seq spec/DVE/iprotocol.1.dve -rsc,tg,bk,mm --regroup-exit --graph-metrics
ctit012
dve2lts-seq: Precompiled divine module initialized
dve2lts-seq: Loading model from spec/DVE/iprotocol.1.dve
dve2lts-seq: Initializing regrouping layer
dve2lts-seq: Regroup specification: sc,tg,bk,mm
dve2lts-seq: Regroup Select Combined matrix
dve2lts-seq: Regroup Total graph
dve2lts-seq: Regroup Boost's King
dve2lts-seq: bandwidth: 70
dve2lts-seq: profile: 9236
dve2lts-seq: span: 12370
dve2lts-seq: average wavefront: 22.693
dve2lts-seq: RMS wavefront: 25.788
dve2lts-seq: Regroup Matrix Metrics
dve2lts-seq: Regrouping: 35->35 groups
dve2lts-seq: Regrouping took 0.000 real 0.000 user 0.000 sys
Event Span: 265
Normalized Event Span: 0.329
Weighted Event Span, moment 1 (WES^1): 369
Normalized Weighted Event Span, moment 1: 0.458
Exit [0]
0.78 user, 0.07 system, 0.90 elapsed -- Max VSize = 38240KB, Max RSS = 4748KB
