statistics run
pnml2lts-seq spec/PNML/simple_lbs-20.pnml -rsc,bg,bk,mm --regroup-exit --graph-metrics
ctit014
pnml2lts-seq: Loading model from spec/PNML/simple_lbs-20.pnml
pnml2lts-seq: Petri net has 194 places, 2205 transitions and 15678 arcs
pnml2lts-seq: There are 0 safe places
pnml2lts-seq: Petri net spec/PNML/simple_lbs-20.pnml analyzed
pnml2lts-seq: Loading Petri net took 0.160 real 0.130 user 0.030 sys
pnml2lts-seq: Initializing regrouping layer
pnml2lts-seq: Regroup specification: sc,bg,bk,mm
pnml2lts-seq: Regroup Select Combined matrix
pnml2lts-seq: Regroup Bipartite Graph
pnml2lts-seq: Regroup Boost's King
pnml2lts-seq: bandwidth: 2102
pnml2lts-seq: profile: 3574182
pnml2lts-seq: span: 2959122
pnml2lts-seq: average wavefront: 815.5056
pnml2lts-seq: RMS wavefront: 934.6798
pnml2lts-seq: Regroup Matrix Metrics
pnml2lts-seq: Regrouping: 2205->2205 groups
pnml2lts-seq: Regrouping took 0.230 real 0.230 user 0.000 sys
pnml2lts-seq: max token count: 1
Event Span: 240113
Normalized Event Span: 0.561313
Weighted Event Span, moment 1 (WES^1): 311212
Normalized Weighted Event Span, moment 1: 0.727521
Exit [0]
0.36 user, 0.04 system, 0.50 elapsed -- Max VSize = 70944KB, Max RSS = 32572KB
