statistics run
lps2lts-seq --mcrl2-rewriter=jitty spec/mCRL2/WMS.mcrl2.suminst.lps -rsc,bg,bcm,mm --regroup-exit --graph-metrics
ctit027
lps2lts-seq: mCRL2 language module initialized
lps2lts-seq: Loading model from spec/mCRL2/WMS.mcrl2.suminst.lps
lps2lts-seq: mCRL2 rewriter: jitty
lps2lts-seq: Initializing regrouping layer
lps2lts-seq: Regroup specification: sc,bg,bcm,mm
lps2lts-seq: Regroup Select Combined matrix
lps2lts-seq: Regroup Bipartite Graph
lps2lts-seq: Regroup Boost's Cuthill McKee
lps2lts-seq: bandwidth: 78
lps2lts-seq: profile: 7142
lps2lts-seq: span: 9451
lps2lts-seq: average wavefront: 36.794
lps2lts-seq: RMS wavefront: 44.271
lps2lts-seq: Regroup Matrix Metrics
lps2lts-seq: Regrouping: 101->101 groups
lps2lts-seq: Regrouping took 0.000 real 0.010 user 0.000 sys
Event Span: 1322
Normalized Event Span: 0.4363
Weighted Event Span, moment 1 (WES^1): 1806
Normalized Weighted Event Span, moment 1: 0.5961
Exit [0]
0.06 user, 0.00 system, 0.10 elapsed -- Max VSize = 4196KB, Max RSS = 88KB
