statistics run
dve2lts-seq spec/DVE/production_cell.4.dve -rsc,bg,bs,mm --regroup-exit --graph-metrics
ctit012
dve2lts-seq: Precompiled divine module initialized
dve2lts-seq: Loading model from spec/DVE/production_cell.4.dve
dve2lts-seq: Initializing regrouping layer
dve2lts-seq: Regroup specification: sc,bg,bs,mm
dve2lts-seq: Regroup Select Combined matrix
dve2lts-seq: Regroup Bipartite Graph
dve2lts-seq: Regroup Boost's Sloan
dve2lts-seq: bandwidth: 41
dve2lts-seq: profile: 842
dve2lts-seq: span: 824
dve2lts-seq: average wavefront: 7
dve2lts-seq: RMS wavefront: 7.368
dve2lts-seq: Regroup Matrix Metrics
dve2lts-seq: Regrouping: 36->36 groups
dve2lts-seq: Regrouping took 0.000 real 0.000 user 0.000 sys
Event Span: 210
Normalized Event Span: 0.292
Weighted Event Span, moment 1 (WES^1): 280
Normalized Weighted Event Span, moment 1: 0.389
Exit [0]
0.66 user, 0.06 system, 0.80 elapsed -- Max VSize = 38240KB, Max RSS = 4744KB
