statistics run
dve2lts-seq spec/DVE/rether.4.dve -rsc,tg,bcm,mm --regroup-exit --graph-metrics
ctit014
dve2lts-seq: Precompiled divine module initialized
dve2lts-seq: Loading model from spec/DVE/rether.4.dve
dve2lts-seq: Initializing regrouping layer
dve2lts-seq: Regroup specification: sc,tg,bcm,mm
dve2lts-seq: Regroup Select Combined matrix
dve2lts-seq: Regroup Total graph
dve2lts-seq: Regroup Boost's Cuthill McKee
dve2lts-seq: bandwidth: 421
dve2lts-seq: profile: 206340
dve2lts-seq: span: 250502
dve2lts-seq: average wavefront: 116.192
dve2lts-seq: RMS wavefront: 129.803
dve2lts-seq: Regroup Matrix Metrics
dve2lts-seq: Regrouping: 133->133 groups
dve2lts-seq: Regrouping took 0.020 real 0.010 user 0.000 sys
Event Span: 2125
Normalized Event Span: 0.3716
Weighted Event Span, moment 1 (WES^1): 3125
Normalized Weighted Event Span, moment 1: 0.5465
Exit [0]
1.55 user, 0.06 system, 1.70 elapsed -- Max VSize = 41856KB, Max RSS = 6388KB
