statistics run
lps2lts-seq --mcrl2-rewriter=jitty spec/mCRL2/cg.mcrl2.lps -rsc,tg,bcm,mm --regroup-exit --graph-metrics
ctit009
lps2lts-seq: mCRL2 language module initialized
lps2lts-seq: Loading model from spec/mCRL2/cg.mcrl2.lps
lps2lts-seq: mCRL2 rewriter: jitty
lps2lts-seq: Initializing regrouping layer
lps2lts-seq: Regroup specification: sc,tg,bcm,mm
lps2lts-seq: Regroup Select Combined matrix
lps2lts-seq: Regroup Total graph
lps2lts-seq: Regroup Boost's Cuthill McKee
lps2lts-seq: bandwidth: 8
lps2lts-seq: profile: 138
lps2lts-seq: span: 199
lps2lts-seq: average wavefront: 5.35
lps2lts-seq: RMS wavefront: 5.63
lps2lts-seq: Regroup Matrix Metrics
lps2lts-seq: Regrouping: 4->4 groups
lps2lts-seq: Regrouping took 0.000 real 0.000 user 0.000 sys
Event Span: 12
Normalized Event Span: 0.75
Weighted Event Span, moment 1 (WES^1): 21
Normalized Weighted Event Span, moment 1: 1.3
Exit [0]
0.01 user, 0.01 system, 0.10 elapsed -- Max VSize = 4196KB, Max RSS = 88KB
