statistics run
dve2lts-seq spec/DVE/elevator_planning.3.dve -rsc,tg,bk,mm --regroup-exit --graph-metrics
ctit008
dve2lts-seq: Precompiled divine module initialized
dve2lts-seq: Loading model from spec/DVE/elevator_planning.3.dve
dve2lts-seq: Initializing regrouping layer
dve2lts-seq: Regroup specification: sc,tg,bk,mm
dve2lts-seq: Regroup Select Combined matrix
dve2lts-seq: Regroup Total graph
dve2lts-seq: Regroup Boost's King
dve2lts-seq: bandwidth: 91
dve2lts-seq: profile: 8853
dve2lts-seq: span: 11014
dve2lts-seq: average wavefront: 26.887
dve2lts-seq: RMS wavefront: 29.701
dve2lts-seq: Regroup Matrix Metrics
dve2lts-seq: Regrouping: 17->17 groups
dve2lts-seq: Regrouping took 0.000 real 0.000 user 0.000 sys
Event Span: 149
Normalized Event Span: 0.381
Weighted Event Span, moment 1 (WES^1): 207
Normalized Weighted Event Span, moment 1: 0.53
Exit [0]
0.32 user, 0.05 system, 0.40 elapsed -- Max VSize = 38240KB, Max RSS = 4744KB
