statistics run
prom2lts-seq spec/Promela/krebs.4.prom.spins -rsc,tg,vgps,mm --regroup-exit --graph-metrics
ctit036
prom2lts-seq: Precompiled SpinS module initialized
prom2lts-seq: Loading model from spec/Promela/krebs.4.prom.spins
prom2lts-seq: Initializing regrouping layer
prom2lts-seq: Regroup specification: sc,tg,vgps,mm
prom2lts-seq: Regroup Select Combined matrix
prom2lts-seq: Regroup Total graph
prom2lts-seq: Regroup ViennaCL's Gibbs Poole Stockmeyer
prom2lts-seq: bandwidth: 49
prom2lts-seq: profile: 3974
prom2lts-seq: span: 5401
prom2lts-seq: average wavefront: 17.979
prom2lts-seq: RMS wavefront: 20.813
prom2lts-seq: Regroup Matrix Metrics
prom2lts-seq: Regrouping: 22->22 groups
prom2lts-seq: Regrouping took 0.000 real 0.000 user 0.000 sys
Event Span: 173
Normalized Event Span: 0.271
Weighted Event Span, moment 1 (WES^1): 140
Normalized Weighted Event Span, moment 1: 0.22
Exit [0]
0.00 user, 0.01 system, 0.10 elapsed -- Max VSize = 4196KB, Max RSS = 88KB
