statistics run
pnml2lts-seq spec/PNML/lamport_fmea-2.pnml -rsc,bg,bk,mm --regroup-exit --graph-metrics
ctit037
pnml2lts-seq: Loading model from spec/PNML/lamport_fmea-2.pnml
pnml2lts-seq: Petri net has 69 places, 96 transitions and 402 arcs
pnml2lts-seq: There are 0 safe places
pnml2lts-seq: Petri net spec/PNML/lamport_fmea-2.pnml analyzed
pnml2lts-seq: Loading Petri net took 0.010 real 0.000 user 0.000 sys
pnml2lts-seq: Initializing regrouping layer
pnml2lts-seq: Regroup specification: sc,bg,bk,mm
pnml2lts-seq: Regroup Select Combined matrix
pnml2lts-seq: Regroup Bipartite Graph
pnml2lts-seq: Regroup Boost's King
pnml2lts-seq: bandwidth: 59
pnml2lts-seq: profile: 6912
pnml2lts-seq: span: 9489
pnml2lts-seq: average wavefront: 27.618
pnml2lts-seq: RMS wavefront: 29.919
pnml2lts-seq: Regroup Matrix Metrics
pnml2lts-seq: Regrouping: 96->96 groups
pnml2lts-seq: Regrouping took 0.000 real 0.000 user 0.000 sys
pnml2lts-seq: max token count: 1
Event Span: 2339
Normalized Event Span: 0.3531
Weighted Event Span, moment 1 (WES^1): 2873
Normalized Weighted Event Span, moment 1: 0.4338
Exit [0]
0.01 user, 0.01 system, 0.10 elapsed -- Max VSize = 4196KB, Max RSS = 88KB
