statistics run
prob2lts-seq --zocket-prefix=/tmp/ltsmin-602- --no-close spec/B/obsw_M001_eventb.mch -rsc,tg,vacm,mm --regroup-exit --graph-metrics
ctit011
prob2lts-seq: ProB module initialized
prob2lts-seq: Loading model from /tmp/ltsmin-614.probz
prob2lts-seq: ProB init
prob2lts-seq: connecting to zocket ipc:///tmp/ltsmin-614.probz
% set_pref(DEFAULT_SETSIZE,globalsets_fdrange,2)

Starting LTSMin Server...
pl_init_for_lts_min
prob2lts-seq: Initializing regrouping layer
prob2lts-seq: Regroup specification: sc,tg,vacm,mm
prob2lts-seq: Regroup Select Combined matrix
prob2lts-seq: Regroup Total graph
prob2lts-seq: Regroup ViennaCL's Advanced Cuthill McKee
prob2lts-seq: bandwidth: 54
prob2lts-seq: profile: 4508
prob2lts-seq: span: 6446
prob2lts-seq: average wavefront: 34.198
prob2lts-seq: RMS wavefront: 37.083
prob2lts-seq: Regroup Matrix Metrics
prob2lts-seq: Regrouping: 22->22 groups
prob2lts-seq: Regrouping took 0.000 real 0.000 user 0.000 sys
Event Span: 99
Normalized Event Span: 0.562
Weighted Event Span, moment 1 (WES^1): 178
Normalized Weighted Event Span, moment 1: 1.01
Exit [0]
0.00 user, 0.00 system, 0.10 elapsed -- Max VSize = 4196KB, Max RSS = 88KB
command-614: line 10: 17053 Killed                  probcli spec/B/obsw_M001_eventb.mch -ltsmin2 /tmp/ltsmin-614.probz
