statistics run
prom2lts-seq spec/Promela/bopdp.3.prom.spins -rsc,bg,vgps,mm --regroup-exit --graph-metrics
ctit010
prom2lts-seq: Precompiled SpinS module initialized
prom2lts-seq: Loading model from spec/Promela/bopdp.3.prom.spins
prom2lts-seq: Initializing regrouping layer
prom2lts-seq: Regroup specification: sc,bg,vgps,mm
prom2lts-seq: Regroup Select Combined matrix
prom2lts-seq: Regroup Bipartite Graph
prom2lts-seq: Regroup ViennaCL's Gibbs Poole Stockmeyer
prom2lts-seq: bandwidth: 52
prom2lts-seq: profile: 3110
prom2lts-seq: span: 4185
prom2lts-seq: average wavefront: 20.544
prom2lts-seq: RMS wavefront: 25.292
prom2lts-seq: Regroup Matrix Metrics
prom2lts-seq: Regrouping: 80->80 groups
prom2lts-seq: Regrouping took 0.000 real 0.000 user 0.000 sys
Event Span: 618
Normalized Event Span: 0.2272
Weighted Event Span, moment 1 (WES^1): 712.2
Normalized Weighted Event Span, moment 1: 0.2618
Exit [0]
0.01 user, 0.00 system, 0.10 elapsed -- Max VSize = 4196KB, Max RSS = 88KB
