statistics run
dve2lts-seq spec/DVE/elevator.1.dve -rsc,bn,mm --regroup-exit --graph-metrics
ctit004
dve2lts-seq: Precompiled divine module initialized
dve2lts-seq: Loading model from spec/DVE/elevator.1.dve
dve2lts-seq: Initializing regrouping layer
dve2lts-seq: Regroup specification: sc,bn,mm
dve2lts-seq: Regroup Select Combined matrix
dve2lts-seq: Regroup Boost's None
dve2lts-seq: bandwidth: 64
dve2lts-seq: profile: 3020
dve2lts-seq: span: 1168
dve2lts-seq: average wavefront: 20.54
dve2lts-seq: RMS wavefront: 22.32
dve2lts-seq: Regroup Matrix Metrics
dve2lts-seq: Regrouping: 38->38 groups
dve2lts-seq: Regrouping took 0.000 real 0.000 user 0.000 sys
Event Span: 578
Normalized Event Span: 0.5634
Weighted Event Span, moment 1 (WES^1): 807
Normalized Weighted Event Span, moment 1: 0.7865
Exit [0]
0.61 user, 0.06 system, 0.70 elapsed -- Max VSize = 38240KB, Max RSS = 4748KB
