statistics run
dve2lts-seq spec/DVE/rushhour.2.dve -rsc,bg,bk,mm --regroup-exit --graph-metrics
ctit010
dve2lts-seq: Precompiled divine module initialized
dve2lts-seq: Loading model from spec/DVE/rushhour.2.dve
dve2lts-seq: Initializing regrouping layer
dve2lts-seq: Regroup specification: sc,bg,bk,mm
dve2lts-seq: Regroup Select Combined matrix
dve2lts-seq: Regroup Bipartite Graph
dve2lts-seq: Regroup Boost's King
dve2lts-seq: bandwidth: 50
dve2lts-seq: profile: 2807
dve2lts-seq: span: 3182
dve2lts-seq: average wavefront: 19.46
dve2lts-seq: RMS wavefront: 24.26
dve2lts-seq: Regroup Matrix Metrics
dve2lts-seq: Regrouping: 17->17 groups
dve2lts-seq: Regrouping took 0.000 real 0.000 user 0.000 sys
Event Span: 824
Normalized Event Span: 0.7128
Weighted Event Span, moment 1 (WES^1): 1343
Normalized Weighted Event Span, moment 1: 1.162
Exit [0]
0.62 user, 0.07 system, 0.80 elapsed -- Max VSize = 38240KB, Max RSS = 4748KB
