statistics run
dve2lts-seq spec/DVE/sokoban.2.dve -rsc,bg,vcm,mm --regroup-exit --graph-metrics
ctit012
dve2lts-seq: Precompiled divine module initialized
dve2lts-seq: Loading model from spec/DVE/sokoban.2.dve
dve2lts-seq: Initializing regrouping layer
dve2lts-seq: Regroup specification: sc,bg,vcm,mm
dve2lts-seq: Regroup Select Combined matrix
dve2lts-seq: Regroup Bipartite Graph
dve2lts-seq: Regroup ViennaCL's Cuthill McKee
dve2lts-seq: bandwidth: 64
dve2lts-seq: profile: 2693
dve2lts-seq: span: 1151
dve2lts-seq: average wavefront: 30.64
dve2lts-seq: RMS wavefront: 36.03
dve2lts-seq: Regroup Matrix Metrics
dve2lts-seq: Regrouping: 9->9 groups
dve2lts-seq: Regrouping took 0.000 real 0.000 user 0.000 sys
Event Span: 519
Normalized Event Span: 0.901
Weighted Event Span, moment 1 (WES^1): 1.04e+03
Normalized Weighted Event Span, moment 1: 1.8
Exit [0]
0.34 user, 0.05 system, 0.40 elapsed -- Max VSize = 38240KB, Max RSS = 4744KB
