statistics run
dve2lts-seq spec/DVE/extinction.4.dve -rsc,bg,vcm,mm --regroup-exit --graph-metrics
ctit017
dve2lts-seq: Precompiled divine module initialized
dve2lts-seq: Loading model from spec/DVE/extinction.4.dve
dve2lts-seq: Initializing regrouping layer
dve2lts-seq: Regroup specification: sc,bg,vcm,mm
dve2lts-seq: Regroup Select Combined matrix
dve2lts-seq: Regroup Bipartite Graph
dve2lts-seq: Regroup ViennaCL's Cuthill McKee
dve2lts-seq: bandwidth: 57
dve2lts-seq: profile: 6317
dve2lts-seq: span: 7734
dve2lts-seq: average wavefront: 32.077
dve2lts-seq: RMS wavefront: 34.438
dve2lts-seq: Regroup Matrix Metrics
dve2lts-seq: Regrouping: 120->120 groups
dve2lts-seq: Regrouping took 0.000 real 0.000 user 0.000 sys
Event Span: 1695
Normalized Event Span: 0.2883
Weighted Event Span, moment 1 (WES^1): 2305
Normalized Weighted Event Span, moment 1: 0.3921
Exit [0]
1.64 user, 0.12 system, 1.80 elapsed -- Max VSize = 38240KB, Max RSS = 4748KB
