statistics run
prom2lts-seq spec/Promela/dekker.pml.spins -rsc,bg,bk,mm --regroup-exit --graph-metrics
ctit009
prom2lts-seq: Precompiled SpinS module initialized
prom2lts-seq: Loading model from spec/Promela/dekker.pml.spins
prom2lts-seq: Initializing regrouping layer
prom2lts-seq: Regroup specification: sc,bg,bk,mm
prom2lts-seq: Regroup Select Combined matrix
prom2lts-seq: Regroup Bipartite Graph
prom2lts-seq: Regroup Boost's King
prom2lts-seq: bandwidth: 15
prom2lts-seq: profile: 362
prom2lts-seq: span: 394
prom2lts-seq: average wavefront: 5.861
prom2lts-seq: RMS wavefront: 6.656
prom2lts-seq: Regroup Matrix Metrics
prom2lts-seq: Regrouping: 26->26 groups
prom2lts-seq: Regrouping took 0.000 real 0.000 user 0.000 sys
Event Span: 101
Normalized Event Span: 0.388
Weighted Event Span, moment 1 (WES^1): 114
Normalized Weighted Event Span, moment 1: 0.437
Exit [0]
0.00 user, 0.00 system, 0.10 elapsed -- Max VSize = 4196KB, Max RSS = 84KB
