statistics run
pnml2lts-seq spec/PNML/angiogenesis-10.pnml -rsc,bg,bcm,mm --regroup-exit --graph-metrics
ctit036
pnml2lts-seq: Loading model from spec/PNML/angiogenesis-10.pnml
pnml2lts-seq: Petri net has 39 places, 64 transitions and 185 arcs
pnml2lts-seq: There are 0 safe places
pnml2lts-seq: Petri net spec/PNML/angiogenesis-10.pnml analyzed
pnml2lts-seq: Loading Petri net took 0.000 real 0.000 user 0.000 sys
pnml2lts-seq: Initializing regrouping layer
pnml2lts-seq: Regroup specification: sc,bg,bcm,mm
pnml2lts-seq: Regroup Select Combined matrix
pnml2lts-seq: Regroup Bipartite Graph
pnml2lts-seq: Regroup Boost's Cuthill McKee
pnml2lts-seq: bandwidth: 27
pnml2lts-seq: profile: 1974
pnml2lts-seq: span: 2946
pnml2lts-seq: average wavefront: 14.621
pnml2lts-seq: RMS wavefront: 15.507
pnml2lts-seq: Regroup Matrix Metrics
pnml2lts-seq: Regrouping: 64->64 groups
pnml2lts-seq: Regrouping took 0.000 real 0.000 user 0.000 sys
pnml2lts-seq: max token count: 10
Event Span: 781
Normalized Event Span: 0.3129
Weighted Event Span, moment 1 (WES^1): 998.5
Normalized Weighted Event Span, moment 1: 0.4
Exit [0]
0.01 user, 0.00 system, 0.10 elapsed -- Max VSize = 4192KB, Max RSS = 80KB
