statistics run
pnml2lts-seq spec/PNML/dekker-50.pnml -rsc,bn,mm --noack=1 --regroup-exit --graph-metrics
ctit012
pnml2lts-seq: Loading model from spec/PNML/dekker-50.pnml
pnml2lts-seq: Petri net has 250 places, 2600 transitions and 20100 arcs
pnml2lts-seq: There are 0 safe places
pnml2lts-seq: Petri net spec/PNML/dekker-50.pnml analyzed
pnml2lts-seq: Computing Noack1 order
pnml2lts-seq: Computing Noack1 order took 0.330 real 0.320 user 0.000 sys
pnml2lts-seq: Loading Petri net took 0.500 real 0.460 user 0.030 sys
pnml2lts-seq: Initializing regrouping layer
pnml2lts-seq: Got state vector permutation from language front-end; permuting columns
pnml2lts-seq: Regroup specification: sc,bn,mm
pnml2lts-seq: Regroup Select Combined matrix
pnml2lts-seq: Regroup Boost's None
pnml2lts-seq: bandwidth: 2849
pnml2lts-seq: profile: 4306569
pnml2lts-seq: span: 502454
pnml2lts-seq: average wavefront: 170.7891
pnml2lts-seq: RMS wavefront: 178.3652
pnml2lts-seq: Regroup Matrix Metrics
pnml2lts-seq: Regrouping: 2600->2600 groups
pnml2lts-seq: Regrouping took 0.290 real 0.290 user 0.000 sys
pnml2lts-seq: max token count: 1
Event Span: 242202
Normalized Event Span: 0.372618
Weighted Event Span, moment 1 (WES^1): 382404
Normalized Weighted Event Span, moment 1: 0.588313
Exit [0]
0.76 user, 0.04 system, 0.90 elapsed -- Max VSize = 75688KB, Max RSS = 37208KB
