statistics run
dve2lts-seq spec/DVE/lamport.8.dve -rsc,tg,bs,mm --regroup-exit --graph-metrics
ctit011
dve2lts-seq: Precompiled divine module initialized
dve2lts-seq: Loading model from spec/DVE/lamport.8.dve
dve2lts-seq: Initializing regrouping layer
dve2lts-seq: Regroup specification: sc,tg,bs,mm
dve2lts-seq: Regroup Select Combined matrix
dve2lts-seq: Regroup Total graph
dve2lts-seq: Regroup Boost's Sloan
dve2lts-seq: bandwidth: 262
dve2lts-seq: profile: 20794
dve2lts-seq: span: 22970
dve2lts-seq: average wavefront: 15.445
dve2lts-seq: RMS wavefront: 16.053
dve2lts-seq: Regroup Matrix Metrics
dve2lts-seq: Regrouping: 70->70 groups
dve2lts-seq: Regrouping took 0.010 real 0.010 user 0.000 sys
Event Span: 545
Normalized Event Span: 0.458
Weighted Event Span, moment 1 (WES^1): 797.4
Normalized Weighted Event Span, moment 1: 0.6701
Exit [0]
0.92 user, 0.06 system, 1.00 elapsed -- Max VSize = 38240KB, Max RSS = 4748KB
