statistics run
dve2lts-seq spec/DVE/adding.1.dve -rsc,tg,vacm,mm --regroup-exit --graph-metrics
ctit004
dve2lts-seq: Precompiled divine module initialized
dve2lts-seq: Loading model from spec/DVE/adding.1.dve
dve2lts-seq: Initializing regrouping layer
dve2lts-seq: Regroup specification: sc,tg,vacm,mm
dve2lts-seq: Regroup Select Combined matrix
dve2lts-seq: Regroup Total graph
dve2lts-seq: Regroup ViennaCL's Advanced Cuthill McKee
dve2lts-seq: bandwidth: 7
dve2lts-seq: profile: 198
dve2lts-seq: span: 290
dve2lts-seq: average wavefront: 5.62
dve2lts-seq: RMS wavefront: 5.93
dve2lts-seq: Regroup Matrix Metrics
dve2lts-seq: Regrouping: 6->6 groups
dve2lts-seq: Regrouping took 0.000 real 0.000 user 0.000 sys
Event Span: 18
Normalized Event Span: 0.6
Weighted Event Span, moment 1 (WES^1): 29
Normalized Weighted Event Span, moment 1: 0.96
Exit [0]
0.20 user, 0.05 system, 0.30 elapsed -- Max VSize = 38240KB, Max RSS = 4752KB
