statistics run
pnml2lts-seq spec/PNML/2D8_gradient_50x50_100.pnml -rsc,tg,bs,mm --regroup-exit --graph-metrics
ctit031
pnml2lts-seq: Loading model from spec/PNML/2D8_gradient_50x50_100.pnml
pnml2lts-seq: Petri net has 2500 places, 19404 transitions and 38808 arcs
pnml2lts-seq: There are 0 safe places
pnml2lts-seq: Petri net spec/PNML/2D8_gradient_50x50_100.pnml analyzed
pnml2lts-seq: Loading Petri net took 1.500 real 1.400 user 0.090 sys
pnml2lts-seq: Initializing regrouping layer
pnml2lts-seq: Regroup specification: sc,tg,bs,mm
pnml2lts-seq: Regroup Select Combined matrix
pnml2lts-seq: Regroup Total graph
pnml2lts-seq: Regroup Boost's Sloan
pnml2lts-seq: bandwidth: 3540
pnml2lts-seq: profile: 66243354
pnml2lts-seq: span: 72222634
pnml2lts-seq: average wavefront: 262.4929339
pnml2lts-seq: RMS wavefront: 281.5196307
pnml2lts-seq: Regroup Matrix Metrics
pnml2lts-seq: Regrouping: 19404->19404 groups
pnml2lts-seq: Regrouping took 1075.730 real 1064.970 user 0.700 sys
pnml2lts-seq: max token count: 100
Event Span: 866022
Normalized Event Span: 0.017852443
Weighted Event Span, moment 1 (WES^1): 956514.52
Normalized Weighted Event Span, moment 1: 0.019717883
Exit [0]
1066.38 user, 0.85 system, 1077.34 elapsed -- Max VSize = 320072KB, Max RSS = 281692KB
