statistics run
dve2lts-seq spec/DVE/rushhour.3.dve -rsc,tg,bk,mm --regroup-exit --graph-metrics
ctit014
dve2lts-seq: Precompiled divine module initialized
dve2lts-seq: Loading model from spec/DVE/rushhour.3.dve
dve2lts-seq: Initializing regrouping layer
dve2lts-seq: Regroup specification: sc,tg,bk,mm
dve2lts-seq: Regroup Select Combined matrix
dve2lts-seq: Regroup Total graph
dve2lts-seq: Regroup Boost's King
dve2lts-seq: bandwidth: 1300
dve2lts-seq: profile: 1148795
dve2lts-seq: span: 1198377
dve2lts-seq: average wavefront: 90.93435
dve2lts-seq: RMS wavefront: 96.13657
dve2lts-seq: Regroup Matrix Metrics
dve2lts-seq: Regrouping: 27->27 groups
dve2lts-seq: Regrouping took 0.050 real 0.060 user 0.000 sys
Event Span: 1932
Normalized Event Span: 0.7085
Weighted Event Span, moment 1 (WES^1): 3055
Normalized Weighted Event Span, moment 1: 1.12
Exit [0]
0.88 user, 0.05 system, 1.00 elapsed -- Max VSize = 42672KB, Max RSS = 7200KB
