statistics run
pnml2lts-seq spec/PNML/parking_2_8.pnml -rsc,bg,bs,mm --regroup-exit --graph-metrics
ctit038
pnml2lts-seq: Loading model from spec/PNML/parking_2_8.pnml
pnml2lts-seq: Petri net has 137 places, 201 transitions and 593 arcs
pnml2lts-seq: There are 137 safe places
pnml2lts-seq: Petri net spec/PNML/parking_2_8.pnml analyzed
pnml2lts-seq: Loading Petri net took 0.010 real 0.000 user 0.000 sys
pnml2lts-seq: Initializing regrouping layer
pnml2lts-seq: Regroup specification: sc,bg,bs,mm
pnml2lts-seq: Regroup Select Combined matrix
pnml2lts-seq: Regroup Bipartite Graph
pnml2lts-seq: Regroup Boost's Sloan
pnml2lts-seq: bandwidth: 197
pnml2lts-seq: profile: 14835
pnml2lts-seq: span: 14530
pnml2lts-seq: average wavefront: 16.0503
pnml2lts-seq: RMS wavefront: 17.9533
pnml2lts-seq: Regroup Matrix Metrics
pnml2lts-seq: Regrouping: 201->201 groups
pnml2lts-seq: Regrouping took 0.010 real 0.010 user 0.000 sys
pnml2lts-seq: max token count: 1
Event Span: 3239
Normalized Event Span: 0.11762
Weighted Event Span, moment 1 (WES^1): 4470.6
Normalized Weighted Event Span, moment 1: 0.16235
Exit [0]
0.02 user, 0.00 system, 0.10 elapsed -- Max VSize = 4196KB, Max RSS = 88KB
