statistics run
dve2lts-seq spec/DVE/sorter.4.dve -rsc,bg,vacm,mm --regroup-exit --graph-metrics
ctit008
dve2lts-seq: Precompiled divine module initialized
dve2lts-seq: Loading model from spec/DVE/sorter.4.dve
dve2lts-seq: Initializing regrouping layer
dve2lts-seq: Regroup specification: sc,bg,vacm,mm
dve2lts-seq: Regroup Select Combined matrix
dve2lts-seq: Regroup Bipartite Graph
dve2lts-seq: Regroup ViennaCL's Advanced Cuthill McKee
dve2lts-seq: bandwidth: 60
dve2lts-seq: profile: 4257
dve2lts-seq: span: 4885
dve2lts-seq: average wavefront: 35.43
dve2lts-seq: RMS wavefront: 40.53
dve2lts-seq: Regroup Matrix Metrics
dve2lts-seq: Regrouping: 58->58 groups
dve2lts-seq: Regrouping took 0.000 real 0.000 user 0.000 sys
Event Span: 1049
Normalized Event Span: 0.6956
Weighted Event Span, moment 1 (WES^1): 1940
Normalized Weighted Event Span, moment 1: 1.287
Exit [0]
1.17 user, 0.09 system, 1.30 elapsed -- Max VSize = 38240KB, Max RSS = 4748KB
