statistics run
prom2lts-seq spec/Promela/bridge.2.prom.spins -rsc,bn,mm --regroup-exit --graph-metrics
ctit010
prom2lts-seq: Precompiled SpinS module initialized
prom2lts-seq: Loading model from spec/Promela/bridge.2.prom.spins
prom2lts-seq: Initializing regrouping layer
prom2lts-seq: Regroup specification: sc,bn,mm
prom2lts-seq: Regroup Select Combined matrix
prom2lts-seq: Regroup Boost's None
prom2lts-seq: bandwidth: 99
prom2lts-seq: profile: 5795
prom2lts-seq: span: 2017
prom2lts-seq: average wavefront: 11.471
prom2lts-seq: RMS wavefront: 11.926
prom2lts-seq: Regroup Matrix Metrics
prom2lts-seq: Regrouping: 84->84 groups
prom2lts-seq: Regrouping took 0.000 real 0.000 user 0.000 sys
Event Span: 1066
Normalized Event Span: 0.6345
Weighted Event Span, moment 1 (WES^1): 2102
Normalized Weighted Event Span, moment 1: 1.251
Exit [0]
0.00 user, 0.01 system, 0.10 elapsed -- Max VSize = 4196KB, Max RSS = 88KB
