statistics run
pnml2lts-seq spec/PNML/BridgeAndVehicles-V50-P50-N50-unfolded.pnml -rsc,bn,mm --noack=2 --regroup-exit --graph-metrics
ctit037
pnml2lts-seq: Loading model from spec/PNML/BridgeAndVehicles-V50-P50-N50-unfolded.pnml
pnml2lts-seq: Petri net has 168 places, 5408 transitions and 42330 arcs
pnml2lts-seq: There are 0 safe places
pnml2lts-seq: Petri net spec/PNML/BridgeAndVehicles-V50-P50-N50-unfolded.pnml analyzed
pnml2lts-seq: Computing Noack2 order
pnml2lts-seq: Computing Noack2 order took 0.180 real 0.170 user 0.000 sys
pnml2lts-seq: Loading Petri net took 0.660 real 0.560 user 0.090 sys
pnml2lts-seq: Initializing regrouping layer
pnml2lts-seq: Got state vector permutation from language front-end; permuting columns
pnml2lts-seq: Regroup specification: sc,bn,mm
pnml2lts-seq: Regroup Select Combined matrix
pnml2lts-seq: Regroup Boost's None
pnml2lts-seq: bandwidth: 5575
pnml2lts-seq: profile: 16194348
pnml2lts-seq: span: 1103248
pnml2lts-seq: average wavefront: 163.48763
pnml2lts-seq: RMS wavefront: 165.1273
pnml2lts-seq: Regroup Matrix Metrics
pnml2lts-seq: Regrouping: 5408->5408 groups
pnml2lts-seq: Regrouping took 0.920 real 0.920 user 0.000 sys
pnml2lts-seq: max token count: 50
Event Span: 448443
Normalized Event Span: 0.493584
Weighted Event Span, moment 1 (WES^1): 674720
Normalized Weighted Event Span, moment 1: 0.742638
Exit [0]
1.49 user, 0.12 system, 1.70 elapsed -- Max VSize = 127840KB, Max RSS = 89364KB
