statistics run
dve2lts-seq spec/DVE/resistance.1.dve -rsc,bg,bcm,mm --regroup-exit --graph-metrics
ctit015
dve2lts-seq: Precompiled divine module initialized
dve2lts-seq: Loading model from spec/DVE/resistance.1.dve
dve2lts-seq: Initializing regrouping layer
dve2lts-seq: Regroup specification: sc,bg,bcm,mm
dve2lts-seq: Regroup Select Combined matrix
dve2lts-seq: Regroup Bipartite Graph
dve2lts-seq: Regroup Boost's Cuthill McKee
dve2lts-seq: bandwidth: 11
dve2lts-seq: profile: 250
dve2lts-seq: span: 241
dve2lts-seq: average wavefront: 4.061
dve2lts-seq: RMS wavefront: 4.452
dve2lts-seq: Regroup Matrix Metrics
dve2lts-seq: Regrouping: 26->26 groups
dve2lts-seq: Regrouping took 0.000 real 0.000 user 0.000 sys
Event Span: 58
Normalized Event Span: 0.319
Weighted Event Span, moment 1 (WES^1): 71.4
Normalized Weighted Event Span, moment 1: 0.392
Exit [0]
0.31 user, 0.05 system, 0.40 elapsed -- Max VSize = 38240KB, Max RSS = 4680KB
