statistics run
lps2lts-seq --mcrl2-rewriter=jitty spec/mCRL2/abp_bw.mcrl2.suminst.lps -rsc,bg,vacm,mm --regroup-exit --graph-metrics
ctit001
lps2lts-seq: mCRL2 language module initialized
lps2lts-seq: Loading model from spec/mCRL2/abp_bw.mcrl2.suminst.lps
lps2lts-seq: mCRL2 rewriter: jitty
lps2lts-seq: Initializing regrouping layer
lps2lts-seq: Regroup specification: sc,bg,vacm,mm
lps2lts-seq: Regroup Select Combined matrix
lps2lts-seq: Regroup Bipartite Graph
lps2lts-seq: Regroup ViennaCL's Advanced Cuthill McKee
lps2lts-seq: bandwidth: 16
lps2lts-seq: profile: 538
lps2lts-seq: span: 669
lps2lts-seq: average wavefront: 9.952
lps2lts-seq: RMS wavefront: 11
lps2lts-seq: Regroup Matrix Metrics
lps2lts-seq: Regrouping: 33->33 groups
lps2lts-seq: Regrouping took 0.010 real 0.000 user 0.000 sys
Event Span: 136
Normalized Event Span: 0.458
Weighted Event Span, moment 1 (WES^1): 215
Normalized Weighted Event Span, moment 1: 0.723
Exit [0]
0.01 user, 0.02 system, 0.10 elapsed -- Max VSize = 4192KB, Max RSS = 80KB
