statistics run
lps2lts-seq --mcrl2-rewriter=jitty spec/mCRL2/onebit.mcrl2.suminst.lps -rsc,tg,bk,mm --regroup-exit --graph-metrics
ctit004
lps2lts-seq: mCRL2 language module initialized
lps2lts-seq: Loading model from spec/mCRL2/onebit.mcrl2.suminst.lps
lps2lts-seq: mCRL2 rewriter: jitty
lps2lts-seq: Initializing regrouping layer
lps2lts-seq: Regroup specification: sc,tg,bk,mm
lps2lts-seq: Regroup Select Combined matrix
lps2lts-seq: Regroup Total graph
lps2lts-seq: Regroup Boost's King
lps2lts-seq: bandwidth: 126
lps2lts-seq: profile: 20893
lps2lts-seq: span: 26530
lps2lts-seq: average wavefront: 38.98
lps2lts-seq: RMS wavefront: 44.972
lps2lts-seq: Regroup Matrix Metrics
lps2lts-seq: Regrouping: 38->38 groups
lps2lts-seq: Regrouping took 0.000 real 0.000 user 0.000 sys
Event Span: 294
Normalized Event Span: 0.43
Weighted Event Span, moment 1 (WES^1): 441
Normalized Weighted Event Span, moment 1: 0.645
Exit [0]
0.02 user, 0.01 system, 0.10 elapsed -- Max VSize = 4196KB, Max RSS = 88KB
