statistics run
prob2lts-seq --zocket-prefix=/tmp/ltsmin-70- --no-close spec/B/Counter.mch -rsc,bn,mm --regroup-exit --graph-metrics
ctit009
prob2lts-seq: ProB module initialized
prob2lts-seq: Loading model from /tmp/ltsmin-70.probz
prob2lts-seq: ProB init
prob2lts-seq: connecting to zocket ipc:///tmp/ltsmin-70.probz

Starting LTSMin Server...
pl_init_for_lts_min
prob2lts-seq: Initializing regrouping layer
prob2lts-seq: Regroup specification: sc,bn,mm
prob2lts-seq: Regroup Select Combined matrix
prob2lts-seq: Regroup Boost's None
prob2lts-seq: bandwidth: 5
prob2lts-seq: profile: 30
prob2lts-seq: span: 18
prob2lts-seq: average wavefront: 3
prob2lts-seq: RMS wavefront: 3.2
prob2lts-seq: Regroup Matrix Metrics
prob2lts-seq: Regrouping: 3->3 groups
prob2lts-seq: Regrouping took 0.000 real 0.000 user 0.000 sys
Event Span: 9
Normalized Event Span: 1
Weighted Event Span, moment 1 (WES^1): 2e+01
Normalized Weighted Event Span, moment 1: 2
Exit [0]
0.00 user, 0.01 system, 0.10 elapsed -- Max VSize = 4192KB, Max RSS = 80KB
command-70: line 10: 46614 Killed                  probcli spec/B/Counter.mch -ltsmin2 /tmp/ltsmin-70.probz
