statistics run
lps2lts-seq --mcrl2-rewriter=jitty spec/mCRL2/abp.mcrl2.suminst.lps -rsc,tg,bcm,mm --regroup-exit --graph-metrics
ctit010
lps2lts-seq: mCRL2 language module initialized
lps2lts-seq: Loading model from spec/mCRL2/abp.mcrl2.suminst.lps
lps2lts-seq: mCRL2 rewriter: jitty
lps2lts-seq: Initializing regrouping layer
lps2lts-seq: Regroup specification: sc,tg,bcm,mm
lps2lts-seq: Regroup Select Combined matrix
lps2lts-seq: Regroup Total graph
lps2lts-seq: Regroup Boost's Cuthill McKee
lps2lts-seq: bandwidth: 30
lps2lts-seq: profile: 1835
lps2lts-seq: span: 2583
lps2lts-seq: average wavefront: 13.08
lps2lts-seq: RMS wavefront: 14.1
lps2lts-seq: Regroup Matrix Metrics
lps2lts-seq: Regrouping: 16->16 groups
lps2lts-seq: Regrouping took 0.000 real 0.000 user 0.000 sys
Event Span: 76
Normalized Event Span: 0.432
Weighted Event Span, moment 1 (WES^1): 116
Normalized Weighted Event Span, moment 1: 0.658
Exit [0]
0.02 user, 0.00 system, 0.10 elapsed -- Max VSize = 4196KB, Max RSS = 88KB
