statistics run
dve2lts-seq spec/DVE/driving_phils.3.dve -rsc,bg,vgps,mm --regroup-exit --graph-metrics
ctit041
dve2lts-seq: Precompiled divine module initialized
dve2lts-seq: Loading model from spec/DVE/driving_phils.3.dve
dve2lts-seq: Initializing regrouping layer
dve2lts-seq: Regroup specification: sc,bg,vgps,mm
dve2lts-seq: Regroup Select Combined matrix
dve2lts-seq: Regroup Bipartite Graph
dve2lts-seq: Regroup ViennaCL's Gibbs Poole Stockmeyer
dve2lts-seq: bandwidth: 30
dve2lts-seq: profile: 1594
dve2lts-seq: span: 1991
dve2lts-seq: average wavefront: 14.07
dve2lts-seq: RMS wavefront: 14.95
dve2lts-seq: Regroup Matrix Metrics
dve2lts-seq: Regrouping: 48->48 groups
dve2lts-seq: Regrouping took 0.000 real 0.000 user 0.000 sys
Event Span: 588
Normalized Event Span: 0.4375
Weighted Event Span, moment 1 (WES^1): 955.1
Normalized Weighted Event Span, moment 1: 0.7107
Exit [0]
1.10 user, 0.06 system, 1.20 elapsed -- Max VSize = 38240KB, Max RSS = 4748KB
