statistics run
pnml2lts-seq spec/PNML/simple_lbs-5.pnml -rsc,tg,bs,mm --regroup-exit --graph-metrics
ctit010
pnml2lts-seq: Loading model from spec/PNML/simple_lbs-5.pnml
pnml2lts-seq: Petri net has 59 places, 180 transitions and 1158 arcs
pnml2lts-seq: There are 0 safe places
pnml2lts-seq: Petri net spec/PNML/simple_lbs-5.pnml analyzed
pnml2lts-seq: Loading Petri net took 0.010 real 0.010 user 0.000 sys
pnml2lts-seq: Initializing regrouping layer
pnml2lts-seq: Regroup specification: sc,tg,bs,mm
pnml2lts-seq: Regroup Select Combined matrix
pnml2lts-seq: Regroup Total graph
pnml2lts-seq: Regroup Boost's Sloan
pnml2lts-seq: bandwidth: 1245
pnml2lts-seq: profile: 614299
pnml2lts-seq: span: 662526
pnml2lts-seq: average wavefront: 75.625
pnml2lts-seq: RMS wavefront: 79.40244
pnml2lts-seq: Regroup Matrix Metrics
pnml2lts-seq: Regrouping: 180->180 groups
pnml2lts-seq: Regrouping took 0.170 real 0.160 user 0.000 sys
pnml2lts-seq: max token count: 1
Event Span: 4938
Normalized Event Span: 0.46497
Weighted Event Span, moment 1 (WES^1): 6362.2
Normalized Weighted Event Span, moment 1: 0.59908
Exit [0]
0.18 user, 0.01 system, 0.20 elapsed -- Max VSize = 46492KB, Max RSS = 8240KB
