statistics run
dve2lts-seq spec/DVE/exit.5.dve -rsc,tg,bs,mm --regroup-exit --graph-metrics
ctit018
dve2lts-seq: Precompiled divine module initialized
dve2lts-seq: Loading model from spec/DVE/exit.5.dve
dve2lts-seq: Initializing regrouping layer
dve2lts-seq: Regroup specification: sc,tg,bs,mm
dve2lts-seq: Regroup Select Combined matrix
dve2lts-seq: Regroup Total graph
dve2lts-seq: Regroup Boost's Sloan
dve2lts-seq: bandwidth: 575
dve2lts-seq: profile: 122270
dve2lts-seq: span: 132546
dve2lts-seq: average wavefront: 40.2972
dve2lts-seq: RMS wavefront: 42.4433
dve2lts-seq: Regroup Matrix Metrics
dve2lts-seq: Regrouping: 133->133 groups
dve2lts-seq: Regrouping took 0.030 real 0.030 user 0.000 sys
Event Span: 1763
Normalized Event Span: 0.4419
Weighted Event Span, moment 1 (WES^1): 3021
Normalized Weighted Event Span, moment 1: 0.7571
Exit [0]
2.78 user, 0.08 system, 2.90 elapsed -- Max VSize = 38240KB, Max RSS = 4748KB
