statistics run
dve2lts-seq spec/DVE/bridge.2.dve -rsc,bg,bk,mm --regroup-exit --graph-metrics
ctit008
dve2lts-seq: Precompiled divine module initialized
dve2lts-seq: Loading model from spec/DVE/bridge.2.dve
dve2lts-seq: Initializing regrouping layer
dve2lts-seq: Regroup specification: sc,bg,bk,mm
dve2lts-seq: Regroup Select Combined matrix
dve2lts-seq: Regroup Bipartite Graph
dve2lts-seq: Regroup Boost's King
dve2lts-seq: bandwidth: 55
dve2lts-seq: profile: 2869
dve2lts-seq: span: 3749
dve2lts-seq: average wavefront: 25.7
dve2lts-seq: RMS wavefront: 30.12
dve2lts-seq: Regroup Matrix Metrics
dve2lts-seq: Regrouping: 61->61 groups
dve2lts-seq: Regrouping took 0.000 real 0.000 user 0.000 sys
Event Span: 487
Normalized Event Span: 0.665
Weighted Event Span, moment 1 (WES^1): 788
Normalized Weighted Event Span, moment 1: 1.08
Exit [0]
0.86 user, 0.05 system, 1.00 elapsed -- Max VSize = 38240KB, Max RSS = 4748KB
