statistics run
dve2lts-seq spec/DVE/extinction.3.dve -rsc,bg,vacm,mm --regroup-exit --graph-metrics
ctit040
dve2lts-seq: Precompiled divine module initialized
dve2lts-seq: Loading model from spec/DVE/extinction.3.dve
dve2lts-seq: Initializing regrouping layer
dve2lts-seq: Regroup specification: sc,bg,vacm,mm
dve2lts-seq: Regroup Select Combined matrix
dve2lts-seq: Regroup Bipartite Graph
dve2lts-seq: Regroup ViennaCL's Advanced Cuthill McKee
dve2lts-seq: bandwidth: 56
dve2lts-seq: profile: 5670
dve2lts-seq: span: 6843
dve2lts-seq: average wavefront: 30.652
dve2lts-seq: RMS wavefront: 32.754
dve2lts-seq: Regroup Matrix Metrics
dve2lts-seq: Regrouping: 112->112 groups
dve2lts-seq: Regrouping took 0.010 real 0.000 user 0.000 sys
Event Span: 1532
Normalized Event Span: 0.2792
Weighted Event Span, moment 1 (WES^1): 2148
Normalized Weighted Event Span, moment 1: 0.3913
Exit [0]
2.04 user, 0.09 system, 2.43 elapsed -- Max VSize = 38240KB, Max RSS = 4748KB
