statistics run
dve2lts-seq spec/DVE/resistance.1.dve -rsc,tg,vgps,mm --regroup-exit --graph-metrics
ctit016
dve2lts-seq: Precompiled divine module initialized
dve2lts-seq: Loading model from spec/DVE/resistance.1.dve
dve2lts-seq: Initializing regrouping layer
dve2lts-seq: Regroup specification: sc,tg,vgps,mm
dve2lts-seq: Regroup Select Combined matrix
dve2lts-seq: Regroup Total graph
dve2lts-seq: Regroup ViennaCL's Gibbs Poole Stockmeyer
dve2lts-seq: bandwidth: 25
dve2lts-seq: profile: 1420
dve2lts-seq: span: 1947
dve2lts-seq: average wavefront: 12.55
dve2lts-seq: RMS wavefront: 14.21
dve2lts-seq: Regroup Matrix Metrics
dve2lts-seq: Regrouping: 26->26 groups
dve2lts-seq: Regrouping took 0.000 real 0.000 user 0.000 sys
Event Span: 61
Normalized Event Span: 0.335
Weighted Event Span, moment 1 (WES^1): 76.6
Normalized Weighted Event Span, moment 1: 0.421
Exit [0]
0.27 user, 0.04 system, 0.40 elapsed -- Max VSize = 38240KB, Max RSS = 4744KB
