statistics run
lps2lts-seq --mcrl2-rewriter=jitty spec/mCRL2/wafer_stepper.mcrl2.suminst.lps -rsc,tg,bs,mm --regroup-exit --graph-metrics
ctit043
lps2lts-seq: mCRL2 language module initialized
lps2lts-seq: Loading model from spec/mCRL2/wafer_stepper.mcrl2.suminst.lps
lps2lts-seq: mCRL2 rewriter: jitty
lps2lts-seq: Initializing regrouping layer
lps2lts-seq: Regroup specification: sc,tg,bs,mm
lps2lts-seq: Regroup Select Combined matrix
lps2lts-seq: Regroup Total graph
lps2lts-seq: Regroup Boost's Sloan
lps2lts-seq: bandwidth: 74
lps2lts-seq: profile: 6306
lps2lts-seq: span: 8397
lps2lts-seq: average wavefront: 16.853
lps2lts-seq: RMS wavefront: 18.204
lps2lts-seq: Regroup Matrix Metrics
lps2lts-seq: Regrouping: 26->26 groups
lps2lts-seq: Regrouping took 0.010 real 0.010 user 0.000 sys
Event Span: 204
Normalized Event Span: 0.327
Weighted Event Span, moment 1 (WES^1): 303
Normalized Weighted Event Span, moment 1: 0.485
Exit [0]
0.02 user, 0.01 system, 0.10 elapsed -- Max VSize = 4196KB, Max RSS = 88KB
