statistics run
pnml2lts-seq spec/PNML/dekker-20.pnml -rsc,bg,bk,mm --regroup-exit --graph-metrics
ctit011
pnml2lts-seq: Loading model from spec/PNML/dekker-20.pnml
pnml2lts-seq: Petri net has 100 places, 440 transitions and 3240 arcs
pnml2lts-seq: There are 0 safe places
pnml2lts-seq: Petri net spec/PNML/dekker-20.pnml analyzed
pnml2lts-seq: Loading Petri net took 0.030 real 0.020 user 0.000 sys
pnml2lts-seq: Initializing regrouping layer
pnml2lts-seq: Regroup specification: sc,bg,bk,mm
pnml2lts-seq: Regroup Select Combined matrix
pnml2lts-seq: Regroup Bipartite Graph
pnml2lts-seq: Regroup Boost's King
pnml2lts-seq: bandwidth: 456
pnml2lts-seq: profile: 140609
pnml2lts-seq: span: 74155
pnml2lts-seq: average wavefront: 63.7204
pnml2lts-seq: RMS wavefront: 68.3928
pnml2lts-seq: Regroup Matrix Metrics
pnml2lts-seq: Regrouping: 440->440 groups
pnml2lts-seq: Regrouping took 0.020 real 0.020 user 0.000 sys
pnml2lts-seq: max token count: 1
Event Span: 33803
Normalized Event Span: 0.76825
Weighted Event Span, moment 1 (WES^1): 60711
Normalized Weighted Event Span, moment 1: 1.3798
Exit [0]
0.05 user, 0.01 system, 0.10 elapsed -- Max VSize = 4196KB, Max RSS = 88KB
