statistics run
dve2lts-seq spec/DVE/firewire_link.4.dve -rsc,bg,vacm,mm --regroup-exit --graph-metrics
ctit041
dve2lts-seq: Precompiled divine module initialized
dve2lts-seq: Loading model from spec/DVE/firewire_link.4.dve
dve2lts-seq: Initializing regrouping layer
dve2lts-seq: Regroup specification: sc,bg,vacm,mm
dve2lts-seq: Regroup Select Combined matrix
dve2lts-seq: Regroup Bipartite Graph
dve2lts-seq: Regroup ViennaCL's Advanced Cuthill McKee
dve2lts-seq: bandwidth: 330
dve2lts-seq: profile: 111490
dve2lts-seq: span: 144058
dve2lts-seq: average wavefront: 124.465
dve2lts-seq: RMS wavefront: 154.008
dve2lts-seq: Regroup Matrix Metrics
dve2lts-seq: Regrouping: 608->608 groups
dve2lts-seq: Regrouping took 0.040 real 0.030 user 0.000 sys
Event Span: 8207
Normalized Event Span: 0.28122
Weighted Event Span, moment 1 (WES^1): 12445
Normalized Weighted Event Span, moment 1: 0.42644
Exit [0]
12.67 user, 0.64 system, 13.41 elapsed -- Max VSize = 38240KB, Max RSS = 4748KB
