statistics run
pnml2lts-seq spec/PNML/RAS-R-15.pnml -rsc,bg,vcm,mm --regroup-exit --graph-metrics
ctit012
pnml2lts-seq: Loading model from spec/PNML/RAS-R-15.pnml
pnml2lts-seq: Petri net has 60 places, 32 transitions and 150 arcs
pnml2lts-seq: There are 0 safe places
pnml2lts-seq: Petri net spec/PNML/RAS-R-15.pnml analyzed
pnml2lts-seq: Loading Petri net took 0.010 real 0.000 user 0.000 sys
pnml2lts-seq: Initializing regrouping layer
pnml2lts-seq: Regroup specification: sc,bg,vcm,mm
pnml2lts-seq: Regroup Select Combined matrix
pnml2lts-seq: Regroup Bipartite Graph
pnml2lts-seq: Regroup ViennaCL's Cuthill McKee
pnml2lts-seq: bandwidth: 6
pnml2lts-seq: profile: 457
pnml2lts-seq: span: 687
pnml2lts-seq: average wavefront: 4.359
pnml2lts-seq: RMS wavefront: 4.473
pnml2lts-seq: Regroup Matrix Metrics
pnml2lts-seq: Regrouping: 32->32 groups
pnml2lts-seq: Regrouping took 0.000 real 0.000 user 0.000 sys
pnml2lts-seq: max token count: 1
Event Span: 196
Normalized Event Span: 0.1021
Weighted Event Span, moment 1 (WES^1): 221.9
Normalized Weighted Event Span, moment 1: 0.1156
Exit [0]
0.00 user, 0.01 system, 0.10 elapsed -- Max VSize = 4196KB, Max RSS = 88KB
