statistics run
pnml2lts-seq spec/PNML/TokenRing-15-unfolded.pnml -rsc,bg,bcm,mm --regroup-exit --graph-metrics
ctit026
pnml2lts-seq: Loading model from spec/PNML/TokenRing-15-unfolded.pnml
pnml2lts-seq: Petri net has 256 places, 3616 transitions and 14464 arcs
pnml2lts-seq: There are 0 safe places
pnml2lts-seq: Petri net spec/PNML/TokenRing-15-unfolded.pnml analyzed
pnml2lts-seq: Loading Petri net took 0.250 real 0.210 user 0.040 sys
pnml2lts-seq: Initializing regrouping layer
pnml2lts-seq: Regroup specification: sc,bg,bcm,mm
pnml2lts-seq: Regroup Select Combined matrix
pnml2lts-seq: Regroup Bipartite Graph
pnml2lts-seq: Regroup Boost's Cuthill McKee
pnml2lts-seq: bandwidth: 1082
pnml2lts-seq: profile: 1647448
pnml2lts-seq: span: 1814399
pnml2lts-seq: average wavefront: 217.42355
pnml2lts-seq: RMS wavefront: 252.91707
pnml2lts-seq: Regroup Matrix Metrics
pnml2lts-seq: Regrouping: 3616->3616 groups
pnml2lts-seq: Regrouping took 0.560 real 0.550 user 0.000 sys
pnml2lts-seq: max token count: 1
Event Span: 123820
Normalized Event Span: 0.133759
Weighted Event Span, moment 1 (WES^1): 137314
Normalized Weighted Event Span, moment 1: 0.148336
Exit [0]
0.77 user, 0.05 system, 0.90 elapsed -- Max VSize = 81028KB, Max RSS = 42540KB
