statistics run
pnml2lts-seq spec/PNML/TokenRing-15-unfolded.pnml -rsc,f,mm --regroup-exit
ctit043
pnml2lts-seq: Loading model from spec/PNML/TokenRing-15-unfolded.pnml
pnml2lts-seq: Petri net has 256 places, 3616 transitions and 14464 arcs
pnml2lts-seq: There are 0 safe places
pnml2lts-seq: Petri net spec/PNML/TokenRing-15-unfolded.pnml analyzed
pnml2lts-seq: Loading Petri net took 0.240 real 0.190 user 0.040 sys
pnml2lts-seq: Initializing regrouping layer
pnml2lts-seq: Regroup specification: sc,f,mm
pnml2lts-seq: Regroup Select Combined matrix
pnml2lts-seq: Regroup FORCE
pnml2lts-seq: Regroup Matrix Metrics
pnml2lts-seq: Regrouping: 3616->3616 groups
pnml2lts-seq: Regrouping took 0.220 real 0.220 user 0.000 sys
pnml2lts-seq: max token count: 1
Event Span: 122336
Normalized Event Span: 0.132156
Weighted Event Span, moment 1 (WES^1): 133679
Normalized Weighted Event Span, moment 1: 0.14441
Exit [0]
0.41 user, 0.05 system, 0.50 elapsed -- Max VSize = 81024KB, Max RSS = 42536KB
