statistics run
pnml2lts-seq spec/PNML/parking_4_32.pnml -rsc,bg,vacm,mm --regroup-exit --graph-metrics
ctit037
pnml2lts-seq: Loading model from spec/PNML/parking_4_32.pnml
pnml2lts-seq: Petri net has 529 places, 785 transitions and 2329 arcs
pnml2lts-seq: There are 529 safe places
pnml2lts-seq: Petri net spec/PNML/parking_4_32.pnml analyzed
pnml2lts-seq: Loading Petri net took 0.030 real 0.020 user 0.010 sys
pnml2lts-seq: Initializing regrouping layer
pnml2lts-seq: Regroup specification: sc,bg,vacm,mm
pnml2lts-seq: Regroup Select Combined matrix
pnml2lts-seq: Regroup Bipartite Graph
pnml2lts-seq: Regroup ViennaCL's Advanced Cuthill McKee
pnml2lts-seq: bandwidth: 500
pnml2lts-seq: profile: 502265
pnml2lts-seq: span: 561230
pnml2lts-seq: average wavefront: 299.5989
pnml2lts-seq: RMS wavefront: 333.3887
pnml2lts-seq: Regroup Matrix Metrics
pnml2lts-seq: Regrouping: 785->785 groups
pnml2lts-seq: Regrouping took 0.070 real 0.060 user 0.000 sys
pnml2lts-seq: max token count: 1
Event Span: 141074
Normalized Event Span: 0.33972
Weighted Event Span, moment 1 (WES^1): 216091
Normalized Weighted Event Span, moment 1: 0.520368
Exit [0]
0.08 user, 0.02 system, 0.20 elapsed -- Max VSize = 49004KB, Max RSS = 10632KB
