statistics run
dve2lts-seq spec/DVE/peterson.4.dve -rsc,tg,vgps,mm --regroup-exit --graph-metrics
ctit012
dve2lts-seq: Precompiled divine module initialized
dve2lts-seq: Loading model from spec/DVE/peterson.4.dve
dve2lts-seq: Initializing regrouping layer
dve2lts-seq: Regroup specification: sc,tg,vgps,mm
dve2lts-seq: Regroup Select Combined matrix
dve2lts-seq: Regroup Total graph
dve2lts-seq: Regroup ViennaCL's Gibbs Poole Stockmeyer
dve2lts-seq: bandwidth: 71
dve2lts-seq: profile: 6975
dve2lts-seq: span: 9170
dve2lts-seq: average wavefront: 36.024
dve2lts-seq: RMS wavefront: 40.32
dve2lts-seq: Regroup Matrix Metrics
dve2lts-seq: Regrouping: 28->28 groups
dve2lts-seq: Regrouping took 0.000 real 0.000 user 0.000 sys
Event Span: 219
Normalized Event Span: 0.391
Weighted Event Span, moment 1 (WES^1): 336
Normalized Weighted Event Span, moment 1: 0.599
Exit [0]
0.52 user, 0.06 system, 0.60 elapsed -- Max VSize = 38240KB, Max RSS = 4752KB
