statistics run
prob2lts-seq --zocket-prefix=/tmp/ltsmin-336- --no-close spec/B/RushHour_v2_TLC.mch -rsc,bg,bk,mm --regroup-exit --graph-metrics
ctit035
prob2lts-seq: ProB module initialized
prob2lts-seq: Loading model from /tmp/ltsmin-339.probz
prob2lts-seq: ProB init
prob2lts-seq: connecting to zocket ipc:///tmp/ltsmin-339.probz

Starting LTSMin Server...
pl_init_for_lts_min
Event Span: 37
Normalized Event Span: 0.82
Weighted Event Span, moment 1 (WES^1): 74
Normalized Weighted Event Span, moment 1: 1.6
prob2lts-seq: Initializing regrouping layer
prob2lts-seq: Regroup specification: sc,bg,bk,mm
prob2lts-seq: Regroup Select Combined matrix
prob2lts-seq: Regroup Bipartite Graph
prob2lts-seq: Regroup Boost's King
prob2lts-seq: bandwidth: 10
prob2lts-seq: profile: 113
prob2lts-seq: span: 131
prob2lts-seq: average wavefront: 5.14
prob2lts-seq: RMS wavefront: 5.78
prob2lts-seq: Regroup Matrix Metrics
prob2lts-seq: Regrouping: 5->5 groups
prob2lts-seq: Regrouping took 0.000 real 0.000 user 0.000 sys
Exit [0]
0.01 user, 0.00 system, 0.10 elapsed -- Max VSize = 4196KB, Max RSS = 88KB
command-339: line 10: 61005 Killed                  probcli spec/B/RushHour_v2_TLC.mch -ltsmin2 /tmp/ltsmin-339.probz
