statistics run
pnml2lts-seq spec/PNML/IBM319.pnml -rsc,bg,bs,mm --regroup-exit --graph-metrics
ctit032
pnml2lts-seq: Loading model from spec/PNML/IBM319.pnml
pnml2lts-seq: Petri net has 253 places, 178 transitions and 526 arcs
pnml2lts-seq: There are 0 safe places
pnml2lts-seq: Petri net spec/PNML/IBM319.pnml analyzed
pnml2lts-seq: Loading Petri net took 0.010 real 0.000 user 0.010 sys
pnml2lts-seq: Initializing regrouping layer
pnml2lts-seq: Regroup specification: sc,bg,bs,mm
pnml2lts-seq: Regroup Select Combined matrix
pnml2lts-seq: Regroup Bipartite Graph
pnml2lts-seq: Regroup Boost's Sloan
pnml2lts-seq: bandwidth: 66
pnml2lts-seq: profile: 4912
pnml2lts-seq: span: 5279
pnml2lts-seq: average wavefront: 6.80046
pnml2lts-seq: RMS wavefront: 7.7131
pnml2lts-seq: Regroup Matrix Metrics
pnml2lts-seq: Regrouping: 178->178 groups
pnml2lts-seq: Regrouping took 0.010 real 0.010 user 0.000 sys
pnml2lts-seq: max token count: 1
Event Span: 1672
Normalized Event Span: 0.037128
Weighted Event Span, moment 1 (WES^1): 1797.5
Normalized Weighted Event Span, moment 1: 0.039914
Exit [0]
0.02 user, 0.01 system, 0.10 elapsed -- Max VSize = 4196KB, Max RSS = 88KB
