statistics run
pnml2lts-seq spec/PNML/soli0_counter_square5.pnml -rsc,tg,vacm,mm --regroup-exit --graph-metrics
ctit017
pnml2lts-seq: Loading model from spec/PNML/soli0_counter_square5.pnml
pnml2lts-seq: Petri net has 51 places, 84 transitions and 540 arcs
pnml2lts-seq: There are 0 safe places
pnml2lts-seq: Petri net spec/PNML/soli0_counter_square5.pnml analyzed
pnml2lts-seq: Loading Petri net took 0.010 real 0.000 user 0.000 sys
pnml2lts-seq: Initializing regrouping layer
pnml2lts-seq: Regroup specification: sc,tg,vacm,mm
pnml2lts-seq: Regroup Select Combined matrix
pnml2lts-seq: Regroup Total graph
pnml2lts-seq: Regroup ViennaCL's Advanced Cuthill McKee
pnml2lts-seq: bandwidth: 293
pnml2lts-seq: profile: 134248
pnml2lts-seq: span: 185234
pnml2lts-seq: average wavefront: 164.799
pnml2lts-seq: RMS wavefront: 182.17
pnml2lts-seq: Regroup Matrix Metrics
pnml2lts-seq: Regrouping: 84->84 groups
pnml2lts-seq: Regrouping took 0.020 real 0.030 user 0.000 sys
pnml2lts-seq: max token count: 24
Event Span: 2464
Normalized Event Span: 0.5752
Weighted Event Span, moment 1 (WES^1): 4501
Normalized Weighted Event Span, moment 1: 1.051
Exit [0]
0.03 user, 0.00 system, 0.10 elapsed -- Max VSize = 4196KB, Max RSS = 84KB
