statistics run
prob2lts-seq --zocket-prefix=/tmp/ltsmin-14- --no-close spec/B/CAN_BUS.mch -rsc,bg,bk,mm --regroup-exit --graph-metrics
ctit002
prob2lts-seq: ProB module initialized
prob2lts-seq: Loading model from /tmp/ltsmin-17.probz
prob2lts-seq: ProB init
prob2lts-seq: connecting to zocket ipc:///tmp/ltsmin-17.probz

Starting LTSMin Server...
pl_init_for_lts_min
prob2lts-seq: Initializing regrouping layer
prob2lts-seq: Regroup specification: sc,bg,bk,mm
prob2lts-seq: Regroup Select Combined matrix
prob2lts-seq: Regroup Bipartite Graph
prob2lts-seq: Regroup Boost's King
prob2lts-seq: bandwidth: 33
prob2lts-seq: profile: 1047
prob2lts-seq: span: 900
prob2lts-seq: average wavefront: 12.19
prob2lts-seq: RMS wavefront: 13.35
prob2lts-seq: Regroup Matrix Metrics
prob2lts-seq: Regrouping: 22->22 groups
prob2lts-seq: Regrouping took 0.010 real 0.000 user 0.000 sys
Event Span: 239
Normalized Event Span: 0.543
Weighted Event Span, moment 1 (WES^1): 396
Normalized Weighted Event Span, moment 1: 0.9
Exit [0]
0.01 user, 0.00 system, 0.10 elapsed -- Max VSize = 4196KB, Max RSS = 88KB
command-17: line 10: 36420 Killed                  probcli spec/B/CAN_BUS.mch -ltsmin2 /tmp/ltsmin-17.probz
