statistics run
pnml2lts-seq spec/PNML/rwmutex-r1000w10.pnml -rsc,bg,bcm,mm --regroup-exit --graph-metrics
ctit026
pnml2lts-seq: Loading model from spec/PNML/rwmutex-r1000w10.pnml
pnml2lts-seq: Petri net has 3020 places, 2020 transitions and 26040 arcs
pnml2lts-seq: There are 0 safe places
pnml2lts-seq: Petri net spec/PNML/rwmutex-r1000w10.pnml analyzed
pnml2lts-seq: Loading Petri net took 0.340 real 0.300 user 0.030 sys
pnml2lts-seq: Initializing regrouping layer
pnml2lts-seq: Regroup specification: sc,bg,bcm,mm
pnml2lts-seq: Regroup Select Combined matrix
pnml2lts-seq: Regroup Bipartite Graph
pnml2lts-seq: Regroup Boost's Cuthill McKee
pnml2lts-seq: bandwidth: 2016
pnml2lts-seq: profile: 9545737
pnml2lts-seq: span: 9086803
pnml2lts-seq: average wavefront: 1098.0046
pnml2lts-seq: RMS wavefront: 1235.7856
pnml2lts-seq: Regroup Matrix Metrics
pnml2lts-seq: Regrouping: 2020->2020 groups
pnml2lts-seq: Regrouping took 0.780 real 0.770 user 0.000 sys
pnml2lts-seq: max token count: 1
Event Span: 3053190
Normalized Event Span: 0.5004901
Weighted Event Span, moment 1 (WES^1): 4295014
Normalized Weighted Event Span, moment 1: 0.7040544
Exit [0]
1.08 user, 0.04 system, 1.20 elapsed -- Max VSize = 88776KB, Max RSS = 50328KB
