statistics run
dve2lts-seq spec/DVE/krebs.4.dve -rsc,tg,bk,mm --regroup-exit --graph-metrics
ctit009
dve2lts-seq: Precompiled divine module initialized
dve2lts-seq: Loading model from spec/DVE/krebs.4.dve
dve2lts-seq: Initializing regrouping layer
dve2lts-seq: Regroup specification: sc,tg,bk,mm
dve2lts-seq: Regroup Select Combined matrix
dve2lts-seq: Regroup Total graph
dve2lts-seq: Regroup Boost's King
dve2lts-seq: bandwidth: 55
dve2lts-seq: profile: 4644
dve2lts-seq: span: 6499
dve2lts-seq: average wavefront: 21.355
dve2lts-seq: RMS wavefront: 24.275
dve2lts-seq: Regroup Matrix Metrics
dve2lts-seq: Regrouping: 22->22 groups
dve2lts-seq: Regrouping took 0.000 real 0.000 user 0.000 sys
Event Span: 214
Normalized Event Span: 0.486
Weighted Event Span, moment 1 (WES^1): 382
Normalized Weighted Event Span, moment 1: 0.869
Exit [0]
0.45 user, 0.06 system, 0.60 elapsed -- Max VSize = 38240KB, Max RSS = 4748KB
