statistics run
pnml2lts-seq spec/PNML/echo-d5r3.pnml -rsc,bn,mm --noack=1 --regroup-exit --graph-metrics
ctit010
pnml2lts-seq: Loading model from spec/PNML/echo-d5r3.pnml
pnml2lts-seq: Petri net has 3717 places, 3222 transitions and 28404 arcs
pnml2lts-seq: There are 0 safe places
pnml2lts-seq: Petri net spec/PNML/echo-d5r3.pnml analyzed
pnml2lts-seq: Computing Noack1 order
pnml2lts-seq: Computing Noack1 order took 3.380 real 3.380 user 0.000 sys
pnml2lts-seq: Loading Petri net took 3.850 real 3.810 user 0.030 sys
pnml2lts-seq: Initializing regrouping layer
pnml2lts-seq: Got state vector permutation from language front-end; permuting columns
pnml2lts-seq: Regroup specification: sc,bn,mm
pnml2lts-seq: Regroup Select Combined matrix
pnml2lts-seq: Regroup Boost's None
pnml2lts-seq: bandwidth: 6937
pnml2lts-seq: profile: 30558747
pnml2lts-seq: span: 10114778
pnml2lts-seq: average wavefront: 2245.7217
pnml2lts-seq: RMS wavefront: 2529.68
pnml2lts-seq: Regroup Matrix Metrics
pnml2lts-seq: Regrouping: 3222->3222 groups
pnml2lts-seq: Regrouping took 2.830 real 2.800 user 0.020 sys
pnml2lts-seq: max token count: 1
Event Span: 4710887
Normalized Event Span: 0.39335492
Weighted Event Span, moment 1 (WES^1): 6592771.3
Normalized Weighted Event Span, moment 1: 0.55049061
Exit [0]
6.61 user, 0.07 system, 6.81 elapsed -- Max VSize = 115616KB, Max RSS = 77308KB
