statistics run
dve2lts-seq spec/DVE/cyclic_scheduler.4.dve -rsc,bg,bk,mm --regroup-exit --graph-metrics
ctit017
dve2lts-seq: Precompiled divine module initialized
dve2lts-seq: Loading model from spec/DVE/cyclic_scheduler.4.dve
dve2lts-seq: Initializing regrouping layer
dve2lts-seq: Regroup specification: sc,bg,bk,mm
dve2lts-seq: Regroup Select Combined matrix
dve2lts-seq: Regroup Bipartite Graph
dve2lts-seq: Regroup Boost's King
dve2lts-seq: bandwidth: 13
dve2lts-seq: profile: 962
dve2lts-seq: span: 1330
dve2lts-seq: average wavefront: 7.511
dve2lts-seq: RMS wavefront: 7.817
dve2lts-seq: Regroup Matrix Metrics
dve2lts-seq: Regrouping: 54->54 groups
dve2lts-seq: Regrouping took 0.000 real 0.000 user 0.000 sys
Event Span: 368
Normalized Event Span: 0.1893
Weighted Event Span, moment 1 (WES^1): 463.9
Normalized Weighted Event Span, moment 1: 0.2386
Exit [0]
0.67 user, 0.06 system, 0.80 elapsed -- Max VSize = 38240KB, Max RSS = 4748KB
