statistics run
pnml2lts-seq spec/PNML/IBM703.pnml -rsc,tg,bk,mm --regroup-exit --graph-metrics
ctit026
pnml2lts-seq: Loading model from spec/PNML/IBM703.pnml
pnml2lts-seq: Petri net has 262 places, 284 transitions and 572 arcs
pnml2lts-seq: There are 0 safe places
pnml2lts-seq: Petri net spec/PNML/IBM703.pnml analyzed
pnml2lts-seq: Loading Petri net took 0.020 real 0.010 user 0.000 sys
pnml2lts-seq: Initializing regrouping layer
pnml2lts-seq: Regroup specification: sc,tg,bk,mm
pnml2lts-seq: Regroup Select Combined matrix
pnml2lts-seq: Regroup Total graph
pnml2lts-seq: Regroup Boost's King
pnml2lts-seq: bandwidth: 45
pnml2lts-seq: profile: 26949
pnml2lts-seq: span: 47623
pnml2lts-seq: average wavefront: 21.26118
pnml2lts-seq: RMS wavefront: 23.87415
pnml2lts-seq: Regroup Matrix Metrics
pnml2lts-seq: Regrouping: 284->284 groups
pnml2lts-seq: Regrouping took 0.030 real 0.040 user 0.000 sys
pnml2lts-seq: max token count: 1
Event Span: 3005
Normalized Event Span: 0.040385
Weighted Event Span, moment 1 (WES^1): 3586
Normalized Weighted Event Span, moment 1: 0.048194
Exit [0]
0.05 user, 0.00 system, 0.10 elapsed -- Max VSize = 4196KB, Max RSS = 88KB
