statistics run
dve2lts-seq spec/DVE/iprotocol.5.dve -rsc,bg,vacm,mm --regroup-exit --graph-metrics
ctit012
dve2lts-seq: Precompiled divine module initialized
dve2lts-seq: Loading model from spec/DVE/iprotocol.5.dve
dve2lts-seq: Initializing regrouping layer
dve2lts-seq: Regroup specification: sc,bg,vacm,mm
dve2lts-seq: Regroup Select Combined matrix
dve2lts-seq: Regroup Bipartite Graph
dve2lts-seq: Regroup ViennaCL's Advanced Cuthill McKee
dve2lts-seq: bandwidth: 24
dve2lts-seq: profile: 1046
dve2lts-seq: span: 1204
dve2lts-seq: average wavefront: 12.21
dve2lts-seq: RMS wavefront: 13.69
dve2lts-seq: Regroup Matrix Metrics
dve2lts-seq: Regrouping: 35->35 groups
dve2lts-seq: Regrouping took 0.000 real 0.000 user 0.000 sys
Event Span: 315
Normalized Event Span: 0.2432
Weighted Event Span, moment 1 (WES^1): 501.2
Normalized Weighted Event Span, moment 1: 0.3871
Exit [0]
0.69 user, 0.04 system, 0.80 elapsed -- Max VSize = 38240KB, Max RSS = 4748KB
