statistics run
dve2lts-seq spec/DVE/msmie.2.dve -rsc,bg,vacm,mm --regroup-exit --graph-metrics
ctit011
dve2lts-seq: Precompiled divine module initialized
dve2lts-seq: Loading model from spec/DVE/msmie.2.dve
dve2lts-seq: Initializing regrouping layer
dve2lts-seq: Regroup specification: sc,bg,vacm,mm
dve2lts-seq: Regroup Select Combined matrix
dve2lts-seq: Regroup Bipartite Graph
dve2lts-seq: Regroup ViennaCL's Advanced Cuthill McKee
dve2lts-seq: bandwidth: 126
dve2lts-seq: profile: 13406
dve2lts-seq: span: 9684
dve2lts-seq: average wavefront: 58.23
dve2lts-seq: RMS wavefront: 68.275
dve2lts-seq: Regroup Matrix Metrics
dve2lts-seq: Regrouping: 173->173 groups
dve2lts-seq: Regrouping took 0.000 real 0.000 user 0.000 sys
Event Span: 1732
Normalized Event Span: 0.5562
Weighted Event Span, moment 1 (WES^1): 3047
Normalized Weighted Event Span, moment 1: 0.9784
Exit [0]
2.38 user, 0.13 system, 2.60 elapsed -- Max VSize = 38240KB, Max RSS = 4748KB
