statistics run
dve2lts-seq spec/DVE/extinction.1.dve -rsc,tg,bs,mm --regroup-exit --graph-metrics
ctit039
dve2lts-seq: Precompiled divine module initialized
dve2lts-seq: Loading model from spec/DVE/extinction.1.dve
dve2lts-seq: Initializing regrouping layer
dve2lts-seq: Regroup specification: sc,tg,bs,mm
dve2lts-seq: Regroup Select Combined matrix
dve2lts-seq: Regroup Total graph
dve2lts-seq: Regroup Boost's Sloan
dve2lts-seq: bandwidth: 357
dve2lts-seq: profile: 35161
dve2lts-seq: span: 42792
dve2lts-seq: average wavefront: 26.7962
dve2lts-seq: RMS wavefront: 28.8739
dve2lts-seq: Regroup Matrix Metrics
dve2lts-seq: Regrouping: 79->79 groups
dve2lts-seq: Regrouping took 0.030 real 0.020 user 0.000 sys
Event Span: 720
Normalized Event Span: 0.2278
Weighted Event Span, moment 1 (WES^1): 979.2
Normalized Weighted Event Span, moment 1: 0.3099
Exit [0]
1.41 user, 0.05 system, 1.60 elapsed -- Max VSize = 41620KB, Max RSS = 6388KB
