statistics run
pnml2lts-seq spec/PNML/RAS-C-10.pnml -rsc,tg,vgps,mm --regroup-exit --graph-metrics
ctit011
pnml2lts-seq: Loading model from spec/PNML/RAS-C-10.pnml
pnml2lts-seq: Petri net has 60 places, 40 transitions and 174 arcs
pnml2lts-seq: There are 0 safe places
pnml2lts-seq: Petri net spec/PNML/RAS-C-10.pnml analyzed
pnml2lts-seq: Loading Petri net took 0.000 real 0.000 user 0.000 sys
pnml2lts-seq: Initializing regrouping layer
pnml2lts-seq: Regroup specification: sc,tg,vgps,mm
pnml2lts-seq: Regroup Select Combined matrix
pnml2lts-seq: Regroup Total graph
pnml2lts-seq: Regroup ViennaCL's Gibbs Poole Stockmeyer
pnml2lts-seq: bandwidth: 19
pnml2lts-seq: profile: 3567
pnml2lts-seq: span: 5604
pnml2lts-seq: average wavefront: 9.7956
pnml2lts-seq: RMS wavefront: 9.9631
pnml2lts-seq: Regroup Matrix Metrics
pnml2lts-seq: Regrouping: 40->40 groups
pnml2lts-seq: Regrouping took 0.010 real 0.010 user 0.000 sys
pnml2lts-seq: max token count: 1
Event Span: 290
Normalized Event Span: 0.1208
Weighted Event Span, moment 1 (WES^1): 320.1
Normalized Weighted Event Span, moment 1: 0.1334
Exit [0]
0.01 user, 0.01 system, 0.10 elapsed -- Max VSize = 4196KB, Max RSS = 88KB
