statistics run
dve2lts-seq spec/DVE/cyclic_scheduler.3.dve -rsc,bg,bs,mm --regroup-exit --graph-metrics
ctit006
dve2lts-seq: Precompiled divine module initialized
dve2lts-seq: Loading model from spec/DVE/cyclic_scheduler.3.dve
dve2lts-seq: Initializing regrouping layer
dve2lts-seq: Regroup specification: sc,bg,bs,mm
dve2lts-seq: Regroup Select Combined matrix
dve2lts-seq: Regroup Bipartite Graph
dve2lts-seq: Regroup Boost's Sloan
dve2lts-seq: bandwidth: 19
dve2lts-seq: profile: 1442
dve2lts-seq: span: 1679
dve2lts-seq: average wavefront: 5.9846
dve2lts-seq: RMS wavefront: 6.1469
dve2lts-seq: Regroup Matrix Metrics
dve2lts-seq: Regrouping: 78->78 groups
dve2lts-seq: Regrouping took 0.000 real 0.000 user 0.000 sys
Event Span: 469
Normalized Event Span: 0.1156
Weighted Event Span, moment 1 (WES^1): 532.5
Normalized Weighted Event Span, moment 1: 0.1313
Exit [0]
0.81 user, 0.08 system, 0.90 elapsed -- Max VSize = 38240KB, Max RSS = 4680KB
