statistics run
dve2lts-seq spec/DVE/sokoban.1.dve -rsc,bg,bs,mm --regroup-exit --graph-metrics
ctit008
dve2lts-seq: Precompiled divine module initialized
dve2lts-seq: Loading model from spec/DVE/sokoban.1.dve
dve2lts-seq: Initializing regrouping layer
dve2lts-seq: Regroup specification: sc,bg,bs,mm
dve2lts-seq: Regroup Select Combined matrix
dve2lts-seq: Regroup Bipartite Graph
dve2lts-seq: Regroup Boost's Sloan
dve2lts-seq: bandwidth: 74
dve2lts-seq: profile: 3402
dve2lts-seq: span: 1566
dve2lts-seq: average wavefront: 8.701
dve2lts-seq: RMS wavefront: 8.89
dve2lts-seq: Regroup Matrix Metrics
dve2lts-seq: Regrouping: 9->9 groups
dve2lts-seq: Regrouping took 0.000 real 0.000 user 0.000 sys
Event Span: 550
Normalized Event Span: 0.899
Weighted Event Span, moment 1 (WES^1): 1.1e+03
Normalized Weighted Event Span, moment 1: 1.8
Exit [0]
0.33 user, 0.03 system, 0.40 elapsed -- Max VSize = 38240KB, Max RSS = 4752KB
