statistics run
dve2lts-seq spec/DVE/pgm_protocol.3.dve -rsc,tg,bs,mm --regroup-exit --graph-metrics
ctit011
dve2lts-seq: Precompiled divine module initialized
dve2lts-seq: Loading model from spec/DVE/pgm_protocol.3.dve
dve2lts-seq: Initializing regrouping layer
dve2lts-seq: Regroup specification: sc,tg,bs,mm
dve2lts-seq: Regroup Select Combined matrix
dve2lts-seq: Regroup Total graph
dve2lts-seq: Regroup Boost's Sloan
dve2lts-seq: bandwidth: 982
dve2lts-seq: profile: 407762
dve2lts-seq: span: 467152
dve2lts-seq: average wavefront: 66.97038
dve2lts-seq: RMS wavefront: 72.12432
dve2lts-seq: Regroup Matrix Metrics
dve2lts-seq: Regrouping: 120->120 groups
dve2lts-seq: Regrouping took 0.250 real 0.240 user 0.000 sys
Event Span: 3738
Normalized Event Span: 0.25121
Weighted Event Span, moment 1 (WES^1): 5176.2
Normalized Weighted Event Span, moment 1: 0.34786
Exit [0]
2.64 user, 0.13 system, 2.80 elapsed -- Max VSize = 43672KB, Max RSS = 8348KB
