statistics run
dve2lts-seq spec/DVE/synapse.6.dve -rsc,tg,bcm,mm --regroup-exit --graph-metrics
ctit010
dve2lts-seq: Precompiled divine module initialized
dve2lts-seq: Loading model from spec/DVE/synapse.6.dve
dve2lts-seq: Initializing regrouping layer
dve2lts-seq: Regroup specification: sc,tg,bcm,mm
dve2lts-seq: Regroup Select Combined matrix
dve2lts-seq: Regroup Total graph
dve2lts-seq: Regroup Boost's Cuthill McKee
dve2lts-seq: bandwidth: 661
dve2lts-seq: profile: 662114
dve2lts-seq: span: 832294
dve2lts-seq: average wavefront: 172.1685
dve2lts-seq: RMS wavefront: 185.9328
dve2lts-seq: Regroup Matrix Metrics
dve2lts-seq: Regrouping: 194->194 groups
dve2lts-seq: Regrouping took 0.050 real 0.040 user 0.000 sys
Event Span: 2396
Normalized Event Span: 0.4411
Weighted Event Span, moment 1 (WES^1): 3362
Normalized Weighted Event Span, moment 1: 0.6189
Exit [0]
3.03 user, 0.15 system, 3.20 elapsed -- Max VSize = 38240KB, Max RSS = 4748KB
