statistics run
pnml2lts-seq spec/PNML/dekker-50.pnml -rsc,tg,bs,mm --regroup-exit --graph-metrics
ctit006
pnml2lts-seq: Loading model from spec/PNML/dekker-50.pnml
pnml2lts-seq: Petri net has 250 places, 2600 transitions and 20100 arcs
pnml2lts-seq: There are 0 safe places
pnml2lts-seq: Petri net spec/PNML/dekker-50.pnml analyzed
pnml2lts-seq: Loading Petri net took 0.160 real 0.130 user 0.020 sys
pnml2lts-seq: Initializing regrouping layer
pnml2lts-seq: Regroup specification: sc,tg,bs,mm
pnml2lts-seq: Regroup Select Combined matrix
pnml2lts-seq: Regroup Total graph
pnml2lts-seq: Regroup Boost's Sloan
pnml2lts-seq: bandwidth: 17922
pnml2lts-seq: profile: 102743995
pnml2lts-seq: span: 104742456
pnml2lts-seq: average wavefront: 198.231967
pnml2lts-seq: RMS wavefront: 204.831531
pnml2lts-seq: Regroup Matrix Metrics
pnml2lts-seq: Regrouping: 2600->2600 groups
pnml2lts-seq: Regrouping took 195.830 real 195.420 user 0.090 sys
pnml2lts-seq: max token count: 1
Event Span: 374677
Normalized Event Span: 0.576426
Weighted Event Span, moment 1 (WES^1): 563419
Normalized Weighted Event Span, moment 1: 0.866798
Exit [0]
195.55 user, 0.13 system, 196.02 elapsed -- Max VSize = 95300KB, Max RSS = 55648KB
