statistics run
pnml2lts-seq spec/PNML/philo_dyn-10-unfolded.pnml -rsc,tg,bk,mm --regroup-exit --graph-metrics
ctit020
pnml2lts-seq: Loading model from spec/PNML/philo_dyn-10-unfolded.pnml
pnml2lts-seq: Petri net has 170 places, 2310 transitions and 18190 arcs
pnml2lts-seq: There are 0 safe places
pnml2lts-seq: Petri net spec/PNML/philo_dyn-10-unfolded.pnml analyzed
pnml2lts-seq: Loading Petri net took 0.180 real 0.150 user 0.030 sys
pnml2lts-seq: Initializing regrouping layer
pnml2lts-seq: Regroup specification: sc,tg,bk,mm
pnml2lts-seq: Regroup Select Combined matrix
pnml2lts-seq: Regroup Total graph
pnml2lts-seq: Regroup Boost's King
pnml2lts-seq: bandwidth: 14817
pnml2lts-seq: profile: 167493852
pnml2lts-seq: span: 206452302
pnml2lts-seq: average wavefront: 4184.74533
pnml2lts-seq: RMS wavefront: 4714.83478
pnml2lts-seq: Regroup Matrix Metrics
pnml2lts-seq: Regrouping: 2310->2310 groups
pnml2lts-seq: Regrouping took 27.430 real 27.370 user 0.010 sys
pnml2lts-seq: max token count: 1
Event Span: 243157
Normalized Event Span: 0.619193
Weighted Event Span, moment 1 (WES^1): 358840
Normalized Weighted Event Span, moment 1: 0.913775
Exit [0]
27.52 user, 0.05 system, 27.63 elapsed -- Max VSize = 80500KB, Max RSS = 42208KB
