statistics run
pnml2lts-seq spec/PNML/planning.pnml -rsc,tg,bs,mm --regroup-exit --graph-metrics
ctit036
pnml2lts-seq: Loading model from spec/PNML/planning.pnml
pnml2lts-seq: Petri net has 126 places, 128 transitions and 652 arcs
pnml2lts-seq: There are 0 safe places
pnml2lts-seq: Petri net spec/PNML/planning.pnml analyzed
pnml2lts-seq: Loading Petri net took 0.010 real 0.000 user 0.000 sys
pnml2lts-seq: Initializing regrouping layer
pnml2lts-seq: Regroup specification: sc,tg,bs,mm
pnml2lts-seq: Regroup Select Combined matrix
pnml2lts-seq: Regroup Total graph
pnml2lts-seq: Regroup Boost's Sloan
pnml2lts-seq: bandwidth: 597
pnml2lts-seq: profile: 60031
pnml2lts-seq: span: 70297
pnml2lts-seq: average wavefront: 31.7942
pnml2lts-seq: RMS wavefront: 34.2437
pnml2lts-seq, ** error **: Got invalid permutation from boost. This may happen when the graph representation of the matrix has disconnected sub graphs. This needs to be fixed in boost. A bug report has been filed here: https://svn.boost.org/trac/boost/ticket/11355.
Exit [255]
0.05 user, 0.01 system, 0.10 elapsed -- Max VSize = 4192KB, Max RSS = 76KB
