statistics run
pnml2lts-seq spec/PNML/HouseConstruction-100.pnml -rsc,f,mm --regroup-exit
ctit015
pnml2lts-seq: Loading model from spec/PNML/HouseConstruction-100.pnml
pnml2lts-seq: Petri net has 26 places, 18 transitions and 51 arcs
pnml2lts-seq: There are 0 safe places
pnml2lts-seq: Petri net spec/PNML/HouseConstruction-100.pnml analyzed
pnml2lts-seq: Loading Petri net took 0.000 real 0.000 user 0.000 sys
pnml2lts-seq: Initializing regrouping layer
pnml2lts-seq: Regroup specification: sc,f,mm
pnml2lts-seq: Regroup Select Combined matrix
pnml2lts-seq: Regroup FORCE
pnml2lts-seq: Regroup Matrix Metrics
pnml2lts-seq: Regrouping: 18->18 groups
pnml2lts-seq: Regrouping took 0.000 real 0.000 user 0.000 sys
pnml2lts-seq: max token count: 100
Event Span: 90
Normalized Event Span: 0.192
Weighted Event Span, moment 1 (WES^1): 109
Normalized Weighted Event Span, moment 1: 0.233
Exit [0]
0.00 user, 0.01 system, 0.10 elapsed -- Max VSize = 4196KB, Max RSS = 84KB
