statistics run
pnml2lts-seq spec/PNML/rwmutex-r10w2000.pnml -rsc,tg,bk,mm --regroup-exit --graph-metrics
ctit010
pnml2lts-seq: Loading model from spec/PNML/rwmutex-r10w2000.pnml
pnml2lts-seq: Petri net has 4030 places, 4020 transitions and 48060 arcs
pnml2lts-seq: There are 0 safe places
pnml2lts-seq: Petri net spec/PNML/rwmutex-r10w2000.pnml analyzed
pnml2lts-seq: Loading Petri net took 0.680 real 0.640 user 0.030 sys
pnml2lts-seq: Initializing regrouping layer
pnml2lts-seq: Regroup specification: sc,tg,bk,mm
pnml2lts-seq: Regroup Select Combined matrix
pnml2lts-seq: Regroup Total graph
pnml2lts-seq: Regroup Boost's King
pnml2lts-seq: bandwidth: 49336
pnml2lts-seq: profile: 1703023698
pnml2lts-seq: span: 1867975048
pnml2lts-seq: average wavefront: 7537.578988
pnml2lts-seq: RMS wavefront: 8029.74448
pnml2lts-seq: Regroup Matrix Metrics
pnml2lts-seq: Regrouping: 4020->4020 groups
pnml2lts-seq: Regrouping took 259.000 real 258.130 user 0.110 sys
pnml2lts-seq: max token count: 1
Event Span: 8116258
Normalized Event Span: 0.50098503
Weighted Event Span, moment 1 (WES^1): 10827048
Normalized Weighted Event Span, moment 1: 0.66831155
Exit [0]
258.77 user, 0.16 system, 259.77 elapsed -- Max VSize = 149324KB, Max RSS = 111100KB
