statistics run
dve2lts-seq spec/DVE/cyclic_scheduler.2.dve -rsc,tg,vcm,mm --regroup-exit --graph-metrics
ctit032
dve2lts-seq: Precompiled divine module initialized
dve2lts-seq: Loading model from spec/DVE/cyclic_scheduler.2.dve
dve2lts-seq: Initializing regrouping layer
dve2lts-seq: Regroup specification: sc,tg,vcm,mm
dve2lts-seq: Regroup Select Combined matrix
dve2lts-seq: Regroup Total graph
dve2lts-seq: Regroup ViennaCL's Cuthill McKee
dve2lts-seq: bandwidth: 42
dve2lts-seq: profile: 3706
dve2lts-seq: span: 5213
dve2lts-seq: average wavefront: 24.036
dve2lts-seq: RMS wavefront: 26.004
dve2lts-seq: Regroup Matrix Metrics
dve2lts-seq: Regrouping: 30->30 groups
dve2lts-seq: Regrouping took 0.000 real 0.000 user 0.000 sys
Event Span: 165
Normalized Event Span: 0.275
Weighted Event Span, moment 1 (WES^1): 213
Normalized Weighted Event Span, moment 1: 0.355
Exit [0]
0.52 user, 0.06 system, 0.60 elapsed -- Max VSize = 38240KB, Max RSS = 4748KB
