statistics run
dve2lts-seq spec/DVE/peg_solitaire.5.dve -rsc,bg,bcm,mm --regroup-exit --graph-metrics
ctit007
dve2lts-seq: Precompiled divine module initialized
dve2lts-seq: Loading model from spec/DVE/peg_solitaire.5.dve
dve2lts-seq: Initializing regrouping layer
dve2lts-seq: Regroup specification: sc,bg,bcm,mm
dve2lts-seq: Regroup Select Combined matrix
dve2lts-seq: Regroup Bipartite Graph
dve2lts-seq: Regroup Boost's Cuthill McKee
dve2lts-seq: bandwidth: 189
dve2lts-seq: profile: 25286
dve2lts-seq: span: 16881
dve2lts-seq: average wavefront: 45.058
dve2lts-seq: RMS wavefront: 47.121
dve2lts-seq: Regroup Matrix Metrics
dve2lts-seq: Regrouping: 140->140 groups
dve2lts-seq: Regrouping took 0.010 real 0.000 user 0.000 sys
Event Span: 7140
Normalized Event Span: 1
Weighted Event Span, moment 1 (WES^1): 1.428e+04
Normalized Weighted Event Span, moment 1: 2
Exit [0]
3.61 user, 0.14 system, 3.80 elapsed -- Max VSize = 38240KB, Max RSS = 4748KB
