statistics run
pnml2lts-seq spec/PNML/QCertifProtocol_02-unfold.pnml -rsc,tg,bk,mm --regroup-exit --graph-metrics
ctit019
pnml2lts-seq: Loading model from spec/PNML/QCertifProtocol_02-unfold.pnml
pnml2lts-seq: Petri net has 86 places, 56 transitions and 223 arcs
pnml2lts-seq: There are 0 safe places
pnml2lts-seq: Petri net spec/PNML/QCertifProtocol_02-unfold.pnml analyzed
pnml2lts-seq: Loading Petri net took 0.000 real 0.000 user 0.000 sys
pnml2lts-seq: Initializing regrouping layer
pnml2lts-seq: Regroup specification: sc,tg,bk,mm
pnml2lts-seq: Regroup Select Combined matrix
pnml2lts-seq: Regroup Total graph
pnml2lts-seq: Regroup Boost's King
pnml2lts-seq: bandwidth: 94
pnml2lts-seq: profile: 23248
pnml2lts-seq: span: 34258
pnml2lts-seq: average wavefront: 40.9151
pnml2lts-seq: RMS wavefront: 45.5841
pnml2lts-seq: Regroup Matrix Metrics
pnml2lts-seq: Regrouping: 56->56 groups
pnml2lts-seq: Regrouping took 0.000 real 0.010 user 0.000 sys
pnml2lts-seq: max token count: 1
Event Span: 1389
Normalized Event Span: 0.2884
Weighted Event Span, moment 1 (WES^1): 1691
Normalized Weighted Event Span, moment 1: 0.3511
Exit [0]
0.01 user, 0.01 system, 0.10 elapsed -- Max VSize = 4196KB, Max RSS = 88KB
