statistics run
pnml2lts-seq spec/PNML/dekker-100.pnml -rsc,f,mm --regroup-exit
ctit014
pnml2lts-seq: Loading model from spec/PNML/dekker-100.pnml
pnml2lts-seq: Petri net has 500 places, 10200 transitions and 80200 arcs
pnml2lts-seq: There are 0 safe places
pnml2lts-seq: Petri net spec/PNML/dekker-100.pnml analyzed
pnml2lts-seq: Loading Petri net took 0.770 real 0.660 user 0.100 sys
pnml2lts-seq: Initializing regrouping layer
pnml2lts-seq: Regroup specification: sc,f,mm
pnml2lts-seq: Regroup Select Combined matrix
pnml2lts-seq: Regroup FORCE
pnml2lts-seq: Regroup Matrix Metrics
pnml2lts-seq: Regrouping: 10200->10200 groups
pnml2lts-seq: Regrouping took 1.840 real 1.830 user 0.000 sys
pnml2lts-seq: max token count: 1
Event Span: 2038539
Normalized Event Span: 0.3997135
Weighted Event Span, moment 1 (WES^1): 3057265
Normalized Weighted Event Span, moment 1: 0.5994637
Exit [0]
2.50 user, 0.12 system, 2.70 elapsed -- Max VSize = 170316KB, Max RSS = 132152KB
