statistics run
dve2lts-seq spec/DVE/cambridge.2.dve -rsc,bn,mm --regroup-exit --graph-metrics
ctit025
dve2lts-seq: Precompiled divine module initialized
dve2lts-seq: Loading model from spec/DVE/cambridge.2.dve
dve2lts-seq: Initializing regrouping layer
dve2lts-seq: Regroup specification: sc,bn,mm
dve2lts-seq: Regroup Select Combined matrix
dve2lts-seq: Regroup Boost's None
dve2lts-seq: bandwidth: 74
dve2lts-seq: profile: 3388
dve2lts-seq: span: 1281
dve2lts-seq: average wavefront: 13.62
dve2lts-seq: RMS wavefront: 14.49
dve2lts-seq: Regroup Matrix Metrics
dve2lts-seq: Regrouping: 58->58 groups
dve2lts-seq: Regrouping took 0.000 real 0.000 user 0.000 sys
Event Span: 592
Normalized Event Span: 0.567
Weighted Event Span, moment 1 (WES^1): 1083
Normalized Weighted Event Span, moment 1: 1.037
Exit [0]
1.09 user, 0.06 system, 1.20 elapsed -- Max VSize = 38240KB, Max RSS = 4748KB
