statistics run
prom2lts-seq spec/Promela/second.pml.spins -rsc,bg,vgps,mm --regroup-exit --graph-metrics
ctit009
prom2lts-seq: Precompiled SpinS module initialized
prom2lts-seq: Loading model from spec/Promela/second.pml.spins
prom2lts-seq: Initializing regrouping layer
prom2lts-seq: Regroup specification: sc,bg,vgps,mm
prom2lts-seq: Regroup Select Combined matrix
prom2lts-seq: Regroup Bipartite Graph
prom2lts-seq: Regroup ViennaCL's Gibbs Poole Stockmeyer
prom2lts-seq: bandwidth: 7
prom2lts-seq: profile: 107
prom2lts-seq: span: 134
prom2lts-seq: average wavefront: 4.45
prom2lts-seq: RMS wavefront: 5.03
prom2lts-seq: Regroup Matrix Metrics
prom2lts-seq: Regrouping: 12->12 groups
prom2lts-seq: Regrouping took 0.000 real 0.000 user 0.000 sys
Event Span: 37
Normalized Event Span: 0.39
Weighted Event Span, moment 1 (WES^1): 36
Normalized Weighted Event Span, moment 1: 0.38
Exit [0]
0.00 user, 0.01 system, 0.10 elapsed -- Max VSize = 4196KB, Max RSS = 88KB
