statistics run
dve2lts-seq spec/DVE/lann.5.dve -rsc,tg,vcm,mm --regroup-exit --graph-metrics
ctit007
dve2lts-seq: Precompiled divine module initialized
dve2lts-seq: Loading model from spec/DVE/lann.5.dve
dve2lts-seq: Initializing regrouping layer
dve2lts-seq: Regroup specification: sc,tg,vcm,mm
dve2lts-seq: Regroup Select Combined matrix
dve2lts-seq: Regroup Total graph
dve2lts-seq: Regroup ViennaCL's Cuthill McKee
dve2lts-seq: bandwidth: 50
dve2lts-seq: profile: 8333
dve2lts-seq: span: 11543
dve2lts-seq: average wavefront: 25.64
dve2lts-seq: RMS wavefront: 27.176
dve2lts-seq: Regroup Matrix Metrics
dve2lts-seq: Regrouping: 54->54 groups
dve2lts-seq: Regrouping took 0.000 real 0.000 user 0.000 sys
Event Span: 331
Normalized Event Span: 0.1703
Weighted Event Span, moment 1 (WES^1): 401.3
Normalized Weighted Event Span, moment 1: 0.2064
Exit [0]
0.77 user, 0.07 system, 0.90 elapsed -- Max VSize = 38240KB, Max RSS = 4680KB
