statistics run
pnml2lts-seq spec/PNML/EnergyBus.pnml -rsc,bg,vcm,mm --regroup-exit --graph-metrics
ctit018
pnml2lts-seq: Loading model from spec/PNML/EnergyBus.pnml
pnml2lts-seq: Petri net has 157 places, 4430 transitions and 63389 arcs
pnml2lts-seq: There are 157 safe places
pnml2lts-seq: Petri net spec/PNML/EnergyBus.pnml analyzed
pnml2lts-seq: Loading Petri net took 0.490 real 0.410 user 0.070 sys
pnml2lts-seq: Initializing regrouping layer
pnml2lts-seq: Regroup specification: sc,bg,vcm,mm
pnml2lts-seq: Regroup Select Combined matrix
pnml2lts-seq: Regroup Bipartite Graph
pnml2lts-seq: Regroup ViennaCL's Cuthill McKee
pnml2lts-seq: bandwidth: 4565
pnml2lts-seq: profile: 8529464
pnml2lts-seq: span: 11359544
pnml2lts-seq: average wavefront: 1262.3063
pnml2lts-seq: RMS wavefront: 1533.6956
pnml2lts-seq: Regroup Matrix Metrics
pnml2lts-seq: Regrouping: 4430->4430 groups
pnml2lts-seq: Regrouping took 12.190 real 12.150 user 0.000 sys
pnml2lts-seq: max token count: 1
Event Span: 273688
Normalized Event Span: 0.393507
Weighted Event Span, moment 1 (WES^1): 470966
Normalized Weighted Event Span, moment 1: 0.677153
Exit [0]
12.57 user, 0.09 system, 12.71 elapsed -- Max VSize = 128152KB, Max RSS = 89828KB
