statistics run
prom2lts-seq spec/Promela/elevator2.3.prom.spins -rsc,tg,vcm,mm --regroup-exit --graph-metrics
ctit027
prom2lts-seq: Precompiled SpinS module initialized
prom2lts-seq: Loading model from spec/Promela/elevator2.3.prom.spins
prom2lts-seq: Initializing regrouping layer
prom2lts-seq: Regroup specification: sc,tg,vcm,mm
prom2lts-seq: Regroup Select Combined matrix
prom2lts-seq: Regroup Total graph
prom2lts-seq: Regroup ViennaCL's Cuthill McKee
prom2lts-seq: bandwidth: 83
prom2lts-seq: profile: 6738
prom2lts-seq: span: 8416
prom2lts-seq: average wavefront: 39.736
prom2lts-seq: RMS wavefront: 46.085
prom2lts-seq: Regroup Matrix Metrics
prom2lts-seq: Regrouping: 23->23 groups
prom2lts-seq: Regrouping took 0.000 real 0.000 user 0.000 sys
Event Span: 235
Normalized Event Span: 0.426
Weighted Event Span, moment 1 (WES^1): 289
Normalized Weighted Event Span, moment 1: 0.524
Exit [0]
0.01 user, 0.00 system, 0.10 elapsed -- Max VSize = 4196KB, Max RSS = 88KB
