statistics run
prob2lts-seq --zocket-prefix=/tmp/ltsmin-658- --no-close spec/B/pkeyprot2.mch -rsc,tg,vgps,mm --regroup-exit --graph-metrics
ctit025
prob2lts-seq: ProB module initialized
prob2lts-seq: Loading model from /tmp/ltsmin-671.probz
prob2lts-seq: ProB init
prob2lts-seq: connecting to zocket ipc:///tmp/ltsmin-671.probz
% set_pref(MAX_OPERATIONS,maxNrOfEnablingsPerOperation,40)

Starting LTSMin Server...
pl_init_for_lts_min
prob2lts-seq: Initializing regrouping layer
prob2lts-seq: Regroup specification: sc,tg,vgps,mm
prob2lts-seq: Regroup Select Combined matrix
prob2lts-seq: Regroup Total graph
prob2lts-seq: Regroup ViennaCL's Gibbs Poole Stockmeyer
prob2lts-seq: bandwidth: 73
prob2lts-seq: profile: 6364
prob2lts-seq: span: 9163
prob2lts-seq: average wavefront: 23.551
prob2lts-seq: RMS wavefront: 25.184
prob2lts-seq: Regroup Matrix Metrics
prob2lts-seq: Regrouping: 11->11 groups
prob2lts-seq: Regrouping took 0.000 real 0.000 user 0.000 sys
Event Span: 191
Normalized Event Span: 0.827
Weighted Event Span, moment 1 (WES^1): 342
Normalized Weighted Event Span, moment 1: 1.48
Exit [0]
0.00 user, 0.01 system, 0.10 elapsed -- Max VSize = 4196KB, Max RSS = 88KB
command-671: line 10: 54095 Killed                  probcli spec/B/pkeyprot2.mch -ltsmin2 /tmp/ltsmin-671.probz
