statistics run
lps2lts-seq --mcrl2-rewriter=jitty spec/mCRL2/dkr1.mcrl2.suminst.lps -rsc,bg,bk,mm --regroup-exit --graph-metrics
ctit014
lps2lts-seq: mCRL2 language module initialized
lps2lts-seq: Loading model from spec/mCRL2/dkr1.mcrl2.suminst.lps
lps2lts-seq: mCRL2 rewriter: jitty
lps2lts-seq: Initializing regrouping layer
lps2lts-seq: Regroup specification: sc,bg,bk,mm
lps2lts-seq: Regroup Select Combined matrix
lps2lts-seq: Regroup Bipartite Graph
lps2lts-seq: Regroup Boost's King
lps2lts-seq: bandwidth: 96
lps2lts-seq: profile: 8914
lps2lts-seq: span: 11957
lps2lts-seq: average wavefront: 40.466
lps2lts-seq: RMS wavefront: 48.274
lps2lts-seq: Regroup Matrix Metrics
lps2lts-seq: Regrouping: 123->123 groups
lps2lts-seq: Regrouping took 0.010 real 0.010 user 0.000 sys
Event Span: 1413
Normalized Event Span: 0.4995
Weighted Event Span, moment 1 (WES^1): 2266
Normalized Weighted Event Span, moment 1: 0.8011
Exit [0]
0.03 user, 0.01 system, 0.10 elapsed -- Max VSize = 4196KB, Max RSS = 88KB
