statistics run
dve2lts-seq spec/DVE/frogs.3.dve -rsc,bg,bcm,mm --regroup-exit --graph-metrics
ctit019
dve2lts-seq: Precompiled divine module initialized
dve2lts-seq: Loading model from spec/DVE/frogs.3.dve
dve2lts-seq: Initializing regrouping layer
dve2lts-seq: Regroup specification: sc,bg,bcm,mm
dve2lts-seq: Regroup Select Combined matrix
dve2lts-seq: Regroup Bipartite Graph
dve2lts-seq: Regroup Boost's Cuthill McKee
dve2lts-seq: bandwidth: 36
dve2lts-seq: profile: 1312
dve2lts-seq: span: 1737
dve2lts-seq: average wavefront: 19.84
dve2lts-seq: RMS wavefront: 23.05
dve2lts-seq: Regroup Matrix Metrics
dve2lts-seq: Regrouping: 9->9 groups
dve2lts-seq: Regrouping took 0.000 real 0.000 user 0.000 sys
Event Span: 304
Normalized Event Span: 0.938
Weighted Event Span, moment 1 (WES^1): 585
Normalized Weighted Event Span, moment 1: 1.81
Exit [0]
0.38 user, 0.05 system, 0.50 elapsed -- Max VSize = 38240KB, Max RSS = 4748KB
