statistics run
pnml2lts-seq spec/PNML/raft_04.pnml -rsc,tg,vcm,mm --regroup-exit --graph-metrics
ctit010
pnml2lts-seq: Loading model from spec/PNML/raft_04.pnml
pnml2lts-seq: Petri net has 88 places, 160 transitions and 563 arcs
pnml2lts-seq: There are 88 safe places
pnml2lts-seq: Petri net spec/PNML/raft_04.pnml analyzed
pnml2lts-seq: Loading Petri net took 0.000 real 0.000 user 0.010 sys
pnml2lts-seq: Initializing regrouping layer
pnml2lts-seq: Regroup specification: sc,tg,vcm,mm
pnml2lts-seq: Regroup Select Combined matrix
pnml2lts-seq: Regroup Total graph
pnml2lts-seq: Regroup ViennaCL's Cuthill McKee
pnml2lts-seq: bandwidth: 373
pnml2lts-seq: profile: 184229
pnml2lts-seq: span: 222193
pnml2lts-seq: average wavefront: 193.384
pnml2lts-seq: RMS wavefront: 228.578
pnml2lts-seq: Regroup Matrix Metrics
pnml2lts-seq: Regrouping: 160->160 groups
pnml2lts-seq: Regrouping took 0.020 real 0.010 user 0.000 sys
pnml2lts-seq: max token count: 1
Event Span: 5002
Normalized Event Span: 0.35526
Weighted Event Span, moment 1 (WES^1): 7798.8
Normalized Weighted Event Span, moment 1: 0.55389
Exit [0]
0.02 user, 0.01 system, 0.10 elapsed -- Max VSize = 4196KB, Max RSS = 88KB
