statistics run
pnml2lts-seq spec/PNML/rwmutex-r10w100.pnml -rsc,f,mm --regroup-exit
ctit040
pnml2lts-seq: Loading model from spec/PNML/rwmutex-r10w100.pnml
pnml2lts-seq: Petri net has 230 places, 220 transitions and 2460 arcs
pnml2lts-seq: There are 0 safe places
pnml2lts-seq: Petri net spec/PNML/rwmutex-r10w100.pnml analyzed
pnml2lts-seq: Loading Petri net took 0.030 real 0.010 user 0.000 sys
pnml2lts-seq: Initializing regrouping layer
pnml2lts-seq: Regroup specification: sc,f,mm
pnml2lts-seq: Regroup Select Combined matrix
pnml2lts-seq: Regroup FORCE
pnml2lts-seq: Regroup Matrix Metrics
pnml2lts-seq: Regrouping: 220->220 groups
pnml2lts-seq: Regrouping took 0.020 real 0.010 user 0.000 sys
pnml2lts-seq: max token count: 1
Event Span: 14626
Normalized Event Span: 0.28905
Weighted Event Span, moment 1 (WES^1): 19844
Normalized Weighted Event Span, moment 1: 0.39217
Exit [0]
0.02 user, 0.01 system, 0.10 elapsed -- Max VSize = 4196KB, Max RSS = 84KB
