statistics run
pnml2lts-seq spec/PNML/CircularTrain-384.pnml -rsc,tg,vacm,mm --regroup-exit --graph-metrics
ctit003
pnml2lts-seq: Loading model from spec/PNML/CircularTrain-384.pnml
pnml2lts-seq: Petri net has 768 places, 384 transitions and 1536 arcs
pnml2lts-seq: There are 0 safe places
pnml2lts-seq: Petri net spec/PNML/CircularTrain-384.pnml analyzed
pnml2lts-seq: Loading Petri net took 0.020 real 0.020 user 0.000 sys
pnml2lts-seq: Initializing regrouping layer
pnml2lts-seq: Regroup specification: sc,tg,vacm,mm
pnml2lts-seq: Regroup Select Combined matrix
pnml2lts-seq: Regroup Total graph
pnml2lts-seq: Regroup ViennaCL's Advanced Cuthill McKee
pnml2lts-seq: bandwidth: 18
pnml2lts-seq: profile: 41656
pnml2lts-seq: span: 70356
pnml2lts-seq: average wavefront: 14.88207
pnml2lts-seq: RMS wavefront: 14.94946
pnml2lts-seq: Regroup Matrix Metrics
pnml2lts-seq: Regrouping: 384->384 groups
pnml2lts-seq: Regrouping took 0.420 real 0.420 user 0.000 sys
pnml2lts-seq: max token count: 1
Event Span: 3630
Normalized Event Span: 0.0123088
Weighted Event Span, moment 1 (WES^1): 3675.77
Normalized Weighted Event Span, moment 1: 0.012464
Exit [0]
0.44 user, 0.01 system, 0.50 elapsed -- Max VSize = 48804KB, Max RSS = 10356KB
