statistics run
prob2lts-seq --zocket-prefix=/tmp/ltsmin-266- --no-close spec/B/MutexSimpleMAXINT.mch -rsc,tg,bs,mm --regroup-exit --graph-metrics
ctit020
prob2lts-seq: ProB module initialized
prob2lts-seq: Loading model from /tmp/ltsmin-276.probz
prob2lts-seq: ProB init
prob2lts-seq: connecting to zocket ipc:///tmp/ltsmin-276.probz

Starting LTSMin Server...
pl_init_for_lts_min
prob2lts-seq: Initializing regrouping layer
prob2lts-seq: Regroup specification: sc,tg,bs,mm
prob2lts-seq: Regroup Select Combined matrix
prob2lts-seq: Regroup Total graph
prob2lts-seq: Regroup Boost's Sloan
prob2lts-seq: bandwidth: 22
prob2lts-seq: profile: 322
prob2lts-seq: span: 402
prob2lts-seq: average wavefront: 6.89
prob2lts-seq: RMS wavefront: 7.35
prob2lts-seq: Regroup Matrix Metrics
prob2lts-seq: Regrouping: 6->6 groups
prob2lts-seq: Regrouping took 0.000 real 0.000 user 0.000 sys
Event Span: 18
Normalized Event Span: 0.75
Weighted Event Span, moment 1 (WES^1): 30
Normalized Weighted Event Span, moment 1: 1.3
Exit [0]
0.00 user, 0.01 system, 0.10 elapsed -- Max VSize = 4196KB, Max RSS = 88KB
command-276: line 10: 34565 Killed                  probcli spec/B/MutexSimpleMAXINT.mch -ltsmin2 /tmp/ltsmin-276.probz
