performance run
prob2lts-seq --zocket-prefix=/tmp/ltsmin-116070- --no-close spec/B/brueckenproblem.mch -rsc,bg,bs --regroup-exit
ctit043
prob2lts-seq: ProB module initialized
prob2lts-seq: Loading model from /tmp/ltsmin-116073.probz
prob2lts-seq: ProB init
prob2lts-seq: connecting to zocket ipc:///tmp/ltsmin-116073.probz
% set_pref(MAX_OPERATIONS,maxNrOfEnablingsPerOperation,40)

Starting LTSMin Server...
pl_init_for_lts_min
prob2lts-seq: Initializing regrouping layer
prob2lts-seq: Regroup specification: sc,bg,bs
prob2lts-seq: Regroup Select Combined matrix
prob2lts-seq: Regroup Bipartite Graph
prob2lts-seq: Regroup Boost's Sloan
prob2lts-seq: Regrouping: 4->4 groups
prob2lts-seq: Regrouping took 0.000 real 0.000 user 0.000 sys
Exit [0]
0.00 user, 0.00 system, 0.10 elapsed -- Max VSize = 4192KB, Max RSS = 80KB
command-116073: line 10:  7685 Killed                  probcli spec/B/brueckenproblem.mch -ltsmin2 /tmp/ltsmin-116073.probz
