statistics run
prob2lts-seq --zocket-prefix=/tmp/ltsmin-518- --no-close spec/B/WhoKilledAgatha.mch -rsc,bg,bk,mm --regroup-exit --graph-metrics
ctit030
prob2lts-seq: ProB module initialized
prob2lts-seq: Loading model from /tmp/ltsmin-521.probz
prob2lts-seq: ProB init
prob2lts-seq: connecting to zocket ipc:///tmp/ltsmin-521.probz

Starting LTSMin Server...
pl_init_for_lts_min
prob2lts-seq: Initializing regrouping layer
prob2lts-seq: Regroup specification: sc,bg,bk,mm
prob2lts-seq: Regroup Select Combined matrix
prob2lts-seq: Regroup Bipartite Graph
prob2lts-seq: Regroup Boost's King
prob2lts-seq: bandwidth: 4
prob2lts-seq: profile: 26
prob2lts-seq: span: 23
prob2lts-seq: average wavefront: 2.4
prob2lts-seq: RMS wavefront: 2.6
prob2lts-seq: Regroup Matrix Metrics
prob2lts-seq: Regrouping: 2->2 groups
prob2lts-seq: Regrouping took 0.000 real 0.000 user 0.000 sys
Event Span: 7
Normalized Event Span: 0.7
Weighted Event Span, moment 1 (WES^1): 1e+01
Normalized Weighted Event Span, moment 1: 1
Exit [0]
0.01 user, 0.00 system, 0.10 elapsed -- Max VSize = 4196KB, Max RSS = 88KB
command-521: line 10: 15664 Killed                  probcli spec/B/WhoKilledAgatha.mch -ltsmin2 /tmp/ltsmin-521.probz
