statistics run
pnml2lts-seq spec/PNML/Philosophers-200.pnml -rsc,bg,vgps,mm --regroup-exit --graph-metrics
ctit035
pnml2lts-seq: Loading model from spec/PNML/Philosophers-200.pnml
pnml2lts-seq: Petri net has 1000 places, 1000 transitions and 3200 arcs
pnml2lts-seq: There are 0 safe places
pnml2lts-seq: Petri net spec/PNML/Philosophers-200.pnml analyzed
pnml2lts-seq: Loading Petri net took 0.080 real 0.080 user 0.010 sys
pnml2lts-seq: Initializing regrouping layer
pnml2lts-seq: Regroup specification: sc,bg,vgps,mm
pnml2lts-seq: Regroup Select Combined matrix
pnml2lts-seq: Regroup Bipartite Graph
pnml2lts-seq: Regroup ViennaCL's Gibbs Poole Stockmeyer
pnml2lts-seq: bandwidth: 14
pnml2lts-seq: profile: 20524
pnml2lts-seq: span: 31483
pnml2lts-seq: average wavefront: 8.1375
pnml2lts-seq: RMS wavefront: 8.511903
pnml2lts-seq: Regroup Matrix Metrics
pnml2lts-seq: Regrouping: 1000->1000 groups
pnml2lts-seq: Regrouping took 0.140 real 0.130 user 0.000 sys
pnml2lts-seq: max token count: 1
Event Span: 7573
Normalized Event Span: 0.007573
Weighted Event Span, moment 1 (WES^1): 7636.16
Normalized Weighted Event Span, moment 1: 0.00763616
Exit [0]
0.21 user, 0.01 system, 0.30 elapsed -- Max VSize = 57596KB, Max RSS = 19196KB
