statistics run
prom2lts-seq spec/Promela/dbm.prm.spins -rsc,tg,vacm,mm --regroup-exit --graph-metrics
ctit001
prom2lts-seq: Precompiled SpinS module initialized
prom2lts-seq: Loading model from spec/Promela/dbm.prm.spins
prom2lts-seq: Initializing regrouping layer
prom2lts-seq: Regroup specification: sc,tg,vacm,mm
prom2lts-seq: Regroup Select Combined matrix
prom2lts-seq: Regroup Total graph
prom2lts-seq: Regroup ViennaCL's Advanced Cuthill McKee
prom2lts-seq: bandwidth: 234
prom2lts-seq: profile: 51613
prom2lts-seq: span: 63946
prom2lts-seq: average wavefront: 103.871
prom2lts-seq: RMS wavefront: 119.444
prom2lts-seq: Regroup Matrix Metrics
prom2lts-seq: Regrouping: 34->34 groups
prom2lts-seq: Regrouping took 0.010 real 0.010 user 0.000 sys
Event Span: 689
Normalized Event Span: 0.4312
Weighted Event Span, moment 1 (WES^1): 990.3
Normalized Weighted Event Span, moment 1: 0.6197
Exit [0]
0.01 user, 0.01 system, 0.10 elapsed -- Max VSize = 4196KB, Max RSS = 88KB
