statistics run
dve2lts-seq spec/DVE/brp.5.dve -rsc,bg,vacm,mm --regroup-exit --graph-metrics
ctit019
dve2lts-seq: Precompiled divine module initialized
dve2lts-seq: Loading model from spec/DVE/brp.5.dve
dve2lts-seq: Initializing regrouping layer
dve2lts-seq: Regroup specification: sc,bg,vacm,mm
dve2lts-seq: Regroup Select Combined matrix
dve2lts-seq: Regroup Bipartite Graph
dve2lts-seq: Regroup ViennaCL's Advanced Cuthill McKee
dve2lts-seq: bandwidth: 26
dve2lts-seq: profile: 1132
dve2lts-seq: span: 1211
dve2lts-seq: average wavefront: 13.7
dve2lts-seq: RMS wavefront: 15.07
dve2lts-seq: Regroup Matrix Metrics
dve2lts-seq: Regrouping: 53->53 groups
dve2lts-seq: Regrouping took 0.000 real 0.000 user 0.000 sys
Event Span: 279
Normalized Event Span: 0.292
Weighted Event Span, moment 1 (WES^1): 434
Normalized Weighted Event Span, moment 1: 0.455
Exit [0]
0.59 user, 0.06 system, 0.70 elapsed -- Max VSize = 38240KB, Max RSS = 4744KB
