statistics run
pnml2lts-seq spec/PNML/TokenRing-5-unfolded.pnml -rsc,tg,vgps,mm --regroup-exit --graph-metrics
ctit011
pnml2lts-seq: Loading model from spec/PNML/TokenRing-5-unfolded.pnml
pnml2lts-seq: Petri net has 36 places, 156 transitions and 624 arcs
pnml2lts-seq: There are 0 safe places
pnml2lts-seq: Petri net spec/PNML/TokenRing-5-unfolded.pnml analyzed
pnml2lts-seq: Loading Petri net took 0.000 real 0.010 user 0.000 sys
pnml2lts-seq: Initializing regrouping layer
pnml2lts-seq: Regroup specification: sc,tg,vgps,mm
pnml2lts-seq: Regroup Select Combined matrix
pnml2lts-seq: Regroup Total graph
pnml2lts-seq: Regroup ViennaCL's Gibbs Poole Stockmeyer
pnml2lts-seq: bandwidth: 229
pnml2lts-seq: profile: 81158
pnml2lts-seq: span: 115243
pnml2lts-seq: average wavefront: 75.6924
pnml2lts-seq: RMS wavefront: 81.04
pnml2lts-seq: Regroup Matrix Metrics
pnml2lts-seq: Regrouping: 156->156 groups
pnml2lts-seq: Regrouping took 0.030 real 0.020 user 0.000 sys
pnml2lts-seq: max token count: 1
Event Span: 1894
Normalized Event Span: 0.3373
Weighted Event Span, moment 1 (WES^1): 2629
Normalized Weighted Event Span, moment 1: 0.4681
Exit [0]
0.04 user, 0.00 system, 0.10 elapsed -- Max VSize = 4196KB, Max RSS = 88KB
