statistics run
pnml2lts-seq spec/PNML/echo-d3r7.pnml -rsc,bg,vgps,mm --regroup-exit --graph-metrics
ctit019
pnml2lts-seq: Loading model from spec/PNML/echo-d3r7.pnml
pnml2lts-seq: Petri net has 4209 places, 3518 transitions and 25540 arcs
pnml2lts-seq: There are 0 safe places
pnml2lts-seq: Petri net spec/PNML/echo-d3r7.pnml analyzed
pnml2lts-seq: Loading Petri net took 0.510 real 0.450 user 0.060 sys
pnml2lts-seq: Initializing regrouping layer
pnml2lts-seq: Regroup specification: sc,bg,vgps,mm
pnml2lts-seq: Regroup Select Combined matrix
pnml2lts-seq: Regroup Bipartite Graph
pnml2lts-seq: Regroup ViennaCL's Gibbs Poole Stockmeyer
pnml2lts-seq: bandwidth: 578
pnml2lts-seq: profile: 2616749
pnml2lts-seq: span: 3401547
pnml2lts-seq: average wavefront: 281.27384
pnml2lts-seq: RMS wavefront: 301.11663
pnml2lts-seq: Regroup Matrix Metrics
pnml2lts-seq: Regrouping: 3518->3518 groups
pnml2lts-seq: Regrouping took 6.350 real 6.290 user 0.030 sys
pnml2lts-seq: max token count: 1
Event Span: 1254173
Normalized Event Span: 0.084699859
Weighted Event Span, moment 1 (WES^1): 1380843.9
Normalized Weighted Event Span, moment 1: 0.093254507
Exit [0]
6.74 user, 0.11 system, 6.91 elapsed -- Max VSize = 132224KB, Max RSS = 93852KB
