statistics run
pnml2lts-seq spec/PNML/rwmutex-r100w10.pnml -rsc,tg,bcm,mm --regroup-exit --graph-metrics
ctit019
pnml2lts-seq: Loading model from spec/PNML/rwmutex-r100w10.pnml
pnml2lts-seq: Petri net has 320 places, 220 transitions and 2640 arcs
pnml2lts-seq: There are 0 safe places
pnml2lts-seq: Petri net spec/PNML/rwmutex-r100w10.pnml analyzed
pnml2lts-seq: Loading Petri net took 0.020 real 0.020 user 0.000 sys
pnml2lts-seq: Initializing regrouping layer
pnml2lts-seq: Regroup specification: sc,tg,bcm,mm
pnml2lts-seq: Regroup Select Combined matrix
pnml2lts-seq: Regroup Total graph
pnml2lts-seq: Regroup Boost's Cuthill McKee
pnml2lts-seq: bandwidth: 2295
pnml2lts-seq: profile: 4178129
pnml2lts-seq: span: 4802044
pnml2lts-seq: average wavefront: 421.33648
pnml2lts-seq: RMS wavefront: 447.94938
pnml2lts-seq: Regroup Matrix Metrics
pnml2lts-seq: Regrouping: 220->220 groups
pnml2lts-seq: Regrouping took 0.250 real 0.250 user 0.000 sys
pnml2lts-seq: max token count: 1
Event Span: 35490
Normalized Event Span: 0.50412
Weighted Event Span, moment 1 (WES^1): 49747
Normalized Weighted Event Span, moment 1: 0.70664
Exit [0]
0.27 user, 0.01 system, 0.30 elapsed -- Max VSize = 49068KB, Max RSS = 10568KB
