statistics run
pnml2lts-seq spec/PNML/soli0_counter_square5.pnml -rsc,bn,mm --regroup-exit --graph-metrics
ctit014
pnml2lts-seq: Loading model from spec/PNML/soli0_counter_square5.pnml
pnml2lts-seq: Petri net has 51 places, 84 transitions and 540 arcs
pnml2lts-seq: There are 0 safe places
pnml2lts-seq: Petri net spec/PNML/soli0_counter_square5.pnml analyzed
pnml2lts-seq: Loading Petri net took 0.010 real 0.000 user 0.000 sys
pnml2lts-seq: Initializing regrouping layer
pnml2lts-seq: Regroup specification: sc,bn,mm
pnml2lts-seq: Regroup Select Combined matrix
pnml2lts-seq: Regroup Boost's None
pnml2lts-seq: bandwidth: 134
pnml2lts-seq: profile: 12376
pnml2lts-seq: span: 5068
pnml2lts-seq: average wavefront: 34.119
pnml2lts-seq: RMS wavefront: 37.343
pnml2lts-seq: Regroup Matrix Metrics
pnml2lts-seq: Regrouping: 84->84 groups
pnml2lts-seq: Regrouping took 0.000 real 0.000 user 0.010 sys
pnml2lts-seq: max token count: 24
Event Span: 2908
Normalized Event Span: 0.6788
Weighted Event Span, moment 1 (WES^1): 4466
Normalized Weighted Event Span, moment 1: 1.042
Exit [0]
0.01 user, 0.01 system, 0.10 elapsed -- Max VSize = 4196KB, Max RSS = 88KB
