statistics run
dve2lts-seq spec/DVE/collision.5.dve -rsc,bg,bs,mm --regroup-exit --graph-metrics
ctit021
dve2lts-seq: Precompiled divine module initialized
dve2lts-seq: Loading model from spec/DVE/collision.5.dve
dve2lts-seq: Initializing regrouping layer
dve2lts-seq: Regroup specification: sc,bg,bs,mm
dve2lts-seq: Regroup Select Combined matrix
dve2lts-seq: Regroup Bipartite Graph
dve2lts-seq: Regroup Boost's Sloan
dve2lts-seq: bandwidth: 55
dve2lts-seq: profile: 1324
dve2lts-seq: span: 1192
dve2lts-seq: average wavefront: 5.133
dve2lts-seq: RMS wavefront: 5.353
dve2lts-seq: Regroup Matrix Metrics
dve2lts-seq: Regrouping: 53->53 groups
dve2lts-seq: Regrouping took 0.000 real 0.000 user 0.000 sys
Event Span: 310
Normalized Event Span: 0.2659
Weighted Event Span, moment 1 (WES^1): 411.8
Normalized Weighted Event Span, moment 1: 0.3532
Exit [0]
1.06 user, 0.07 system, 1.20 elapsed -- Max VSize = 38240KB, Max RSS = 4748KB
