statistics run
pnml2lts-seq spec/PNML/database10UNFOLD.pnml -rsc,bg,bcm,mm --regroup-exit --graph-metrics
ctit027
pnml2lts-seq: Loading model from spec/PNML/database10UNFOLD.pnml
pnml2lts-seq: Petri net has 830 places, 800 transitions and 3800 arcs
pnml2lts-seq: There are 0 safe places
pnml2lts-seq: Petri net spec/PNML/database10UNFOLD.pnml analyzed
pnml2lts-seq: Loading Petri net took 0.070 real 0.060 user 0.000 sys
pnml2lts-seq: Initializing regrouping layer
pnml2lts-seq: Regroup specification: sc,bg,bcm,mm
pnml2lts-seq: Regroup Select Combined matrix
pnml2lts-seq: Regroup Bipartite Graph
pnml2lts-seq: Regroup Boost's Cuthill McKee
pnml2lts-seq: bandwidth: 514
pnml2lts-seq: profile: 533045
pnml2lts-seq: span: 741702
pnml2lts-seq: average wavefront: 209.4018
pnml2lts-seq: RMS wavefront: 230.8882
pnml2lts-seq: Regroup Matrix Metrics
pnml2lts-seq: Regrouping: 800->800 groups
pnml2lts-seq: Regrouping took 0.120 real 0.110 user 0.000 sys
pnml2lts-seq: max token count: 1
Event Span: 210396
Normalized Event Span: 0.316861
Weighted Event Span, moment 1 (WES^1): 275274
Normalized Weighted Event Span, moment 1: 0.41457
Exit [0]
0.18 user, 0.01 system, 0.20 elapsed -- Max VSize = 56488KB, Max RSS = 18024KB
