statistics run
dve2lts-seq spec/DVE/mcs.6.dve -rsc,tg,vgps,mm --regroup-exit --graph-metrics
ctit007
dve2lts-seq: Precompiled divine module initialized
dve2lts-seq: Loading model from spec/DVE/mcs.6.dve
dve2lts-seq: Initializing regrouping layer
dve2lts-seq: Regroup specification: sc,tg,vgps,mm
dve2lts-seq: Regroup Select Combined matrix
dve2lts-seq: Regroup Total graph
dve2lts-seq: Regroup ViennaCL's Gibbs Poole Stockmeyer
dve2lts-seq: bandwidth: 98
dve2lts-seq: profile: 15003
dve2lts-seq: span: 19402
dve2lts-seq: average wavefront: 52.081
dve2lts-seq: RMS wavefront: 58.468
dve2lts-seq: Regroup Matrix Metrics
dve2lts-seq: Regrouping: 65->65 groups
dve2lts-seq: Regrouping took 0.000 real 0.000 user 0.000 sys
Event Span: 501
Normalized Event Span: 0.367
Weighted Event Span, moment 1 (WES^1): 713.8
Normalized Weighted Event Span, moment 1: 0.5229
Exit [0]
0.71 user, 0.07 system, 0.80 elapsed -- Max VSize = 38240KB, Max RSS = 4748KB
