statistics run
prom2lts-seq spec/Promela/reader_writer.3.prom.spins -rsc,bg,bcm,mm --regroup-exit --graph-metrics
ctit020
prom2lts-seq: Precompiled SpinS module initialized
prom2lts-seq: Loading model from spec/Promela/reader_writer.3.prom.spins
prom2lts-seq: Initializing regrouping layer
prom2lts-seq: Regroup specification: sc,bg,bcm,mm
prom2lts-seq: Regroup Select Combined matrix
prom2lts-seq: Regroup Bipartite Graph
prom2lts-seq: Regroup Boost's Cuthill McKee
prom2lts-seq: bandwidth: 113
prom2lts-seq: profile: 13463
prom2lts-seq: span: 16054
prom2lts-seq: average wavefront: 50.023
prom2lts-seq: RMS wavefront: 62.449
prom2lts-seq: Regroup Matrix Metrics
prom2lts-seq: Regrouping: 116->116 groups
prom2lts-seq: Regrouping took 0.000 real 0.000 user 0.000 sys
Event Span: 2409
Normalized Event Span: 0.3461
Weighted Event Span, moment 1 (WES^1): 2134
Normalized Weighted Event Span, moment 1: 0.3066
Exit [0]
0.00 user, 0.01 system, 0.10 elapsed -- Max VSize = 4196KB, Max RSS = 88KB
