statistics run
lps2lts-seq --mcrl2-rewriter=jitty spec/mCRL2/clobber.mcrl2.suminst.lps -rsc,tg,vacm,mm --regroup-exit --graph-metrics
ctit010
lps2lts-seq: mCRL2 language module initialized
lps2lts-seq: Loading model from spec/mCRL2/clobber.mcrl2.suminst.lps
lps2lts-seq: mCRL2 rewriter: jitty
lps2lts-seq: Initializing regrouping layer
lps2lts-seq: Regroup specification: sc,tg,vacm,mm
lps2lts-seq: Regroup Select Combined matrix
lps2lts-seq: Regroup Total graph
lps2lts-seq: Regroup ViennaCL's Advanced Cuthill McKee
lps2lts-seq: bandwidth: 317
lps2lts-seq: profile: 51465
lps2lts-seq: span: 57561
lps2lts-seq: average wavefront: 159.178
lps2lts-seq: RMS wavefront: 183.84
lps2lts-seq: Regroup Matrix Metrics
lps2lts-seq: Regrouping: 106->106 groups
lps2lts-seq: Regrouping took 0.010 real 0.010 user 0.000 sys
Event Span: 212
Normalized Event Span: 1
Weighted Event Span, moment 1 (WES^1): 424
Normalized Weighted Event Span, moment 1: 2
Exit [0]
0.03 user, 0.02 system, 0.10 elapsed -- Max VSize = 4196KB, Max RSS = 88KB
