statistics run
prom2lts-seq spec/Promela/p104.2.pml.spins -rsc,bg,vcm,mm --regroup-exit --graph-metrics
ctit029
prom2lts-seq: Precompiled SpinS module initialized
prom2lts-seq: Loading model from spec/Promela/p104.2.pml.spins
prom2lts-seq: Initializing regrouping layer
prom2lts-seq: Regroup specification: sc,bg,vcm,mm
prom2lts-seq: Regroup Select Combined matrix
prom2lts-seq: Regroup Bipartite Graph
prom2lts-seq: Regroup ViennaCL's Cuthill McKee
prom2lts-seq: bandwidth: 72
prom2lts-seq: profile: 3268
prom2lts-seq: span: 4104
prom2lts-seq: average wavefront: 28.82
prom2lts-seq: RMS wavefront: 34.21
prom2lts-seq: Regroup Matrix Metrics
prom2lts-seq: Regrouping: 16->16 groups
prom2lts-seq: Regrouping took 0.000 real 0.000 user 0.000 sys
Event Span: 664
Normalized Event Span: 0.692
Weighted Event Span, moment 1 (WES^1): 1.2e+03
Normalized Weighted Event Span, moment 1: 1.25
Exit [0]
0.00 user, 0.01 system, 0.10 elapsed -- Max VSize = 4196KB, Max RSS = 88KB
