statistics run
dve2lts-seq spec/DVE/firewire_link.4.dve -rsc,tg,bk,mm --regroup-exit --graph-metrics
ctit042
dve2lts-seq: Precompiled divine module initialized
dve2lts-seq: Loading model from spec/DVE/firewire_link.4.dve
dve2lts-seq: Initializing regrouping layer
dve2lts-seq: Regroup specification: sc,tg,bk,mm
dve2lts-seq: Regroup Select Combined matrix
dve2lts-seq: Regroup Total graph
dve2lts-seq: Regroup Boost's King
dve2lts-seq: bandwidth: 1807
dve2lts-seq: profile: 3283261
dve2lts-seq: span: 4177868
dve2lts-seq: average wavefront: 371.00868
dve2lts-seq: RMS wavefront: 438.23897
dve2lts-seq: Regroup Matrix Metrics
dve2lts-seq: Regrouping: 608->608 groups
dve2lts-seq: Regrouping took 0.320 real 0.310 user 0.010 sys
Event Span: 8963
Normalized Event Span: 0.30712
Weighted Event Span, moment 1 (WES^1): 10555
Normalized Weighted Event Span, moment 1: 0.36166
Exit [0]
13.23 user, 0.45 system, 13.91 elapsed -- Max VSize = 49288KB, Max RSS = 13784KB
