statistics run
pnml2lts-seq spec/PNML/distributeur-01-unfolded-02.pnml -rsc,tg,vcm,mm --regroup-exit --graph-metrics
ctit014
pnml2lts-seq: Loading model from spec/PNML/distributeur-01-unfolded-02.pnml
pnml2lts-seq: Petri net has 24 places, 72 transitions and 440 arcs
pnml2lts-seq: There are 0 safe places
pnml2lts-seq: Petri net spec/PNML/distributeur-01-unfolded-02.pnml analyzed
pnml2lts-seq: Loading Petri net took 0.000 real 0.000 user 0.000 sys
pnml2lts-seq: Initializing regrouping layer
pnml2lts-seq: Regroup specification: sc,tg,vcm,mm
pnml2lts-seq: Regroup Select Combined matrix
pnml2lts-seq: Regroup Total graph
pnml2lts-seq: Regroup ViennaCL's Cuthill McKee
pnml2lts-seq: bandwidth: 360
pnml2lts-seq: profile: 146770
pnml2lts-seq: span: 182701
pnml2lts-seq: average wavefront: 203.631
pnml2lts-seq: RMS wavefront: 233.354
pnml2lts-seq: Regroup Matrix Metrics
pnml2lts-seq: Regrouping: 72->72 groups
pnml2lts-seq: Regrouping took 0.020 real 0.020 user 0.000 sys
pnml2lts-seq: max token count: 1
Event Span: 968
Normalized Event Span: 0.5602
Weighted Event Span, moment 1 (WES^1): 1678
Normalized Weighted Event Span, moment 1: 0.9713
Exit [0]
0.02 user, 0.00 system, 0.10 elapsed -- Max VSize = 4196KB, Max RSS = 84KB
