statistics run
lps2lts-seq --mcrl2-rewriter=jitty spec/mCRL2/SMS.mcrl2.suminst.lps -rsc,bg,vgps,mm --regroup-exit --graph-metrics
ctit029
lps2lts-seq: mCRL2 language module initialized
lps2lts-seq: Loading model from spec/mCRL2/SMS.mcrl2.suminst.lps
lps2lts-seq: mCRL2 rewriter: jitty
Event Span: 355
Normalized Event Span: 0.365
Weighted Event Span, moment 1 (WES^1): 523
Normalized Weighted Event Span, moment 1: 0.538
lps2lts-seq: Initializing regrouping layer
lps2lts-seq: Regroup specification: sc,bg,vgps,mm
lps2lts-seq: Regroup Select Combined matrix
lps2lts-seq: Regroup Bipartite Graph
lps2lts-seq: Regroup ViennaCL's Gibbs Poole Stockmeyer
lps2lts-seq: bandwidth: 26
lps2lts-seq: profile: 1317
lps2lts-seq: span: 1757
lps2lts-seq: average wavefront: 13.68
lps2lts-seq: RMS wavefront: 15.42
lps2lts-seq: Regroup Matrix Metrics
lps2lts-seq: Regrouping: 54->54 groups
lps2lts-seq: Regrouping took 0.000 real 0.000 user 0.000 sys
Exit [0]
0.03 user, 0.01 system, 0.10 elapsed -- Max VSize = 4196KB, Max RSS = 84KB
