statistics run
pnml2lts-seq spec/PNML/RAS-C-5.pnml -rsc,bn,mm --regroup-exit --graph-metrics
ctit010
pnml2lts-seq: Loading model from spec/PNML/RAS-C-5.pnml
pnml2lts-seq: Petri net has 30 places, 20 transitions and 84 arcs
pnml2lts-seq: There are 0 safe places
pnml2lts-seq: Petri net spec/PNML/RAS-C-5.pnml analyzed
pnml2lts-seq: Loading Petri net took 0.000 real 0.010 user 0.000 sys
pnml2lts-seq: Initializing regrouping layer
pnml2lts-seq: Regroup specification: sc,bn,mm
pnml2lts-seq: Regroup Select Combined matrix
pnml2lts-seq: Regroup Boost's None
pnml2lts-seq: bandwidth: 31
pnml2lts-seq: profile: 1335
pnml2lts-seq: span: 248
pnml2lts-seq: average wavefront: 16.3
pnml2lts-seq: RMS wavefront: 18.48
pnml2lts-seq: Regroup Matrix Metrics
pnml2lts-seq: Regrouping: 20->20 groups
pnml2lts-seq: Regrouping took 0.000 real 0.000 user 0.000 sys
pnml2lts-seq: max token count: 1
Event Span: 140
Normalized Event Span: 0.233
Weighted Event Span, moment 1 (WES^1): 181
Normalized Weighted Event Span, moment 1: 0.302
Exit [0]
0.01 user, 0.00 system, 0.10 elapsed -- Max VSize = 4196KB, Max RSS = 88KB
