statistics run
dve2lts-seq spec/DVE/cyclic_scheduler.4.dve -rsc,tg,vacm,mm --regroup-exit --graph-metrics
ctit007
dve2lts-seq: Precompiled divine module initialized
dve2lts-seq: Loading model from spec/DVE/cyclic_scheduler.4.dve
dve2lts-seq: Initializing regrouping layer
dve2lts-seq: Regroup specification: sc,tg,vacm,mm
dve2lts-seq: Regroup Select Combined matrix
dve2lts-seq: Regroup Total graph
dve2lts-seq: Regroup ViennaCL's Advanced Cuthill McKee
dve2lts-seq: bandwidth: 43
dve2lts-seq: profile: 7632
dve2lts-seq: span: 10795
dve2lts-seq: average wavefront: 27.194
dve2lts-seq: RMS wavefront: 28.369
dve2lts-seq: Regroup Matrix Metrics
dve2lts-seq: Regrouping: 54->54 groups
dve2lts-seq: Regrouping took 0.010 real 0.000 user 0.000 sys
Event Span: 372
Normalized Event Span: 0.1914
Weighted Event Span, moment 1 (WES^1): 472.2
Normalized Weighted Event Span, moment 1: 0.2429
Exit [0]
0.55 user, 0.07 system, 0.70 elapsed -- Max VSize = 38240KB, Max RSS = 4748KB
