statistics run
dve2lts-seq spec/DVE/frogs.4.dve -rsc,bg,bcm,mm --regroup-exit --graph-metrics
ctit020
dve2lts-seq: Precompiled divine module initialized
dve2lts-seq: Loading model from spec/DVE/frogs.4.dve
dve2lts-seq: Initializing regrouping layer
dve2lts-seq: Regroup specification: sc,bg,bcm,mm
dve2lts-seq: Regroup Select Combined matrix
dve2lts-seq: Regroup Bipartite Graph
dve2lts-seq: Regroup Boost's Cuthill McKee
dve2lts-seq: bandwidth: 30
dve2lts-seq: profile: 958
dve2lts-seq: span: 1269
dve2lts-seq: average wavefront: 16.82
dve2lts-seq: RMS wavefront: 19.49
dve2lts-seq: Regroup Matrix Metrics
dve2lts-seq: Regrouping: 9->9 groups
dve2lts-seq: Regrouping took 0.000 real 0.000 user 0.000 sys
Event Span: 250
Normalized Event Span: 0.926
Weighted Event Span, moment 1 (WES^1): 478
Normalized Weighted Event Span, moment 1: 1.77
Exit [0]
0.45 user, 0.03 system, 0.50 elapsed -- Max VSize = 38240KB, Max RSS = 4680KB
