statistics run
pnml2lts-seq spec/PNML/raft_05.pnml -rsc,bg,bs,mm --regroup-exit --graph-metrics
ctit028
pnml2lts-seq: Loading model from spec/PNML/raft_05.pnml
pnml2lts-seq: Petri net has 133 places, 238 transitions and 864 arcs
pnml2lts-seq: There are 133 safe places
pnml2lts-seq: Petri net spec/PNML/raft_05.pnml analyzed
pnml2lts-seq: Loading Petri net took 0.010 real 0.010 user 0.000 sys
pnml2lts-seq: Initializing regrouping layer
pnml2lts-seq: Regroup specification: sc,bg,bs,mm
pnml2lts-seq: Regroup Select Combined matrix
pnml2lts-seq: Regroup Bipartite Graph
pnml2lts-seq: Regroup Boost's Sloan
pnml2lts-seq: bandwidth: 337
pnml2lts-seq: profile: 44304
pnml2lts-seq: span: 35186
pnml2lts-seq: average wavefront: 17.0162
pnml2lts-seq: RMS wavefront: 17.9217
pnml2lts-seq: Regroup Matrix Metrics
pnml2lts-seq: Regrouping: 238->238 groups
pnml2lts-seq: Regrouping took 0.020 real 0.010 user 0.000 sys
pnml2lts-seq: max token count: 1
Event Span: 11196
Normalized Event Span: 0.3537
Weighted Event Span, moment 1 (WES^1): 15855
Normalized Weighted Event Span, moment 1: 0.50088
Exit [0]
0.02 user, 0.01 system, 0.10 elapsed -- Max VSize = 4196KB, Max RSS = 88KB
