statistics run
pnml2lts-seq spec/PNML/PolyORB-LF-S06-J06-T08-unfolded.pnml -rsc,tg,vcm,mm --regroup-exit --graph-metrics
ctit011
pnml2lts-seq: Loading model from spec/PNML/PolyORB-LF-S06-J06-T08-unfolded.pnml
pnml2lts-seq: Petri net has 894 places, 14334 transitions and 119772 arcs
pnml2lts-seq: There are 0 safe places
pnml2lts-seq: Petri net spec/PNML/PolyORB-LF-S06-J06-T08-unfolded.pnml analyzed
pnml2lts-seq: Loading Petri net took 1.930 real 1.710 user 0.220 sys
pnml2lts-seq: Initializing regrouping layer
pnml2lts-seq: Regroup specification: sc,tg,vcm,mm
pnml2lts-seq: Regroup Select Combined matrix
pnml2lts-seq: Regroup Total graph
pnml2lts-seq: Regroup ViennaCL's Cuthill McKee
pnml2lts-seq: bandwidth: 82235
pnml2lts-seq: profile: 7149680969
pnml2lts-seq: span: 9170024083
pnml2lts-seq: average wavefront: 42923.047662
pnml2lts-seq: RMS wavefront: 49664.871604
pnml2lts-seq: Regroup Matrix Metrics
pnml2lts-seq: Regrouping: 14334->14334 groups
pnml2lts-seq: Regrouping took 3414.520 real 3408.750 user 0.390 sys
pnml2lts-seq: max token count: 10
Event Span: 5249968
Normalized Event Span: 0.40968658
Weighted Event Span, moment 1 (WES^1): 7089751.2
Normalized Weighted Event Span, moment 1: 0.55325593
Exit [0]
3410.46 user, 0.61 system, 3416.57 elapsed -- Max VSize = 322640KB, Max RSS = 284432KB
