statistics run
pnml2lts-seq spec/PNML/PolyORB-LF-S02-J06-T10-unfolded.pnml -rsc,bg,bcm,mm --regroup-exit --graph-metrics
ctit009
pnml2lts-seq: Loading model from spec/PNML/PolyORB-LF-S02-J06-T10-unfolded.pnml
pnml2lts-seq: Petri net has 844 places, 1812 transitions and 8302 arcs
pnml2lts-seq: There are 0 safe places
pnml2lts-seq: Petri net spec/PNML/PolyORB-LF-S02-J06-T10-unfolded.pnml analyzed
pnml2lts-seq: Loading Petri net took 0.150 real 0.120 user 0.030 sys
pnml2lts-seq: Initializing regrouping layer
pnml2lts-seq: Regroup specification: sc,bg,bcm,mm
pnml2lts-seq: Regroup Select Combined matrix
pnml2lts-seq: Regroup Bipartite Graph
pnml2lts-seq: Regroup Boost's Cuthill McKee
pnml2lts-seq: bandwidth: 590
pnml2lts-seq: profile: 893062
pnml2lts-seq: span: 1347543
pnml2lts-seq: average wavefront: 245.0467
pnml2lts-seq: RMS wavefront: 271.6663
pnml2lts-seq: Regroup Matrix Metrics
pnml2lts-seq: Regrouping: 1812->1812 groups
pnml2lts-seq: Regrouping took 0.350 real 0.340 user 0.000 sys
pnml2lts-seq: max token count: 10
Event Span: 303773
Normalized Event Span: 0.1986317
Weighted Event Span, moment 1 (WES^1): 366806.3
Normalized Weighted Event Span, moment 1: 0.239848
Exit [0]
0.47 user, 0.04 system, 0.60 elapsed -- Max VSize = 68876KB, Max RSS = 30492KB
