statistics run
pnml2lts-seq spec/PNML/angiogenesis-50.pnml -rsc,tg,bs,mm --regroup-exit --graph-metrics
ctit018
pnml2lts-seq: Loading model from spec/PNML/angiogenesis-50.pnml
pnml2lts-seq: Petri net has 39 places, 64 transitions and 185 arcs
pnml2lts-seq: There are 0 safe places
pnml2lts-seq: Petri net spec/PNML/angiogenesis-50.pnml analyzed
pnml2lts-seq: Loading Petri net took 0.010 real 0.010 user 0.000 sys
pnml2lts-seq: Initializing regrouping layer
pnml2lts-seq: Regroup specification: sc,tg,bs,mm
pnml2lts-seq: Regroup Select Combined matrix
pnml2lts-seq: Regroup Total graph
pnml2lts-seq: Regroup Boost's Sloan
pnml2lts-seq: bandwidth: 206
pnml2lts-seq: profile: 14587
pnml2lts-seq: span: 16457
pnml2lts-seq: average wavefront: 18.274
pnml2lts-seq: RMS wavefront: 19.476
pnml2lts-seq: Regroup Matrix Metrics
pnml2lts-seq: Regrouping: 64->64 groups
pnml2lts-seq: Regrouping took 0.010 real 0.000 user 0.000 sys
pnml2lts-seq: max token count: 50
Event Span: 699
Normalized Event Span: 0.28
Weighted Event Span, moment 1 (WES^1): 958.8
Normalized Weighted Event Span, moment 1: 0.3841
Exit [0]
0.02 user, 0.00 system, 0.10 elapsed -- Max VSize = 4196KB, Max RSS = 88KB
