statistics run
pnml2lts-seq spec/PNML/QCertifProtocol_32-unfold.pnml -rsc,bg,bk,mm --regroup-exit --graph-metrics
ctit012
pnml2lts-seq: Loading model from spec/PNML/QCertifProtocol_32-unfold.pnml
pnml2lts-seq: Petri net has 3806 places, 506 transitions and 8173 arcs
pnml2lts-seq: There are 0 safe places
pnml2lts-seq: Petri net spec/PNML/QCertifProtocol_32-unfold.pnml analyzed
pnml2lts-seq: Loading Petri net took 0.180 real 0.170 user 0.010 sys
pnml2lts-seq: Initializing regrouping layer
pnml2lts-seq: Regroup specification: sc,bg,bk,mm
pnml2lts-seq: Regroup Select Combined matrix
pnml2lts-seq: Regroup Bipartite Graph
pnml2lts-seq: Regroup Boost's King
pnml2lts-seq: bandwidth: 1221
pnml2lts-seq: profile: 2991879
pnml2lts-seq: span: 2172784
pnml2lts-seq: average wavefront: 248.45362
pnml2lts-seq: RMS wavefront: 394.69705
pnml2lts-seq: Regroup Matrix Metrics
pnml2lts-seq: Regrouping: 506->506 groups
pnml2lts-seq: Regrouping took 0.410 real 0.410 user 0.000 sys
pnml2lts-seq: max token count: 19
Event Span: 392300
Normalized Event Span: 0.2037037
Weighted Event Span, moment 1 (WES^1): 480612.2
Normalized Weighted Event Span, moment 1: 0.2495603
Exit [0]
0.59 user, 0.02 system, 0.70 elapsed -- Max VSize = 73192KB, Max RSS = 34804KB
