statistics run
dve2lts-seq spec/DVE/pgm_protocol.1.dve -rsc,bg,vacm,mm --regroup-exit --graph-metrics
ctit001
dve2lts-seq: Precompiled divine module initialized
dve2lts-seq: Loading model from spec/DVE/pgm_protocol.1.dve
dve2lts-seq: Initializing regrouping layer
dve2lts-seq: Regroup specification: sc,bg,vacm,mm
dve2lts-seq: Regroup Select Combined matrix
dve2lts-seq: Regroup Bipartite Graph
dve2lts-seq: Regroup ViennaCL's Advanced Cuthill McKee
dve2lts-seq: bandwidth: 131
dve2lts-seq: profile: 21672
dve2lts-seq: span: 28594
dve2lts-seq: average wavefront: 70.173
dve2lts-seq: RMS wavefront: 78.172
dve2lts-seq: Regroup Matrix Metrics
dve2lts-seq: Regrouping: 120->120 groups
dve2lts-seq: Regrouping took 0.000 real 0.010 user 0.000 sys
Event Span: 6620
Normalized Event Span: 0.44851
Weighted Event Span, moment 1 (WES^1): 11314
Normalized Weighted Event Span, moment 1: 0.76654
Exit [0]
2.89 user, 0.13 system, 3.10 elapsed -- Max VSize = 38240KB, Max RSS = 4680KB
