statistics run
dve2lts-seq spec/DVE/production_cell.2.dve -rsc,tg,bs,mm --regroup-exit --graph-metrics
ctit010
dve2lts-seq: Precompiled divine module initialized
dve2lts-seq: Loading model from spec/DVE/production_cell.2.dve
dve2lts-seq: Initializing regrouping layer
dve2lts-seq: Regroup specification: sc,tg,bs,mm
dve2lts-seq: Regroup Select Combined matrix
dve2lts-seq: Regroup Total graph
dve2lts-seq: Regroup Boost's Sloan
dve2lts-seq: bandwidth: 114
dve2lts-seq: profile: 3683
dve2lts-seq: span: 4628
dve2lts-seq: average wavefront: 14.179
dve2lts-seq: RMS wavefront: 14.915
dve2lts-seq: Regroup Matrix Metrics
dve2lts-seq: Regrouping: 26->26 groups
dve2lts-seq: Regrouping took 0.000 real 0.000 user 0.000 sys
Event Span: 147
Normalized Event Span: 0.314
Weighted Event Span, moment 1 (WES^1): 194
Normalized Weighted Event Span, moment 1: 0.415
Exit [0]
0.50 user, 0.06 system, 0.60 elapsed -- Max VSize = 38240KB, Max RSS = 4680KB
