statistics run
pnml2lts-seq spec/PNML/PolyORB-NT-S05-J40-unfolded.pnml -rsc,tg,bcm,mm --regroup-exit --graph-metrics
ctit009
pnml2lts-seq: Loading model from spec/PNML/PolyORB-NT-S05-J40-unfolded.pnml
pnml2lts-seq: Petri net has 629 places, 1590 transitions and 10704 arcs
pnml2lts-seq: There are 0 safe places
pnml2lts-seq: Petri net spec/PNML/PolyORB-NT-S05-J40-unfolded.pnml analyzed
pnml2lts-seq: Loading Petri net took 0.160 real 0.130 user 0.020 sys
pnml2lts-seq: Initializing regrouping layer
pnml2lts-seq: Regroup specification: sc,tg,bcm,mm
pnml2lts-seq: Regroup Select Combined matrix
pnml2lts-seq: Regroup Total graph
pnml2lts-seq: Regroup Boost's Cuthill McKee
pnml2lts-seq: bandwidth: 7079
pnml2lts-seq: profile: 46503491
pnml2lts-seq: span: 59126112
pnml2lts-seq: average wavefront: 1616.02347
pnml2lts-seq: RMS wavefront: 1856.78443
pnml2lts-seq: Regroup Matrix Metrics
pnml2lts-seq: Regrouping: 1590->1590 groups
pnml2lts-seq: Regrouping took 10.520 real 10.460 user 0.010 sys
pnml2lts-seq: max token count: 10
Event Span: 323350
Normalized Event Span: 0.3233144
Weighted Event Span, moment 1 (WES^1): 346615.8
Normalized Weighted Event Span, moment 1: 0.3465777
Exit [0]
10.60 user, 0.04 system, 10.71 elapsed -- Max VSize = 71460KB, Max RSS = 33212KB
