statistics run
dve2lts-seq spec/DVE/exit.3.dve -rsc,bg,vacm,mm --regroup-exit --graph-metrics
ctit036
dve2lts-seq: Precompiled divine module initialized
dve2lts-seq: Loading model from spec/DVE/exit.3.dve
dve2lts-seq: Initializing regrouping layer
dve2lts-seq: Regroup specification: sc,bg,vacm,mm
dve2lts-seq: Regroup Select Combined matrix
dve2lts-seq: Regroup Bipartite Graph
dve2lts-seq: Regroup ViennaCL's Advanced Cuthill McKee
dve2lts-seq: bandwidth: 90
dve2lts-seq: profile: 8821
dve2lts-seq: span: 10076
dve2lts-seq: average wavefront: 52
dve2lts-seq: RMS wavefront: 59.354
dve2lts-seq: Regroup Matrix Metrics
dve2lts-seq: Regrouping: 89->89 groups
dve2lts-seq: Regrouping took 0.000 real 0.000 user 0.000 sys
Event Span: 1431
Normalized Event Span: 0.5742
Weighted Event Span, moment 1 (WES^1): 2690
Normalized Weighted Event Span, moment 1: 1.08
Exit [0]
1.69 user, 0.08 system, 1.80 elapsed -- Max VSize = 38240KB, Max RSS = 4680KB
