statistics run
pnml2lts-seq spec/PNML/rwmutex-r10w500.pnml -rsc,bn,mm --noack=2 --regroup-exit --graph-metrics
ctit010
pnml2lts-seq: Loading model from spec/PNML/rwmutex-r10w500.pnml
pnml2lts-seq: Petri net has 1030 places, 1020 transitions and 12060 arcs
pnml2lts-seq: There are 0 safe places
pnml2lts-seq: Petri net spec/PNML/rwmutex-r10w500.pnml analyzed
pnml2lts-seq: Computing Noack2 order
pnml2lts-seq: Computing Noack2 order took 0.290 real 0.290 user 0.000 sys
pnml2lts-seq: Loading Petri net took 0.400 real 0.390 user 0.010 sys
pnml2lts-seq: Initializing regrouping layer
pnml2lts-seq: Got state vector permutation from language front-end; permuting columns
pnml2lts-seq: Regroup specification: sc,bn,mm
pnml2lts-seq: Regroup Select Combined matrix
pnml2lts-seq: Regroup Boost's None
pnml2lts-seq: bandwidth: 2039
pnml2lts-seq: profile: 2651854
pnml2lts-seq: span: 848657
pnml2lts-seq: average wavefront: 641.8205
pnml2lts-seq: RMS wavefront: 724.4237
pnml2lts-seq: Regroup Matrix Metrics
pnml2lts-seq: Regrouping: 1020->1020 groups
pnml2lts-seq: Regrouping took 0.270 real 0.260 user 0.000 sys
pnml2lts-seq: max token count: 1
Event Span: 331746
Normalized Event Span: 0.3157681
Weighted Event Span, moment 1 (WES^1): 462794.6
Normalized Weighted Event Span, moment 1: 0.4405051
Exit [0]
0.66 user, 0.02 system, 0.70 elapsed -- Max VSize = 62824KB, Max RSS = 24396KB
