statistics run
prob2lts-seq --zocket-prefix=/tmp/ltsmin-266- --no-close spec/B/MutexSimpleMAXINT.mch -rsc,tg,bcm,mm --regroup-exit --graph-metrics
ctit020
prob2lts-seq: ProB module initialized
prob2lts-seq: Loading model from /tmp/ltsmin-274.probz
prob2lts-seq: ProB init
prob2lts-seq: connecting to zocket ipc:///tmp/ltsmin-274.probz

Starting LTSMin Server...
pl_init_for_lts_min
prob2lts-seq: Initializing regrouping layer
prob2lts-seq: Regroup specification: sc,tg,bcm,mm
prob2lts-seq: Regroup Select Combined matrix
prob2lts-seq: Regroup Total graph
prob2lts-seq: Regroup Boost's Cuthill McKee
prob2lts-seq: bandwidth: 13
prob2lts-seq: profile: 296
prob2lts-seq: span: 410
prob2lts-seq: average wavefront: 7.74
prob2lts-seq: RMS wavefront: 8.4
prob2lts-seq: Regroup Matrix Metrics
prob2lts-seq: Regrouping: 6->6 groups
prob2lts-seq: Regrouping took 0.000 real 0.000 user 0.000 sys
Event Span: 18
Normalized Event Span: 0.75
Weighted Event Span, moment 1 (WES^1): 30
Normalized Weighted Event Span, moment 1: 1.3
Exit [0]
0.00 user, 0.00 system, 0.10 elapsed -- Max VSize = 4196KB, Max RSS = 88KB
command-274: line 10: 34603 Killed                  probcli spec/B/MutexSimpleMAXINT.mch -ltsmin2 /tmp/ltsmin-274.probz
