statistics run
pnml2lts-seq spec/PNML/raft_06.pnml -rsc,tg,vgps,mm --regroup-exit --graph-metrics
ctit036
pnml2lts-seq: Loading model from spec/PNML/raft_06.pnml
pnml2lts-seq: Petri net has 188 places, 332 transitions and 1231 arcs
pnml2lts-seq: There are 188 safe places
pnml2lts-seq: Petri net spec/PNML/raft_06.pnml analyzed
pnml2lts-seq: Loading Petri net took 0.010 real 0.010 user 0.000 sys
pnml2lts-seq: Initializing regrouping layer
pnml2lts-seq: Regroup specification: sc,tg,vgps,mm
pnml2lts-seq: Regroup Select Combined matrix
pnml2lts-seq: Regroup Total graph
pnml2lts-seq: Regroup ViennaCL's Gibbs Poole Stockmeyer
pnml2lts-seq: bandwidth: 774
pnml2lts-seq: profile: 633803
pnml2lts-seq: span: 928726
pnml2lts-seq: average wavefront: 249.593
pnml2lts-seq: RMS wavefront: 289.2632
pnml2lts-seq: Regroup Matrix Metrics
pnml2lts-seq: Regrouping: 332->332 groups
pnml2lts-seq: Regrouping took 0.230 real 0.230 user 0.000 sys
pnml2lts-seq: max token count: 1
Event Span: 23906
Normalized Event Span: 0.38301
Weighted Event Span, moment 1 (WES^1): 37321
Normalized Weighted Event Span, moment 1: 0.59793
Exit [0]
0.24 user, 0.01 system, 0.30 elapsed -- Max VSize = 46284KB, Max RSS = 7860KB
