statistics run
pnml2lts-seq spec/PNML/SafeBus-10-unfolded.pnml -rsc,tg,vgps,mm --regroup-exit --graph-metrics
ctit032
pnml2lts-seq: Loading model from spec/PNML/SafeBus-10-unfolded.pnml
pnml2lts-seq: Petri net has 316 places, 1631 transitions and 11384 arcs
pnml2lts-seq: There are 0 safe places
pnml2lts-seq: Petri net spec/PNML/SafeBus-10-unfolded.pnml analyzed
pnml2lts-seq: Loading Petri net took 0.140 real 0.100 user 0.030 sys
pnml2lts-seq: Initializing regrouping layer
pnml2lts-seq: Regroup specification: sc,tg,vgps,mm
pnml2lts-seq: Regroup Select Combined matrix
pnml2lts-seq: Regroup Total graph
pnml2lts-seq: Regroup ViennaCL's Gibbs Poole Stockmeyer
pnml2lts-seq: bandwidth: 4407
pnml2lts-seq: profile: 31614362
pnml2lts-seq: span: 42308226
pnml2lts-seq: average wavefront: 1622.98359
pnml2lts-seq: RMS wavefront: 1930.17676
pnml2lts-seq: Regroup Matrix Metrics
pnml2lts-seq: Regrouping: 1631->1631 groups
pnml2lts-seq: Regrouping took 18.640 real 18.560 user 0.010 sys
pnml2lts-seq: max token count: 1
Event Span: 262754
Normalized Event Span: 0.50981
Weighted Event Span, moment 1 (WES^1): 462638
Normalized Weighted Event Span, moment 1: 0.897637
Exit [0]
18.67 user, 0.05 system, 18.82 elapsed -- Max VSize = 68512KB, Max RSS = 30208KB
