statistics run
pnml2lts-seq spec/PNML/2-10_phaseVariation.pnml -rsc,bg,bk,mm --regroup-exit --graph-metrics
ctit040
pnml2lts-seq: Loading model from spec/PNML/2-10_phaseVariation.pnml
pnml2lts-seq: Petri net has 14 places, 65 transitions and 443 arcs
pnml2lts-seq: There are 0 safe places
pnml2lts-seq: Petri net spec/PNML/2-10_phaseVariation.pnml analyzed
pnml2lts-seq: Loading Petri net took 0.000 real 0.000 user 0.000 sys
pnml2lts-seq: Initializing regrouping layer
pnml2lts-seq: Regroup specification: sc,bg,bk,mm
pnml2lts-seq: Regroup Select Combined matrix
pnml2lts-seq: Regroup Bipartite Graph
pnml2lts-seq: Regroup Boost's King
pnml2lts-seq: bandwidth: 61
pnml2lts-seq: profile: 2839
pnml2lts-seq: span: 1775
pnml2lts-seq: average wavefront: 12.56
pnml2lts-seq: RMS wavefront: 13.03
pnml2lts-seq: Regroup Matrix Metrics
pnml2lts-seq: Regrouping: 65->65 groups
pnml2lts-seq: Regrouping took 0.000 real 0.000 user 0.000 sys
pnml2lts-seq: max token count: 3
Event Span: 633
Normalized Event Span: 0.696
Weighted Event Span, moment 1 (WES^1): 1.08e+03
Normalized Weighted Event Span, moment 1: 1.18
Exit [0]
0.00 user, 0.01 system, 0.10 elapsed -- Max VSize = 4196KB, Max RSS = 88KB
