statistics run
prob2lts-seq --zocket-prefix=/tmp/ltsmin-378- --no-close spec/B/SiemensMiniPilot_Abrial_mch_0.mch -rsc,bg,bs,mm --regroup-exit --graph-metrics
ctit040
prob2lts-seq: ProB module initialized
prob2lts-seq: Loading model from /tmp/ltsmin-382.probz
prob2lts-seq: ProB init
prob2lts-seq: connecting to zocket ipc:///tmp/ltsmin-382.probz
% set_pref(SHOW_EVENTB_ANY_VALUES,show_eventb_any_arguments,true)

Starting LTSMin Server...
pl_init_for_lts_min
prob2lts-seq: Initializing regrouping layer
prob2lts-seq: Regroup specification: sc,bg,bs,mm
prob2lts-seq: Regroup Select Combined matrix
prob2lts-seq: Regroup Bipartite Graph
prob2lts-seq: Regroup Boost's Sloan
prob2lts-seq: bandwidth: 16
prob2lts-seq: profile: 223
prob2lts-seq: span: 204
prob2lts-seq: average wavefront: 5.15
prob2lts-seq: RMS wavefront: 5.64
prob2lts-seq: Regroup Matrix Metrics
prob2lts-seq: Regrouping: 10->10 groups
prob2lts-seq: Regrouping took 0.000 real 0.000 user 0.000 sys
Event Span: 61
Normalized Event Span: 0.61
Weighted Event Span, moment 1 (WES^1): 91
Normalized Weighted Event Span, moment 1: 0.91
Exit [0]
0.01 user, 0.01 system, 0.10 elapsed -- Max VSize = 4196KB, Max RSS = 84KB
command-382: line 10: 17484 Killed                  probcli spec/B/SiemensMiniPilot_Abrial_mch_0.mch -ltsmin2 /tmp/ltsmin-382.probz
