statistics run
dve2lts-seq spec/DVE/anderson.4.dve -rsc,tg,bk,mm --regroup-exit --graph-metrics
ctit019
dve2lts-seq: Precompiled divine module initialized
dve2lts-seq: Loading model from spec/DVE/anderson.4.dve
dve2lts-seq: Initializing regrouping layer
dve2lts-seq: Regroup specification: sc,tg,bk,mm
dve2lts-seq: Regroup Select Combined matrix
dve2lts-seq: Regroup Total graph
dve2lts-seq: Regroup Boost's King
dve2lts-seq: bandwidth: 65
dve2lts-seq: profile: 6433
dve2lts-seq: span: 8572
dve2lts-seq: average wavefront: 23.546
dve2lts-seq: RMS wavefront: 25.954
dve2lts-seq: Regroup Matrix Metrics
dve2lts-seq: Regrouping: 24->24 groups
dve2lts-seq: Regrouping took 0.000 real 0.000 user 0.000 sys
Event Span: 161
Normalized Event Span: 0.516
Weighted Event Span, moment 1 (WES^1): 256
Normalized Weighted Event Span, moment 1: 0.819
Exit [0]
0.30 user, 0.05 system, 0.40 elapsed -- Max VSize = 38240KB, Max RSS = 4748KB
