statistics run
pnml2lts-seq spec/PNML/echo-d2r11.pnml -rsc,f,mm --regroup-exit
ctit009
pnml2lts-seq: Loading model from spec/PNML/echo-d2r11.pnml
pnml2lts-seq: Petri net has 1119 places, 874 transitions and 4996 arcs
pnml2lts-seq: There are 0 safe places
pnml2lts-seq: Petri net spec/PNML/echo-d2r11.pnml analyzed
pnml2lts-seq: Loading Petri net took 0.060 real 0.040 user 0.010 sys
pnml2lts-seq: Initializing regrouping layer
pnml2lts-seq: Regroup specification: sc,f,mm
pnml2lts-seq: Regroup Select Combined matrix
pnml2lts-seq: Regroup FORCE
pnml2lts-seq: Regroup Matrix Metrics
pnml2lts-seq: Regrouping: 874->874 groups
pnml2lts-seq: Regrouping took 0.120 real 0.120 user 0.000 sys
pnml2lts-seq: max token count: 1
Event Span: 154540
Normalized Event Span: 0.158015
Weighted Event Span, moment 1 (WES^1): 184964
Normalized Weighted Event Span, moment 1: 0.189123
Exit [0]
0.17 user, 0.02 system, 0.20 elapsed -- Max VSize = 53504KB, Max RSS = 15100KB
