statistics run
pnml2lts-seq spec/PNML/Philosophers-50.pnml -rsc,f,mm --regroup-exit
ctit026
pnml2lts-seq: Loading model from spec/PNML/Philosophers-50.pnml
pnml2lts-seq: Petri net has 250 places, 250 transitions and 800 arcs
pnml2lts-seq: There are 0 safe places
pnml2lts-seq: Petri net spec/PNML/Philosophers-50.pnml analyzed
pnml2lts-seq: Loading Petri net took 0.010 real 0.010 user 0.000 sys
pnml2lts-seq: Initializing regrouping layer
pnml2lts-seq: Regroup specification: sc,f,mm
pnml2lts-seq: Regroup Select Combined matrix
pnml2lts-seq: Regroup FORCE
pnml2lts-seq: Regroup Matrix Metrics
pnml2lts-seq: Regrouping: 250->250 groups
pnml2lts-seq: Regrouping took 0.010 real 0.010 user 0.000 sys
pnml2lts-seq: max token count: 1
Event Span: 2412
Normalized Event Span: 0.038592
Weighted Event Span, moment 1 (WES^1): 2630.7
Normalized Weighted Event Span, moment 1: 0.042091
Exit [0]
0.03 user, 0.00 system, 0.10 elapsed -- Max VSize = 4196KB, Max RSS = 88KB
