statistics run
dve2lts-seq spec/DVE/firewire_tree.1.dve -rsc,tg,vcm,mm --regroup-exit --graph-metrics
ctit007
dve2lts-seq: Precompiled divine module initialized
dve2lts-seq: Loading model from spec/DVE/firewire_tree.1.dve
dve2lts-seq: Initializing regrouping layer
dve2lts-seq: Regroup specification: sc,tg,vcm,mm
dve2lts-seq: Regroup Select Combined matrix
dve2lts-seq: Regroup Total graph
dve2lts-seq: Regroup ViennaCL's Cuthill McKee
dve2lts-seq: bandwidth: 3683
dve2lts-seq: profile: 11143088
dve2lts-seq: span: 12120956
dve2lts-seq: average wavefront: 1599.2404
dve2lts-seq: RMS wavefront: 1899.553
dve2lts-seq: Regroup Matrix Metrics
dve2lts-seq: Regrouping: 504->504 groups
dve2lts-seq: Regrouping took 2.650 real 2.630 user 0.020 sys
Event Span: 27035
Normalized Event Span: 0.31369
Weighted Event Span, moment 1 (WES^1): 37547
Normalized Weighted Event Span, moment 1: 0.43566
Exit [0]
15.65 user, 0.49 system, 16.22 elapsed -- Max VSize = 53080KB, Max RSS = 17588KB
