statistics run
pnml2lts-seq spec/PNML/shared_memory-pt-20.pnml -rsc,bn,mm --noack=2 --regroup-exit --graph-metrics
ctit009
pnml2lts-seq: Loading model from spec/PNML/shared_memory-pt-20.pnml
pnml2lts-seq: Petri net has 461 places, 820 transitions and 3200 arcs
pnml2lts-seq: There are 0 safe places
pnml2lts-seq: Petri net spec/PNML/shared_memory-pt-20.pnml analyzed
pnml2lts-seq: Computing Noack2 order
pnml2lts-seq: Computing Noack2 order took 0.020 real 0.020 user 0.000 sys
pnml2lts-seq: Loading Petri net took 0.080 real 0.070 user 0.010 sys
pnml2lts-seq: Initializing regrouping layer
pnml2lts-seq: Got state vector permutation from language front-end; permuting columns
pnml2lts-seq: Regroup specification: sc,bn,mm
pnml2lts-seq: Regroup Select Combined matrix
pnml2lts-seq: Regroup Boost's None
pnml2lts-seq: bandwidth: 1266
pnml2lts-seq: profile: 1032342
pnml2lts-seq: span: 373889
pnml2lts-seq: average wavefront: 302.1858
pnml2lts-seq: RMS wavefront: 335.3159
pnml2lts-seq: Regroup Matrix Metrics
pnml2lts-seq: Regrouping: 820->820 groups
pnml2lts-seq: Regrouping took 0.060 real 0.060 user 0.000 sys
pnml2lts-seq: max token count: 1
Event Span: 190245
Normalized Event Span: 0.503267
Weighted Event Span, moment 1 (WES^1): 289626
Normalized Weighted Event Span, moment 1: 0.766165
Exit [0]
0.14 user, 0.02 system, 0.20 elapsed -- Max VSize = 53628KB, Max RSS = 15232KB
