statistics run
prom2lts-seq spec/Promela/sorter.3.prom.spins -rsc,bg,bk,mm --regroup-exit --graph-metrics
ctit014
prom2lts-seq: Precompiled SpinS module initialized
prom2lts-seq: Loading model from spec/Promela/sorter.3.prom.spins
prom2lts-seq: Initializing regrouping layer
prom2lts-seq: Regroup specification: sc,bg,bk,mm
prom2lts-seq: Regroup Select Combined matrix
prom2lts-seq: Regroup Bipartite Graph
prom2lts-seq: Regroup Boost's King
prom2lts-seq: bandwidth: 63
prom2lts-seq: profile: 4174
prom2lts-seq: span: 4894
prom2lts-seq: average wavefront: 26.9
prom2lts-seq: RMS wavefront: 32.92
prom2lts-seq: Regroup Matrix Metrics
prom2lts-seq: Regrouping: 58->58 groups
Event Span: 867
Normalized Event Span: 0.4271
Weighted Event Span, moment 1 (WES^1): 938.3
Normalized Weighted Event Span, moment 1: 0.4622
prom2lts-seq: Regrouping took 0.000 real 0.000 user 0.000 sys
Exit [0]
0.00 user, 0.01 system, 0.10 elapsed -- Max VSize = 4196KB, Max RSS = 88KB
