statistics run
pnml2lts-seq spec/PNML/rwmutex-r10w50.pnml -rsc,bg,bk,mm --regroup-exit --graph-metrics
ctit026
pnml2lts-seq: Loading model from spec/PNML/rwmutex-r10w50.pnml
pnml2lts-seq: Petri net has 130 places, 120 transitions and 1260 arcs
pnml2lts-seq: There are 0 safe places
pnml2lts-seq: Petri net spec/PNML/rwmutex-r10w50.pnml analyzed
pnml2lts-seq: Loading Petri net took 0.010 real 0.000 user 0.000 sys
pnml2lts-seq: Initializing regrouping layer
pnml2lts-seq: Regroup specification: sc,bg,bk,mm
pnml2lts-seq: Regroup Select Combined matrix
pnml2lts-seq: Regroup Bipartite Graph
pnml2lts-seq: Regroup Boost's King
pnml2lts-seq: bandwidth: 133
pnml2lts-seq: profile: 27346
pnml2lts-seq: span: 23625
pnml2lts-seq: average wavefront: 50.628
pnml2lts-seq: RMS wavefront: 60.264
pnml2lts-seq: Regroup Matrix Metrics
pnml2lts-seq: Regrouping: 120->120 groups
pnml2lts-seq: Regrouping took 0.010 real 0.010 user 0.000 sys
pnml2lts-seq: max token count: 1
Event Span: 8158
Normalized Event Span: 0.52295
Weighted Event Span, moment 1 (WES^1): 11049
Normalized Weighted Event Span, moment 1: 0.70829
Exit [0]
0.01 user, 0.01 system, 0.10 elapsed -- Max VSize = 4196KB, Max RSS = 88KB
