statistics run
pnml2lts-seq spec/PNML/echo-d2r19.pnml -rsc,bg,bcm,mm --regroup-exit --graph-metrics
ctit009
pnml2lts-seq: Loading model from spec/PNML/echo-d2r19.pnml
pnml2lts-seq: Petri net has 3455 places, 2730 transitions and 15940 arcs
pnml2lts-seq: There are 0 safe places
pnml2lts-seq: Petri net spec/PNML/echo-d2r19.pnml analyzed
pnml2lts-seq: Loading Petri net took 0.310 real 0.270 user 0.030 sys
pnml2lts-seq: Initializing regrouping layer
pnml2lts-seq: Regroup specification: sc,bg,bcm,mm
pnml2lts-seq: Regroup Select Combined matrix
pnml2lts-seq: Regroup Bipartite Graph
pnml2lts-seq: Regroup Boost's Cuthill McKee
pnml2lts-seq: bandwidth: 183
pnml2lts-seq: profile: 735837
pnml2lts-seq: span: 950350
pnml2lts-seq: average wavefront: 76.095715
pnml2lts-seq: RMS wavefront: 81.789457
pnml2lts-seq: Regroup Matrix Metrics
pnml2lts-seq: Regrouping: 2730->2730 groups
pnml2lts-seq: Regrouping took 1.380 real 1.360 user 0.010 sys
pnml2lts-seq: max token count: 1
Event Span: 358778
Normalized Event Span: 0.03803778
Weighted Event Span, moment 1 (WES^1): 369473.5
Normalized Weighted Event Span, moment 1: 0.03917171
Exit [0]
1.64 user, 0.06 system, 1.80 elapsed -- Max VSize = 99588KB, Max RSS = 61180KB
