statistics run
pnml2lts-seq spec/PNML/sg-2-1-2.pnml -rsc,bn,mm --regroup-exit --graph-metrics
ctit017
pnml2lts-seq: Loading model from spec/PNML/sg-2-1-2.pnml
pnml2lts-seq: Petri net has 68 places, 72 transitions and 288 arcs
pnml2lts-seq: There are 0 safe places
pnml2lts-seq: Petri net spec/PNML/sg-2-1-2.pnml analyzed
pnml2lts-seq: Loading Petri net took 0.000 real 0.000 user 0.000 sys
pnml2lts-seq: Initializing regrouping layer
pnml2lts-seq: Regroup specification: sc,bn,mm
pnml2lts-seq: Regroup Select Combined matrix
pnml2lts-seq: Regroup Boost's None
pnml2lts-seq: bandwidth: 136
pnml2lts-seq: profile: 12969
pnml2lts-seq: span: 5776
pnml2lts-seq: average wavefront: 42.343
pnml2lts-seq: RMS wavefront: 46.856
pnml2lts-seq: Regroup Matrix Metrics
pnml2lts-seq: Regrouping: 72->72 groups
pnml2lts-seq: Regrouping took 0.000 real 0.000 user 0.000 sys
pnml2lts-seq: max token count: 2
Event Span: 2980
Normalized Event Span: 0.6087
Weighted Event Span, moment 1 (WES^1): 4500
Normalized Weighted Event Span, moment 1: 0.919
Exit [0]
0.01 user, 0.01 system, 0.10 elapsed -- Max VSize = 4196KB, Max RSS = 88KB
