statistics run
pnml2lts-seq spec/PNML/Philosophers-5.pnml -rsc,bn,mm --regroup-exit --graph-metrics
ctit035
pnml2lts-seq: Loading model from spec/PNML/Philosophers-5.pnml
pnml2lts-seq: Petri net has 25 places, 25 transitions and 80 arcs
pnml2lts-seq: There are 0 safe places
pnml2lts-seq: Petri net spec/PNML/Philosophers-5.pnml analyzed
pnml2lts-seq: Loading Petri net took 0.000 real 0.000 user 0.000 sys
pnml2lts-seq: Initializing regrouping layer
pnml2lts-seq: Regroup specification: sc,bn,mm
pnml2lts-seq: Regroup Select Combined matrix
pnml2lts-seq: Regroup Boost's None
pnml2lts-seq: bandwidth: 38
pnml2lts-seq: profile: 1642
pnml2lts-seq: span: 767
pnml2lts-seq: average wavefront: 16.88
pnml2lts-seq: RMS wavefront: 18.63
pnml2lts-seq: Regroup Matrix Metrics
pnml2lts-seq: Regrouping: 25->25 groups
pnml2lts-seq: Regrouping took 0.000 real 0.000 user 0.010 sys
pnml2lts-seq: max token count: 1
Event Span: 398
Normalized Event Span: 0.637
Weighted Event Span, moment 1 (WES^1): 670
Normalized Weighted Event Span, moment 1: 1.07
Exit [0]
0.00 user, 0.01 system, 0.10 elapsed -- Max VSize = 4196KB, Max RSS = 88KB
