statistics run
dve2lts-seq spec/DVE/production_cell.5.dve -rsc,bg,vgps,mm --regroup-exit --graph-metrics
ctit011
dve2lts-seq: Precompiled divine module initialized
dve2lts-seq: Loading model from spec/DVE/production_cell.5.dve
dve2lts-seq: Initializing regrouping layer
dve2lts-seq: Regroup specification: sc,bg,vgps,mm
dve2lts-seq: Regroup Select Combined matrix
dve2lts-seq: Regroup Bipartite Graph
dve2lts-seq: Regroup ViennaCL's Gibbs Poole Stockmeyer
dve2lts-seq: bandwidth: 23
dve2lts-seq: profile: 1406
dve2lts-seq: span: 2056
dve2lts-seq: average wavefront: 14.09
dve2lts-seq: RMS wavefront: 15.22
dve2lts-seq: Regroup Matrix Metrics
dve2lts-seq: Regrouping: 56->56 groups
dve2lts-seq: Regrouping took 0.000 real 0.000 user 0.000 sys
Event Span: 448
Normalized Event Span: 0.3333
Weighted Event Span, moment 1 (WES^1): 562.1
Normalized Weighted Event Span, moment 1: 0.4182
Exit [0]
1.01 user, 0.10 system, 1.20 elapsed -- Max VSize = 38240KB, Max RSS = 4748KB
