statistics run
pnml2lts-seq spec/PNML/PolyORB-NT-S10-J80-unfolded.pnml -rsc,tg,bk,mm --regroup-exit --graph-metrics
ctit008
pnml2lts-seq: Loading model from spec/PNML/PolyORB-NT-S10-J80-unfolded.pnml
pnml2lts-seq: Petri net has 1614 places, 13500 transitions and 119759 arcs
pnml2lts-seq: There are 0 safe places
pnml2lts-seq: Petri net spec/PNML/PolyORB-NT-S10-J80-unfolded.pnml analyzed
pnml2lts-seq: Loading Petri net took 1.670 real 1.550 user 0.110 sys
pnml2lts-seq: Initializing regrouping layer
pnml2lts-seq: Regroup specification: sc,tg,bk,mm
pnml2lts-seq: Regroup Select Combined matrix
pnml2lts-seq: Regroup Total graph
pnml2lts-seq: Regroup Boost's King
pnml2lts-seq: bandwidth: 89322
pnml2lts-seq: profile: 8419763923
pnml2lts-seq: span: 10536363568
pnml2lts-seq: average wavefront: 29212.771868
pnml2lts-seq: RMS wavefront: 33797.130079
pnml2lts-seq: Regroup Matrix Metrics
pnml2lts-seq: Regrouping: 13500->13500 groups
pnml2lts-seq: Regrouping took 2722.550 real 2717.290 user 0.580 sys
pnml2lts-seq: max token count: 10
Event Span: 2187620
Normalized Event Span: 0.1004002
Weighted Event Span, moment 1 (WES^1): 2244435.5
Normalized Weighted Event Span, moment 1: 0.10300773
Exit [0]
2718.85 user, 0.70 system, 2724.33 elapsed -- Max VSize = 319120KB, Max RSS = 281976KB
