statistics run
lps2lts-seq --mcrl2-rewriter=jitty spec/mCRL2/phonebook5.mcrl2.suminst.lps -rsc,tg,bk,mm --regroup-exit --graph-metrics
ctit003
lps2lts-seq: mCRL2 language module initialized
lps2lts-seq: Loading model from spec/mCRL2/phonebook5.mcrl2.suminst.lps
lps2lts-seq: mCRL2 rewriter: jitty
lps2lts-seq: Initializing regrouping layer
lps2lts-seq: Regroup specification: sc,tg,bk,mm
lps2lts-seq: Regroup Select Combined matrix
lps2lts-seq: Regroup Total graph
lps2lts-seq: Regroup Boost's King
lps2lts-seq: bandwidth: 55
lps2lts-seq: profile: 2282
lps2lts-seq: span: 2978
lps2lts-seq: average wavefront: 19.78
lps2lts-seq: RMS wavefront: 22.01
lps2lts-seq: Regroup Matrix Metrics
lps2lts-seq: Regrouping: 16->16 groups
lps2lts-seq: Regrouping took 0.000 real 0.000 user 0.000 sys
Event Span: 45
Normalized Event Span: 0.94
Weighted Event Span, moment 1 (WES^1): 90
Normalized Weighted Event Span, moment 1: 1.9
Exit [0]
0.03 user, 0.00 system, 0.10 elapsed -- Max VSize = 4196KB, Max RSS = 88KB
