statistics run
dve2lts-seq spec/DVE/elevator.1.dve -rsc,bg,bs,mm --regroup-exit --graph-metrics
ctit018
dve2lts-seq: Precompiled divine module initialized
dve2lts-seq: Loading model from spec/DVE/elevator.1.dve
dve2lts-seq: Initializing regrouping layer
dve2lts-seq: Regroup specification: sc,bg,bs,mm
dve2lts-seq: Regroup Select Combined matrix
dve2lts-seq: Regroup Bipartite Graph
dve2lts-seq: Regroup Boost's Sloan
dve2lts-seq: bandwidth: 49
dve2lts-seq: profile: 1946
dve2lts-seq: span: 2055
dve2lts-seq: average wavefront: 12.62
dve2lts-seq: RMS wavefront: 13.38
dve2lts-seq: Regroup Matrix Metrics
dve2lts-seq: Regrouping: 38->38 groups
dve2lts-seq: Regrouping took 0.000 real 0.000 user 0.000 sys
Event Span: 615
Normalized Event Span: 0.5994
Weighted Event Span, moment 1 (WES^1): 1055
Normalized Weighted Event Span, moment 1: 1.028
Exit [0]
0.61 user, 0.05 system, 0.70 elapsed -- Max VSize = 38240KB, Max RSS = 4752KB
