statistics run
pnml2lts-seq spec/PNML/lamport_fmea-6.pnml -rsc,bg,vacm,mm --regroup-exit --graph-metrics
ctit017
pnml2lts-seq: Loading model from spec/PNML/lamport_fmea-6.pnml
pnml2lts-seq: Petri net has 217 places, 420 transitions and 1834 arcs
pnml2lts-seq: There are 0 safe places
pnml2lts-seq: Petri net spec/PNML/lamport_fmea-6.pnml analyzed
pnml2lts-seq: Loading Petri net took 0.020 real 0.020 user 0.000 sys
pnml2lts-seq: Initializing regrouping layer
pnml2lts-seq: Regroup specification: sc,bg,vacm,mm
pnml2lts-seq: Regroup Select Combined matrix
pnml2lts-seq: Regroup Bipartite Graph
pnml2lts-seq: Regroup ViennaCL's Advanced Cuthill McKee
pnml2lts-seq: bandwidth: 282
pnml2lts-seq: profile: 113493
pnml2lts-seq: span: 150311
pnml2lts-seq: average wavefront: 150.312
pnml2lts-seq: RMS wavefront: 165.537
pnml2lts-seq: Regroup Matrix Metrics
pnml2lts-seq: Regrouping: 420->420 groups
pnml2lts-seq: Regrouping took 0.020 real 0.020 user 0.000 sys
pnml2lts-seq: max token count: 1
Event Span: 36576
Normalized Event Span: 0.40132
Weighted Event Span, moment 1 (WES^1): 49852
Normalized Weighted Event Span, moment 1: 0.54698
Exit [0]
0.04 user, 0.01 system, 0.10 elapsed -- Max VSize = 4192KB, Max RSS = 80KB
