statistics run
lps2lts-seq --mcrl2-rewriter=jitty spec/mCRL2/rubiks_cube.mcrl2.suminst.lps -rsc,bg,vacm,mm --regroup-exit --graph-metrics
ctit012
lps2lts-seq: mCRL2 language module initialized
lps2lts-seq: Loading model from spec/mCRL2/rubiks_cube.mcrl2.suminst.lps
lps2lts-seq: mCRL2 rewriter: jitty
lps2lts-seq: Initializing regrouping layer
lps2lts-seq: Regroup specification: sc,bg,vacm,mm
lps2lts-seq: Regroup Select Combined matrix
lps2lts-seq: Regroup Bipartite Graph
lps2lts-seq: Regroup ViennaCL's Advanced Cuthill McKee
lps2lts-seq: bandwidth: 11
lps2lts-seq: profile: 91
lps2lts-seq: span: 25
lps2lts-seq: average wavefront: 6.15
lps2lts-seq: RMS wavefront: 7.09
lps2lts-seq: Regroup Matrix Metrics
lps2lts-seq: Regrouping: 12->12 groups
lps2lts-seq: Regrouping took 0.000 real 0.000 user 0.000 sys
Event Span: 12
Normalized Event Span: 1
Weighted Event Span, moment 1 (WES^1): 24
Normalized Weighted Event Span, moment 1: 2
Exit [0]
0.03 user, 0.01 system, 0.10 elapsed -- Max VSize = 4196KB, Max RSS = 88KB
