statistics run
dve2lts-seq spec/DVE/anderson.3.dve -rsc,tg,bcm,mm --regroup-exit --graph-metrics
ctit001
dve2lts-seq: Precompiled divine module initialized
dve2lts-seq: Loading model from spec/DVE/anderson.3.dve
dve2lts-seq: Initializing regrouping layer
dve2lts-seq: Regroup specification: sc,tg,bcm,mm
dve2lts-seq: Regroup Select Combined matrix
dve2lts-seq: Regroup Total graph
dve2lts-seq: Regroup Boost's Cuthill McKee
dve2lts-seq: bandwidth: 36
dve2lts-seq: profile: 2491
dve2lts-seq: span: 3477
dve2lts-seq: average wavefront: 15.11
dve2lts-seq: RMS wavefront: 16.35
dve2lts-seq: Regroup Matrix Metrics
dve2lts-seq: Regrouping: 18->18 groups
dve2lts-seq: Regrouping took 0.000 real 0.000 user 0.000 sys
Event Span: 94
Normalized Event Span: 0.522
Weighted Event Span, moment 1 (WES^1): 150
Normalized Weighted Event Span, moment 1: 0.836
Exit [0]
0.32 user, 0.03 system, 0.40 elapsed -- Max VSize = 38240KB, Max RSS = 4744KB
