statistics run
pnml2lts-seq spec/PNML/neoelection-2.unf.pnml -rsc,bg,bk,mm --regroup-exit --graph-metrics
ctit003
pnml2lts-seq: Loading model from spec/PNML/neoelection-2.unf.pnml
pnml2lts-seq: Petri net has 438 places, 357 transitions and 1998 arcs
pnml2lts-seq: There are 0 safe places
pnml2lts-seq: Petri net spec/PNML/neoelection-2.unf.pnml analyzed
pnml2lts-seq: Loading Petri net took 0.030 real 0.010 user 0.010 sys
pnml2lts-seq: Initializing regrouping layer
pnml2lts-seq: Regroup specification: sc,bg,bk,mm
pnml2lts-seq: Regroup Select Combined matrix
pnml2lts-seq: Regroup Bipartite Graph
pnml2lts-seq: Regroup Boost's King
pnml2lts-seq: bandwidth: 180
pnml2lts-seq: profile: 60564
pnml2lts-seq: span: 79926
pnml2lts-seq: average wavefront: 50.1132
pnml2lts-seq: RMS wavefront: 69.4743
pnml2lts-seq: Regroup Matrix Metrics
pnml2lts-seq: Regrouping: 357->357 groups
pnml2lts-seq: Regrouping took 0.030 real 0.030 user 0.000 sys
pnml2lts-seq: max token count: 1
Event Span: 18599
Normalized Event Span: 0.118945
Weighted Event Span, moment 1 (WES^1): 10172.1
Normalized Weighted Event Span, moment 1: 0.0650534
Exit [0]
0.04 user, 0.01 system, 0.10 elapsed -- Max VSize = 4196KB, Max RSS = 88KB
