statistics run
pnml2lts-seq spec/PNML/PolyORB-NT-S10-J20-unfolded.pnml -rsc,bn,mm --noack=2 --regroup-exit --graph-metrics
ctit007
pnml2lts-seq: Loading model from spec/PNML/PolyORB-NT-S10-J20-unfolded.pnml
pnml2lts-seq: Petri net has 474 places, 11760 transitions and 111119 arcs
pnml2lts-seq: There are 0 safe places
pnml2lts-seq: Petri net spec/PNML/PolyORB-NT-S10-J20-unfolded.pnml analyzed
pnml2lts-seq: Computing Noack2 order
pnml2lts-seq: Computing Noack2 order took 4.960 real 4.950 user 0.000 sys
pnml2lts-seq: Loading Petri net took 6.460 real 6.280 user 0.160 sys
pnml2lts-seq: Initializing regrouping layer
pnml2lts-seq: Got state vector permutation from language front-end; permuting columns
pnml2lts-seq: Regroup specification: sc,bn,mm
pnml2lts-seq: Regroup Select Combined matrix
pnml2lts-seq: Regroup Boost's None
pnml2lts-seq: bandwidth: 12055
pnml2lts-seq: profile: 73933298
pnml2lts-seq: span: 3191007
pnml2lts-seq: average wavefront: 352.87077
pnml2lts-seq: RMS wavefront: 371.938656
pnml2lts-seq: Regroup Matrix Metrics
pnml2lts-seq: Regrouping: 11760->11760 groups
pnml2lts-seq: Regrouping took 21.590 real 21.550 user 0.010 sys
pnml2lts-seq: max token count: 10
Event Span: 352360
Normalized Event Span: 0.0632122
Weighted Event Span, moment 1 (WES^1): 663667
Normalized Weighted Event Span, moment 1: 0.1190596
Exit [0]
27.83 user, 0.22 system, 28.13 elapsed -- Max VSize = 284892KB, Max RSS = 246720KB
