statistics run
pnml2lts-seq spec/PNML/TokenRing-15-unfolded.pnml -rsc,bn,mm --noack=2 --regroup-exit --graph-metrics
ctit024
pnml2lts-seq: Loading model from spec/PNML/TokenRing-15-unfolded.pnml
pnml2lts-seq: Petri net has 256 places, 3616 transitions and 14464 arcs
pnml2lts-seq: There are 0 safe places
pnml2lts-seq: Petri net spec/PNML/TokenRing-15-unfolded.pnml analyzed
pnml2lts-seq: Computing Noack2 order
pnml2lts-seq: Computing Noack2 order took 0.070 real 0.070 user 0.000 sys
pnml2lts-seq: Loading Petri net took 0.320 real 0.280 user 0.040 sys
pnml2lts-seq: Initializing regrouping layer
pnml2lts-seq: Got state vector permutation from language front-end; permuting columns
pnml2lts-seq: Regroup specification: sc,bn,mm
pnml2lts-seq: Regroup Select Combined matrix
pnml2lts-seq: Regroup Boost's None
pnml2lts-seq: bandwidth: 3848
pnml2lts-seq: profile: 8105833
pnml2lts-seq: span: 1215061
pnml2lts-seq: average wavefront: 242.83264
pnml2lts-seq: RMS wavefront: 246.83574
pnml2lts-seq: Regroup Matrix Metrics
pnml2lts-seq: Regrouping: 3616->3616 groups
pnml2lts-seq: Regrouping took 0.360 real 0.350 user 0.000 sys
pnml2lts-seq: max token count: 1
Event Span: 332185
Normalized Event Span: 0.358849
Weighted Event Span, moment 1 (WES^1): 499000
Normalized Weighted Event Span, moment 1: 0.539054
Exit [0]
0.63 user, 0.05 system, 0.70 elapsed -- Max VSize = 81024KB, Max RSS = 42536KB
