statistics run
pnml2lts-seq spec/PNML/parking_4_16.pnml -rsc,tg,bs,mm --regroup-exit --graph-metrics
ctit014
pnml2lts-seq: Loading model from spec/PNML/parking_4_16.pnml
pnml2lts-seq: Petri net has 305 places, 433 transitions and 1289 arcs
pnml2lts-seq: There are 305 safe places
pnml2lts-seq: Petri net spec/PNML/parking_4_16.pnml analyzed
pnml2lts-seq: Loading Petri net took 0.030 real 0.010 user 0.010 sys
pnml2lts-seq: Initializing regrouping layer
pnml2lts-seq: Regroup specification: sc,tg,bs,mm
pnml2lts-seq: Regroup Select Combined matrix
pnml2lts-seq: Regroup Total graph
pnml2lts-seq: Regroup Boost's Sloan
pnml2lts-seq: bandwidth: 1644
pnml2lts-seq: profile: 335848
pnml2lts-seq: span: 359726
pnml2lts-seq: average wavefront: 55.16319
pnml2lts-seq: RMS wavefront: 62.11381
pnml2lts-seq: Regroup Matrix Metrics
pnml2lts-seq: Regrouping: 433->433 groups
pnml2lts-seq: Regrouping took 0.350 real 0.350 user 0.000 sys
pnml2lts-seq: max token count: 1
Event Span: 9677
Normalized Event Span: 0.0732745
Weighted Event Span, moment 1 (WES^1): 11637.8
Normalized Weighted Event Span, moment 1: 0.0881218
Exit [0]
0.36 user, 0.01 system, 0.40 elapsed -- Max VSize = 47188KB, Max RSS = 8936KB
