statistics run
pnml2lts-seq spec/PNML/MultiwaySync.pnml -rsc,bg,bcm,mm --regroup-exit --graph-metrics
ctit009
pnml2lts-seq: Loading model from spec/PNML/MultiwaySync.pnml
pnml2lts-seq: Petri net has 222 places, 472 transitions and 1496 arcs
pnml2lts-seq: There are 222 safe places
pnml2lts-seq: Petri net spec/PNML/MultiwaySync.pnml analyzed
pnml2lts-seq: Loading Petri net took 0.010 real 0.010 user 0.000 sys
pnml2lts-seq: Initializing regrouping layer
pnml2lts-seq: Regroup specification: sc,bg,bcm,mm
pnml2lts-seq: Regroup Select Combined matrix
pnml2lts-seq: Regroup Bipartite Graph
pnml2lts-seq: Regroup Boost's Cuthill McKee
pnml2lts-seq: bandwidth: 312
pnml2lts-seq: profile: 152064
pnml2lts-seq: span: 192579
pnml2lts-seq: average wavefront: 131.275
pnml2lts-seq: RMS wavefront: 157.264
pnml2lts-seq: Regroup Matrix Metrics
pnml2lts-seq: Regrouping: 472->472 groups
Event Span: 38108
Normalized Event Span: 0.363681
Weighted Event Span, moment 1 (WES^1): 53425.4
Normalized Weighted Event Span, moment 1: 0.509862
pnml2lts-seq: Regrouping took 0.010 real 0.020 user 0.000 sys
pnml2lts-seq: max token count: 1
Exit [0]
0.03 user, 0.01 system, 0.10 elapsed -- Max VSize = 4196KB, Max RSS = 88KB
