statistics run
pnml2lts-seq spec/PNML/neoelection-6.unf.pnml -rsc,tg,vacm,mm --regroup-exit --graph-metrics
ctit035
pnml2lts-seq: Loading model from spec/PNML/neoelection-6.unf.pnml
pnml2lts-seq: Petri net has 4830 places, 8435 transitions and 49028 arcs
pnml2lts-seq: There are 0 safe places
pnml2lts-seq: Petri net spec/PNML/neoelection-6.unf.pnml analyzed
pnml2lts-seq: Loading Petri net took 1.400 real 1.150 user 0.070 sys
pnml2lts-seq: Initializing regrouping layer
pnml2lts-seq: Regroup specification: sc,tg,vacm,mm
pnml2lts-seq: Regroup Select Combined matrix
pnml2lts-seq: Regroup Total graph
pnml2lts-seq: Regroup ViennaCL's Advanced Cuthill McKee
pnml2lts-seq: bandwidth: 28781
pnml2lts-seq: profile: 949195900
pnml2lts-seq: span: 1235829691
pnml2lts-seq: average wavefront: 12802.68099
pnml2lts-seq: RMS wavefront: 15496.2863
pnml2lts-seq: Regroup Matrix Metrics
pnml2lts-seq: Regrouping: 8435->8435 groups
pnml2lts-seq: Regrouping took 584.730 real 561.960 user 0.220 sys
pnml2lts-seq: max token count: 1
Event Span: 4557990
Normalized Event Span: 0.11187709
Weighted Event Span, moment 1 (WES^1): 8636541.4
Normalized Weighted Event Span, moment 1: 0.21198623
Exit [0]
563.11 user, 0.35 system, 586.25 elapsed -- Max VSize = 276712KB, Max RSS = 238500KB
