statistics run
pnml2lts-seq spec/PNML/2D8_gradient_20x20_150.pnml -rsc,tg,vcm,mm --regroup-exit --graph-metrics
ctit025
pnml2lts-seq: Loading model from spec/PNML/2D8_gradient_20x20_150.pnml
pnml2lts-seq: Petri net has 400 places, 2964 transitions and 5928 arcs
pnml2lts-seq: There are 0 safe places
pnml2lts-seq: Petri net spec/PNML/2D8_gradient_20x20_150.pnml analyzed
pnml2lts-seq: Loading Petri net took 0.090 real 0.060 user 0.020 sys
pnml2lts-seq: Initializing regrouping layer
pnml2lts-seq: Regroup specification: sc,tg,vcm,mm
pnml2lts-seq: Regroup Select Combined matrix
pnml2lts-seq: Regroup Total graph
pnml2lts-seq: Regroup ViennaCL's Cuthill McKee
pnml2lts-seq: bandwidth: 1254
pnml2lts-seq: profile: 6413692
pnml2lts-seq: span: 8803859
pnml2lts-seq: average wavefront: 596.41035
pnml2lts-seq: RMS wavefront: 653.96424
pnml2lts-seq: Regroup Matrix Metrics
pnml2lts-seq: Regrouping: 2964->2964 groups
pnml2lts-seq: Regrouping took 4.230 real 4.180 user 0.040 sys
pnml2lts-seq: max token count: 150
Event Span: 109540
Normalized Event Span: 0.09239204
Weighted Event Span, moment 1 (WES^1): 114742.5
Normalized Weighted Event Span, moment 1: 0.09678008
Exit [0]
4.25 user, 0.07 system, 4.40 elapsed -- Max VSize = 62164KB, Max RSS = 23868KB
