statistics run
pnml2lts-seq spec/PNML/5-100_phaseVariation.pnml -rsc,tg,vgps,mm --regroup-exit --graph-metrics
ctit041
pnml2lts-seq: Loading model from spec/PNML/5-100_phaseVariation.pnml
pnml2lts-seq: Petri net has 77 places, 677 transitions and 4685 arcs
pnml2lts-seq: There are 0 safe places
pnml2lts-seq: Petri net spec/PNML/5-100_phaseVariation.pnml analyzed
pnml2lts-seq: Loading Petri net took 0.040 real 0.020 user 0.000 sys
pnml2lts-seq: Initializing regrouping layer
pnml2lts-seq: Regroup specification: sc,tg,vgps,mm
pnml2lts-seq: Regroup Select Combined matrix
pnml2lts-seq: Regroup Total graph
pnml2lts-seq: Regroup ViennaCL's Gibbs Poole Stockmeyer
pnml2lts-seq: bandwidth: 2179
pnml2lts-seq: profile: 4149400
pnml2lts-seq: span: 6515116
pnml2lts-seq: average wavefront: 640.29124
pnml2lts-seq: RMS wavefront: 730.40062
pnml2lts-seq: Regroup Matrix Metrics
pnml2lts-seq: Regrouping: 677->677 groups
pnml2lts-seq: Regrouping took 1.220 real 1.230 user 0.000 sys
pnml2lts-seq: max token count: 5
Event Span: 28583
Normalized Event Span: 0.54831
Weighted Event Span, moment 1 (WES^1): 46455
Normalized Weighted Event Span, moment 1: 0.89116
Exit [0]
1.26 user, 0.01 system, 1.30 elapsed -- Max VSize = 52680KB, Max RSS = 14252KB
