statistics run
dve2lts-seq spec/DVE/cambridge.3.dve -rsc,tg,bk,mm --regroup-exit --graph-metrics
ctit015
dve2lts-seq: Precompiled divine module initialized
dve2lts-seq: Loading model from spec/DVE/cambridge.3.dve
dve2lts-seq: Initializing regrouping layer
dve2lts-seq: Regroup specification: sc,tg,bk,mm
dve2lts-seq: Regroup Select Combined matrix
dve2lts-seq: Regroup Total graph
dve2lts-seq: Regroup Boost's King
dve2lts-seq: bandwidth: 190
dve2lts-seq: profile: 65061
dve2lts-seq: span: 83107
dve2lts-seq: average wavefront: 56.1856
dve2lts-seq: RMS wavefront: 63.8546
dve2lts-seq: Regroup Matrix Metrics
dve2lts-seq: Regrouping: 56->56 groups
dve2lts-seq: Regrouping took 0.010 real 0.010 user 0.000 sys
Event Span: 539
Normalized Event Span: 0.4813
Weighted Event Span, moment 1 (WES^1): 789.2
Normalized Weighted Event Span, moment 1: 0.7046
Exit [0]
0.88 user, 0.05 system, 1.00 elapsed -- Max VSize = 38240KB, Max RSS = 4752KB
