statistics run
prom2lts-seq spec/Promela/never.pml.spins -rsc,tg,bs,mm --regroup-exit --graph-metrics
ctit040
prom2lts-seq: Precompiled SpinS module initialized
prom2lts-seq: Loading model from spec/Promela/never.pml.spins
prom2lts-seq: Initializing regrouping layer
prom2lts-seq: Regroup specification: sc,tg,bs,mm
prom2lts-seq: Regroup Select Combined matrix
prom2lts-seq: Regroup Total graph
prom2lts-seq: Regroup Boost's Sloan
prom2lts-seq: bandwidth: 24
prom2lts-seq: profile: 674
prom2lts-seq: span: 875
prom2lts-seq: average wavefront: 8.548
prom2lts-seq: RMS wavefront: 9.205
prom2lts-seq: Regroup Matrix Metrics
prom2lts-seq: Regrouping: 10->10 groups
prom2lts-seq: Regrouping took 0.000 real 0.000 user 0.000 sys
Event Span: 28
Normalized Event Span: 0.7
Weighted Event Span, moment 1 (WES^1): 56
Normalized Weighted Event Span, moment 1: 1.4
Exit [0]
0.00 user, 0.01 system, 0.10 elapsed -- Max VSize = 4196KB, Max RSS = 88KB
