statistics run
pnml2lts-seq spec/PNML/rwmutex-r500w10.pnml -rsc,tg,bk,mm --regroup-exit --graph-metrics
ctit026
pnml2lts-seq: Loading model from spec/PNML/rwmutex-r500w10.pnml
pnml2lts-seq: Petri net has 1520 places, 1020 transitions and 13040 arcs
pnml2lts-seq: There are 0 safe places
pnml2lts-seq: Petri net spec/PNML/rwmutex-r500w10.pnml analyzed
pnml2lts-seq: Loading Petri net took 0.140 real 0.100 user 0.030 sys
pnml2lts-seq: Initializing regrouping layer
pnml2lts-seq: Regroup specification: sc,tg,bk,mm
pnml2lts-seq: Regroup Select Combined matrix
pnml2lts-seq: Regroup Total graph
pnml2lts-seq: Regroup Boost's King
pnml2lts-seq: bandwidth: 12011
pnml2lts-seq: profile: 108637682
pnml2lts-seq: span: 128238035
pnml2lts-seq: average wavefront: 2737.88575
pnml2lts-seq: RMS wavefront: 3175.48762
pnml2lts-seq: Regroup Matrix Metrics
pnml2lts-seq: Regrouping: 1020->1020 groups
pnml2lts-seq: Regrouping took 15.550 real 15.490 user 0.020 sys
pnml2lts-seq: max token count: 1
Event Span: 777688
Normalized Event Span: 0.5016047
Weighted Event Span, moment 1 (WES^1): 1093430
Normalized Weighted Event Span, moment 1: 0.7052566
Exit [0]
15.60 user, 0.06 system, 15.72 elapsed -- Max VSize = 70388KB, Max RSS = 32080KB
