statistics run
lps2lts-seq --mcrl2-rewriter=jitty spec/mCRL2/native-swp_2_2_1.mcrl2.suminst.lps -rsc,tg,vcm,mm --regroup-exit --graph-metrics
ctit012
lps2lts-seq: mCRL2 language module initialized
lps2lts-seq: Loading model from spec/mCRL2/native-swp_2_2_1.mcrl2.suminst.lps
lps2lts-seq: mCRL2 rewriter: jitty
lps2lts-seq: Initializing regrouping layer
lps2lts-seq: Regroup specification: sc,tg,vcm,mm
lps2lts-seq: Regroup Select Combined matrix
lps2lts-seq: Regroup Total graph
lps2lts-seq: Regroup ViennaCL's Cuthill McKee
lps2lts-seq: bandwidth: 38
lps2lts-seq: profile: 2196
lps2lts-seq: span: 3100
lps2lts-seq: average wavefront: 20.28
lps2lts-seq: RMS wavefront: 22.36
lps2lts-seq: Regroup Matrix Metrics
lps2lts-seq: Regrouping: 15->15 groups
lps2lts-seq: Regrouping took 0.000 real 0.010 user 0.000 sys
Event Span: 83
Normalized Event Span: 0.461
Weighted Event Span, moment 1 (WES^1): 113
Normalized Weighted Event Span, moment 1: 0.626
Exit [0]
0.04 user, 0.00 system, 0.10 elapsed -- Max VSize = 4196KB, Max RSS = 88KB
