statistics run
prom2lts-seq spec/Promela/dbm.prm.spins -rsc,tg,bcm,mm --regroup-exit --graph-metrics
ctit002
prom2lts-seq: Precompiled SpinS module initialized
prom2lts-seq: Loading model from spec/Promela/dbm.prm.spins
prom2lts-seq: Initializing regrouping layer
prom2lts-seq: Regroup specification: sc,tg,bcm,mm
prom2lts-seq: Regroup Select Combined matrix
prom2lts-seq: Regroup Total graph
prom2lts-seq: Regroup Boost's Cuthill McKee
prom2lts-seq: bandwidth: 255
prom2lts-seq: profile: 74974
prom2lts-seq: span: 94198
prom2lts-seq: average wavefront: 63.415
prom2lts-seq: RMS wavefront: 70.0281
prom2lts-seq: Regroup Matrix Metrics
prom2lts-seq: Regrouping: 34->34 groups
prom2lts-seq: Regrouping took 0.010 real 0.000 user 0.000 sys
Event Span: 977
Normalized Event Span: 0.6114
Weighted Event Span, moment 1 (WES^1): 1593
Normalized Weighted Event Span, moment 1: 0.9967
Exit [0]
0.01 user, 0.01 system, 0.10 elapsed -- Max VSize = 4196KB, Max RSS = 88KB
