statistics run
lps2lts-seq --mcrl2-rewriter=jitty spec/mCRL2/abp_bw.mcrl2.suminst.lps -rsc,tg,vcm,mm --regroup-exit --graph-metrics
ctit036
lps2lts-seq: mCRL2 language module initialized
lps2lts-seq: Loading model from spec/mCRL2/abp_bw.mcrl2.suminst.lps
lps2lts-seq: mCRL2 rewriter: jitty
lps2lts-seq: Initializing regrouping layer
lps2lts-seq: Regroup specification: sc,tg,vcm,mm
lps2lts-seq: Regroup Select Combined matrix
lps2lts-seq: Regroup Total graph
lps2lts-seq: Regroup ViennaCL's Cuthill McKee
lps2lts-seq: bandwidth: 80
lps2lts-seq: profile: 6637
lps2lts-seq: span: 8749
lps2lts-seq: average wavefront: 35.463
lps2lts-seq: RMS wavefront: 40.666
lps2lts-seq: Regroup Matrix Metrics
lps2lts-seq: Regrouping: 33->33 groups
lps2lts-seq: Regrouping took 0.000 real 0.000 user 0.010 sys
Event Span: 140
Normalized Event Span: 0.471
Weighted Event Span, moment 1 (WES^1): 213
Normalized Weighted Event Span, moment 1: 0.718
Exit [0]
0.00 user, 0.02 system, 0.10 elapsed -- Max VSize = 4196KB, Max RSS = 88KB
