statistics run
pnml2lts-seq spec/PNML/PolyORB-NT-S10-J20-unfolded.pnml -rsc,bg,vacm,mm --regroup-exit --graph-metrics
ctit020
pnml2lts-seq: Loading model from spec/PNML/PolyORB-NT-S10-J20-unfolded.pnml
pnml2lts-seq: Petri net has 474 places, 11760 transitions and 111119 arcs
pnml2lts-seq: There are 0 safe places
pnml2lts-seq: Petri net spec/PNML/PolyORB-NT-S10-J20-unfolded.pnml analyzed
pnml2lts-seq: Loading Petri net took 1.570 real 1.440 user 0.120 sys
pnml2lts-seq: Initializing regrouping layer
pnml2lts-seq: Regroup specification: sc,bg,vacm,mm
pnml2lts-seq: Regroup Select Combined matrix
pnml2lts-seq: Regroup Bipartite Graph
pnml2lts-seq: Regroup ViennaCL's Advanced Cuthill McKee
pnml2lts-seq: bandwidth: 11126
pnml2lts-seq: profile: 93481218
pnml2lts-seq: span: 124677640
pnml2lts-seq: average wavefront: 5098.28494
pnml2lts-seq: RMS wavefront: 6144.78693
pnml2lts-seq: Regroup Matrix Metrics
pnml2lts-seq: Regrouping: 11760->11760 groups
pnml2lts-seq: Regrouping took 66.080 real 65.790 user 0.130 sys
pnml2lts-seq: max token count: 10
Event Span: 411081
Normalized Event Span: 0.07374656
Weighted Event Span, moment 1 (WES^1): 783207.5
Normalized Weighted Event Span, moment 1: 0.1405048
Exit [0]
67.23 user, 0.29 system, 67.78 elapsed -- Max VSize = 284896KB, Max RSS = 246776KB
