statistics run
lps2lts-seq --mcrl2-rewriter=jitty spec/mCRL2/knights.mcrl2.suminst.lps -rsc,bg,vgps,mm --regroup-exit --graph-metrics
ctit022
lps2lts-seq: mCRL2 language module initialized
lps2lts-seq: Loading model from spec/mCRL2/knights.mcrl2.suminst.lps
lps2lts-seq: mCRL2 rewriter: jitty
lps2lts-seq: Initializing regrouping layer
lps2lts-seq: Regroup specification: sc,bg,vgps,mm
lps2lts-seq: Regroup Select Combined matrix
lps2lts-seq: Regroup Bipartite Graph
lps2lts-seq: Regroup ViennaCL's Gibbs Poole Stockmeyer
lps2lts-seq: bandwidth: 166
lps2lts-seq: profile: 28216
lps2lts-seq: span: 1320
lps2lts-seq: average wavefront: 43.8671
lps2lts-seq: RMS wavefront: 68.8256
lps2lts-seq: Regroup Matrix Metrics
lps2lts-seq: Regrouping: 329->329 groups
lps2lts-seq: Regrouping took 0.020 real 0.020 user 0.000 sys
Event Span: 658
Normalized Event Span: 1
Weighted Event Span, moment 1 (WES^1): 1.32e+03
Normalized Weighted Event Span, moment 1: 2
Exit [0]
0.06 user, 0.01 system, 0.10 elapsed -- Max VSize = 4196KB, Max RSS = 84KB
