statistics run
dve2lts-seq spec/DVE/exit.1.dve -rsc,tg,bcm,mm --regroup-exit --graph-metrics
ctit019
dve2lts-seq: Precompiled divine module initialized
dve2lts-seq: Loading model from spec/DVE/exit.1.dve
dve2lts-seq: Initializing regrouping layer
dve2lts-seq: Regroup specification: sc,tg,bcm,mm
dve2lts-seq: Regroup Select Combined matrix
dve2lts-seq: Regroup Total graph
dve2lts-seq: Regroup Boost's Cuthill McKee
dve2lts-seq: bandwidth: 144
dve2lts-seq: profile: 26546
dve2lts-seq: span: 33336
dve2lts-seq: average wavefront: 58.848
dve2lts-seq: RMS wavefront: 65.666
dve2lts-seq: Regroup Matrix Metrics
dve2lts-seq: Regrouping: 45->45 groups
dve2lts-seq: Regrouping took 0.010 real 0.000 user 0.000 sys
Event Span: 440
Normalized Event Span: 0.3761
Weighted Event Span, moment 1 (WES^1): 546.4
Normalized Weighted Event Span, moment 1: 0.467
Exit [0]
0.85 user, 0.05 system, 0.90 elapsed -- Max VSize = 38240KB, Max RSS = 4744KB
