statistics run
pnml2lts-seq spec/PNML/echo-d5r3.pnml -rsc,tg,bk,mm --regroup-exit --graph-metrics
ctit031
pnml2lts-seq: Loading model from spec/PNML/echo-d5r3.pnml
pnml2lts-seq: Petri net has 3717 places, 3222 transitions and 28404 arcs
pnml2lts-seq: There are 0 safe places
pnml2lts-seq: Petri net spec/PNML/echo-d5r3.pnml analyzed
pnml2lts-seq: Loading Petri net took 0.590 real 0.500 user 0.040 sys
pnml2lts-seq: Initializing regrouping layer
pnml2lts-seq: Regroup specification: sc,tg,bk,mm
pnml2lts-seq: Regroup Select Combined matrix
pnml2lts-seq: Regroup Total graph
pnml2lts-seq: Regroup Boost's King
pnml2lts-seq: bandwidth: 4732
pnml2lts-seq: profile: 111327382
pnml2lts-seq: span: 151115597
pnml2lts-seq: average wavefront: 1270.922814
pnml2lts-seq: RMS wavefront: 1366.446801
pnml2lts-seq: Regroup Matrix Metrics
pnml2lts-seq: Regrouping: 3222->3222 groups
pnml2lts-seq: Regrouping took 160.710 real 160.010 user 0.080 sys
pnml2lts-seq: max token count: 1
Event Span: 2085112
Normalized Event Span: 0.17410502
Weighted Event Span, moment 1 (WES^1): 2377181.2
Normalized Weighted Event Span, moment 1: 0.19849254
Exit [0]
160.51 user, 0.14 system, 161.41 elapsed -- Max VSize = 116576KB, Max RSS = 78304KB
