statistics run
dve2lts-seq spec/DVE/synapse.1.dve -rsc,bg,vgps,mm --regroup-exit --graph-metrics
ctit011
dve2lts-seq: Precompiled divine module initialized
dve2lts-seq: Loading model from spec/DVE/synapse.1.dve
dve2lts-seq: Initializing regrouping layer
dve2lts-seq: Regroup specification: sc,bg,vgps,mm
dve2lts-seq: Regroup Select Combined matrix
dve2lts-seq: Regroup Bipartite Graph
dve2lts-seq: Regroup ViennaCL's Gibbs Poole Stockmeyer
dve2lts-seq: bandwidth: 66
dve2lts-seq: profile: 7604
dve2lts-seq: span: 10470
dve2lts-seq: average wavefront: 36.301
dve2lts-seq: RMS wavefront: 40.85
dve2lts-seq: Regroup Matrix Metrics
dve2lts-seq: Regrouping: 131->131 groups
dve2lts-seq: Regrouping took 0.010 real 0.000 user 0.000 sys
Event Span: 1434
Normalized Event Span: 0.4976
Weighted Event Span, moment 1 (WES^1): 2331
Normalized Weighted Event Span, moment 1: 0.8089
Exit [0]
2.59 user, 0.11 system, 2.81 elapsed -- Max VSize = 38640KB, Max RSS = 5452KB
