statistics run
pnml2lts-seq spec/PNML/database10UNFOLD.pnml -rsc,tg,vcm,mm --regroup-exit --graph-metrics
ctit029
pnml2lts-seq: Loading model from spec/PNML/database10UNFOLD.pnml
pnml2lts-seq: Petri net has 830 places, 800 transitions and 3800 arcs
pnml2lts-seq: There are 0 safe places
pnml2lts-seq: Petri net spec/PNML/database10UNFOLD.pnml analyzed
pnml2lts-seq: Loading Petri net took 0.090 real 0.060 user 0.020 sys
pnml2lts-seq: Initializing regrouping layer
pnml2lts-seq: Regroup specification: sc,tg,vcm,mm
pnml2lts-seq: Regroup Select Combined matrix
pnml2lts-seq: Regroup Total graph
pnml2lts-seq: Regroup ViennaCL's Cuthill McKee
pnml2lts-seq: bandwidth: 1722
pnml2lts-seq: profile: 6291704
pnml2lts-seq: span: 8618826
pnml2lts-seq: average wavefront: 986.06888
pnml2lts-seq: RMS wavefront: 1075.9475
pnml2lts-seq: Regroup Matrix Metrics
pnml2lts-seq: Regrouping: 800->800 groups
pnml2lts-seq: Regrouping took 1.420 real 1.410 user 0.000 sys
pnml2lts-seq: max token count: 1
Event Span: 226958
Normalized Event Span: 0.341804
Weighted Event Span, moment 1 (WES^1): 327525
Normalized Weighted Event Span, moment 1: 0.49326
Exit [0]
1.48 user, 0.02 system, 1.60 elapsed -- Max VSize = 56492KB, Max RSS = 18024KB
