statistics run
dve2lts-seq spec/DVE/lann.4.dve -rsc,tg,vacm,mm --regroup-exit --graph-metrics
ctit006
dve2lts-seq: Precompiled divine module initialized
dve2lts-seq: Loading model from spec/DVE/lann.4.dve
dve2lts-seq: Initializing regrouping layer
dve2lts-seq: Regroup specification: sc,tg,vacm,mm
dve2lts-seq: Regroup Select Combined matrix
dve2lts-seq: Regroup Total graph
dve2lts-seq: Regroup ViennaCL's Advanced Cuthill McKee
dve2lts-seq: bandwidth: 48
dve2lts-seq: profile: 7657
dve2lts-seq: span: 10746
dve2lts-seq: average wavefront: 27.085
dve2lts-seq: RMS wavefront: 28.534
dve2lts-seq: Regroup Matrix Metrics
dve2lts-seq: Regrouping: 45->45 groups
dve2lts-seq: Regrouping took 0.010 real 0.000 user 0.000 sys
Event Span: 288
Normalized Event Span: 0.2133
Weighted Event Span, moment 1 (WES^1): 374.1
Normalized Weighted Event Span, moment 1: 0.2771
Exit [0]
0.81 user, 0.07 system, 0.90 elapsed -- Max VSize = 38240KB, Max RSS = 4744KB
