statistics run
prob2lts-seq --zocket-prefix=/tmp/ltsmin-588- --no-close spec/B/nota_1_override.mch -rsc,tg,bcm,mm --regroup-exit --graph-metrics
ctit001
prob2lts-seq: ProB module initialized
prob2lts-seq: Loading model from /tmp/ltsmin-596.probz
prob2lts-seq: ProB init
prob2lts-seq: connecting to zocket ipc:///tmp/ltsmin-596.probz
% set_pref(DEFAULT_SETSIZE,globalsets_fdrange,1)
% set_pref(MAX_OPERATIONS,maxNrOfEnablingsPerOperation,30)

Starting LTSMin Server...
pl_init_for_lts_min
prob2lts-seq: Initializing regrouping layer
prob2lts-seq: Regroup specification: sc,tg,bcm,mm
prob2lts-seq: Regroup Select Combined matrix
prob2lts-seq: Regroup Total graph
prob2lts-seq: Regroup Boost's Cuthill McKee
prob2lts-seq: bandwidth: 53
prob2lts-seq: profile: 4282
prob2lts-seq: span: 5730
prob2lts-seq: average wavefront: 27.46
prob2lts-seq: RMS wavefront: 31.17
prob2lts-seq: Regroup Matrix Metrics
prob2lts-seq: Regrouping: 12->12 groups
prob2lts-seq: Regrouping took 0.000 real 0.000 user 0.000 sys
Event Span: 165
Normalized Event Span: 0.809
Weighted Event Span, moment 1 (WES^1): 310
Normalized Weighted Event Span, moment 1: 1.52
Exit [0]
0.00 user, 0.01 system, 0.10 elapsed -- Max VSize = 4196KB, Max RSS = 84KB
command-596: line 10: 28761 Killed                  probcli spec/B/nota_1_override.mch -ltsmin2 /tmp/ltsmin-596.probz
