statistics run
dve2lts-seq spec/DVE/lann.5.dve -rsc,bg,bk,mm --regroup-exit --graph-metrics
ctit011
dve2lts-seq: Precompiled divine module initialized
dve2lts-seq: Loading model from spec/DVE/lann.5.dve
dve2lts-seq: Initializing regrouping layer
dve2lts-seq: Regroup specification: sc,bg,bk,mm
dve2lts-seq: Regroup Select Combined matrix
dve2lts-seq: Regroup Bipartite Graph
dve2lts-seq: Regroup Boost's King
dve2lts-seq: bandwidth: 15
dve2lts-seq: profile: 952
dve2lts-seq: span: 1150
dve2lts-seq: average wavefront: 6.944
dve2lts-seq: RMS wavefront: 7.317
dve2lts-seq: Regroup Matrix Metrics
dve2lts-seq: Regrouping: 54->54 groups
dve2lts-seq: Regrouping took 0.000 real 0.000 user 0.000 sys
Event Span: 311
Normalized Event Span: 0.16
Weighted Event Span, moment 1 (WES^1): 365.4
Normalized Weighted Event Span, moment 1: 0.188
Exit [0]
0.80 user, 0.07 system, 0.90 elapsed -- Max VSize = 38240KB, Max RSS = 4748KB
