statistics run
dve2lts-seq spec/DVE/cambridge.6.dve -rsc,tg,vgps,mm --regroup-exit --graph-metrics
ctit028
dve2lts-seq: Precompiled divine module initialized
dve2lts-seq: Loading model from spec/DVE/cambridge.6.dve
dve2lts-seq: Initializing regrouping layer
dve2lts-seq: Regroup specification: sc,tg,vgps,mm
dve2lts-seq: Regroup Select Combined matrix
dve2lts-seq: Regroup Total graph
dve2lts-seq: Regroup ViennaCL's Gibbs Poole Stockmeyer
dve2lts-seq: bandwidth: 751
dve2lts-seq: profile: 314877
dve2lts-seq: span: 345821
dve2lts-seq: average wavefront: 69.7155
dve2lts-seq: RMS wavefront: 74.1623
dve2lts-seq: Regroup Matrix Metrics
dve2lts-seq: Regrouping: 56->56 groups
dve2lts-seq: Regrouping took 0.040 real 0.030 user 0.000 sys
Event Span: 1226
Normalized Event Span: 0.5213
Weighted Event Span, moment 1 (WES^1): 2084
Normalized Weighted Event Span, moment 1: 0.8859
Exit [0]
1.40 user, 0.06 system, 1.50 elapsed -- Max VSize = 38240KB, Max RSS = 4744KB
