statistics run
dve2lts-seq spec/DVE/production_cell.3.dve -rsc,tg,vacm,mm --regroup-exit --graph-metrics
ctit012
dve2lts-seq: Precompiled divine module initialized
dve2lts-seq: Loading model from spec/DVE/production_cell.3.dve
dve2lts-seq: Initializing regrouping layer
dve2lts-seq: Regroup specification: sc,tg,vacm,mm
dve2lts-seq: Regroup Select Combined matrix
dve2lts-seq: Regroup Total graph
dve2lts-seq: Regroup ViennaCL's Advanced Cuthill McKee
dve2lts-seq: bandwidth: 125
dve2lts-seq: profile: 14976
dve2lts-seq: span: 18908
dve2lts-seq: average wavefront: 58.991
dve2lts-seq: RMS wavefront: 68.077
dve2lts-seq: Regroup Matrix Metrics
dve2lts-seq: Regrouping: 46->46 groups
dve2lts-seq: Regrouping took 0.000 real 0.000 user 0.000 sys
Event Span: 376
Normalized Event Span: 0.3715
Weighted Event Span, moment 1 (WES^1): 569.2
Normalized Weighted Event Span, moment 1: 0.5624
Exit [0]
0.83 user, 0.07 system, 1.00 elapsed -- Max VSize = 38240KB, Max RSS = 4744KB
