statistics run
pnml2lts-seq spec/PNML/neoelection-4.unf.pnml -rsc,bg,bk,mm --regroup-exit --graph-metrics
ctit027
pnml2lts-seq: Loading model from spec/PNML/neoelection-4.unf.pnml
pnml2lts-seq: Petri net has 1830 places, 2340 transitions and 13565 arcs
pnml2lts-seq: There are 0 safe places
pnml2lts-seq: Petri net spec/PNML/neoelection-4.unf.pnml analyzed
pnml2lts-seq: Loading Petri net took 0.210 real 0.180 user 0.020 sys
pnml2lts-seq: Initializing regrouping layer
pnml2lts-seq: Regroup specification: sc,bg,bk,mm
pnml2lts-seq: Regroup Select Combined matrix
pnml2lts-seq: Regroup Bipartite Graph
pnml2lts-seq: Regroup Boost's King
pnml2lts-seq: bandwidth: 1531
pnml2lts-seq: profile: 2646822
pnml2lts-seq: span: 3454732
pnml2lts-seq: average wavefront: 412.30863
pnml2lts-seq: RMS wavefront: 612.45956
pnml2lts-seq: Regroup Matrix Metrics
pnml2lts-seq: Regrouping: 2340->2340 groups
pnml2lts-seq: Regrouping took 0.590 real 0.590 user 0.000 sys
pnml2lts-seq: max token count: 1
Event Span: 492058
Normalized Event Span: 0.1149078
Weighted Event Span, moment 1 (WES^1): 224310.7
Normalized Weighted Event Span, moment 1: 0.05238213
Exit [0]
0.77 user, 0.03 system, 0.90 elapsed -- Max VSize = 73744KB, Max RSS = 35276KB
