statistics run
pnml2lts-seq spec/PNML/TokenRing-10-unfolded.pnml -rsc,bg,vgps,mm --regroup-exit --graph-metrics
ctit031
pnml2lts-seq: Loading model from spec/PNML/TokenRing-10-unfolded.pnml
pnml2lts-seq: Petri net has 121 places, 1111 transitions and 4444 arcs
pnml2lts-seq: There are 0 safe places
pnml2lts-seq: Petri net spec/PNML/TokenRing-10-unfolded.pnml analyzed
pnml2lts-seq: Loading Petri net took 0.120 real 0.070 user 0.010 sys
pnml2lts-seq: Initializing regrouping layer
pnml2lts-seq: Regroup specification: sc,bg,vgps,mm
pnml2lts-seq: Regroup Select Combined matrix
pnml2lts-seq: Regroup Bipartite Graph
pnml2lts-seq: Regroup ViennaCL's Gibbs Poole Stockmeyer
pnml2lts-seq: bandwidth: 221
pnml2lts-seq: profile: 195930
pnml2lts-seq: span: 266150
pnml2lts-seq: average wavefront: 110.888
pnml2lts-seq: RMS wavefront: 128.6195
pnml2lts-seq: Regroup Matrix Metrics
pnml2lts-seq: Regrouping: 1111->1111 groups
pnml2lts-seq: Regrouping took 0.080 real 0.070 user 0.000 sys
pnml2lts-seq: max token count: 1
Event Span: 25293
Normalized Event Span: 0.188149
Weighted Event Span, moment 1 (WES^1): 30810
Normalized Weighted Event Span, moment 1: 0.229188
Exit [0]
0.15 user, 0.03 system, 0.32 elapsed -- Max VSize = 55452KB, Max RSS = 17000KB
