statistics run
dve2lts-seq spec/DVE/lamport_nonatomic.1.dve -rsc,tg,bcm,mm --regroup-exit --graph-metrics
ctit007
dve2lts-seq: Precompiled divine module initialized
dve2lts-seq: Loading model from spec/DVE/lamport_nonatomic.1.dve
dve2lts-seq: Initializing regrouping layer
dve2lts-seq: Regroup specification: sc,tg,bcm,mm
dve2lts-seq: Regroup Select Combined matrix
dve2lts-seq: Regroup Total graph
dve2lts-seq: Regroup Boost's Cuthill McKee
dve2lts-seq: bandwidth: 403
dve2lts-seq: profile: 179939
dve2lts-seq: span: 236726
dve2lts-seq: average wavefront: 106.462
dve2lts-seq: RMS wavefront: 112.821
dve2lts-seq: Regroup Matrix Metrics
dve2lts-seq: Regrouping: 147->147 groups
dve2lts-seq: Regrouping took 0.020 real 0.020 user 0.000 sys
Event Span: 1084
Normalized Event Span: 0.4097
Weighted Event Span, moment 1 (WES^1): 1546
Normalized Weighted Event Span, moment 1: 0.5844
Exit [0]
2.14 user, 0.10 system, 2.30 elapsed -- Max VSize = 38240KB, Max RSS = 4676KB
