statistics run
pnml2lts-seq spec/PNML/PolyORB-LF-S06-J04-T08-unfolded.pnml -rsc,f,mm --regroup-exit
ctit014
pnml2lts-seq: Loading model from spec/PNML/PolyORB-LF-S06-J04-T08-unfolded.pnml
pnml2lts-seq: Petri net has 810 places, 14014 transitions and 118428 arcs
pnml2lts-seq: There are 0 safe places
pnml2lts-seq: Petri net spec/PNML/PolyORB-LF-S06-J04-T08-unfolded.pnml analyzed
pnml2lts-seq: Loading Petri net took 1.440 real 1.270 user 0.160 sys
pnml2lts-seq: Initializing regrouping layer
pnml2lts-seq: Regroup specification: sc,f,mm
pnml2lts-seq: Regroup Select Combined matrix
pnml2lts-seq: Regroup FORCE
pnml2lts-seq: Regroup Matrix Metrics
pnml2lts-seq: Regrouping: 14014->14014 groups
pnml2lts-seq: Regrouping took 4.360 real 4.340 user 0.010 sys
pnml2lts-seq: max token count: 10
Event Span: 509391
Normalized Event Span: 0.044874966
Weighted Event Span, moment 1 (WES^1): 880801.96
Normalized Weighted Event Span, moment 1: 0.077594536
Exit [0]
5.62 user, 0.20 system, 5.91 elapsed -- Max VSize = 318332KB, Max RSS = 280144KB
