statistics run
dve2lts-seq spec/DVE/bopdp.2.dve -rsc,tg,bk,mm --regroup-exit --graph-metrics
ctit038
dve2lts-seq: Precompiled divine module initialized
dve2lts-seq: Loading model from spec/DVE/bopdp.2.dve
dve2lts-seq: Initializing regrouping layer
dve2lts-seq: Regroup specification: sc,tg,bk,mm
dve2lts-seq: Regroup Select Combined matrix
dve2lts-seq: Regroup Total graph
dve2lts-seq: Regroup Boost's King
dve2lts-seq: bandwidth: 153
dve2lts-seq: profile: 37644
dve2lts-seq: span: 50855
dve2lts-seq: average wavefront: 57.4726
dve2lts-seq: RMS wavefront: 65.6769
dve2lts-seq: Regroup Matrix Metrics
dve2lts-seq: Regrouping: 79->79 groups
dve2lts-seq: Regrouping took 0.010 real 0.000 user 0.000 sys
Event Span: 637
Normalized Event Span: 0.336
Weighted Event Span, moment 1 (WES^1): 861.5
Normalized Weighted Event Span, moment 1: 0.4544
Exit [0]
1.19 user, 0.08 system, 1.30 elapsed -- Max VSize = 38240KB, Max RSS = 4748KB
