statistics run
pnml2lts-seq spec/PNML/Philosophers-1000.pnml -rsc,bg,vcm,mm --regroup-exit --graph-metrics
ctit038
pnml2lts-seq: Loading model from spec/PNML/Philosophers-1000.pnml
pnml2lts-seq: Petri net has 5000 places, 5000 transitions and 16000 arcs
pnml2lts-seq: There are 0 safe places
pnml2lts-seq: Petri net spec/PNML/Philosophers-1000.pnml analyzed
pnml2lts-seq: Loading Petri net took 0.830 real 0.760 user 0.050 sys
pnml2lts-seq: Initializing regrouping layer
pnml2lts-seq: Regroup specification: sc,bg,vcm,mm
pnml2lts-seq: Regroup Select Combined matrix
pnml2lts-seq: Regroup Bipartite Graph
pnml2lts-seq: Regroup ViennaCL's Cuthill McKee
pnml2lts-seq: bandwidth: 11
pnml2lts-seq: profile: 107952
pnml2lts-seq: span: 164864
pnml2lts-seq: average wavefront: 10.2923
pnml2lts-seq: RMS wavefront: 10.324113
pnml2lts-seq: Regroup Matrix Metrics
pnml2lts-seq: Regrouping: 5000->5000 groups
pnml2lts-seq: Regrouping took 4.170 real 4.070 user 0.060 sys
pnml2lts-seq: max token count: 1
Event Span: 37979
Normalized Event Span: 0.00151916
Weighted Event Span, moment 1 (WES^1): 38050.73
Normalized Weighted Event Span, moment 1: 0.0015220292
Exit [0]
4.83 user, 0.14 system, 5.11 elapsed -- Max VSize = 186168KB, Max RSS = 147728KB
